# ali-to-post "ark:gunzip -c exp/tri4b/ali.2.gz|" ark:- | gmm-acc-stats-twofeats exp/tri4b/35.mdl "ark,s,cs:apply-cmvn  --utt2spk=ark:data/train/split4/2/utt2spk scp:data/train/split4/2/cmvn.scp scp:data/train/split4/2/feats.scp ark:- | splice-feats --left-context=3 --right-context=3 ark:- ark:- | transform-feats exp/tri3b/final.mat ark:- ark:- | transform-feats --utt2spk=ark:data/train/split4/2/utt2spk ark:exp/tri4b/trans.2 ark:- ark:- |" "ark,s,cs:apply-cmvn  --utt2spk=ark:data/train/split4/2/utt2spk scp:data/train/split4/2/cmvn.scp scp:data/train/split4/2/feats.scp ark:- | splice-feats --left-context=3 --right-context=3 ark:- ark:- | transform-feats exp/tri3b/final.mat ark:- ark:- |" ark,s,cs:- exp/tri4b/35.2.acc 
# Started at Thu Nov  9 13:57:12 NZDT 2017
#
ali-to-post 'ark:gunzip -c exp/tri4b/ali.2.gz|' ark:- 
gmm-acc-stats-twofeats exp/tri4b/35.mdl 'ark,s,cs:apply-cmvn  --utt2spk=ark:data/train/split4/2/utt2spk scp:data/train/split4/2/cmvn.scp scp:data/train/split4/2/feats.scp ark:- | splice-feats --left-context=3 --right-context=3 ark:- ark:- | transform-feats exp/tri3b/final.mat ark:- ark:- | transform-feats --utt2spk=ark:data/train/split4/2/utt2spk ark:exp/tri4b/trans.2 ark:- ark:- |' 'ark,s,cs:apply-cmvn  --utt2spk=ark:data/train/split4/2/utt2spk scp:data/train/split4/2/cmvn.scp scp:data/train/split4/2/feats.scp ark:- | splice-feats --left-context=3 --right-context=3 ark:- ark:- | transform-feats exp/tri3b/final.mat ark:- ark:- |' ark,s,cs:- exp/tri4b/35.2.acc 
transform-feats --utt2spk=ark:data/train/split4/2/utt2spk ark:exp/tri4b/trans.2 ark:- ark:- 
apply-cmvn --utt2spk=ark:data/train/split4/2/utt2spk scp:data/train/split4/2/cmvn.scp scp:data/train/split4/2/feats.scp ark:- 
transform-feats exp/tri3b/final.mat ark:- ark:- 
splice-feats --left-context=3 --right-context=3 ark:- ark:- 
transform-feats exp/tri3b/final.mat ark:- ark:- 
splice-feats --left-context=3 --right-context=3 ark:- ark:- 
apply-cmvn --utt2spk=ark:data/train/split4/2/utt2spk scp:data/train/split4/2/cmvn.scp scp:data/train/split4/2/feats.scp ark:- 
LOG (gmm-acc-stats-twofeats[5.2.132~9-82686]:main():gmm-acc-stats-twofeats.cc:140) Average like for this file is -52.822 over 38 frames.
LOG (gmm-acc-stats-twofeats[5.2.132~9-82686]:main():gmm-acc-stats-twofeats.cc:140) Average like for this file is -49.147 over 52 frames.
LOG (gmm-acc-stats-twofeats[5.2.132~9-82686]:main():gmm-acc-stats-twofeats.cc:140) Average like for this file is -50.9018 over 32 frames.
LOG (gmm-acc-stats-twofeats[5.2.132~9-82686]:main():gmm-acc-stats-twofeats.cc:140) Average like for this file is -50.6991 over 30 frames.
LOG (gmm-acc-stats-twofeats[5.2.132~9-82686]:main():gmm-acc-stats-twofeats.cc:140) Average like for this file is -46.8719 over 38 frames.
LOG (gmm-acc-stats-twofeats[5.2.132~9-82686]:main():gmm-acc-stats-twofeats.cc:140) Average like for this file is -49.3706 over 31 frames.
LOG (gmm-acc-stats-twofeats[5.2.132~9-82686]:main():gmm-acc-stats-twofeats.cc:140) Average like for this file is -41.3936 over 38 frames.
LOG (gmm-acc-stats-twofeats[5.2.132~9-82686]:main():gmm-acc-stats-twofeats.cc:140) Average like for this file is -46.4921 over 40 frames.
LOG (gmm-acc-stats-twofeats[5.2.132~9-82686]:main():gmm-acc-stats-twofeats.cc:140) Average like for this file is -52.1414 over 39 frames.
LOG (gmm-acc-stats-twofeats[5.2.132~9-82686]:main():gmm-acc-stats-twofeats.cc:140) Average like for this file is -44.0775 over 51 frames.
LOG (gmm-acc-stats-twofeats[5.2.132~9-82686]:main():gmm-acc-stats-twofeats.cc:146) Avg like per frame so far is -48.1708
LOG (gmm-acc-stats-twofeats[5.2.132~9-82686]:main():gmm-acc-stats-twofeats.cc:140) Average like for this file is -45.7799 over 43 frames.
LOG (gmm-acc-stats-twofeats[5.2.132~9-82686]:main():gmm-acc-stats-twofeats.cc:140) Average like for this file is -46.6356 over 42 frames.
LOG (gmm-acc-stats-twofeats[5.2.132~9-82686]:main():gmm-acc-stats-twofeats.cc:140) Average like for this file is -50.957 over 42 frames.
LOG (gmm-acc-stats-twofeats[5.2.132~9-82686]:main():gmm-acc-stats-twofeats.cc:140) Average like for this file is -47.6959 over 41 frames.
LOG (gmm-acc-stats-twofeats[5.2.132~9-82686]:main():gmm-acc-stats-twofeats.cc:140) Average like for this file is -48.9954 over 37 frames.
LOG (gmm-acc-stats-twofeats[5.2.132~9-82686]:main():gmm-acc-stats-twofeats.cc:140) Average like for this file is -46.4233 over 46 frames.
LOG (gmm-acc-stats-twofeats[5.2.132~9-82686]:main():gmm-acc-stats-twofeats.cc:140) Average like for this file is -53.0287 over 35 frames.
LOG (gmm-acc-stats-twofeats[5.2.132~9-82686]:main():gmm-acc-stats-twofeats.cc:140) Average like for this file is -49.031 over 63 frames.
LOG (gmm-acc-stats-twofeats[5.2.132~9-82686]:main():gmm-acc-stats-twofeats.cc:140) Average like for this file is -40.5418 over 64 frames.
LOG (gmm-acc-stats-twofeats[5.2.132~9-82686]:main():gmm-acc-stats-twofeats.cc:140) Average like for this file is -49.5134 over 71 frames.
LOG (gmm-acc-stats-twofeats[5.2.132~9-82686]:main():gmm-acc-stats-twofeats.cc:146) Avg like per frame so far is -47.8405
LOG (gmm-acc-stats-twofeats[5.2.132~9-82686]:main():gmm-acc-stats-twofeats.cc:140) Average like for this file is -54.2411 over 75 frames.
LOG (gmm-acc-stats-twofeats[5.2.132~9-82686]:main():gmm-acc-stats-twofeats.cc:140) Average like for this file is -49.9672 over 67 frames.
LOG (gmm-acc-stats-twofeats[5.2.132~9-82686]:main():gmm-acc-stats-twofeats.cc:140) Average like for this file is -36.6256 over 66 frames.
LOG (gmm-acc-stats-twofeats[5.2.132~9-82686]:main():gmm-acc-stats-twofeats.cc:140) Average like for this file is -44.7489 over 56 frames.
LOG (gmm-acc-stats-twofeats[5.2.132~9-82686]:main():gmm-acc-stats-twofeats.cc:140) Average like for this file is -47.9859 over 28 frames.
LOG (gmm-acc-stats-twofeats[5.2.132~9-82686]:main():gmm-acc-stats-twofeats.cc:140) Average like for this file is -41.9645 over 26 frames.
LOG (gmm-acc-stats-twofeats[5.2.132~9-82686]:main():gmm-acc-stats-twofeats.cc:140) Average like for this file is -55.4998 over 52 frames.
LOG (gmm-acc-stats-twofeats[5.2.132~9-82686]:main():gmm-acc-stats-twofeats.cc:140) Average like for this file is -50.5481 over 65 frames.
LOG (gmm-acc-stats-twofeats[5.2.132~9-82686]:main():gmm-acc-stats-twofeats.cc:140) Average like for this file is -54.4197 over 79 frames.
LOG (gmm-acc-stats-twofeats[5.2.132~9-82686]:main():gmm-acc-stats-twofeats.cc:140) Average like for this file is -39.6568 over 61 frames.
LOG (gmm-acc-stats-twofeats[5.2.132~9-82686]:main():gmm-acc-stats-twofeats.cc:146) Avg like per frame so far is -47.9478
LOG (gmm-acc-stats-twofeats[5.2.132~9-82686]:main():gmm-acc-stats-twofeats.cc:140) Average like for this file is -63.1942 over 29 frames.
LOG (gmm-acc-stats-twofeats[5.2.132~9-82686]:main():gmm-acc-stats-twofeats.cc:140) Average like for this file is -57.1594 over 32 frames.
LOG (gmm-acc-stats-twofeats[5.2.132~9-82686]:main():gmm-acc-stats-twofeats.cc:140) Average like for this file is -56.9906 over 54 frames.
LOG (gmm-acc-stats-twofeats[5.2.132~9-82686]:main():gmm-acc-stats-twofeats.cc:140) Average like for this file is -55.2046 over 59 frames.
LOG (gmm-acc-stats-twofeats[5.2.132~9-82686]:main():gmm-acc-stats-twofeats.cc:140) Average like for this file is -56.2498 over 33 frames.
LOG (gmm-acc-stats-twofeats[5.2.132~9-82686]:main():gmm-acc-stats-twofeats.cc:140) Average like for this file is -55.5434 over 34 frames.
LOG (gmm-acc-stats-twofeats[5.2.132~9-82686]:main():gmm-acc-stats-twofeats.cc:140) Average like for this file is -49.8859 over 36 frames.
LOG (gmm-acc-stats-twofeats[5.2.132~9-82686]:main():gmm-acc-stats-twofeats.cc:140) Average like for this file is -48.467 over 39 frames.
LOG (gmm-acc-stats-twofeats[5.2.132~9-82686]:main():gmm-acc-stats-twofeats.cc:140) Average like for this file is -43.9929 over 46 frames.
LOG (gmm-acc-stats-twofeats[5.2.132~9-82686]:main():gmm-acc-stats-twofeats.cc:140) Average like for this file is -47.7144 over 40 frames.
LOG (gmm-acc-stats-twofeats[5.2.132~9-82686]:main():gmm-acc-stats-twofeats.cc:146) Avg like per frame so far is -49.0745
LOG (gmm-acc-stats-twofeats[5.2.132~9-82686]:main():gmm-acc-stats-twofeats.cc:140) Average like for this file is -38.7133 over 41 frames.
LOG (gmm-acc-stats-twofeats[5.2.132~9-82686]:main():gmm-acc-stats-twofeats.cc:140) Average like for this file is -52.0145 over 33 frames.
LOG (gmm-acc-stats-twofeats[5.2.132~9-82686]:main():gmm-acc-stats-twofeats.cc:140) Average like for this file is -48.8203 over 47 frames.
LOG (gmm-acc-stats-twofeats[5.2.132~9-82686]:main():gmm-acc-stats-twofeats.cc:140) Average like for this file is -50.3168 over 33 frames.
LOG (gmm-acc-stats-twofeats[5.2.132~9-82686]:main():gmm-acc-stats-twofeats.cc:140) Average like for this file is -49.5978 over 50 frames.
LOG (gmm-acc-stats-twofeats[5.2.132~9-82686]:main():gmm-acc-stats-twofeats.cc:140) Average like for this file is -39.1257 over 62 frames.
LOG (gmm-acc-stats-twofeats[5.2.132~9-82686]:main():gmm-acc-stats-twofeats.cc:140) Average like for this file is -40.9049 over 60 frames.
LOG (gmm-acc-stats-twofeats[5.2.132~9-82686]:main():gmm-acc-stats-twofeats.cc:140) Average like for this file is -52.1771 over 42 frames.
LOG (gmm-acc-stats-twofeats[5.2.132~9-82686]:main():gmm-acc-stats-twofeats.cc:140) Average like for this file is -53.999 over 30 frames.
LOG (gmm-acc-stats-twofeats[5.2.132~9-82686]:main():gmm-acc-stats-twofeats.cc:140) Average like for this file is -53.7903 over 48 frames.
LOG (gmm-acc-stats-twofeats[5.2.132~9-82686]:main():gmm-acc-stats-twofeats.cc:146) Avg like per frame so far is -48.6933
LOG (gmm-acc-stats-twofeats[5.2.132~9-82686]:main():gmm-acc-stats-twofeats.cc:140) Average like for this file is -56.4072 over 35 frames.
LOG (gmm-acc-stats-twofeats[5.2.132~9-82686]:main():gmm-acc-stats-twofeats.cc:140) Average like for this file is -51.4706 over 53 frames.
LOG (gmm-acc-stats-twofeats[5.2.132~9-82686]:main():gmm-acc-stats-twofeats.cc:140) Average like for this file is -54.5482 over 36 frames.
LOG (gmm-acc-stats-twofeats[5.2.132~9-82686]:main():gmm-acc-stats-twofeats.cc:140) Average like for this file is -46.3965 over 72 frames.
LOG (gmm-acc-stats-twofeats[5.2.132~9-82686]:main():gmm-acc-stats-twofeats.cc:140) Average like for this file is -48.7576 over 28 frames.
LOG (gmm-acc-stats-twofeats[5.2.132~9-82686]:main():gmm-acc-stats-twofeats.cc:140) Average like for this file is -49.4464 over 35 frames.
LOG (gmm-acc-stats-twofeats[5.2.132~9-82686]:main():gmm-acc-stats-twofeats.cc:140) Average like for this file is -46.8127 over 30 frames.
LOG (gmm-acc-stats-twofeats[5.2.132~9-82686]:main():gmm-acc-stats-twofeats.cc:140) Average like for this file is -50.6163 over 54 frames.
LOG (gmm-acc-stats-twofeats[5.2.132~9-82686]:main():gmm-acc-stats-twofeats.cc:140) Average like for this file is -50.3167 over 76 frames.
LOG (gmm-acc-stats-twofeats[5.2.132~9-82686]:main():gmm-acc-stats-twofeats.cc:140) Average like for this file is -46.6795 over 62 frames.
LOG (gmm-acc-stats-twofeats[5.2.132~9-82686]:main():gmm-acc-stats-twofeats.cc:146) Avg like per frame so far is -48.8866
LOG (gmm-acc-stats-twofeats[5.2.132~9-82686]:main():gmm-acc-stats-twofeats.cc:140) Average like for this file is -51.1727 over 35 frames.
LOG (gmm-acc-stats-twofeats[5.2.132~9-82686]:main():gmm-acc-stats-twofeats.cc:140) Average like for this file is -45.4245 over 35 frames.
LOG (gmm-acc-stats-twofeats[5.2.132~9-82686]:main():gmm-acc-stats-twofeats.cc:140) Average like for this file is -46.6845 over 33 frames.
LOG (gmm-acc-stats-twofeats[5.2.132~9-82686]:main():gmm-acc-stats-twofeats.cc:140) Average like for this file is -47.8177 over 33 frames.
LOG (gmm-acc-stats-twofeats[5.2.132~9-82686]:main():gmm-acc-stats-twofeats.cc:140) Average like for this file is -46.7675 over 56 frames.
LOG (gmm-acc-stats-twofeats[5.2.132~9-82686]:main():gmm-acc-stats-twofeats.cc:140) Average like for this file is -55.1117 over 31 frames.
LOG (gmm-acc-stats-twofeats[5.2.132~9-82686]:main():gmm-acc-stats-twofeats.cc:140) Average like for this file is -52.9965 over 47 frames.
LOG (gmm-acc-stats-twofeats[5.2.132~9-82686]:main():gmm-acc-stats-twofeats.cc:140) Average like for this file is -46.4767 over 36 frames.
LOG (gmm-acc-stats-twofeats[5.2.132~9-82686]:main():gmm-acc-stats-twofeats.cc:140) Average like for this file is -47.289 over 29 frames.
LOG (gmm-acc-stats-twofeats[5.2.132~9-82686]:main():gmm-acc-stats-twofeats.cc:140) Average like for this file is -53.0694 over 52 frames.
LOG (gmm-acc-stats-twofeats[5.2.132~9-82686]:main():gmm-acc-stats-twofeats.cc:146) Avg like per frame so far is -48.9507
LOG (gmm-acc-stats-twofeats[5.2.132~9-82686]:main():gmm-acc-stats-twofeats.cc:140) Average like for this file is -52.1254 over 70 frames.
LOG (gmm-acc-stats-twofeats[5.2.132~9-82686]:main():gmm-acc-stats-twofeats.cc:140) Average like for this file is -53.3836 over 47 frames.
LOG (gmm-acc-stats-twofeats[5.2.132~9-82686]:main():gmm-acc-stats-twofeats.cc:140) Average like for this file is -51.4229 over 85 frames.
LOG (gmm-acc-stats-twofeats[5.2.132~9-82686]:main():gmm-acc-stats-twofeats.cc:140) Average like for this file is -46.3735 over 94 frames.
LOG (gmm-acc-stats-twofeats[5.2.132~9-82686]:main():gmm-acc-stats-twofeats.cc:140) Average like for this file is -50.0191 over 84 frames.
LOG (gmm-acc-stats-twofeats[5.2.132~9-82686]:main():gmm-acc-stats-twofeats.cc:140) Average like for this file is -45.7704 over 42 frames.
LOG (gmm-acc-stats-twofeats[5.2.132~9-82686]:main():gmm-acc-stats-twofeats.cc:140) Average like for this file is -44.8161 over 46 frames.
LOG (gmm-acc-stats-twofeats[5.2.132~9-82686]:main():gmm-acc-stats-twofeats.cc:140) Average like for this file is -52.8375 over 50 frames.
LOG (gmm-acc-stats-twofeats[5.2.132~9-82686]:main():gmm-acc-stats-twofeats.cc:140) Average like for this file is -43.8244 over 47 frames.
LOG (gmm-acc-stats-twofeats[5.2.132~9-82686]:main():gmm-acc-stats-twofeats.cc:140) Average like for this file is -43.5965 over 56 frames.
LOG (gmm-acc-stats-twofeats[5.2.132~9-82686]:main():gmm-acc-stats-twofeats.cc:146) Avg like per frame so far is -48.9026
LOG (gmm-acc-stats-twofeats[5.2.132~9-82686]:main():gmm-acc-stats-twofeats.cc:140) Average like for this file is -57.5257 over 29 frames.
LOG (gmm-acc-stats-twofeats[5.2.132~9-82686]:main():gmm-acc-stats-twofeats.cc:140) Average like for this file is -53.0905 over 18 frames.
LOG (gmm-acc-stats-twofeats[5.2.132~9-82686]:main():gmm-acc-stats-twofeats.cc:140) Average like for this file is -46.1834 over 50 frames.
LOG (gmm-acc-stats-twofeats[5.2.132~9-82686]:main():gmm-acc-stats-twofeats.cc:140) Average like for this file is -45.4339 over 23 frames.
LOG (gmm-acc-stats-twofeats[5.2.132~9-82686]:main():gmm-acc-stats-twofeats.cc:140) Average like for this file is -51.6678 over 24 frames.
LOG (gmm-acc-stats-twofeats[5.2.132~9-82686]:main():gmm-acc-stats-twofeats.cc:140) Average like for this file is -44.7299 over 27 frames.
LOG (gmm-acc-stats-twofeats[5.2.132~9-82686]:main():gmm-acc-stats-twofeats.cc:140) Average like for this file is -43.2548 over 48 frames.
LOG (gmm-acc-stats-twofeats[5.2.132~9-82686]:main():gmm-acc-stats-twofeats.cc:140) Average like for this file is -52.3228 over 41 frames.
LOG (gmm-acc-stats-twofeats[5.2.132~9-82686]:main():gmm-acc-stats-twofeats.cc:140) Average like for this file is -54.978 over 48 frames.
LOG (gmm-acc-stats-twofeats[5.2.132~9-82686]:main():gmm-acc-stats-twofeats.cc:140) Average like for this file is -56.451 over 55 frames.
LOG (gmm-acc-stats-twofeats[5.2.132~9-82686]:main():gmm-acc-stats-twofeats.cc:146) Avg like per frame so far is -49.0567
LOG (gmm-acc-stats-twofeats[5.2.132~9-82686]:main():gmm-acc-stats-twofeats.cc:140) Average like for this file is -51.8712 over 51 frames.
LOG (gmm-acc-stats-twofeats[5.2.132~9-82686]:main():gmm-acc-stats-twofeats.cc:140) Average like for this file is -54.8808 over 41 frames.
LOG (gmm-acc-stats-twofeats[5.2.132~9-82686]:main():gmm-acc-stats-twofeats.cc:140) Average like for this file is -48.3577 over 21 frames.
LOG (gmm-acc-stats-twofeats[5.2.132~9-82686]:main():gmm-acc-stats-twofeats.cc:140) Average like for this file is -57.1872 over 27 frames.
LOG (gmm-acc-stats-twofeats[5.2.132~9-82686]:main():gmm-acc-stats-twofeats.cc:140) Average like for this file is -48.6886 over 46 frames.
LOG (gmm-acc-stats-twofeats[5.2.132~9-82686]:main():gmm-acc-stats-twofeats.cc:140) Average like for this file is -50.9027 over 28 frames.
LOG (gmm-acc-stats-twofeats[5.2.132~9-82686]:main():gmm-acc-stats-twofeats.cc:140) Average like for this file is -54.4589 over 68 frames.
LOG (gmm-acc-stats-twofeats[5.2.132~9-82686]:main():gmm-acc-stats-twofeats.cc:140) Average like for this file is -45.6379 over 50 frames.
LOG (gmm-acc-stats-twofeats[5.2.132~9-82686]:main():gmm-acc-stats-twofeats.cc:140) Average like for this file is -46.5157 over 69 frames.
LOG (gmm-acc-stats-twofeats[5.2.132~9-82686]:main():gmm-acc-stats-twofeats.cc:140) Average like for this file is -44.1393 over 71 frames.
LOG (gmm-acc-stats-twofeats[5.2.132~9-82686]:main():gmm-acc-stats-twofeats.cc:146) Avg like per frame so far is -49.1203
LOG (gmm-acc-stats-twofeats[5.2.132~9-82686]:main():gmm-acc-stats-twofeats.cc:140) Average like for this file is -50.1703 over 68 frames.
LOG (gmm-acc-stats-twofeats[5.2.132~9-82686]:main():gmm-acc-stats-twofeats.cc:140) Average like for this file is -57.836 over 48 frames.
LOG (gmm-acc-stats-twofeats[5.2.132~9-82686]:main():gmm-acc-stats-twofeats.cc:140) Average like for this file is -47.3982 over 62 frames.
LOG (gmm-acc-stats-twofeats[5.2.132~9-82686]:main():gmm-acc-stats-twofeats.cc:140) Average like for this file is -43.5576 over 34 frames.
LOG (gmm-acc-stats-twofeats[5.2.132~9-82686]:main():gmm-acc-stats-twofeats.cc:140) Average like for this file is -45.802 over 68 frames.
LOG (gmm-acc-stats-twofeats[5.2.132~9-82686]:main():gmm-acc-stats-twofeats.cc:140) Average like for this file is -45.3502 over 52 frames.
LOG (gmm-acc-stats-twofeats[5.2.132~9-82686]:main():gmm-acc-stats-twofeats.cc:140) Average like for this file is -51.9412 over 67 frames.
LOG (gmm-acc-stats-twofeats[5.2.132~9-82686]:main():gmm-acc-stats-twofeats.cc:140) Average like for this file is -51.9647 over 27 frames.
LOG (gmm-acc-stats-twofeats[5.2.132~9-82686]:main():gmm-acc-stats-twofeats.cc:140) Average like for this file is -50.0431 over 26 frames.
LOG (gmm-acc-stats-twofeats[5.2.132~9-82686]:main():gmm-acc-stats-twofeats.cc:140) Average like for this file is -53.685 over 28 frames.
LOG (gmm-acc-stats-twofeats[5.2.132~9-82686]:main():gmm-acc-stats-twofeats.cc:146) Avg like per frame so far is -49.1575
LOG (gmm-acc-stats-twofeats[5.2.132~9-82686]:main():gmm-acc-stats-twofeats.cc:140) Average like for this file is -49.3184 over 29 frames.
LOG (gmm-acc-stats-twofeats[5.2.132~9-82686]:main():gmm-acc-stats-twofeats.cc:140) Average like for this file is -46.914 over 32 frames.
LOG (gmm-acc-stats-twofeats[5.2.132~9-82686]:main():gmm-acc-stats-twofeats.cc:140) Average like for this file is -45.8141 over 22 frames.
LOG (gmm-acc-stats-twofeats[5.2.132~9-82686]:main():gmm-acc-stats-twofeats.cc:140) Average like for this file is -35.9271 over 25 frames.
LOG (gmm-acc-stats-twofeats[5.2.132~9-82686]:main():gmm-acc-stats-twofeats.cc:140) Average like for this file is -48.4557 over 21 frames.
LOG (gmm-acc-stats-twofeats[5.2.132~9-82686]:main():gmm-acc-stats-twofeats.cc:140) Average like for this file is -45.0172 over 26 frames.
LOG (gmm-acc-stats-twofeats[5.2.132~9-82686]:main():gmm-acc-stats-twofeats.cc:140) Average like for this file is -46.1482 over 32 frames.
LOG (gmm-acc-stats-twofeats[5.2.132~9-82686]:main():gmm-acc-stats-twofeats.cc:140) Average like for this file is -47.1107 over 33 frames.
LOG (gmm-acc-stats-twofeats[5.2.132~9-82686]:main():gmm-acc-stats-twofeats.cc:140) Average like for this file is -45.9352 over 22 frames.
LOG (gmm-acc-stats-twofeats[5.2.132~9-82686]:main():gmm-acc-stats-twofeats.cc:140) Average like for this file is -43.4094 over 30 frames.
LOG (gmm-acc-stats-twofeats[5.2.132~9-82686]:main():gmm-acc-stats-twofeats.cc:146) Avg like per frame so far is -48.9712
LOG (gmm-acc-stats-twofeats[5.2.132~9-82686]:main():gmm-acc-stats-twofeats.cc:140) Average like for this file is -36.6927 over 50 frames.
LOG (gmm-acc-stats-twofeats[5.2.132~9-82686]:main():gmm-acc-stats-twofeats.cc:140) Average like for this file is -51.6266 over 54 frames.
LOG (gmm-acc-stats-twofeats[5.2.132~9-82686]:main():gmm-acc-stats-twofeats.cc:140) Average like for this file is -48.1208 over 44 frames.
LOG (gmm-acc-stats-twofeats[5.2.132~9-82686]:main():gmm-acc-stats-twofeats.cc:140) Average like for this file is -49.7659 over 26 frames.
LOG (gmm-acc-stats-twofeats[5.2.132~9-82686]:main():gmm-acc-stats-twofeats.cc:140) Average like for this file is -50.3058 over 23 frames.
LOG (gmm-acc-stats-twofeats[5.2.132~9-82686]:main():gmm-acc-stats-twofeats.cc:140) Average like for this file is -47.4802 over 30 frames.
LOG (gmm-acc-stats-twofeats[5.2.132~9-82686]:main():gmm-acc-stats-twofeats.cc:140) Average like for this file is -45.2829 over 50 frames.
LOG (gmm-acc-stats-twofeats[5.2.132~9-82686]:main():gmm-acc-stats-twofeats.cc:140) Average like for this file is -50.4519 over 31 frames.
LOG (gmm-acc-stats-twofeats[5.2.132~9-82686]:main():gmm-acc-stats-twofeats.cc:140) Average like for this file is -53.1897 over 35 frames.
LOG (gmm-acc-stats-twofeats[5.2.132~9-82686]:main():gmm-acc-stats-twofeats.cc:140) Average like for this file is -45.8395 over 48 frames.
LOG (gmm-acc-stats-twofeats[5.2.132~9-82686]:main():gmm-acc-stats-twofeats.cc:146) Avg like per frame so far is -48.8597
LOG (gmm-acc-stats-twofeats[5.2.132~9-82686]:main():gmm-acc-stats-twofeats.cc:140) Average like for this file is -43.8112 over 64 frames.
LOG (gmm-acc-stats-twofeats[5.2.132~9-82686]:main():gmm-acc-stats-twofeats.cc:140) Average like for this file is -44.4669 over 39 frames.
LOG (gmm-acc-stats-twofeats[5.2.132~9-82686]:main():gmm-acc-stats-twofeats.cc:140) Average like for this file is -49.8619 over 43 frames.
LOG (gmm-acc-stats-twofeats[5.2.132~9-82686]:main():gmm-acc-stats-twofeats.cc:140) Average like for this file is -46.8241 over 62 frames.
LOG (gmm-acc-stats-twofeats[5.2.132~9-82686]:main():gmm-acc-stats-twofeats.cc:140) Average like for this file is -39.2127 over 45 frames.
LOG (gmm-acc-stats-twofeats[5.2.132~9-82686]:main():gmm-acc-stats-twofeats.cc:140) Average like for this file is -52.5458 over 38 frames.
LOG (gmm-acc-stats-twofeats[5.2.132~9-82686]:main():gmm-acc-stats-twofeats.cc:140) Average like for this file is -52.5592 over 70 frames.
LOG (gmm-acc-stats-twofeats[5.2.132~9-82686]:main():gmm-acc-stats-twofeats.cc:140) Average like for this file is -43.9564 over 49 frames.
LOG (gmm-acc-stats-twofeats[5.2.132~9-82686]:main():gmm-acc-stats-twofeats.cc:140) Average like for this file is -35.8876 over 50 frames.
LOG (gmm-acc-stats-twofeats[5.2.132~9-82686]:main():gmm-acc-stats-twofeats.cc:140) Average like for this file is -44.4822 over 36 frames.
LOG (gmm-acc-stats-twofeats[5.2.132~9-82686]:main():gmm-acc-stats-twofeats.cc:146) Avg like per frame so far is -48.5946
LOG (gmm-acc-stats-twofeats[5.2.132~9-82686]:main():gmm-acc-stats-twofeats.cc:140) Average like for this file is -54.6915 over 63 frames.
LOG (gmm-acc-stats-twofeats[5.2.132~9-82686]:main():gmm-acc-stats-twofeats.cc:140) Average like for this file is -57.2043 over 33 frames.
LOG (gmm-acc-stats-twofeats[5.2.132~9-82686]:main():gmm-acc-stats-twofeats.cc:140) Average like for this file is -50.7159 over 34 frames.
LOG (gmm-acc-stats-twofeats[5.2.132~9-82686]:main():gmm-acc-stats-twofeats.cc:140) Average like for this file is -53.2348 over 34 frames.
LOG (gmm-acc-stats-twofeats[5.2.132~9-82686]:main():gmm-acc-stats-twofeats.cc:140) Average like for this file is -55.6461 over 27 frames.
LOG (gmm-acc-stats-twofeats[5.2.132~9-82686]:main():gmm-acc-stats-twofeats.cc:140) Average like for this file is -52.3367 over 30 frames.
LOG (gmm-acc-stats-twofeats[5.2.132~9-82686]:main():gmm-acc-stats-twofeats.cc:140) Average like for this file is -56.6681 over 36 frames.
LOG (gmm-acc-stats-twofeats[5.2.132~9-82686]:main():gmm-acc-stats-twofeats.cc:140) Average like for this file is -53.9253 over 39 frames.
LOG (gmm-acc-stats-twofeats[5.2.132~9-82686]:main():gmm-acc-stats-twofeats.cc:140) Average like for this file is -48.8516 over 40 frames.
LOG (gmm-acc-stats-twofeats[5.2.132~9-82686]:main():gmm-acc-stats-twofeats.cc:140) Average like for this file is -55.808 over 54 frames.
LOG (gmm-acc-stats-twofeats[5.2.132~9-82686]:main():gmm-acc-stats-twofeats.cc:146) Avg like per frame so far is -48.9103
LOG (gmm-acc-stats-twofeats[5.2.132~9-82686]:main():gmm-acc-stats-twofeats.cc:140) Average like for this file is -58.4204 over 52 frames.
LOG (gmm-acc-stats-twofeats[5.2.132~9-82686]:main():gmm-acc-stats-twofeats.cc:140) Average like for this file is -56.9204 over 59 frames.
LOG (gmm-acc-stats-twofeats[5.2.132~9-82686]:main():gmm-acc-stats-twofeats.cc:140) Average like for this file is -50.8702 over 66 frames.
LOG (gmm-acc-stats-twofeats[5.2.132~9-82686]:main():gmm-acc-stats-twofeats.cc:140) Average like for this file is -51.0436 over 75 frames.
LOG (gmm-acc-stats-twofeats[5.2.132~9-82686]:main():gmm-acc-stats-twofeats.cc:140) Average like for this file is -39.943 over 44 frames.
LOG (gmm-acc-stats-twofeats[5.2.132~9-82686]:main():gmm-acc-stats-twofeats.cc:140) Average like for this file is -44.0915 over 61 frames.
LOG (gmm-acc-stats-twofeats[5.2.132~9-82686]:main():gmm-acc-stats-twofeats.cc:140) Average like for this file is -52.7858 over 51 frames.
LOG (gmm-acc-stats-twofeats[5.2.132~9-82686]:main():gmm-acc-stats-twofeats.cc:140) Average like for this file is -45.1491 over 50 frames.
LOG (gmm-acc-stats-twofeats[5.2.132~9-82686]:main():gmm-acc-stats-twofeats.cc:140) Average like for this file is -31.184 over 45 frames.
LOG (gmm-acc-stats-twofeats[5.2.132~9-82686]:main():gmm-acc-stats-twofeats.cc:140) Average like for this file is -51.5751 over 34 frames.
LOG (gmm-acc-stats-twofeats[5.2.132~9-82686]:main():gmm-acc-stats-twofeats.cc:146) Avg like per frame so far is -48.8923
LOG (gmm-acc-stats-twofeats[5.2.132~9-82686]:main():gmm-acc-stats-twofeats.cc:140) Average like for this file is -36.4362 over 58 frames.
LOG (gmm-acc-stats-twofeats[5.2.132~9-82686]:main():gmm-acc-stats-twofeats.cc:140) Average like for this file is -47.2763 over 34 frames.
LOG (gmm-acc-stats-twofeats[5.2.132~9-82686]:main():gmm-acc-stats-twofeats.cc:140) Average like for this file is -45.1769 over 34 frames.
LOG (gmm-acc-stats-twofeats[5.2.132~9-82686]:main():gmm-acc-stats-twofeats.cc:140) Average like for this file is -45.6977 over 30 frames.
LOG (gmm-acc-stats-twofeats[5.2.132~9-82686]:main():gmm-acc-stats-twofeats.cc:140) Average like for this file is -42.0451 over 28 frames.
LOG (gmm-acc-stats-twofeats[5.2.132~9-82686]:main():gmm-acc-stats-twofeats.cc:140) Average like for this file is -46.0562 over 33 frames.
LOG (gmm-acc-stats-twofeats[5.2.132~9-82686]:main():gmm-acc-stats-twofeats.cc:140) Average like for this file is -42.6263 over 33 frames.
LOG (gmm-acc-stats-twofeats[5.2.132~9-82686]:main():gmm-acc-stats-twofeats.cc:140) Average like for this file is -49.5395 over 76 frames.
LOG (gmm-acc-stats-twofeats[5.2.132~9-82686]:main():gmm-acc-stats-twofeats.cc:140) Average like for this file is -48.3516 over 72 frames.
LOG (gmm-acc-stats-twofeats[5.2.132~9-82686]:main():gmm-acc-stats-twofeats.cc:140) Average like for this file is -40.7995 over 56 frames.
LOG (gmm-acc-stats-twofeats[5.2.132~9-82686]:main():gmm-acc-stats-twofeats.cc:146) Avg like per frame so far is -48.6391
LOG (gmm-acc-stats-twofeats[5.2.132~9-82686]:main():gmm-acc-stats-twofeats.cc:140) Average like for this file is -54.3613 over 47 frames.
LOG (gmm-acc-stats-twofeats[5.2.132~9-82686]:main():gmm-acc-stats-twofeats.cc:140) Average like for this file is -56.7399 over 69 frames.
LOG (gmm-acc-stats-twofeats[5.2.132~9-82686]:main():gmm-acc-stats-twofeats.cc:140) Average like for this file is -46.6855 over 42 frames.
LOG (gmm-acc-stats-twofeats[5.2.132~9-82686]:main():gmm-acc-stats-twofeats.cc:140) Average like for this file is -40.0921 over 87 frames.
LOG (gmm-acc-stats-twofeats[5.2.132~9-82686]:main():gmm-acc-stats-twofeats.cc:140) Average like for this file is -46.3218 over 68 frames.
LOG (gmm-acc-stats-twofeats[5.2.132~9-82686]:main():gmm-acc-stats-twofeats.cc:140) Average like for this file is -51.0844 over 36 frames.
LOG (gmm-acc-stats-twofeats[5.2.132~9-82686]:main():gmm-acc-stats-twofeats.cc:140) Average like for this file is -46.8131 over 47 frames.
LOG (gmm-acc-stats-twofeats[5.2.132~9-82686]:main():gmm-acc-stats-twofeats.cc:140) Average like for this file is -44.5663 over 45 frames.
LOG (gmm-acc-stats-twofeats[5.2.132~9-82686]:main():gmm-acc-stats-twofeats.cc:140) Average like for this file is -51.8988 over 33 frames.
LOG (gmm-acc-stats-twofeats[5.2.132~9-82686]:main():gmm-acc-stats-twofeats.cc:140) Average like for this file is -55.0544 over 31 frames.
LOG (gmm-acc-stats-twofeats[5.2.132~9-82686]:main():gmm-acc-stats-twofeats.cc:146) Avg like per frame so far is -48.6354
LOG (gmm-acc-stats-twofeats[5.2.132~9-82686]:main():gmm-acc-stats-twofeats.cc:140) Average like for this file is -55.6073 over 34 frames.
LOG (gmm-acc-stats-twofeats[5.2.132~9-82686]:main():gmm-acc-stats-twofeats.cc:140) Average like for this file is -51.3561 over 62 frames.
LOG (gmm-acc-stats-twofeats[5.2.132~9-82686]:main():gmm-acc-stats-twofeats.cc:140) Average like for this file is -41.9701 over 44 frames.
LOG (gmm-acc-stats-twofeats[5.2.132~9-82686]:main():gmm-acc-stats-twofeats.cc:140) Average like for this file is -50.2586 over 37 frames.
LOG (gmm-acc-stats-twofeats[5.2.132~9-82686]:main():gmm-acc-stats-twofeats.cc:140) Average like for this file is -47.3472 over 35 frames.
LOG (gmm-acc-stats-twofeats[5.2.132~9-82686]:main():gmm-acc-stats-twofeats.cc:140) Average like for this file is -48.6472 over 62 frames.
LOG (gmm-acc-stats-twofeats[5.2.132~9-82686]:main():gmm-acc-stats-twofeats.cc:140) Average like for this file is -55.4298 over 31 frames.
LOG (gmm-acc-stats-twofeats[5.2.132~9-82686]:main():gmm-acc-stats-twofeats.cc:140) Average like for this file is -49.361 over 39 frames.
LOG (gmm-acc-stats-twofeats[5.2.132~9-82686]:main():gmm-acc-stats-twofeats.cc:140) Average like for this file is -57.9614 over 23 frames.
LOG (gmm-acc-stats-twofeats[5.2.132~9-82686]:main():gmm-acc-stats-twofeats.cc:140) Average like for this file is -44.6795 over 82 frames.
LOG (gmm-acc-stats-twofeats[5.2.132~9-82686]:main():gmm-acc-stats-twofeats.cc:146) Avg like per frame so far is -48.6653
LOG (gmm-acc-stats-twofeats[5.2.132~9-82686]:main():gmm-acc-stats-twofeats.cc:140) Average like for this file is -54.1584 over 32 frames.
LOG (gmm-acc-stats-twofeats[5.2.132~9-82686]:main():gmm-acc-stats-twofeats.cc:140) Average like for this file is -58.482 over 21 frames.
LOG (gmm-acc-stats-twofeats[5.2.132~9-82686]:main():gmm-acc-stats-twofeats.cc:140) Average like for this file is -50.1877 over 58 frames.
LOG (gmm-acc-stats-twofeats[5.2.132~9-82686]:main():gmm-acc-stats-twofeats.cc:140) Average like for this file is -44.4828 over 63 frames.
LOG (gmm-acc-stats-twofeats[5.2.132~9-82686]:main():gmm-acc-stats-twofeats.cc:140) Average like for this file is -47.2085 over 51 frames.
LOG (gmm-acc-stats-twofeats[5.2.132~9-82686]:main():gmm-acc-stats-twofeats.cc:140) Average like for this file is -49.3218 over 51 frames.
LOG (gmm-acc-stats-twofeats[5.2.132~9-82686]:main():gmm-acc-stats-twofeats.cc:140) Average like for this file is -58.4019 over 48 frames.
LOG (gmm-acc-stats-twofeats[5.2.132~9-82686]:main():gmm-acc-stats-twofeats.cc:140) Average like for this file is -50.4765 over 33 frames.
LOG (gmm-acc-stats-twofeats[5.2.132~9-82686]:main():gmm-acc-stats-twofeats.cc:140) Average like for this file is -54.7859 over 21 frames.
LOG (gmm-acc-stats-twofeats[5.2.132~9-82686]:main():gmm-acc-stats-twofeats.cc:140) Average like for this file is -46.6499 over 49 frames.
LOG (gmm-acc-stats-twofeats[5.2.132~9-82686]:main():gmm-acc-stats-twofeats.cc:146) Avg like per frame so far is -48.7455
LOG (gmm-acc-stats-twofeats[5.2.132~9-82686]:main():gmm-acc-stats-twofeats.cc:140) Average like for this file is -55.2943 over 48 frames.
LOG (gmm-acc-stats-twofeats[5.2.132~9-82686]:main():gmm-acc-stats-twofeats.cc:140) Average like for this file is -51.4589 over 41 frames.
LOG (gmm-acc-stats-twofeats[5.2.132~9-82686]:main():gmm-acc-stats-twofeats.cc:140) Average like for this file is -52.8301 over 26 frames.
LOG (gmm-acc-stats-twofeats[5.2.132~9-82686]:main():gmm-acc-stats-twofeats.cc:140) Average like for this file is -43.9478 over 38 frames.
LOG (gmm-acc-stats-twofeats[5.2.132~9-82686]:main():gmm-acc-stats-twofeats.cc:140) Average like for this file is -50.5052 over 45 frames.
LOG (gmm-acc-stats-twofeats[5.2.132~9-82686]:main():gmm-acc-stats-twofeats.cc:140) Average like for this file is -52.6334 over 46 frames.
LOG (gmm-acc-stats-twofeats[5.2.132~9-82686]:main():gmm-acc-stats-twofeats.cc:140) Average like for this file is -49.6591 over 51 frames.
LOG (gmm-acc-stats-twofeats[5.2.132~9-82686]:main():gmm-acc-stats-twofeats.cc:140) Average like for this file is -46.2374 over 50 frames.
LOG (gmm-acc-stats-twofeats[5.2.132~9-82686]:main():gmm-acc-stats-twofeats.cc:140) Average like for this file is -43.3809 over 48 frames.
LOG (gmm-acc-stats-twofeats[5.2.132~9-82686]:main():gmm-acc-stats-twofeats.cc:140) Average like for this file is -46.2356 over 51 frames.
LOG (gmm-acc-stats-twofeats[5.2.132~9-82686]:main():gmm-acc-stats-twofeats.cc:146) Avg like per frame so far is -48.7606
LOG (gmm-acc-stats-twofeats[5.2.132~9-82686]:main():gmm-acc-stats-twofeats.cc:140) Average like for this file is -50.1088 over 78 frames.
LOG (gmm-acc-stats-twofeats[5.2.132~9-82686]:main():gmm-acc-stats-twofeats.cc:140) Average like for this file is -45.2886 over 48 frames.
LOG (gmm-acc-stats-twofeats[5.2.132~9-82686]:main():gmm-acc-stats-twofeats.cc:140) Average like for this file is -40.1306 over 58 frames.
LOG (gmm-acc-stats-twofeats[5.2.132~9-82686]:main():gmm-acc-stats-twofeats.cc:140) Average like for this file is -43.0257 over 51 frames.
LOG (gmm-acc-stats-twofeats[5.2.132~9-82686]:main():gmm-acc-stats-twofeats.cc:140) Average like for this file is -55.4572 over 32 frames.
LOG (gmm-acc-stats-twofeats[5.2.132~9-82686]:main():gmm-acc-stats-twofeats.cc:140) Average like for this file is -43.4952 over 31 frames.
LOG (gmm-acc-stats-twofeats[5.2.132~9-82686]:main():gmm-acc-stats-twofeats.cc:140) Average like for this file is -48.2024 over 60 frames.
LOG (gmm-acc-stats-twofeats[5.2.132~9-82686]:main():gmm-acc-stats-twofeats.cc:140) Average like for this file is -52.9433 over 57 frames.
LOG (gmm-acc-stats-twofeats[5.2.132~9-82686]:main():gmm-acc-stats-twofeats.cc:140) Average like for this file is -58.1728 over 36 frames.
LOG (gmm-acc-stats-twofeats[5.2.132~9-82686]:main():gmm-acc-stats-twofeats.cc:140) Average like for this file is -61.417 over 38 frames.
LOG (gmm-acc-stats-twofeats[5.2.132~9-82686]:main():gmm-acc-stats-twofeats.cc:146) Avg like per frame so far is -48.7828
LOG (gmm-acc-stats-twofeats[5.2.132~9-82686]:main():gmm-acc-stats-twofeats.cc:140) Average like for this file is -56.4789 over 31 frames.
LOG (gmm-acc-stats-twofeats[5.2.132~9-82686]:main():gmm-acc-stats-twofeats.cc:140) Average like for this file is -52.9086 over 69 frames.
LOG (gmm-acc-stats-twofeats[5.2.132~9-82686]:main():gmm-acc-stats-twofeats.cc:140) Average like for this file is -53.2339 over 62 frames.
LOG (gmm-acc-stats-twofeats[5.2.132~9-82686]:main():gmm-acc-stats-twofeats.cc:140) Average like for this file is -49.4279 over 78 frames.
LOG (gmm-acc-stats-twofeats[5.2.132~9-82686]:main():gmm-acc-stats-twofeats.cc:140) Average like for this file is -54.1397 over 73 frames.
LOG (gmm-acc-stats-twofeats[5.2.132~9-82686]:main():gmm-acc-stats-twofeats.cc:140) Average like for this file is -45.1249 over 41 frames.
LOG (gmm-acc-stats-twofeats[5.2.132~9-82686]:main():gmm-acc-stats-twofeats.cc:140) Average like for this file is -60.0679 over 38 frames.
LOG (gmm-acc-stats-twofeats[5.2.132~9-82686]:main():gmm-acc-stats-twofeats.cc:140) Average like for this file is -53.7384 over 34 frames.
LOG (gmm-acc-stats-twofeats[5.2.132~9-82686]:main():gmm-acc-stats-twofeats.cc:140) Average like for this file is -56.1688 over 31 frames.
LOG (gmm-acc-stats-twofeats[5.2.132~9-82686]:main():gmm-acc-stats-twofeats.cc:140) Average like for this file is -56.7238 over 33 frames.
LOG (gmm-acc-stats-twofeats[5.2.132~9-82686]:main():gmm-acc-stats-twofeats.cc:146) Avg like per frame so far is -48.9915
LOG (gmm-acc-stats-twofeats[5.2.132~9-82686]:main():gmm-acc-stats-twofeats.cc:140) Average like for this file is -50.0692 over 33 frames.
LOG (gmm-acc-stats-twofeats[5.2.132~9-82686]:main():gmm-acc-stats-twofeats.cc:140) Average like for this file is -52.5109 over 46 frames.
LOG (gmm-acc-stats-twofeats[5.2.132~9-82686]:main():gmm-acc-stats-twofeats.cc:140) Average like for this file is -51.3604 over 43 frames.
LOG (gmm-acc-stats-twofeats[5.2.132~9-82686]:main():gmm-acc-stats-twofeats.cc:140) Average like for this file is -46.8836 over 41 frames.
LOG (gmm-acc-stats-twofeats[5.2.132~9-82686]:main():gmm-acc-stats-twofeats.cc:140) Average like for this file is -42.9849 over 56 frames.
LOG (gmm-acc-stats-twofeats[5.2.132~9-82686]:main():gmm-acc-stats-twofeats.cc:140) Average like for this file is -50.1528 over 38 frames.
LOG (gmm-acc-stats-twofeats[5.2.132~9-82686]:main():gmm-acc-stats-twofeats.cc:140) Average like for this file is -59.1947 over 44 frames.
LOG (gmm-acc-stats-twofeats[5.2.132~9-82686]:main():gmm-acc-stats-twofeats.cc:140) Average like for this file is -50.4235 over 42 frames.
LOG (gmm-acc-stats-twofeats[5.2.132~9-82686]:main():gmm-acc-stats-twofeats.cc:140) Average like for this file is -48.0979 over 42 frames.
LOG (gmm-acc-stats-twofeats[5.2.132~9-82686]:main():gmm-acc-stats-twofeats.cc:140) Average like for this file is -50.3262 over 42 frames.
LOG (gmm-acc-stats-twofeats[5.2.132~9-82686]:main():gmm-acc-stats-twofeats.cc:146) Avg like per frame so far is -49.0327
LOG (gmm-acc-stats-twofeats[5.2.132~9-82686]:main():gmm-acc-stats-twofeats.cc:140) Average like for this file is -41.5391 over 69 frames.
LOG (gmm-acc-stats-twofeats[5.2.132~9-82686]:main():gmm-acc-stats-twofeats.cc:140) Average like for this file is -45.2364 over 40 frames.
LOG (gmm-acc-stats-twofeats[5.2.132~9-82686]:main():gmm-acc-stats-twofeats.cc:140) Average like for this file is -52.2399 over 43 frames.
LOG (gmm-acc-stats-twofeats[5.2.132~9-82686]:main():gmm-acc-stats-twofeats.cc:140) Average like for this file is -50.6971 over 64 frames.
LOG (gmm-acc-stats-twofeats[5.2.132~9-82686]:main():gmm-acc-stats-twofeats.cc:140) Average like for this file is -52.7355 over 61 frames.
LOG (gmm-acc-stats-twofeats[5.2.132~9-82686]:main():gmm-acc-stats-twofeats.cc:140) Average like for this file is -43.0328 over 60 frames.
LOG (gmm-acc-stats-twofeats[5.2.132~9-82686]:main():gmm-acc-stats-twofeats.cc:140) Average like for this file is -48.9856 over 39 frames.
LOG (gmm-acc-stats-twofeats[5.2.132~9-82686]:main():gmm-acc-stats-twofeats.cc:140) Average like for this file is -47.4426 over 78 frames.
LOG (gmm-acc-stats-twofeats[5.2.132~9-82686]:main():gmm-acc-stats-twofeats.cc:140) Average like for this file is -50.3753 over 39 frames.
LOG (gmm-acc-stats-twofeats[5.2.132~9-82686]:main():gmm-acc-stats-twofeats.cc:140) Average like for this file is -47.1392 over 64 frames.
LOG (gmm-acc-stats-twofeats[5.2.132~9-82686]:main():gmm-acc-stats-twofeats.cc:146) Avg like per frame so far is -48.9668
LOG (gmm-acc-stats-twofeats[5.2.132~9-82686]:main():gmm-acc-stats-twofeats.cc:140) Average like for this file is -43.8988 over 75 frames.
LOG (gmm-acc-stats-twofeats[5.2.132~9-82686]:main():gmm-acc-stats-twofeats.cc:140) Average like for this file is -47.1175 over 65 frames.
LOG (gmm-acc-stats-twofeats[5.2.132~9-82686]:main():gmm-acc-stats-twofeats.cc:140) Average like for this file is -59.4222 over 23 frames.
LOG (gmm-acc-stats-twofeats[5.2.132~9-82686]:main():gmm-acc-stats-twofeats.cc:140) Average like for this file is -53.1409 over 24 frames.
LOG (gmm-acc-stats-twofeats[5.2.132~9-82686]:main():gmm-acc-stats-twofeats.cc:140) Average like for this file is -49.0251 over 30 frames.
LOG (gmm-acc-stats-twofeats[5.2.132~9-82686]:main():gmm-acc-stats-twofeats.cc:140) Average like for this file is -50.2213 over 39 frames.
LOG (gmm-acc-stats-twofeats[5.2.132~9-82686]:main():gmm-acc-stats-twofeats.cc:140) Average like for this file is -48.841 over 44 frames.
LOG (gmm-acc-stats-twofeats[5.2.132~9-82686]:main():gmm-acc-stats-twofeats.cc:140) Average like for this file is -46.936 over 54 frames.
LOG (gmm-acc-stats-twofeats[5.2.132~9-82686]:main():gmm-acc-stats-twofeats.cc:140) Average like for this file is -46.406 over 43 frames.
LOG (gmm-acc-stats-twofeats[5.2.132~9-82686]:main():gmm-acc-stats-twofeats.cc:140) Average like for this file is -42.7149 over 45 frames.
LOG (gmm-acc-stats-twofeats[5.2.132~9-82686]:main():gmm-acc-stats-twofeats.cc:146) Avg like per frame so far is -48.9149
LOG (gmm-acc-stats-twofeats[5.2.132~9-82686]:main():gmm-acc-stats-twofeats.cc:140) Average like for this file is -46.7691 over 37 frames.
LOG (gmm-acc-stats-twofeats[5.2.132~9-82686]:main():gmm-acc-stats-twofeats.cc:140) Average like for this file is -56.9512 over 29 frames.
LOG (gmm-acc-stats-twofeats[5.2.132~9-82686]:main():gmm-acc-stats-twofeats.cc:140) Average like for this file is -48.4922 over 22 frames.
LOG (gmm-acc-stats-twofeats[5.2.132~9-82686]:main():gmm-acc-stats-twofeats.cc:140) Average like for this file is -58.2624 over 20 frames.
LOG (gmm-acc-stats-twofeats[5.2.132~9-82686]:main():gmm-acc-stats-twofeats.cc:140) Average like for this file is -46.8961 over 19 frames.
LOG (gmm-acc-stats-twofeats[5.2.132~9-82686]:main():gmm-acc-stats-twofeats.cc:140) Average like for this file is -47.0538 over 49 frames.
LOG (gmm-acc-stats-twofeats[5.2.132~9-82686]:main():gmm-acc-stats-twofeats.cc:140) Average like for this file is -46.4638 over 21 frames.
LOG (gmm-acc-stats-twofeats[5.2.132~9-82686]:main():gmm-acc-stats-twofeats.cc:140) Average like for this file is -48.4951 over 35 frames.
LOG (gmm-acc-stats-twofeats[5.2.132~9-82686]:main():gmm-acc-stats-twofeats.cc:140) Average like for this file is -57.9732 over 24 frames.
LOG (gmm-acc-stats-twofeats[5.2.132~9-82686]:main():gmm-acc-stats-twofeats.cc:140) Average like for this file is -54.2937 over 19 frames.
LOG (gmm-acc-stats-twofeats[5.2.132~9-82686]:main():gmm-acc-stats-twofeats.cc:146) Avg like per frame so far is -48.9524
LOG (gmm-acc-stats-twofeats[5.2.132~9-82686]:main():gmm-acc-stats-twofeats.cc:140) Average like for this file is -53.7201 over 21 frames.
LOG (gmm-acc-stats-twofeats[5.2.132~9-82686]:main():gmm-acc-stats-twofeats.cc:140) Average like for this file is -50.4752 over 27 frames.
LOG (gmm-acc-stats-twofeats[5.2.132~9-82686]:main():gmm-acc-stats-twofeats.cc:140) Average like for this file is -45.7828 over 24 frames.
LOG (gmm-acc-stats-twofeats[5.2.132~9-82686]:main():gmm-acc-stats-twofeats.cc:140) Average like for this file is -43.7016 over 32 frames.
LOG (gmm-acc-stats-twofeats[5.2.132~9-82686]:main():gmm-acc-stats-twofeats.cc:140) Average like for this file is -55.9614 over 26 frames.
LOG (gmm-acc-stats-twofeats[5.2.132~9-82686]:main():gmm-acc-stats-twofeats.cc:140) Average like for this file is -52.2099 over 31 frames.
LOG (gmm-acc-stats-twofeats[5.2.132~9-82686]:main():gmm-acc-stats-twofeats.cc:140) Average like for this file is -54.7833 over 28 frames.
LOG (gmm-acc-stats-twofeats[5.2.132~9-82686]:main():gmm-acc-stats-twofeats.cc:140) Average like for this file is -50.4082 over 86 frames.
LOG (gmm-acc-stats-twofeats[5.2.132~9-82686]:main():gmm-acc-stats-twofeats.cc:140) Average like for this file is -50.0444 over 51 frames.
LOG (gmm-acc-stats-twofeats[5.2.132~9-82686]:main():gmm-acc-stats-twofeats.cc:140) Average like for this file is -54.6331 over 23 frames.
LOG (gmm-acc-stats-twofeats[5.2.132~9-82686]:main():gmm-acc-stats-twofeats.cc:146) Avg like per frame so far is -49.0048
LOG (gmm-acc-stats-twofeats[5.2.132~9-82686]:main():gmm-acc-stats-twofeats.cc:140) Average like for this file is -52.5617 over 26 frames.
LOG (gmm-acc-stats-twofeats[5.2.132~9-82686]:main():gmm-acc-stats-twofeats.cc:140) Average like for this file is -56.6737 over 27 frames.
LOG (gmm-acc-stats-twofeats[5.2.132~9-82686]:main():gmm-acc-stats-twofeats.cc:140) Average like for this file is -61.4848 over 34 frames.
LOG (gmm-acc-stats-twofeats[5.2.132~9-82686]:main():gmm-acc-stats-twofeats.cc:140) Average like for this file is -52.4148 over 56 frames.
LOG (gmm-acc-stats-twofeats[5.2.132~9-82686]:main():gmm-acc-stats-twofeats.cc:140) Average like for this file is -46.7192 over 79 frames.
LOG (gmm-acc-stats-twofeats[5.2.132~9-82686]:main():gmm-acc-stats-twofeats.cc:140) Average like for this file is -56.3092 over 50 frames.
LOG (gmm-acc-stats-twofeats[5.2.132~9-82686]:main():gmm-acc-stats-twofeats.cc:140) Average like for this file is -37.3171 over 56 frames.
LOG (gmm-acc-stats-twofeats[5.2.132~9-82686]:main():gmm-acc-stats-twofeats.cc:140) Average like for this file is -49.0211 over 53 frames.
LOG (gmm-acc-stats-twofeats[5.2.132~9-82686]:main():gmm-acc-stats-twofeats.cc:140) Average like for this file is -49.4858 over 49 frames.
LOG (gmm-acc-stats-twofeats[5.2.132~9-82686]:main():gmm-acc-stats-twofeats.cc:140) Average like for this file is -51.4194 over 23 frames.
LOG (gmm-acc-stats-twofeats[5.2.132~9-82686]:main():gmm-acc-stats-twofeats.cc:146) Avg like per frame so far is -49.0454
LOG (gmm-acc-stats-twofeats[5.2.132~9-82686]:main():gmm-acc-stats-twofeats.cc:140) Average like for this file is -54.4468 over 26 frames.
LOG (gmm-acc-stats-twofeats[5.2.132~9-82686]:main():gmm-acc-stats-twofeats.cc:140) Average like for this file is -59.3106 over 36 frames.
LOG (gmm-acc-stats-twofeats[5.2.132~9-82686]:main():gmm-acc-stats-twofeats.cc:140) Average like for this file is -51.7694 over 27 frames.
LOG (gmm-acc-stats-twofeats[5.2.132~9-82686]:main():gmm-acc-stats-twofeats.cc:140) Average like for this file is -48.714 over 36 frames.
LOG (gmm-acc-stats-twofeats[5.2.132~9-82686]:main():gmm-acc-stats-twofeats.cc:140) Average like for this file is -48.0101 over 33 frames.
LOG (gmm-acc-stats-twofeats[5.2.132~9-82686]:main():gmm-acc-stats-twofeats.cc:140) Average like for this file is -51.5383 over 27 frames.
LOG (gmm-acc-stats-twofeats[5.2.132~9-82686]:main():gmm-acc-stats-twofeats.cc:140) Average like for this file is -43.9891 over 25 frames.
LOG (gmm-acc-stats-twofeats[5.2.132~9-82686]:main():gmm-acc-stats-twofeats.cc:140) Average like for this file is -49.9241 over 26 frames.
LOG (gmm-acc-stats-twofeats[5.2.132~9-82686]:main():gmm-acc-stats-twofeats.cc:140) Average like for this file is -48.4361 over 22 frames.
LOG (gmm-acc-stats-twofeats[5.2.132~9-82686]:main():gmm-acc-stats-twofeats.cc:140) Average like for this file is -50.1383 over 41 frames.
LOG (gmm-acc-stats-twofeats[5.2.132~9-82686]:main():gmm-acc-stats-twofeats.cc:146) Avg like per frame so far is -49.0856
LOG (gmm-acc-stats-twofeats[5.2.132~9-82686]:main():gmm-acc-stats-twofeats.cc:140) Average like for this file is -48.6576 over 42 frames.
LOG (gmm-acc-stats-twofeats[5.2.132~9-82686]:main():gmm-acc-stats-twofeats.cc:140) Average like for this file is -51.7746 over 35 frames.
LOG (gmm-acc-stats-twofeats[5.2.132~9-82686]:main():gmm-acc-stats-twofeats.cc:140) Average like for this file is -48.8205 over 37 frames.
LOG (gmm-acc-stats-twofeats[5.2.132~9-82686]:main():gmm-acc-stats-twofeats.cc:140) Average like for this file is -53.9203 over 29 frames.
LOG (gmm-acc-stats-twofeats[5.2.132~9-82686]:main():gmm-acc-stats-twofeats.cc:140) Average like for this file is -52.1587 over 32 frames.
LOG (gmm-acc-stats-twofeats[5.2.132~9-82686]:main():gmm-acc-stats-twofeats.cc:140) Average like for this file is -56.8801 over 32 frames.
LOG (gmm-acc-stats-twofeats[5.2.132~9-82686]:main():gmm-acc-stats-twofeats.cc:140) Average like for this file is -47.4858 over 45 frames.
LOG (gmm-acc-stats-twofeats[5.2.132~9-82686]:main():gmm-acc-stats-twofeats.cc:140) Average like for this file is -46.0913 over 42 frames.
LOG (gmm-acc-stats-twofeats[5.2.132~9-82686]:main():gmm-acc-stats-twofeats.cc:140) Average like for this file is -50.2556 over 34 frames.
LOG (gmm-acc-stats-twofeats[5.2.132~9-82686]:main():gmm-acc-stats-twofeats.cc:140) Average like for this file is -51.8935 over 41 frames.
LOG (gmm-acc-stats-twofeats[5.2.132~9-82686]:main():gmm-acc-stats-twofeats.cc:146) Avg like per frame so far is -49.1231
LOG (gmm-acc-stats-twofeats[5.2.132~9-82686]:main():gmm-acc-stats-twofeats.cc:140) Average like for this file is -50.7022 over 49 frames.
LOG (gmm-acc-stats-twofeats[5.2.132~9-82686]:main():gmm-acc-stats-twofeats.cc:140) Average like for this file is -53.069 over 33 frames.
LOG (gmm-acc-stats-twofeats[5.2.132~9-82686]:main():gmm-acc-stats-twofeats.cc:140) Average like for this file is -50.5056 over 38 frames.
LOG (gmm-acc-stats-twofeats[5.2.132~9-82686]:main():gmm-acc-stats-twofeats.cc:140) Average like for this file is -46.6987 over 45 frames.
LOG (gmm-acc-stats-twofeats[5.2.132~9-82686]:main():gmm-acc-stats-twofeats.cc:140) Average like for this file is -49.5107 over 20 frames.
LOG (gmm-acc-stats-twofeats[5.2.132~9-82686]:main():gmm-acc-stats-twofeats.cc:140) Average like for this file is -44.9326 over 25 frames.
LOG (gmm-acc-stats-twofeats[5.2.132~9-82686]:main():gmm-acc-stats-twofeats.cc:140) Average like for this file is -46.8486 over 28 frames.
LOG (gmm-acc-stats-twofeats[5.2.132~9-82686]:main():gmm-acc-stats-twofeats.cc:140) Average like for this file is -58.4489 over 20 frames.
LOG (gmm-acc-stats-twofeats[5.2.132~9-82686]:main():gmm-acc-stats-twofeats.cc:140) Average like for this file is -45.2953 over 18 frames.
LOG (gmm-acc-stats-twofeats[5.2.132~9-82686]:main():gmm-acc-stats-twofeats.cc:140) Average like for this file is -46.7449 over 24 frames.
LOG (gmm-acc-stats-twofeats[5.2.132~9-82686]:main():gmm-acc-stats-twofeats.cc:146) Avg like per frame so far is -49.1268
LOG (gmm-acc-stats-twofeats[5.2.132~9-82686]:main():gmm-acc-stats-twofeats.cc:140) Average like for this file is -41.8622 over 24 frames.
LOG (gmm-acc-stats-twofeats[5.2.132~9-82686]:main():gmm-acc-stats-twofeats.cc:140) Average like for this file is -46.1855 over 37 frames.
LOG (gmm-acc-stats-twofeats[5.2.132~9-82686]:main():gmm-acc-stats-twofeats.cc:140) Average like for this file is -48.1609 over 24 frames.
LOG (gmm-acc-stats-twofeats[5.2.132~9-82686]:main():gmm-acc-stats-twofeats.cc:140) Average like for this file is -45.6352 over 21 frames.
LOG (gmm-acc-stats-twofeats[5.2.132~9-82686]:main():gmm-acc-stats-twofeats.cc:140) Average like for this file is -49.3239 over 23 frames.
LOG (gmm-acc-stats-twofeats[5.2.132~9-82686]:main():gmm-acc-stats-twofeats.cc:140) Average like for this file is -44.4983 over 24 frames.
LOG (gmm-acc-stats-twofeats[5.2.132~9-82686]:main():gmm-acc-stats-twofeats.cc:140) Average like for this file is -46.543 over 20 frames.
LOG (gmm-acc-stats-twofeats[5.2.132~9-82686]:main():gmm-acc-stats-twofeats.cc:140) Average like for this file is -50.0282 over 19 frames.
LOG (gmm-acc-stats-twofeats[5.2.132~9-82686]:main():gmm-acc-stats-twofeats.cc:140) Average like for this file is -51.1185 over 22 frames.
LOG (gmm-acc-stats-twofeats[5.2.132~9-82686]:main():gmm-acc-stats-twofeats.cc:140) Average like for this file is -50.8099 over 20 frames.
LOG (gmm-acc-stats-twofeats[5.2.132~9-82686]:main():gmm-acc-stats-twofeats.cc:146) Avg like per frame so far is -49.0955
LOG (gmm-acc-stats-twofeats[5.2.132~9-82686]:main():gmm-acc-stats-twofeats.cc:140) Average like for this file is -44.9449 over 33 frames.
LOG (gmm-acc-stats-twofeats[5.2.132~9-82686]:main():gmm-acc-stats-twofeats.cc:140) Average like for this file is -42.4402 over 24 frames.
LOG (gmm-acc-stats-twofeats[5.2.132~9-82686]:main():gmm-acc-stats-twofeats.cc:140) Average like for this file is -46.6332 over 23 frames.
LOG (gmm-acc-stats-twofeats[5.2.132~9-82686]:main():gmm-acc-stats-twofeats.cc:140) Average like for this file is -48.5503 over 28 frames.
LOG (gmm-acc-stats-twofeats[5.2.132~9-82686]:main():gmm-acc-stats-twofeats.cc:140) Average like for this file is -51.839 over 61 frames.
LOG (gmm-acc-stats-twofeats[5.2.132~9-82686]:main():gmm-acc-stats-twofeats.cc:140) Average like for this file is -47.2024 over 43 frames.
LOG (gmm-acc-stats-twofeats[5.2.132~9-82686]:main():gmm-acc-stats-twofeats.cc:140) Average like for this file is -45.3215 over 37 frames.
LOG (gmm-acc-stats-twofeats[5.2.132~9-82686]:main():gmm-acc-stats-twofeats.cc:140) Average like for this file is -47.58 over 39 frames.
LOG (gmm-acc-stats-twofeats[5.2.132~9-82686]:main():gmm-acc-stats-twofeats.cc:140) Average like for this file is -46.7091 over 36 frames.
LOG (gmm-acc-stats-twofeats[5.2.132~9-82686]:main():gmm-acc-stats-twofeats.cc:140) Average like for this file is -51.2825 over 47 frames.
LOG (gmm-acc-stats-twofeats[5.2.132~9-82686]:main():gmm-acc-stats-twofeats.cc:146) Avg like per frame so far is -49.0635
LOG (gmm-acc-stats-twofeats[5.2.132~9-82686]:main():gmm-acc-stats-twofeats.cc:140) Average like for this file is -46.4702 over 39 frames.
LOG (gmm-acc-stats-twofeats[5.2.132~9-82686]:main():gmm-acc-stats-twofeats.cc:140) Average like for this file is -52.0928 over 30 frames.
LOG (gmm-acc-stats-twofeats[5.2.132~9-82686]:main():gmm-acc-stats-twofeats.cc:140) Average like for this file is -49.8882 over 40 frames.
LOG (gmm-acc-stats-twofeats[5.2.132~9-82686]:main():gmm-acc-stats-twofeats.cc:140) Average like for this file is -53.0064 over 43 frames.
LOG (gmm-acc-stats-twofeats[5.2.132~9-82686]:main():gmm-acc-stats-twofeats.cc:140) Average like for this file is -55.4291 over 35 frames.
LOG (gmm-acc-stats-twofeats[5.2.132~9-82686]:main():gmm-acc-stats-twofeats.cc:140) Average like for this file is -53.8859 over 32 frames.
LOG (gmm-acc-stats-twofeats[5.2.132~9-82686]:main():gmm-acc-stats-twofeats.cc:140) Average like for this file is -55.919 over 35 frames.
LOG (gmm-acc-stats-twofeats[5.2.132~9-82686]:main():gmm-acc-stats-twofeats.cc:140) Average like for this file is -58.9941 over 39 frames.
LOG (gmm-acc-stats-twofeats[5.2.132~9-82686]:main():gmm-acc-stats-twofeats.cc:140) Average like for this file is -59.0181 over 33 frames.
LOG (gmm-acc-stats-twofeats[5.2.132~9-82686]:main():gmm-acc-stats-twofeats.cc:140) Average like for this file is -45.3041 over 38 frames.
LOG (gmm-acc-stats-twofeats[5.2.132~9-82686]:main():gmm-acc-stats-twofeats.cc:146) Avg like per frame so far is -49.1564
LOG (gmm-acc-stats-twofeats[5.2.132~9-82686]:main():gmm-acc-stats-twofeats.cc:140) Average like for this file is -43.0731 over 40 frames.
LOG (gmm-acc-stats-twofeats[5.2.132~9-82686]:main():gmm-acc-stats-twofeats.cc:140) Average like for this file is -42.4534 over 38 frames.
LOG (gmm-acc-stats-twofeats[5.2.132~9-82686]:main():gmm-acc-stats-twofeats.cc:140) Average like for this file is -43.8093 over 38 frames.
LOG (gmm-acc-stats-twofeats[5.2.132~9-82686]:main():gmm-acc-stats-twofeats.cc:140) Average like for this file is -41.1451 over 37 frames.
LOG (gmm-acc-stats-twofeats[5.2.132~9-82686]:main():gmm-acc-stats-twofeats.cc:140) Average like for this file is -44.5261 over 40 frames.
LOG (gmm-acc-stats-twofeats[5.2.132~9-82686]:main():gmm-acc-stats-twofeats.cc:140) Average like for this file is -42.9542 over 33 frames.
LOG (gmm-acc-stats-twofeats[5.2.132~9-82686]:main():gmm-acc-stats-twofeats.cc:140) Average like for this file is -45.7529 over 29 frames.
LOG (gmm-acc-stats-twofeats[5.2.132~9-82686]:main():gmm-acc-stats-twofeats.cc:140) Average like for this file is -48.845 over 52 frames.
LOG (gmm-acc-stats-twofeats[5.2.132~9-82686]:main():gmm-acc-stats-twofeats.cc:140) Average like for this file is -48.8822 over 52 frames.
LOG (gmm-acc-stats-twofeats[5.2.132~9-82686]:main():gmm-acc-stats-twofeats.cc:140) Average like for this file is -46.7213 over 37 frames.
LOG (gmm-acc-stats-twofeats[5.2.132~9-82686]:main():gmm-acc-stats-twofeats.cc:146) Avg like per frame so far is -49.0512
LOG (gmm-acc-stats-twofeats[5.2.132~9-82686]:main():gmm-acc-stats-twofeats.cc:140) Average like for this file is -38.6411 over 43 frames.
LOG (gmm-acc-stats-twofeats[5.2.132~9-82686]:main():gmm-acc-stats-twofeats.cc:140) Average like for this file is -45.0801 over 50 frames.
LOG (gmm-acc-stats-twofeats[5.2.132~9-82686]:main():gmm-acc-stats-twofeats.cc:140) Average like for this file is -46.5273 over 34 frames.
LOG (gmm-acc-stats-twofeats[5.2.132~9-82686]:main():gmm-acc-stats-twofeats.cc:140) Average like for this file is -44.9436 over 38 frames.
LOG (gmm-acc-stats-twofeats[5.2.132~9-82686]:main():gmm-acc-stats-twofeats.cc:140) Average like for this file is -52.0855 over 36 frames.
LOG (gmm-acc-stats-twofeats[5.2.132~9-82686]:main():gmm-acc-stats-twofeats.cc:140) Average like for this file is -41.4406 over 42 frames.
LOG (gmm-acc-stats-twofeats[5.2.132~9-82686]:main():gmm-acc-stats-twofeats.cc:140) Average like for this file is -43.2489 over 35 frames.
LOG (gmm-acc-stats-twofeats[5.2.132~9-82686]:main():gmm-acc-stats-twofeats.cc:140) Average like for this file is -46.6023 over 23 frames.
LOG (gmm-acc-stats-twofeats[5.2.132~9-82686]:main():gmm-acc-stats-twofeats.cc:140) Average like for this file is -60.2374 over 24 frames.
LOG (gmm-acc-stats-twofeats[5.2.132~9-82686]:main():gmm-acc-stats-twofeats.cc:140) Average like for this file is -52.8369 over 19 frames.
LOG (gmm-acc-stats-twofeats[5.2.132~9-82686]:main():gmm-acc-stats-twofeats.cc:146) Avg like per frame so far is -48.9861
LOG (gmm-acc-stats-twofeats[5.2.132~9-82686]:main():gmm-acc-stats-twofeats.cc:140) Average like for this file is -51.7025 over 22 frames.
LOG (gmm-acc-stats-twofeats[5.2.132~9-82686]:main():gmm-acc-stats-twofeats.cc:140) Average like for this file is -51.8251 over 28 frames.
LOG (gmm-acc-stats-twofeats[5.2.132~9-82686]:main():gmm-acc-stats-twofeats.cc:140) Average like for this file is -48.4862 over 18 frames.
LOG (gmm-acc-stats-twofeats[5.2.132~9-82686]:main():gmm-acc-stats-twofeats.cc:140) Average like for this file is -52.0871 over 19 frames.
LOG (gmm-acc-stats-twofeats[5.2.132~9-82686]:main():gmm-acc-stats-twofeats.cc:140) Average like for this file is -47.3809 over 17 frames.
LOG (gmm-acc-stats-twofeats[5.2.132~9-82686]:main():gmm-acc-stats-twofeats.cc:140) Average like for this file is -46.4365 over 19 frames.
LOG (gmm-acc-stats-twofeats[5.2.132~9-82686]:main():gmm-acc-stats-twofeats.cc:140) Average like for this file is -55.2432 over 18 frames.
LOG (gmm-acc-stats-twofeats[5.2.132~9-82686]:main():gmm-acc-stats-twofeats.cc:140) Average like for this file is -51.8488 over 21 frames.
LOG (gmm-acc-stats-twofeats[5.2.132~9-82686]:main():gmm-acc-stats-twofeats.cc:140) Average like for this file is -62.2214 over 17 frames.
LOG (gmm-acc-stats-twofeats[5.2.132~9-82686]:main():gmm-acc-stats-twofeats.cc:140) Average like for this file is -52.3031 over 18 frames.
LOG (gmm-acc-stats-twofeats[5.2.132~9-82686]:main():gmm-acc-stats-twofeats.cc:146) Avg like per frame so far is -49.0222
LOG (gmm-acc-stats-twofeats[5.2.132~9-82686]:main():gmm-acc-stats-twofeats.cc:140) Average like for this file is -61.3267 over 25 frames.
LOG (gmm-acc-stats-twofeats[5.2.132~9-82686]:main():gmm-acc-stats-twofeats.cc:140) Average like for this file is -57.8686 over 28 frames.
LOG (gmm-acc-stats-twofeats[5.2.132~9-82686]:main():gmm-acc-stats-twofeats.cc:140) Average like for this file is -59.1041 over 32 frames.
LOG (gmm-acc-stats-twofeats[5.2.132~9-82686]:main():gmm-acc-stats-twofeats.cc:140) Average like for this file is -56.6624 over 34 frames.
LOG (gmm-acc-stats-twofeats[5.2.132~9-82686]:main():gmm-acc-stats-twofeats.cc:140) Average like for this file is -52.607 over 40 frames.
LOG (gmm-acc-stats-twofeats[5.2.132~9-82686]:main():gmm-acc-stats-twofeats.cc:140) Average like for this file is -62.4348 over 41 frames.
LOG (gmm-acc-stats-twofeats[5.2.132~9-82686]:main():gmm-acc-stats-twofeats.cc:140) Average like for this file is -52.7825 over 42 frames.
LOG (gmm-acc-stats-twofeats[5.2.132~9-82686]:main():gmm-acc-stats-twofeats.cc:140) Average like for this file is -51.1181 over 48 frames.
LOG (gmm-acc-stats-twofeats[5.2.132~9-82686]:main():gmm-acc-stats-twofeats.cc:140) Average like for this file is -53.7671 over 37 frames.
LOG (gmm-acc-stats-twofeats[5.2.132~9-82686]:main():gmm-acc-stats-twofeats.cc:140) Average like for this file is -56.174 over 40 frames.
LOG (gmm-acc-stats-twofeats[5.2.132~9-82686]:main():gmm-acc-stats-twofeats.cc:146) Avg like per frame so far is -49.1798
LOG (gmm-acc-stats-twofeats[5.2.132~9-82686]:main():gmm-acc-stats-twofeats.cc:140) Average like for this file is -51.3334 over 28 frames.
LOG (gmm-acc-stats-twofeats[5.2.132~9-82686]:main():gmm-acc-stats-twofeats.cc:140) Average like for this file is -60.8562 over 24 frames.
LOG (gmm-acc-stats-twofeats[5.2.132~9-82686]:main():gmm-acc-stats-twofeats.cc:140) Average like for this file is -54.406 over 30 frames.
LOG (gmm-acc-stats-twofeats[5.2.132~9-82686]:main():gmm-acc-stats-twofeats.cc:140) Average like for this file is -60.5022 over 24 frames.
LOG (gmm-acc-stats-twofeats[5.2.132~9-82686]:main():gmm-acc-stats-twofeats.cc:140) Average like for this file is -57.1266 over 24 frames.
LOG (gmm-acc-stats-twofeats[5.2.132~9-82686]:main():gmm-acc-stats-twofeats.cc:140) Average like for this file is -53.8377 over 23 frames.
LOG (gmm-acc-stats-twofeats[5.2.132~9-82686]:main():gmm-acc-stats-twofeats.cc:140) Average like for this file is -55.6228 over 32 frames.
LOG (gmm-acc-stats-twofeats[5.2.132~9-82686]:main():gmm-acc-stats-twofeats.cc:140) Average like for this file is -50.8444 over 28 frames.
LOG (gmm-acc-stats-twofeats[5.2.132~9-82686]:main():gmm-acc-stats-twofeats.cc:140) Average like for this file is -57.0855 over 30 frames.
LOG (gmm-acc-stats-twofeats[5.2.132~9-82686]:main():gmm-acc-stats-twofeats.cc:140) Average like for this file is -46.7894 over 24 frames.
LOG (gmm-acc-stats-twofeats[5.2.132~9-82686]:main():gmm-acc-stats-twofeats.cc:146) Avg like per frame so far is -49.2709
LOG (gmm-acc-stats-twofeats[5.2.132~9-82686]:main():gmm-acc-stats-twofeats.cc:140) Average like for this file is -51.778 over 25 frames.
LOG (gmm-acc-stats-twofeats[5.2.132~9-82686]:main():gmm-acc-stats-twofeats.cc:140) Average like for this file is -46.1835 over 28 frames.
LOG (gmm-acc-stats-twofeats[5.2.132~9-82686]:main():gmm-acc-stats-twofeats.cc:140) Average like for this file is -42.7577 over 24 frames.
LOG (gmm-acc-stats-twofeats[5.2.132~9-82686]:main():gmm-acc-stats-twofeats.cc:140) Average like for this file is -48.1071 over 31 frames.
LOG (gmm-acc-stats-twofeats[5.2.132~9-82686]:main():gmm-acc-stats-twofeats.cc:140) Average like for this file is -45.7715 over 27 frames.
LOG (gmm-acc-stats-twofeats[5.2.132~9-82686]:main():gmm-acc-stats-twofeats.cc:140) Average like for this file is -53.8808 over 26 frames.
LOG (gmm-acc-stats-twofeats[5.2.132~9-82686]:main():gmm-acc-stats-twofeats.cc:140) Average like for this file is -45.8432 over 39 frames.
LOG (gmm-acc-stats-twofeats[5.2.132~9-82686]:main():gmm-acc-stats-twofeats.cc:140) Average like for this file is -45.4355 over 28 frames.
LOG (gmm-acc-stats-twofeats[5.2.132~9-82686]:main():gmm-acc-stats-twofeats.cc:140) Average like for this file is -43.5488 over 31 frames.
LOG (gmm-acc-stats-twofeats[5.2.132~9-82686]:main():gmm-acc-stats-twofeats.cc:140) Average like for this file is -44.08 over 30 frames.
LOG (gmm-acc-stats-twofeats[5.2.132~9-82686]:main():gmm-acc-stats-twofeats.cc:146) Avg like per frame so far is -49.2252
LOG (gmm-acc-stats-twofeats[5.2.132~9-82686]:main():gmm-acc-stats-twofeats.cc:140) Average like for this file is -57.1779 over 27 frames.
LOG (gmm-acc-stats-twofeats[5.2.132~9-82686]:main():gmm-acc-stats-twofeats.cc:140) Average like for this file is -51.0897 over 34 frames.
LOG (gmm-acc-stats-twofeats[5.2.132~9-82686]:main():gmm-acc-stats-twofeats.cc:140) Average like for this file is -50.6776 over 33 frames.
LOG (gmm-acc-stats-twofeats[5.2.132~9-82686]:main():gmm-acc-stats-twofeats.cc:140) Average like for this file is -54.0739 over 24 frames.
LOG (gmm-acc-stats-twofeats[5.2.132~9-82686]:main():gmm-acc-stats-twofeats.cc:140) Average like for this file is -54.5769 over 36 frames.
LOG (gmm-acc-stats-twofeats[5.2.132~9-82686]:main():gmm-acc-stats-twofeats.cc:140) Average like for this file is -54.1141 over 41 frames.
LOG (gmm-acc-stats-twofeats[5.2.132~9-82686]:main():gmm-acc-stats-twofeats.cc:140) Average like for this file is -50.5556 over 38 frames.
LOG (gmm-acc-stats-twofeats[5.2.132~9-82686]:main():gmm-acc-stats-twofeats.cc:140) Average like for this file is -53.0325 over 37 frames.
LOG (gmm-acc-stats-twofeats[5.2.132~9-82686]:main():gmm-acc-stats-twofeats.cc:140) Average like for this file is -62.2687 over 36 frames.
LOG (gmm-acc-stats-twofeats[5.2.132~9-82686]:main():gmm-acc-stats-twofeats.cc:140) Average like for this file is -56.1254 over 28 frames.
LOG (gmm-acc-stats-twofeats[5.2.132~9-82686]:main():gmm-acc-stats-twofeats.cc:146) Avg like per frame so far is -49.3241
LOG (gmm-acc-stats-twofeats[5.2.132~9-82686]:main():gmm-acc-stats-twofeats.cc:140) Average like for this file is -57.1127 over 36 frames.
LOG (gmm-acc-stats-twofeats[5.2.132~9-82686]:main():gmm-acc-stats-twofeats.cc:140) Average like for this file is -56.7314 over 26 frames.
LOG (gmm-acc-stats-twofeats[5.2.132~9-82686]:main():gmm-acc-stats-twofeats.cc:140) Average like for this file is -59.8704 over 31 frames.
LOG (gmm-acc-stats-twofeats[5.2.132~9-82686]:main():gmm-acc-stats-twofeats.cc:140) Average like for this file is -50.806 over 30 frames.
LOG (gmm-acc-stats-twofeats[5.2.132~9-82686]:main():gmm-acc-stats-twofeats.cc:140) Average like for this file is -60.2264 over 31 frames.
LOG (gmm-acc-stats-twofeats[5.2.132~9-82686]:main():gmm-acc-stats-twofeats.cc:140) Average like for this file is -47.792 over 78 frames.
LOG (gmm-acc-stats-twofeats[5.2.132~9-82686]:main():gmm-acc-stats-twofeats.cc:140) Average like for this file is -51.4439 over 65 frames.
LOG (gmm-acc-stats-twofeats[5.2.132~9-82686]:main():gmm-acc-stats-twofeats.cc:140) Average like for this file is -48.8982 over 63 frames.
LOG (gmm-acc-stats-twofeats[5.2.132~9-82686]:main():gmm-acc-stats-twofeats.cc:140) Average like for this file is -49.7988 over 30 frames.
LOG (gmm-acc-stats-twofeats[5.2.132~9-82686]:main():gmm-acc-stats-twofeats.cc:140) Average like for this file is -52.2531 over 29 frames.
LOG (gmm-acc-stats-twofeats[5.2.132~9-82686]:main():gmm-acc-stats-twofeats.cc:146) Avg like per frame so far is -49.3969
LOG (gmm-acc-stats-twofeats[5.2.132~9-82686]:main():gmm-acc-stats-twofeats.cc:140) Average like for this file is -51.908 over 29 frames.
LOG (gmm-acc-stats-twofeats[5.2.132~9-82686]:main():gmm-acc-stats-twofeats.cc:140) Average like for this file is -47.5033 over 34 frames.
LOG (gmm-acc-stats-twofeats[5.2.132~9-82686]:main():gmm-acc-stats-twofeats.cc:140) Average like for this file is -49.0116 over 21 frames.
LOG (gmm-acc-stats-twofeats[5.2.132~9-82686]:main():gmm-acc-stats-twofeats.cc:140) Average like for this file is -52.5093 over 31 frames.
LOG (gmm-acc-stats-twofeats[5.2.132~9-82686]:main():gmm-acc-stats-twofeats.cc:140) Average like for this file is -49.9616 over 27 frames.
LOG (gmm-acc-stats-twofeats[5.2.132~9-82686]:main():gmm-acc-stats-twofeats.cc:140) Average like for this file is -48.1338 over 26 frames.
LOG (gmm-acc-stats-twofeats[5.2.132~9-82686]:main():gmm-acc-stats-twofeats.cc:140) Average like for this file is -49.3199 over 30 frames.
LOG (gmm-acc-stats-twofeats[5.2.132~9-82686]:main():gmm-acc-stats-twofeats.cc:140) Average like for this file is -47.5458 over 29 frames.
LOG (gmm-acc-stats-twofeats[5.2.132~9-82686]:main():gmm-acc-stats-twofeats.cc:140) Average like for this file is -49.7202 over 31 frames.
LOG (gmm-acc-stats-twofeats[5.2.132~9-82686]:main():gmm-acc-stats-twofeats.cc:140) Average like for this file is -50.1851 over 23 frames.
LOG (gmm-acc-stats-twofeats[5.2.132~9-82686]:main():gmm-acc-stats-twofeats.cc:146) Avg like per frame so far is -49.3998
LOG (gmm-acc-stats-twofeats[5.2.132~9-82686]:main():gmm-acc-stats-twofeats.cc:140) Average like for this file is -49.4833 over 46 frames.
LOG (gmm-acc-stats-twofeats[5.2.132~9-82686]:main():gmm-acc-stats-twofeats.cc:140) Average like for this file is -55.8467 over 39 frames.
LOG (gmm-acc-stats-twofeats[5.2.132~9-82686]:main():gmm-acc-stats-twofeats.cc:140) Average like for this file is -47.6971 over 34 frames.
LOG (gmm-acc-stats-twofeats[5.2.132~9-82686]:main():gmm-acc-stats-twofeats.cc:140) Average like for this file is -51.5468 over 37 frames.
LOG (gmm-acc-stats-twofeats[5.2.132~9-82686]:main():gmm-acc-stats-twofeats.cc:140) Average like for this file is -45.7385 over 29 frames.
LOG (gmm-acc-stats-twofeats[5.2.132~9-82686]:main():gmm-acc-stats-twofeats.cc:140) Average like for this file is -46.1664 over 35 frames.
LOG (gmm-acc-stats-twofeats[5.2.132~9-82686]:main():gmm-acc-stats-twofeats.cc:140) Average like for this file is -50.9097 over 27 frames.
LOG (gmm-acc-stats-twofeats[5.2.132~9-82686]:main():gmm-acc-stats-twofeats.cc:140) Average like for this file is -48.0991 over 31 frames.
LOG (gmm-acc-stats-twofeats[5.2.132~9-82686]:main():gmm-acc-stats-twofeats.cc:140) Average like for this file is -55.0945 over 25 frames.
LOG (gmm-acc-stats-twofeats[5.2.132~9-82686]:main():gmm-acc-stats-twofeats.cc:140) Average like for this file is -51.9472 over 34 frames.
LOG (gmm-acc-stats-twofeats[5.2.132~9-82686]:main():gmm-acc-stats-twofeats.cc:146) Avg like per frame so far is -49.4156
LOG (gmm-acc-stats-twofeats[5.2.132~9-82686]:main():gmm-acc-stats-twofeats.cc:140) Average like for this file is -45.1951 over 57 frames.
LOG (gmm-acc-stats-twofeats[5.2.132~9-82686]:main():gmm-acc-stats-twofeats.cc:140) Average like for this file is -52.9159 over 46 frames.
LOG (gmm-acc-stats-twofeats[5.2.132~9-82686]:main():gmm-acc-stats-twofeats.cc:140) Average like for this file is -50.2448 over 18 frames.
LOG (gmm-acc-stats-twofeats[5.2.132~9-82686]:main():gmm-acc-stats-twofeats.cc:140) Average like for this file is -47.814 over 12 frames.
LOG (gmm-acc-stats-twofeats[5.2.132~9-82686]:main():gmm-acc-stats-twofeats.cc:140) Average like for this file is -51.6141 over 22 frames.
LOG (gmm-acc-stats-twofeats[5.2.132~9-82686]:main():gmm-acc-stats-twofeats.cc:140) Average like for this file is -54.1706 over 21 frames.
LOG (gmm-acc-stats-twofeats[5.2.132~9-82686]:main():gmm-acc-stats-twofeats.cc:140) Average like for this file is -55.3199 over 26 frames.
LOG (gmm-acc-stats-twofeats[5.2.132~9-82686]:main():gmm-acc-stats-twofeats.cc:140) Average like for this file is -49.7499 over 28 frames.
LOG (ali-to-post[5.2.132~9-82686]:main():ali-to-post.cc:73) Converted 590 alignments.
LOG (gmm-acc-stats-twofeats[5.2.132~9-82686]:main():gmm-acc-stats-twofeats.cc:140) Average like for this file is -55.321 over 25 frames.
LOG (gmm-acc-stats-twofeats[5.2.132~9-82686]:main():gmm-acc-stats-twofeats.cc:140) Average like for this file is -52.9708 over 20 frames.
LOG (gmm-acc-stats-twofeats[5.2.132~9-82686]:main():gmm-acc-stats-twofeats.cc:146) Avg like per frame so far is -49.4399
LOG (gmm-acc-stats-twofeats[5.2.132~9-82686]:main():gmm-acc-stats-twofeats.cc:140) Average like for this file is -57.9272 over 30 frames.
LOG (gmm-acc-stats-twofeats[5.2.132~9-82686]:main():gmm-acc-stats-twofeats.cc:140) Average like for this file is -52.5377 over 33 frames.
LOG (gmm-acc-stats-twofeats[5.2.132~9-82686]:main():gmm-acc-stats-twofeats.cc:140) Average like for this file is -53.1426 over 19 frames.
LOG (gmm-acc-stats-twofeats[5.2.132~9-82686]:main():gmm-acc-stats-twofeats.cc:140) Average like for this file is -57.5886 over 45 frames.
LOG (gmm-acc-stats-twofeats[5.2.132~9-82686]:main():gmm-acc-stats-twofeats.cc:140) Average like for this file is -52.7166 over 44 frames.
LOG (gmm-acc-stats-twofeats[5.2.132~9-82686]:main():gmm-acc-stats-twofeats.cc:140) Average like for this file is -51.027 over 31 frames.
LOG (gmm-acc-stats-twofeats[5.2.132~9-82686]:main():gmm-acc-stats-twofeats.cc:140) Average like for this file is -47.6242 over 29 frames.
LOG (gmm-acc-stats-twofeats[5.2.132~9-82686]:main():gmm-acc-stats-twofeats.cc:140) Average like for this file is -46.7165 over 33 frames.
LOG (gmm-acc-stats-twofeats[5.2.132~9-82686]:main():gmm-acc-stats-twofeats.cc:140) Average like for this file is -46.6902 over 31 frames.
LOG (gmm-acc-stats-twofeats[5.2.132~9-82686]:main():gmm-acc-stats-twofeats.cc:140) Average like for this file is -48.5361 over 44 frames.
LOG (gmm-acc-stats-twofeats[5.2.132~9-82686]:main():gmm-acc-stats-twofeats.cc:146) Avg like per frame so far is -49.4783
LOG (gmm-acc-stats-twofeats[5.2.132~9-82686]:main():gmm-acc-stats-twofeats.cc:140) Average like for this file is -56.016 over 36 frames.
LOG (gmm-acc-stats-twofeats[5.2.132~9-82686]:main():gmm-acc-stats-twofeats.cc:140) Average like for this file is -48.1674 over 46 frames.
LOG (gmm-acc-stats-twofeats[5.2.132~9-82686]:main():gmm-acc-stats-twofeats.cc:140) Average like for this file is -50.7392 over 44 frames.
LOG (gmm-acc-stats-twofeats[5.2.132~9-82686]:main():gmm-acc-stats-twofeats.cc:140) Average like for this file is -60.8496 over 26 frames.
LOG (gmm-acc-stats-twofeats[5.2.132~9-82686]:main():gmm-acc-stats-twofeats.cc:140) Average like for this file is -59.6961 over 26 frames.
LOG (gmm-acc-stats-twofeats[5.2.132~9-82686]:main():gmm-acc-stats-twofeats.cc:140) Average like for this file is -45.2688 over 65 frames.
LOG (gmm-acc-stats-twofeats[5.2.132~9-82686]:main():gmm-acc-stats-twofeats.cc:140) Average like for this file is -39.6836 over 53 frames.
LOG (gmm-acc-stats-twofeats[5.2.132~9-82686]:main():gmm-acc-stats-twofeats.cc:140) Average like for this file is -42.6152 over 47 frames.
LOG (gmm-acc-stats-twofeats[5.2.132~9-82686]:main():gmm-acc-stats-twofeats.cc:140) Average like for this file is -45.4958 over 41 frames.
LOG (gmm-acc-stats-twofeats[5.2.132~9-82686]:main():gmm-acc-stats-twofeats.cc:140) Average like for this file is -46.7193 over 37 frames.
LOG (gmm-acc-stats-twofeats[5.2.132~9-82686]:main():gmm-acc-stats-twofeats.cc:146) Avg like per frame so far is -49.4476
LOG (gmm-acc-stats-twofeats[5.2.132~9-82686]:main():gmm-acc-stats-twofeats.cc:140) Average like for this file is -52.6134 over 33 frames.
LOG (gmm-acc-stats-twofeats[5.2.132~9-82686]:main():gmm-acc-stats-twofeats.cc:140) Average like for this file is -48.5235 over 29 frames.
LOG (gmm-acc-stats-twofeats[5.2.132~9-82686]:main():gmm-acc-stats-twofeats.cc:140) Average like for this file is -51.0219 over 23 frames.
LOG (gmm-acc-stats-twofeats[5.2.132~9-82686]:main():gmm-acc-stats-twofeats.cc:140) Average like for this file is -53.8173 over 28 frames.
LOG (gmm-acc-stats-twofeats[5.2.132~9-82686]:main():gmm-acc-stats-twofeats.cc:140) Average like for this file is -57.0701 over 32 frames.
LOG (gmm-acc-stats-twofeats[5.2.132~9-82686]:main():gmm-acc-stats-twofeats.cc:140) Average like for this file is -51.2907 over 29 frames.
LOG (gmm-acc-stats-twofeats[5.2.132~9-82686]:main():gmm-acc-stats-twofeats.cc:140) Average like for this file is -51.5548 over 28 frames.
LOG (gmm-acc-stats-twofeats[5.2.132~9-82686]:main():gmm-acc-stats-twofeats.cc:140) Average like for this file is -48.5645 over 43 frames.
LOG (gmm-acc-stats-twofeats[5.2.132~9-82686]:main():gmm-acc-stats-twofeats.cc:140) Average like for this file is -45.0696 over 28 frames.
LOG (gmm-acc-stats-twofeats[5.2.132~9-82686]:main():gmm-acc-stats-twofeats.cc:140) Average like for this file is -49.8235 over 32 frames.
LOG (gmm-acc-stats-twofeats[5.2.132~9-82686]:main():gmm-acc-stats-twofeats.cc:146) Avg like per frame so far is -49.4704
LOG (gmm-acc-stats-twofeats[5.2.132~9-82686]:main():gmm-acc-stats-twofeats.cc:140) Average like for this file is -52.046 over 26 frames.
LOG (gmm-acc-stats-twofeats[5.2.132~9-82686]:main():gmm-acc-stats-twofeats.cc:140) Average like for this file is -47.2867 over 40 frames.
LOG (gmm-acc-stats-twofeats[5.2.132~9-82686]:main():gmm-acc-stats-twofeats.cc:140) Average like for this file is -48.5985 over 50 frames.
LOG (gmm-acc-stats-twofeats[5.2.132~9-82686]:main():gmm-acc-stats-twofeats.cc:140) Average like for this file is -42.644 over 50 frames.
LOG (gmm-acc-stats-twofeats[5.2.132~9-82686]:main():gmm-acc-stats-twofeats.cc:140) Average like for this file is -47.0223 over 33 frames.
LOG (gmm-acc-stats-twofeats[5.2.132~9-82686]:main():gmm-acc-stats-twofeats.cc:140) Average like for this file is -51.0455 over 23 frames.
LOG (gmm-acc-stats-twofeats[5.2.132~9-82686]:main():gmm-acc-stats-twofeats.cc:140) Average like for this file is -50.2692 over 32 frames.
LOG (gmm-acc-stats-twofeats[5.2.132~9-82686]:main():gmm-acc-stats-twofeats.cc:140) Average like for this file is -50.1887 over 37 frames.
LOG (gmm-acc-stats-twofeats[5.2.132~9-82686]:main():gmm-acc-stats-twofeats.cc:140) Average like for this file is -43.7775 over 40 frames.
LOG (gmm-acc-stats-twofeats[5.2.132~9-82686]:main():gmm-acc-stats-twofeats.cc:140) Average like for this file is -51.8952 over 36 frames.
LOG (gmm-acc-stats-twofeats[5.2.132~9-82686]:main():gmm-acc-stats-twofeats.cc:146) Avg like per frame so far is -49.4432
LOG (gmm-acc-stats-twofeats[5.2.132~9-82686]:main():gmm-acc-stats-twofeats.cc:140) Average like for this file is -50.1622 over 47 frames.
LOG (gmm-acc-stats-twofeats[5.2.132~9-82686]:main():gmm-acc-stats-twofeats.cc:140) Average like for this file is -48.6441 over 42 frames.
LOG (gmm-acc-stats-twofeats[5.2.132~9-82686]:main():gmm-acc-stats-twofeats.cc:140) Average like for this file is -47.925 over 44 frames.
LOG (gmm-acc-stats-twofeats[5.2.132~9-82686]:main():gmm-acc-stats-twofeats.cc:140) Average like for this file is -53.8011 over 22 frames.
LOG (gmm-acc-stats-twofeats[5.2.132~9-82686]:main():gmm-acc-stats-twofeats.cc:140) Average like for this file is -53.203 over 21 frames.
LOG (gmm-acc-stats-twofeats[5.2.132~9-82686]:main():gmm-acc-stats-twofeats.cc:140) Average like for this file is -51.1725 over 44 frames.
LOG (gmm-acc-stats-twofeats[5.2.132~9-82686]:main():gmm-acc-stats-twofeats.cc:140) Average like for this file is -50.4889 over 36 frames.
LOG (gmm-acc-stats-twofeats[5.2.132~9-82686]:main():gmm-acc-stats-twofeats.cc:140) Average like for this file is -47.2176 over 39 frames.
LOG (gmm-acc-stats-twofeats[5.2.132~9-82686]:main():gmm-acc-stats-twofeats.cc:140) Average like for this file is -48.3441 over 35 frames.
LOG (gmm-acc-stats-twofeats[5.2.132~9-82686]:main():gmm-acc-stats-twofeats.cc:140) Average like for this file is -44.4911 over 30 frames.
LOG (gmm-acc-stats-twofeats[5.2.132~9-82686]:main():gmm-acc-stats-twofeats.cc:146) Avg like per frame so far is -49.4407
LOG (gmm-acc-stats-twofeats[5.2.132~9-82686]:main():gmm-acc-stats-twofeats.cc:140) Average like for this file is -45.1399 over 38 frames.
LOG (gmm-acc-stats-twofeats[5.2.132~9-82686]:main():gmm-acc-stats-twofeats.cc:140) Average like for this file is -52.8989 over 18 frames.
LOG (gmm-acc-stats-twofeats[5.2.132~9-82686]:main():gmm-acc-stats-twofeats.cc:140) Average like for this file is -49.5989 over 23 frames.
LOG (gmm-acc-stats-twofeats[5.2.132~9-82686]:main():gmm-acc-stats-twofeats.cc:140) Average like for this file is -40.6602 over 52 frames.
LOG (gmm-acc-stats-twofeats[5.2.132~9-82686]:main():gmm-acc-stats-twofeats.cc:140) Average like for this file is -60.3116 over 28 frames.
LOG (gmm-acc-stats-twofeats[5.2.132~9-82686]:main():gmm-acc-stats-twofeats.cc:140) Average like for this file is -52.2193 over 20 frames.
LOG (gmm-acc-stats-twofeats[5.2.132~9-82686]:main():gmm-acc-stats-twofeats.cc:140) Average like for this file is -49.0331 over 38 frames.
LOG (gmm-acc-stats-twofeats[5.2.132~9-82686]:main():gmm-acc-stats-twofeats.cc:140) Average like for this file is -49.6646 over 24 frames.
LOG (gmm-acc-stats-twofeats[5.2.132~9-82686]:main():gmm-acc-stats-twofeats.cc:140) Average like for this file is -56.9751 over 23 frames.
LOG (gmm-acc-stats-twofeats[5.2.132~9-82686]:main():gmm-acc-stats-twofeats.cc:140) Average like for this file is -46.3863 over 29 frames.
LOG (gmm-acc-stats-twofeats[5.2.132~9-82686]:main():gmm-acc-stats-twofeats.cc:146) Avg like per frame so far is -49.4348
LOG (gmm-acc-stats-twofeats[5.2.132~9-82686]:main():gmm-acc-stats-twofeats.cc:140) Average like for this file is -50.3054 over 21 frames.
LOG (gmm-acc-stats-twofeats[5.2.132~9-82686]:main():gmm-acc-stats-twofeats.cc:140) Average like for this file is -47.8499 over 21 frames.
LOG (gmm-acc-stats-twofeats[5.2.132~9-82686]:main():gmm-acc-stats-twofeats.cc:140) Average like for this file is -47.8537 over 25 frames.
LOG (gmm-acc-stats-twofeats[5.2.132~9-82686]:main():gmm-acc-stats-twofeats.cc:140) Average like for this file is -53.8169 over 19 frames.
LOG (gmm-acc-stats-twofeats[5.2.132~9-82686]:main():gmm-acc-stats-twofeats.cc:140) Average like for this file is -54.6523 over 19 frames.
LOG (gmm-acc-stats-twofeats[5.2.132~9-82686]:main():gmm-acc-stats-twofeats.cc:140) Average like for this file is -50.0496 over 44 frames.
LOG (gmm-acc-stats-twofeats[5.2.132~9-82686]:main():gmm-acc-stats-twofeats.cc:140) Average like for this file is -53.1035 over 43 frames.
LOG (gmm-acc-stats-twofeats[5.2.132~9-82686]:main():gmm-acc-stats-twofeats.cc:140) Average like for this file is -50.0438 over 48 frames.
LOG (gmm-acc-stats-twofeats[5.2.132~9-82686]:main():gmm-acc-stats-twofeats.cc:140) Average like for this file is -52.287 over 37 frames.
LOG (gmm-acc-stats-twofeats[5.2.132~9-82686]:main():gmm-acc-stats-twofeats.cc:140) Average like for this file is -50.3271 over 46 frames.
LOG (gmm-acc-stats-twofeats[5.2.132~9-82686]:main():gmm-acc-stats-twofeats.cc:146) Avg like per frame so far is -49.4583
LOG (gmm-acc-stats-twofeats[5.2.132~9-82686]:main():gmm-acc-stats-twofeats.cc:140) Average like for this file is -50.93 over 46 frames.
LOG (apply-cmvn[5.2.132~9-82686]:main():apply-cmvn.cc:162) Applied cepstral mean normalization to 590 utterances, errors on 0
LOG (gmm-acc-stats-twofeats[5.2.132~9-82686]:main():gmm-acc-stats-twofeats.cc:140) Average like for this file is -53.9702 over 44 frames.
LOG (apply-cmvn[5.2.132~9-82686]:main():apply-cmvn.cc:162) Applied cepstral mean normalization to 590 utterances, errors on 0
LOG (gmm-acc-stats-twofeats[5.2.132~9-82686]:main():gmm-acc-stats-twofeats.cc:140) Average like for this file is -57.6015 over 36 frames.
LOG (gmm-acc-stats-twofeats[5.2.132~9-82686]:main():gmm-acc-stats-twofeats.cc:140) Average like for this file is -55.6469 over 32 frames.
LOG (gmm-acc-stats-twofeats[5.2.132~9-82686]:main():gmm-acc-stats-twofeats.cc:140) Average like for this file is -45.7669 over 63 frames.
LOG (gmm-acc-stats-twofeats[5.2.132~9-82686]:main():gmm-acc-stats-twofeats.cc:140) Average like for this file is -61.7716 over 24 frames.
LOG (gmm-acc-stats-twofeats[5.2.132~9-82686]:main():gmm-acc-stats-twofeats.cc:140) Average like for this file is -54.664 over 28 frames.
LOG (gmm-acc-stats-twofeats[5.2.132~9-82686]:main():gmm-acc-stats-twofeats.cc:140) Average like for this file is -55.7744 over 32 frames.
LOG (gmm-acc-stats-twofeats[5.2.132~9-82686]:main():gmm-acc-stats-twofeats.cc:140) Average like for this file is -52.5381 over 39 frames.
LOG (gmm-acc-stats-twofeats[5.2.132~9-82686]:main():gmm-acc-stats-twofeats.cc:140) Average like for this file is -51.7945 over 36 frames.
LOG (gmm-acc-stats-twofeats[5.2.132~9-82686]:main():gmm-acc-stats-twofeats.cc:146) Avg like per frame so far is -49.5231
LOG (gmm-acc-stats-twofeats[5.2.132~9-82686]:main():gmm-acc-stats-twofeats.cc:140) Average like for this file is -54.9302 over 39 frames.
LOG (gmm-acc-stats-twofeats[5.2.132~9-82686]:main():gmm-acc-stats-twofeats.cc:140) Average like for this file is -59.6031 over 22 frames.
LOG (gmm-acc-stats-twofeats[5.2.132~9-82686]:main():gmm-acc-stats-twofeats.cc:140) Average like for this file is -50.9776 over 37 frames.
LOG (gmm-acc-stats-twofeats[5.2.132~9-82686]:main():gmm-acc-stats-twofeats.cc:140) Average like for this file is -54.2201 over 32 frames.
LOG (gmm-acc-stats-twofeats[5.2.132~9-82686]:main():gmm-acc-stats-twofeats.cc:140) Average like for this file is -52.5415 over 39 frames.
LOG (gmm-acc-stats-twofeats[5.2.132~9-82686]:main():gmm-acc-stats-twofeats.cc:140) Average like for this file is -51.9689 over 35 frames.
LOG (gmm-acc-stats-twofeats[5.2.132~9-82686]:main():gmm-acc-stats-twofeats.cc:140) Average like for this file is -54.3372 over 36 frames.
LOG (gmm-acc-stats-twofeats[5.2.132~9-82686]:main():gmm-acc-stats-twofeats.cc:140) Average like for this file is -58.2592 over 34 frames.
LOG (gmm-acc-stats-twofeats[5.2.132~9-82686]:main():gmm-acc-stats-twofeats.cc:140) Average like for this file is -53.3726 over 35 frames.
LOG (gmm-acc-stats-twofeats[5.2.132~9-82686]:main():gmm-acc-stats-twofeats.cc:140) Average like for this file is -55.3281 over 26 frames.
LOG (gmm-acc-stats-twofeats[5.2.132~9-82686]:main():gmm-acc-stats-twofeats.cc:146) Avg like per frame so far is -49.5973
LOG (gmm-acc-stats-twofeats[5.2.132~9-82686]:main():gmm-acc-stats-twofeats.cc:140) Average like for this file is -54.497 over 22 frames.
LOG (gmm-acc-stats-twofeats[5.2.132~9-82686]:main():gmm-acc-stats-twofeats.cc:140) Average like for this file is -46.8603 over 31 frames.
LOG (gmm-acc-stats-twofeats[5.2.132~9-82686]:main():gmm-acc-stats-twofeats.cc:140) Average like for this file is -51.7551 over 30 frames.
LOG (gmm-acc-stats-twofeats[5.2.132~9-82686]:main():gmm-acc-stats-twofeats.cc:140) Average like for this file is -59.9479 over 20 frames.
LOG (gmm-acc-stats-twofeats[5.2.132~9-82686]:main():gmm-acc-stats-twofeats.cc:140) Average like for this file is -49.2744 over 25 frames.
LOG (gmm-acc-stats-twofeats[5.2.132~9-82686]:main():gmm-acc-stats-twofeats.cc:140) Average like for this file is -51.7011 over 23 frames.
LOG (gmm-acc-stats-twofeats[5.2.132~9-82686]:main():gmm-acc-stats-twofeats.cc:140) Average like for this file is -49.8816 over 26 frames.
LOG (gmm-acc-stats-twofeats[5.2.132~9-82686]:main():gmm-acc-stats-twofeats.cc:140) Average like for this file is -49.1877 over 24 frames.
LOG (gmm-acc-stats-twofeats[5.2.132~9-82686]:main():gmm-acc-stats-twofeats.cc:140) Average like for this file is -59.0817 over 26 frames.
LOG (gmm-acc-stats-twofeats[5.2.132~9-82686]:main():gmm-acc-stats-twofeats.cc:140) Average like for this file is -49.6025 over 24 frames.
LOG (gmm-acc-stats-twofeats[5.2.132~9-82686]:main():gmm-acc-stats-twofeats.cc:146) Avg like per frame so far is -49.6239
LOG (gmm-acc-stats-twofeats[5.2.132~9-82686]:main():gmm-acc-stats-twofeats.cc:140) Average like for this file is -49.0414 over 22 frames.
LOG (gmm-acc-stats-twofeats[5.2.132~9-82686]:main():gmm-acc-stats-twofeats.cc:140) Average like for this file is -43.3836 over 27 frames.
LOG (gmm-acc-stats-twofeats[5.2.132~9-82686]:main():gmm-acc-stats-twofeats.cc:140) Average like for this file is -36.7961 over 40 frames.
LOG (gmm-acc-stats-twofeats[5.2.132~9-82686]:main():gmm-acc-stats-twofeats.cc:140) Average like for this file is -51.1441 over 37 frames.
LOG (gmm-acc-stats-twofeats[5.2.132~9-82686]:main():gmm-acc-stats-twofeats.cc:140) Average like for this file is -43.7032 over 42 frames.
LOG (gmm-acc-stats-twofeats[5.2.132~9-82686]:main():gmm-acc-stats-twofeats.cc:140) Average like for this file is -43.61 over 45 frames.
LOG (gmm-acc-stats-twofeats[5.2.132~9-82686]:main():gmm-acc-stats-twofeats.cc:140) Average like for this file is -37.8654 over 33 frames.
LOG (gmm-acc-stats-twofeats[5.2.132~9-82686]:main():gmm-acc-stats-twofeats.cc:140) Average like for this file is -38.2456 over 26 frames.
LOG (gmm-acc-stats-twofeats[5.2.132~9-82686]:main():gmm-acc-stats-twofeats.cc:140) Average like for this file is -42.4736 over 30 frames.
LOG (gmm-acc-stats-twofeats[5.2.132~9-82686]:main():gmm-acc-stats-twofeats.cc:140) Average like for this file is -49.2415 over 22 frames.
LOG (gmm-acc-stats-twofeats[5.2.132~9-82686]:main():gmm-acc-stats-twofeats.cc:146) Avg like per frame so far is -49.5305
LOG (gmm-acc-stats-twofeats[5.2.132~9-82686]:main():gmm-acc-stats-twofeats.cc:140) Average like for this file is -46.0518 over 32 frames.
LOG (gmm-acc-stats-twofeats[5.2.132~9-82686]:main():gmm-acc-stats-twofeats.cc:140) Average like for this file is -49.3703 over 30 frames.
LOG (gmm-acc-stats-twofeats[5.2.132~9-82686]:main():gmm-acc-stats-twofeats.cc:140) Average like for this file is -47.078 over 33 frames.
LOG (gmm-acc-stats-twofeats[5.2.132~9-82686]:main():gmm-acc-stats-twofeats.cc:140) Average like for this file is -47.0947 over 50 frames.
LOG (transform-feats[5.2.132~9-82686]:main():transform-feats.cc:158) Overall average [pseudo-]logdet is -84.1848 over 22731 frames.
LOG (transform-feats[5.2.132~9-82686]:main():transform-feats.cc:161) Applied transform to 590 utterances; 0 had errors.
LOG (gmm-acc-stats-twofeats[5.2.132~9-82686]:main():gmm-acc-stats-twofeats.cc:140) Average like for this file is -48.1307 over 35 frames.
LOG (gmm-acc-stats-twofeats[5.2.132~9-82686]:main():gmm-acc-stats-twofeats.cc:140) Average like for this file is -42.9279 over 29 frames.
LOG (gmm-acc-stats-twofeats[5.2.132~9-82686]:main():gmm-acc-stats-twofeats.cc:140) Average like for this file is -56.1342 over 30 frames.
LOG (gmm-acc-stats-twofeats[5.2.132~9-82686]:main():gmm-acc-stats-twofeats.cc:140) Average like for this file is -50.6252 over 37 frames.
LOG (gmm-acc-stats-twofeats[5.2.132~9-82686]:main():gmm-acc-stats-twofeats.cc:140) Average like for this file is -40.8888 over 37 frames.
LOG (gmm-acc-stats-twofeats[5.2.132~9-82686]:main():gmm-acc-stats-twofeats.cc:140) Average like for this file is -44.1497 over 28 frames.
LOG (gmm-acc-stats-twofeats[5.2.132~9-82686]:main():gmm-acc-stats-twofeats.cc:146) Avg like per frame so far is -49.4952
LOG (transform-feats[5.2.132~9-82686]:main():transform-feats.cc:158) Overall average logdet is 5.13495 over 22731 frames.
LOG (transform-feats[5.2.132~9-82686]:main():transform-feats.cc:161) Applied transform to 590 utterances; 0 had errors.
LOG (transform-feats[5.2.132~9-82686]:main():transform-feats.cc:158) Overall average [pseudo-]logdet is -84.1848 over 22731 frames.
LOG (transform-feats[5.2.132~9-82686]:main():transform-feats.cc:161) Applied transform to 590 utterances; 0 had errors.
LOG (gmm-acc-stats-twofeats[5.2.132~9-82686]:main():gmm-acc-stats-twofeats.cc:140) Average like for this file is -43.5968 over 25 frames.
LOG (gmm-acc-stats-twofeats[5.2.132~9-82686]:main():gmm-acc-stats-twofeats.cc:140) Average like for this file is -44.7475 over 29 frames.
LOG (gmm-acc-stats-twofeats[5.2.132~9-82686]:main():gmm-acc-stats-twofeats.cc:140) Average like for this file is -51.9642 over 29 frames.
LOG (gmm-acc-stats-twofeats[5.2.132~9-82686]:main():gmm-acc-stats-twofeats.cc:140) Average like for this file is -48.7716 over 38 frames.
LOG (gmm-acc-stats-twofeats[5.2.132~9-82686]:main():gmm-acc-stats-twofeats.cc:140) Average like for this file is -51.01 over 29 frames.
LOG (gmm-acc-stats-twofeats[5.2.132~9-82686]:main():gmm-acc-stats-twofeats.cc:140) Average like for this file is -48.5242 over 33 frames.
LOG (gmm-acc-stats-twofeats[5.2.132~9-82686]:main():gmm-acc-stats-twofeats.cc:140) Average like for this file is -40.9279 over 26 frames.
LOG (gmm-acc-stats-twofeats[5.2.132~9-82686]:main():gmm-acc-stats-twofeats.cc:140) Average like for this file is -50.3032 over 27 frames.
LOG (gmm-acc-stats-twofeats[5.2.132~9-82686]:main():gmm-acc-stats-twofeats.cc:140) Average like for this file is -55.4741 over 29 frames.
LOG (gmm-acc-stats-twofeats[5.2.132~9-82686]:main():gmm-acc-stats-twofeats.cc:140) Average like for this file is -45.258 over 37 frames.
LOG (gmm-acc-stats-twofeats[5.2.132~9-82686]:main():gmm-acc-stats-twofeats.cc:146) Avg like per frame so far is -49.477
LOG (gmm-acc-stats-twofeats[5.2.132~9-82686]:main():gmm-acc-stats-twofeats.cc:150) Done 590 files, 0 with no posteriors, 0 with no second features, 0 with other errors.
LOG (gmm-acc-stats-twofeats[5.2.132~9-82686]:main():gmm-acc-stats-twofeats.cc:155) Overall avg like per frame (Gaussian only) = -49.477 over 22731 frames.
LOG (gmm-acc-stats-twofeats[5.2.132~9-82686]:main():gmm-acc-stats-twofeats.cc:163) Written accs.
# Accounting: time=1 threads=1
# Ended (code 0) at Thu Nov  9 13:57:13 NZDT 2017, elapsed time 1 seconds
