# build-tree --verbose=1 --max-leaves=4200 --cluster-thresh=-1 exp/tri4b/treeacc data/lang_2/phones/roots.int exp/tri4b/questions.qst data/lang_2/topo exp/tri4b/tree 
# Started at Thu Nov  9 13:56:15 NZDT 2017
#
build-tree --verbose=1 --max-leaves=4200 --cluster-thresh=-1 exp/tri4b/treeacc data/lang_2/phones/roots.int exp/tri4b/questions.qst data/lang_2/topo exp/tri4b/tree 
LOG (build-tree[5.2.132~9-82686]:main():build-tree.cc:100) Number of separate statistics is 1160
LOG (build-tree[5.2.132~9-82686]:BuildTree():build-tree.cc:159) BuildTree: before building trees, map has 30 leaves.
LOG (build-tree[5.2.132~9-82686]:SplitDecisionTree():build-tree-utils.cc:577) DoDecisionTreeSplit: split 444 times, #leaves now 474
LOG (build-tree[5.2.132~9-82686]:BuildTree():build-tree.cc:185) Setting clustering threshold to smallest split 304.334
VLOG[1] (build-tree[5.2.132~9-82686]:BuildTree():build-tree.cc:194) After decision tree split, num-leaves = 474, like-impr = 6.53083 per frame over 93175 frames.
VLOG[1] (build-tree[5.2.132~9-82686]:BuildTree():build-tree.cc:198) Including just phones that were split, improvement is 6.53083 per frame over 93175 frames.
LOG (build-tree[5.2.132~9-82686]:BuildTree():build-tree.cc:213) BuildTree: removed 51 leaves.
VLOG[1] (build-tree[5.2.132~9-82686]:BuildTree():build-tree.cc:220) Objf change due to clustering -0.110679 per frame.
VLOG[1] (build-tree[5.2.132~9-82686]:BuildTree():build-tree.cc:223) Normalizing over only split phones, this is: -0.110679 per frame.
VLOG[1] (build-tree[5.2.132~9-82686]:BuildTree():build-tree.cc:226) Num-leaves is now 423
VLOG[1] (build-tree[5.2.132~9-82686]:main():build-tree.cc:138) For pdf-id 1, low count 0
VLOG[1] (build-tree[5.2.132~9-82686]:main():build-tree.cc:138) For pdf-id 14, low count 86
VLOG[1] (build-tree[5.2.132~9-82686]:main():build-tree.cc:138) For pdf-id 16, low count 92
VLOG[1] (build-tree[5.2.132~9-82686]:main():build-tree.cc:138) For pdf-id 18, low count 83
VLOG[1] (build-tree[5.2.132~9-82686]:main():build-tree.cc:138) For pdf-id 42, low count 94
VLOG[1] (build-tree[5.2.132~9-82686]:main():build-tree.cc:138) For pdf-id 54, low count 92
VLOG[1] (build-tree[5.2.132~9-82686]:main():build-tree.cc:138) For pdf-id 61, low count 92
VLOG[1] (build-tree[5.2.132~9-82686]:main():build-tree.cc:138) For pdf-id 64, low count 63
VLOG[1] (build-tree[5.2.132~9-82686]:main():build-tree.cc:138) For pdf-id 67, low count 90
VLOG[1] (build-tree[5.2.132~9-82686]:main():build-tree.cc:138) For pdf-id 74, low count 82
VLOG[1] (build-tree[5.2.132~9-82686]:main():build-tree.cc:138) For pdf-id 75, low count 79
VLOG[1] (build-tree[5.2.132~9-82686]:main():build-tree.cc:138) For pdf-id 79, low count 92
VLOG[1] (build-tree[5.2.132~9-82686]:main():build-tree.cc:138) For pdf-id 91, low count 91
VLOG[1] (build-tree[5.2.132~9-82686]:main():build-tree.cc:138) For pdf-id 101, low count 68
VLOG[1] (build-tree[5.2.132~9-82686]:main():build-tree.cc:138) For pdf-id 110, low count 55
VLOG[1] (build-tree[5.2.132~9-82686]:main():build-tree.cc:138) For pdf-id 114, low count 75
VLOG[1] (build-tree[5.2.132~9-82686]:main():build-tree.cc:138) For pdf-id 127, low count 45
VLOG[1] (build-tree[5.2.132~9-82686]:main():build-tree.cc:138) For pdf-id 130, low count 79
VLOG[1] (build-tree[5.2.132~9-82686]:main():build-tree.cc:138) For pdf-id 133, low count 21
VLOG[1] (build-tree[5.2.132~9-82686]:main():build-tree.cc:138) For pdf-id 135, low count 42
VLOG[1] (build-tree[5.2.132~9-82686]:main():build-tree.cc:138) For pdf-id 141, low count 66
VLOG[1] (build-tree[5.2.132~9-82686]:main():build-tree.cc:138) For pdf-id 156, low count 78
VLOG[1] (build-tree[5.2.132~9-82686]:main():build-tree.cc:138) For pdf-id 157, low count 36
VLOG[1] (build-tree[5.2.132~9-82686]:main():build-tree.cc:138) For pdf-id 160, low count 82
VLOG[1] (build-tree[5.2.132~9-82686]:main():build-tree.cc:138) For pdf-id 172, low count 74
VLOG[1] (build-tree[5.2.132~9-82686]:main():build-tree.cc:138) For pdf-id 173, low count 92
VLOG[1] (build-tree[5.2.132~9-82686]:main():build-tree.cc:138) For pdf-id 175, low count 69
VLOG[1] (build-tree[5.2.132~9-82686]:main():build-tree.cc:138) For pdf-id 195, low count 78
VLOG[1] (build-tree[5.2.132~9-82686]:main():build-tree.cc:138) For pdf-id 196, low count 67
VLOG[1] (build-tree[5.2.132~9-82686]:main():build-tree.cc:138) For pdf-id 198, low count 98
VLOG[1] (build-tree[5.2.132~9-82686]:main():build-tree.cc:138) For pdf-id 206, low count 41
VLOG[1] (build-tree[5.2.132~9-82686]:main():build-tree.cc:138) For pdf-id 207, low count 65
VLOG[1] (build-tree[5.2.132~9-82686]:main():build-tree.cc:138) For pdf-id 211, low count 62
VLOG[1] (build-tree[5.2.132~9-82686]:main():build-tree.cc:138) For pdf-id 213, low count 63
VLOG[1] (build-tree[5.2.132~9-82686]:main():build-tree.cc:138) For pdf-id 221, low count 40
VLOG[1] (build-tree[5.2.132~9-82686]:main():build-tree.cc:138) For pdf-id 224, low count 55
VLOG[1] (build-tree[5.2.132~9-82686]:main():build-tree.cc:138) For pdf-id 228, low count 87
VLOG[1] (build-tree[5.2.132~9-82686]:main():build-tree.cc:138) For pdf-id 232, low count 84
VLOG[1] (build-tree[5.2.132~9-82686]:main():build-tree.cc:138) For pdf-id 243, low count 94
VLOG[1] (build-tree[5.2.132~9-82686]:main():build-tree.cc:138) For pdf-id 254, low count 80
VLOG[1] (build-tree[5.2.132~9-82686]:main():build-tree.cc:138) For pdf-id 257, low count 83
VLOG[1] (build-tree[5.2.132~9-82686]:main():build-tree.cc:138) For pdf-id 262, low count 89
VLOG[1] (build-tree[5.2.132~9-82686]:main():build-tree.cc:138) For pdf-id 263, low count 96
VLOG[1] (build-tree[5.2.132~9-82686]:main():build-tree.cc:138) For pdf-id 265, low count 60
VLOG[1] (build-tree[5.2.132~9-82686]:main():build-tree.cc:138) For pdf-id 268, low count 71
VLOG[1] (build-tree[5.2.132~9-82686]:main():build-tree.cc:138) For pdf-id 272, low count 65
VLOG[1] (build-tree[5.2.132~9-82686]:main():build-tree.cc:138) For pdf-id 280, low count 24
VLOG[1] (build-tree[5.2.132~9-82686]:main():build-tree.cc:138) For pdf-id 282, low count 48
VLOG[1] (build-tree[5.2.132~9-82686]:main():build-tree.cc:138) For pdf-id 291, low count 84
VLOG[1] (build-tree[5.2.132~9-82686]:main():build-tree.cc:138) For pdf-id 293, low count 93
VLOG[1] (build-tree[5.2.132~9-82686]:main():build-tree.cc:138) For pdf-id 296, low count 73
VLOG[1] (build-tree[5.2.132~9-82686]:main():build-tree.cc:138) For pdf-id 303, low count 71
VLOG[1] (build-tree[5.2.132~9-82686]:main():build-tree.cc:138) For pdf-id 308, low count 98
VLOG[1] (build-tree[5.2.132~9-82686]:main():build-tree.cc:138) For pdf-id 311, low count 54
VLOG[1] (build-tree[5.2.132~9-82686]:main():build-tree.cc:138) For pdf-id 314, low count 67
VLOG[1] (build-tree[5.2.132~9-82686]:main():build-tree.cc:138) For pdf-id 315, low count 78
VLOG[1] (build-tree[5.2.132~9-82686]:main():build-tree.cc:138) For pdf-id 326, low count 44
VLOG[1] (build-tree[5.2.132~9-82686]:main():build-tree.cc:138) For pdf-id 331, low count 89
VLOG[1] (build-tree[5.2.132~9-82686]:main():build-tree.cc:138) For pdf-id 334, low count 51
VLOG[1] (build-tree[5.2.132~9-82686]:main():build-tree.cc:138) For pdf-id 335, low count 82
VLOG[1] (build-tree[5.2.132~9-82686]:main():build-tree.cc:138) For pdf-id 337, low count 86
VLOG[1] (build-tree[5.2.132~9-82686]:main():build-tree.cc:138) For pdf-id 338, low count 63
VLOG[1] (build-tree[5.2.132~9-82686]:main():build-tree.cc:138) For pdf-id 341, low count 70
VLOG[1] (build-tree[5.2.132~9-82686]:main():build-tree.cc:138) For pdf-id 343, low count 61
VLOG[1] (build-tree[5.2.132~9-82686]:main():build-tree.cc:138) For pdf-id 346, low count 54
VLOG[1] (build-tree[5.2.132~9-82686]:main():build-tree.cc:138) For pdf-id 349, low count 76
VLOG[1] (build-tree[5.2.132~9-82686]:main():build-tree.cc:138) For pdf-id 353, low count 72
VLOG[1] (build-tree[5.2.132~9-82686]:main():build-tree.cc:138) For pdf-id 355, low count 66
VLOG[1] (build-tree[5.2.132~9-82686]:main():build-tree.cc:138) For pdf-id 360, low count 88
VLOG[1] (build-tree[5.2.132~9-82686]:main():build-tree.cc:138) For pdf-id 364, low count 73
VLOG[1] (build-tree[5.2.132~9-82686]:main():build-tree.cc:138) For pdf-id 367, low count 62
VLOG[1] (build-tree[5.2.132~9-82686]:main():build-tree.cc:138) For pdf-id 371, low count 49
VLOG[1] (build-tree[5.2.132~9-82686]:main():build-tree.cc:138) For pdf-id 374, low count 67
VLOG[1] (build-tree[5.2.132~9-82686]:main():build-tree.cc:138) For pdf-id 378, low count 89
VLOG[1] (build-tree[5.2.132~9-82686]:main():build-tree.cc:138) For pdf-id 387, low count 98
VLOG[1] (build-tree[5.2.132~9-82686]:main():build-tree.cc:138) For pdf-id 391, low count 76
VLOG[1] (build-tree[5.2.132~9-82686]:main():build-tree.cc:138) For pdf-id 394, low count 78
VLOG[1] (build-tree[5.2.132~9-82686]:main():build-tree.cc:138) For pdf-id 404, low count 71
VLOG[1] (build-tree[5.2.132~9-82686]:main():build-tree.cc:138) For pdf-id 405, low count 80
VLOG[1] (build-tree[5.2.132~9-82686]:main():build-tree.cc:138) For pdf-id 419, low count 69
VLOG[1] (build-tree[5.2.132~9-82686]:main():build-tree.cc:138) For pdf-id 420, low count 96
WARNING (build-tree[5.2.132~9-82686]:main():build-tree.cc:180) Saw no stats for following phones: 2 3 4 5 6 7 8 9 10 12 14 15 18 19 21 22 23 26 27 30 31 34 35 38 39 42 44 46 48 50 51 53 54 58 60 62 66 67 70 74 76 78 79 82 84 86 87 90 91 94 95 98 99 100 102 103 106 110 112 114 115 116 118 120 122 
LOG (build-tree[5.2.132~9-82686]:main():build-tree.cc:184) Wrote tree
# Accounting: time=1 threads=1
# Ended (code 0) at Thu Nov  9 13:56:16 NZDT 2017, elapsed time 1 seconds
