gmm-init-model --write-occs=exp/tri4b/1.occs exp/tri4b/tree exp/tri4b/treeacc data/lang_2/topo exp/tri4b/1.mdl 
LOG (gmm-init-model[5.2.132~9-82686]:main():gmm-init-model.cc:271) Number of separate statistics is 1160
WARNING (gmm-init-model[5.2.132~9-82686]:InitAmGmm():gmm-init-model.cc:55) Tree has pdf-id 1 with no stats; corresponding phone list: 6 7 8 9 10 
WARNING (gmm-init-model[5.2.132~9-82686]:InitAmGmm():gmm-init-model.cc:83) Very small count for state 14: 86; corresponding phone list: 59 60 61 62 
WARNING (gmm-init-model[5.2.132~9-82686]:InitAmGmm():gmm-init-model.cc:83) Very small count for state 16: 92; corresponding phone list: 67 68 69 70 
WARNING (gmm-init-model[5.2.132~9-82686]:InitAmGmm():gmm-init-model.cc:83) Very small count for state 18: 83; corresponding phone list: 75 76 77 78 
WARNING (gmm-init-model[5.2.132~9-82686]:InitAmGmm():gmm-init-model.cc:83) Very small count for state 42: 94; corresponding phone list: 11 12 13 14 
WARNING (gmm-init-model[5.2.132~9-82686]:InitAmGmm():gmm-init-model.cc:83) Very small count for state 54: 92; corresponding phone list: 35 36 37 38 
WARNING (gmm-init-model[5.2.132~9-82686]:InitAmGmm():gmm-init-model.cc:83) Very small count for state 61: 92; corresponding phone list: 73 
WARNING (gmm-init-model[5.2.132~9-82686]:InitAmGmm():gmm-init-model.cc:83) Very small count for state 64: 63; corresponding phone list: 63 64 65 66 
WARNING (gmm-init-model[5.2.132~9-82686]:InitAmGmm():gmm-init-model.cc:83) Very small count for state 67: 90; corresponding phone list: 79 80 81 82 
WARNING (gmm-init-model[5.2.132~9-82686]:InitAmGmm():gmm-init-model.cc:83) Very small count for state 74: 82; corresponding phone list: 43 44 45 46 
WARNING (gmm-init-model[5.2.132~9-82686]:InitAmGmm():gmm-init-model.cc:83) Very small count for state 75: 79; corresponding phone list: 63 64 65 66 
WARNING (gmm-init-model[5.2.132~9-82686]:InitAmGmm():gmm-init-model.cc:83) Very small count for state 79: 92; corresponding phone list: 11 12 13 14 
WARNING (gmm-init-model[5.2.132~9-82686]:InitAmGmm():gmm-init-model.cc:83) Very small count for state 91: 91; corresponding phone list: 55 56 57 58 
WARNING (gmm-init-model[5.2.132~9-82686]:InitAmGmm():gmm-init-model.cc:83) Very small count for state 101: 68; corresponding phone list: 75 76 77 78 
WARNING (gmm-init-model[5.2.132~9-82686]:InitAmGmm():gmm-init-model.cc:83) Very small count for state 110: 55; corresponding phone list: 63 64 65 66 
WARNING (gmm-init-model[5.2.132~9-82686]:InitAmGmm():gmm-init-model.cc:83) Very small count for state 114: 75; corresponding phone list: 83 84 85 86 
WARNING (gmm-init-model[5.2.132~9-82686]:InitAmGmm():gmm-init-model.cc:83) Very small count for state 127: 45; corresponding phone list: 119 120 121 122 
WARNING (gmm-init-model[5.2.132~9-82686]:InitAmGmm():gmm-init-model.cc:83) Very small count for state 130: 79; corresponding phone list: 75 76 77 78 
WARNING (gmm-init-model[5.2.132~9-82686]:InitAmGmm():gmm-init-model.cc:83) Very small count for state 133: 21; corresponding phone list: 111 112 113 114 
WARNING (gmm-init-model[5.2.132~9-82686]:InitAmGmm():gmm-init-model.cc:83) Very small count for state 135: 42; corresponding phone list: 63 64 65 66 
WARNING (gmm-init-model[5.2.132~9-82686]:InitAmGmm():gmm-init-model.cc:83) Very small count for state 141: 66; corresponding phone list: 57 
WARNING (gmm-init-model[5.2.132~9-82686]:InitAmGmm():gmm-init-model.cc:83) Very small count for state 156: 78; corresponding phone list: 55 56 57 58 
WARNING (gmm-init-model[5.2.132~9-82686]:InitAmGmm():gmm-init-model.cc:83) Very small count for state 157: 36; corresponding phone list: 11 12 13 14 
WARNING (gmm-init-model[5.2.132~9-82686]:InitAmGmm():gmm-init-model.cc:83) Very small count for state 160: 82; corresponding phone list: 67 68 69 70 
WARNING (gmm-init-model[5.2.132~9-82686]:InitAmGmm():gmm-init-model.cc:83) Very small count for state 172: 74; corresponding phone list: 107 108 109 110 
WARNING (gmm-init-model[5.2.132~9-82686]:InitAmGmm():gmm-init-model.cc:83) Very small count for state 173: 92; corresponding phone list: 43 44 45 46 
WARNING (gmm-init-model[5.2.132~9-82686]:InitAmGmm():gmm-init-model.cc:83) Very small count for state 175: 69; corresponding phone list: 119 120 121 122 
WARNING (gmm-init-model[5.2.132~9-82686]:InitAmGmm():gmm-init-model.cc:83) Very small count for state 195: 78; corresponding phone list: 83 84 85 86 
WARNING (gmm-init-model[5.2.132~9-82686]:InitAmGmm():gmm-init-model.cc:83) Very small count for state 196: 67; corresponding phone list: 87 89 90 
WARNING (gmm-init-model[5.2.132~9-82686]:InitAmGmm():gmm-init-model.cc:83) Very small count for state 198: 98; corresponding phone list: 75 76 77 78 
WARNING (gmm-init-model[5.2.132~9-82686]:InitAmGmm():gmm-init-model.cc:83) Very small count for state 206: 41; corresponding phone list: 1 2 3 4 5 
WARNING (gmm-init-model[5.2.132~9-82686]:InitAmGmm():gmm-init-model.cc:83) Very small count for state 207: 65; corresponding phone list: 91 92 93 94 
WARNING (gmm-init-model[5.2.132~9-82686]:InitAmGmm():gmm-init-model.cc:83) Very small count for state 211: 62; corresponding phone list: 104 
WARNING (gmm-init-model[5.2.132~9-82686]:InitAmGmm():gmm-init-model.cc:83) Very small count for state 213: 63; corresponding phone list: 63 64 65 66 
WARNING (gmm-init-model[5.2.132~9-82686]:InitAmGmm():gmm-init-model.cc:83) Very small count for state 221: 40; corresponding phone list: 63 64 65 66 
WARNING (gmm-init-model[5.2.132~9-82686]:InitAmGmm():gmm-init-model.cc:83) Very small count for state 224: 55; corresponding phone list: 95 96 97 98 
WARNING (gmm-init-model[5.2.132~9-82686]:InitAmGmm():gmm-init-model.cc:83) Very small count for state 228: 87; corresponding phone list: 83 84 85 86 
WARNING (gmm-init-model[5.2.132~9-82686]:InitAmGmm():gmm-init-model.cc:83) Very small count for state 232: 84; corresponding phone list: 55 
WARNING (gmm-init-model[5.2.132~9-82686]:InitAmGmm():gmm-init-model.cc:83) Very small count for state 243: 94; corresponding phone list: 71 72 74 
WARNING (gmm-init-model[5.2.132~9-82686]:InitAmGmm():gmm-init-model.cc:83) Very small count for state 254: 80; corresponding phone list: 75 76 77 78 
WARNING (gmm-init-model[5.2.132~9-82686]:InitAmGmm():gmm-init-model.cc:83) Very small count for state 257: 83; corresponding phone list: 15 17 18 
WARNING (gmm-init-model[5.2.132~9-82686]:InitAmGmm():gmm-init-model.cc:83) Very small count for state 262: 89; corresponding phone list: 39 40 41 42 
WARNING (gmm-init-model[5.2.132~9-82686]:InitAmGmm():gmm-init-model.cc:83) Very small count for state 263: 96; corresponding phone list: 31 32 33 34 
WARNING (gmm-init-model[5.2.132~9-82686]:InitAmGmm():gmm-init-model.cc:83) Very small count for state 265: 60; corresponding phone list: 1 2 3 4 5 
WARNING (gmm-init-model[5.2.132~9-82686]:InitAmGmm():gmm-init-model.cc:83) Very small count for state 268: 71; corresponding phone list: 55 56 58 
WARNING (gmm-init-model[5.2.132~9-82686]:InitAmGmm():gmm-init-model.cc:83) Very small count for state 272: 65; corresponding phone list: 55 56 57 58 
WARNING (gmm-init-model[5.2.132~9-82686]:InitAmGmm():gmm-init-model.cc:83) Very small count for state 280: 24; corresponding phone list: 67 68 69 70 
WARNING (gmm-init-model[5.2.132~9-82686]:InitAmGmm():gmm-init-model.cc:83) Very small count for state 282: 48; corresponding phone list: 31 32 33 34 
WARNING (gmm-init-model[5.2.132~9-82686]:InitAmGmm():gmm-init-model.cc:83) Very small count for state 291: 84; corresponding phone list: 57 
WARNING (gmm-init-model[5.2.132~9-82686]:InitAmGmm():gmm-init-model.cc:83) Very small count for state 293: 93; corresponding phone list: 47 48 49 50 
WARNING (gmm-init-model[5.2.132~9-82686]:InitAmGmm():gmm-init-model.cc:83) Very small count for state 296: 73; corresponding phone list: 55 56 57 58 
WARNING (gmm-init-model[5.2.132~9-82686]:InitAmGmm():gmm-init-model.cc:83) Very small count for state 303: 71; corresponding phone list: 43 44 45 46 
WARNING (gmm-init-model[5.2.132~9-82686]:InitAmGmm():gmm-init-model.cc:83) Very small count for state 308: 98; corresponding phone list: 91 92 93 94 
WARNING (gmm-init-model[5.2.132~9-82686]:InitAmGmm():gmm-init-model.cc:83) Very small count for state 311: 54; corresponding phone list: 56 57 58 
WARNING (gmm-init-model[5.2.132~9-82686]:InitAmGmm():gmm-init-model.cc:83) Very small count for state 314: 67; corresponding phone list: 55 56 57 58 
WARNING (gmm-init-model[5.2.132~9-82686]:InitAmGmm():gmm-init-model.cc:83) Very small count for state 315: 78; corresponding phone list: 43 44 45 46 
WARNING (gmm-init-model[5.2.132~9-82686]:InitAmGmm():gmm-init-model.cc:83) Very small count for state 326: 44; corresponding phone list: 15 17 18 
WARNING (gmm-init-model[5.2.132~9-82686]:InitAmGmm():gmm-init-model.cc:83) Very small count for state 331: 89; corresponding phone list: 111 112 113 114 
WARNING (gmm-init-model[5.2.132~9-82686]:InitAmGmm():gmm-init-model.cc:83) Very small count for state 334: 51; corresponding phone list: 63 64 65 66 
WARNING (gmm-init-model[5.2.132~9-82686]:InitAmGmm():gmm-init-model.cc:83) Very small count for state 335: 82; corresponding phone list: 111 112 113 114 
WARNING (gmm-init-model[5.2.132~9-82686]:InitAmGmm():gmm-init-model.cc:83) Very small count for state 337: 86; corresponding phone list: 11 12 13 14 
WARNING (gmm-init-model[5.2.132~9-82686]:InitAmGmm():gmm-init-model.cc:83) Very small count for state 338: 63; corresponding phone list: 31 32 33 34 
WARNING (gmm-init-model[5.2.132~9-82686]:InitAmGmm():gmm-init-model.cc:83) Very small count for state 341: 70; corresponding phone list: 23 25 26 
WARNING (gmm-init-model[5.2.132~9-82686]:InitAmGmm():gmm-init-model.cc:83) Very small count for state 343: 61; corresponding phone list: 96 
WARNING (gmm-init-model[5.2.132~9-82686]:InitAmGmm():gmm-init-model.cc:83) Very small count for state 346: 54; corresponding phone list: 47 48 49 50 
WARNING (gmm-init-model[5.2.132~9-82686]:InitAmGmm():gmm-init-model.cc:83) Very small count for state 349: 76; corresponding phone list: 107 108 109 110 
WARNING (gmm-init-model[5.2.132~9-82686]:InitAmGmm():gmm-init-model.cc:83) Very small count for state 353: 72; corresponding phone list: 107 109 110 
WARNING (gmm-init-model[5.2.132~9-82686]:InitAmGmm():gmm-init-model.cc:83) Very small count for state 355: 66; corresponding phone list: 55 56 57 58 
WARNING (gmm-init-model[5.2.132~9-82686]:InitAmGmm():gmm-init-model.cc:83) Very small count for state 360: 88; corresponding phone list: 23 25 26 
WARNING (gmm-init-model[5.2.132~9-82686]:InitAmGmm():gmm-init-model.cc:83) Very small count for state 364: 73; corresponding phone list: 59 60 61 62 
WARNING (gmm-init-model[5.2.132~9-82686]:InitAmGmm():gmm-init-model.cc:83) Very small count for state 367: 62; corresponding phone list: 99 100 101 102 
WARNING (gmm-init-model[5.2.132~9-82686]:InitAmGmm():gmm-init-model.cc:83) Very small count for state 371: 49; corresponding phone list: 55 56 57 58 
WARNING (gmm-init-model[5.2.132~9-82686]:InitAmGmm():gmm-init-model.cc:83) Very small count for state 374: 67; corresponding phone list: 67 68 69 70 
WARNING (gmm-init-model[5.2.132~9-82686]:InitAmGmm():gmm-init-model.cc:83) Very small count for state 378: 89; corresponding phone list: 107 108 109 110 
WARNING (gmm-init-model[5.2.132~9-82686]:InitAmGmm():gmm-init-model.cc:83) Very small count for state 387: 98; corresponding phone list: 51 52 53 54 
WARNING (gmm-init-model[5.2.132~9-82686]:InitAmGmm():gmm-init-model.cc:83) Very small count for state 391: 76; corresponding phone list: 67 68 69 70 
WARNING (gmm-init-model[5.2.132~9-82686]:InitAmGmm():gmm-init-model.cc:83) Very small count for state 394: 78; corresponding phone list: 67 68 69 70 
WARNING (gmm-init-model[5.2.132~9-82686]:InitAmGmm():gmm-init-model.cc:83) Very small count for state 404: 71; corresponding phone list: 107 108 109 110 
WARNING (gmm-init-model[5.2.132~9-82686]:InitAmGmm():gmm-init-model.cc:83) Very small count for state 405: 80; corresponding phone list: 39 40 41 42 
WARNING (gmm-init-model[5.2.132~9-82686]:InitAmGmm():gmm-init-model.cc:83) Very small count for state 419: 69; corresponding phone list: 63 64 65 66 
WARNING (gmm-init-model[5.2.132~9-82686]:InitAmGmm():gmm-init-model.cc:83) Very small count for state 420: 96; corresponding phone list: 19 20 21 22 
LOG (gmm-init-model[5.2.132~9-82686]:main():gmm-init-model.cc:306) Wrote model.
