# gmm-est --power=0.2 --write-occs=exp/tri4b/2.occs --mix-up=4200 exp/tri4b/1.mdl "gmm-sum-accs - exp/tri4b/1.*.acc |" exp/tri4b/2.mdl 
# Started at Thu Nov  9 13:56:20 NZDT 2017
#
gmm-est --power=0.2 --write-occs=exp/tri4b/2.occs --mix-up=4200 exp/tri4b/1.mdl 'gmm-sum-accs - exp/tri4b/1.*.acc |' exp/tri4b/2.mdl 
gmm-sum-accs - exp/tri4b/1.1.acc exp/tri4b/1.2.acc exp/tri4b/1.3.acc exp/tri4b/1.4.acc 
LOG (gmm-sum-accs[5.2.132~9-82686]:main():gmm-sum-accs.cc:63) Summed 4 stats, total count 93175, avg like/frame -56.5431
LOG (gmm-sum-accs[5.2.132~9-82686]:main():gmm-sum-accs.cc:66) Total count of stats is 93175
LOG (gmm-sum-accs[5.2.132~9-82686]:main():gmm-sum-accs.cc:67) Written stats to -
LOG (gmm-est[5.2.132~9-82686]:MleUpdate():transition-model.cc:517) TransitionModel::Update, objf change is 0.164946 per frame over 93175 frames. 
LOG (gmm-est[5.2.132~9-82686]:MleUpdate():transition-model.cc:520) 74 probabilities floored, 1259 out of 1799 transition-states skipped due to insuffient data (it is normal to have some skipped.)
LOG (gmm-est[5.2.132~9-82686]:main():gmm-est.cc:102) Transition model update: Overall 0.164946 log-like improvement per frame over 93175 frames.
WARNING (gmm-est[5.2.132~9-82686]:MleDiagGmmUpdate():mle-diag-gmm.cc:365) Gaussian has too little data but not removing it because it is the last Gaussian: i = 0, occ = 0, weight = 1
LOG (gmm-est[5.2.132~9-82686]:MleAmDiagGmmUpdate():mle-am-diag-gmm.cc:225) 0 variance elements floored in 0 Gaussians, out of 423
LOG (gmm-est[5.2.132~9-82686]:MleAmDiagGmmUpdate():mle-am-diag-gmm.cc:229) Removed 0 Gaussians due to counts < --min-gaussian-occupancy=10 and --remove-low-count-gaussians=true
LOG (gmm-est[5.2.132~9-82686]:main():gmm-est.cc:113) GMM update: Overall -2.35821e-07 objective function improvement per frame over 93175 frames
LOG (gmm-est[5.2.132~9-82686]:main():gmm-est.cc:116) GMM update: Overall avg like per frame = -56.5431 over 93175 frames.
LOG (gmm-est[5.2.132~9-82686]:SplitByCount():am-diag-gmm.cc:116) Split 423 states with target = 4200, power = 0.2, perturb_factor = 0.01 and min_count = 20, split #Gauss from 423 to 4200
LOG (gmm-est[5.2.132~9-82686]:main():gmm-est.cc:146) Written model to exp/tri4b/2.mdl
# Accounting: time=0 threads=1
# Ended (code 0) at Thu Nov  9 13:56:20 NZDT 2017, elapsed time 0 seconds
