# gmm-est --power=0.2 --write-occs=exp/tri4b/12.occs --mix-up=18520 exp/tri4b/11.mdl "gmm-sum-accs - exp/tri4b/11.*.acc |" exp/tri4b/12.mdl 
# Started at Thu Nov  9 13:56:42 NZDT 2017
#
gmm-est --power=0.2 --write-occs=exp/tri4b/12.occs --mix-up=18520 exp/tri4b/11.mdl 'gmm-sum-accs - exp/tri4b/11.*.acc |' exp/tri4b/12.mdl 
gmm-sum-accs - exp/tri4b/11.1.acc exp/tri4b/11.2.acc exp/tri4b/11.3.acc exp/tri4b/11.4.acc 
LOG (gmm-sum-accs[5.2.132~9-82686]:main():gmm-sum-accs.cc:63) Summed 4 stats, total count 93175, avg like/frame -50.6253
LOG (gmm-sum-accs[5.2.132~9-82686]:main():gmm-sum-accs.cc:66) Total count of stats is 93175
LOG (gmm-sum-accs[5.2.132~9-82686]:main():gmm-sum-accs.cc:67) Written stats to -
LOG (gmm-est[5.2.132~9-82686]:MleUpdate():transition-model.cc:517) TransitionModel::Update, objf change is 3.7103e-11 per frame over 93175 frames. 
LOG (gmm-est[5.2.132~9-82686]:MleUpdate():transition-model.cc:520) 79 probabilities floored, 1258 out of 1799 transition-states skipped due to insuffient data (it is normal to have some skipped.)
LOG (gmm-est[5.2.132~9-82686]:main():gmm-est.cc:102) Transition model update: Overall 3.7103e-11 log-like improvement per frame over 93175 frames.
WARNING (gmm-est[5.2.132~9-82686]:MleDiagGmmUpdate():mle-diag-gmm.cc:359) Too little data - removing Gaussian (weight 0.003703, occupation count 8.493675, vector size 40)
WARNING (gmm-est[5.2.132~9-82686]:MleDiagGmmUpdate():mle-diag-gmm.cc:365) Gaussian has too little data but not removing it because it is the last Gaussian: i = 0, occ = 0, weight = 1
WARNING (gmm-est[5.2.132~9-82686]:MleDiagGmmUpdate():mle-diag-gmm.cc:359) Too little data - removing Gaussian (weight 0.058817, occupation count 9.998869, vector size 40)
WARNING (gmm-est[5.2.132~9-82686]:MleDiagGmmUpdate():mle-diag-gmm.cc:359) Too little data - removing Gaussian (weight 0.036900, occupation count 10.000000, vector size 40)
WARNING (gmm-est[5.2.132~9-82686]:MleDiagGmmUpdate():mle-diag-gmm.cc:359) Too little data - removing Gaussian (weight 0.045456, occupation count 9.182106, vector size 40)
WARNING (gmm-est[5.2.132~9-82686]:MleDiagGmmUpdate():mle-diag-gmm.cc:359) Too little data - removing Gaussian (weight 0.047733, occupation count 9.641996, vector size 40)
WARNING (gmm-est[5.2.132~9-82686]:MleDiagGmmUpdate():mle-diag-gmm.cc:359) Too little data - removing Gaussian (weight 0.017606, occupation count 9.877137, vector size 40)
WARNING (gmm-est[5.2.132~9-82686]:MleDiagGmmUpdate():mle-diag-gmm.cc:359) Too little data - removing Gaussian (weight 0.007271, occupation count 9.823032, vector size 40)
WARNING (gmm-est[5.2.132~9-82686]:MleDiagGmmUpdate():mle-diag-gmm.cc:359) Too little data - removing Gaussian (weight 0.012009, occupation count 9.523204, vector size 40)
WARNING (gmm-est[5.2.132~9-82686]:MleDiagGmmUpdate():mle-diag-gmm.cc:359) Too little data - removing Gaussian (weight 0.083200, occupation count 9.900766, vector size 40)
WARNING (gmm-est[5.2.132~9-82686]:MleDiagGmmUpdate():mle-diag-gmm.cc:359) Too little data - removing Gaussian (weight 0.045598, occupation count 9.712362, vector size 40)
WARNING (gmm-est[5.2.132~9-82686]:MleDiagGmmUpdate():mle-diag-gmm.cc:359) Too little data - removing Gaussian (weight 0.050270, occupation count 9.953496, vector size 40)
WARNING (gmm-est[5.2.132~9-82686]:MleDiagGmmUpdate():mle-diag-gmm.cc:359) Too little data - removing Gaussian (weight 0.036031, occupation count 9.836487, vector size 40)
LOG (gmm-est[5.2.132~9-82686]:MleAmDiagGmmUpdate():mle-am-diag-gmm.cc:225) 0 variance elements floored in 0 Gaussians, out of 4439
LOG (gmm-est[5.2.132~9-82686]:MleAmDiagGmmUpdate():mle-am-diag-gmm.cc:229) Removed 12 Gaussians due to counts < --min-gaussian-occupancy=10 and --remove-low-count-gaussians=true
LOG (gmm-est[5.2.132~9-82686]:main():gmm-est.cc:113) GMM update: Overall 0.0779136 objective function improvement per frame over 93175 frames
LOG (gmm-est[5.2.132~9-82686]:main():gmm-est.cc:116) GMM update: Overall avg like per frame = -50.6253 over 93175 frames.
WARNING (gmm-est[5.2.132~9-82686]:GetSplitTargets():model-common.cc:134) Could not split up to 18520 due to min-count = 20 (or no counts at all)
LOG (gmm-est[5.2.132~9-82686]:SplitByCount():am-diag-gmm.cc:116) Split 423 states with target = 18520, power = 0.2, perturb_factor = 0.01 and min_count = 20, split #Gauss from 4439 to 4449
LOG (gmm-est[5.2.132~9-82686]:main():gmm-est.cc:146) Written model to exp/tri4b/12.mdl
# Accounting: time=0 threads=1
# Ended (code 0) at Thu Nov  9 13:56:42 NZDT 2017, elapsed time 0 seconds
