# build-tree --verbose=1 --max-leaves=4200 --cluster-thresh=-1 exp/tri4b/treeacc data/lang_2/phones/roots.int exp/tri4b/questions.qst data/lang_2/topo exp/tri4b/tree 
# Started at Thu Nov  9 17:31:34 NZDT 2017
#
build-tree --verbose=1 --max-leaves=4200 --cluster-thresh=-1 exp/tri4b/treeacc data/lang_2/phones/roots.int exp/tri4b/questions.qst data/lang_2/topo exp/tri4b/tree 
LOG (build-tree[5.2.132~9-82686]:main():build-tree.cc:100) Number of separate statistics is 1159
LOG (build-tree[5.2.132~9-82686]:BuildTree():build-tree.cc:159) BuildTree: before building trees, map has 30 leaves.
LOG (build-tree[5.2.132~9-82686]:SplitDecisionTree():build-tree-utils.cc:577) DoDecisionTreeSplit: split 450 times, #leaves now 480
LOG (build-tree[5.2.132~9-82686]:BuildTree():build-tree.cc:185) Setting clustering threshold to smallest split 300.782
VLOG[1] (build-tree[5.2.132~9-82686]:BuildTree():build-tree.cc:194) After decision tree split, num-leaves = 480, like-impr = 6.54189 per frame over 93175 frames.
VLOG[1] (build-tree[5.2.132~9-82686]:BuildTree():build-tree.cc:198) Including just phones that were split, improvement is 6.54189 per frame over 93175 frames.
LOG (build-tree[5.2.132~9-82686]:BuildTree():build-tree.cc:213) BuildTree: removed 67 leaves.
VLOG[1] (build-tree[5.2.132~9-82686]:BuildTree():build-tree.cc:220) Objf change due to clustering -0.136002 per frame.
VLOG[1] (build-tree[5.2.132~9-82686]:BuildTree():build-tree.cc:223) Normalizing over only split phones, this is: -0.136002 per frame.
VLOG[1] (build-tree[5.2.132~9-82686]:BuildTree():build-tree.cc:226) Num-leaves is now 413
VLOG[1] (build-tree[5.2.132~9-82686]:main():build-tree.cc:138) For pdf-id 1, low count 0
VLOG[1] (build-tree[5.2.132~9-82686]:main():build-tree.cc:138) For pdf-id 13, low count 91
VLOG[1] (build-tree[5.2.132~9-82686]:main():build-tree.cc:138) For pdf-id 14, low count 72
VLOG[1] (build-tree[5.2.132~9-82686]:main():build-tree.cc:138) For pdf-id 15, low count 42
VLOG[1] (build-tree[5.2.132~9-82686]:main():build-tree.cc:138) For pdf-id 17, low count 93
VLOG[1] (build-tree[5.2.132~9-82686]:main():build-tree.cc:138) For pdf-id 38, low count 93
VLOG[1] (build-tree[5.2.132~9-82686]:main():build-tree.cc:138) For pdf-id 42, low count 79
VLOG[1] (build-tree[5.2.132~9-82686]:main():build-tree.cc:138) For pdf-id 57, low count 82
VLOG[1] (build-tree[5.2.132~9-82686]:main():build-tree.cc:138) For pdf-id 61, low count 91
VLOG[1] (build-tree[5.2.132~9-82686]:main():build-tree.cc:138) For pdf-id 78, low count 93
VLOG[1] (build-tree[5.2.132~9-82686]:main():build-tree.cc:138) For pdf-id 80, low count 97
VLOG[1] (build-tree[5.2.132~9-82686]:main():build-tree.cc:138) For pdf-id 82, low count 75
VLOG[1] (build-tree[5.2.132~9-82686]:main():build-tree.cc:138) For pdf-id 83, low count 52
VLOG[1] (build-tree[5.2.132~9-82686]:main():build-tree.cc:138) For pdf-id 93, low count 72
VLOG[1] (build-tree[5.2.132~9-82686]:main():build-tree.cc:138) For pdf-id 100, low count 79
VLOG[1] (build-tree[5.2.132~9-82686]:main():build-tree.cc:138) For pdf-id 103, low count 51
VLOG[1] (build-tree[5.2.132~9-82686]:main():build-tree.cc:138) For pdf-id 111, low count 28
VLOG[1] (build-tree[5.2.132~9-82686]:main():build-tree.cc:138) For pdf-id 115, low count 40
VLOG[1] (build-tree[5.2.132~9-82686]:main():build-tree.cc:138) For pdf-id 117, low count 45
VLOG[1] (build-tree[5.2.132~9-82686]:main():build-tree.cc:138) For pdf-id 133, low count 40
VLOG[1] (build-tree[5.2.132~9-82686]:main():build-tree.cc:138) For pdf-id 134, low count 92
VLOG[1] (build-tree[5.2.132~9-82686]:main():build-tree.cc:138) For pdf-id 135, low count 91
VLOG[1] (build-tree[5.2.132~9-82686]:main():build-tree.cc:138) For pdf-id 139, low count 85
VLOG[1] (build-tree[5.2.132~9-82686]:main():build-tree.cc:138) For pdf-id 142, low count 86
VLOG[1] (build-tree[5.2.132~9-82686]:main():build-tree.cc:138) For pdf-id 145, low count 40
VLOG[1] (build-tree[5.2.132~9-82686]:main():build-tree.cc:138) For pdf-id 156, low count 99
VLOG[1] (build-tree[5.2.132~9-82686]:main():build-tree.cc:138) For pdf-id 162, low count 75
VLOG[1] (build-tree[5.2.132~9-82686]:main():build-tree.cc:138) For pdf-id 166, low count 63
VLOG[1] (build-tree[5.2.132~9-82686]:main():build-tree.cc:138) For pdf-id 172, low count 48
VLOG[1] (build-tree[5.2.132~9-82686]:main():build-tree.cc:138) For pdf-id 190, low count 97
VLOG[1] (build-tree[5.2.132~9-82686]:main():build-tree.cc:138) For pdf-id 193, low count 84
VLOG[1] (build-tree[5.2.132~9-82686]:main():build-tree.cc:138) For pdf-id 195, low count 53
VLOG[1] (build-tree[5.2.132~9-82686]:main():build-tree.cc:138) For pdf-id 197, low count 62
VLOG[1] (build-tree[5.2.132~9-82686]:main():build-tree.cc:138) For pdf-id 199, low count 83
VLOG[1] (build-tree[5.2.132~9-82686]:main():build-tree.cc:138) For pdf-id 203, low count 77
VLOG[1] (build-tree[5.2.132~9-82686]:main():build-tree.cc:138) For pdf-id 213, low count 70
VLOG[1] (build-tree[5.2.132~9-82686]:main():build-tree.cc:138) For pdf-id 214, low count 57
VLOG[1] (build-tree[5.2.132~9-82686]:main():build-tree.cc:138) For pdf-id 215, low count 73
VLOG[1] (build-tree[5.2.132~9-82686]:main():build-tree.cc:138) For pdf-id 216, low count 88
VLOG[1] (build-tree[5.2.132~9-82686]:main():build-tree.cc:138) For pdf-id 226, low count 58
VLOG[1] (build-tree[5.2.132~9-82686]:main():build-tree.cc:138) For pdf-id 235, low count 92
VLOG[1] (build-tree[5.2.132~9-82686]:main():build-tree.cc:138) For pdf-id 240, low count 79
VLOG[1] (build-tree[5.2.132~9-82686]:main():build-tree.cc:138) For pdf-id 246, low count 79
VLOG[1] (build-tree[5.2.132~9-82686]:main():build-tree.cc:138) For pdf-id 248, low count 65
VLOG[1] (build-tree[5.2.132~9-82686]:main():build-tree.cc:138) For pdf-id 256, low count 49
VLOG[1] (build-tree[5.2.132~9-82686]:main():build-tree.cc:138) For pdf-id 258, low count 72
VLOG[1] (build-tree[5.2.132~9-82686]:main():build-tree.cc:138) For pdf-id 260, low count 76
VLOG[1] (build-tree[5.2.132~9-82686]:main():build-tree.cc:138) For pdf-id 265, low count 69
VLOG[1] (build-tree[5.2.132~9-82686]:main():build-tree.cc:138) For pdf-id 269, low count 91
VLOG[1] (build-tree[5.2.132~9-82686]:main():build-tree.cc:138) For pdf-id 276, low count 60
VLOG[1] (build-tree[5.2.132~9-82686]:main():build-tree.cc:138) For pdf-id 286, low count 91
VLOG[1] (build-tree[5.2.132~9-82686]:main():build-tree.cc:138) For pdf-id 291, low count 95
VLOG[1] (build-tree[5.2.132~9-82686]:main():build-tree.cc:138) For pdf-id 294, low count 83
VLOG[1] (build-tree[5.2.132~9-82686]:main():build-tree.cc:138) For pdf-id 302, low count 82
VLOG[1] (build-tree[5.2.132~9-82686]:main():build-tree.cc:138) For pdf-id 317, low count 87
VLOG[1] (build-tree[5.2.132~9-82686]:main():build-tree.cc:138) For pdf-id 318, low count 60
VLOG[1] (build-tree[5.2.132~9-82686]:main():build-tree.cc:138) For pdf-id 324, low count 70
VLOG[1] (build-tree[5.2.132~9-82686]:main():build-tree.cc:138) For pdf-id 337, low count 72
VLOG[1] (build-tree[5.2.132~9-82686]:main():build-tree.cc:138) For pdf-id 346, low count 74
VLOG[1] (build-tree[5.2.132~9-82686]:main():build-tree.cc:138) For pdf-id 347, low count 77
VLOG[1] (build-tree[5.2.132~9-82686]:main():build-tree.cc:138) For pdf-id 348, low count 74
VLOG[1] (build-tree[5.2.132~9-82686]:main():build-tree.cc:138) For pdf-id 349, low count 99
VLOG[1] (build-tree[5.2.132~9-82686]:main():build-tree.cc:138) For pdf-id 357, low count 88
VLOG[1] (build-tree[5.2.132~9-82686]:main():build-tree.cc:138) For pdf-id 360, low count 67
VLOG[1] (build-tree[5.2.132~9-82686]:main():build-tree.cc:138) For pdf-id 363, low count 54
VLOG[1] (build-tree[5.2.132~9-82686]:main():build-tree.cc:138) For pdf-id 371, low count 67
VLOG[1] (build-tree[5.2.132~9-82686]:main():build-tree.cc:138) For pdf-id 374, low count 37
VLOG[1] (build-tree[5.2.132~9-82686]:main():build-tree.cc:138) For pdf-id 375, low count 79
VLOG[1] (build-tree[5.2.132~9-82686]:main():build-tree.cc:138) For pdf-id 378, low count 91
VLOG[1] (build-tree[5.2.132~9-82686]:main():build-tree.cc:138) For pdf-id 386, low count 80
VLOG[1] (build-tree[5.2.132~9-82686]:main():build-tree.cc:138) For pdf-id 387, low count 89
VLOG[1] (build-tree[5.2.132~9-82686]:main():build-tree.cc:138) For pdf-id 390, low count 70
VLOG[1] (build-tree[5.2.132~9-82686]:main():build-tree.cc:138) For pdf-id 397, low count 98
VLOG[1] (build-tree[5.2.132~9-82686]:main():build-tree.cc:138) For pdf-id 399, low count 74
VLOG[1] (build-tree[5.2.132~9-82686]:main():build-tree.cc:138) For pdf-id 403, low count 14
VLOG[1] (build-tree[5.2.132~9-82686]:main():build-tree.cc:138) For pdf-id 406, low count 52
WARNING (build-tree[5.2.132~9-82686]:main():build-tree.cc:180) Saw no stats for following phones: 2 3 4 5 6 7 8 9 10 12 14 15 18 19 21 22 23 26 27 30 31 34 35 38 39 42 44 46 48 50 51 53 54 58 60 62 66 67 70 74 76 78 79 82 84 86 87 90 91 94 95 98 99 100 102 103 106 110 112 114 115 116 118 120 122 
LOG (build-tree[5.2.132~9-82686]:main():build-tree.cc:184) Wrote tree
# Accounting: time=1 threads=1
# Ended (code 0) at Thu Nov  9 17:31:35 NZDT 2017, elapsed time 1 seconds
