# ali-to-post "ark:gunzip -c exp/tri4b/ali.2.gz|" ark:- | weight-silence-post 0.0 1:2:3:4:5:6:7:8:9:10 exp/tri4b/12.mdl ark:- ark:- | gmm-est-fmllr --fmllr-update-type=full --spk2utt=ark:data/train/split4/2/spk2utt exp/tri4b/12.mdl "ark,s,cs:apply-cmvn  --utt2spk=ark:data/train/split4/2/utt2spk scp:data/train/split4/2/cmvn.scp scp:data/train/split4/2/feats.scp ark:- | splice-feats --left-context=3 --right-context=3 ark:- ark:- | transform-feats exp/tri3b/final.mat ark:- ark:- | transform-feats --utt2spk=ark:data/train/split4/2/utt2spk ark:exp/tri4b/trans.2 ark:- ark:- |" ark:- ark:exp/tri4b/tmp_trans.2 
# Started at Thu Nov  9 17:32:01 NZDT 2017
#
ali-to-post 'ark:gunzip -c exp/tri4b/ali.2.gz|' ark:- 
weight-silence-post 0.0 1:2:3:4:5:6:7:8:9:10 exp/tri4b/12.mdl ark:- ark:- 
gmm-est-fmllr --fmllr-update-type=full --spk2utt=ark:data/train/split4/2/spk2utt exp/tri4b/12.mdl 'ark,s,cs:apply-cmvn  --utt2spk=ark:data/train/split4/2/utt2spk scp:data/train/split4/2/cmvn.scp scp:data/train/split4/2/feats.scp ark:- | splice-feats --left-context=3 --right-context=3 ark:- ark:- | transform-feats exp/tri3b/final.mat ark:- ark:- | transform-feats --utt2spk=ark:data/train/split4/2/utt2spk ark:exp/tri4b/trans.2 ark:- ark:- |' ark:- ark:exp/tri4b/tmp_trans.2 
transform-feats exp/tri3b/final.mat ark:- ark:- 
apply-cmvn --utt2spk=ark:data/train/split4/2/utt2spk scp:data/train/split4/2/cmvn.scp scp:data/train/split4/2/feats.scp ark:- 
transform-feats --utt2spk=ark:data/train/split4/2/utt2spk ark:exp/tri4b/trans.2 ark:- ark:- 
splice-feats --left-context=3 --right-context=3 ark:- ark:- 
LOG (gmm-est-fmllr[5.2.132~9-82686]:ComputeFmllrMatrixDiagGmmFull():fmllr-diag-gmm.cc:262) fMLLR objf improvement is 0.0926757 per frame over 5018 frames.
LOG (gmm-est-fmllr[5.2.132~9-82686]:main():gmm-est-fmllr.cc:143) For speaker f006, auxf-impr from fMLLR is 0.0926757, over 5018 frames.
LOG (gmm-est-fmllr[5.2.132~9-82686]:ComputeFmllrMatrixDiagGmmFull():fmllr-diag-gmm.cc:262) fMLLR objf improvement is 0.136834 per frame over 3260 frames.
LOG (gmm-est-fmllr[5.2.132~9-82686]:main():gmm-est-fmllr.cc:143) For speaker f007, auxf-impr from fMLLR is 0.136834, over 3260 frames.
LOG (gmm-est-fmllr[5.2.132~9-82686]:ComputeFmllrMatrixDiagGmmFull():fmllr-diag-gmm.cc:262) fMLLR objf improvement is 0.113397 per frame over 4007 frames.
LOG (gmm-est-fmllr[5.2.132~9-82686]:main():gmm-est-fmllr.cc:143) For speaker f008, auxf-impr from fMLLR is 0.113397, over 4007 frames.
LOG (ali-to-post[5.2.132~9-82686]:main():ali-to-post.cc:73) Converted 590 alignments.
LOG (gmm-est-fmllr[5.2.132~9-82686]:ComputeFmllrMatrixDiagGmmFull():fmllr-diag-gmm.cc:262) fMLLR objf improvement is 0.113196 per frame over 3292 frames.
LOG (gmm-est-fmllr[5.2.132~9-82686]:main():gmm-est-fmllr.cc:143) For speaker f009, auxf-impr from fMLLR is 0.113196, over 3292 frames.
LOG (weight-silence-post[5.2.132~9-82686]:main():weight-silence-post.cc:95) Done 590 posteriors.
LOG (gmm-est-fmllr[5.2.132~9-82686]:ComputeFmllrMatrixDiagGmmFull():fmllr-diag-gmm.cc:262) fMLLR objf improvement is 0.170788 per frame over 2109 frames.
LOG (gmm-est-fmllr[5.2.132~9-82686]:main():gmm-est-fmllr.cc:143) For speaker f010, auxf-impr from fMLLR is 0.170788, over 2109 frames.
WARNING (gmm-est-fmllr[5.2.132~9-82686]:Update():fmllr-diag-gmm.cc:162) Not updating fMLLR since below min-count: count is 192
LOG (gmm-est-fmllr[5.2.132~9-82686]:main():gmm-est-fmllr.cc:143) For speaker f011, auxf-impr from fMLLR is 0, over 192 frames.
LOG (apply-cmvn[5.2.132~9-82686]:main():apply-cmvn.cc:162) Applied cepstral mean normalization to 590 utterances, errors on 0
LOG (transform-feats[5.2.132~9-82686]:main():transform-feats.cc:158) Overall average [pseudo-]logdet is 37.9074 over 22731 frames.
LOG (transform-feats[5.2.132~9-82686]:main():transform-feats.cc:161) Applied transform to 590 utterances; 0 had errors.
LOG (transform-feats[5.2.132~9-82686]:main():transform-feats.cc:158) Overall average logdet is 5.14622 over 22731 frames.
LOG (transform-feats[5.2.132~9-82686]:main():transform-feats.cc:161) Applied transform to 590 utterances; 0 had errors.
LOG (gmm-est-fmllr[5.2.132~9-82686]:ComputeFmllrMatrixDiagGmmFull():fmllr-diag-gmm.cc:262) fMLLR objf improvement is 0.133929 per frame over 3562 frames.
LOG (gmm-est-fmllr[5.2.132~9-82686]:main():gmm-est-fmllr.cc:143) For speaker m001, auxf-impr from fMLLR is 0.133929, over 3562 frames.
LOG (gmm-est-fmllr[5.2.132~9-82686]:main():gmm-est-fmllr.cc:188) Done 590 files, 0 with no posts, 0 with other errors.
LOG (gmm-est-fmllr[5.2.132~9-82686]:main():gmm-est-fmllr.cc:190) Overall fMLLR auxf impr per frame is 0.120121 over 21440 frames.
# Accounting: time=3 threads=1
# Ended (code 0) at Thu Nov  9 17:32:04 NZDT 2017, elapsed time 3 seconds
