gmm-init-model --write-occs=exp/tri4b/1.occs exp/tri4b/tree exp/tri4b/treeacc data/lang_2/topo exp/tri4b/1.mdl 
LOG (gmm-init-model[5.2.132~9-82686]:main():gmm-init-model.cc:271) Number of separate statistics is 1159
WARNING (gmm-init-model[5.2.132~9-82686]:InitAmGmm():gmm-init-model.cc:55) Tree has pdf-id 1 with no stats; corresponding phone list: 6 7 8 9 10 
WARNING (gmm-init-model[5.2.132~9-82686]:InitAmGmm():gmm-init-model.cc:83) Very small count for state 13: 91; corresponding phone list: 55 56 57 58 
WARNING (gmm-init-model[5.2.132~9-82686]:InitAmGmm():gmm-init-model.cc:83) Very small count for state 14: 72; corresponding phone list: 59 60 61 62 
WARNING (gmm-init-model[5.2.132~9-82686]:InitAmGmm():gmm-init-model.cc:83) Very small count for state 15: 42; corresponding phone list: 63 64 65 66 
WARNING (gmm-init-model[5.2.132~9-82686]:InitAmGmm():gmm-init-model.cc:83) Very small count for state 17: 93; corresponding phone list: 71 72 73 74 
WARNING (gmm-init-model[5.2.132~9-82686]:InitAmGmm():gmm-init-model.cc:83) Very small count for state 38: 93; corresponding phone list: 79 80 81 82 
WARNING (gmm-init-model[5.2.132~9-82686]:InitAmGmm():gmm-init-model.cc:83) Very small count for state 42: 79; corresponding phone list: 11 12 13 14 
WARNING (gmm-init-model[5.2.132~9-82686]:InitAmGmm():gmm-init-model.cc:83) Very small count for state 57: 82; corresponding phone list: 43 44 45 46 
WARNING (gmm-init-model[5.2.132~9-82686]:InitAmGmm():gmm-init-model.cc:83) Very small count for state 61: 91; corresponding phone list: 19 20 21 22 
WARNING (gmm-init-model[5.2.132~9-82686]:InitAmGmm():gmm-init-model.cc:83) Very small count for state 78: 93; corresponding phone list: 67 69 70 
WARNING (gmm-init-model[5.2.132~9-82686]:InitAmGmm():gmm-init-model.cc:83) Very small count for state 80: 97; corresponding phone list: 107 108 109 110 
WARNING (gmm-init-model[5.2.132~9-82686]:InitAmGmm():gmm-init-model.cc:83) Very small count for state 82: 75; corresponding phone list: 75 76 77 78 
WARNING (gmm-init-model[5.2.132~9-82686]:InitAmGmm():gmm-init-model.cc:83) Very small count for state 83: 52; corresponding phone list: 103 104 105 106 
WARNING (gmm-init-model[5.2.132~9-82686]:InitAmGmm():gmm-init-model.cc:83) Very small count for state 93: 72; corresponding phone list: 91 92 93 94 
WARNING (gmm-init-model[5.2.132~9-82686]:InitAmGmm():gmm-init-model.cc:83) Very small count for state 100: 79; corresponding phone list: 63 64 65 66 
WARNING (gmm-init-model[5.2.132~9-82686]:InitAmGmm():gmm-init-model.cc:83) Very small count for state 103: 51; corresponding phone list: 64 65 66 
WARNING (gmm-init-model[5.2.132~9-82686]:InitAmGmm():gmm-init-model.cc:83) Very small count for state 111: 28; corresponding phone list: 111 112 113 114 
WARNING (gmm-init-model[5.2.132~9-82686]:InitAmGmm():gmm-init-model.cc:83) Very small count for state 115: 40; corresponding phone list: 96 
WARNING (gmm-init-model[5.2.132~9-82686]:InitAmGmm():gmm-init-model.cc:83) Very small count for state 117: 45; corresponding phone list: 67 68 69 70 
WARNING (gmm-init-model[5.2.132~9-82686]:InitAmGmm():gmm-init-model.cc:83) Very small count for state 133: 40; corresponding phone list: 119 120 121 122 
WARNING (gmm-init-model[5.2.132~9-82686]:InitAmGmm():gmm-init-model.cc:83) Very small count for state 134: 92; corresponding phone list: 11 12 13 14 
WARNING (gmm-init-model[5.2.132~9-82686]:InitAmGmm():gmm-init-model.cc:83) Very small count for state 135: 91; corresponding phone list: 75 76 77 78 
WARNING (gmm-init-model[5.2.132~9-82686]:InitAmGmm():gmm-init-model.cc:83) Very small count for state 139: 85; corresponding phone list: 87 89 90 
WARNING (gmm-init-model[5.2.132~9-82686]:InitAmGmm():gmm-init-model.cc:83) Very small count for state 142: 86; corresponding phone list: 71 72 74 
WARNING (gmm-init-model[5.2.132~9-82686]:InitAmGmm():gmm-init-model.cc:83) Very small count for state 145: 40; corresponding phone list: 107 108 109 110 
WARNING (gmm-init-model[5.2.132~9-82686]:InitAmGmm():gmm-init-model.cc:83) Very small count for state 156: 99; corresponding phone list: 73 
WARNING (gmm-init-model[5.2.132~9-82686]:InitAmGmm():gmm-init-model.cc:83) Very small count for state 162: 75; corresponding phone list: 67 69 70 
WARNING (gmm-init-model[5.2.132~9-82686]:InitAmGmm():gmm-init-model.cc:83) Very small count for state 166: 63; corresponding phone list: 63 64 65 66 
WARNING (gmm-init-model[5.2.132~9-82686]:InitAmGmm():gmm-init-model.cc:83) Very small count for state 172: 48; corresponding phone list: 1 2 3 4 5 
WARNING (gmm-init-model[5.2.132~9-82686]:InitAmGmm():gmm-init-model.cc:83) Very small count for state 190: 97; corresponding phone list: 59 60 61 62 
WARNING (gmm-init-model[5.2.132~9-82686]:InitAmGmm():gmm-init-model.cc:83) Very small count for state 193: 84; corresponding phone list: 75 76 77 78 
WARNING (gmm-init-model[5.2.132~9-82686]:InitAmGmm():gmm-init-model.cc:83) Very small count for state 195: 53; corresponding phone list: 11 12 13 14 
WARNING (gmm-init-model[5.2.132~9-82686]:InitAmGmm():gmm-init-model.cc:83) Very small count for state 197: 62; corresponding phone list: 119 120 121 122 
WARNING (gmm-init-model[5.2.132~9-82686]:InitAmGmm():gmm-init-model.cc:83) Very small count for state 199: 83; corresponding phone list: 83 84 85 86 
WARNING (gmm-init-model[5.2.132~9-82686]:InitAmGmm():gmm-init-model.cc:83) Very small count for state 203: 77; corresponding phone list: 55 56 57 58 
WARNING (gmm-init-model[5.2.132~9-82686]:InitAmGmm():gmm-init-model.cc:83) Very small count for state 213: 70; corresponding phone list: 55 
WARNING (gmm-init-model[5.2.132~9-82686]:InitAmGmm():gmm-init-model.cc:83) Very small count for state 214: 57; corresponding phone list: 47 48 49 50 
WARNING (gmm-init-model[5.2.132~9-82686]:InitAmGmm():gmm-init-model.cc:83) Very small count for state 215: 73; corresponding phone list: 107 108 109 110 
WARNING (gmm-init-model[5.2.132~9-82686]:InitAmGmm():gmm-init-model.cc:83) Very small count for state 216: 88; corresponding phone list: 75 76 77 78 
WARNING (gmm-init-model[5.2.132~9-82686]:InitAmGmm():gmm-init-model.cc:83) Very small count for state 226: 58; corresponding phone list: 79 81 82 
WARNING (gmm-init-model[5.2.132~9-82686]:InitAmGmm():gmm-init-model.cc:83) Very small count for state 235: 92; corresponding phone list: 39 40 41 42 
WARNING (gmm-init-model[5.2.132~9-82686]:InitAmGmm():gmm-init-model.cc:83) Very small count for state 240: 79; corresponding phone list: 15 16 17 18 
WARNING (gmm-init-model[5.2.132~9-82686]:InitAmGmm():gmm-init-model.cc:83) Very small count for state 246: 79; corresponding phone list: 75 76 77 78 
WARNING (gmm-init-model[5.2.132~9-82686]:InitAmGmm():gmm-init-model.cc:83) Very small count for state 248: 65; corresponding phone list: 55 56 57 58 
WARNING (gmm-init-model[5.2.132~9-82686]:InitAmGmm():gmm-init-model.cc:83) Very small count for state 256: 49; corresponding phone list: 57 58 
WARNING (gmm-init-model[5.2.132~9-82686]:InitAmGmm():gmm-init-model.cc:83) Very small count for state 258: 72; corresponding phone list: 59 60 61 62 
WARNING (gmm-init-model[5.2.132~9-82686]:InitAmGmm():gmm-init-model.cc:83) Very small count for state 260: 76; corresponding phone list: 59 60 61 62 
WARNING (gmm-init-model[5.2.132~9-82686]:InitAmGmm():gmm-init-model.cc:83) Very small count for state 265: 69; corresponding phone list: 43 44 45 46 
WARNING (gmm-init-model[5.2.132~9-82686]:InitAmGmm():gmm-init-model.cc:83) Very small count for state 269: 91; corresponding phone list: 15 17 18 
WARNING (gmm-init-model[5.2.132~9-82686]:InitAmGmm():gmm-init-model.cc:83) Very small count for state 276: 60; corresponding phone list: 75 76 77 78 
WARNING (gmm-init-model[5.2.132~9-82686]:InitAmGmm():gmm-init-model.cc:83) Very small count for state 286: 91; corresponding phone list: 83 84 85 86 
WARNING (gmm-init-model[5.2.132~9-82686]:InitAmGmm():gmm-init-model.cc:83) Very small count for state 291: 95; corresponding phone list: 99 100 101 102 
WARNING (gmm-init-model[5.2.132~9-82686]:InitAmGmm():gmm-init-model.cc:83) Very small count for state 294: 83; corresponding phone list: 91 92 93 94 
WARNING (gmm-init-model[5.2.132~9-82686]:InitAmGmm():gmm-init-model.cc:83) Very small count for state 302: 82; corresponding phone list: 11 12 13 14 
WARNING (gmm-init-model[5.2.132~9-82686]:InitAmGmm():gmm-init-model.cc:83) Very small count for state 317: 87; corresponding phone list: 75 76 77 78 
WARNING (gmm-init-model[5.2.132~9-82686]:InitAmGmm():gmm-init-model.cc:83) Very small count for state 318: 60; corresponding phone list: 63 64 65 66 
WARNING (gmm-init-model[5.2.132~9-82686]:InitAmGmm():gmm-init-model.cc:83) Very small count for state 324: 70; corresponding phone list: 55 56 57 58 
WARNING (gmm-init-model[5.2.132~9-82686]:InitAmGmm():gmm-init-model.cc:83) Very small count for state 337: 72; corresponding phone list: 39 40 41 42 
WARNING (gmm-init-model[5.2.132~9-82686]:InitAmGmm():gmm-init-model.cc:83) Very small count for state 346: 74; corresponding phone list: 87 89 90 
WARNING (gmm-init-model[5.2.132~9-82686]:InitAmGmm():gmm-init-model.cc:83) Very small count for state 347: 77; corresponding phone list: 67 69 70 
WARNING (gmm-init-model[5.2.132~9-82686]:InitAmGmm():gmm-init-model.cc:83) Very small count for state 348: 74; corresponding phone list: 111 112 113 114 
WARNING (gmm-init-model[5.2.132~9-82686]:InitAmGmm():gmm-init-model.cc:83) Very small count for state 349: 99; corresponding phone list: 23 25 26 
WARNING (gmm-init-model[5.2.132~9-82686]:InitAmGmm():gmm-init-model.cc:83) Very small count for state 357: 88; corresponding phone list: 107 108 109 110 
WARNING (gmm-init-model[5.2.132~9-82686]:InitAmGmm():gmm-init-model.cc:83) Very small count for state 360: 67; corresponding phone list: 68 
WARNING (gmm-init-model[5.2.132~9-82686]:InitAmGmm():gmm-init-model.cc:83) Very small count for state 363: 54; corresponding phone list: 63 64 65 66 
WARNING (gmm-init-model[5.2.132~9-82686]:InitAmGmm():gmm-init-model.cc:83) Very small count for state 371: 67; corresponding phone list: 83 84 85 86 
WARNING (gmm-init-model[5.2.132~9-82686]:InitAmGmm():gmm-init-model.cc:83) Very small count for state 374: 37; corresponding phone list: 83 84 85 86 
WARNING (gmm-init-model[5.2.132~9-82686]:InitAmGmm():gmm-init-model.cc:83) Very small count for state 375: 79; corresponding phone list: 39 40 41 42 
WARNING (gmm-init-model[5.2.132~9-82686]:InitAmGmm():gmm-init-model.cc:83) Very small count for state 378: 91; corresponding phone list: 43 44 45 46 
WARNING (gmm-init-model[5.2.132~9-82686]:InitAmGmm():gmm-init-model.cc:83) Very small count for state 386: 80; corresponding phone list: 107 109 110 
WARNING (gmm-init-model[5.2.132~9-82686]:InitAmGmm():gmm-init-model.cc:83) Very small count for state 387: 89; corresponding phone list: 19 20 21 22 
WARNING (gmm-init-model[5.2.132~9-82686]:InitAmGmm():gmm-init-model.cc:83) Very small count for state 390: 70; corresponding phone list: 63 64 65 66 
WARNING (gmm-init-model[5.2.132~9-82686]:InitAmGmm():gmm-init-model.cc:83) Very small count for state 397: 98; corresponding phone list: 119 120 121 122 
WARNING (gmm-init-model[5.2.132~9-82686]:InitAmGmm():gmm-init-model.cc:83) Very small count for state 399: 74; corresponding phone list: 67 69 70 
WARNING (gmm-init-model[5.2.132~9-82686]:InitAmGmm():gmm-init-model.cc:83) Very small count for state 403: 14; corresponding phone list: 68 
WARNING (gmm-init-model[5.2.132~9-82686]:InitAmGmm():gmm-init-model.cc:83) Very small count for state 406: 52; corresponding phone list: 23 25 26 
LOG (gmm-init-model[5.2.132~9-82686]:main():gmm-init-model.cc:306) Wrote model.
