# gmm-est --power=0.2 --write-occs=exp/tri4b/22.occs --mix-up=32840 exp/tri4b/21.mdl "gmm-sum-accs - exp/tri4b/21.*.acc |" exp/tri4b/22.mdl 
# Started at Thu Nov  9 17:32:16 NZDT 2017
#
gmm-est --power=0.2 --write-occs=exp/tri4b/22.occs --mix-up=32840 exp/tri4b/21.mdl 'gmm-sum-accs - exp/tri4b/21.*.acc |' exp/tri4b/22.mdl 
gmm-sum-accs - exp/tri4b/21.1.acc exp/tri4b/21.2.acc exp/tri4b/21.3.acc exp/tri4b/21.4.acc 
LOG (gmm-sum-accs[5.2.132~9-82686]:main():gmm-sum-accs.cc:63) Summed 4 stats, total count 93175, avg like/frame -49.6677
LOG (gmm-sum-accs[5.2.132~9-82686]:main():gmm-sum-accs.cc:66) Total count of stats is 93175
LOG (gmm-sum-accs[5.2.132~9-82686]:main():gmm-sum-accs.cc:67) Written stats to -
LOG (gmm-est[5.2.132~9-82686]:MleUpdate():transition-model.cc:517) TransitionModel::Update, objf change is 0 per frame over 93175 frames. 
LOG (gmm-est[5.2.132~9-82686]:MleUpdate():transition-model.cc:520) 74 probabilities floored, 1210 out of 1748 transition-states skipped due to insuffient data (it is normal to have some skipped.)
LOG (gmm-est[5.2.132~9-82686]:main():gmm-est.cc:102) Transition model update: Overall 0 log-like improvement per frame over 93175 frames.
WARNING (gmm-est[5.2.132~9-82686]:MleDiagGmmUpdate():mle-diag-gmm.cc:365) Gaussian has too little data but not removing it because it is the last Gaussian: i = 0, occ = 0, weight = 1
WARNING (gmm-est[5.2.132~9-82686]:MleDiagGmmUpdate():mle-diag-gmm.cc:359) Too little data - removing Gaussian (weight 0.055773, occupation count 9.983303, vector size 40)
WARNING (gmm-est[5.2.132~9-82686]:MleDiagGmmUpdate():mle-diag-gmm.cc:359) Too little data - removing Gaussian (weight 0.025700, occupation count 9.997393, vector size 40)
WARNING (gmm-est[5.2.132~9-82686]:MleDiagGmmUpdate():mle-diag-gmm.cc:359) Too little data - removing Gaussian (weight 0.028987, occupation count 9.275694, vector size 40)
WARNING (gmm-est[5.2.132~9-82686]:MleDiagGmmUpdate():mle-diag-gmm.cc:359) Too little data - removing Gaussian (weight 0.033673, occupation count 9.596726, vector size 40)
LOG (gmm-est[5.2.132~9-82686]:MleAmDiagGmmUpdate():mle-am-diag-gmm.cc:225) 0 variance elements floored in 0 Gaussians, out of 4457
LOG (gmm-est[5.2.132~9-82686]:MleAmDiagGmmUpdate():mle-am-diag-gmm.cc:229) Removed 4 Gaussians due to counts < --min-gaussian-occupancy=10 and --remove-low-count-gaussians=true
LOG (gmm-est[5.2.132~9-82686]:main():gmm-est.cc:113) GMM update: Overall 0.00846113 objective function improvement per frame over 93175 frames
LOG (gmm-est[5.2.132~9-82686]:main():gmm-est.cc:116) GMM update: Overall avg like per frame = -49.6677 over 93175 frames.
WARNING (gmm-est[5.2.132~9-82686]:GetSplitTargets():model-common.cc:134) Could not split up to 32840 due to min-count = 20 (or no counts at all)
LOG (gmm-est[5.2.132~9-82686]:SplitByCount():am-diag-gmm.cc:116) Split 413 states with target = 32840, power = 0.2, perturb_factor = 0.01 and min_count = 20, split #Gauss from 4457 to 4460
LOG (gmm-est[5.2.132~9-82686]:main():gmm-est.cc:146) Written model to exp/tri4b/22.mdl
# Accounting: time=0 threads=1
# Ended (code 0) at Thu Nov  9 17:32:16 NZDT 2017, elapsed time 0 seconds
