# gunzip -c exp/tri1/decode/depth_stats_tmp.*.gz | steps/diagnostic/analyze_lattice_depth_stats.py exp/tri1/graph 
# Started at Thu Nov  9 17:25:08 NZDT 2017
#
The total amount of data analyzed assuming 100 frames per second is 0.2 hours
Overall, lattice depth (10,50,90-percentile)=(1,1,6) and mean=2.7
Nonsilence phones as a group account for 85.3% of frames, with lattice depth (10,50,90-percentile)=(1,1,5) and mean=2.6
Phone sil accounts for 14.7% of frames, with lattice depth (10,50,90-percentile)=(1,2,8) and mean=3.7
Phone a_E accounts for 7.6% of frames, with lattice depth (10,50,90-percentile)=(1,1,6) and mean=2.8
Phone a_I accounts for 4.9% of frames, with lattice depth (10,50,90-percentile)=(1,1,5) and mean=2.3
Phone t_B accounts for 4.0% of frames, with lattice depth (10,50,90-percentile)=(1,1,6) and mean=2.8
Phone aa_I accounts for 3.8% of frames, with lattice depth (10,50,90-percentile)=(1,1,4) and mean=2.0
Phone i_E accounts for 3.7% of frames, with lattice depth (10,50,90-percentile)=(1,1,4) and mean=1.9
Phone r_I accounts for 3.6% of frames, with lattice depth (10,50,90-percentile)=(1,1,5) and mean=2.1
Phone m_B accounts for 2.9% of frames, with lattice depth (10,50,90-percentile)=(1,1,5) and mean=2.2
Phone k_I accounts for 2.9% of frames, with lattice depth (10,50,90-percentile)=(1,1,3) and mean=1.9
Phone i_I accounts for 2.8% of frames, with lattice depth (10,50,90-percentile)=(1,1,3) and mean=1.9
Phone k_B accounts for 2.7% of frames, with lattice depth (10,50,90-percentile)=(1,1,5) and mean=2.2
Phone w_B accounts for 2.5% of frames, with lattice depth (10,50,90-percentile)=(1,1,5) and mean=2.2
Phone t_I accounts for 2.4% of frames, with lattice depth (10,50,90-percentile)=(1,1,4) and mean=1.9
Phone m_I accounts for 2.1% of frames, with lattice depth (10,50,90-percentile)=(1,1,3) and mean=1.9
Phone au_E accounts for 2.1% of frames, with lattice depth (10,50,90-percentile)=(1,2,10) and mean=3.9
Phone f_B accounts for 2.1% of frames, with lattice depth (10,50,90-percentile)=(1,1,5) and mean=2.2
Phone aa_E accounts for 2.0% of frames, with lattice depth (10,50,90-percentile)=(1,1,7) and mean=2.8
Phone ae_E accounts for 2.0% of frames, with lattice depth (10,50,90-percentile)=(1,2,7) and mean=3.4
Phone h_I accounts for 1.9% of frames, with lattice depth (10,50,90-percentile)=(1,1,6) and mean=2.5
Phone o_I accounts for 1.8% of frames, with lattice depth (10,50,90-percentile)=(1,1,5) and mean=2.3
Phone N_I accounts for 1.6% of frames, with lattice depth (10,50,90-percentile)=(1,1,7) and mean=3.1
Phone h_B accounts for 1.5% of frames, with lattice depth (10,50,90-percentile)=(1,2,9) and mean=4.0
Phone n_I accounts for 1.5% of frames, with lattice depth (10,50,90-percentile)=(1,1,7) and mean=2.5
Phone u_I accounts for 1.5% of frames, with lattice depth (10,50,90-percentile)=(1,1,4) and mean=2.1
Phone o_E accounts for 1.5% of frames, with lattice depth (10,50,90-percentile)=(1,1,4) and mean=2.1
Phone w_I accounts for 1.3% of frames, with lattice depth (10,50,90-percentile)=(1,1,3) and mean=2.5
Phone p_B accounts for 1.3% of frames, with lattice depth (10,50,90-percentile)=(1,2,7) and mean=4.1
Phone i_B accounts for 1.2% of frames, with lattice depth (10,50,90-percentile)=(1,1,3) and mean=2.1
Phone ou_E accounts for 1.1% of frames, with lattice depth (10,50,90-percentile)=(1,3,7) and mean=4.7
Phone r_B accounts for 1.0% of frames, with lattice depth (10,50,90-percentile)=(1,2,5) and mean=2.7
Phone e_I accounts for 1.0% of frames, with lattice depth (10,50,90-percentile)=(1,1,6) and mean=2.3
Phone a_B accounts for 1.0% of frames, with lattice depth (10,50,90-percentile)=(1,1,6) and mean=2.4
Phone ei_E accounts for 0.9% of frames, with lattice depth (10,50,90-percentile)=(1,2,6) and mean=2.9
Phone ao_E accounts for 0.9% of frames, with lattice depth (10,50,90-percentile)=(1,1,11) and mean=3.5
Phone ee_E accounts for 0.9% of frames, with lattice depth (10,50,90-percentile)=(1,2,5) and mean=3.0
Phone e_E accounts for 0.9% of frames, with lattice depth (10,50,90-percentile)=(1,2,8) and mean=3.2
Phone u_E accounts for 0.8% of frames, with lattice depth (10,50,90-percentile)=(1,2,11) and mean=3.5
Phone ai_E accounts for 0.8% of frames, with lattice depth (10,50,90-percentile)=(1,3,10) and mean=4.1
Phone oo_I accounts for 0.7% of frames, with lattice depth (10,50,90-percentile)=(1,1,2) and mean=1.4
Phone oi_E accounts for 0.6% of frames, with lattice depth (10,50,90-percentile)=(1,1,4) and mean=2.1
Phone oe_E accounts for 0.6% of frames, with lattice depth (10,50,90-percentile)=(1,1,10) and mean=4.4
Phone au_I accounts for 0.6% of frames, with lattice depth (10,50,90-percentile)=(1,1,8) and mean=2.5
# Accounting: time=0 threads=1
# Ended (code 0) at Thu Nov  9 17:25:08 NZDT 2017, elapsed time 0 seconds
