# lattice-determinize-pruned --acoustic-scale=0.083333 --beam=4.0 "ark:gunzip -c exp/tri3b_mmi/decode/lat.tmp.3.gz|" ark:- | lattice-to-post --acoustic-scale=0.083333 ark:- ark:- | weight-silence-post 0.01 1:2:3:4:5:6:7:8:9:10 exp/tri3b/final.mdl ark:- ark:- | gmm-est-fmllr --fmllr-update-type=full --spk2utt=ark:data/test/split4/3/spk2utt exp/tri3b/final.mdl "ark,s,cs:apply-cmvn  --utt2spk=ark:data/test/split4/3/utt2spk scp:data/test/split4/3/cmvn.scp scp:data/test/split4/3/feats.scp ark:- | splice-feats --left-context=3 --right-context=3 ark:- ark:- | transform-feats exp/tri3b_mmi/final.mat ark:- ark:- | transform-feats --utt2spk=ark:data/test/split4/3/utt2spk ark:exp/tri3b_mmi/decode/pre_trans.3 ark:- ark:- |" ark,s,cs:- ark:exp/tri3b_mmi/decode/trans_tmp.3 && compose-transforms --b-is-affine=true ark:exp/tri3b_mmi/decode/trans_tmp.3 ark:exp/tri3b_mmi/decode/pre_trans.3 ark:exp/tri3b_mmi/decode/trans.3 
# Started at Thu Nov  9 13:55:49 NZDT 2017
#
gmm-est-fmllr --fmllr-update-type=full --spk2utt=ark:data/test/split4/3/spk2utt exp/tri3b/final.mdl 'ark,s,cs:apply-cmvn  --utt2spk=ark:data/test/split4/3/utt2spk scp:data/test/split4/3/cmvn.scp scp:data/test/split4/3/feats.scp ark:- | splice-feats --left-context=3 --right-context=3 ark:- ark:- | transform-feats exp/tri3b_mmi/final.mat ark:- ark:- | transform-feats --utt2spk=ark:data/test/split4/3/utt2spk ark:exp/tri3b_mmi/decode/pre_trans.3 ark:- ark:- |' ark,s,cs:- ark:exp/tri3b_mmi/decode/trans_tmp.3 
weight-silence-post 0.01 1:2:3:4:5:6:7:8:9:10 exp/tri3b/final.mdl ark:- ark:- 
lattice-to-post --acoustic-scale=0.083333 ark:- ark:- 
lattice-determinize-pruned --acoustic-scale=0.083333 --beam=4.0 'ark:gunzip -c exp/tri3b_mmi/decode/lat.tmp.3.gz|' ark:- 
transform-feats --utt2spk=ark:data/test/split4/3/utt2spk ark:exp/tri3b_mmi/decode/pre_trans.3 ark:- ark:- 
transform-feats exp/tri3b_mmi/final.mat ark:- ark:- 
splice-feats --left-context=3 --right-context=3 ark:- ark:- 
apply-cmvn --utt2spk=ark:data/test/split4/3/utt2spk scp:data/test/split4/3/cmvn.scp scp:data/test/split4/3/feats.scp ark:- 
LOG (gmm-est-fmllr[5.2.132~9-82686]:ComputeFmllrMatrixDiagGmmFull():fmllr-diag-gmm.cc:262) fMLLR objf improvement is 0.214242 per frame over 6034.97 frames.
LOG (gmm-est-fmllr[5.2.132~9-82686]:main():gmm-est-fmllr.cc:143) For speaker ym001, auxf-impr from fMLLR is 0.214242, over 6034.97 frames.
LOG (gmm-est-fmllr[5.2.132~9-82686]:ComputeFmllrMatrixDiagGmmFull():fmllr-diag-gmm.cc:262) fMLLR objf improvement is 0.340526 per frame over 4352.36 frames.
LOG (gmm-est-fmllr[5.2.132~9-82686]:main():gmm-est-fmllr.cc:143) For speaker ym002, auxf-impr from fMLLR is 0.340526, over 4352.36 frames.
LOG (lattice-determinize-pruned[5.2.132~9-82686]:main():lattice-determinize-pruned.cc:130) Average input-lattice depth (measured at at state level) is 5.77651, output depth is 1.19279, over 18305 frames  (average num-frames = 34.0875).
LOG (lattice-determinize-pruned[5.2.132~9-82686]:main():lattice-determinize-pruned.cc:135) Done 537 lattices, determinization finished earlier than specified by the beam (or output was empty) on 0 of these.
LOG (lattice-to-post[5.2.132~9-82686]:main():lattice-to-post.cc:106) Overall average log-like/frame is -4.81967 over 18305 frames.  Average acoustic like/frame is -4.548
LOG (lattice-to-post[5.2.132~9-82686]:main():lattice-to-post.cc:110) Done 537 lattices.
LOG (weight-silence-post[5.2.132~9-82686]:main():weight-silence-post.cc:95) Done 537 posteriors.
LOG (gmm-est-fmllr[5.2.132~9-82686]:ComputeFmllrMatrixDiagGmmFull():fmllr-diag-gmm.cc:262) fMLLR objf improvement is 0.354899 per frame over 3009.2 frames.
LOG (gmm-est-fmllr[5.2.132~9-82686]:main():gmm-est-fmllr.cc:143) For speaker ym003, auxf-impr from fMLLR is 0.354899, over 3009.2 frames.
LOG (apply-cmvn[5.2.132~9-82686]:main():apply-cmvn.cc:162) Applied cepstral mean normalization to 537 utterances, errors on 0
LOG (transform-feats[5.2.132~9-82686]:main():transform-feats.cc:158) Overall average [pseudo-]logdet is -84.1848 over 18305 frames.
LOG (transform-feats[5.2.132~9-82686]:main():transform-feats.cc:161) Applied transform to 537 utterances; 0 had errors.
LOG (transform-feats[5.2.132~9-82686]:main():transform-feats.cc:158) Overall average logdet is 0.357059 over 18305 frames.
LOG (transform-feats[5.2.132~9-82686]:main():transform-feats.cc:161) Applied transform to 537 utterances; 0 had errors.
LOG (gmm-est-fmllr[5.2.132~9-82686]:ComputeFmllrMatrixDiagGmmFull():fmllr-diag-gmm.cc:262) fMLLR objf improvement is 0.277426 per frame over 3388.12 frames.
LOG (gmm-est-fmllr[5.2.132~9-82686]:main():gmm-est-fmllr.cc:143) For speaker ym004, auxf-impr from fMLLR is 0.277426, over 3388.12 frames.
LOG (gmm-est-fmllr[5.2.132~9-82686]:main():gmm-est-fmllr.cc:188) Done 537 files, 0 with no posts, 0 with other errors.
LOG (gmm-est-fmllr[5.2.132~9-82686]:main():gmm-est-fmllr.cc:190) Overall fMLLR auxf impr per frame is 0.28496 over 16784.7 frames.
compose-transforms --b-is-affine=true ark:exp/tri3b_mmi/decode/trans_tmp.3 ark:exp/tri3b_mmi/decode/pre_trans.3 ark:exp/tri3b_mmi/decode/trans.3 
# Accounting: time=5 threads=1
# Ended (code 0) at Thu Nov  9 13:55:54 NZDT 2017, elapsed time 5 seconds
