# gmm-rescore-lattice exp/tri3b_mmi/2.mdl "ark:gunzip -c exp/tri3b_denlats/lat.3.gz|" "ark,s,cs:apply-cmvn  --utt2spk=ark:data/train/split4/3/utt2spk scp:data/train/split4/3/cmvn.scp scp:data/train/split4/3/feats.scp ark:- | splice-feats --left-context=3 --right-context=3 ark:- ark:- | transform-feats exp/tri3b_ali/final.mat ark:- ark:- | transform-feats --utt2spk=ark:data/train/split4/3/utt2spk ark,s,cs:exp/tri3b_ali/trans.3 ark:- ark:- |" ark:- | lattice-to-post --acoustic-scale=0.1 ark:- ark:- | sum-post --drop-frames=false --merge=true --scale1=-1 ark:- "ark,s,cs:gunzip -c exp/tri3b_ali/ali.3.gz | ali-to-post ark:- ark:- |" ark:- | gmm-acc-stats2 exp/tri3b_mmi/2.mdl "ark,s,cs:apply-cmvn  --utt2spk=ark:data/train/split4/3/utt2spk scp:data/train/split4/3/cmvn.scp scp:data/train/split4/3/feats.scp ark:- | splice-feats --left-context=3 --right-context=3 ark:- ark:- | transform-feats exp/tri3b_ali/final.mat ark:- ark:- | transform-feats --utt2spk=ark:data/train/split4/3/utt2spk ark,s,cs:exp/tri3b_ali/trans.3 ark:- ark:- |" ark,s,cs:- exp/tri3b_mmi/num_acc.2.3.acc exp/tri3b_mmi/den_acc.2.3.acc 
# Started at Thu Nov  9 13:54:41 NZDT 2017
#
gmm-rescore-lattice exp/tri3b_mmi/2.mdl 'ark:gunzip -c exp/tri3b_denlats/lat.3.gz|' 'ark,s,cs:apply-cmvn  --utt2spk=ark:data/train/split4/3/utt2spk scp:data/train/split4/3/cmvn.scp scp:data/train/split4/3/feats.scp ark:- | splice-feats --left-context=3 --right-context=3 ark:- ark:- | transform-feats exp/tri3b_ali/final.mat ark:- ark:- | transform-feats --utt2spk=ark:data/train/split4/3/utt2spk ark,s,cs:exp/tri3b_ali/trans.3 ark:- ark:- |' ark:- 
gmm-acc-stats2 exp/tri3b_mmi/2.mdl 'ark,s,cs:apply-cmvn  --utt2spk=ark:data/train/split4/3/utt2spk scp:data/train/split4/3/cmvn.scp scp:data/train/split4/3/feats.scp ark:- | splice-feats --left-context=3 --right-context=3 ark:- ark:- | transform-feats exp/tri3b_ali/final.mat ark:- ark:- | transform-feats --utt2spk=ark:data/train/split4/3/utt2spk ark,s,cs:exp/tri3b_ali/trans.3 ark:- ark:- |' ark,s,cs:- exp/tri3b_mmi/num_acc.2.3.acc exp/tri3b_mmi/den_acc.2.3.acc 
sum-post --drop-frames=false --merge=true --scale1=-1 ark:- 'ark,s,cs:gunzip -c exp/tri3b_ali/ali.3.gz | ali-to-post ark:- ark:- |' ark:- 
lattice-to-post --acoustic-scale=0.1 ark:- ark:- 
apply-cmvn --utt2spk=ark:data/train/split4/3/utt2spk scp:data/train/split4/3/cmvn.scp scp:data/train/split4/3/feats.scp ark:- 
splice-feats --left-context=3 --right-context=3 ark:- ark:- 
transform-feats exp/tri3b_ali/final.mat ark:- ark:- 
transform-feats --utt2spk=ark:data/train/split4/3/utt2spk ark,s,cs:exp/tri3b_ali/trans.3 ark:- ark:- 
ali-to-post ark:- ark:- 
splice-feats --left-context=3 --right-context=3 ark:- ark:- 
transform-feats --utt2spk=ark:data/train/split4/3/utt2spk ark,s,cs:exp/tri3b_ali/trans.3 ark:- ark:- 
transform-feats exp/tri3b_ali/final.mat ark:- ark:- 
apply-cmvn --utt2spk=ark:data/train/split4/3/utt2spk scp:data/train/split4/3/cmvn.scp scp:data/train/split4/3/feats.scp ark:- 
LOG (ali-to-post[5.2.132~9-82686]:main():ali-to-post.cc:73) Converted 548 alignments.
LOG (apply-cmvn[5.2.132~9-82686]:main():apply-cmvn.cc:162) Applied cepstral mean normalization to 548 utterances, errors on 0
LOG (apply-cmvn[5.2.132~9-82686]:main():apply-cmvn.cc:162) Applied cepstral mean normalization to 548 utterances, errors on 0
LOG (transform-feats[5.2.132~9-82686]:main():transform-feats.cc:158) Overall average [pseudo-]logdet is -84.1848 over 19361 frames.
LOG (transform-feats[5.2.132~9-82686]:main():transform-feats.cc:161) Applied transform to 548 utterances; 0 had errors.
LOG (transform-feats[5.2.132~9-82686]:main():transform-feats.cc:158) Overall average [pseudo-]logdet is -84.1848 over 19361 frames.
LOG (transform-feats[5.2.132~9-82686]:main():transform-feats.cc:161) Applied transform to 548 utterances; 0 had errors.
LOG (transform-feats[5.2.132~9-82686]:main():transform-feats.cc:158) Overall average logdet is 1.96834 over 19361 frames.
LOG (transform-feats[5.2.132~9-82686]:main():transform-feats.cc:161) Applied transform to 548 utterances; 0 had errors.
LOG (transform-feats[5.2.132~9-82686]:main():transform-feats.cc:158) Overall average logdet is 1.96834 over 19361 frames.
LOG (transform-feats[5.2.132~9-82686]:main():transform-feats.cc:161) Applied transform to 548 utterances; 0 had errors.
LOG (gmm-acc-stats2[5.2.132~9-82686]:main():gmm-acc-stats2.cc:130) Done 548 files, 0 had errors.
LOG (gmm-acc-stats2[5.2.132~9-82686]:main():gmm-acc-stats2.cc:133) Overall weighted acoustic likelihood per frame was 2.66896e-05 over 19361 frames; average weight per frame was -5.47172e-12
LOG (gmm-rescore-lattice[5.2.132~9-82686]:main():gmm-rescore-lattice.cc:103) Done 548 lattices with errors on 0, #frames is 19361
LOG (lattice-to-post[5.2.132~9-82686]:main():lattice-to-post.cc:106) Overall average log-like/frame is -5.21514 over 19361 frames.  Average acoustic like/frame is -4.9504
LOG (lattice-to-post[5.2.132~9-82686]:main():lattice-to-post.cc:110) Done 548 lattices.
LOG (sum-post[5.2.132~9-82686]:main():sum-post.cc:97) Processed 19361 frames; for 0 frames there was no overlap, i.e. 0% (e.g. numerator path not in denominator lattice)
LOG (sum-post[5.2.132~9-82686]:main():sum-post.cc:101) Done adding 548 posteriors;  0 with errors.
LOG (gmm-acc-stats2[5.2.132~9-82686]:main():gmm-acc-stats2.cc:147) Written accs.
# Accounting: time=3 threads=1
# Ended (code 0) at Thu Nov  9 13:54:44 NZDT 2017, elapsed time 3 seconds
