gmm-init-model --write-occs=exp/tri2b/1.occs exp/tri2b/tree exp/tri2b/treeacc data/lang/topo exp/tri2b/1.mdl 
LOG (gmm-init-model[5.2.132~9-82686]:main():gmm-init-model.cc:271) Number of separate statistics is 1160
WARNING (gmm-init-model[5.2.132~9-82686]:InitAmGmm():gmm-init-model.cc:55) Tree has pdf-id 1 with no stats; corresponding phone list: 6 7 8 9 10 
WARNING (gmm-init-model[5.2.132~9-82686]:InitAmGmm():gmm-init-model.cc:83) Very small count for state 2: 91; corresponding phone list: 11 12 13 14 
WARNING (gmm-init-model[5.2.132~9-82686]:InitAmGmm():gmm-init-model.cc:83) Very small count for state 14: 82; corresponding phone list: 59 60 61 62 
WARNING (gmm-init-model[5.2.132~9-82686]:InitAmGmm():gmm-init-model.cc:83) Very small count for state 15: 63; corresponding phone list: 63 64 65 66 
WARNING (gmm-init-model[5.2.132~9-82686]:InitAmGmm():gmm-init-model.cc:83) Very small count for state 17: 86; corresponding phone list: 71 72 73 74 
WARNING (gmm-init-model[5.2.132~9-82686]:InitAmGmm():gmm-init-model.cc:83) Very small count for state 40: 74; corresponding phone list: 119 120 121 122 
WARNING (gmm-init-model[5.2.132~9-82686]:InitAmGmm():gmm-init-model.cc:83) Very small count for state 50: 98; corresponding phone list: 67 68 69 70 
WARNING (gmm-init-model[5.2.132~9-82686]:InitAmGmm():gmm-init-model.cc:83) Very small count for state 56: 85; corresponding phone list: 57 
WARNING (gmm-init-model[5.2.132~9-82686]:InitAmGmm():gmm-init-model.cc:83) Very small count for state 57: 45; corresponding phone list: 119 120 121 122 
WARNING (gmm-init-model[5.2.132~9-82686]:InitAmGmm():gmm-init-model.cc:83) Very small count for state 60: 43; corresponding phone list: 31 32 33 34 
WARNING (gmm-init-model[5.2.132~9-82686]:InitAmGmm():gmm-init-model.cc:83) Very small count for state 62: 73; corresponding phone list: 83 84 85 86 
WARNING (gmm-init-model[5.2.132~9-82686]:InitAmGmm():gmm-init-model.cc:83) Very small count for state 63: 65; corresponding phone list: 63 64 65 66 
WARNING (gmm-init-model[5.2.132~9-82686]:InitAmGmm():gmm-init-model.cc:83) Very small count for state 69: 35; corresponding phone list: 96 
WARNING (gmm-init-model[5.2.132~9-82686]:InitAmGmm():gmm-init-model.cc:83) Very small count for state 88: 90; corresponding phone list: 79 80 81 82 
WARNING (gmm-init-model[5.2.132~9-82686]:InitAmGmm():gmm-init-model.cc:83) Very small count for state 90: 89; corresponding phone list: 31 32 33 34 
WARNING (gmm-init-model[5.2.132~9-82686]:InitAmGmm():gmm-init-model.cc:83) Very small count for state 93: 71; corresponding phone list: 91 92 93 94 
WARNING (gmm-init-model[5.2.132~9-82686]:InitAmGmm():gmm-init-model.cc:83) Very small count for state 100: 55; corresponding phone list: 63 64 65 66 
WARNING (gmm-init-model[5.2.132~9-82686]:InitAmGmm():gmm-init-model.cc:83) Very small count for state 102: 64; corresponding phone list: 1 2 3 4 5 
WARNING (gmm-init-model[5.2.132~9-82686]:InitAmGmm():gmm-init-model.cc:83) Very small count for state 113: 90; corresponding phone list: 73 
WARNING (gmm-init-model[5.2.132~9-82686]:InitAmGmm():gmm-init-model.cc:83) Very small count for state 124: 93; corresponding phone list: 47 48 49 50 
WARNING (gmm-init-model[5.2.132~9-82686]:InitAmGmm():gmm-init-model.cc:83) Very small count for state 127: 99; corresponding phone list: 107 108 109 110 
WARNING (gmm-init-model[5.2.132~9-82686]:InitAmGmm():gmm-init-model.cc:83) Very small count for state 128: 87; corresponding phone list: 111 112 113 114 
WARNING (gmm-init-model[5.2.132~9-82686]:InitAmGmm():gmm-init-model.cc:83) Very small count for state 129: 67; corresponding phone list: 75 76 77 78 
WARNING (gmm-init-model[5.2.132~9-82686]:InitAmGmm():gmm-init-model.cc:83) Very small count for state 131: 85; corresponding phone list: 75 76 77 78 
WARNING (gmm-init-model[5.2.132~9-82686]:InitAmGmm():gmm-init-model.cc:83) Very small count for state 132: 91; corresponding phone list: 99 100 101 102 
WARNING (gmm-init-model[5.2.132~9-82686]:InitAmGmm():gmm-init-model.cc:83) Very small count for state 134: 67; corresponding phone list: 107 108 109 110 
WARNING (gmm-init-model[5.2.132~9-82686]:InitAmGmm():gmm-init-model.cc:83) Very small count for state 140: 74; corresponding phone list: 43 44 45 46 
WARNING (gmm-init-model[5.2.132~9-82686]:InitAmGmm():gmm-init-model.cc:83) Very small count for state 157: 99; corresponding phone list: 75 76 77 78 
WARNING (gmm-init-model[5.2.132~9-82686]:InitAmGmm():gmm-init-model.cc:83) Very small count for state 158: 84; corresponding phone list: 83 84 85 86 
WARNING (gmm-init-model[5.2.132~9-82686]:InitAmGmm():gmm-init-model.cc:83) Very small count for state 176: 80; corresponding phone list: 35 36 37 38 
WARNING (gmm-init-model[5.2.132~9-82686]:InitAmGmm():gmm-init-model.cc:83) Very small count for state 192: 66; corresponding phone list: 67 69 70 
WARNING (gmm-init-model[5.2.132~9-82686]:InitAmGmm():gmm-init-model.cc:83) Very small count for state 194: 64; corresponding phone list: 103 104 105 106 
WARNING (gmm-init-model[5.2.132~9-82686]:InitAmGmm():gmm-init-model.cc:83) Very small count for state 201: 72; corresponding phone list: 43 44 45 46 
WARNING (gmm-init-model[5.2.132~9-82686]:InitAmGmm():gmm-init-model.cc:83) Very small count for state 213: 50; corresponding phone list: 1 2 3 4 5 
WARNING (gmm-init-model[5.2.132~9-82686]:InitAmGmm():gmm-init-model.cc:83) Very small count for state 217: 76; corresponding phone list: 75 76 77 78 
WARNING (gmm-init-model[5.2.132~9-82686]:InitAmGmm():gmm-init-model.cc:83) Very small count for state 220: 74; corresponding phone list: 67 68 69 70 
WARNING (gmm-init-model[5.2.132~9-82686]:InitAmGmm():gmm-init-model.cc:83) Very small count for state 221: 90; corresponding phone list: 87 89 90 
WARNING (gmm-init-model[5.2.132~9-82686]:InitAmGmm():gmm-init-model.cc:83) Very small count for state 238: 72; corresponding phone list: 63 64 65 66 
WARNING (gmm-init-model[5.2.132~9-82686]:InitAmGmm():gmm-init-model.cc:83) Very small count for state 246: 69; corresponding phone list: 57 
WARNING (gmm-init-model[5.2.132~9-82686]:InitAmGmm():gmm-init-model.cc:83) Very small count for state 288: 87; corresponding phone list: 15 17 18 
WARNING (gmm-init-model[5.2.132~9-82686]:InitAmGmm():gmm-init-model.cc:83) Very small count for state 313: 54; corresponding phone list: 47 48 49 50 
WARNING (gmm-init-model[5.2.132~9-82686]:InitAmGmm():gmm-init-model.cc:83) Very small count for state 331: 71; corresponding phone list: 107 109 110 
WARNING (gmm-init-model[5.2.132~9-82686]:InitAmGmm():gmm-init-model.cc:83) Very small count for state 335: 72; corresponding phone list: 55 57 58 
WARNING (gmm-init-model[5.2.132~9-82686]:InitAmGmm():gmm-init-model.cc:83) Very small count for state 336: 72; corresponding phone list: 63 64 65 66 
WARNING (gmm-init-model[5.2.132~9-82686]:InitAmGmm():gmm-init-model.cc:83) Very small count for state 339: 64; corresponding phone list: 67 68 69 70 
WARNING (gmm-init-model[5.2.132~9-82686]:InitAmGmm():gmm-init-model.cc:83) Very small count for state 344: 41; corresponding phone list: 31 32 33 34 
WARNING (gmm-init-model[5.2.132~9-82686]:InitAmGmm():gmm-init-model.cc:83) Very small count for state 346: 69; corresponding phone list: 67 68 69 70 
WARNING (gmm-init-model[5.2.132~9-82686]:InitAmGmm():gmm-init-model.cc:83) Very small count for state 347: 32; corresponding phone list: 83 84 85 86 
WARNING (gmm-init-model[5.2.132~9-82686]:InitAmGmm():gmm-init-model.cc:83) Very small count for state 355: 64; corresponding phone list: 96 
WARNING (gmm-init-model[5.2.132~9-82686]:InitAmGmm():gmm-init-model.cc:83) Very small count for state 357: 45; corresponding phone list: 15 17 18 
LOG (gmm-init-model[5.2.132~9-82686]:main():gmm-init-model.cc:306) Wrote model.
