# ali-to-post "ark:gunzip -c exp/tri1_ali/ali.3.gz|" ark:- | weight-silence-post 0.0 1:2:3:4:5:6:7:8:9:10 exp/tri1_ali/final.mdl ark:- ark:- | acc-lda --rand-prune=4.0 exp/tri1_ali/final.mdl "ark,s,cs:apply-cmvn  --utt2spk=ark:data/train/split4/3/utt2spk scp:data/train/split4/3/cmvn.scp scp:data/train/split4/3/feats.scp ark:- | splice-feats --left-context=3 --right-context=3 ark:- ark:- |" ark,s,cs:- exp/tri2b/lda.3.acc 
# Started at Thu Nov  9 13:50:10 NZDT 2017
#
ali-to-post 'ark:gunzip -c exp/tri1_ali/ali.3.gz|' ark:- 
weight-silence-post 0.0 1:2:3:4:5:6:7:8:9:10 exp/tri1_ali/final.mdl ark:- ark:- 
acc-lda --rand-prune=4.0 exp/tri1_ali/final.mdl 'ark,s,cs:apply-cmvn  --utt2spk=ark:data/train/split4/3/utt2spk scp:data/train/split4/3/cmvn.scp scp:data/train/split4/3/feats.scp ark:- | splice-feats --left-context=3 --right-context=3 ark:- ark:- |' ark,s,cs:- exp/tri2b/lda.3.acc 
splice-feats --left-context=3 --right-context=3 ark:- ark:- 
apply-cmvn --utt2spk=ark:data/train/split4/3/utt2spk scp:data/train/split4/3/cmvn.scp scp:data/train/split4/3/feats.scp ark:- 
LOG (acc-lda[5.2.132~9-82686]:main():acc-lda.cc:114) Done 100 utterances.
LOG (acc-lda[5.2.132~9-82686]:main():acc-lda.cc:114) Done 200 utterances.
LOG (acc-lda[5.2.132~9-82686]:main():acc-lda.cc:114) Done 300 utterances.
LOG (ali-to-post[5.2.132~9-82686]:main():ali-to-post.cc:73) Converted 548 alignments.
LOG (acc-lda[5.2.132~9-82686]:main():acc-lda.cc:114) Done 400 utterances.
LOG (weight-silence-post[5.2.132~9-82686]:main():weight-silence-post.cc:95) Done 548 posteriors.
LOG (acc-lda[5.2.132~9-82686]:main():acc-lda.cc:114) Done 500 utterances.
LOG (apply-cmvn[5.2.132~9-82686]:main():apply-cmvn.cc:162) Applied cepstral mean normalization to 548 utterances, errors on 0
LOG (acc-lda[5.2.132~9-82686]:main():acc-lda.cc:117) Done 548 files, failed for 0
LOG (acc-lda[5.2.132~9-82686]:main():acc-lda.cc:122) Written statistics.
# Accounting: time=0 threads=1
# Ended (code 0) at Thu Nov  9 13:50:10 NZDT 2017, elapsed time 0 seconds
