# ali-to-post "ark:gunzip -c exp/tri2b/ali.4.gz|" ark:- | weight-silence-post 0.0 1:2:3:4:5:6:7:8:9:10 exp/tri2b/12.mdl ark:- ark:- | gmm-acc-mllt --rand-prune=4.0 exp/tri2b/12.mdl "ark,s,cs:apply-cmvn  --utt2spk=ark:data/train/split4/4/utt2spk scp:data/train/split4/4/cmvn.scp scp:data/train/split4/4/feats.scp ark:- | splice-feats --left-context=3 --right-context=3 ark:- ark:- | transform-feats exp/tri2b/6.mat ark:- ark:- |" ark:- exp/tri2b/12.4.macc 
# Started at Thu Nov  9 13:50:31 NZDT 2017
#
weight-silence-post 0.0 1:2:3:4:5:6:7:8:9:10 exp/tri2b/12.mdl ark:- ark:- 
gmm-acc-mllt --rand-prune=4.0 exp/tri2b/12.mdl 'ark,s,cs:apply-cmvn  --utt2spk=ark:data/train/split4/4/utt2spk scp:data/train/split4/4/cmvn.scp scp:data/train/split4/4/feats.scp ark:- | splice-feats --left-context=3 --right-context=3 ark:- ark:- | transform-feats exp/tri2b/6.mat ark:- ark:- |' ark:- exp/tri2b/12.4.macc 
ali-to-post 'ark:gunzip -c exp/tri2b/ali.4.gz|' ark:- 
transform-feats exp/tri2b/6.mat ark:- ark:- 
splice-feats --left-context=3 --right-context=3 ark:- ark:- 
apply-cmvn --utt2spk=ark:data/train/split4/4/utt2spk scp:data/train/split4/4/cmvn.scp scp:data/train/split4/4/feats.scp ark:- 
LOG (gmm-acc-mllt[5.2.132~9-82686]:main():gmm-acc-mllt.cc:108) Average like for this file is -56.3712 over 30 frames.
LOG (gmm-acc-mllt[5.2.132~9-82686]:main():gmm-acc-mllt.cc:108) Average like for this file is -49.134 over 33 frames.
LOG (gmm-acc-mllt[5.2.132~9-82686]:main():gmm-acc-mllt.cc:108) Average like for this file is -50.369 over 29 frames.
LOG (gmm-acc-mllt[5.2.132~9-82686]:main():gmm-acc-mllt.cc:108) Average like for this file is -52.9345 over 38 frames.
LOG (gmm-acc-mllt[5.2.132~9-82686]:main():gmm-acc-mllt.cc:108) Average like for this file is -51.5752 over 36 frames.
LOG (gmm-acc-mllt[5.2.132~9-82686]:main():gmm-acc-mllt.cc:108) Average like for this file is -55.3535 over 30 frames.
LOG (gmm-acc-mllt[5.2.132~9-82686]:main():gmm-acc-mllt.cc:108) Average like for this file is -55.2629 over 35 frames.
LOG (gmm-acc-mllt[5.2.132~9-82686]:main():gmm-acc-mllt.cc:108) Average like for this file is -53.6131 over 30 frames.
LOG (gmm-acc-mllt[5.2.132~9-82686]:main():gmm-acc-mllt.cc:108) Average like for this file is -58.7467 over 23 frames.
LOG (gmm-acc-mllt[5.2.132~9-82686]:main():gmm-acc-mllt.cc:108) Average like for this file is -50.5522 over 34 frames.
LOG (gmm-acc-mllt[5.2.132~9-82686]:main():gmm-acc-mllt.cc:114) Avg like per frame so far is -53.1906
LOG (gmm-acc-mllt[5.2.132~9-82686]:main():gmm-acc-mllt.cc:108) Average like for this file is -51.7951 over 49 frames.
LOG (gmm-acc-mllt[5.2.132~9-82686]:main():gmm-acc-mllt.cc:108) Average like for this file is -52.639 over 45 frames.
LOG (gmm-acc-mllt[5.2.132~9-82686]:main():gmm-acc-mllt.cc:108) Average like for this file is -55.5554 over 60 frames.
LOG (gmm-acc-mllt[5.2.132~9-82686]:main():gmm-acc-mllt.cc:108) Average like for this file is -52.4534 over 51 frames.
LOG (gmm-acc-mllt[5.2.132~9-82686]:main():gmm-acc-mllt.cc:108) Average like for this file is -42.3017 over 50 frames.
LOG (gmm-acc-mllt[5.2.132~9-82686]:main():gmm-acc-mllt.cc:108) Average like for this file is -46.0613 over 59 frames.
LOG (gmm-acc-mllt[5.2.132~9-82686]:main():gmm-acc-mllt.cc:108) Average like for this file is -52.1216 over 21 frames.
LOG (gmm-acc-mllt[5.2.132~9-82686]:main():gmm-acc-mllt.cc:108) Average like for this file is -48.4755 over 22 frames.
LOG (gmm-acc-mllt[5.2.132~9-82686]:main():gmm-acc-mllt.cc:108) Average like for this file is -51.6832 over 22 frames.
LOG (gmm-acc-mllt[5.2.132~9-82686]:main():gmm-acc-mllt.cc:108) Average like for this file is -48.7428 over 18 frames.
LOG (gmm-acc-mllt[5.2.132~9-82686]:main():gmm-acc-mllt.cc:114) Avg like per frame so far is -51.5215
LOG (gmm-acc-mllt[5.2.132~9-82686]:main():gmm-acc-mllt.cc:108) Average like for this file is -52.8446 over 20 frames.
LOG (gmm-acc-mllt[5.2.132~9-82686]:main():gmm-acc-mllt.cc:108) Average like for this file is -48.1681 over 15 frames.
LOG (gmm-acc-mllt[5.2.132~9-82686]:main():gmm-acc-mllt.cc:108) Average like for this file is -53.692 over 26 frames.
LOG (gmm-acc-mllt[5.2.132~9-82686]:main():gmm-acc-mllt.cc:108) Average like for this file is -48.3638 over 24 frames.
LOG (gmm-acc-mllt[5.2.132~9-82686]:main():gmm-acc-mllt.cc:108) Average like for this file is -41.6232 over 21 frames.
LOG (gmm-acc-mllt[5.2.132~9-82686]:main():gmm-acc-mllt.cc:108) Average like for this file is -50.8256 over 25 frames.
LOG (gmm-acc-mllt[5.2.132~9-82686]:main():gmm-acc-mllt.cc:108) Average like for this file is -52.8875 over 16 frames.
LOG (gmm-acc-mllt[5.2.132~9-82686]:main():gmm-acc-mllt.cc:108) Average like for this file is -49.2057 over 28 frames.
LOG (gmm-acc-mllt[5.2.132~9-82686]:main():gmm-acc-mllt.cc:108) Average like for this file is -46.4179 over 23 frames.
LOG (gmm-acc-mllt[5.2.132~9-82686]:main():gmm-acc-mllt.cc:108) Average like for this file is -51.8991 over 24 frames.
LOG (gmm-acc-mllt[5.2.132~9-82686]:main():gmm-acc-mllt.cc:114) Avg like per frame so far is -51.0736
LOG (gmm-acc-mllt[5.2.132~9-82686]:main():gmm-acc-mllt.cc:108) Average like for this file is -44.0004 over 20 frames.
LOG (gmm-acc-mllt[5.2.132~9-82686]:main():gmm-acc-mllt.cc:108) Average like for this file is -44.7514 over 27 frames.
LOG (gmm-acc-mllt[5.2.132~9-82686]:main():gmm-acc-mllt.cc:108) Average like for this file is -47.0357 over 21 frames.
LOG (gmm-acc-mllt[5.2.132~9-82686]:main():gmm-acc-mllt.cc:108) Average like for this file is -49.9503 over 32 frames.
LOG (gmm-acc-mllt[5.2.132~9-82686]:main():gmm-acc-mllt.cc:108) Average like for this file is -46.4389 over 21 frames.
LOG (gmm-acc-mllt[5.2.132~9-82686]:main():gmm-acc-mllt.cc:108) Average like for this file is -52.6311 over 24 frames.
LOG (gmm-acc-mllt[5.2.132~9-82686]:main():gmm-acc-mllt.cc:108) Average like for this file is -49.7969 over 24 frames.
LOG (gmm-acc-mllt[5.2.132~9-82686]:main():gmm-acc-mllt.cc:108) Average like for this file is -54.7164 over 25 frames.
LOG (gmm-acc-mllt[5.2.132~9-82686]:main():gmm-acc-mllt.cc:108) Average like for this file is -43.8316 over 26 frames.
LOG (gmm-acc-mllt[5.2.132~9-82686]:main():gmm-acc-mllt.cc:108) Average like for this file is -44.0222 over 18 frames.
LOG (gmm-acc-mllt[5.2.132~9-82686]:main():gmm-acc-mllt.cc:114) Avg like per frame so far is -50.4373
LOG (gmm-acc-mllt[5.2.132~9-82686]:main():gmm-acc-mllt.cc:108) Average like for this file is -60.7357 over 30 frames.
LOG (gmm-acc-mllt[5.2.132~9-82686]:main():gmm-acc-mllt.cc:108) Average like for this file is -55.4896 over 29 frames.
LOG (gmm-acc-mllt[5.2.132~9-82686]:main():gmm-acc-mllt.cc:108) Average like for this file is -59.4603 over 43 frames.
LOG (gmm-acc-mllt[5.2.132~9-82686]:main():gmm-acc-mllt.cc:108) Average like for this file is -52.9874 over 44 frames.
LOG (gmm-acc-mllt[5.2.132~9-82686]:main():gmm-acc-mllt.cc:108) Average like for this file is -55.806 over 44 frames.
LOG (gmm-acc-mllt[5.2.132~9-82686]:main():gmm-acc-mllt.cc:108) Average like for this file is -54.1509 over 64 frames.
LOG (gmm-acc-mllt[5.2.132~9-82686]:main():gmm-acc-mllt.cc:108) Average like for this file is -44.7662 over 49 frames.
LOG (gmm-acc-mllt[5.2.132~9-82686]:main():gmm-acc-mllt.cc:108) Average like for this file is -56.149 over 26 frames.
LOG (gmm-acc-mllt[5.2.132~9-82686]:main():gmm-acc-mllt.cc:108) Average like for this file is -71.2265 over 18 frames.
LOG (gmm-acc-mllt[5.2.132~9-82686]:main():gmm-acc-mllt.cc:108) Average like for this file is -46.6911 over 36 frames.
LOG (gmm-acc-mllt[5.2.132~9-82686]:main():gmm-acc-mllt.cc:114) Avg like per frame so far is -51.4254
LOG (gmm-acc-mllt[5.2.132~9-82686]:main():gmm-acc-mllt.cc:108) Average like for this file is -44.1291 over 49 frames.
LOG (gmm-acc-mllt[5.2.132~9-82686]:main():gmm-acc-mllt.cc:108) Average like for this file is -50.0144 over 36 frames.
LOG (gmm-acc-mllt[5.2.132~9-82686]:main():gmm-acc-mllt.cc:108) Average like for this file is -52.1037 over 43 frames.
LOG (gmm-acc-mllt[5.2.132~9-82686]:main():gmm-acc-mllt.cc:108) Average like for this file is -45.2362 over 45 frames.
LOG (gmm-acc-mllt[5.2.132~9-82686]:main():gmm-acc-mllt.cc:108) Average like for this file is -45.9931 over 36 frames.
LOG (gmm-acc-mllt[5.2.132~9-82686]:main():gmm-acc-mllt.cc:108) Average like for this file is -57.9034 over 32 frames.
LOG (gmm-acc-mllt[5.2.132~9-82686]:main():gmm-acc-mllt.cc:108) Average like for this file is -49.0453 over 42 frames.
LOG (gmm-acc-mllt[5.2.132~9-82686]:main():gmm-acc-mllt.cc:108) Average like for this file is -49.051 over 34 frames.
LOG (gmm-acc-mllt[5.2.132~9-82686]:main():gmm-acc-mllt.cc:108) Average like for this file is -48.4151 over 29 frames.
LOG (gmm-acc-mllt[5.2.132~9-82686]:main():gmm-acc-mllt.cc:108) Average like for this file is -49.991 over 35 frames.
LOG (gmm-acc-mllt[5.2.132~9-82686]:main():gmm-acc-mllt.cc:114) Avg like per frame so far is -50.9282
LOG (gmm-acc-mllt[5.2.132~9-82686]:main():gmm-acc-mllt.cc:108) Average like for this file is -50.8548 over 27 frames.
LOG (gmm-acc-mllt[5.2.132~9-82686]:main():gmm-acc-mllt.cc:108) Average like for this file is -48.9907 over 37 frames.
LOG (gmm-acc-mllt[5.2.132~9-82686]:main():gmm-acc-mllt.cc:108) Average like for this file is -50.9285 over 37 frames.
LOG (gmm-acc-mllt[5.2.132~9-82686]:main():gmm-acc-mllt.cc:108) Average like for this file is -52.0449 over 28 frames.
LOG (gmm-acc-mllt[5.2.132~9-82686]:main():gmm-acc-mllt.cc:108) Average like for this file is -46.57 over 61 frames.
LOG (gmm-acc-mllt[5.2.132~9-82686]:main():gmm-acc-mllt.cc:108) Average like for this file is -45.332 over 42 frames.
LOG (gmm-acc-mllt[5.2.132~9-82686]:main():gmm-acc-mllt.cc:108) Average like for this file is -55.859 over 30 frames.
LOG (gmm-acc-mllt[5.2.132~9-82686]:main():gmm-acc-mllt.cc:108) Average like for this file is -54.7803 over 34 frames.
LOG (gmm-acc-mllt[5.2.132~9-82686]:main():gmm-acc-mllt.cc:108) Average like for this file is -52.6567 over 36 frames.
LOG (gmm-acc-mllt[5.2.132~9-82686]:main():gmm-acc-mllt.cc:108) Average like for this file is -51.2202 over 42 frames.
LOG (gmm-acc-mllt[5.2.132~9-82686]:main():gmm-acc-mllt.cc:114) Avg like per frame so far is -50.8461
LOG (gmm-acc-mllt[5.2.132~9-82686]:main():gmm-acc-mllt.cc:108) Average like for this file is -49.5598 over 39 frames.
LOG (gmm-acc-mllt[5.2.132~9-82686]:main():gmm-acc-mllt.cc:108) Average like for this file is -54.9551 over 31 frames.
LOG (gmm-acc-mllt[5.2.132~9-82686]:main():gmm-acc-mllt.cc:108) Average like for this file is -53.5294 over 32 frames.
LOG (gmm-acc-mllt[5.2.132~9-82686]:main():gmm-acc-mllt.cc:108) Average like for this file is -52.8946 over 57 frames.
LOG (gmm-acc-mllt[5.2.132~9-82686]:main():gmm-acc-mllt.cc:108) Average like for this file is -56.4915 over 36 frames.
LOG (gmm-acc-mllt[5.2.132~9-82686]:main():gmm-acc-mllt.cc:108) Average like for this file is -49.6448 over 35 frames.
LOG (gmm-acc-mllt[5.2.132~9-82686]:main():gmm-acc-mllt.cc:108) Average like for this file is -48.8057 over 65 frames.
LOG (gmm-acc-mllt[5.2.132~9-82686]:main():gmm-acc-mllt.cc:108) Average like for this file is -50.0984 over 28 frames.
LOG (gmm-acc-mllt[5.2.132~9-82686]:main():gmm-acc-mllt.cc:108) Average like for this file is -52.0441 over 23 frames.
LOG (gmm-acc-mllt[5.2.132~9-82686]:main():gmm-acc-mllt.cc:108) Average like for this file is -46.9899 over 28 frames.
LOG (gmm-acc-mllt[5.2.132~9-82686]:main():gmm-acc-mllt.cc:114) Avg like per frame so far is -50.9231
LOG (gmm-acc-mllt[5.2.132~9-82686]:main():gmm-acc-mllt.cc:108) Average like for this file is -51.2769 over 27 frames.
LOG (gmm-acc-mllt[5.2.132~9-82686]:main():gmm-acc-mllt.cc:108) Average like for this file is -53.1306 over 28 frames.
LOG (gmm-acc-mllt[5.2.132~9-82686]:main():gmm-acc-mllt.cc:108) Average like for this file is -48.3523 over 88 frames.
LOG (gmm-acc-mllt[5.2.132~9-82686]:main():gmm-acc-mllt.cc:108) Average like for this file is -56.944 over 53 frames.
LOG (gmm-acc-mllt[5.2.132~9-82686]:main():gmm-acc-mllt.cc:108) Average like for this file is -57.3362 over 43 frames.
LOG (gmm-acc-mllt[5.2.132~9-82686]:main():gmm-acc-mllt.cc:108) Average like for this file is -56.0159 over 40 frames.
LOG (gmm-acc-mllt[5.2.132~9-82686]:main():gmm-acc-mllt.cc:108) Average like for this file is -49.937 over 35 frames.
LOG (gmm-acc-mllt[5.2.132~9-82686]:main():gmm-acc-mllt.cc:108) Average like for this file is -48.7458 over 46 frames.
LOG (gmm-acc-mllt[5.2.132~9-82686]:main():gmm-acc-mllt.cc:108) Average like for this file is -52.0247 over 39 frames.
LOG (gmm-acc-mllt[5.2.132~9-82686]:main():gmm-acc-mllt.cc:108) Average like for this file is -52.2366 over 35 frames.
LOG (gmm-acc-mllt[5.2.132~9-82686]:main():gmm-acc-mllt.cc:114) Avg like per frame so far is -51.1147
LOG (gmm-acc-mllt[5.2.132~9-82686]:main():gmm-acc-mllt.cc:108) Average like for this file is -51.6536 over 58 frames.
LOG (gmm-acc-mllt[5.2.132~9-82686]:main():gmm-acc-mllt.cc:108) Average like for this file is -51.8277 over 52 frames.
LOG (gmm-acc-mllt[5.2.132~9-82686]:main():gmm-acc-mllt.cc:108) Average like for this file is -52.5172 over 55 frames.
LOG (gmm-acc-mllt[5.2.132~9-82686]:main():gmm-acc-mllt.cc:108) Average like for this file is -52.6957 over 38 frames.
LOG (gmm-acc-mllt[5.2.132~9-82686]:main():gmm-acc-mllt.cc:108) Average like for this file is -53.2733 over 27 frames.
LOG (gmm-acc-mllt[5.2.132~9-82686]:main():gmm-acc-mllt.cc:108) Average like for this file is -55.7665 over 19 frames.
LOG (gmm-acc-mllt[5.2.132~9-82686]:main():gmm-acc-mllt.cc:108) Average like for this file is -52.1683 over 20 frames.
LOG (gmm-acc-mllt[5.2.132~9-82686]:main():gmm-acc-mllt.cc:108) Average like for this file is -51.5378 over 43 frames.
LOG (gmm-acc-mllt[5.2.132~9-82686]:main():gmm-acc-mllt.cc:108) Average like for this file is -51.3143 over 33 frames.
LOG (gmm-acc-mllt[5.2.132~9-82686]:main():gmm-acc-mllt.cc:108) Average like for this file is -51.4054 over 34 frames.
LOG (gmm-acc-mllt[5.2.132~9-82686]:main():gmm-acc-mllt.cc:114) Avg like per frame so far is -51.2313
LOG (gmm-acc-mllt[5.2.132~9-82686]:main():gmm-acc-mllt.cc:108) Average like for this file is -46.5192 over 29 frames.
LOG (gmm-acc-mllt[5.2.132~9-82686]:main():gmm-acc-mllt.cc:108) Average like for this file is -51.6398 over 46 frames.
LOG (gmm-acc-mllt[5.2.132~9-82686]:main():gmm-acc-mllt.cc:108) Average like for this file is -52.0418 over 34 frames.
LOG (gmm-acc-mllt[5.2.132~9-82686]:main():gmm-acc-mllt.cc:108) Average like for this file is -57.0809 over 31 frames.
LOG (gmm-acc-mllt[5.2.132~9-82686]:main():gmm-acc-mllt.cc:108) Average like for this file is -56.9229 over 30 frames.
LOG (gmm-acc-mllt[5.2.132~9-82686]:main():gmm-acc-mllt.cc:108) Average like for this file is -49.8649 over 31 frames.
LOG (gmm-acc-mllt[5.2.132~9-82686]:main():gmm-acc-mllt.cc:108) Average like for this file is -55.9008 over 23 frames.
LOG (gmm-acc-mllt[5.2.132~9-82686]:main():gmm-acc-mllt.cc:108) Average like for this file is -48.3668 over 21 frames.
LOG (gmm-acc-mllt[5.2.132~9-82686]:main():gmm-acc-mllt.cc:108) Average like for this file is -49.2066 over 22 frames.
LOG (gmm-acc-mllt[5.2.132~9-82686]:main():gmm-acc-mllt.cc:108) Average like for this file is -49.6991 over 19 frames.
LOG (gmm-acc-mllt[5.2.132~9-82686]:main():gmm-acc-mllt.cc:114) Avg like per frame so far is -51.2823
LOG (gmm-acc-mllt[5.2.132~9-82686]:main():gmm-acc-mllt.cc:108) Average like for this file is -49.1273 over 22 frames.
LOG (gmm-acc-mllt[5.2.132~9-82686]:main():gmm-acc-mllt.cc:108) Average like for this file is -58.4884 over 29 frames.
LOG (gmm-acc-mllt[5.2.132~9-82686]:main():gmm-acc-mllt.cc:108) Average like for this file is -58.1677 over 21 frames.
LOG (gmm-acc-mllt[5.2.132~9-82686]:main():gmm-acc-mllt.cc:108) Average like for this file is -48.2295 over 36 frames.
LOG (gmm-acc-mllt[5.2.132~9-82686]:main():gmm-acc-mllt.cc:108) Average like for this file is -51.2654 over 38 frames.
LOG (gmm-acc-mllt[5.2.132~9-82686]:main():gmm-acc-mllt.cc:108) Average like for this file is -52.7415 over 25 frames.
LOG (gmm-acc-mllt[5.2.132~9-82686]:main():gmm-acc-mllt.cc:108) Average like for this file is -52.1685 over 22 frames.
LOG (gmm-acc-mllt[5.2.132~9-82686]:main():gmm-acc-mllt.cc:108) Average like for this file is -52.9923 over 28 frames.
LOG (gmm-acc-mllt[5.2.132~9-82686]:main():gmm-acc-mllt.cc:108) Average like for this file is -51.6222 over 25 frames.
LOG (gmm-acc-mllt[5.2.132~9-82686]:main():gmm-acc-mllt.cc:108) Average like for this file is -58.1932 over 45 frames.
LOG (gmm-acc-mllt[5.2.132~9-82686]:main():gmm-acc-mllt.cc:114) Avg like per frame so far is -51.4341
LOG (gmm-acc-mllt[5.2.132~9-82686]:main():gmm-acc-mllt.cc:108) Average like for this file is -54.3064 over 37 frames.
LOG (gmm-acc-mllt[5.2.132~9-82686]:main():gmm-acc-mllt.cc:108) Average like for this file is -54.9823 over 33 frames.
LOG (gmm-acc-mllt[5.2.132~9-82686]:main():gmm-acc-mllt.cc:108) Average like for this file is -51.8098 over 45 frames.
LOG (gmm-acc-mllt[5.2.132~9-82686]:main():gmm-acc-mllt.cc:108) Average like for this file is -54.2569 over 31 frames.
LOG (gmm-acc-mllt[5.2.132~9-82686]:main():gmm-acc-mllt.cc:108) Average like for this file is -52.1116 over 32 frames.
LOG (gmm-acc-mllt[5.2.132~9-82686]:main():gmm-acc-mllt.cc:108) Average like for this file is -56.2124 over 32 frames.
LOG (gmm-acc-mllt[5.2.132~9-82686]:main():gmm-acc-mllt.cc:108) Average like for this file is -54.3018 over 28 frames.
LOG (gmm-acc-mllt[5.2.132~9-82686]:main():gmm-acc-mllt.cc:108) Average like for this file is -57.4818 over 33 frames.
LOG (gmm-acc-mllt[5.2.132~9-82686]:main():gmm-acc-mllt.cc:108) Average like for this file is -50.5103 over 30 frames.
LOG (gmm-acc-mllt[5.2.132~9-82686]:main():gmm-acc-mllt.cc:108) Average like for this file is -46.6537 over 64 frames.
LOG (gmm-acc-mllt[5.2.132~9-82686]:main():gmm-acc-mllt.cc:114) Avg like per frame so far is -51.5351
LOG (gmm-acc-mllt[5.2.132~9-82686]:main():gmm-acc-mllt.cc:108) Average like for this file is -49.6946 over 72 frames.
LOG (gmm-acc-mllt[5.2.132~9-82686]:main():gmm-acc-mllt.cc:108) Average like for this file is -56.3666 over 41 frames.
LOG (gmm-acc-mllt[5.2.132~9-82686]:main():gmm-acc-mllt.cc:108) Average like for this file is -53.8154 over 32 frames.
LOG (gmm-acc-mllt[5.2.132~9-82686]:main():gmm-acc-mllt.cc:108) Average like for this file is -53.6913 over 24 frames.
LOG (gmm-acc-mllt[5.2.132~9-82686]:main():gmm-acc-mllt.cc:108) Average like for this file is -55.6675 over 32 frames.
LOG (gmm-acc-mllt[5.2.132~9-82686]:main():gmm-acc-mllt.cc:108) Average like for this file is -54.3883 over 31 frames.
LOG (gmm-acc-mllt[5.2.132~9-82686]:main():gmm-acc-mllt.cc:108) Average like for this file is -56.0113 over 32 frames.
LOG (gmm-acc-mllt[5.2.132~9-82686]:main():gmm-acc-mllt.cc:108) Average like for this file is -54.2126 over 53 frames.
LOG (gmm-acc-mllt[5.2.132~9-82686]:main():gmm-acc-mllt.cc:108) Average like for this file is -52.5736 over 29 frames.
LOG (gmm-acc-mllt[5.2.132~9-82686]:main():gmm-acc-mllt.cc:108) Average like for this file is -46.6119 over 23 frames.
LOG (gmm-acc-mllt[5.2.132~9-82686]:main():gmm-acc-mllt.cc:114) Avg like per frame so far is -51.6625
LOG (gmm-acc-mllt[5.2.132~9-82686]:main():gmm-acc-mllt.cc:108) Average like for this file is -51.5587 over 27 frames.
LOG (gmm-acc-mllt[5.2.132~9-82686]:main():gmm-acc-mllt.cc:108) Average like for this file is -50.7545 over 24 frames.
LOG (gmm-acc-mllt[5.2.132~9-82686]:main():gmm-acc-mllt.cc:108) Average like for this file is -54.5859 over 28 frames.
LOG (gmm-acc-mllt[5.2.132~9-82686]:main():gmm-acc-mllt.cc:108) Average like for this file is -49.228 over 22 frames.
LOG (gmm-acc-mllt[5.2.132~9-82686]:main():gmm-acc-mllt.cc:108) Average like for this file is -51.1124 over 21 frames.
LOG (gmm-acc-mllt[5.2.132~9-82686]:main():gmm-acc-mllt.cc:108) Average like for this file is -57.9368 over 19 frames.
LOG (gmm-acc-mllt[5.2.132~9-82686]:main():gmm-acc-mllt.cc:108) Average like for this file is -48.9268 over 20 frames.
LOG (gmm-acc-mllt[5.2.132~9-82686]:main():gmm-acc-mllt.cc:108) Average like for this file is -54.1057 over 22 frames.
LOG (gmm-acc-mllt[5.2.132~9-82686]:main():gmm-acc-mllt.cc:108) Average like for this file is -53.3801 over 43 frames.
LOG (gmm-acc-mllt[5.2.132~9-82686]:main():gmm-acc-mllt.cc:108) Average like for this file is -50.759 over 51 frames.
LOG (gmm-acc-mllt[5.2.132~9-82686]:main():gmm-acc-mllt.cc:114) Avg like per frame so far is -51.6897
LOG (gmm-acc-mllt[5.2.132~9-82686]:main():gmm-acc-mllt.cc:108) Average like for this file is -51.077 over 35 frames.
LOG (gmm-acc-mllt[5.2.132~9-82686]:main():gmm-acc-mllt.cc:108) Average like for this file is -53.3321 over 41 frames.
LOG (gmm-acc-mllt[5.2.132~9-82686]:main():gmm-acc-mllt.cc:108) Average like for this file is -52.6317 over 38 frames.
LOG (gmm-acc-mllt[5.2.132~9-82686]:main():gmm-acc-mllt.cc:108) Average like for this file is -54.6742 over 38 frames.
LOG (gmm-acc-mllt[5.2.132~9-82686]:main():gmm-acc-mllt.cc:108) Average like for this file is -51.4493 over 39 frames.
LOG (gmm-acc-mllt[5.2.132~9-82686]:main():gmm-acc-mllt.cc:108) Average like for this file is -52.943 over 32 frames.
LOG (gmm-acc-mllt[5.2.132~9-82686]:main():gmm-acc-mllt.cc:108) Average like for this file is -57.9844 over 31 frames.
LOG (gmm-acc-mllt[5.2.132~9-82686]:main():gmm-acc-mllt.cc:108) Average like for this file is -50.5255 over 52 frames.
LOG (gmm-acc-mllt[5.2.132~9-82686]:main():gmm-acc-mllt.cc:108) Average like for this file is -51.2962 over 32 frames.
LOG (gmm-acc-mllt[5.2.132~9-82686]:main():gmm-acc-mllt.cc:108) Average like for this file is -52.639 over 30 frames.
LOG (gmm-acc-mllt[5.2.132~9-82686]:main():gmm-acc-mllt.cc:114) Avg like per frame so far is -51.7586
LOG (gmm-acc-mllt[5.2.132~9-82686]:main():gmm-acc-mllt.cc:108) Average like for this file is -55.4097 over 41 frames.
LOG (gmm-acc-mllt[5.2.132~9-82686]:main():gmm-acc-mllt.cc:108) Average like for this file is -56.7893 over 27 frames.
LOG (gmm-acc-mllt[5.2.132~9-82686]:main():gmm-acc-mllt.cc:108) Average like for this file is -50.5536 over 30 frames.
LOG (gmm-acc-mllt[5.2.132~9-82686]:main():gmm-acc-mllt.cc:108) Average like for this file is -57.6319 over 29 frames.
LOG (gmm-acc-mllt[5.2.132~9-82686]:main():gmm-acc-mllt.cc:108) Average like for this file is -51.8457 over 20 frames.
LOG (gmm-acc-mllt[5.2.132~9-82686]:main():gmm-acc-mllt.cc:108) Average like for this file is -55.387 over 24 frames.
LOG (gmm-acc-mllt[5.2.132~9-82686]:main():gmm-acc-mllt.cc:108) Average like for this file is -53.7685 over 23 frames.
LOG (gmm-acc-mllt[5.2.132~9-82686]:main():gmm-acc-mllt.cc:108) Average like for this file is -54.4066 over 20 frames.
LOG (gmm-acc-mllt[5.2.132~9-82686]:main():gmm-acc-mllt.cc:108) Average like for this file is -45.8348 over 26 frames.
LOG (gmm-acc-mllt[5.2.132~9-82686]:main():gmm-acc-mllt.cc:108) Average like for this file is -53.2645 over 22 frames.
LOG (gmm-acc-mllt[5.2.132~9-82686]:main():gmm-acc-mllt.cc:114) Avg like per frame so far is -51.8438
LOG (gmm-acc-mllt[5.2.132~9-82686]:main():gmm-acc-mllt.cc:108) Average like for this file is -51.5656 over 24 frames.
LOG (gmm-acc-mllt[5.2.132~9-82686]:main():gmm-acc-mllt.cc:108) Average like for this file is -55.1275 over 31 frames.
LOG (gmm-acc-mllt[5.2.132~9-82686]:main():gmm-acc-mllt.cc:108) Average like for this file is -48.9675 over 28 frames.
LOG (gmm-acc-mllt[5.2.132~9-82686]:main():gmm-acc-mllt.cc:108) Average like for this file is -46.7889 over 28 frames.
LOG (gmm-acc-mllt[5.2.132~9-82686]:main():gmm-acc-mllt.cc:108) Average like for this file is -50.4562 over 25 frames.
LOG (gmm-acc-mllt[5.2.132~9-82686]:main():gmm-acc-mllt.cc:108) Average like for this file is -50.5459 over 20 frames.
LOG (gmm-acc-mllt[5.2.132~9-82686]:main():gmm-acc-mllt.cc:108) Average like for this file is -50.6971 over 37 frames.
LOG (gmm-acc-mllt[5.2.132~9-82686]:main():gmm-acc-mllt.cc:108) Average like for this file is -53.9546 over 22 frames.
LOG (gmm-acc-mllt[5.2.132~9-82686]:main():gmm-acc-mllt.cc:108) Average like for this file is -52.0992 over 25 frames.
LOG (gmm-acc-mllt[5.2.132~9-82686]:main():gmm-acc-mllt.cc:108) Average like for this file is -54.9771 over 23 frames.
LOG (gmm-acc-mllt[5.2.132~9-82686]:main():gmm-acc-mllt.cc:114) Avg like per frame so far is -51.8262
LOG (gmm-acc-mllt[5.2.132~9-82686]:main():gmm-acc-mllt.cc:108) Average like for this file is -48.4475 over 26 frames.
LOG (gmm-acc-mllt[5.2.132~9-82686]:main():gmm-acc-mllt.cc:108) Average like for this file is -54.0438 over 25 frames.
LOG (gmm-acc-mllt[5.2.132~9-82686]:main():gmm-acc-mllt.cc:108) Average like for this file is -55.7726 over 21 frames.
LOG (gmm-acc-mllt[5.2.132~9-82686]:main():gmm-acc-mllt.cc:108) Average like for this file is -55.8043 over 22 frames.
LOG (gmm-acc-mllt[5.2.132~9-82686]:main():gmm-acc-mllt.cc:108) Average like for this file is -57.9366 over 29 frames.
LOG (gmm-acc-mllt[5.2.132~9-82686]:main():gmm-acc-mllt.cc:108) Average like for this file is -63.5656 over 24 frames.
LOG (gmm-acc-mllt[5.2.132~9-82686]:main():gmm-acc-mllt.cc:108) Average like for this file is -59.8453 over 23 frames.
LOG (gmm-acc-mllt[5.2.132~9-82686]:main():gmm-acc-mllt.cc:108) Average like for this file is -56.4235 over 27 frames.
LOG (gmm-acc-mllt[5.2.132~9-82686]:main():gmm-acc-mllt.cc:108) Average like for this file is -50.9746 over 44 frames.
LOG (gmm-acc-mllt[5.2.132~9-82686]:main():gmm-acc-mllt.cc:108) Average like for this file is -52.0496 over 57 frames.
LOG (gmm-acc-mllt[5.2.132~9-82686]:main():gmm-acc-mllt.cc:114) Avg like per frame so far is -51.9665
LOG (gmm-acc-mllt[5.2.132~9-82686]:main():gmm-acc-mllt.cc:108) Average like for this file is -53.9937 over 29 frames.
LOG (gmm-acc-mllt[5.2.132~9-82686]:main():gmm-acc-mllt.cc:108) Average like for this file is -47.8212 over 35 frames.
LOG (gmm-acc-mllt[5.2.132~9-82686]:main():gmm-acc-mllt.cc:108) Average like for this file is -39.4224 over 23 frames.
LOG (gmm-acc-mllt[5.2.132~9-82686]:main():gmm-acc-mllt.cc:108) Average like for this file is -47.3263 over 27 frames.
LOG (gmm-acc-mllt[5.2.132~9-82686]:main():gmm-acc-mllt.cc:108) Average like for this file is -47.0951 over 41 frames.
LOG (gmm-acc-mllt[5.2.132~9-82686]:main():gmm-acc-mllt.cc:108) Average like for this file is -45.1731 over 50 frames.
LOG (gmm-acc-mllt[5.2.132~9-82686]:main():gmm-acc-mllt.cc:108) Average like for this file is -47.2875 over 26 frames.
LOG (gmm-acc-mllt[5.2.132~9-82686]:main():gmm-acc-mllt.cc:108) Average like for this file is -44.2882 over 42 frames.
LOG (gmm-acc-mllt[5.2.132~9-82686]:main():gmm-acc-mllt.cc:108) Average like for this file is -49.6477 over 32 frames.
LOG (gmm-acc-mllt[5.2.132~9-82686]:main():gmm-acc-mllt.cc:108) Average like for this file is -52.1143 over 36 frames.
LOG (gmm-acc-mllt[5.2.132~9-82686]:main():gmm-acc-mllt.cc:114) Avg like per frame so far is -51.7319
LOG (gmm-acc-mllt[5.2.132~9-82686]:main():gmm-acc-mllt.cc:108) Average like for this file is -52.2915 over 40 frames.
LOG (gmm-acc-mllt[5.2.132~9-82686]:main():gmm-acc-mllt.cc:108) Average like for this file is -48.0058 over 52 frames.
LOG (gmm-acc-mllt[5.2.132~9-82686]:main():gmm-acc-mllt.cc:108) Average like for this file is -53.6981 over 43 frames.
LOG (gmm-acc-mllt[5.2.132~9-82686]:main():gmm-acc-mllt.cc:108) Average like for this file is -44.1007 over 54 frames.
LOG (gmm-acc-mllt[5.2.132~9-82686]:main():gmm-acc-mllt.cc:108) Average like for this file is -45.2047 over 43 frames.
LOG (gmm-acc-mllt[5.2.132~9-82686]:main():gmm-acc-mllt.cc:108) Average like for this file is -54.6026 over 49 frames.
LOG (gmm-acc-mllt[5.2.132~9-82686]:main():gmm-acc-mllt.cc:108) Average like for this file is -50.8273 over 58 frames.
LOG (gmm-acc-mllt[5.2.132~9-82686]:main():gmm-acc-mllt.cc:108) Average like for this file is -47.3528 over 53 frames.
LOG (gmm-acc-mllt[5.2.132~9-82686]:main():gmm-acc-mllt.cc:108) Average like for this file is -42.0558 over 42 frames.
LOG (gmm-acc-mllt[5.2.132~9-82686]:main():gmm-acc-mllt.cc:108) Average like for this file is -49.6548 over 30 frames.
LOG (gmm-acc-mllt[5.2.132~9-82686]:main():gmm-acc-mllt.cc:114) Avg like per frame so far is -51.5354
LOG (gmm-acc-mllt[5.2.132~9-82686]:main():gmm-acc-mllt.cc:108) Average like for this file is -50.327 over 22 frames.
LOG (gmm-acc-mllt[5.2.132~9-82686]:main():gmm-acc-mllt.cc:108) Average like for this file is -46.724 over 36 frames.
LOG (gmm-acc-mllt[5.2.132~9-82686]:main():gmm-acc-mllt.cc:108) Average like for this file is -53.5736 over 74 frames.
LOG (gmm-acc-mllt[5.2.132~9-82686]:main():gmm-acc-mllt.cc:108) Average like for this file is -55.5555 over 73 frames.
LOG (gmm-acc-mllt[5.2.132~9-82686]:main():gmm-acc-mllt.cc:108) Average like for this file is -40.5548 over 41 frames.
LOG (gmm-acc-mllt[5.2.132~9-82686]:main():gmm-acc-mllt.cc:108) Average like for this file is -43.346 over 39 frames.
LOG (gmm-acc-mllt[5.2.132~9-82686]:main():gmm-acc-mllt.cc:108) Average like for this file is -50.3844 over 49 frames.
LOG (gmm-acc-mllt[5.2.132~9-82686]:main():gmm-acc-mllt.cc:108) Average like for this file is -54.5894 over 38 frames.
LOG (gmm-acc-mllt[5.2.132~9-82686]:main():gmm-acc-mllt.cc:108) Average like for this file is -51.9659 over 48 frames.
LOG (gmm-acc-mllt[5.2.132~9-82686]:main():gmm-acc-mllt.cc:108) Average like for this file is -53.7597 over 52 frames.
LOG (gmm-acc-mllt[5.2.132~9-82686]:main():gmm-acc-mllt.cc:114) Avg like per frame so far is -51.4919
LOG (gmm-acc-mllt[5.2.132~9-82686]:main():gmm-acc-mllt.cc:108) Average like for this file is -43.5985 over 37 frames.
LOG (gmm-acc-mllt[5.2.132~9-82686]:main():gmm-acc-mllt.cc:108) Average like for this file is -58.0414 over 29 frames.
LOG (gmm-acc-mllt[5.2.132~9-82686]:main():gmm-acc-mllt.cc:108) Average like for this file is -58.7504 over 66 frames.
LOG (gmm-acc-mllt[5.2.132~9-82686]:main():gmm-acc-mllt.cc:108) Average like for this file is -58.9342 over 39 frames.
LOG (gmm-acc-mllt[5.2.132~9-82686]:main():gmm-acc-mllt.cc:108) Average like for this file is -45.1451 over 38 frames.
LOG (gmm-acc-mllt[5.2.132~9-82686]:main():gmm-acc-mllt.cc:108) Average like for this file is -58.9489 over 45 frames.
LOG (gmm-acc-mllt[5.2.132~9-82686]:main():gmm-acc-mllt.cc:108) Average like for this file is -54.7325 over 55 frames.
LOG (gmm-acc-mllt[5.2.132~9-82686]:main():gmm-acc-mllt.cc:108) Average like for this file is -51.5982 over 33 frames.
LOG (gmm-acc-mllt[5.2.132~9-82686]:main():gmm-acc-mllt.cc:108) Average like for this file is -52.6653 over 26 frames.
LOG (gmm-acc-mllt[5.2.132~9-82686]:main():gmm-acc-mllt.cc:108) Average like for this file is -49.3755 over 49 frames.
LOG (gmm-acc-mllt[5.2.132~9-82686]:main():gmm-acc-mllt.cc:114) Avg like per frame so far is -51.601
LOG (gmm-acc-mllt[5.2.132~9-82686]:main():gmm-acc-mllt.cc:108) Average like for this file is -51.456 over 29 frames.
LOG (gmm-acc-mllt[5.2.132~9-82686]:main():gmm-acc-mllt.cc:108) Average like for this file is -46.0276 over 38 frames.
LOG (gmm-acc-mllt[5.2.132~9-82686]:main():gmm-acc-mllt.cc:108) Average like for this file is -51.9661 over 31 frames.
LOG (gmm-acc-mllt[5.2.132~9-82686]:main():gmm-acc-mllt.cc:108) Average like for this file is -41.5721 over 34 frames.
LOG (gmm-acc-mllt[5.2.132~9-82686]:main():gmm-acc-mllt.cc:108) Average like for this file is -49.5269 over 40 frames.
LOG (gmm-acc-mllt[5.2.132~9-82686]:main():gmm-acc-mllt.cc:108) Average like for this file is -47.538 over 41 frames.
LOG (gmm-acc-mllt[5.2.132~9-82686]:main():gmm-acc-mllt.cc:108) Average like for this file is -54.1338 over 34 frames.
LOG (gmm-acc-mllt[5.2.132~9-82686]:main():gmm-acc-mllt.cc:108) Average like for this file is -56.229 over 46 frames.
LOG (gmm-acc-mllt[5.2.132~9-82686]:main():gmm-acc-mllt.cc:108) Average like for this file is -58.7604 over 39 frames.
LOG (gmm-acc-mllt[5.2.132~9-82686]:main():gmm-acc-mllt.cc:108) Average like for this file is -65.564 over 34 frames.
LOG (gmm-acc-mllt[5.2.132~9-82686]:main():gmm-acc-mllt.cc:114) Avg like per frame so far is -51.6319
LOG (gmm-acc-mllt[5.2.132~9-82686]:main():gmm-acc-mllt.cc:108) Average like for this file is -53.7403 over 74 frames.
LOG (gmm-acc-mllt[5.2.132~9-82686]:main():gmm-acc-mllt.cc:108) Average like for this file is -54.6555 over 35 frames.
LOG (gmm-acc-mllt[5.2.132~9-82686]:main():gmm-acc-mllt.cc:108) Average like for this file is -55.8399 over 38 frames.
LOG (gmm-acc-mllt[5.2.132~9-82686]:main():gmm-acc-mllt.cc:108) Average like for this file is -47.4115 over 64 frames.
LOG (gmm-acc-mllt[5.2.132~9-82686]:main():gmm-acc-mllt.cc:108) Average like for this file is -50.4452 over 58 frames.
LOG (gmm-acc-mllt[5.2.132~9-82686]:main():gmm-acc-mllt.cc:108) Average like for this file is -58.5032 over 58 frames.
LOG (gmm-acc-mllt[5.2.132~9-82686]:main():gmm-acc-mllt.cc:108) Average like for this file is -58.6072 over 24 frames.
LOG (gmm-acc-mllt[5.2.132~9-82686]:main():gmm-acc-mllt.cc:108) Average like for this file is -52.0088 over 58 frames.
LOG (gmm-acc-mllt[5.2.132~9-82686]:main():gmm-acc-mllt.cc:108) Average like for this file is -48.6638 over 53 frames.
LOG (gmm-acc-mllt[5.2.132~9-82686]:main():gmm-acc-mllt.cc:108) Average like for this file is -44.9042 over 35 frames.
LOG (gmm-acc-mllt[5.2.132~9-82686]:main():gmm-acc-mllt.cc:114) Avg like per frame so far is -51.6633
LOG (gmm-acc-mllt[5.2.132~9-82686]:main():gmm-acc-mllt.cc:108) Average like for this file is -60.3705 over 36 frames.
LOG (gmm-acc-mllt[5.2.132~9-82686]:main():gmm-acc-mllt.cc:108) Average like for this file is -57.3375 over 37 frames.
LOG (gmm-acc-mllt[5.2.132~9-82686]:main():gmm-acc-mllt.cc:108) Average like for this file is -46.8135 over 53 frames.
LOG (gmm-acc-mllt[5.2.132~9-82686]:main():gmm-acc-mllt.cc:108) Average like for this file is -50.209 over 53 frames.
LOG (gmm-acc-mllt[5.2.132~9-82686]:main():gmm-acc-mllt.cc:108) Average like for this file is -41.8684 over 68 frames.
LOG (gmm-acc-mllt[5.2.132~9-82686]:main():gmm-acc-mllt.cc:108) Average like for this file is -46.194 over 43 frames.
LOG (gmm-acc-mllt[5.2.132~9-82686]:main():gmm-acc-mllt.cc:108) Average like for this file is -45.0069 over 53 frames.
LOG (gmm-acc-mllt[5.2.132~9-82686]:main():gmm-acc-mllt.cc:108) Average like for this file is -47.2981 over 39 frames.
LOG (gmm-acc-mllt[5.2.132~9-82686]:main():gmm-acc-mllt.cc:108) Average like for this file is -46.6465 over 37 frames.
LOG (gmm-acc-mllt[5.2.132~9-82686]:main():gmm-acc-mllt.cc:108) Average like for this file is -47.8494 over 53 frames.
LOG (gmm-acc-mllt[5.2.132~9-82686]:main():gmm-acc-mllt.cc:114) Avg like per frame so far is -51.489
LOG (gmm-acc-mllt[5.2.132~9-82686]:main():gmm-acc-mllt.cc:108) Average like for this file is -49.8994 over 31 frames.
LOG (gmm-acc-mllt[5.2.132~9-82686]:main():gmm-acc-mllt.cc:108) Average like for this file is -57.2219 over 23 frames.
LOG (gmm-acc-mllt[5.2.132~9-82686]:main():gmm-acc-mllt.cc:108) Average like for this file is -53.212 over 33 frames.
LOG (gmm-acc-mllt[5.2.132~9-82686]:main():gmm-acc-mllt.cc:108) Average like for this file is -53.8252 over 54 frames.
LOG (gmm-acc-mllt[5.2.132~9-82686]:main():gmm-acc-mllt.cc:108) Average like for this file is -55.9892 over 22 frames.
LOG (gmm-acc-mllt[5.2.132~9-82686]:main():gmm-acc-mllt.cc:108) Average like for this file is -53.448 over 25 frames.
LOG (gmm-acc-mllt[5.2.132~9-82686]:main():gmm-acc-mllt.cc:108) Average like for this file is -44.9489 over 23 frames.
LOG (gmm-acc-mllt[5.2.132~9-82686]:main():gmm-acc-mllt.cc:108) Average like for this file is -49.1205 over 28 frames.
LOG (gmm-acc-mllt[5.2.132~9-82686]:main():gmm-acc-mllt.cc:108) Average like for this file is -48.1389 over 31 frames.
LOG (gmm-acc-mllt[5.2.132~9-82686]:main():gmm-acc-mllt.cc:108) Average like for this file is -49.7246 over 24 frames.
LOG (gmm-acc-mllt[5.2.132~9-82686]:main():gmm-acc-mllt.cc:114) Avg like per frame so far is -51.4943
LOG (gmm-acc-mllt[5.2.132~9-82686]:main():gmm-acc-mllt.cc:108) Average like for this file is -46.03 over 26 frames.
LOG (gmm-acc-mllt[5.2.132~9-82686]:main():gmm-acc-mllt.cc:108) Average like for this file is -50.5217 over 22 frames.
LOG (gmm-acc-mllt[5.2.132~9-82686]:main():gmm-acc-mllt.cc:108) Average like for this file is -46.7304 over 27 frames.
LOG (gmm-acc-mllt[5.2.132~9-82686]:main():gmm-acc-mllt.cc:108) Average like for this file is -48.197 over 35 frames.
LOG (gmm-acc-mllt[5.2.132~9-82686]:main():gmm-acc-mllt.cc:108) Average like for this file is -51.3033 over 31 frames.
LOG (gmm-acc-mllt[5.2.132~9-82686]:main():gmm-acc-mllt.cc:108) Average like for this file is -60.6845 over 22 frames.
LOG (gmm-acc-mllt[5.2.132~9-82686]:main():gmm-acc-mllt.cc:108) Average like for this file is -45.4692 over 45 frames.
LOG (gmm-acc-mllt[5.2.132~9-82686]:main():gmm-acc-mllt.cc:108) Average like for this file is -49.7516 over 37 frames.
LOG (gmm-acc-mllt[5.2.132~9-82686]:main():gmm-acc-mllt.cc:108) Average like for this file is -51.5245 over 56 frames.
LOG (gmm-acc-mllt[5.2.132~9-82686]:main():gmm-acc-mllt.cc:108) Average like for this file is -51.1891 over 28 frames.
LOG (gmm-acc-mllt[5.2.132~9-82686]:main():gmm-acc-mllt.cc:114) Avg like per frame so far is -51.4385
LOG (gmm-acc-mllt[5.2.132~9-82686]:main():gmm-acc-mllt.cc:108) Average like for this file is -41.1255 over 45 frames.
LOG (gmm-acc-mllt[5.2.132~9-82686]:main():gmm-acc-mllt.cc:108) Average like for this file is -54.152 over 35 frames.
LOG (gmm-acc-mllt[5.2.132~9-82686]:main():gmm-acc-mllt.cc:108) Average like for this file is -54.1791 over 56 frames.
LOG (gmm-acc-mllt[5.2.132~9-82686]:main():gmm-acc-mllt.cc:108) Average like for this file is -46.8874 over 43 frames.
LOG (gmm-acc-mllt[5.2.132~9-82686]:main():gmm-acc-mllt.cc:108) Average like for this file is -40.6271 over 46 frames.
LOG (gmm-acc-mllt[5.2.132~9-82686]:main():gmm-acc-mllt.cc:108) Average like for this file is -41.3449 over 43 frames.
LOG (gmm-acc-mllt[5.2.132~9-82686]:main():gmm-acc-mllt.cc:108) Average like for this file is -43.9895 over 40 frames.
LOG (gmm-acc-mllt[5.2.132~9-82686]:main():gmm-acc-mllt.cc:108) Average like for this file is -48.4686 over 15 frames.
LOG (gmm-acc-mllt[5.2.132~9-82686]:main():gmm-acc-mllt.cc:108) Average like for this file is -49.9169 over 31 frames.
LOG (gmm-acc-mllt[5.2.132~9-82686]:main():gmm-acc-mllt.cc:108) Average like for this file is -54.5226 over 28 frames.
LOG (gmm-acc-mllt[5.2.132~9-82686]:main():gmm-acc-mllt.cc:114) Avg like per frame so far is -51.2789
LOG (gmm-acc-mllt[5.2.132~9-82686]:main():gmm-acc-mllt.cc:108) Average like for this file is -58.7551 over 41 frames.
LOG (gmm-acc-mllt[5.2.132~9-82686]:main():gmm-acc-mllt.cc:108) Average like for this file is -55.3779 over 37 frames.
LOG (gmm-acc-mllt[5.2.132~9-82686]:main():gmm-acc-mllt.cc:108) Average like for this file is -60.2379 over 32 frames.
LOG (gmm-acc-mllt[5.2.132~9-82686]:main():gmm-acc-mllt.cc:108) Average like for this file is -56.6437 over 27 frames.
LOG (gmm-acc-mllt[5.2.132~9-82686]:main():gmm-acc-mllt.cc:108) Average like for this file is -54.8471 over 27 frames.
LOG (gmm-acc-mllt[5.2.132~9-82686]:main():gmm-acc-mllt.cc:108) Average like for this file is -55.2823 over 42 frames.
LOG (gmm-acc-mllt[5.2.132~9-82686]:main():gmm-acc-mllt.cc:108) Average like for this file is -54.3173 over 23 frames.
LOG (gmm-acc-mllt[5.2.132~9-82686]:main():gmm-acc-mllt.cc:108) Average like for this file is -51.8246 over 26 frames.
LOG (gmm-acc-mllt[5.2.132~9-82686]:main():gmm-acc-mllt.cc:108) Average like for this file is -49.2683 over 28 frames.
LOG (gmm-acc-mllt[5.2.132~9-82686]:main():gmm-acc-mllt.cc:108) Average like for this file is -52.5627 over 27 frames.
LOG (gmm-acc-mllt[5.2.132~9-82686]:main():gmm-acc-mllt.cc:114) Avg like per frame so far is -51.3934
LOG (gmm-acc-mllt[5.2.132~9-82686]:main():gmm-acc-mllt.cc:108) Average like for this file is -51.085 over 24 frames.
LOG (gmm-acc-mllt[5.2.132~9-82686]:main():gmm-acc-mllt.cc:108) Average like for this file is -43.3718 over 46 frames.
LOG (gmm-acc-mllt[5.2.132~9-82686]:main():gmm-acc-mllt.cc:108) Average like for this file is -46.6704 over 30 frames.
LOG (gmm-acc-mllt[5.2.132~9-82686]:main():gmm-acc-mllt.cc:108) Average like for this file is -52.6207 over 26 frames.
LOG (gmm-acc-mllt[5.2.132~9-82686]:main():gmm-acc-mllt.cc:108) Average like for this file is -48.0842 over 36 frames.
LOG (gmm-acc-mllt[5.2.132~9-82686]:main():gmm-acc-mllt.cc:108) Average like for this file is -45.9738 over 50 frames.
LOG (gmm-acc-mllt[5.2.132~9-82686]:main():gmm-acc-mllt.cc:108) Average like for this file is -47.6256 over 46 frames.
LOG (gmm-acc-mllt[5.2.132~9-82686]:main():gmm-acc-mllt.cc:108) Average like for this file is -47.0774 over 41 frames.
LOG (gmm-acc-mllt[5.2.132~9-82686]:main():gmm-acc-mllt.cc:108) Average like for this file is -39.6184 over 52 frames.
LOG (gmm-acc-mllt[5.2.132~9-82686]:main():gmm-acc-mllt.cc:108) Average like for this file is -43.0242 over 43 frames.
LOG (gmm-acc-mllt[5.2.132~9-82686]:main():gmm-acc-mllt.cc:114) Avg like per frame so far is -51.1939
LOG (gmm-acc-mllt[5.2.132~9-82686]:main():gmm-acc-mllt.cc:108) Average like for this file is -54.789 over 39 frames.
LOG (gmm-acc-mllt[5.2.132~9-82686]:main():gmm-acc-mllt.cc:108) Average like for this file is -56.8366 over 42 frames.
LOG (gmm-acc-mllt[5.2.132~9-82686]:main():gmm-acc-mllt.cc:108) Average like for this file is -51.3123 over 42 frames.
LOG (gmm-acc-mllt[5.2.132~9-82686]:main():gmm-acc-mllt.cc:108) Average like for this file is -50.4598 over 27 frames.
LOG (gmm-acc-mllt[5.2.132~9-82686]:main():gmm-acc-mllt.cc:108) Average like for this file is -51.6047 over 48 frames.
LOG (gmm-acc-mllt[5.2.132~9-82686]:main():gmm-acc-mllt.cc:108) Average like for this file is -43.6675 over 45 frames.
LOG (gmm-acc-mllt[5.2.132~9-82686]:main():gmm-acc-mllt.cc:108) Average like for this file is -47.6851 over 34 frames.
LOG (gmm-acc-mllt[5.2.132~9-82686]:main():gmm-acc-mllt.cc:108) Average like for this file is -59.4408 over 32 frames.
LOG (gmm-acc-mllt[5.2.132~9-82686]:main():gmm-acc-mllt.cc:108) Average like for this file is -46.676 over 38 frames.
LOG (gmm-acc-mllt[5.2.132~9-82686]:main():gmm-acc-mllt.cc:108) Average like for this file is -48.7919 over 39 frames.
LOG (gmm-acc-mllt[5.2.132~9-82686]:main():gmm-acc-mllt.cc:114) Avg like per frame so far is -51.1871
LOG (gmm-acc-mllt[5.2.132~9-82686]:main():gmm-acc-mllt.cc:108) Average like for this file is -52.2623 over 29 frames.
LOG (gmm-acc-mllt[5.2.132~9-82686]:main():gmm-acc-mllt.cc:108) Average like for this file is -51.9374 over 26 frames.
LOG (gmm-acc-mllt[5.2.132~9-82686]:main():gmm-acc-mllt.cc:108) Average like for this file is -51.9153 over 29 frames.
LOG (gmm-acc-mllt[5.2.132~9-82686]:main():gmm-acc-mllt.cc:108) Average like for this file is -58.1554 over 40 frames.
LOG (gmm-acc-mllt[5.2.132~9-82686]:main():gmm-acc-mllt.cc:108) Average like for this file is -54.1697 over 30 frames.
LOG (gmm-acc-mllt[5.2.132~9-82686]:main():gmm-acc-mllt.cc:108) Average like for this file is -53.8227 over 31 frames.
LOG (gmm-acc-mllt[5.2.132~9-82686]:main():gmm-acc-mllt.cc:108) Average like for this file is -49.653 over 38 frames.
LOG (gmm-acc-mllt[5.2.132~9-82686]:main():gmm-acc-mllt.cc:108) Average like for this file is -54.7861 over 27 frames.
LOG (gmm-acc-mllt[5.2.132~9-82686]:main():gmm-acc-mllt.cc:108) Average like for this file is -50.4937 over 61 frames.
LOG (gmm-acc-mllt[5.2.132~9-82686]:main():gmm-acc-mllt.cc:108) Average like for this file is -51.8356 over 52 frames.
LOG (gmm-acc-mllt[5.2.132~9-82686]:main():gmm-acc-mllt.cc:114) Avg like per frame so far is -51.234
LOG (gmm-acc-mllt[5.2.132~9-82686]:main():gmm-acc-mllt.cc:108) Average like for this file is -54.1387 over 45 frames.
LOG (gmm-acc-mllt[5.2.132~9-82686]:main():gmm-acc-mllt.cc:108) Average like for this file is -49.0214 over 34 frames.
LOG (gmm-acc-mllt[5.2.132~9-82686]:main():gmm-acc-mllt.cc:108) Average like for this file is -49.6301 over 43 frames.
LOG (gmm-acc-mllt[5.2.132~9-82686]:main():gmm-acc-mllt.cc:108) Average like for this file is -52.5924 over 30 frames.
LOG (gmm-acc-mllt[5.2.132~9-82686]:main():gmm-acc-mllt.cc:108) Average like for this file is -52.652 over 35 frames.
LOG (gmm-acc-mllt[5.2.132~9-82686]:main():gmm-acc-mllt.cc:108) Average like for this file is -55.8 over 27 frames.
LOG (gmm-acc-mllt[5.2.132~9-82686]:main():gmm-acc-mllt.cc:108) Average like for this file is -49.5179 over 25 frames.
LOG (gmm-acc-mllt[5.2.132~9-82686]:main():gmm-acc-mllt.cc:108) Average like for this file is -51.2598 over 20 frames.
LOG (gmm-acc-mllt[5.2.132~9-82686]:main():gmm-acc-mllt.cc:108) Average like for this file is -57.2071 over 20 frames.
LOG (gmm-acc-mllt[5.2.132~9-82686]:main():gmm-acc-mllt.cc:108) Average like for this file is -51.3635 over 17 frames.
LOG (gmm-acc-mllt[5.2.132~9-82686]:main():gmm-acc-mllt.cc:114) Avg like per frame so far is -51.2572
LOG (gmm-acc-mllt[5.2.132~9-82686]:main():gmm-acc-mllt.cc:108) Average like for this file is -50.2862 over 17 frames.
LOG (gmm-acc-mllt[5.2.132~9-82686]:main():gmm-acc-mllt.cc:108) Average like for this file is -47.5739 over 18 frames.
LOG (gmm-acc-mllt[5.2.132~9-82686]:main():gmm-acc-mllt.cc:108) Average like for this file is -44.2713 over 16 frames.
LOG (gmm-acc-mllt[5.2.132~9-82686]:main():gmm-acc-mllt.cc:108) Average like for this file is -49.0666 over 25 frames.
LOG (gmm-acc-mllt[5.2.132~9-82686]:main():gmm-acc-mllt.cc:108) Average like for this file is -42.1757 over 36 frames.
LOG (gmm-acc-mllt[5.2.132~9-82686]:main():gmm-acc-mllt.cc:108) Average like for this file is -52.2274 over 24 frames.
LOG (gmm-acc-mllt[5.2.132~9-82686]:main():gmm-acc-mllt.cc:108) Average like for this file is -50.7205 over 30 frames.
LOG (gmm-acc-mllt[5.2.132~9-82686]:main():gmm-acc-mllt.cc:108) Average like for this file is -48.4871 over 25 frames.
LOG (gmm-acc-mllt[5.2.132~9-82686]:main():gmm-acc-mllt.cc:108) Average like for this file is -57.3208 over 27 frames.
LOG (gmm-acc-mllt[5.2.132~9-82686]:main():gmm-acc-mllt.cc:108) Average like for this file is -55.2229 over 27 frames.
LOG (gmm-acc-mllt[5.2.132~9-82686]:main():gmm-acc-mllt.cc:114) Avg like per frame so far is -51.2273
LOG (gmm-acc-mllt[5.2.132~9-82686]:main():gmm-acc-mllt.cc:108) Average like for this file is -50.0617 over 57 frames.
LOG (gmm-acc-mllt[5.2.132~9-82686]:main():gmm-acc-mllt.cc:108) Average like for this file is -52.1634 over 55 frames.
LOG (gmm-acc-mllt[5.2.132~9-82686]:main():gmm-acc-mllt.cc:108) Average like for this file is -55.0108 over 29 frames.
LOG (gmm-acc-mllt[5.2.132~9-82686]:main():gmm-acc-mllt.cc:108) Average like for this file is -52.4393 over 19 frames.
LOG (gmm-acc-mllt[5.2.132~9-82686]:main():gmm-acc-mllt.cc:108) Average like for this file is -51.4973 over 53 frames.
LOG (gmm-acc-mllt[5.2.132~9-82686]:main():gmm-acc-mllt.cc:108) Average like for this file is -45.1582 over 63 frames.
LOG (gmm-acc-mllt[5.2.132~9-82686]:main():gmm-acc-mllt.cc:108) Average like for this file is -47.8204 over 36 frames.
LOG (gmm-acc-mllt[5.2.132~9-82686]:main():gmm-acc-mllt.cc:108) Average like for this file is -51.318 over 49 frames.
LOG (gmm-acc-mllt[5.2.132~9-82686]:main():gmm-acc-mllt.cc:108) Average like for this file is -53.5841 over 34 frames.
LOG (gmm-acc-mllt[5.2.132~9-82686]:main():gmm-acc-mllt.cc:108) Average like for this file is -54.2733 over 41 frames.
LOG (gmm-acc-mllt[5.2.132~9-82686]:main():gmm-acc-mllt.cc:114) Avg like per frame so far is -51.2145
LOG (gmm-acc-mllt[5.2.132~9-82686]:main():gmm-acc-mllt.cc:108) Average like for this file is -52.9779 over 25 frames.
LOG (gmm-acc-mllt[5.2.132~9-82686]:main():gmm-acc-mllt.cc:108) Average like for this file is -51.9921 over 18 frames.
LOG (gmm-acc-mllt[5.2.132~9-82686]:main():gmm-acc-mllt.cc:108) Average like for this file is -53.1911 over 33 frames.
LOG (gmm-acc-mllt[5.2.132~9-82686]:main():gmm-acc-mllt.cc:108) Average like for this file is -45.0575 over 43 frames.
LOG (gmm-acc-mllt[5.2.132~9-82686]:main():gmm-acc-mllt.cc:108) Average like for this file is -51.4602 over 26 frames.
LOG (gmm-acc-mllt[5.2.132~9-82686]:main():gmm-acc-mllt.cc:108) Average like for this file is -37.0512 over 42 frames.
LOG (gmm-acc-mllt[5.2.132~9-82686]:main():gmm-acc-mllt.cc:108) Average like for this file is -48.0582 over 33 frames.
LOG (gmm-acc-mllt[5.2.132~9-82686]:main():gmm-acc-mllt.cc:108) Average like for this file is -49.7725 over 29 frames.
LOG (gmm-acc-mllt[5.2.132~9-82686]:main():gmm-acc-mllt.cc:108) Average like for this file is -53.3615 over 32 frames.
LOG (gmm-acc-mllt[5.2.132~9-82686]:main():gmm-acc-mllt.cc:108) Average like for this file is -56.6914 over 22 frames.
LOG (gmm-acc-mllt[5.2.132~9-82686]:main():gmm-acc-mllt.cc:114) Avg like per frame so far is -51.1618
LOG (gmm-acc-mllt[5.2.132~9-82686]:main():gmm-acc-mllt.cc:108) Average like for this file is -51.7452 over 30 frames.
LOG (gmm-acc-mllt[5.2.132~9-82686]:main():gmm-acc-mllt.cc:108) Average like for this file is -47.4125 over 21 frames.
LOG (gmm-acc-mllt[5.2.132~9-82686]:main():gmm-acc-mllt.cc:108) Average like for this file is -44.986 over 16 frames.
LOG (gmm-acc-mllt[5.2.132~9-82686]:main():gmm-acc-mllt.cc:108) Average like for this file is -44.6036 over 26 frames.
LOG (gmm-acc-mllt[5.2.132~9-82686]:main():gmm-acc-mllt.cc:108) Average like for this file is -41.096 over 51 frames.
LOG (gmm-acc-mllt[5.2.132~9-82686]:main():gmm-acc-mllt.cc:108) Average like for this file is -38.8091 over 34 frames.
LOG (gmm-acc-mllt[5.2.132~9-82686]:main():gmm-acc-mllt.cc:108) Average like for this file is -28.8965 over 68 frames.
LOG (gmm-acc-mllt[5.2.132~9-82686]:main():gmm-acc-mllt.cc:108) Average like for this file is -46.5851 over 25 frames.
LOG (gmm-acc-mllt[5.2.132~9-82686]:main():gmm-acc-mllt.cc:108) Average like for this file is -49.5133 over 29 frames.
LOG (gmm-acc-mllt[5.2.132~9-82686]:main():gmm-acc-mllt.cc:108) Average like for this file is -44.8196 over 30 frames.
LOG (gmm-acc-mllt[5.2.132~9-82686]:main():gmm-acc-mllt.cc:114) Avg like per frame so far is -50.9278
LOG (gmm-acc-mllt[5.2.132~9-82686]:main():gmm-acc-mllt.cc:108) Average like for this file is -48.6327 over 26 frames.
LOG (gmm-acc-mllt[5.2.132~9-82686]:main():gmm-acc-mllt.cc:108) Average like for this file is -40.5006 over 48 frames.
LOG (gmm-acc-mllt[5.2.132~9-82686]:main():gmm-acc-mllt.cc:108) Average like for this file is -48.8341 over 37 frames.
LOG (gmm-acc-mllt[5.2.132~9-82686]:main():gmm-acc-mllt.cc:108) Average like for this file is -49.4707 over 58 frames.
LOG (gmm-acc-mllt[5.2.132~9-82686]:main():gmm-acc-mllt.cc:108) Average like for this file is -39.9459 over 41 frames.
LOG (gmm-acc-mllt[5.2.132~9-82686]:main():gmm-acc-mllt.cc:108) Average like for this file is -47.6373 over 37 frames.
LOG (gmm-acc-mllt[5.2.132~9-82686]:main():gmm-acc-mllt.cc:108) Average like for this file is -49.4512 over 22 frames.
LOG (gmm-acc-mllt[5.2.132~9-82686]:main():gmm-acc-mllt.cc:108) Average like for this file is -51.3523 over 18 frames.
LOG (gmm-acc-mllt[5.2.132~9-82686]:main():gmm-acc-mllt.cc:108) Average like for this file is -59.3405 over 38 frames.
LOG (gmm-acc-mllt[5.2.132~9-82686]:main():gmm-acc-mllt.cc:108) Average like for this file is -58.8432 over 41 frames.
LOG (gmm-acc-mllt[5.2.132~9-82686]:main():gmm-acc-mllt.cc:114) Avg like per frame so far is -50.8787
LOG (gmm-acc-mllt[5.2.132~9-82686]:main():gmm-acc-mllt.cc:108) Average like for this file is -49.4268 over 77 frames.
LOG (gmm-acc-mllt[5.2.132~9-82686]:main():gmm-acc-mllt.cc:108) Average like for this file is -54.5282 over 61 frames.
LOG (gmm-acc-mllt[5.2.132~9-82686]:main():gmm-acc-mllt.cc:108) Average like for this file is -45.6557 over 45 frames.
LOG (gmm-acc-mllt[5.2.132~9-82686]:main():gmm-acc-mllt.cc:108) Average like for this file is -51.1889 over 47 frames.
LOG (gmm-acc-mllt[5.2.132~9-82686]:main():gmm-acc-mllt.cc:108) Average like for this file is -53.5882 over 32 frames.
LOG (gmm-acc-mllt[5.2.132~9-82686]:main():gmm-acc-mllt.cc:108) Average like for this file is -43.3755 over 61 frames.
LOG (gmm-acc-mllt[5.2.132~9-82686]:main():gmm-acc-mllt.cc:108) Average like for this file is -44.4856 over 28 frames.
LOG (gmm-acc-mllt[5.2.132~9-82686]:main():gmm-acc-mllt.cc:108) Average like for this file is -46.3744 over 27 frames.
LOG (gmm-acc-mllt[5.2.132~9-82686]:main():gmm-acc-mllt.cc:108) Average like for this file is -57.9224 over 59 frames.
LOG (gmm-acc-mllt[5.2.132~9-82686]:main():gmm-acc-mllt.cc:108) Average like for this file is -54.027 over 50 frames.
LOG (gmm-acc-mllt[5.2.132~9-82686]:main():gmm-acc-mllt.cc:114) Avg like per frame so far is -50.8641
LOG (gmm-acc-mllt[5.2.132~9-82686]:main():gmm-acc-mllt.cc:108) Average like for this file is -45.9082 over 55 frames.
LOG (gmm-acc-mllt[5.2.132~9-82686]:main():gmm-acc-mllt.cc:108) Average like for this file is -41.8381 over 30 frames.
LOG (gmm-acc-mllt[5.2.132~9-82686]:main():gmm-acc-mllt.cc:108) Average like for this file is -39.8794 over 24 frames.
LOG (gmm-acc-mllt[5.2.132~9-82686]:main():gmm-acc-mllt.cc:108) Average like for this file is -48.7382 over 19 frames.
LOG (gmm-acc-mllt[5.2.132~9-82686]:main():gmm-acc-mllt.cc:108) Average like for this file is -42.803 over 39 frames.
LOG (gmm-acc-mllt[5.2.132~9-82686]:main():gmm-acc-mllt.cc:108) Average like for this file is -43.7782 over 24 frames.
LOG (gmm-acc-mllt[5.2.132~9-82686]:main():gmm-acc-mllt.cc:108) Average like for this file is -45.8128 over 40 frames.
LOG (gmm-acc-mllt[5.2.132~9-82686]:main():gmm-acc-mllt.cc:108) Average like for this file is -55.724 over 51 frames.
LOG (gmm-acc-mllt[5.2.132~9-82686]:main():gmm-acc-mllt.cc:108) Average like for this file is -47.0201 over 39 frames.
LOG (gmm-acc-mllt[5.2.132~9-82686]:main():gmm-acc-mllt.cc:108) Average like for this file is -49.7204 over 31 frames.
LOG (gmm-acc-mllt[5.2.132~9-82686]:main():gmm-acc-mllt.cc:114) Avg like per frame so far is -50.7632
LOG (gmm-acc-mllt[5.2.132~9-82686]:main():gmm-acc-mllt.cc:108) Average like for this file is -51.2635 over 59 frames.
LOG (gmm-acc-mllt[5.2.132~9-82686]:main():gmm-acc-mllt.cc:108) Average like for this file is -55.0516 over 46 frames.
LOG (gmm-acc-mllt[5.2.132~9-82686]:main():gmm-acc-mllt.cc:108) Average like for this file is -53.0788 over 32 frames.
LOG (gmm-acc-mllt[5.2.132~9-82686]:main():gmm-acc-mllt.cc:108) Average like for this file is -51.8162 over 47 frames.
LOG (gmm-acc-mllt[5.2.132~9-82686]:main():gmm-acc-mllt.cc:108) Average like for this file is -47.8268 over 38 frames.
LOG (gmm-acc-mllt[5.2.132~9-82686]:main():gmm-acc-mllt.cc:108) Average like for this file is -46.1855 over 44 frames.
LOG (gmm-acc-mllt[5.2.132~9-82686]:main():gmm-acc-mllt.cc:108) Average like for this file is -47.2844 over 42 frames.
LOG (gmm-acc-mllt[5.2.132~9-82686]:main():gmm-acc-mllt.cc:108) Average like for this file is -45.0261 over 42 frames.
LOG (gmm-acc-mllt[5.2.132~9-82686]:main():gmm-acc-mllt.cc:108) Average like for this file is -49.7845 over 27 frames.
LOG (gmm-acc-mllt[5.2.132~9-82686]:main():gmm-acc-mllt.cc:108) Average like for this file is -50.0318 over 23 frames.
LOG (gmm-acc-mllt[5.2.132~9-82686]:main():gmm-acc-mllt.cc:114) Avg like per frame so far is -50.7369
LOG (gmm-acc-mllt[5.2.132~9-82686]:main():gmm-acc-mllt.cc:108) Average like for this file is -52.1596 over 23 frames.
LOG (gmm-acc-mllt[5.2.132~9-82686]:main():gmm-acc-mllt.cc:108) Average like for this file is -49.1612 over 33 frames.
LOG (gmm-acc-mllt[5.2.132~9-82686]:main():gmm-acc-mllt.cc:108) Average like for this file is -54.253 over 31 frames.
LOG (gmm-acc-mllt[5.2.132~9-82686]:main():gmm-acc-mllt.cc:108) Average like for this file is -51.9241 over 40 frames.
LOG (gmm-acc-mllt[5.2.132~9-82686]:main():gmm-acc-mllt.cc:108) Average like for this file is -49.6733 over 45 frames.
LOG (gmm-acc-mllt[5.2.132~9-82686]:main():gmm-acc-mllt.cc:108) Average like for this file is -54.2929 over 32 frames.
LOG (gmm-acc-mllt[5.2.132~9-82686]:main():gmm-acc-mllt.cc:108) Average like for this file is -48.5148 over 49 frames.
LOG (gmm-acc-mllt[5.2.132~9-82686]:main():gmm-acc-mllt.cc:108) Average like for this file is -46.8304 over 65 frames.
LOG (gmm-acc-mllt[5.2.132~9-82686]:main():gmm-acc-mllt.cc:108) Average like for this file is -53.6237 over 57 frames.
LOG (gmm-acc-mllt[5.2.132~9-82686]:main():gmm-acc-mllt.cc:108) Average like for this file is -53.1635 over 44 frames.
LOG (gmm-acc-mllt[5.2.132~9-82686]:main():gmm-acc-mllt.cc:114) Avg like per frame so far is -50.7442
LOG (gmm-acc-mllt[5.2.132~9-82686]:main():gmm-acc-mllt.cc:108) Average like for this file is -46.7551 over 51 frames.
LOG (gmm-acc-mllt[5.2.132~9-82686]:main():gmm-acc-mllt.cc:108) Average like for this file is -45.818 over 65 frames.
LOG (gmm-acc-mllt[5.2.132~9-82686]:main():gmm-acc-mllt.cc:108) Average like for this file is -44.6068 over 21 frames.
LOG (gmm-acc-mllt[5.2.132~9-82686]:main():gmm-acc-mllt.cc:108) Average like for this file is -50.9843 over 43 frames.
LOG (gmm-acc-mllt[5.2.132~9-82686]:main():gmm-acc-mllt.cc:108) Average like for this file is -61.4959 over 19 frames.
LOG (gmm-acc-mllt[5.2.132~9-82686]:main():gmm-acc-mllt.cc:108) Average like for this file is -59.7815 over 24 frames.
LOG (gmm-acc-mllt[5.2.132~9-82686]:main():gmm-acc-mllt.cc:108) Average like for this file is -60.276 over 21 frames.
LOG (gmm-acc-mllt[5.2.132~9-82686]:main():gmm-acc-mllt.cc:108) Average like for this file is -57.732 over 18 frames.
LOG (gmm-acc-mllt[5.2.132~9-82686]:main():gmm-acc-mllt.cc:108) Average like for this file is -47.0509 over 37 frames.
LOG (gmm-acc-mllt[5.2.132~9-82686]:main():gmm-acc-mllt.cc:108) Average like for this file is -37.4055 over 34 frames.
LOG (gmm-acc-mllt[5.2.132~9-82686]:main():gmm-acc-mllt.cc:114) Avg like per frame so far is -50.7133
LOG (gmm-acc-mllt[5.2.132~9-82686]:main():gmm-acc-mllt.cc:108) Average like for this file is -42.86 over 26 frames.
LOG (gmm-acc-mllt[5.2.132~9-82686]:main():gmm-acc-mllt.cc:108) Average like for this file is -48.8028 over 19 frames.
LOG (gmm-acc-mllt[5.2.132~9-82686]:main():gmm-acc-mllt.cc:108) Average like for this file is -44.5485 over 40 frames.
LOG (gmm-acc-mllt[5.2.132~9-82686]:main():gmm-acc-mllt.cc:108) Average like for this file is -38.5051 over 55 frames.
LOG (gmm-acc-mllt[5.2.132~9-82686]:main():gmm-acc-mllt.cc:108) Average like for this file is -47.2235 over 37 frames.
LOG (gmm-acc-mllt[5.2.132~9-82686]:main():gmm-acc-mllt.cc:108) Average like for this file is -47.2202 over 37 frames.
LOG (gmm-acc-mllt[5.2.132~9-82686]:main():gmm-acc-mllt.cc:108) Average like for this file is -46.9903 over 33 frames.
LOG (gmm-acc-mllt[5.2.132~9-82686]:main():gmm-acc-mllt.cc:108) Average like for this file is -46.8989 over 27 frames.
LOG (gmm-acc-mllt[5.2.132~9-82686]:main():gmm-acc-mllt.cc:108) Average like for this file is -47.8642 over 37 frames.
LOG (gmm-acc-mllt[5.2.132~9-82686]:main():gmm-acc-mllt.cc:108) Average like for this file is -46.3959 over 39 frames.
LOG (gmm-acc-mllt[5.2.132~9-82686]:main():gmm-acc-mllt.cc:114) Avg like per frame so far is -50.5942
LOG (gmm-acc-mllt[5.2.132~9-82686]:main():gmm-acc-mllt.cc:108) Average like for this file is -49.6827 over 36 frames.
LOG (gmm-acc-mllt[5.2.132~9-82686]:main():gmm-acc-mllt.cc:108) Average like for this file is -49.3333 over 50 frames.
LOG (gmm-acc-mllt[5.2.132~9-82686]:main():gmm-acc-mllt.cc:108) Average like for this file is -54.0006 over 30 frames.
LOG (gmm-acc-mllt[5.2.132~9-82686]:main():gmm-acc-mllt.cc:108) Average like for this file is -49.03 over 35 frames.
LOG (gmm-acc-mllt[5.2.132~9-82686]:main():gmm-acc-mllt.cc:108) Average like for this file is -53.8453 over 43 frames.
LOG (gmm-acc-mllt[5.2.132~9-82686]:main():gmm-acc-mllt.cc:108) Average like for this file is -45.5174 over 37 frames.
LOG (gmm-acc-mllt[5.2.132~9-82686]:main():gmm-acc-mllt.cc:108) Average like for this file is -63.4855 over 20 frames.
LOG (gmm-acc-mllt[5.2.132~9-82686]:main():gmm-acc-mllt.cc:108) Average like for this file is -47.8153 over 32 frames.
LOG (ali-to-post[5.2.132~9-82686]:main():ali-to-post.cc:73) Converted 689 alignments.
LOG (gmm-acc-mllt[5.2.132~9-82686]:main():gmm-acc-mllt.cc:108) Average like for this file is -50.5055 over 28 frames.
LOG (gmm-acc-mllt[5.2.132~9-82686]:main():gmm-acc-mllt.cc:108) Average like for this file is -50.6985 over 31 frames.
LOG (gmm-acc-mllt[5.2.132~9-82686]:main():gmm-acc-mllt.cc:114) Avg like per frame so far is -50.5986
LOG (gmm-acc-mllt[5.2.132~9-82686]:main():gmm-acc-mllt.cc:108) Average like for this file is -47.8461 over 31 frames.
LOG (gmm-acc-mllt[5.2.132~9-82686]:main():gmm-acc-mllt.cc:108) Average like for this file is -42.8093 over 33 frames.
LOG (gmm-acc-mllt[5.2.132~9-82686]:main():gmm-acc-mllt.cc:108) Average like for this file is -36.4141 over 49 frames.
LOG (gmm-acc-mllt[5.2.132~9-82686]:main():gmm-acc-mllt.cc:108) Average like for this file is -47.4904 over 32 frames.
LOG (gmm-acc-mllt[5.2.132~9-82686]:main():gmm-acc-mllt.cc:108) Average like for this file is -44.5386 over 30 frames.
LOG (gmm-acc-mllt[5.2.132~9-82686]:main():gmm-acc-mllt.cc:108) Average like for this file is -51.5258 over 33 frames.
LOG (gmm-acc-mllt[5.2.132~9-82686]:main():gmm-acc-mllt.cc:108) Average like for this file is -39.2773 over 45 frames.
LOG (gmm-acc-mllt[5.2.132~9-82686]:main():gmm-acc-mllt.cc:108) Average like for this file is -51.1137 over 33 frames.
LOG (gmm-acc-mllt[5.2.132~9-82686]:main():gmm-acc-mllt.cc:108) Average like for this file is -53.3574 over 63 frames.
LOG (gmm-acc-mllt[5.2.132~9-82686]:main():gmm-acc-mllt.cc:108) Average like for this file is -42.3405 over 41 frames.
LOG (gmm-acc-mllt[5.2.132~9-82686]:main():gmm-acc-mllt.cc:114) Avg like per frame so far is -50.4829
LOG (gmm-acc-mllt[5.2.132~9-82686]:main():gmm-acc-mllt.cc:108) Average like for this file is -35.2143 over 56 frames.
LOG (gmm-acc-mllt[5.2.132~9-82686]:main():gmm-acc-mllt.cc:108) Average like for this file is -33.9671 over 57 frames.
LOG (gmm-acc-mllt[5.2.132~9-82686]:main():gmm-acc-mllt.cc:108) Average like for this file is -41.8126 over 20 frames.
LOG (gmm-acc-mllt[5.2.132~9-82686]:main():gmm-acc-mllt.cc:108) Average like for this file is -37.4751 over 30 frames.
LOG (gmm-acc-mllt[5.2.132~9-82686]:main():gmm-acc-mllt.cc:108) Average like for this file is -31.3805 over 29 frames.
LOG (gmm-acc-mllt[5.2.132~9-82686]:main():gmm-acc-mllt.cc:108) Average like for this file is -39.3555 over 21 frames.
LOG (gmm-acc-mllt[5.2.132~9-82686]:main():gmm-acc-mllt.cc:108) Average like for this file is -44.7646 over 26 frames.
LOG (gmm-acc-mllt[5.2.132~9-82686]:main():gmm-acc-mllt.cc:108) Average like for this file is -43.5441 over 23 frames.
LOG (gmm-acc-mllt[5.2.132~9-82686]:main():gmm-acc-mllt.cc:108) Average like for this file is -42.0856 over 18 frames.
LOG (gmm-acc-mllt[5.2.132~9-82686]:main():gmm-acc-mllt.cc:108) Average like for this file is -41.1132 over 20 frames.
LOG (gmm-acc-mllt[5.2.132~9-82686]:main():gmm-acc-mllt.cc:114) Avg like per frame so far is -50.2612
LOG (gmm-acc-mllt[5.2.132~9-82686]:main():gmm-acc-mllt.cc:108) Average like for this file is -54.7271 over 54 frames.
LOG (gmm-acc-mllt[5.2.132~9-82686]:main():gmm-acc-mllt.cc:108) Average like for this file is -55.4798 over 38 frames.
LOG (gmm-acc-mllt[5.2.132~9-82686]:main():gmm-acc-mllt.cc:108) Average like for this file is -58.0009 over 25 frames.
LOG (gmm-acc-mllt[5.2.132~9-82686]:main():gmm-acc-mllt.cc:108) Average like for this file is -48.549 over 53 frames.
LOG (gmm-acc-mllt[5.2.132~9-82686]:main():gmm-acc-mllt.cc:108) Average like for this file is -51.3174 over 48 frames.
LOG (gmm-acc-mllt[5.2.132~9-82686]:main():gmm-acc-mllt.cc:108) Average like for this file is -42.2814 over 44 frames.
LOG (gmm-acc-mllt[5.2.132~9-82686]:main():gmm-acc-mllt.cc:108) Average like for this file is -59.5118 over 23 frames.
LOG (gmm-acc-mllt[5.2.132~9-82686]:main():gmm-acc-mllt.cc:108) Average like for this file is -50.7684 over 30 frames.
LOG (gmm-acc-mllt[5.2.132~9-82686]:main():gmm-acc-mllt.cc:108) Average like for this file is -47.033 over 29 frames.
LOG (gmm-acc-mllt[5.2.132~9-82686]:main():gmm-acc-mllt.cc:108) Average like for this file is -32.7309 over 55 frames.
LOG (gmm-acc-mllt[5.2.132~9-82686]:main():gmm-acc-mllt.cc:114) Avg like per frame so far is -50.2277
LOG (gmm-acc-mllt[5.2.132~9-82686]:main():gmm-acc-mllt.cc:108) Average like for this file is -34.1865 over 50 frames.
LOG (gmm-acc-mllt[5.2.132~9-82686]:main():gmm-acc-mllt.cc:108) Average like for this file is -45.4174 over 41 frames.
LOG (gmm-acc-mllt[5.2.132~9-82686]:main():gmm-acc-mllt.cc:108) Average like for this file is -46.7849 over 41 frames.
LOG (gmm-acc-mllt[5.2.132~9-82686]:main():gmm-acc-mllt.cc:108) Average like for this file is -45.2271 over 44 frames.
LOG (gmm-acc-mllt[5.2.132~9-82686]:main():gmm-acc-mllt.cc:108) Average like for this file is -54.012 over 32 frames.
LOG (gmm-acc-mllt[5.2.132~9-82686]:main():gmm-acc-mllt.cc:108) Average like for this file is -52.3484 over 34 frames.
LOG (gmm-acc-mllt[5.2.132~9-82686]:main():gmm-acc-mllt.cc:108) Average like for this file is -46.8448 over 34 frames.
LOG (gmm-acc-mllt[5.2.132~9-82686]:main():gmm-acc-mllt.cc:108) Average like for this file is -41.1291 over 29 frames.
LOG (gmm-acc-mllt[5.2.132~9-82686]:main():gmm-acc-mllt.cc:108) Average like for this file is -42.8692 over 32 frames.
LOG (gmm-acc-mllt[5.2.132~9-82686]:main():gmm-acc-mllt.cc:108) Average like for this file is -50.8471 over 26 frames.
LOG (gmm-acc-mllt[5.2.132~9-82686]:main():gmm-acc-mllt.cc:114) Avg like per frame so far is -50.1289
LOG (gmm-acc-mllt[5.2.132~9-82686]:main():gmm-acc-mllt.cc:108) Average like for this file is -42.4446 over 32 frames.
LOG (gmm-acc-mllt[5.2.132~9-82686]:main():gmm-acc-mllt.cc:108) Average like for this file is -45.999 over 28 frames.
LOG (gmm-acc-mllt[5.2.132~9-82686]:main():gmm-acc-mllt.cc:108) Average like for this file is -46.4863 over 34 frames.
LOG (gmm-acc-mllt[5.2.132~9-82686]:main():gmm-acc-mllt.cc:108) Average like for this file is -43.3878 over 30 frames.
LOG (gmm-acc-mllt[5.2.132~9-82686]:main():gmm-acc-mllt.cc:108) Average like for this file is -41.8362 over 20 frames.
LOG (gmm-acc-mllt[5.2.132~9-82686]:main():gmm-acc-mllt.cc:108) Average like for this file is -45.2247 over 27 frames.
LOG (gmm-acc-mllt[5.2.132~9-82686]:main():gmm-acc-mllt.cc:108) Average like for this file is -50.3343 over 60 frames.
LOG (gmm-acc-mllt[5.2.132~9-82686]:main():gmm-acc-mllt.cc:108) Average like for this file is -58.2658 over 33 frames.
LOG (gmm-acc-mllt[5.2.132~9-82686]:main():gmm-acc-mllt.cc:108) Average like for this file is -40.2536 over 54 frames.
LOG (gmm-acc-mllt[5.2.132~9-82686]:main():gmm-acc-mllt.cc:108) Average like for this file is -48.8551 over 31 frames.
LOG (gmm-acc-mllt[5.2.132~9-82686]:main():gmm-acc-mllt.cc:114) Avg like per frame so far is -50.0588
LOG (gmm-acc-mllt[5.2.132~9-82686]:main():gmm-acc-mllt.cc:108) Average like for this file is -52.9875 over 49 frames.
LOG (gmm-acc-mllt[5.2.132~9-82686]:main():gmm-acc-mllt.cc:108) Average like for this file is -44.6766 over 29 frames.
LOG (gmm-acc-mllt[5.2.132~9-82686]:main():gmm-acc-mllt.cc:108) Average like for this file is -45.1759 over 34 frames.
LOG (gmm-acc-mllt[5.2.132~9-82686]:main():gmm-acc-mllt.cc:108) Average like for this file is -44.772 over 43 frames.
LOG (gmm-acc-mllt[5.2.132~9-82686]:main():gmm-acc-mllt.cc:108) Average like for this file is -44.7252 over 43 frames.
LOG (gmm-acc-mllt[5.2.132~9-82686]:main():gmm-acc-mllt.cc:108) Average like for this file is -56.0429 over 41 frames.
LOG (gmm-acc-mllt[5.2.132~9-82686]:main():gmm-acc-mllt.cc:108) Average like for this file is -53.6009 over 45 frames.
LOG (gmm-acc-mllt[5.2.132~9-82686]:main():gmm-acc-mllt.cc:108) Average like for this file is -52.8181 over 52 frames.
LOG (gmm-acc-mllt[5.2.132~9-82686]:main():gmm-acc-mllt.cc:108) Average like for this file is -44.6176 over 32 frames.
LOG (gmm-acc-mllt[5.2.132~9-82686]:main():gmm-acc-mllt.cc:108) Average like for this file is -47.4032 over 28 frames.
LOG (gmm-acc-mllt[5.2.132~9-82686]:main():gmm-acc-mllt.cc:114) Avg like per frame so far is -50.0408
LOG (gmm-acc-mllt[5.2.132~9-82686]:main():gmm-acc-mllt.cc:108) Average like for this file is -45.1381 over 31 frames.
LOG (gmm-acc-mllt[5.2.132~9-82686]:main():gmm-acc-mllt.cc:108) Average like for this file is -47.798 over 31 frames.
LOG (gmm-acc-mllt[5.2.132~9-82686]:main():gmm-acc-mllt.cc:108) Average like for this file is -41.6991 over 97 frames.
LOG (gmm-acc-mllt[5.2.132~9-82686]:main():gmm-acc-mllt.cc:108) Average like for this file is -42.364 over 73 frames.
LOG (gmm-acc-mllt[5.2.132~9-82686]:main():gmm-acc-mllt.cc:108) Average like for this file is -43.402 over 67 frames.
LOG (gmm-acc-mllt[5.2.132~9-82686]:main():gmm-acc-mllt.cc:108) Average like for this file is -41.7522 over 25 frames.
LOG (gmm-acc-mllt[5.2.132~9-82686]:main():gmm-acc-mllt.cc:108) Average like for this file is -50.9571 over 26 frames.
LOG (gmm-acc-mllt[5.2.132~9-82686]:main():gmm-acc-mllt.cc:108) Average like for this file is -48.5466 over 24 frames.
LOG (gmm-acc-mllt[5.2.132~9-82686]:main():gmm-acc-mllt.cc:108) Average like for this file is -42.9043 over 35 frames.
LOG (gmm-acc-mllt[5.2.132~9-82686]:main():gmm-acc-mllt.cc:108) Average like for this file is -45.8154 over 30 frames.
LOG (gmm-acc-mllt[5.2.132~9-82686]:main():gmm-acc-mllt.cc:114) Avg like per frame so far is -49.9027
LOG (gmm-acc-mllt[5.2.132~9-82686]:main():gmm-acc-mllt.cc:108) Average like for this file is -46.3562 over 37 frames.
LOG (gmm-acc-mllt[5.2.132~9-82686]:main():gmm-acc-mllt.cc:108) Average like for this file is -39.9969 over 45 frames.
LOG (gmm-acc-mllt[5.2.132~9-82686]:main():gmm-acc-mllt.cc:108) Average like for this file is -48.2066 over 37 frames.
LOG (gmm-acc-mllt[5.2.132~9-82686]:main():gmm-acc-mllt.cc:108) Average like for this file is -64.4437 over 27 frames.
LOG (gmm-acc-mllt[5.2.132~9-82686]:main():gmm-acc-mllt.cc:108) Average like for this file is -67.5901 over 22 frames.
LOG (gmm-acc-mllt[5.2.132~9-82686]:main():gmm-acc-mllt.cc:108) Average like for this file is -65.429 over 15 frames.
LOG (gmm-acc-mllt[5.2.132~9-82686]:main():gmm-acc-mllt.cc:108) Average like for this file is -45.3483 over 33 frames.
LOG (gmm-acc-mllt[5.2.132~9-82686]:main():gmm-acc-mllt.cc:108) Average like for this file is -52.538 over 23 frames.
LOG (gmm-acc-mllt[5.2.132~9-82686]:main():gmm-acc-mllt.cc:108) Average like for this file is -42.434 over 20 frames.
LOG (gmm-acc-mllt[5.2.132~9-82686]:main():gmm-acc-mllt.cc:108) Average like for this file is -44.6078 over 22 frames.
LOG (gmm-acc-mllt[5.2.132~9-82686]:main():gmm-acc-mllt.cc:114) Avg like per frame so far is -49.9037
LOG (gmm-acc-mllt[5.2.132~9-82686]:main():gmm-acc-mllt.cc:108) Average like for this file is -44.9252 over 25 frames.
LOG (gmm-acc-mllt[5.2.132~9-82686]:main():gmm-acc-mllt.cc:108) Average like for this file is -50.3818 over 18 frames.
LOG (gmm-acc-mllt[5.2.132~9-82686]:main():gmm-acc-mllt.cc:108) Average like for this file is -43.8021 over 27 frames.
LOG (gmm-acc-mllt[5.2.132~9-82686]:main():gmm-acc-mllt.cc:108) Average like for this file is -45.3065 over 18 frames.
LOG (gmm-acc-mllt[5.2.132~9-82686]:main():gmm-acc-mllt.cc:108) Average like for this file is -48.8213 over 21 frames.
LOG (gmm-acc-mllt[5.2.132~9-82686]:main():gmm-acc-mllt.cc:108) Average like for this file is -46.2629 over 37 frames.
LOG (gmm-acc-mllt[5.2.132~9-82686]:main():gmm-acc-mllt.cc:108) Average like for this file is -48.9916 over 19 frames.
LOG (gmm-acc-mllt[5.2.132~9-82686]:main():gmm-acc-mllt.cc:108) Average like for this file is -48.4146 over 23 frames.
LOG (gmm-acc-mllt[5.2.132~9-82686]:main():gmm-acc-mllt.cc:108) Average like for this file is -39.4791 over 34 frames.
LOG (gmm-acc-mllt[5.2.132~9-82686]:main():gmm-acc-mllt.cc:108) Average like for this file is -49.1514 over 25 frames.
LOG (gmm-acc-mllt[5.2.132~9-82686]:main():gmm-acc-mllt.cc:114) Avg like per frame so far is -49.8554
LOG (gmm-acc-mllt[5.2.132~9-82686]:main():gmm-acc-mllt.cc:108) Average like for this file is -41.5016 over 36 frames.
LOG (gmm-acc-mllt[5.2.132~9-82686]:main():gmm-acc-mllt.cc:108) Average like for this file is -45.6636 over 25 frames.
LOG (gmm-acc-mllt[5.2.132~9-82686]:main():gmm-acc-mllt.cc:108) Average like for this file is -44.9594 over 21 frames.
LOG (gmm-acc-mllt[5.2.132~9-82686]:main():gmm-acc-mllt.cc:108) Average like for this file is -48.8525 over 25 frames.
LOG (gmm-acc-mllt[5.2.132~9-82686]:main():gmm-acc-mllt.cc:108) Average like for this file is -45.5864 over 25 frames.
LOG (gmm-acc-mllt[5.2.132~9-82686]:main():gmm-acc-mllt.cc:108) Average like for this file is -51.3173 over 17 frames.
LOG (gmm-acc-mllt[5.2.132~9-82686]:main():gmm-acc-mllt.cc:108) Average like for this file is -52.1227 over 20 frames.
LOG (gmm-acc-mllt[5.2.132~9-82686]:main():gmm-acc-mllt.cc:108) Average like for this file is -45.513 over 20 frames.
LOG (gmm-acc-mllt[5.2.132~9-82686]:main():gmm-acc-mllt.cc:108) Average like for this file is -52.9993 over 27 frames.
LOG (gmm-acc-mllt[5.2.132~9-82686]:main():gmm-acc-mllt.cc:108) Average like for this file is -51.9716 over 19 frames.
LOG (gmm-acc-mllt[5.2.132~9-82686]:main():gmm-acc-mllt.cc:114) Avg like per frame so far is -49.8286
LOG (gmm-acc-mllt[5.2.132~9-82686]:main():gmm-acc-mllt.cc:108) Average like for this file is -49.2955 over 52 frames.
LOG (gmm-acc-mllt[5.2.132~9-82686]:main():gmm-acc-mllt.cc:108) Average like for this file is -48.9188 over 64 frames.
LOG (gmm-acc-mllt[5.2.132~9-82686]:main():gmm-acc-mllt.cc:108) Average like for this file is -51.941 over 25 frames.
LOG (gmm-acc-mllt[5.2.132~9-82686]:main():gmm-acc-mllt.cc:108) Average like for this file is -44.6186 over 48 frames.
LOG (gmm-acc-mllt[5.2.132~9-82686]:main():gmm-acc-mllt.cc:108) Average like for this file is -47.3209 over 52 frames.
LOG (gmm-acc-mllt[5.2.132~9-82686]:main():gmm-acc-mllt.cc:108) Average like for this file is -56.7267 over 46 frames.
LOG (gmm-acc-mllt[5.2.132~9-82686]:main():gmm-acc-mllt.cc:108) Average like for this file is -36.1871 over 51 frames.
LOG (gmm-acc-mllt[5.2.132~9-82686]:main():gmm-acc-mllt.cc:108) Average like for this file is -46.4279 over 54 frames.
LOG (gmm-acc-mllt[5.2.132~9-82686]:main():gmm-acc-mllt.cc:108) Average like for this file is -49.3314 over 32 frames.
LOG (gmm-acc-mllt[5.2.132~9-82686]:main():gmm-acc-mllt.cc:108) Average like for this file is -49.0488 over 19 frames.
LOG (gmm-acc-mllt[5.2.132~9-82686]:main():gmm-acc-mllt.cc:114) Avg like per frame so far is -49.779
LOG (gmm-acc-mllt[5.2.132~9-82686]:main():gmm-acc-mllt.cc:108) Average like for this file is -47.129 over 22 frames.
LOG (gmm-acc-mllt[5.2.132~9-82686]:main():gmm-acc-mllt.cc:108) Average like for this file is -51.4801 over 21 frames.
LOG (gmm-acc-mllt[5.2.132~9-82686]:main():gmm-acc-mllt.cc:108) Average like for this file is -47.3609 over 26 frames.
LOG (gmm-acc-mllt[5.2.132~9-82686]:main():gmm-acc-mllt.cc:108) Average like for this file is -56.313 over 26 frames.
LOG (gmm-acc-mllt[5.2.132~9-82686]:main():gmm-acc-mllt.cc:108) Average like for this file is -44.0969 over 24 frames.
LOG (gmm-acc-mllt[5.2.132~9-82686]:main():gmm-acc-mllt.cc:108) Average like for this file is -42.8335 over 36 frames.
LOG (gmm-acc-mllt[5.2.132~9-82686]:main():gmm-acc-mllt.cc:108) Average like for this file is -41.8751 over 29 frames.
LOG (gmm-acc-mllt[5.2.132~9-82686]:main():gmm-acc-mllt.cc:108) Average like for this file is -46.6108 over 23 frames.
LOG (gmm-acc-mllt[5.2.132~9-82686]:main():gmm-acc-mllt.cc:108) Average like for this file is -57.5708 over 26 frames.
LOG (gmm-acc-mllt[5.2.132~9-82686]:main():gmm-acc-mllt.cc:108) Average like for this file is -45.6782 over 33 frames.
LOG (gmm-acc-mllt[5.2.132~9-82686]:main():gmm-acc-mllt.cc:114) Avg like per frame so far is -49.7528
LOG (gmm-acc-mllt[5.2.132~9-82686]:main():gmm-acc-mllt.cc:108) Average like for this file is -43.6867 over 28 frames.
LOG (gmm-acc-mllt[5.2.132~9-82686]:main():gmm-acc-mllt.cc:108) Average like for this file is -44.6662 over 31 frames.
LOG (gmm-acc-mllt[5.2.132~9-82686]:main():gmm-acc-mllt.cc:108) Average like for this file is -42.7844 over 28 frames.
LOG (weight-silence-post[5.2.132~9-82686]:main():weight-silence-post.cc:95) Done 689 posteriors.
LOG (gmm-acc-mllt[5.2.132~9-82686]:main():gmm-acc-mllt.cc:108) Average like for this file is -51.2345 over 38 frames.
LOG (gmm-acc-mllt[5.2.132~9-82686]:main():gmm-acc-mllt.cc:108) Average like for this file is -53.237 over 30 frames.
LOG (gmm-acc-mllt[5.2.132~9-82686]:main():gmm-acc-mllt.cc:108) Average like for this file is -55.3471 over 32 frames.
LOG (gmm-acc-mllt[5.2.132~9-82686]:main():gmm-acc-mllt.cc:108) Average like for this file is -58.4737 over 28 frames.
LOG (gmm-acc-mllt[5.2.132~9-82686]:main():gmm-acc-mllt.cc:108) Average like for this file is -49.3781 over 32 frames.
LOG (gmm-acc-mllt[5.2.132~9-82686]:main():gmm-acc-mllt.cc:108) Average like for this file is -48.7055 over 48 frames.
LOG (gmm-acc-mllt[5.2.132~9-82686]:main():gmm-acc-mllt.cc:108) Average like for this file is -51.3729 over 59 frames.
LOG (gmm-acc-mllt[5.2.132~9-82686]:main():gmm-acc-mllt.cc:114) Avg like per frame so far is -49.7573
LOG (gmm-acc-mllt[5.2.132~9-82686]:main():gmm-acc-mllt.cc:108) Average like for this file is -44.171 over 50 frames.
LOG (gmm-acc-mllt[5.2.132~9-82686]:main():gmm-acc-mllt.cc:108) Average like for this file is -51.5528 over 22 frames.
LOG (gmm-acc-mllt[5.2.132~9-82686]:main():gmm-acc-mllt.cc:108) Average like for this file is -58.2958 over 26 frames.
LOG (gmm-acc-mllt[5.2.132~9-82686]:main():gmm-acc-mllt.cc:108) Average like for this file is -58.7862 over 33 frames.
LOG (gmm-acc-mllt[5.2.132~9-82686]:main():gmm-acc-mllt.cc:108) Average like for this file is -54.3682 over 50 frames.
LOG (gmm-acc-mllt[5.2.132~9-82686]:main():gmm-acc-mllt.cc:108) Average like for this file is -56.2555 over 45 frames.
LOG (gmm-acc-mllt[5.2.132~9-82686]:main():gmm-acc-mllt.cc:108) Average like for this file is -41.6701 over 46 frames.
LOG (gmm-acc-mllt[5.2.132~9-82686]:main():gmm-acc-mllt.cc:108) Average like for this file is -51.715 over 27 frames.
LOG (gmm-acc-mllt[5.2.132~9-82686]:main():gmm-acc-mllt.cc:108) Average like for this file is -52.998 over 23 frames.
LOG (gmm-acc-mllt[5.2.132~9-82686]:main():gmm-acc-mllt.cc:108) Average like for this file is -51.5376 over 36 frames.
LOG (gmm-acc-mllt[5.2.132~9-82686]:main():gmm-acc-mllt.cc:114) Avg like per frame so far is -49.7867
LOG (gmm-acc-mllt[5.2.132~9-82686]:main():gmm-acc-mllt.cc:108) Average like for this file is -54.9162 over 30 frames.
LOG (gmm-acc-mllt[5.2.132~9-82686]:main():gmm-acc-mllt.cc:108) Average like for this file is -50.4455 over 27 frames.
LOG (gmm-acc-mllt[5.2.132~9-82686]:main():gmm-acc-mllt.cc:108) Average like for this file is -39.4308 over 46 frames.
LOG (gmm-acc-mllt[5.2.132~9-82686]:main():gmm-acc-mllt.cc:108) Average like for this file is -54.7756 over 23 frames.
LOG (gmm-acc-mllt[5.2.132~9-82686]:main():gmm-acc-mllt.cc:108) Average like for this file is -64.2717 over 25 frames.
LOG (gmm-acc-mllt[5.2.132~9-82686]:main():gmm-acc-mllt.cc:108) Average like for this file is -52.9769 over 27 frames.
LOG (gmm-acc-mllt[5.2.132~9-82686]:main():gmm-acc-mllt.cc:108) Average like for this file is -48.4609 over 33 frames.
LOG (gmm-acc-mllt[5.2.132~9-82686]:main():gmm-acc-mllt.cc:108) Average like for this file is -50.9185 over 32 frames.
LOG (gmm-acc-mllt[5.2.132~9-82686]:main():gmm-acc-mllt.cc:108) Average like for this file is -50.3673 over 31 frames.
LOG (gmm-acc-mllt[5.2.132~9-82686]:main():gmm-acc-mllt.cc:108) Average like for this file is -47.5483 over 45 frames.
LOG (gmm-acc-mllt[5.2.132~9-82686]:main():gmm-acc-mllt.cc:114) Avg like per frame so far is -49.7944
LOG (gmm-acc-mllt[5.2.132~9-82686]:main():gmm-acc-mllt.cc:108) Average like for this file is -42.2311 over 58 frames.
LOG (gmm-acc-mllt[5.2.132~9-82686]:main():gmm-acc-mllt.cc:108) Average like for this file is -43.6042 over 53 frames.
LOG (gmm-acc-mllt[5.2.132~9-82686]:main():gmm-acc-mllt.cc:108) Average like for this file is -57.5184 over 30 frames.
LOG (gmm-acc-mllt[5.2.132~9-82686]:main():gmm-acc-mllt.cc:108) Average like for this file is -57.7006 over 29 frames.
LOG (gmm-acc-mllt[5.2.132~9-82686]:main():gmm-acc-mllt.cc:108) Average like for this file is -37.3826 over 48 frames.
LOG (gmm-acc-mllt[5.2.132~9-82686]:main():gmm-acc-mllt.cc:108) Average like for this file is -51.1438 over 32 frames.
LOG (gmm-acc-mllt[5.2.132~9-82686]:main():gmm-acc-mllt.cc:108) Average like for this file is -52.9508 over 56 frames.
LOG (gmm-acc-mllt[5.2.132~9-82686]:main():gmm-acc-mllt.cc:108) Average like for this file is -60.6665 over 36 frames.
LOG (gmm-acc-mllt[5.2.132~9-82686]:main():gmm-acc-mllt.cc:108) Average like for this file is -43.7961 over 36 frames.
LOG (gmm-acc-mllt[5.2.132~9-82686]:main():gmm-acc-mllt.cc:108) Average like for this file is -50.5177 over 36 frames.
LOG (gmm-acc-mllt[5.2.132~9-82686]:main():gmm-acc-mllt.cc:114) Avg like per frame so far is -49.7726
LOG (gmm-acc-mllt[5.2.132~9-82686]:main():gmm-acc-mllt.cc:108) Average like for this file is -50.9942 over 36 frames.
LOG (gmm-acc-mllt[5.2.132~9-82686]:main():gmm-acc-mllt.cc:108) Average like for this file is -49.6745 over 43 frames.
LOG (gmm-acc-mllt[5.2.132~9-82686]:main():gmm-acc-mllt.cc:108) Average like for this file is -55.0695 over 39 frames.
LOG (gmm-acc-mllt[5.2.132~9-82686]:main():gmm-acc-mllt.cc:108) Average like for this file is -53.2951 over 46 frames.
LOG (gmm-acc-mllt[5.2.132~9-82686]:main():gmm-acc-mllt.cc:108) Average like for this file is -56.1226 over 47 frames.
LOG (gmm-acc-mllt[5.2.132~9-82686]:main():gmm-acc-mllt.cc:108) Average like for this file is -55.6983 over 42 frames.
LOG (gmm-acc-mllt[5.2.132~9-82686]:main():gmm-acc-mllt.cc:108) Average like for this file is -58.121 over 38 frames.
LOG (gmm-acc-mllt[5.2.132~9-82686]:main():gmm-acc-mllt.cc:108) Average like for this file is -52.5733 over 33 frames.
LOG (gmm-acc-mllt[5.2.132~9-82686]:main():gmm-acc-mllt.cc:108) Average like for this file is -47.8597 over 39 frames.
LOG (gmm-acc-mllt[5.2.132~9-82686]:main():gmm-acc-mllt.cc:108) Average like for this file is -49.3245 over 33 frames.
LOG (gmm-acc-mllt[5.2.132~9-82686]:main():gmm-acc-mllt.cc:114) Avg like per frame so far is -49.8296
LOG (gmm-acc-mllt[5.2.132~9-82686]:main():gmm-acc-mllt.cc:108) Average like for this file is -49.3009 over 30 frames.
LOG (gmm-acc-mllt[5.2.132~9-82686]:main():gmm-acc-mllt.cc:108) Average like for this file is -49.0851 over 35 frames.
LOG (gmm-acc-mllt[5.2.132~9-82686]:main():gmm-acc-mllt.cc:108) Average like for this file is -43.6531 over 64 frames.
LOG (gmm-acc-mllt[5.2.132~9-82686]:main():gmm-acc-mllt.cc:108) Average like for this file is -50.5935 over 55 frames.
LOG (apply-cmvn[5.2.132~9-82686]:main():apply-cmvn.cc:162) Applied cepstral mean normalization to 689 utterances, errors on 0
LOG (gmm-acc-mllt[5.2.132~9-82686]:main():gmm-acc-mllt.cc:108) Average like for this file is -50.8784 over 50 frames.
LOG (gmm-acc-mllt[5.2.132~9-82686]:main():gmm-acc-mllt.cc:108) Average like for this file is -53.4739 over 42 frames.
LOG (gmm-acc-mllt[5.2.132~9-82686]:main():gmm-acc-mllt.cc:108) Average like for this file is -54.9447 over 24 frames.
LOG (gmm-acc-mllt[5.2.132~9-82686]:main():gmm-acc-mllt.cc:108) Average like for this file is -46.4591 over 43 frames.
LOG (gmm-acc-mllt[5.2.132~9-82686]:main():gmm-acc-mllt.cc:108) Average like for this file is -51.0858 over 31 frames.
LOG (gmm-acc-mllt[5.2.132~9-82686]:main():gmm-acc-mllt.cc:108) Average like for this file is -43.1711 over 43 frames.
LOG (gmm-acc-mllt[5.2.132~9-82686]:main():gmm-acc-mllt.cc:114) Avg like per frame so far is -49.8095
LOG (gmm-acc-mllt[5.2.132~9-82686]:main():gmm-acc-mllt.cc:108) Average like for this file is -49.6173 over 32 frames.
LOG (gmm-acc-mllt[5.2.132~9-82686]:main():gmm-acc-mllt.cc:108) Average like for this file is -44.7645 over 52 frames.
LOG (gmm-acc-mllt[5.2.132~9-82686]:main():gmm-acc-mllt.cc:108) Average like for this file is -40.8257 over 50 frames.
LOG (gmm-acc-mllt[5.2.132~9-82686]:main():gmm-acc-mllt.cc:108) Average like for this file is -46.8501 over 38 frames.
LOG (gmm-acc-mllt[5.2.132~9-82686]:main():gmm-acc-mllt.cc:108) Average like for this file is -52.9247 over 25 frames.
LOG (gmm-acc-mllt[5.2.132~9-82686]:main():gmm-acc-mllt.cc:108) Average like for this file is -50.0774 over 23 frames.
LOG (gmm-acc-mllt[5.2.132~9-82686]:main():gmm-acc-mllt.cc:108) Average like for this file is -55.0245 over 24 frames.
LOG (gmm-acc-mllt[5.2.132~9-82686]:main():gmm-acc-mllt.cc:108) Average like for this file is -54.4402 over 18 frames.
LOG (gmm-acc-mllt[5.2.132~9-82686]:main():gmm-acc-mllt.cc:108) Average like for this file is -50.2854 over 33 frames.
LOG (gmm-acc-mllt[5.2.132~9-82686]:main():gmm-acc-mllt.cc:108) Average like for this file is -46.043 over 18 frames.
LOG (gmm-acc-mllt[5.2.132~9-82686]:main():gmm-acc-mllt.cc:114) Avg like per frame so far is -49.784
LOG (gmm-acc-mllt[5.2.132~9-82686]:main():gmm-acc-mllt.cc:108) Average like for this file is -49.5095 over 16 frames.
LOG (gmm-acc-mllt[5.2.132~9-82686]:main():gmm-acc-mllt.cc:108) Average like for this file is -51.4826 over 20 frames.
LOG (gmm-acc-mllt[5.2.132~9-82686]:main():gmm-acc-mllt.cc:108) Average like for this file is -48.5304 over 26 frames.
LOG (gmm-acc-mllt[5.2.132~9-82686]:main():gmm-acc-mllt.cc:108) Average like for this file is -46.0012 over 32 frames.
LOG (gmm-acc-mllt[5.2.132~9-82686]:main():gmm-acc-mllt.cc:108) Average like for this file is -56.0037 over 14 frames.
LOG (gmm-acc-mllt[5.2.132~9-82686]:main():gmm-acc-mllt.cc:108) Average like for this file is -54.2465 over 15 frames.
LOG (gmm-acc-mllt[5.2.132~9-82686]:main():gmm-acc-mllt.cc:108) Average like for this file is -60.0698 over 18 frames.
LOG (gmm-acc-mllt[5.2.132~9-82686]:main():gmm-acc-mllt.cc:108) Average like for this file is -44.8594 over 21 frames.
LOG (gmm-acc-mllt[5.2.132~9-82686]:main():gmm-acc-mllt.cc:108) Average like for this file is -36.8171 over 44 frames.
LOG (gmm-acc-mllt[5.2.132~9-82686]:main():gmm-acc-mllt.cc:108) Average like for this file is -50.6446 over 24 frames.
LOG (gmm-acc-mllt[5.2.132~9-82686]:main():gmm-acc-mllt.cc:114) Avg like per frame so far is -49.7652
LOG (gmm-acc-mllt[5.2.132~9-82686]:main():gmm-acc-mllt.cc:108) Average like for this file is -48.9111 over 31 frames.
LOG (gmm-acc-mllt[5.2.132~9-82686]:main():gmm-acc-mllt.cc:108) Average like for this file is -48.5227 over 32 frames.
LOG (gmm-acc-mllt[5.2.132~9-82686]:main():gmm-acc-mllt.cc:108) Average like for this file is -41.0636 over 42 frames.
LOG (gmm-acc-mllt[5.2.132~9-82686]:main():gmm-acc-mllt.cc:108) Average like for this file is -48.2173 over 25 frames.
LOG (gmm-acc-mllt[5.2.132~9-82686]:main():gmm-acc-mllt.cc:108) Average like for this file is -48.1628 over 29 frames.
LOG (gmm-acc-mllt[5.2.132~9-82686]:main():gmm-acc-mllt.cc:108) Average like for this file is -47.7407 over 27 frames.
LOG (gmm-acc-mllt[5.2.132~9-82686]:main():gmm-acc-mllt.cc:108) Average like for this file is -52.4124 over 18 frames.
LOG (gmm-acc-mllt[5.2.132~9-82686]:main():gmm-acc-mllt.cc:108) Average like for this file is -48.9279 over 28 frames.
LOG (gmm-acc-mllt[5.2.132~9-82686]:main():gmm-acc-mllt.cc:108) Average like for this file is -45.2385 over 59 frames.
LOG (gmm-acc-mllt[5.2.132~9-82686]:main():gmm-acc-mllt.cc:108) Average like for this file is -54.7656 over 37 frames.
LOG (gmm-acc-mllt[5.2.132~9-82686]:main():gmm-acc-mllt.cc:114) Avg like per frame so far is -49.7386
LOG (gmm-acc-mllt[5.2.132~9-82686]:main():gmm-acc-mllt.cc:108) Average like for this file is -50.172 over 41 frames.
LOG (gmm-acc-mllt[5.2.132~9-82686]:main():gmm-acc-mllt.cc:108) Average like for this file is -58.8922 over 41 frames.
LOG (gmm-acc-mllt[5.2.132~9-82686]:main():gmm-acc-mllt.cc:108) Average like for this file is -57.3522 over 30 frames.
LOG (gmm-acc-mllt[5.2.132~9-82686]:main():gmm-acc-mllt.cc:108) Average like for this file is -51.8386 over 66 frames.
LOG (gmm-acc-mllt[5.2.132~9-82686]:main():gmm-acc-mllt.cc:108) Average like for this file is -56.0423 over 18 frames.
LOG (gmm-acc-mllt[5.2.132~9-82686]:main():gmm-acc-mllt.cc:108) Average like for this file is -52.9111 over 38 frames.
LOG (gmm-acc-mllt[5.2.132~9-82686]:main():gmm-acc-mllt.cc:108) Average like for this file is -49.5968 over 52 frames.
LOG (gmm-acc-mllt[5.2.132~9-82686]:main():gmm-acc-mllt.cc:108) Average like for this file is -47.011 over 34 frames.
LOG (gmm-acc-mllt[5.2.132~9-82686]:main():gmm-acc-mllt.cc:108) Average like for this file is -51.0477 over 27 frames.
LOG (gmm-acc-mllt[5.2.132~9-82686]:main():gmm-acc-mllt.cc:108) Average like for this file is -50.2359 over 28 frames.
LOG (gmm-acc-mllt[5.2.132~9-82686]:main():gmm-acc-mllt.cc:114) Avg like per frame so far is -49.7778
LOG (transform-feats[5.2.132~9-82686]:main():transform-feats.cc:158) Overall average [pseudo-]logdet is -84.3318 over 26003 frames.
LOG (transform-feats[5.2.132~9-82686]:main():transform-feats.cc:161) Applied transform to 689 utterances; 0 had errors.
LOG (gmm-acc-mllt[5.2.132~9-82686]:main():gmm-acc-mllt.cc:108) Average like for this file is -54.2327 over 33 frames.
LOG (gmm-acc-mllt[5.2.132~9-82686]:main():gmm-acc-mllt.cc:108) Average like for this file is -47.0774 over 32 frames.
LOG (gmm-acc-mllt[5.2.132~9-82686]:main():gmm-acc-mllt.cc:108) Average like for this file is -48.257 over 34 frames.
LOG (gmm-acc-mllt[5.2.132~9-82686]:main():gmm-acc-mllt.cc:108) Average like for this file is -52.8146 over 31 frames.
LOG (gmm-acc-mllt[5.2.132~9-82686]:main():gmm-acc-mllt.cc:108) Average like for this file is -53.2514 over 36 frames.
LOG (gmm-acc-mllt[5.2.132~9-82686]:main():gmm-acc-mllt.cc:108) Average like for this file is -55.602 over 29 frames.
LOG (gmm-acc-mllt[5.2.132~9-82686]:main():gmm-acc-mllt.cc:108) Average like for this file is -56.0649 over 31 frames.
LOG (gmm-acc-mllt[5.2.132~9-82686]:main():gmm-acc-mllt.cc:108) Average like for this file is -52.3257 over 38 frames.
LOG (gmm-acc-mllt[5.2.132~9-82686]:main():gmm-acc-mllt.cc:108) Average like for this file is -46.6603 over 25 frames.
LOG (gmm-acc-mllt[5.2.132~9-82686]:main():gmm-acc-mllt.cc:119) Done 689 files, 0 with no posteriors, 0 with other errors.
LOG (gmm-acc-mllt[5.2.132~9-82686]:main():gmm-acc-mllt.cc:123) Overall avg like per frame (Gaussian only) = -49.8029 over 24326 frames.
LOG (gmm-acc-mllt[5.2.132~9-82686]:main():gmm-acc-mllt.cc:127) Written accs.
# Accounting: time=1 threads=1
# Ended (code 0) at Thu Nov  9 13:50:32 NZDT 2017, elapsed time 1 seconds
