# ali-to-post "ark:gunzip -c exp/tri2b/ali.2.gz|" ark:- | weight-silence-post 0.0 1:2:3:4:5:6:7:8:9:10 exp/tri2b/12.mdl ark:- ark:- | gmm-acc-mllt --rand-prune=4.0 exp/tri2b/12.mdl "ark,s,cs:apply-cmvn  --utt2spk=ark:data/train/split4/2/utt2spk scp:data/train/split4/2/cmvn.scp scp:data/train/split4/2/feats.scp ark:- | splice-feats --left-context=3 --right-context=3 ark:- ark:- | transform-feats exp/tri2b/6.mat ark:- ark:- |" ark:- exp/tri2b/12.2.macc 
# Started at Thu Nov  9 13:50:31 NZDT 2017
#
ali-to-post 'ark:gunzip -c exp/tri2b/ali.2.gz|' ark:- 
weight-silence-post 0.0 1:2:3:4:5:6:7:8:9:10 exp/tri2b/12.mdl ark:- ark:- 
gmm-acc-mllt --rand-prune=4.0 exp/tri2b/12.mdl 'ark,s,cs:apply-cmvn  --utt2spk=ark:data/train/split4/2/utt2spk scp:data/train/split4/2/cmvn.scp scp:data/train/split4/2/feats.scp ark:- | splice-feats --left-context=3 --right-context=3 ark:- ark:- | transform-feats exp/tri2b/6.mat ark:- ark:- |' ark:- exp/tri2b/12.2.macc 
splice-feats --left-context=3 --right-context=3 ark:- ark:- 
apply-cmvn --utt2spk=ark:data/train/split4/2/utt2spk scp:data/train/split4/2/cmvn.scp scp:data/train/split4/2/feats.scp ark:- 
transform-feats exp/tri2b/6.mat ark:- ark:- 
LOG (gmm-acc-mllt[5.2.132~9-82686]:main():gmm-acc-mllt.cc:108) Average like for this file is -47.5623 over 38 frames.
LOG (gmm-acc-mllt[5.2.132~9-82686]:main():gmm-acc-mllt.cc:108) Average like for this file is -44.4009 over 35 frames.
LOG (gmm-acc-mllt[5.2.132~9-82686]:main():gmm-acc-mllt.cc:108) Average like for this file is -47.2748 over 32 frames.
LOG (gmm-acc-mllt[5.2.132~9-82686]:main():gmm-acc-mllt.cc:108) Average like for this file is -47.7844 over 30 frames.
LOG (gmm-acc-mllt[5.2.132~9-82686]:main():gmm-acc-mllt.cc:108) Average like for this file is -43.3266 over 38 frames.
LOG (gmm-acc-mllt[5.2.132~9-82686]:main():gmm-acc-mllt.cc:108) Average like for this file is -46.7792 over 31 frames.
LOG (gmm-acc-mllt[5.2.132~9-82686]:main():gmm-acc-mllt.cc:108) Average like for this file is -39.6014 over 38 frames.
LOG (gmm-acc-mllt[5.2.132~9-82686]:main():gmm-acc-mllt.cc:108) Average like for this file is -42.6646 over 40 frames.
LOG (gmm-acc-mllt[5.2.132~9-82686]:main():gmm-acc-mllt.cc:108) Average like for this file is -47.5681 over 39 frames.
LOG (gmm-acc-mllt[5.2.132~9-82686]:main():gmm-acc-mllt.cc:108) Average like for this file is -40.2246 over 51 frames.
LOG (gmm-acc-mllt[5.2.132~9-82686]:main():gmm-acc-mllt.cc:114) Avg like per frame so far is -44.4149
LOG (gmm-acc-mllt[5.2.132~9-82686]:main():gmm-acc-mllt.cc:108) Average like for this file is -39.75 over 39 frames.
LOG (gmm-acc-mllt[5.2.132~9-82686]:main():gmm-acc-mllt.cc:108) Average like for this file is -42.9735 over 42 frames.
LOG (gmm-acc-mllt[5.2.132~9-82686]:main():gmm-acc-mllt.cc:108) Average like for this file is -46.1399 over 42 frames.
LOG (gmm-acc-mllt[5.2.132~9-82686]:main():gmm-acc-mllt.cc:108) Average like for this file is -43.1425 over 41 frames.
LOG (gmm-acc-mllt[5.2.132~9-82686]:main():gmm-acc-mllt.cc:108) Average like for this file is -45.6596 over 37 frames.
LOG (gmm-acc-mllt[5.2.132~9-82686]:main():gmm-acc-mllt.cc:108) Average like for this file is -43.9088 over 46 frames.
LOG (gmm-acc-mllt[5.2.132~9-82686]:main():gmm-acc-mllt.cc:108) Average like for this file is -50.7955 over 35 frames.
LOG (gmm-acc-mllt[5.2.132~9-82686]:main():gmm-acc-mllt.cc:108) Average like for this file is -45.0771 over 52 frames.
LOG (gmm-acc-mllt[5.2.132~9-82686]:main():gmm-acc-mllt.cc:108) Average like for this file is -38.7211 over 64 frames.
LOG (gmm-acc-mllt[5.2.132~9-82686]:main():gmm-acc-mllt.cc:108) Average like for this file is -45.837 over 51 frames.
LOG (gmm-acc-mllt[5.2.132~9-82686]:main():gmm-acc-mllt.cc:114) Avg like per frame so far is -44.1304
LOG (gmm-acc-mllt[5.2.132~9-82686]:main():gmm-acc-mllt.cc:108) Average like for this file is -53.1817 over 62 frames.
LOG (gmm-acc-mllt[5.2.132~9-82686]:main():gmm-acc-mllt.cc:108) Average like for this file is -45.3613 over 58 frames.
LOG (gmm-acc-mllt[5.2.132~9-82686]:main():gmm-acc-mllt.cc:108) Average like for this file is -29.8882 over 58 frames.
LOG (gmm-acc-mllt[5.2.132~9-82686]:main():gmm-acc-mllt.cc:108) Average like for this file is -41.5708 over 49 frames.
LOG (gmm-acc-mllt[5.2.132~9-82686]:main():gmm-acc-mllt.cc:108) Average like for this file is -45.3831 over 28 frames.
LOG (gmm-acc-mllt[5.2.132~9-82686]:main():gmm-acc-mllt.cc:108) Average like for this file is -40.6519 over 26 frames.
LOG (gmm-acc-mllt[5.2.132~9-82686]:main():gmm-acc-mllt.cc:108) Average like for this file is -54.4155 over 52 frames.
LOG (gmm-acc-mllt[5.2.132~9-82686]:main():gmm-acc-mllt.cc:108) Average like for this file is -48.8177 over 65 frames.
LOG (gmm-acc-mllt[5.2.132~9-82686]:main():gmm-acc-mllt.cc:108) Average like for this file is -54.7288 over 68 frames.
LOG (gmm-acc-mllt[5.2.132~9-82686]:main():gmm-acc-mllt.cc:108) Average like for this file is -36.457 over 53 frames.
LOG (gmm-acc-mllt[5.2.132~9-82686]:main():gmm-acc-mllt.cc:114) Avg like per frame so far is -44.712
LOG (gmm-acc-mllt[5.2.132~9-82686]:main():gmm-acc-mllt.cc:108) Average like for this file is -61.3731 over 29 frames.
LOG (gmm-acc-mllt[5.2.132~9-82686]:main():gmm-acc-mllt.cc:108) Average like for this file is -53.3311 over 32 frames.
LOG (gmm-acc-mllt[5.2.132~9-82686]:main():gmm-acc-mllt.cc:108) Average like for this file is -54.518 over 54 frames.
LOG (gmm-acc-mllt[5.2.132~9-82686]:main():gmm-acc-mllt.cc:108) Average like for this file is -53.3076 over 59 frames.
LOG (gmm-acc-mllt[5.2.132~9-82686]:main():gmm-acc-mllt.cc:108) Average like for this file is -53.4377 over 33 frames.
LOG (gmm-acc-mllt[5.2.132~9-82686]:main():gmm-acc-mllt.cc:108) Average like for this file is -51.6559 over 34 frames.
LOG (gmm-acc-mllt[5.2.132~9-82686]:main():gmm-acc-mllt.cc:108) Average like for this file is -48.3026 over 36 frames.
LOG (gmm-acc-mllt[5.2.132~9-82686]:main():gmm-acc-mllt.cc:108) Average like for this file is -45.0845 over 39 frames.
LOG (gmm-acc-mllt[5.2.132~9-82686]:main():gmm-acc-mllt.cc:108) Average like for this file is -40.6012 over 41 frames.
LOG (gmm-acc-mllt[5.2.132~9-82686]:main():gmm-acc-mllt.cc:108) Average like for this file is -43.3728 over 40 frames.
LOG (gmm-acc-mllt[5.2.132~9-82686]:main():gmm-acc-mllt.cc:114) Avg like per frame so far is -46.0023
LOG (gmm-acc-mllt[5.2.132~9-82686]:main():gmm-acc-mllt.cc:108) Average like for this file is -41.2412 over 41 frames.
LOG (gmm-acc-mllt[5.2.132~9-82686]:main():gmm-acc-mllt.cc:108) Average like for this file is -49.4825 over 33 frames.
LOG (gmm-acc-mllt[5.2.132~9-82686]:main():gmm-acc-mllt.cc:108) Average like for this file is -46.2807 over 41 frames.
LOG (gmm-acc-mllt[5.2.132~9-82686]:main():gmm-acc-mllt.cc:108) Average like for this file is -45.7976 over 30 frames.
LOG (gmm-acc-mllt[5.2.132~9-82686]:main():gmm-acc-mllt.cc:108) Average like for this file is -48.7042 over 50 frames.
LOG (gmm-acc-mllt[5.2.132~9-82686]:main():gmm-acc-mllt.cc:108) Average like for this file is -36.0366 over 57 frames.
LOG (gmm-acc-mllt[5.2.132~9-82686]:main():gmm-acc-mllt.cc:108) Average like for this file is -38.4294 over 55 frames.
LOG (gmm-acc-mllt[5.2.132~9-82686]:main():gmm-acc-mllt.cc:108) Average like for this file is -49.6289 over 42 frames.
LOG (gmm-acc-mllt[5.2.132~9-82686]:main():gmm-acc-mllt.cc:108) Average like for this file is -54.5934 over 26 frames.
LOG (gmm-acc-mllt[5.2.132~9-82686]:main():gmm-acc-mllt.cc:108) Average like for this file is -50.5327 over 48 frames.
LOG (gmm-acc-mllt[5.2.132~9-82686]:main():gmm-acc-mllt.cc:114) Avg like per frame so far is -45.8489
LOG (gmm-acc-mllt[5.2.132~9-82686]:main():gmm-acc-mllt.cc:108) Average like for this file is -53.3274 over 35 frames.
LOG (gmm-acc-mllt[5.2.132~9-82686]:main():gmm-acc-mllt.cc:108) Average like for this file is -48.0907 over 53 frames.
LOG (gmm-acc-mllt[5.2.132~9-82686]:main():gmm-acc-mllt.cc:108) Average like for this file is -52.5396 over 36 frames.
LOG (gmm-acc-mllt[5.2.132~9-82686]:main():gmm-acc-mllt.cc:108) Average like for this file is -38.4674 over 57 frames.
LOG (gmm-acc-mllt[5.2.132~9-82686]:main():gmm-acc-mllt.cc:108) Average like for this file is -45.4043 over 28 frames.
LOG (gmm-acc-mllt[5.2.132~9-82686]:main():gmm-acc-mllt.cc:108) Average like for this file is -45.508 over 35 frames.
LOG (gmm-acc-mllt[5.2.132~9-82686]:main():gmm-acc-mllt.cc:108) Average like for this file is -44.6473 over 30 frames.
LOG (gmm-acc-mllt[5.2.132~9-82686]:main():gmm-acc-mllt.cc:108) Average like for this file is -47.9011 over 54 frames.
LOG (gmm-acc-mllt[5.2.132~9-82686]:main():gmm-acc-mllt.cc:108) Average like for this file is -46.8395 over 57 frames.
LOG (gmm-acc-mllt[5.2.132~9-82686]:main():gmm-acc-mllt.cc:108) Average like for this file is -43.2801 over 43 frames.
LOG (gmm-acc-mllt[5.2.132~9-82686]:main():gmm-acc-mllt.cc:114) Avg like per frame so far is -45.9251
LOG (gmm-acc-mllt[5.2.132~9-82686]:main():gmm-acc-mllt.cc:108) Average like for this file is -47.655 over 35 frames.
LOG (gmm-acc-mllt[5.2.132~9-82686]:main():gmm-acc-mllt.cc:108) Average like for this file is -41.7404 over 35 frames.
LOG (gmm-acc-mllt[5.2.132~9-82686]:main():gmm-acc-mllt.cc:108) Average like for this file is -43.7403 over 33 frames.
LOG (gmm-acc-mllt[5.2.132~9-82686]:main():gmm-acc-mllt.cc:108) Average like for this file is -44.6192 over 33 frames.
LOG (gmm-acc-mllt[5.2.132~9-82686]:main():gmm-acc-mllt.cc:108) Average like for this file is -44.3896 over 56 frames.
LOG (gmm-acc-mllt[5.2.132~9-82686]:main():gmm-acc-mllt.cc:108) Average like for this file is -49.9835 over 31 frames.
LOG (gmm-acc-mllt[5.2.132~9-82686]:main():gmm-acc-mllt.cc:108) Average like for this file is -49.0012 over 44 frames.
LOG (gmm-acc-mllt[5.2.132~9-82686]:main():gmm-acc-mllt.cc:108) Average like for this file is -44.2975 over 36 frames.
LOG (gmm-acc-mllt[5.2.132~9-82686]:main():gmm-acc-mllt.cc:108) Average like for this file is -43.6157 over 29 frames.
LOG (gmm-acc-mllt[5.2.132~9-82686]:main():gmm-acc-mllt.cc:108) Average like for this file is -51.2493 over 52 frames.
LOG (gmm-acc-mllt[5.2.132~9-82686]:main():gmm-acc-mllt.cc:114) Avg like per frame so far is -45.9672
LOG (gmm-acc-mllt[5.2.132~9-82686]:main():gmm-acc-mllt.cc:108) Average like for this file is -49.9747 over 56 frames.
LOG (gmm-acc-mllt[5.2.132~9-82686]:main():gmm-acc-mllt.cc:108) Average like for this file is -51.0852 over 41 frames.
LOG (gmm-acc-mllt[5.2.132~9-82686]:main():gmm-acc-mllt.cc:108) Average like for this file is -48.2845 over 80 frames.
LOG (gmm-acc-mllt[5.2.132~9-82686]:main():gmm-acc-mllt.cc:108) Average like for this file is -44.1154 over 69 frames.
LOG (gmm-acc-mllt[5.2.132~9-82686]:main():gmm-acc-mllt.cc:108) Average like for this file is -44.6437 over 67 frames.
LOG (gmm-acc-mllt[5.2.132~9-82686]:main():gmm-acc-mllt.cc:108) Average like for this file is -44.0396 over 33 frames.
LOG (gmm-acc-mllt[5.2.132~9-82686]:main():gmm-acc-mllt.cc:108) Average like for this file is -43.2924 over 37 frames.
LOG (gmm-acc-mllt[5.2.132~9-82686]:main():gmm-acc-mllt.cc:108) Average like for this file is -46.8848 over 43 frames.
LOG (gmm-acc-mllt[5.2.132~9-82686]:main():gmm-acc-mllt.cc:108) Average like for this file is -42.109 over 42 frames.
LOG (gmm-acc-mllt[5.2.132~9-82686]:main():gmm-acc-mllt.cc:108) Average like for this file is -39.3049 over 48 frames.
LOG (gmm-acc-mllt[5.2.132~9-82686]:main():gmm-acc-mllt.cc:114) Avg like per frame so far is -45.9094
LOG (gmm-acc-mllt[5.2.132~9-82686]:main():gmm-acc-mllt.cc:108) Average like for this file is -54.0781 over 29 frames.
LOG (gmm-acc-mllt[5.2.132~9-82686]:main():gmm-acc-mllt.cc:108) Average like for this file is -48.1345 over 18 frames.
LOG (gmm-acc-mllt[5.2.132~9-82686]:main():gmm-acc-mllt.cc:108) Average like for this file is -43.4898 over 42 frames.
LOG (gmm-acc-mllt[5.2.132~9-82686]:main():gmm-acc-mllt.cc:108) Average like for this file is -41.9141 over 23 frames.
LOG (gmm-acc-mllt[5.2.132~9-82686]:main():gmm-acc-mllt.cc:108) Average like for this file is -47.5134 over 18 frames.
LOG (gmm-acc-mllt[5.2.132~9-82686]:main():gmm-acc-mllt.cc:108) Average like for this file is -41.2867 over 24 frames.
LOG (gmm-acc-mllt[5.2.132~9-82686]:main():gmm-acc-mllt.cc:108) Average like for this file is -45.0226 over 31 frames.
LOG (gmm-acc-mllt[5.2.132~9-82686]:main():gmm-acc-mllt.cc:108) Average like for this file is -49.0266 over 41 frames.
LOG (gmm-acc-mllt[5.2.132~9-82686]:main():gmm-acc-mllt.cc:108) Average like for this file is -51.471 over 48 frames.
LOG (gmm-acc-mllt[5.2.132~9-82686]:main():gmm-acc-mllt.cc:108) Average like for this file is -56.0227 over 50 frames.
LOG (gmm-acc-mllt[5.2.132~9-82686]:main():gmm-acc-mllt.cc:114) Avg like per frame so far is -46.1387
LOG (gmm-acc-mllt[5.2.132~9-82686]:main():gmm-acc-mllt.cc:108) Average like for this file is -47.9509 over 51 frames.
LOG (gmm-acc-mllt[5.2.132~9-82686]:main():gmm-acc-mllt.cc:108) Average like for this file is -50.1562 over 41 frames.
LOG (gmm-acc-mllt[5.2.132~9-82686]:main():gmm-acc-mllt.cc:108) Average like for this file is -46.0418 over 21 frames.
LOG (gmm-acc-mllt[5.2.132~9-82686]:main():gmm-acc-mllt.cc:108) Average like for this file is -54.5526 over 27 frames.
LOG (gmm-acc-mllt[5.2.132~9-82686]:main():gmm-acc-mllt.cc:108) Average like for this file is -47.1054 over 46 frames.
LOG (gmm-acc-mllt[5.2.132~9-82686]:main():gmm-acc-mllt.cc:108) Average like for this file is -50.7251 over 28 frames.
LOG (gmm-acc-mllt[5.2.132~9-82686]:main():gmm-acc-mllt.cc:108) Average like for this file is -51.8279 over 65 frames.
LOG (gmm-acc-mllt[5.2.132~9-82686]:main():gmm-acc-mllt.cc:108) Average like for this file is -41.5778 over 40 frames.
LOG (gmm-acc-mllt[5.2.132~9-82686]:main():gmm-acc-mllt.cc:108) Average like for this file is -43.9796 over 51 frames.
LOG (gmm-acc-mllt[5.2.132~9-82686]:main():gmm-acc-mllt.cc:108) Average like for this file is -40.5686 over 71 frames.
LOG (gmm-acc-mllt[5.2.132~9-82686]:main():gmm-acc-mllt.cc:114) Avg like per frame so far is -46.218
LOG (gmm-acc-mllt[5.2.132~9-82686]:main():gmm-acc-mllt.cc:108) Average like for this file is -48.6865 over 68 frames.
LOG (gmm-acc-mllt[5.2.132~9-82686]:main():gmm-acc-mllt.cc:108) Average like for this file is -53.9505 over 42 frames.
LOG (gmm-acc-mllt[5.2.132~9-82686]:main():gmm-acc-mllt.cc:108) Average like for this file is -43.3314 over 43 frames.
LOG (gmm-acc-mllt[5.2.132~9-82686]:main():gmm-acc-mllt.cc:108) Average like for this file is -39.7843 over 34 frames.
LOG (gmm-acc-mllt[5.2.132~9-82686]:main():gmm-acc-mllt.cc:108) Average like for this file is -40.5312 over 62 frames.
LOG (gmm-acc-mllt[5.2.132~9-82686]:main():gmm-acc-mllt.cc:108) Average like for this file is -42.4008 over 48 frames.
LOG (gmm-acc-mllt[5.2.132~9-82686]:main():gmm-acc-mllt.cc:108) Average like for this file is -50.1515 over 62 frames.
LOG (gmm-acc-mllt[5.2.132~9-82686]:main():gmm-acc-mllt.cc:108) Average like for this file is -48.2875 over 27 frames.
LOG (gmm-acc-mllt[5.2.132~9-82686]:main():gmm-acc-mllt.cc:108) Average like for this file is -47.7325 over 26 frames.
LOG (gmm-acc-mllt[5.2.132~9-82686]:main():gmm-acc-mllt.cc:108) Average like for this file is -47.3592 over 24 frames.
LOG (gmm-acc-mllt[5.2.132~9-82686]:main():gmm-acc-mllt.cc:114) Avg like per frame so far is -46.2138
LOG (gmm-acc-mllt[5.2.132~9-82686]:main():gmm-acc-mllt.cc:108) Average like for this file is -47.9164 over 29 frames.
LOG (gmm-acc-mllt[5.2.132~9-82686]:main():gmm-acc-mllt.cc:108) Average like for this file is -44.2574 over 32 frames.
LOG (gmm-acc-mllt[5.2.132~9-82686]:main():gmm-acc-mllt.cc:108) Average like for this file is -43.1297 over 22 frames.
LOG (gmm-acc-mllt[5.2.132~9-82686]:main():gmm-acc-mllt.cc:108) Average like for this file is -32.8267 over 25 frames.
LOG (gmm-acc-mllt[5.2.132~9-82686]:main():gmm-acc-mllt.cc:108) Average like for this file is -46.1319 over 21 frames.
LOG (gmm-acc-mllt[5.2.132~9-82686]:main():gmm-acc-mllt.cc:108) Average like for this file is -40.6959 over 26 frames.
LOG (gmm-acc-mllt[5.2.132~9-82686]:main():gmm-acc-mllt.cc:108) Average like for this file is -42.1515 over 32 frames.
LOG (gmm-acc-mllt[5.2.132~9-82686]:main():gmm-acc-mllt.cc:108) Average like for this file is -43.0889 over 33 frames.
LOG (gmm-acc-mllt[5.2.132~9-82686]:main():gmm-acc-mllt.cc:108) Average like for this file is -42.3826 over 22 frames.
LOG (gmm-acc-mllt[5.2.132~9-82686]:main():gmm-acc-mllt.cc:108) Average like for this file is -42.3055 over 30 frames.
LOG (gmm-acc-mllt[5.2.132~9-82686]:main():gmm-acc-mllt.cc:114) Avg like per frame so far is -46.0131
LOG (gmm-acc-mllt[5.2.132~9-82686]:main():gmm-acc-mllt.cc:108) Average like for this file is -34.5978 over 50 frames.
LOG (gmm-acc-mllt[5.2.132~9-82686]:main():gmm-acc-mllt.cc:108) Average like for this file is -48.3946 over 41 frames.
LOG (gmm-acc-mllt[5.2.132~9-82686]:main():gmm-acc-mllt.cc:108) Average like for this file is -47.8854 over 44 frames.
LOG (gmm-acc-mllt[5.2.132~9-82686]:main():gmm-acc-mllt.cc:108) Average like for this file is -48.7005 over 26 frames.
LOG (gmm-acc-mllt[5.2.132~9-82686]:main():gmm-acc-mllt.cc:108) Average like for this file is -46.4003 over 23 frames.
LOG (gmm-acc-mllt[5.2.132~9-82686]:main():gmm-acc-mllt.cc:108) Average like for this file is -45.0411 over 30 frames.
LOG (gmm-acc-mllt[5.2.132~9-82686]:main():gmm-acc-mllt.cc:108) Average like for this file is -40.8823 over 47 frames.
LOG (gmm-acc-mllt[5.2.132~9-82686]:main():gmm-acc-mllt.cc:108) Average like for this file is -48.0352 over 31 frames.
LOG (gmm-acc-mllt[5.2.132~9-82686]:main():gmm-acc-mllt.cc:108) Average like for this file is -51.4472 over 35 frames.
LOG (gmm-acc-mllt[5.2.132~9-82686]:main():gmm-acc-mllt.cc:108) Average like for this file is -43.3979 over 48 frames.
LOG (gmm-acc-mllt[5.2.132~9-82686]:main():gmm-acc-mllt.cc:114) Avg like per frame so far is -45.9279
LOG (gmm-acc-mllt[5.2.132~9-82686]:main():gmm-acc-mllt.cc:108) Average like for this file is -41.3823 over 64 frames.
LOG (gmm-acc-mllt[5.2.132~9-82686]:main():gmm-acc-mllt.cc:108) Average like for this file is -43.4716 over 39 frames.
LOG (gmm-acc-mllt[5.2.132~9-82686]:main():gmm-acc-mllt.cc:108) Average like for this file is -48.095 over 43 frames.
LOG (gmm-acc-mllt[5.2.132~9-82686]:main():gmm-acc-mllt.cc:108) Average like for this file is -39.447 over 44 frames.
LOG (gmm-acc-mllt[5.2.132~9-82686]:main():gmm-acc-mllt.cc:108) Average like for this file is -35.7762 over 45 frames.
LOG (gmm-acc-mllt[5.2.132~9-82686]:main():gmm-acc-mllt.cc:108) Average like for this file is -49.2659 over 25 frames.
LOG (gmm-acc-mllt[5.2.132~9-82686]:main():gmm-acc-mllt.cc:108) Average like for this file is -51.2177 over 59 frames.
LOG (gmm-acc-mllt[5.2.132~9-82686]:main():gmm-acc-mllt.cc:108) Average like for this file is -37.5031 over 43 frames.
LOG (gmm-acc-mllt[5.2.132~9-82686]:main():gmm-acc-mllt.cc:108) Average like for this file is -30.7256 over 50 frames.
LOG (gmm-acc-mllt[5.2.132~9-82686]:main():gmm-acc-mllt.cc:108) Average like for this file is -47.5006 over 28 frames.
LOG (gmm-acc-mllt[5.2.132~9-82686]:main():gmm-acc-mllt.cc:114) Avg like per frame so far is -45.6304
LOG (gmm-acc-mllt[5.2.132~9-82686]:main():gmm-acc-mllt.cc:108) Average like for this file is -50.8776 over 63 frames.
LOG (gmm-acc-mllt[5.2.132~9-82686]:main():gmm-acc-mllt.cc:108) Average like for this file is -53.4251 over 33 frames.
LOG (gmm-acc-mllt[5.2.132~9-82686]:main():gmm-acc-mllt.cc:108) Average like for this file is -48.044 over 34 frames.
LOG (gmm-acc-mllt[5.2.132~9-82686]:main():gmm-acc-mllt.cc:108) Average like for this file is -49.8698 over 34 frames.
LOG (gmm-acc-mllt[5.2.132~9-82686]:main():gmm-acc-mllt.cc:108) Average like for this file is -50.5477 over 27 frames.
LOG (gmm-acc-mllt[5.2.132~9-82686]:main():gmm-acc-mllt.cc:108) Average like for this file is -48.7477 over 30 frames.
LOG (gmm-acc-mllt[5.2.132~9-82686]:main():gmm-acc-mllt.cc:108) Average like for this file is -54.434 over 36 frames.
LOG (gmm-acc-mllt[5.2.132~9-82686]:main():gmm-acc-mllt.cc:108) Average like for this file is -49.3534 over 39 frames.
LOG (gmm-acc-mllt[5.2.132~9-82686]:main():gmm-acc-mllt.cc:108) Average like for this file is -46.5468 over 40 frames.
LOG (gmm-acc-mllt[5.2.132~9-82686]:main():gmm-acc-mllt.cc:108) Average like for this file is -53.9557 over 54 frames.
LOG (gmm-acc-mllt[5.2.132~9-82686]:main():gmm-acc-mllt.cc:114) Avg like per frame so far is -45.9529
LOG (gmm-acc-mllt[5.2.132~9-82686]:main():gmm-acc-mllt.cc:108) Average like for this file is -55.8484 over 52 frames.
LOG (gmm-acc-mllt[5.2.132~9-82686]:main():gmm-acc-mllt.cc:108) Average like for this file is -53.2632 over 59 frames.
LOG (gmm-acc-mllt[5.2.132~9-82686]:main():gmm-acc-mllt.cc:108) Average like for this file is -48.1315 over 66 frames.
LOG (gmm-acc-mllt[5.2.132~9-82686]:main():gmm-acc-mllt.cc:108) Average like for this file is -48.8832 over 57 frames.
LOG (gmm-acc-mllt[5.2.132~9-82686]:main():gmm-acc-mllt.cc:108) Average like for this file is -34.72 over 40 frames.
LOG (gmm-acc-mllt[5.2.132~9-82686]:main():gmm-acc-mllt.cc:108) Average like for this file is -43.0911 over 61 frames.
LOG (gmm-acc-mllt[5.2.132~9-82686]:main():gmm-acc-mllt.cc:108) Average like for this file is -51.3761 over 48 frames.
LOG (gmm-acc-mllt[5.2.132~9-82686]:main():gmm-acc-mllt.cc:108) Average like for this file is -43.2708 over 46 frames.
LOG (gmm-acc-mllt[5.2.132~9-82686]:main():gmm-acc-mllt.cc:108) Average like for this file is -30.7337 over 39 frames.
LOG (gmm-acc-mllt[5.2.132~9-82686]:main():gmm-acc-mllt.cc:108) Average like for this file is -51.2131 over 28 frames.
LOG (gmm-acc-mllt[5.2.132~9-82686]:main():gmm-acc-mllt.cc:114) Avg like per frame so far is -46.0014
LOG (gmm-acc-mllt[5.2.132~9-82686]:main():gmm-acc-mllt.cc:108) Average like for this file is -27.9068 over 47 frames.
LOG (gmm-acc-mllt[5.2.132~9-82686]:main():gmm-acc-mllt.cc:108) Average like for this file is -43.6553 over 34 frames.
LOG (gmm-acc-mllt[5.2.132~9-82686]:main():gmm-acc-mllt.cc:108) Average like for this file is -43.6082 over 34 frames.
LOG (gmm-acc-mllt[5.2.132~9-82686]:main():gmm-acc-mllt.cc:108) Average like for this file is -47.4226 over 30 frames.
LOG (gmm-acc-mllt[5.2.132~9-82686]:main():gmm-acc-mllt.cc:108) Average like for this file is -42.5888 over 28 frames.
LOG (gmm-acc-mllt[5.2.132~9-82686]:main():gmm-acc-mllt.cc:108) Average like for this file is -46.3327 over 33 frames.
LOG (gmm-acc-mllt[5.2.132~9-82686]:main():gmm-acc-mllt.cc:108) Average like for this file is -42.0894 over 33 frames.
LOG (gmm-acc-mllt[5.2.132~9-82686]:main():gmm-acc-mllt.cc:108) Average like for this file is -46.3368 over 70 frames.
LOG (gmm-acc-mllt[5.2.132~9-82686]:main():gmm-acc-mllt.cc:108) Average like for this file is -45.1243 over 53 frames.
LOG (gmm-acc-mllt[5.2.132~9-82686]:main():gmm-acc-mllt.cc:108) Average like for this file is -37.6963 over 43 frames.
LOG (gmm-acc-mllt[5.2.132~9-82686]:main():gmm-acc-mllt.cc:114) Avg like per frame so far is -45.7803
LOG (gmm-acc-mllt[5.2.132~9-82686]:main():gmm-acc-mllt.cc:108) Average like for this file is -51.8093 over 44 frames.
LOG (gmm-acc-mllt[5.2.132~9-82686]:main():gmm-acc-mllt.cc:108) Average like for this file is -55.7779 over 47 frames.
LOG (gmm-acc-mllt[5.2.132~9-82686]:main():gmm-acc-mllt.cc:108) Average like for this file is -45.6381 over 39 frames.
LOG (gmm-acc-mllt[5.2.132~9-82686]:main():gmm-acc-mllt.cc:108) Average like for this file is -39.1301 over 78 frames.
LOG (gmm-acc-mllt[5.2.132~9-82686]:main():gmm-acc-mllt.cc:108) Average like for this file is -43.2108 over 56 frames.
LOG (gmm-acc-mllt[5.2.132~9-82686]:main():gmm-acc-mllt.cc:108) Average like for this file is -50.3848 over 27 frames.
LOG (gmm-acc-mllt[5.2.132~9-82686]:main():gmm-acc-mllt.cc:108) Average like for this file is -44.7086 over 38 frames.
LOG (gmm-acc-mllt[5.2.132~9-82686]:main():gmm-acc-mllt.cc:108) Average like for this file is -44.075 over 39 frames.
LOG (gmm-acc-mllt[5.2.132~9-82686]:main():gmm-acc-mllt.cc:108) Average like for this file is -51.013 over 22 frames.
LOG (gmm-acc-mllt[5.2.132~9-82686]:main():gmm-acc-mllt.cc:108) Average like for this file is -54.7248 over 20 frames.
LOG (gmm-acc-mllt[5.2.132~9-82686]:main():gmm-acc-mllt.cc:114) Avg like per frame so far is -45.8309
LOG (gmm-acc-mllt[5.2.132~9-82686]:main():gmm-acc-mllt.cc:108) Average like for this file is -53.548 over 25 frames.
LOG (gmm-acc-mllt[5.2.132~9-82686]:main():gmm-acc-mllt.cc:108) Average like for this file is -49.109 over 54 frames.
LOG (gmm-acc-mllt[5.2.132~9-82686]:main():gmm-acc-mllt.cc:108) Average like for this file is -41.2668 over 37 frames.
LOG (gmm-acc-mllt[5.2.132~9-82686]:main():gmm-acc-mllt.cc:108) Average like for this file is -47.4206 over 27 frames.
LOG (gmm-acc-mllt[5.2.132~9-82686]:main():gmm-acc-mllt.cc:108) Average like for this file is -45.0793 over 35 frames.
LOG (gmm-acc-mllt[5.2.132~9-82686]:main():gmm-acc-mllt.cc:108) Average like for this file is -46.0186 over 54 frames.
LOG (gmm-acc-mllt[5.2.132~9-82686]:main():gmm-acc-mllt.cc:108) Average like for this file is -52.9714 over 31 frames.
LOG (gmm-acc-mllt[5.2.132~9-82686]:main():gmm-acc-mllt.cc:108) Average like for this file is -47.3745 over 39 frames.
LOG (gmm-acc-mllt[5.2.132~9-82686]:main():gmm-acc-mllt.cc:108) Average like for this file is -58.2608 over 23 frames.
LOG (gmm-acc-mllt[5.2.132~9-82686]:main():gmm-acc-mllt.cc:108) Average like for this file is -42.7817 over 82 frames.
LOG (gmm-acc-mllt[5.2.132~9-82686]:main():gmm-acc-mllt.cc:114) Avg like per frame so far is -45.9
LOG (gmm-acc-mllt[5.2.132~9-82686]:main():gmm-acc-mllt.cc:108) Average like for this file is -48.6665 over 24 frames.
LOG (gmm-acc-mllt[5.2.132~9-82686]:main():gmm-acc-mllt.cc:108) Average like for this file is -56.9816 over 21 frames.
LOG (gmm-acc-mllt[5.2.132~9-82686]:main():gmm-acc-mllt.cc:108) Average like for this file is -42.3437 over 50 frames.
LOG (gmm-acc-mllt[5.2.132~9-82686]:main():gmm-acc-mllt.cc:108) Average like for this file is -44.3322 over 63 frames.
LOG (gmm-acc-mllt[5.2.132~9-82686]:main():gmm-acc-mllt.cc:108) Average like for this file is -36.4374 over 41 frames.
LOG (gmm-acc-mllt[5.2.132~9-82686]:main():gmm-acc-mllt.cc:108) Average like for this file is -45.2874 over 51 frames.
LOG (gmm-acc-mllt[5.2.132~9-82686]:main():gmm-acc-mllt.cc:108) Average like for this file is -54.7157 over 48 frames.
LOG (gmm-acc-mllt[5.2.132~9-82686]:main():gmm-acc-mllt.cc:108) Average like for this file is -49.0123 over 30 frames.
LOG (gmm-acc-mllt[5.2.132~9-82686]:main():gmm-acc-mllt.cc:108) Average like for this file is -49.1741 over 21 frames.
LOG (gmm-acc-mllt[5.2.132~9-82686]:main():gmm-acc-mllt.cc:108) Average like for this file is -44.2875 over 38 frames.
LOG (gmm-acc-mllt[5.2.132~9-82686]:main():gmm-acc-mllt.cc:114) Avg like per frame so far is -45.9154
LOG (gmm-acc-mllt[5.2.132~9-82686]:main():gmm-acc-mllt.cc:108) Average like for this file is -53.2068 over 48 frames.
LOG (gmm-acc-mllt[5.2.132~9-82686]:main():gmm-acc-mllt.cc:108) Average like for this file is -49.0562 over 41 frames.
LOG (gmm-acc-mllt[5.2.132~9-82686]:main():gmm-acc-mllt.cc:108) Average like for this file is -52.8791 over 26 frames.
LOG (gmm-acc-mllt[5.2.132~9-82686]:main():gmm-acc-mllt.cc:108) Average like for this file is -41.8714 over 38 frames.
LOG (gmm-acc-mllt[5.2.132~9-82686]:main():gmm-acc-mllt.cc:108) Average like for this file is -47.185 over 45 frames.
LOG (gmm-acc-mllt[5.2.132~9-82686]:main():gmm-acc-mllt.cc:108) Average like for this file is -48.6908 over 46 frames.
LOG (gmm-acc-mllt[5.2.132~9-82686]:main():gmm-acc-mllt.cc:108) Average like for this file is -46.4448 over 51 frames.
LOG (gmm-acc-mllt[5.2.132~9-82686]:main():gmm-acc-mllt.cc:108) Average like for this file is -44.8529 over 40 frames.
LOG (gmm-acc-mllt[5.2.132~9-82686]:main():gmm-acc-mllt.cc:108) Average like for this file is -41.1633 over 48 frames.
LOG (gmm-acc-mllt[5.2.132~9-82686]:main():gmm-acc-mllt.cc:108) Average like for this file is -43.1222 over 51 frames.
LOG (gmm-acc-mllt[5.2.132~9-82686]:main():gmm-acc-mllt.cc:114) Avg like per frame so far is -45.9504
LOG (gmm-acc-mllt[5.2.132~9-82686]:main():gmm-acc-mllt.cc:108) Average like for this file is -49.9497 over 60 frames.
LOG (gmm-acc-mllt[5.2.132~9-82686]:main():gmm-acc-mllt.cc:108) Average like for this file is -40.8787 over 36 frames.
LOG (gmm-acc-mllt[5.2.132~9-82686]:main():gmm-acc-mllt.cc:108) Average like for this file is -35.6685 over 51 frames.
LOG (gmm-acc-mllt[5.2.132~9-82686]:main():gmm-acc-mllt.cc:108) Average like for this file is -37.8676 over 38 frames.
LOG (gmm-acc-mllt[5.2.132~9-82686]:main():gmm-acc-mllt.cc:108) Average like for this file is -54.6104 over 27 frames.
LOG (gmm-acc-mllt[5.2.132~9-82686]:main():gmm-acc-mllt.cc:108) Average like for this file is -41.1894 over 31 frames.
LOG (gmm-acc-mllt[5.2.132~9-82686]:main():gmm-acc-mllt.cc:108) Average like for this file is -46.1185 over 60 frames.
LOG (gmm-acc-mllt[5.2.132~9-82686]:main():gmm-acc-mllt.cc:108) Average like for this file is -49.8112 over 57 frames.
LOG (gmm-acc-mllt[5.2.132~9-82686]:main():gmm-acc-mllt.cc:108) Average like for this file is -52.9332 over 36 frames.
LOG (gmm-acc-mllt[5.2.132~9-82686]:main():gmm-acc-mllt.cc:108) Average like for this file is -55.749 over 38 frames.
LOG (gmm-acc-mllt[5.2.132~9-82686]:main():gmm-acc-mllt.cc:114) Avg like per frame so far is -45.9686
LOG (gmm-acc-mllt[5.2.132~9-82686]:main():gmm-acc-mllt.cc:108) Average like for this file is -51.0669 over 31 frames.
LOG (gmm-acc-mllt[5.2.132~9-82686]:main():gmm-acc-mllt.cc:108) Average like for this file is -49.4141 over 69 frames.
LOG (gmm-acc-mllt[5.2.132~9-82686]:main():gmm-acc-mllt.cc:108) Average like for this file is -49.1741 over 62 frames.
LOG (gmm-acc-mllt[5.2.132~9-82686]:main():gmm-acc-mllt.cc:108) Average like for this file is -45.9452 over 78 frames.
LOG (gmm-acc-mllt[5.2.132~9-82686]:main():gmm-acc-mllt.cc:108) Average like for this file is -51.0225 over 73 frames.
LOG (gmm-acc-mllt[5.2.132~9-82686]:main():gmm-acc-mllt.cc:108) Average like for this file is -43.4424 over 41 frames.
LOG (gmm-acc-mllt[5.2.132~9-82686]:main():gmm-acc-mllt.cc:108) Average like for this file is -56.1386 over 38 frames.
LOG (gmm-acc-mllt[5.2.132~9-82686]:main():gmm-acc-mllt.cc:108) Average like for this file is -51.8392 over 34 frames.
LOG (gmm-acc-mllt[5.2.132~9-82686]:main():gmm-acc-mllt.cc:108) Average like for this file is -50.2038 over 31 frames.
LOG (gmm-acc-mllt[5.2.132~9-82686]:main():gmm-acc-mllt.cc:108) Average like for this file is -52.5677 over 33 frames.
LOG (gmm-acc-mllt[5.2.132~9-82686]:main():gmm-acc-mllt.cc:114) Avg like per frame so far is -46.1548
LOG (gmm-acc-mllt[5.2.132~9-82686]:main():gmm-acc-mllt.cc:108) Average like for this file is -44.8124 over 33 frames.
LOG (gmm-acc-mllt[5.2.132~9-82686]:main():gmm-acc-mllt.cc:108) Average like for this file is -50.6023 over 43 frames.
LOG (gmm-acc-mllt[5.2.132~9-82686]:main():gmm-acc-mllt.cc:108) Average like for this file is -48.7445 over 43 frames.
LOG (gmm-acc-mllt[5.2.132~9-82686]:main():gmm-acc-mllt.cc:108) Average like for this file is -43.9494 over 41 frames.
LOG (gmm-acc-mllt[5.2.132~9-82686]:main():gmm-acc-mllt.cc:108) Average like for this file is -39.1146 over 50 frames.
LOG (gmm-acc-mllt[5.2.132~9-82686]:main():gmm-acc-mllt.cc:108) Average like for this file is -50.9133 over 26 frames.
LOG (gmm-acc-mllt[5.2.132~9-82686]:main():gmm-acc-mllt.cc:108) Average like for this file is -55.2119 over 44 frames.
LOG (gmm-acc-mllt[5.2.132~9-82686]:main():gmm-acc-mllt.cc:108) Average like for this file is -49.7239 over 42 frames.
LOG (gmm-acc-mllt[5.2.132~9-82686]:main():gmm-acc-mllt.cc:108) Average like for this file is -47.5272 over 42 frames.
LOG (gmm-acc-mllt[5.2.132~9-82686]:main():gmm-acc-mllt.cc:108) Average like for this file is -47.1192 over 39 frames.
LOG (gmm-acc-mllt[5.2.132~9-82686]:main():gmm-acc-mllt.cc:114) Avg like per frame so far is -46.213
LOG (gmm-acc-mllt[5.2.132~9-82686]:main():gmm-acc-mllt.cc:108) Average like for this file is -36.2288 over 53 frames.
LOG (gmm-acc-mllt[5.2.132~9-82686]:main():gmm-acc-mllt.cc:108) Average like for this file is -42.2778 over 40 frames.
LOG (gmm-acc-mllt[5.2.132~9-82686]:main():gmm-acc-mllt.cc:108) Average like for this file is -48.7867 over 43 frames.
LOG (gmm-acc-mllt[5.2.132~9-82686]:main():gmm-acc-mllt.cc:108) Average like for this file is -49.6408 over 64 frames.
LOG (gmm-acc-mllt[5.2.132~9-82686]:main():gmm-acc-mllt.cc:108) Average like for this file is -51.0315 over 48 frames.
LOG (gmm-acc-mllt[5.2.132~9-82686]:main():gmm-acc-mllt.cc:108) Average like for this file is -41.4099 over 36 frames.
LOG (gmm-acc-mllt[5.2.132~9-82686]:main():gmm-acc-mllt.cc:108) Average like for this file is -47.6637 over 39 frames.
LOG (gmm-acc-mllt[5.2.132~9-82686]:main():gmm-acc-mllt.cc:108) Average like for this file is -50.571 over 51 frames.
LOG (gmm-acc-mllt[5.2.132~9-82686]:main():gmm-acc-mllt.cc:108) Average like for this file is -46.6608 over 39 frames.
LOG (gmm-acc-mllt[5.2.132~9-82686]:main():gmm-acc-mllt.cc:108) Average like for this file is -44.5131 over 49 frames.
LOG (gmm-acc-mllt[5.2.132~9-82686]:main():gmm-acc-mllt.cc:114) Avg like per frame so far is -46.2049
LOG (gmm-acc-mllt[5.2.132~9-82686]:main():gmm-acc-mllt.cc:108) Average like for this file is -43.1063 over 55 frames.
LOG (gmm-acc-mllt[5.2.132~9-82686]:main():gmm-acc-mllt.cc:108) Average like for this file is -45.4735 over 44 frames.
LOG (gmm-acc-mllt[5.2.132~9-82686]:main():gmm-acc-mllt.cc:108) Average like for this file is -53.1605 over 23 frames.
LOG (gmm-acc-mllt[5.2.132~9-82686]:main():gmm-acc-mllt.cc:108) Average like for this file is -50.2494 over 24 frames.
LOG (gmm-acc-mllt[5.2.132~9-82686]:main():gmm-acc-mllt.cc:108) Average like for this file is -46.7905 over 30 frames.
LOG (gmm-acc-mllt[5.2.132~9-82686]:main():gmm-acc-mllt.cc:108) Average like for this file is -49.909 over 31 frames.
LOG (gmm-acc-mllt[5.2.132~9-82686]:main():gmm-acc-mllt.cc:108) Average like for this file is -45.2463 over 32 frames.
LOG (gmm-acc-mllt[5.2.132~9-82686]:main():gmm-acc-mllt.cc:108) Average like for this file is -40.7412 over 42 frames.
LOG (gmm-acc-mllt[5.2.132~9-82686]:main():gmm-acc-mllt.cc:108) Average like for this file is -45.4575 over 37 frames.
LOG (gmm-acc-mllt[5.2.132~9-82686]:main():gmm-acc-mllt.cc:108) Average like for this file is -39.7604 over 38 frames.
LOG (gmm-acc-mllt[5.2.132~9-82686]:main():gmm-acc-mllt.cc:114) Avg like per frame so far is -46.173
LOG (gmm-acc-mllt[5.2.132~9-82686]:main():gmm-acc-mllt.cc:108) Average like for this file is -46.2616 over 23 frames.
LOG (gmm-acc-mllt[5.2.132~9-82686]:main():gmm-acc-mllt.cc:108) Average like for this file is -52.0842 over 29 frames.
LOG (gmm-acc-mllt[5.2.132~9-82686]:main():gmm-acc-mllt.cc:108) Average like for this file is -45.9573 over 22 frames.
LOG (gmm-acc-mllt[5.2.132~9-82686]:main():gmm-acc-mllt.cc:108) Average like for this file is -54.7453 over 20 frames.
LOG (gmm-acc-mllt[5.2.132~9-82686]:main():gmm-acc-mllt.cc:108) Average like for this file is -46.3122 over 19 frames.
LOG (gmm-acc-mllt[5.2.132~9-82686]:main():gmm-acc-mllt.cc:108) Average like for this file is -48.9077 over 34 frames.
LOG (gmm-acc-mllt[5.2.132~9-82686]:main():gmm-acc-mllt.cc:108) Average like for this file is -46.4698 over 21 frames.
LOG (gmm-acc-mllt[5.2.132~9-82686]:main():gmm-acc-mllt.cc:108) Average like for this file is -46.9057 over 29 frames.
LOG (gmm-acc-mllt[5.2.132~9-82686]:main():gmm-acc-mllt.cc:108) Average like for this file is -54.8624 over 24 frames.
LOG (gmm-acc-mllt[5.2.132~9-82686]:main():gmm-acc-mllt.cc:108) Average like for this file is -51.2538 over 19 frames.
LOG (gmm-acc-mllt[5.2.132~9-82686]:main():gmm-acc-mllt.cc:114) Avg like per frame so far is -46.2423
LOG (gmm-acc-mllt[5.2.132~9-82686]:main():gmm-acc-mllt.cc:108) Average like for this file is -47.0072 over 21 frames.
LOG (gmm-acc-mllt[5.2.132~9-82686]:main():gmm-acc-mllt.cc:108) Average like for this file is -46.1255 over 27 frames.
LOG (gmm-acc-mllt[5.2.132~9-82686]:main():gmm-acc-mllt.cc:108) Average like for this file is -42.8371 over 24 frames.
LOG (gmm-acc-mllt[5.2.132~9-82686]:main():gmm-acc-mllt.cc:108) Average like for this file is -44.397 over 32 frames.
LOG (gmm-acc-mllt[5.2.132~9-82686]:main():gmm-acc-mllt.cc:108) Average like for this file is -54.6931 over 26 frames.
LOG (gmm-acc-mllt[5.2.132~9-82686]:main():gmm-acc-mllt.cc:108) Average like for this file is -51.3631 over 31 frames.
LOG (gmm-acc-mllt[5.2.132~9-82686]:main():gmm-acc-mllt.cc:108) Average like for this file is -50.6279 over 28 frames.
LOG (gmm-acc-mllt[5.2.132~9-82686]:main():gmm-acc-mllt.cc:108) Average like for this file is -47.9299 over 86 frames.
LOG (gmm-acc-mllt[5.2.132~9-82686]:main():gmm-acc-mllt.cc:108) Average like for this file is -48.3555 over 43 frames.
LOG (gmm-acc-mllt[5.2.132~9-82686]:main():gmm-acc-mllt.cc:108) Average like for this file is -50.3126 over 23 frames.
LOG (gmm-acc-mllt[5.2.132~9-82686]:main():gmm-acc-mllt.cc:114) Avg like per frame so far is -46.3038
LOG (gmm-acc-mllt[5.2.132~9-82686]:main():gmm-acc-mllt.cc:108) Average like for this file is -49.4991 over 26 frames.
LOG (gmm-acc-mllt[5.2.132~9-82686]:main():gmm-acc-mllt.cc:108) Average like for this file is -52.7742 over 27 frames.
LOG (gmm-acc-mllt[5.2.132~9-82686]:main():gmm-acc-mllt.cc:108) Average like for this file is -56.224 over 34 frames.
LOG (gmm-acc-mllt[5.2.132~9-82686]:main():gmm-acc-mllt.cc:108) Average like for this file is -50.7685 over 46 frames.
LOG (gmm-acc-mllt[5.2.132~9-82686]:main():gmm-acc-mllt.cc:108) Average like for this file is -43.5632 over 79 frames.
LOG (gmm-acc-mllt[5.2.132~9-82686]:main():gmm-acc-mllt.cc:108) Average like for this file is -51.5961 over 46 frames.
LOG (gmm-acc-mllt[5.2.132~9-82686]:main():gmm-acc-mllt.cc:108) Average like for this file is -34.6407 over 42 frames.
LOG (gmm-acc-mllt[5.2.132~9-82686]:main():gmm-acc-mllt.cc:108) Average like for this file is -48.6573 over 53 frames.
LOG (gmm-acc-mllt[5.2.132~9-82686]:main():gmm-acc-mllt.cc:108) Average like for this file is -46.8331 over 49 frames.
LOG (gmm-acc-mllt[5.2.132~9-82686]:main():gmm-acc-mllt.cc:108) Average like for this file is -49.4444 over 23 frames.
LOG (gmm-acc-mllt[5.2.132~9-82686]:main():gmm-acc-mllt.cc:114) Avg like per frame so far is -46.351
LOG (gmm-acc-mllt[5.2.132~9-82686]:main():gmm-acc-mllt.cc:108) Average like for this file is -52.6269 over 26 frames.
LOG (gmm-acc-mllt[5.2.132~9-82686]:main():gmm-acc-mllt.cc:108) Average like for this file is -55.814 over 24 frames.
LOG (gmm-acc-mllt[5.2.132~9-82686]:main():gmm-acc-mllt.cc:108) Average like for this file is -49.836 over 27 frames.
LOG (gmm-acc-mllt[5.2.132~9-82686]:main():gmm-acc-mllt.cc:108) Average like for this file is -45.5117 over 36 frames.
LOG (gmm-acc-mllt[5.2.132~9-82686]:main():gmm-acc-mllt.cc:108) Average like for this file is -42.5503 over 27 frames.
LOG (gmm-acc-mllt[5.2.132~9-82686]:main():gmm-acc-mllt.cc:108) Average like for this file is -45.5795 over 27 frames.
LOG (gmm-acc-mllt[5.2.132~9-82686]:main():gmm-acc-mllt.cc:108) Average like for this file is -43.6346 over 21 frames.
LOG (gmm-acc-mllt[5.2.132~9-82686]:main():gmm-acc-mllt.cc:108) Average like for this file is -44.8901 over 23 frames.
LOG (gmm-acc-mllt[5.2.132~9-82686]:main():gmm-acc-mllt.cc:108) Average like for this file is -46.0691 over 22 frames.
LOG (gmm-acc-mllt[5.2.132~9-82686]:main():gmm-acc-mllt.cc:108) Average like for this file is -46.4732 over 41 frames.
LOG (gmm-acc-mllt[5.2.132~9-82686]:main():gmm-acc-mllt.cc:114) Avg like per frame so far is -46.3707
LOG (gmm-acc-mllt[5.2.132~9-82686]:main():gmm-acc-mllt.cc:108) Average like for this file is -44.6897 over 42 frames.
LOG (gmm-acc-mllt[5.2.132~9-82686]:main():gmm-acc-mllt.cc:108) Average like for this file is -46.9914 over 35 frames.
LOG (gmm-acc-mllt[5.2.132~9-82686]:main():gmm-acc-mllt.cc:108) Average like for this file is -44.9794 over 37 frames.
LOG (gmm-acc-mllt[5.2.132~9-82686]:main():gmm-acc-mllt.cc:108) Average like for this file is -52.5767 over 29 frames.
LOG (gmm-acc-mllt[5.2.132~9-82686]:main():gmm-acc-mllt.cc:108) Average like for this file is -52.0831 over 32 frames.
LOG (gmm-acc-mllt[5.2.132~9-82686]:main():gmm-acc-mllt.cc:108) Average like for this file is -55.0929 over 29 frames.
LOG (gmm-acc-mllt[5.2.132~9-82686]:main():gmm-acc-mllt.cc:108) Average like for this file is -48.0347 over 45 frames.
LOG (gmm-acc-mllt[5.2.132~9-82686]:main():gmm-acc-mllt.cc:108) Average like for this file is -42.9678 over 42 frames.
LOG (gmm-acc-mllt[5.2.132~9-82686]:main():gmm-acc-mllt.cc:108) Average like for this file is -48.6592 over 34 frames.
LOG (gmm-acc-mllt[5.2.132~9-82686]:main():gmm-acc-mllt.cc:108) Average like for this file is -50.1923 over 41 frames.
LOG (gmm-acc-mllt[5.2.132~9-82686]:main():gmm-acc-mllt.cc:114) Avg like per frame so far is -46.4253
LOG (gmm-acc-mllt[5.2.132~9-82686]:main():gmm-acc-mllt.cc:108) Average like for this file is -50.3018 over 46 frames.
LOG (gmm-acc-mllt[5.2.132~9-82686]:main():gmm-acc-mllt.cc:108) Average like for this file is -51.3608 over 33 frames.
LOG (gmm-acc-mllt[5.2.132~9-82686]:main():gmm-acc-mllt.cc:108) Average like for this file is -49.8758 over 38 frames.
LOG (gmm-acc-mllt[5.2.132~9-82686]:main():gmm-acc-mllt.cc:108) Average like for this file is -44.9642 over 45 frames.
LOG (gmm-acc-mllt[5.2.132~9-82686]:main():gmm-acc-mllt.cc:108) Average like for this file is -49.5532 over 20 frames.
LOG (gmm-acc-mllt[5.2.132~9-82686]:main():gmm-acc-mllt.cc:108) Average like for this file is -45.416 over 25 frames.
LOG (gmm-acc-mllt[5.2.132~9-82686]:main():gmm-acc-mllt.cc:108) Average like for this file is -44.8151 over 28 frames.
LOG (gmm-acc-mllt[5.2.132~9-82686]:main():gmm-acc-mllt.cc:108) Average like for this file is -57.9577 over 20 frames.
LOG (gmm-acc-mllt[5.2.132~9-82686]:main():gmm-acc-mllt.cc:108) Average like for this file is -44.5016 over 18 frames.
LOG (gmm-acc-mllt[5.2.132~9-82686]:main():gmm-acc-mllt.cc:108) Average like for this file is -46.189 over 24 frames.
LOG (gmm-acc-mllt[5.2.132~9-82686]:main():gmm-acc-mllt.cc:114) Avg like per frame so far is -46.4713
LOG (gmm-acc-mllt[5.2.132~9-82686]:main():gmm-acc-mllt.cc:108) Average like for this file is -39.954 over 24 frames.
LOG (gmm-acc-mllt[5.2.132~9-82686]:main():gmm-acc-mllt.cc:108) Average like for this file is -42.6766 over 31 frames.
LOG (gmm-acc-mllt[5.2.132~9-82686]:main():gmm-acc-mllt.cc:108) Average like for this file is -43.7593 over 21 frames.
LOG (gmm-acc-mllt[5.2.132~9-82686]:main():gmm-acc-mllt.cc:108) Average like for this file is -46.4099 over 21 frames.
LOG (gmm-acc-mllt[5.2.132~9-82686]:main():gmm-acc-mllt.cc:108) Average like for this file is -45.5857 over 20 frames.
LOG (gmm-acc-mllt[5.2.132~9-82686]:main():gmm-acc-mllt.cc:108) Average like for this file is -42.6946 over 24 frames.
LOG (gmm-acc-mllt[5.2.132~9-82686]:main():gmm-acc-mllt.cc:108) Average like for this file is -45.3097 over 20 frames.
LOG (gmm-acc-mllt[5.2.132~9-82686]:main():gmm-acc-mllt.cc:108) Average like for this file is -47.5498 over 19 frames.
LOG (gmm-acc-mllt[5.2.132~9-82686]:main():gmm-acc-mllt.cc:108) Average like for this file is -48.7887 over 22 frames.
LOG (gmm-acc-mllt[5.2.132~9-82686]:main():gmm-acc-mllt.cc:108) Average like for this file is -46.0992 over 17 frames.
LOG (gmm-acc-mllt[5.2.132~9-82686]:main():gmm-acc-mllt.cc:114) Avg like per frame so far is -46.4407
LOG (gmm-acc-mllt[5.2.132~9-82686]:main():gmm-acc-mllt.cc:108) Average like for this file is -44.0657 over 33 frames.
LOG (gmm-acc-mllt[5.2.132~9-82686]:main():gmm-acc-mllt.cc:108) Average like for this file is -40.5324 over 24 frames.
LOG (gmm-acc-mllt[5.2.132~9-82686]:main():gmm-acc-mllt.cc:108) Average like for this file is -47.0472 over 23 frames.
LOG (gmm-acc-mllt[5.2.132~9-82686]:main():gmm-acc-mllt.cc:108) Average like for this file is -47.9986 over 28 frames.
LOG (gmm-acc-mllt[5.2.132~9-82686]:main():gmm-acc-mllt.cc:108) Average like for this file is -48.8084 over 55 frames.
LOG (gmm-acc-mllt[5.2.132~9-82686]:main():gmm-acc-mllt.cc:108) Average like for this file is -44.7233 over 43 frames.
LOG (gmm-acc-mllt[5.2.132~9-82686]:main():gmm-acc-mllt.cc:108) Average like for this file is -44.258 over 37 frames.
LOG (gmm-acc-mllt[5.2.132~9-82686]:main():gmm-acc-mllt.cc:108) Average like for this file is -47.3404 over 39 frames.
LOG (gmm-acc-mllt[5.2.132~9-82686]:main():gmm-acc-mllt.cc:108) Average like for this file is -44.9698 over 36 frames.
LOG (gmm-acc-mllt[5.2.132~9-82686]:main():gmm-acc-mllt.cc:108) Average like for this file is -48.9083 over 47 frames.
LOG (gmm-acc-mllt[5.2.132~9-82686]:main():gmm-acc-mllt.cc:114) Avg like per frame so far is -46.4341
LOG (gmm-acc-mllt[5.2.132~9-82686]:main():gmm-acc-mllt.cc:108) Average like for this file is -45.3839 over 39 frames.
LOG (gmm-acc-mllt[5.2.132~9-82686]:main():gmm-acc-mllt.cc:108) Average like for this file is -51.5796 over 27 frames.
LOG (gmm-acc-mllt[5.2.132~9-82686]:main():gmm-acc-mllt.cc:108) Average like for this file is -48.9424 over 40 frames.
LOG (gmm-acc-mllt[5.2.132~9-82686]:main():gmm-acc-mllt.cc:108) Average like for this file is -52.0614 over 43 frames.
LOG (gmm-acc-mllt[5.2.132~9-82686]:main():gmm-acc-mllt.cc:108) Average like for this file is -56.0641 over 35 frames.
LOG (gmm-acc-mllt[5.2.132~9-82686]:main():gmm-acc-mllt.cc:108) Average like for this file is -51.6471 over 32 frames.
LOG (gmm-acc-mllt[5.2.132~9-82686]:main():gmm-acc-mllt.cc:108) Average like for this file is -56.9288 over 31 frames.
LOG (ali-to-post[5.2.132~9-82686]:main():ali-to-post.cc:73) Converted 590 alignments.
LOG (gmm-acc-mllt[5.2.132~9-82686]:main():gmm-acc-mllt.cc:108) Average like for this file is -58.173 over 39 frames.
LOG (gmm-acc-mllt[5.2.132~9-82686]:main():gmm-acc-mllt.cc:108) Average like for this file is -57.1873 over 30 frames.
LOG (gmm-acc-mllt[5.2.132~9-82686]:main():gmm-acc-mllt.cc:108) Average like for this file is -44.5399 over 34 frames.
LOG (gmm-acc-mllt[5.2.132~9-82686]:main():gmm-acc-mllt.cc:114) Avg like per frame so far is -46.5787
LOG (gmm-acc-mllt[5.2.132~9-82686]:main():gmm-acc-mllt.cc:108) Average like for this file is -42.2257 over 40 frames.
LOG (gmm-acc-mllt[5.2.132~9-82686]:main():gmm-acc-mllt.cc:108) Average like for this file is -40.7373 over 38 frames.
LOG (gmm-acc-mllt[5.2.132~9-82686]:main():gmm-acc-mllt.cc:108) Average like for this file is -40.7772 over 38 frames.
LOG (gmm-acc-mllt[5.2.132~9-82686]:main():gmm-acc-mllt.cc:108) Average like for this file is -40.6706 over 37 frames.
LOG (gmm-acc-mllt[5.2.132~9-82686]:main():gmm-acc-mllt.cc:108) Average like for this file is -43.0481 over 40 frames.
LOG (gmm-acc-mllt[5.2.132~9-82686]:main():gmm-acc-mllt.cc:108) Average like for this file is -42.1401 over 33 frames.
LOG (gmm-acc-mllt[5.2.132~9-82686]:main():gmm-acc-mllt.cc:108) Average like for this file is -44.7331 over 29 frames.
LOG (gmm-acc-mllt[5.2.132~9-82686]:main():gmm-acc-mllt.cc:108) Average like for this file is -51.4669 over 52 frames.
LOG (gmm-acc-mllt[5.2.132~9-82686]:main():gmm-acc-mllt.cc:108) Average like for this file is -51.5437 over 52 frames.
LOG (gmm-acc-mllt[5.2.132~9-82686]:main():gmm-acc-mllt.cc:108) Average like for this file is -46.6908 over 37 frames.
LOG (gmm-acc-mllt[5.2.132~9-82686]:main():gmm-acc-mllt.cc:114) Avg like per frame so far is -46.532
LOG (gmm-acc-mllt[5.2.132~9-82686]:main():gmm-acc-mllt.cc:108) Average like for this file is -38.0934 over 43 frames.
LOG (gmm-acc-mllt[5.2.132~9-82686]:main():gmm-acc-mllt.cc:108) Average like for this file is -41.8512 over 50 frames.
LOG (gmm-acc-mllt[5.2.132~9-82686]:main():gmm-acc-mllt.cc:108) Average like for this file is -43.7365 over 30 frames.
LOG (gmm-acc-mllt[5.2.132~9-82686]:main():gmm-acc-mllt.cc:108) Average like for this file is -43.7344 over 38 frames.
LOG (gmm-acc-mllt[5.2.132~9-82686]:main():gmm-acc-mllt.cc:108) Average like for this file is -50.6726 over 36 frames.
LOG (gmm-acc-mllt[5.2.132~9-82686]:main():gmm-acc-mllt.cc:108) Average like for this file is -40.1812 over 42 frames.
LOG (gmm-acc-mllt[5.2.132~9-82686]:main():gmm-acc-mllt.cc:108) Average like for this file is -42.0737 over 35 frames.
LOG (gmm-acc-mllt[5.2.132~9-82686]:main():gmm-acc-mllt.cc:108) Average like for this file is -46.5338 over 23 frames.
LOG (gmm-acc-mllt[5.2.132~9-82686]:main():gmm-acc-mllt.cc:108) Average like for this file is -59.1895 over 24 frames.
LOG (gmm-acc-mllt[5.2.132~9-82686]:main():gmm-acc-mllt.cc:108) Average like for this file is -53.5258 over 19 frames.
LOG (gmm-acc-mllt[5.2.132~9-82686]:main():gmm-acc-mllt.cc:114) Avg like per frame so far is -46.4888
LOG (gmm-acc-mllt[5.2.132~9-82686]:main():gmm-acc-mllt.cc:108) Average like for this file is -52.0895 over 22 frames.
LOG (gmm-acc-mllt[5.2.132~9-82686]:main():gmm-acc-mllt.cc:108) Average like for this file is -49.7722 over 28 frames.
LOG (gmm-acc-mllt[5.2.132~9-82686]:main():gmm-acc-mllt.cc:108) Average like for this file is -49.5889 over 18 frames.
LOG (gmm-acc-mllt[5.2.132~9-82686]:main():gmm-acc-mllt.cc:108) Average like for this file is -49.6394 over 19 frames.
LOG (gmm-acc-mllt[5.2.132~9-82686]:main():gmm-acc-mllt.cc:108) Average like for this file is -46.2754 over 17 frames.
LOG (gmm-acc-mllt[5.2.132~9-82686]:main():gmm-acc-mllt.cc:108) Average like for this file is -47.6419 over 19 frames.
LOG (gmm-acc-mllt[5.2.132~9-82686]:main():gmm-acc-mllt.cc:108) Average like for this file is -53.5062 over 18 frames.
LOG (gmm-acc-mllt[5.2.132~9-82686]:main():gmm-acc-mllt.cc:108) Average like for this file is -51.4287 over 15 frames.
LOG (gmm-acc-mllt[5.2.132~9-82686]:main():gmm-acc-mllt.cc:108) Average like for this file is -57.6682 over 17 frames.
LOG (gmm-acc-mllt[5.2.132~9-82686]:main():gmm-acc-mllt.cc:108) Average like for this file is -51.7972 over 18 frames.
LOG (gmm-acc-mllt[5.2.132~9-82686]:main():gmm-acc-mllt.cc:114) Avg like per frame so far is -46.5458
LOG (gmm-acc-mllt[5.2.132~9-82686]:main():gmm-acc-mllt.cc:108) Average like for this file is -60.1413 over 25 frames.
LOG (gmm-acc-mllt[5.2.132~9-82686]:main():gmm-acc-mllt.cc:108) Average like for this file is -55.3263 over 28 frames.
LOG (gmm-acc-mllt[5.2.132~9-82686]:main():gmm-acc-mllt.cc:108) Average like for this file is -58.9899 over 32 frames.
LOG (gmm-acc-mllt[5.2.132~9-82686]:main():gmm-acc-mllt.cc:108) Average like for this file is -55.5311 over 34 frames.
LOG (gmm-acc-mllt[5.2.132~9-82686]:main():gmm-acc-mllt.cc:108) Average like for this file is -52.0183 over 40 frames.
LOG (gmm-acc-mllt[5.2.132~9-82686]:main():gmm-acc-mllt.cc:108) Average like for this file is -61.2539 over 41 frames.
LOG (gmm-acc-mllt[5.2.132~9-82686]:main():gmm-acc-mllt.cc:108) Average like for this file is -52.0519 over 42 frames.
LOG (gmm-acc-mllt[5.2.132~9-82686]:main():gmm-acc-mllt.cc:108) Average like for this file is -51.2059 over 48 frames.
LOG (gmm-acc-mllt[5.2.132~9-82686]:main():gmm-acc-mllt.cc:108) Average like for this file is -54.3789 over 37 frames.
LOG (gmm-acc-mllt[5.2.132~9-82686]:main():gmm-acc-mllt.cc:108) Average like for this file is -55.3679 over 40 frames.
LOG (gmm-acc-mllt[5.2.132~9-82686]:main():gmm-acc-mllt.cc:114) Avg like per frame so far is -46.7594
LOG (gmm-acc-mllt[5.2.132~9-82686]:main():gmm-acc-mllt.cc:108) Average like for this file is -52.5219 over 28 frames.
LOG (gmm-acc-mllt[5.2.132~9-82686]:main():gmm-acc-mllt.cc:108) Average like for this file is -55.9295 over 24 frames.
LOG (gmm-acc-mllt[5.2.132~9-82686]:main():gmm-acc-mllt.cc:108) Average like for this file is -52.9498 over 30 frames.
LOG (gmm-acc-mllt[5.2.132~9-82686]:main():gmm-acc-mllt.cc:108) Average like for this file is -58.2266 over 24 frames.
LOG (gmm-acc-mllt[5.2.132~9-82686]:main():gmm-acc-mllt.cc:108) Average like for this file is -56.2282 over 21 frames.
LOG (gmm-acc-mllt[5.2.132~9-82686]:main():gmm-acc-mllt.cc:108) Average like for this file is -56.1208 over 20 frames.
LOG (gmm-acc-mllt[5.2.132~9-82686]:main():gmm-acc-mllt.cc:108) Average like for this file is -55.8575 over 32 frames.
LOG (gmm-acc-mllt[5.2.132~9-82686]:main():gmm-acc-mllt.cc:108) Average like for this file is -53.1849 over 28 frames.
LOG (gmm-acc-mllt[5.2.132~9-82686]:main():gmm-acc-mllt.cc:108) Average like for this file is -56.814 over 26 frames.
LOG (gmm-acc-mllt[5.2.132~9-82686]:main():gmm-acc-mllt.cc:108) Average like for this file is -48.3195 over 24 frames.
LOG (gmm-acc-mllt[5.2.132~9-82686]:main():gmm-acc-mllt.cc:114) Avg like per frame so far is -46.8902
LOG (gmm-acc-mllt[5.2.132~9-82686]:main():gmm-acc-mllt.cc:108) Average like for this file is -51.6758 over 25 frames.
LOG (gmm-acc-mllt[5.2.132~9-82686]:main():gmm-acc-mllt.cc:108) Average like for this file is -43.7158 over 28 frames.
LOG (gmm-acc-mllt[5.2.132~9-82686]:main():gmm-acc-mllt.cc:108) Average like for this file is -41.182 over 24 frames.
LOG (gmm-acc-mllt[5.2.132~9-82686]:main():gmm-acc-mllt.cc:108) Average like for this file is -44.9485 over 31 frames.
LOG (gmm-acc-mllt[5.2.132~9-82686]:main():gmm-acc-mllt.cc:108) Average like for this file is -43.8669 over 27 frames.
LOG (gmm-acc-mllt[5.2.132~9-82686]:main():gmm-acc-mllt.cc:108) Average like for this file is -52.524 over 26 frames.
LOG (gmm-acc-mllt[5.2.132~9-82686]:main():gmm-acc-mllt.cc:108) Average like for this file is -44.0599 over 36 frames.
LOG (gmm-acc-mllt[5.2.132~9-82686]:main():gmm-acc-mllt.cc:108) Average like for this file is -45.2395 over 28 frames.
LOG (gmm-acc-mllt[5.2.132~9-82686]:main():gmm-acc-mllt.cc:108) Average like for this file is -43.9045 over 31 frames.
LOG (gmm-acc-mllt[5.2.132~9-82686]:main():gmm-acc-mllt.cc:108) Average like for this file is -42.7816 over 30 frames.
LOG (gmm-acc-mllt[5.2.132~9-82686]:main():gmm-acc-mllt.cc:114) Avg like per frame so far is -46.8603
LOG (gmm-acc-mllt[5.2.132~9-82686]:main():gmm-acc-mllt.cc:108) Average like for this file is -56.3731 over 27 frames.
LOG (gmm-acc-mllt[5.2.132~9-82686]:main():gmm-acc-mllt.cc:108) Average like for this file is -49.099 over 34 frames.
LOG (gmm-acc-mllt[5.2.132~9-82686]:main():gmm-acc-mllt.cc:108) Average like for this file is -50.5141 over 33 frames.
LOG (gmm-acc-mllt[5.2.132~9-82686]:main():gmm-acc-mllt.cc:108) Average like for this file is -54.6369 over 24 frames.
LOG (gmm-acc-mllt[5.2.132~9-82686]:main():gmm-acc-mllt.cc:108) Average like for this file is -53.5349 over 36 frames.
LOG (gmm-acc-mllt[5.2.132~9-82686]:main():gmm-acc-mllt.cc:108) Average like for this file is -53.1767 over 41 frames.
LOG (gmm-acc-mllt[5.2.132~9-82686]:main():gmm-acc-mllt.cc:108) Average like for this file is -49.2297 over 38 frames.
LOG (gmm-acc-mllt[5.2.132~9-82686]:main():gmm-acc-mllt.cc:108) Average like for this file is -52.3941 over 34 frames.
LOG (gmm-acc-mllt[5.2.132~9-82686]:main():gmm-acc-mllt.cc:108) Average like for this file is -61.6595 over 36 frames.
LOG (gmm-acc-mllt[5.2.132~9-82686]:main():gmm-acc-mllt.cc:108) Average like for this file is -55.9659 over 28 frames.
LOG (gmm-acc-mllt[5.2.132~9-82686]:main():gmm-acc-mllt.cc:114) Avg like per frame so far is -46.9991
LOG (gmm-acc-mllt[5.2.132~9-82686]:main():gmm-acc-mllt.cc:108) Average like for this file is -56.9729 over 36 frames.
LOG (gmm-acc-mllt[5.2.132~9-82686]:main():gmm-acc-mllt.cc:108) Average like for this file is -57.0537 over 26 frames.
LOG (gmm-acc-mllt[5.2.132~9-82686]:main():gmm-acc-mllt.cc:108) Average like for this file is -57.735 over 28 frames.
LOG (gmm-acc-mllt[5.2.132~9-82686]:main():gmm-acc-mllt.cc:108) Average like for this file is -50.7177 over 30 frames.
LOG (gmm-acc-mllt[5.2.132~9-82686]:main():gmm-acc-mllt.cc:108) Average like for this file is -58.5994 over 28 frames.
LOG (gmm-acc-mllt[5.2.132~9-82686]:main():gmm-acc-mllt.cc:108) Average like for this file is -46.5775 over 74 frames.
LOG (gmm-acc-mllt[5.2.132~9-82686]:main():gmm-acc-mllt.cc:108) Average like for this file is -49.8274 over 61 frames.
LOG (gmm-acc-mllt[5.2.132~9-82686]:main():gmm-acc-mllt.cc:108) Average like for this file is -49.4046 over 60 frames.
LOG (gmm-acc-mllt[5.2.132~9-82686]:main():gmm-acc-mllt.cc:108) Average like for this file is -48.5553 over 30 frames.
LOG (gmm-acc-mllt[5.2.132~9-82686]:main():gmm-acc-mllt.cc:108) Average like for this file is -51.1067 over 29 frames.
LOG (gmm-acc-mllt[5.2.132~9-82686]:main():gmm-acc-mllt.cc:114) Avg like per frame so far is -47.1101
LOG (gmm-acc-mllt[5.2.132~9-82686]:main():gmm-acc-mllt.cc:108) Average like for this file is -51.4608 over 29 frames.
LOG (gmm-acc-mllt[5.2.132~9-82686]:main():gmm-acc-mllt.cc:108) Average like for this file is -48.2528 over 23 frames.
LOG (gmm-acc-mllt[5.2.132~9-82686]:main():gmm-acc-mllt.cc:108) Average like for this file is -52.2385 over 21 frames.
LOG (gmm-acc-mllt[5.2.132~9-82686]:main():gmm-acc-mllt.cc:108) Average like for this file is -52.9207 over 31 frames.
LOG (gmm-acc-mllt[5.2.132~9-82686]:main():gmm-acc-mllt.cc:108) Average like for this file is -49.6505 over 27 frames.
LOG (gmm-acc-mllt[5.2.132~9-82686]:main():gmm-acc-mllt.cc:108) Average like for this file is -47.0937 over 26 frames.
LOG (gmm-acc-mllt[5.2.132~9-82686]:main():gmm-acc-mllt.cc:108) Average like for this file is -48.1726 over 30 frames.
LOG (gmm-acc-mllt[5.2.132~9-82686]:main():gmm-acc-mllt.cc:108) Average like for this file is -47.4441 over 29 frames.
LOG (gmm-acc-mllt[5.2.132~9-82686]:main():gmm-acc-mllt.cc:108) Average like for this file is -51.6921 over 31 frames.
LOG (gmm-acc-mllt[5.2.132~9-82686]:main():gmm-acc-mllt.cc:108) Average like for this file is -49.8635 over 23 frames.
LOG (gmm-acc-mllt[5.2.132~9-82686]:main():gmm-acc-mllt.cc:114) Avg like per frame so far is -47.1557
LOG (gmm-acc-mllt[5.2.132~9-82686]:main():gmm-acc-mllt.cc:108) Average like for this file is -49.6379 over 46 frames.
LOG (gmm-acc-mllt[5.2.132~9-82686]:main():gmm-acc-mllt.cc:108) Average like for this file is -55.0419 over 39 frames.
LOG (gmm-acc-mllt[5.2.132~9-82686]:main():gmm-acc-mllt.cc:108) Average like for this file is -46.4008 over 34 frames.
LOG (gmm-acc-mllt[5.2.132~9-82686]:main():gmm-acc-mllt.cc:108) Average like for this file is -51.1868 over 37 frames.
LOG (gmm-acc-mllt[5.2.132~9-82686]:main():gmm-acc-mllt.cc:108) Average like for this file is -48.4013 over 29 frames.
LOG (gmm-acc-mllt[5.2.132~9-82686]:main():gmm-acc-mllt.cc:108) Average like for this file is -48.0956 over 27 frames.
LOG (gmm-acc-mllt[5.2.132~9-82686]:main():gmm-acc-mllt.cc:108) Average like for this file is -53.2118 over 27 frames.
LOG (gmm-acc-mllt[5.2.132~9-82686]:main():gmm-acc-mllt.cc:108) Average like for this file is -49.056 over 31 frames.
LOG (gmm-acc-mllt[5.2.132~9-82686]:main():gmm-acc-mllt.cc:108) Average like for this file is -52.7715 over 25 frames.
LOG (gmm-acc-mllt[5.2.132~9-82686]:main():gmm-acc-mllt.cc:108) Average like for this file is -49.8226 over 34 frames.
LOG (gmm-acc-mllt[5.2.132~9-82686]:main():gmm-acc-mllt.cc:114) Avg like per frame so far is -47.2184
LOG (gmm-acc-mllt[5.2.132~9-82686]:main():gmm-acc-mllt.cc:108) Average like for this file is -41.056 over 57 frames.
LOG (gmm-acc-mllt[5.2.132~9-82686]:main():gmm-acc-mllt.cc:108) Average like for this file is -53.6033 over 46 frames.
LOG (gmm-acc-mllt[5.2.132~9-82686]:main():gmm-acc-mllt.cc:108) Average like for this file is -50.8087 over 18 frames.
LOG (gmm-acc-mllt[5.2.132~9-82686]:main():gmm-acc-mllt.cc:108) Average like for this file is -45.3566 over 12 frames.
LOG (gmm-acc-mllt[5.2.132~9-82686]:main():gmm-acc-mllt.cc:108) Average like for this file is -52.8309 over 17 frames.
LOG (gmm-acc-mllt[5.2.132~9-82686]:main():gmm-acc-mllt.cc:108) Average like for this file is -53.5873 over 21 frames.
LOG (gmm-acc-mllt[5.2.132~9-82686]:main():gmm-acc-mllt.cc:108) Average like for this file is -54.1832 over 26 frames.
LOG (gmm-acc-mllt[5.2.132~9-82686]:main():gmm-acc-mllt.cc:108) Average like for this file is -49.4296 over 28 frames.
LOG (gmm-acc-mllt[5.2.132~9-82686]:main():gmm-acc-mllt.cc:108) Average like for this file is -53.8659 over 19 frames.
LOG (gmm-acc-mllt[5.2.132~9-82686]:main():gmm-acc-mllt.cc:108) Average like for this file is -52.5396 over 20 frames.
LOG (gmm-acc-mllt[5.2.132~9-82686]:main():gmm-acc-mllt.cc:114) Avg like per frame so far is -47.2586
LOG (gmm-acc-mllt[5.2.132~9-82686]:main():gmm-acc-mllt.cc:108) Average like for this file is -57.5214 over 30 frames.
LOG (gmm-acc-mllt[5.2.132~9-82686]:main():gmm-acc-mllt.cc:108) Average like for this file is -49.65 over 33 frames.
LOG (gmm-acc-mllt[5.2.132~9-82686]:main():gmm-acc-mllt.cc:108) Average like for this file is -56.2148 over 19 frames.
LOG (gmm-acc-mllt[5.2.132~9-82686]:main():gmm-acc-mllt.cc:108) Average like for this file is -57.1106 over 45 frames.
LOG (gmm-acc-mllt[5.2.132~9-82686]:main():gmm-acc-mllt.cc:108) Average like for this file is -52.5106 over 44 frames.
LOG (gmm-acc-mllt[5.2.132~9-82686]:main():gmm-acc-mllt.cc:108) Average like for this file is -54.2954 over 31 frames.
LOG (gmm-acc-mllt[5.2.132~9-82686]:main():gmm-acc-mllt.cc:108) Average like for this file is -47.5318 over 29 frames.
LOG (gmm-acc-mllt[5.2.132~9-82686]:main():gmm-acc-mllt.cc:108) Average like for this file is -47.8668 over 33 frames.
LOG (gmm-acc-mllt[5.2.132~9-82686]:main():gmm-acc-mllt.cc:108) Average like for this file is -46.5376 over 31 frames.
LOG (gmm-acc-mllt[5.2.132~9-82686]:main():gmm-acc-mllt.cc:108) Average like for this file is -50.2504 over 44 frames.
LOG (gmm-acc-mllt[5.2.132~9-82686]:main():gmm-acc-mllt.cc:114) Avg like per frame so far is -47.3493
LOG (gmm-acc-mllt[5.2.132~9-82686]:main():gmm-acc-mllt.cc:108) Average like for this file is -56.8999 over 36 frames.
LOG (gmm-acc-mllt[5.2.132~9-82686]:main():gmm-acc-mllt.cc:108) Average like for this file is -48.3646 over 46 frames.
LOG (gmm-acc-mllt[5.2.132~9-82686]:main():gmm-acc-mllt.cc:108) Average like for this file is -51.4691 over 41 frames.
LOG (weight-silence-post[5.2.132~9-82686]:main():weight-silence-post.cc:95) Done 590 posteriors.
LOG (gmm-acc-mllt[5.2.132~9-82686]:main():gmm-acc-mllt.cc:108) Average like for this file is -59.7805 over 26 frames.
LOG (gmm-acc-mllt[5.2.132~9-82686]:main():gmm-acc-mllt.cc:108) Average like for this file is -58.4771 over 26 frames.
LOG (gmm-acc-mllt[5.2.132~9-82686]:main():gmm-acc-mllt.cc:108) Average like for this file is -47.49 over 65 frames.
LOG (gmm-acc-mllt[5.2.132~9-82686]:main():gmm-acc-mllt.cc:108) Average like for this file is -41.9671 over 53 frames.
LOG (gmm-acc-mllt[5.2.132~9-82686]:main():gmm-acc-mllt.cc:108) Average like for this file is -42.7823 over 47 frames.
LOG (gmm-acc-mllt[5.2.132~9-82686]:main():gmm-acc-mllt.cc:108) Average like for this file is -41.6279 over 33 frames.
LOG (gmm-acc-mllt[5.2.132~9-82686]:main():gmm-acc-mllt.cc:108) Average like for this file is -44.8227 over 37 frames.
LOG (gmm-acc-mllt[5.2.132~9-82686]:main():gmm-acc-mllt.cc:114) Avg like per frame so far is -47.3716
LOG (gmm-acc-mllt[5.2.132~9-82686]:main():gmm-acc-mllt.cc:108) Average like for this file is -49.2861 over 33 frames.
LOG (gmm-acc-mllt[5.2.132~9-82686]:main():gmm-acc-mllt.cc:108) Average like for this file is -45.175 over 29 frames.
LOG (gmm-acc-mllt[5.2.132~9-82686]:main():gmm-acc-mllt.cc:108) Average like for this file is -48.0332 over 23 frames.
LOG (gmm-acc-mllt[5.2.132~9-82686]:main():gmm-acc-mllt.cc:108) Average like for this file is -56.2302 over 28 frames.
LOG (gmm-acc-mllt[5.2.132~9-82686]:main():gmm-acc-mllt.cc:108) Average like for this file is -57.2073 over 32 frames.
LOG (gmm-acc-mllt[5.2.132~9-82686]:main():gmm-acc-mllt.cc:108) Average like for this file is -51.2186 over 29 frames.
LOG (gmm-acc-mllt[5.2.132~9-82686]:main():gmm-acc-mllt.cc:108) Average like for this file is -47.1589 over 28 frames.
LOG (gmm-acc-mllt[5.2.132~9-82686]:main():gmm-acc-mllt.cc:108) Average like for this file is -46.0478 over 43 frames.
LOG (gmm-acc-mllt[5.2.132~9-82686]:main():gmm-acc-mllt.cc:108) Average like for this file is -44.0007 over 28 frames.
LOG (gmm-acc-mllt[5.2.132~9-82686]:main():gmm-acc-mllt.cc:108) Average like for this file is -48.051 over 32 frames.
LOG (gmm-acc-mllt[5.2.132~9-82686]:main():gmm-acc-mllt.cc:114) Avg like per frame so far is -47.402
LOG (gmm-acc-mllt[5.2.132~9-82686]:main():gmm-acc-mllt.cc:108) Average like for this file is -51.4464 over 26 frames.
LOG (gmm-acc-mllt[5.2.132~9-82686]:main():gmm-acc-mllt.cc:108) Average like for this file is -45.8919 over 35 frames.
LOG (gmm-acc-mllt[5.2.132~9-82686]:main():gmm-acc-mllt.cc:108) Average like for this file is -46.4816 over 47 frames.
LOG (gmm-acc-mllt[5.2.132~9-82686]:main():gmm-acc-mllt.cc:108) Average like for this file is -43.0936 over 50 frames.
LOG (gmm-acc-mllt[5.2.132~9-82686]:main():gmm-acc-mllt.cc:108) Average like for this file is -44.7465 over 33 frames.
LOG (gmm-acc-mllt[5.2.132~9-82686]:main():gmm-acc-mllt.cc:108) Average like for this file is -51.754 over 23 frames.
LOG (gmm-acc-mllt[5.2.132~9-82686]:main():gmm-acc-mllt.cc:108) Average like for this file is -48.8648 over 32 frames.
LOG (gmm-acc-mllt[5.2.132~9-82686]:main():gmm-acc-mllt.cc:108) Average like for this file is -49.0653 over 37 frames.
LOG (gmm-acc-mllt[5.2.132~9-82686]:main():gmm-acc-mllt.cc:108) Average like for this file is -42.866 over 40 frames.
LOG (gmm-acc-mllt[5.2.132~9-82686]:main():gmm-acc-mllt.cc:108) Average like for this file is -50.1647 over 36 frames.
LOG (gmm-acc-mllt[5.2.132~9-82686]:main():gmm-acc-mllt.cc:114) Avg like per frame so far is -47.3929
LOG (gmm-acc-mllt[5.2.132~9-82686]:main():gmm-acc-mllt.cc:108) Average like for this file is -46.4365 over 47 frames.
LOG (gmm-acc-mllt[5.2.132~9-82686]:main():gmm-acc-mllt.cc:108) Average like for this file is -47.6793 over 42 frames.
LOG (gmm-acc-mllt[5.2.132~9-82686]:main():gmm-acc-mllt.cc:108) Average like for this file is -48.0844 over 38 frames.
LOG (gmm-acc-mllt[5.2.132~9-82686]:main():gmm-acc-mllt.cc:108) Average like for this file is -50.6733 over 22 frames.
LOG (gmm-acc-mllt[5.2.132~9-82686]:main():gmm-acc-mllt.cc:108) Average like for this file is -51.8622 over 21 frames.
LOG (gmm-acc-mllt[5.2.132~9-82686]:main():gmm-acc-mllt.cc:108) Average like for this file is -55.1009 over 44 frames.
LOG (gmm-acc-mllt[5.2.132~9-82686]:main():gmm-acc-mllt.cc:108) Average like for this file is -49.9907 over 33 frames.
LOG (gmm-acc-mllt[5.2.132~9-82686]:main():gmm-acc-mllt.cc:108) Average like for this file is -46.3016 over 39 frames.
LOG (gmm-acc-mllt[5.2.132~9-82686]:main():gmm-acc-mllt.cc:108) Average like for this file is -51.1505 over 29 frames.
LOG (gmm-acc-mllt[5.2.132~9-82686]:main():gmm-acc-mllt.cc:108) Average like for this file is -47.1441 over 30 frames.
LOG (gmm-acc-mllt[5.2.132~9-82686]:main():gmm-acc-mllt.cc:114) Avg like per frame so far is -47.4269
LOG (gmm-acc-mllt[5.2.132~9-82686]:main():gmm-acc-mllt.cc:108) Average like for this file is -44.9761 over 38 frames.
LOG (gmm-acc-mllt[5.2.132~9-82686]:main():gmm-acc-mllt.cc:108) Average like for this file is -54.905 over 18 frames.
LOG (gmm-acc-mllt[5.2.132~9-82686]:main():gmm-acc-mllt.cc:108) Average like for this file is -48.4821 over 23 frames.
LOG (gmm-acc-mllt[5.2.132~9-82686]:main():gmm-acc-mllt.cc:108) Average like for this file is -36.4556 over 52 frames.
LOG (gmm-acc-mllt[5.2.132~9-82686]:main():gmm-acc-mllt.cc:108) Average like for this file is -57.1973 over 25 frames.
LOG (gmm-acc-mllt[5.2.132~9-82686]:main():gmm-acc-mllt.cc:108) Average like for this file is -50.5501 over 20 frames.
LOG (gmm-acc-mllt[5.2.132~9-82686]:main():gmm-acc-mllt.cc:108) Average like for this file is -47.6226 over 38 frames.
LOG (gmm-acc-mllt[5.2.132~9-82686]:main():gmm-acc-mllt.cc:108) Average like for this file is -45.8901 over 24 frames.
LOG (gmm-acc-mllt[5.2.132~9-82686]:main():gmm-acc-mllt.cc:108) Average like for this file is -54.7369 over 23 frames.
LOG (gmm-acc-mllt[5.2.132~9-82686]:main():gmm-acc-mllt.cc:108) Average like for this file is -43.9712 over 26 frames.
LOG (gmm-acc-mllt[5.2.132~9-82686]:main():gmm-acc-mllt.cc:114) Avg like per frame so far is -47.4192
LOG (gmm-acc-mllt[5.2.132~9-82686]:main():gmm-acc-mllt.cc:108) Average like for this file is -51.6068 over 21 frames.
LOG (gmm-acc-mllt[5.2.132~9-82686]:main():gmm-acc-mllt.cc:108) Average like for this file is -46.8402 over 21 frames.
LOG (gmm-acc-mllt[5.2.132~9-82686]:main():gmm-acc-mllt.cc:108) Average like for this file is -46.2586 over 25 frames.
LOG (gmm-acc-mllt[5.2.132~9-82686]:main():gmm-acc-mllt.cc:108) Average like for this file is -50.5167 over 19 frames.
LOG (gmm-acc-mllt[5.2.132~9-82686]:main():gmm-acc-mllt.cc:108) Average like for this file is -53.4163 over 19 frames.
LOG (gmm-acc-mllt[5.2.132~9-82686]:main():gmm-acc-mllt.cc:108) Average like for this file is -51.0974 over 44 frames.
LOG (gmm-acc-mllt[5.2.132~9-82686]:main():gmm-acc-mllt.cc:108) Average like for this file is -52.5132 over 43 frames.
LOG (gmm-acc-mllt[5.2.132~9-82686]:main():gmm-acc-mllt.cc:108) Average like for this file is -49.0336 over 48 frames.
LOG (gmm-acc-mllt[5.2.132~9-82686]:main():gmm-acc-mllt.cc:108) Average like for this file is -54.0523 over 37 frames.
LOG (gmm-acc-mllt[5.2.132~9-82686]:main():gmm-acc-mllt.cc:108) Average like for this file is -49.8395 over 46 frames.
LOG (gmm-acc-mllt[5.2.132~9-82686]:main():gmm-acc-mllt.cc:114) Avg like per frame so far is -47.4722
LOG (gmm-acc-mllt[5.2.132~9-82686]:main():gmm-acc-mllt.cc:108) Average like for this file is -51.4983 over 46 frames.
LOG (apply-cmvn[5.2.132~9-82686]:main():apply-cmvn.cc:162) Applied cepstral mean normalization to 590 utterances, errors on 0
LOG (gmm-acc-mllt[5.2.132~9-82686]:main():gmm-acc-mllt.cc:108) Average like for this file is -52.3728 over 44 frames.
LOG (gmm-acc-mllt[5.2.132~9-82686]:main():gmm-acc-mllt.cc:108) Average like for this file is -55.2823 over 36 frames.
LOG (gmm-acc-mllt[5.2.132~9-82686]:main():gmm-acc-mllt.cc:108) Average like for this file is -54.8124 over 32 frames.
LOG (gmm-acc-mllt[5.2.132~9-82686]:main():gmm-acc-mllt.cc:108) Average like for this file is -47.0132 over 59 frames.
LOG (gmm-acc-mllt[5.2.132~9-82686]:main():gmm-acc-mllt.cc:108) Average like for this file is -60.1074 over 24 frames.
LOG (gmm-acc-mllt[5.2.132~9-82686]:main():gmm-acc-mllt.cc:108) Average like for this file is -54.8924 over 28 frames.
LOG (gmm-acc-mllt[5.2.132~9-82686]:main():gmm-acc-mllt.cc:108) Average like for this file is -52.028 over 32 frames.
LOG (gmm-acc-mllt[5.2.132~9-82686]:main():gmm-acc-mllt.cc:108) Average like for this file is -52.6441 over 39 frames.
LOG (gmm-acc-mllt[5.2.132~9-82686]:main():gmm-acc-mllt.cc:108) Average like for this file is -49.9354 over 36 frames.
LOG (gmm-acc-mllt[5.2.132~9-82686]:main():gmm-acc-mllt.cc:114) Avg like per frame so far is -47.5644
LOG (gmm-acc-mllt[5.2.132~9-82686]:main():gmm-acc-mllt.cc:108) Average like for this file is -52.5178 over 39 frames.
LOG (gmm-acc-mllt[5.2.132~9-82686]:main():gmm-acc-mllt.cc:108) Average like for this file is -58.0774 over 22 frames.
LOG (gmm-acc-mllt[5.2.132~9-82686]:main():gmm-acc-mllt.cc:108) Average like for this file is -50.331 over 37 frames.
LOG (gmm-acc-mllt[5.2.132~9-82686]:main():gmm-acc-mllt.cc:108) Average like for this file is -55.0816 over 32 frames.
LOG (gmm-acc-mllt[5.2.132~9-82686]:main():gmm-acc-mllt.cc:108) Average like for this file is -52.4204 over 39 frames.
LOG (gmm-acc-mllt[5.2.132~9-82686]:main():gmm-acc-mllt.cc:108) Average like for this file is -52.7534 over 35 frames.
LOG (gmm-acc-mllt[5.2.132~9-82686]:main():gmm-acc-mllt.cc:108) Average like for this file is -52.9489 over 36 frames.
LOG (gmm-acc-mllt[5.2.132~9-82686]:main():gmm-acc-mllt.cc:108) Average like for this file is -59.0896 over 34 frames.
LOG (gmm-acc-mllt[5.2.132~9-82686]:main():gmm-acc-mllt.cc:108) Average like for this file is -51.271 over 35 frames.
LOG (gmm-acc-mllt[5.2.132~9-82686]:main():gmm-acc-mllt.cc:108) Average like for this file is -55.0385 over 26 frames.
LOG (gmm-acc-mllt[5.2.132~9-82686]:main():gmm-acc-mllt.cc:114) Avg like per frame so far is -47.6656
LOG (gmm-acc-mllt[5.2.132~9-82686]:main():gmm-acc-mllt.cc:108) Average like for this file is -55.1445 over 22 frames.
LOG (gmm-acc-mllt[5.2.132~9-82686]:main():gmm-acc-mllt.cc:108) Average like for this file is -46.9807 over 31 frames.
LOG (gmm-acc-mllt[5.2.132~9-82686]:main():gmm-acc-mllt.cc:108) Average like for this file is -52.5288 over 21 frames.
LOG (gmm-acc-mllt[5.2.132~9-82686]:main():gmm-acc-mllt.cc:108) Average like for this file is -57.5624 over 17 frames.
LOG (gmm-acc-mllt[5.2.132~9-82686]:main():gmm-acc-mllt.cc:108) Average like for this file is -46.7467 over 25 frames.
LOG (gmm-acc-mllt[5.2.132~9-82686]:main():gmm-acc-mllt.cc:108) Average like for this file is -53.0622 over 23 frames.
LOG (gmm-acc-mllt[5.2.132~9-82686]:main():gmm-acc-mllt.cc:108) Average like for this file is -51.2089 over 26 frames.
LOG (gmm-acc-mllt[5.2.132~9-82686]:main():gmm-acc-mllt.cc:108) Average like for this file is -49.6236 over 24 frames.
LOG (gmm-acc-mllt[5.2.132~9-82686]:main():gmm-acc-mllt.cc:108) Average like for this file is -58.698 over 26 frames.
LOG (gmm-acc-mllt[5.2.132~9-82686]:main():gmm-acc-mllt.cc:108) Average like for this file is -46.7972 over 24 frames.
LOG (gmm-acc-mllt[5.2.132~9-82686]:main():gmm-acc-mllt.cc:114) Avg like per frame so far is -47.7106
LOG (gmm-acc-mllt[5.2.132~9-82686]:main():gmm-acc-mllt.cc:108) Average like for this file is -45.8955 over 22 frames.
LOG (gmm-acc-mllt[5.2.132~9-82686]:main():gmm-acc-mllt.cc:108) Average like for this file is -42.7679 over 27 frames.
LOG (gmm-acc-mllt[5.2.132~9-82686]:main():gmm-acc-mllt.cc:108) Average like for this file is -34.9588 over 40 frames.
LOG (gmm-acc-mllt[5.2.132~9-82686]:main():gmm-acc-mllt.cc:108) Average like for this file is -51.1514 over 37 frames.
LOG (gmm-acc-mllt[5.2.132~9-82686]:main():gmm-acc-mllt.cc:108) Average like for this file is -42.9121 over 42 frames.
LOG (gmm-acc-mllt[5.2.132~9-82686]:main():gmm-acc-mllt.cc:108) Average like for this file is -44.0197 over 40 frames.
LOG (gmm-acc-mllt[5.2.132~9-82686]:main():gmm-acc-mllt.cc:108) Average like for this file is -38.4535 over 33 frames.
LOG (gmm-acc-mllt[5.2.132~9-82686]:main():gmm-acc-mllt.cc:108) Average like for this file is -39.8813 over 26 frames.
LOG (gmm-acc-mllt[5.2.132~9-82686]:main():gmm-acc-mllt.cc:108) Average like for this file is -39.8397 over 30 frames.
LOG (gmm-acc-mllt[5.2.132~9-82686]:main():gmm-acc-mllt.cc:108) Average like for this file is -47.3614 over 22 frames.
LOG (gmm-acc-mllt[5.2.132~9-82686]:main():gmm-acc-mllt.cc:114) Avg like per frame so far is -47.6308
LOG (gmm-acc-mllt[5.2.132~9-82686]:main():gmm-acc-mllt.cc:108) Average like for this file is -41.1821 over 32 frames.
LOG (gmm-acc-mllt[5.2.132~9-82686]:main():gmm-acc-mllt.cc:108) Average like for this file is -48.087 over 30 frames.
LOG (gmm-acc-mllt[5.2.132~9-82686]:main():gmm-acc-mllt.cc:108) Average like for this file is -45.5017 over 33 frames.
LOG (gmm-acc-mllt[5.2.132~9-82686]:main():gmm-acc-mllt.cc:108) Average like for this file is -42.8503 over 50 frames.
LOG (gmm-acc-mllt[5.2.132~9-82686]:main():gmm-acc-mllt.cc:108) Average like for this file is -45.8593 over 35 frames.
LOG (gmm-acc-mllt[5.2.132~9-82686]:main():gmm-acc-mllt.cc:108) Average like for this file is -41.7757 over 29 frames.
LOG (gmm-acc-mllt[5.2.132~9-82686]:main():gmm-acc-mllt.cc:108) Average like for this file is -55.2389 over 27 frames.
LOG (gmm-acc-mllt[5.2.132~9-82686]:main():gmm-acc-mllt.cc:108) Average like for this file is -45.9116 over 31 frames.
LOG (gmm-acc-mllt[5.2.132~9-82686]:main():gmm-acc-mllt.cc:108) Average like for this file is -38.3428 over 37 frames.
LOG (gmm-acc-mllt[5.2.132~9-82686]:main():gmm-acc-mllt.cc:108) Average like for this file is -41.3918 over 28 frames.
LOG (gmm-acc-mllt[5.2.132~9-82686]:main():gmm-acc-mllt.cc:114) Avg like per frame so far is -47.5788
LOG (transform-feats[5.2.132~9-82686]:main():transform-feats.cc:158) Overall average [pseudo-]logdet is -84.3318 over 22731 frames.
LOG (transform-feats[5.2.132~9-82686]:main():transform-feats.cc:161) Applied transform to 590 utterances; 0 had errors.
LOG (gmm-acc-mllt[5.2.132~9-82686]:main():gmm-acc-mllt.cc:108) Average like for this file is -41.1808 over 25 frames.
LOG (gmm-acc-mllt[5.2.132~9-82686]:main():gmm-acc-mllt.cc:108) Average like for this file is -43.3759 over 29 frames.
LOG (gmm-acc-mllt[5.2.132~9-82686]:main():gmm-acc-mllt.cc:108) Average like for this file is -52.8161 over 29 frames.
LOG (gmm-acc-mllt[5.2.132~9-82686]:main():gmm-acc-mllt.cc:108) Average like for this file is -46.3602 over 38 frames.
LOG (gmm-acc-mllt[5.2.132~9-82686]:main():gmm-acc-mllt.cc:108) Average like for this file is -48.0203 over 29 frames.
LOG (gmm-acc-mllt[5.2.132~9-82686]:main():gmm-acc-mllt.cc:108) Average like for this file is -47.5519 over 33 frames.
LOG (gmm-acc-mllt[5.2.132~9-82686]:main():gmm-acc-mllt.cc:108) Average like for this file is -39.221 over 26 frames.
LOG (gmm-acc-mllt[5.2.132~9-82686]:main():gmm-acc-mllt.cc:108) Average like for this file is -47.1874 over 27 frames.
LOG (gmm-acc-mllt[5.2.132~9-82686]:main():gmm-acc-mllt.cc:108) Average like for this file is -52.9789 over 29 frames.
LOG (gmm-acc-mllt[5.2.132~9-82686]:main():gmm-acc-mllt.cc:108) Average like for this file is -42.2884 over 37 frames.
LOG (gmm-acc-mllt[5.2.132~9-82686]:main():gmm-acc-mllt.cc:114) Avg like per frame so far is -47.5586
LOG (gmm-acc-mllt[5.2.132~9-82686]:main():gmm-acc-mllt.cc:119) Done 590 files, 0 with no posteriors, 0 with other errors.
LOG (gmm-acc-mllt[5.2.132~9-82686]:main():gmm-acc-mllt.cc:123) Overall avg like per frame (Gaussian only) = -47.5586 over 21431 frames.
LOG (gmm-acc-mllt[5.2.132~9-82686]:main():gmm-acc-mllt.cc:127) Written accs.
# Accounting: time=1 threads=1
# Ended (code 0) at Thu Nov  9 13:50:32 NZDT 2017, elapsed time 1 seconds
