# ali-to-post "ark:gunzip -c exp/tri2b/ali.2.gz|" ark:- | weight-silence-post 0.0 1:2:3:4:5:6:7:8:9:10 exp/tri2b/2.mdl ark:- ark:- | gmm-acc-mllt --rand-prune=4.0 exp/tri2b/2.mdl "ark,s,cs:apply-cmvn  --utt2spk=ark:data/train/split4/2/utt2spk scp:data/train/split4/2/cmvn.scp scp:data/train/split4/2/feats.scp ark:- | splice-feats --left-context=3 --right-context=3 ark:- ark:- | transform-feats exp/tri2b/0.mat ark:- ark:- |" ark:- exp/tri2b/2.2.macc 
# Started at Thu Nov  9 13:50:16 NZDT 2017
#
weight-silence-post 0.0 1:2:3:4:5:6:7:8:9:10 exp/tri2b/2.mdl ark:- ark:- 
ali-to-post 'ark:gunzip -c exp/tri2b/ali.2.gz|' ark:- 
gmm-acc-mllt --rand-prune=4.0 exp/tri2b/2.mdl 'ark,s,cs:apply-cmvn  --utt2spk=ark:data/train/split4/2/utt2spk scp:data/train/split4/2/cmvn.scp scp:data/train/split4/2/feats.scp ark:- | splice-feats --left-context=3 --right-context=3 ark:- ark:- | transform-feats exp/tri2b/0.mat ark:- ark:- |' ark:- exp/tri2b/2.2.macc 
apply-cmvn --utt2spk=ark:data/train/split4/2/utt2spk scp:data/train/split4/2/cmvn.scp scp:data/train/split4/2/feats.scp ark:- 
transform-feats exp/tri2b/0.mat ark:- ark:- 
splice-feats --left-context=3 --right-context=3 ark:- ark:- 
LOG (gmm-acc-mllt[5.2.132~9-82686]:main():gmm-acc-mllt.cc:108) Average like for this file is -56.4002 over 38 frames.
LOG (gmm-acc-mllt[5.2.132~9-82686]:main():gmm-acc-mllt.cc:108) Average like for this file is -48.8162 over 34 frames.
LOG (gmm-acc-mllt[5.2.132~9-82686]:main():gmm-acc-mllt.cc:108) Average like for this file is -57.2224 over 32 frames.
LOG (gmm-acc-mllt[5.2.132~9-82686]:main():gmm-acc-mllt.cc:108) Average like for this file is -58.952 over 30 frames.
LOG (gmm-acc-mllt[5.2.132~9-82686]:main():gmm-acc-mllt.cc:108) Average like for this file is -47.9106 over 38 frames.
LOG (gmm-acc-mllt[5.2.132~9-82686]:main():gmm-acc-mllt.cc:108) Average like for this file is -50.1212 over 31 frames.
LOG (gmm-acc-mllt[5.2.132~9-82686]:main():gmm-acc-mllt.cc:108) Average like for this file is -48.7794 over 38 frames.
LOG (gmm-acc-mllt[5.2.132~9-82686]:main():gmm-acc-mllt.cc:108) Average like for this file is -50.1217 over 40 frames.
LOG (gmm-acc-mllt[5.2.132~9-82686]:main():gmm-acc-mllt.cc:108) Average like for this file is -54.1357 over 39 frames.
LOG (gmm-acc-mllt[5.2.132~9-82686]:main():gmm-acc-mllt.cc:108) Average like for this file is -46.9187 over 51 frames.
LOG (gmm-acc-mllt[5.2.132~9-82686]:main():gmm-acc-mllt.cc:114) Avg like per frame so far is -51.5893
LOG (gmm-acc-mllt[5.2.132~9-82686]:main():gmm-acc-mllt.cc:108) Average like for this file is -45.9472 over 38 frames.
LOG (gmm-acc-mllt[5.2.132~9-82686]:main():gmm-acc-mllt.cc:108) Average like for this file is -48.5737 over 42 frames.
LOG (gmm-acc-mllt[5.2.132~9-82686]:main():gmm-acc-mllt.cc:108) Average like for this file is -51.6683 over 42 frames.
LOG (gmm-acc-mllt[5.2.132~9-82686]:main():gmm-acc-mllt.cc:108) Average like for this file is -50.2438 over 41 frames.
LOG (gmm-acc-mllt[5.2.132~9-82686]:main():gmm-acc-mllt.cc:108) Average like for this file is -52.4762 over 37 frames.
LOG (gmm-acc-mllt[5.2.132~9-82686]:main():gmm-acc-mllt.cc:108) Average like for this file is -49.9267 over 46 frames.
LOG (gmm-acc-mllt[5.2.132~9-82686]:main():gmm-acc-mllt.cc:108) Average like for this file is -55.4923 over 35 frames.
LOG (gmm-acc-mllt[5.2.132~9-82686]:main():gmm-acc-mllt.cc:108) Average like for this file is -51.8451 over 51 frames.
LOG (gmm-acc-mllt[5.2.132~9-82686]:main():gmm-acc-mllt.cc:108) Average like for this file is -47.6763 over 64 frames.
LOG (gmm-acc-mllt[5.2.132~9-82686]:main():gmm-acc-mllt.cc:108) Average like for this file is -54.067 over 52 frames.
LOG (gmm-acc-mllt[5.2.132~9-82686]:main():gmm-acc-mllt.cc:114) Avg like per frame so far is -51.0905
LOG (gmm-acc-mllt[5.2.132~9-82686]:main():gmm-acc-mllt.cc:108) Average like for this file is -61.6949 over 63 frames.
LOG (gmm-acc-mllt[5.2.132~9-82686]:main():gmm-acc-mllt.cc:108) Average like for this file is -52.1835 over 58 frames.
LOG (gmm-acc-mllt[5.2.132~9-82686]:main():gmm-acc-mllt.cc:108) Average like for this file is -41.5024 over 57 frames.
LOG (gmm-acc-mllt[5.2.132~9-82686]:main():gmm-acc-mllt.cc:108) Average like for this file is -46.0205 over 49 frames.
LOG (gmm-acc-mllt[5.2.132~9-82686]:main():gmm-acc-mllt.cc:108) Average like for this file is -51.8822 over 28 frames.
LOG (gmm-acc-mllt[5.2.132~9-82686]:main():gmm-acc-mllt.cc:108) Average like for this file is -48.9008 over 26 frames.
LOG (gmm-acc-mllt[5.2.132~9-82686]:main():gmm-acc-mllt.cc:108) Average like for this file is -56.9833 over 52 frames.
LOG (gmm-acc-mllt[5.2.132~9-82686]:main():gmm-acc-mllt.cc:108) Average like for this file is -54.8896 over 65 frames.
LOG (gmm-acc-mllt[5.2.132~9-82686]:main():gmm-acc-mllt.cc:108) Average like for this file is -59.1532 over 68 frames.
LOG (gmm-acc-mllt[5.2.132~9-82686]:main():gmm-acc-mllt.cc:108) Average like for this file is -49.3496 over 53 frames.
LOG (gmm-acc-mllt[5.2.132~9-82686]:main():gmm-acc-mllt.cc:114) Avg like per frame so far is -51.7715
LOG (gmm-acc-mllt[5.2.132~9-82686]:main():gmm-acc-mllt.cc:108) Average like for this file is -63.1545 over 29 frames.
LOG (gmm-acc-mllt[5.2.132~9-82686]:main():gmm-acc-mllt.cc:108) Average like for this file is -56.8699 over 32 frames.
LOG (gmm-acc-mllt[5.2.132~9-82686]:main():gmm-acc-mllt.cc:108) Average like for this file is -64.3685 over 54 frames.
LOG (gmm-acc-mllt[5.2.132~9-82686]:main():gmm-acc-mllt.cc:108) Average like for this file is -59.8651 over 59 frames.
LOG (gmm-acc-mllt[5.2.132~9-82686]:main():gmm-acc-mllt.cc:108) Average like for this file is -59.4584 over 33 frames.
LOG (gmm-acc-mllt[5.2.132~9-82686]:main():gmm-acc-mllt.cc:108) Average like for this file is -55.0378 over 34 frames.
LOG (gmm-acc-mllt[5.2.132~9-82686]:main():gmm-acc-mllt.cc:108) Average like for this file is -50.8343 over 36 frames.
LOG (gmm-acc-mllt[5.2.132~9-82686]:main():gmm-acc-mllt.cc:108) Average like for this file is -49.119 over 39 frames.
LOG (gmm-acc-mllt[5.2.132~9-82686]:main():gmm-acc-mllt.cc:108) Average like for this file is -46.7935 over 41 frames.
LOG (gmm-acc-mllt[5.2.132~9-82686]:main():gmm-acc-mllt.cc:108) Average like for this file is -48.5976 over 40 frames.
LOG (gmm-acc-mllt[5.2.132~9-82686]:main():gmm-acc-mllt.cc:114) Avg like per frame so far is -52.6634
LOG (gmm-acc-mllt[5.2.132~9-82686]:main():gmm-acc-mllt.cc:108) Average like for this file is -48.9906 over 41 frames.
LOG (gmm-acc-mllt[5.2.132~9-82686]:main():gmm-acc-mllt.cc:108) Average like for this file is -53.2934 over 33 frames.
LOG (gmm-acc-mllt[5.2.132~9-82686]:main():gmm-acc-mllt.cc:108) Average like for this file is -51.3824 over 41 frames.
LOG (gmm-acc-mllt[5.2.132~9-82686]:main():gmm-acc-mllt.cc:108) Average like for this file is -50.2224 over 30 frames.
LOG (gmm-acc-mllt[5.2.132~9-82686]:main():gmm-acc-mllt.cc:108) Average like for this file is -54.6452 over 50 frames.
LOG (gmm-acc-mllt[5.2.132~9-82686]:main():gmm-acc-mllt.cc:108) Average like for this file is -50.6761 over 56 frames.
LOG (gmm-acc-mllt[5.2.132~9-82686]:main():gmm-acc-mllt.cc:108) Average like for this file is -48.6535 over 55 frames.
LOG (gmm-acc-mllt[5.2.132~9-82686]:main():gmm-acc-mllt.cc:108) Average like for this file is -55.5952 over 42 frames.
LOG (gmm-acc-mllt[5.2.132~9-82686]:main():gmm-acc-mllt.cc:108) Average like for this file is -58.0746 over 26 frames.
LOG (gmm-acc-mllt[5.2.132~9-82686]:main():gmm-acc-mllt.cc:108) Average like for this file is -57.6485 over 48 frames.
LOG (gmm-acc-mllt[5.2.132~9-82686]:main():gmm-acc-mllt.cc:114) Avg like per frame so far is -52.6703
LOG (gmm-acc-mllt[5.2.132~9-82686]:main():gmm-acc-mllt.cc:108) Average like for this file is -57.6343 over 35 frames.
LOG (gmm-acc-mllt[5.2.132~9-82686]:main():gmm-acc-mllt.cc:108) Average like for this file is -55.219 over 50 frames.
LOG (gmm-acc-mllt[5.2.132~9-82686]:main():gmm-acc-mllt.cc:108) Average like for this file is -59.2245 over 36 frames.
LOG (gmm-acc-mllt[5.2.132~9-82686]:main():gmm-acc-mllt.cc:108) Average like for this file is -45.2528 over 56 frames.
LOG (gmm-acc-mllt[5.2.132~9-82686]:main():gmm-acc-mllt.cc:108) Average like for this file is -52.6484 over 28 frames.
LOG (gmm-acc-mllt[5.2.132~9-82686]:main():gmm-acc-mllt.cc:108) Average like for this file is -52.7693 over 35 frames.
LOG (gmm-acc-mllt[5.2.132~9-82686]:main():gmm-acc-mllt.cc:108) Average like for this file is -51.1048 over 30 frames.
LOG (gmm-acc-mllt[5.2.132~9-82686]:main():gmm-acc-mllt.cc:108) Average like for this file is -54.4991 over 54 frames.
LOG (gmm-acc-mllt[5.2.132~9-82686]:main():gmm-acc-mllt.cc:108) Average like for this file is -51.9564 over 57 frames.
LOG (gmm-acc-mllt[5.2.132~9-82686]:main():gmm-acc-mllt.cc:108) Average like for this file is -49.5402 over 43 frames.
LOG (gmm-acc-mllt[5.2.132~9-82686]:main():gmm-acc-mllt.cc:114) Avg like per frame so far is -52.6707
LOG (gmm-acc-mllt[5.2.132~9-82686]:main():gmm-acc-mllt.cc:108) Average like for this file is -50.2823 over 35 frames.
LOG (gmm-acc-mllt[5.2.132~9-82686]:main():gmm-acc-mllt.cc:108) Average like for this file is -49.5455 over 35 frames.
LOG (gmm-acc-mllt[5.2.132~9-82686]:main():gmm-acc-mllt.cc:108) Average like for this file is -48.9721 over 33 frames.
LOG (gmm-acc-mllt[5.2.132~9-82686]:main():gmm-acc-mllt.cc:108) Average like for this file is -54.1073 over 33 frames.
LOG (gmm-acc-mllt[5.2.132~9-82686]:main():gmm-acc-mllt.cc:108) Average like for this file is -51.1814 over 56 frames.
LOG (gmm-acc-mllt[5.2.132~9-82686]:main():gmm-acc-mllt.cc:108) Average like for this file is -54.6894 over 31 frames.
LOG (gmm-acc-mllt[5.2.132~9-82686]:main():gmm-acc-mllt.cc:108) Average like for this file is -52.7895 over 42 frames.
LOG (gmm-acc-mllt[5.2.132~9-82686]:main():gmm-acc-mllt.cc:108) Average like for this file is -49.5191 over 36 frames.
LOG (gmm-acc-mllt[5.2.132~9-82686]:main():gmm-acc-mllt.cc:108) Average like for this file is -47.9274 over 29 frames.
LOG (gmm-acc-mllt[5.2.132~9-82686]:main():gmm-acc-mllt.cc:108) Average like for this file is -54.0527 over 52 frames.
LOG (gmm-acc-mllt[5.2.132~9-82686]:main():gmm-acc-mllt.cc:114) Avg like per frame so far is -52.5146
LOG (gmm-acc-mllt[5.2.132~9-82686]:main():gmm-acc-mllt.cc:108) Average like for this file is -54.2217 over 54 frames.
LOG (gmm-acc-mllt[5.2.132~9-82686]:main():gmm-acc-mllt.cc:108) Average like for this file is -59.0012 over 41 frames.
LOG (gmm-acc-mllt[5.2.132~9-82686]:main():gmm-acc-mllt.cc:108) Average like for this file is -55.4085 over 80 frames.
LOG (gmm-acc-mllt[5.2.132~9-82686]:main():gmm-acc-mllt.cc:108) Average like for this file is -52.534 over 70 frames.
LOG (gmm-acc-mllt[5.2.132~9-82686]:main():gmm-acc-mllt.cc:108) Average like for this file is -54.8842 over 67 frames.
LOG (gmm-acc-mllt[5.2.132~9-82686]:main():gmm-acc-mllt.cc:108) Average like for this file is -52.6133 over 32 frames.
LOG (gmm-acc-mllt[5.2.132~9-82686]:main():gmm-acc-mllt.cc:108) Average like for this file is -51.2988 over 37 frames.
LOG (gmm-acc-mllt[5.2.132~9-82686]:main():gmm-acc-mllt.cc:108) Average like for this file is -55.9148 over 43 frames.
LOG (gmm-acc-mllt[5.2.132~9-82686]:main():gmm-acc-mllt.cc:108) Average like for this file is -49.8497 over 42 frames.
LOG (gmm-acc-mllt[5.2.132~9-82686]:main():gmm-acc-mllt.cc:108) Average like for this file is -49.2218 over 47 frames.
LOG (gmm-acc-mllt[5.2.132~9-82686]:main():gmm-acc-mllt.cc:114) Avg like per frame so far is -52.6836
LOG (gmm-acc-mllt[5.2.132~9-82686]:main():gmm-acc-mllt.cc:108) Average like for this file is -56.8123 over 29 frames.
LOG (gmm-acc-mllt[5.2.132~9-82686]:main():gmm-acc-mllt.cc:108) Average like for this file is -53.7977 over 18 frames.
LOG (gmm-acc-mllt[5.2.132~9-82686]:main():gmm-acc-mllt.cc:108) Average like for this file is -51.6324 over 43 frames.
LOG (gmm-acc-mllt[5.2.132~9-82686]:main():gmm-acc-mllt.cc:108) Average like for this file is -48.0134 over 23 frames.
LOG (gmm-acc-mllt[5.2.132~9-82686]:main():gmm-acc-mllt.cc:108) Average like for this file is -52.3604 over 18 frames.
LOG (gmm-acc-mllt[5.2.132~9-82686]:main():gmm-acc-mllt.cc:108) Average like for this file is -46.552 over 23 frames.
LOG (gmm-acc-mllt[5.2.132~9-82686]:main():gmm-acc-mllt.cc:108) Average like for this file is -54.8862 over 31 frames.
LOG (gmm-acc-mllt[5.2.132~9-82686]:main():gmm-acc-mllt.cc:108) Average like for this file is -54.7404 over 41 frames.
LOG (gmm-acc-mllt[5.2.132~9-82686]:main():gmm-acc-mllt.cc:108) Average like for this file is -55.9175 over 48 frames.
LOG (gmm-acc-mllt[5.2.132~9-82686]:main():gmm-acc-mllt.cc:108) Average like for this file is -61.1671 over 50 frames.
LOG (gmm-acc-mllt[5.2.132~9-82686]:main():gmm-acc-mllt.cc:114) Avg like per frame so far is -52.8342
LOG (gmm-acc-mllt[5.2.132~9-82686]:main():gmm-acc-mllt.cc:108) Average like for this file is -54.0028 over 51 frames.
LOG (gmm-acc-mllt[5.2.132~9-82686]:main():gmm-acc-mllt.cc:108) Average like for this file is -55.9762 over 41 frames.
LOG (gmm-acc-mllt[5.2.132~9-82686]:main():gmm-acc-mllt.cc:108) Average like for this file is -50.5751 over 21 frames.
LOG (gmm-acc-mllt[5.2.132~9-82686]:main():gmm-acc-mllt.cc:108) Average like for this file is -58.055 over 27 frames.
LOG (gmm-acc-mllt[5.2.132~9-82686]:main():gmm-acc-mllt.cc:108) Average like for this file is -51.4175 over 46 frames.
LOG (gmm-acc-mllt[5.2.132~9-82686]:main():gmm-acc-mllt.cc:108) Average like for this file is -54.3738 over 28 frames.
LOG (gmm-acc-mllt[5.2.132~9-82686]:main():gmm-acc-mllt.cc:108) Average like for this file is -58.2568 over 68 frames.
LOG (gmm-acc-mllt[5.2.132~9-82686]:main():gmm-acc-mllt.cc:108) Average like for this file is -53.5831 over 40 frames.
LOG (gmm-acc-mllt[5.2.132~9-82686]:main():gmm-acc-mllt.cc:108) Average like for this file is -52.2249 over 51 frames.
LOG (gmm-acc-mllt[5.2.132~9-82686]:main():gmm-acc-mllt.cc:108) Average like for this file is -49.7128 over 71 frames.
LOG (gmm-acc-mllt[5.2.132~9-82686]:main():gmm-acc-mllt.cc:114) Avg like per frame so far is -52.9298
LOG (gmm-acc-mllt[5.2.132~9-82686]:main():gmm-acc-mllt.cc:108) Average like for this file is -53.5046 over 68 frames.
LOG (gmm-acc-mllt[5.2.132~9-82686]:main():gmm-acc-mllt.cc:108) Average like for this file is -61.0284 over 44 frames.
LOG (gmm-acc-mllt[5.2.132~9-82686]:main():gmm-acc-mllt.cc:108) Average like for this file is -53.5896 over 43 frames.
LOG (gmm-acc-mllt[5.2.132~9-82686]:main():gmm-acc-mllt.cc:108) Average like for this file is -45.6208 over 34 frames.
LOG (gmm-acc-mllt[5.2.132~9-82686]:main():gmm-acc-mllt.cc:108) Average like for this file is -50.678 over 63 frames.
LOG (gmm-acc-mllt[5.2.132~9-82686]:main():gmm-acc-mllt.cc:108) Average like for this file is -46.1428 over 48 frames.
LOG (gmm-acc-mllt[5.2.132~9-82686]:main():gmm-acc-mllt.cc:108) Average like for this file is -57.0498 over 63 frames.
LOG (gmm-acc-mllt[5.2.132~9-82686]:main():gmm-acc-mllt.cc:108) Average like for this file is -53.4721 over 27 frames.
LOG (gmm-acc-mllt[5.2.132~9-82686]:main():gmm-acc-mllt.cc:108) Average like for this file is -53.9844 over 26 frames.
LOG (gmm-acc-mllt[5.2.132~9-82686]:main():gmm-acc-mllt.cc:108) Average like for this file is -50.1267 over 24 frames.
LOG (gmm-acc-mllt[5.2.132~9-82686]:main():gmm-acc-mllt.cc:114) Avg like per frame so far is -52.9174
LOG (gmm-acc-mllt[5.2.132~9-82686]:main():gmm-acc-mllt.cc:108) Average like for this file is -54.8363 over 29 frames.
LOG (gmm-acc-mllt[5.2.132~9-82686]:main():gmm-acc-mllt.cc:108) Average like for this file is -49.7529 over 32 frames.
LOG (gmm-acc-mllt[5.2.132~9-82686]:main():gmm-acc-mllt.cc:108) Average like for this file is -49.3838 over 22 frames.
LOG (gmm-acc-mllt[5.2.132~9-82686]:main():gmm-acc-mllt.cc:108) Average like for this file is -42.8926 over 25 frames.
LOG (gmm-acc-mllt[5.2.132~9-82686]:main():gmm-acc-mllt.cc:108) Average like for this file is -48.432 over 21 frames.
LOG (gmm-acc-mllt[5.2.132~9-82686]:main():gmm-acc-mllt.cc:108) Average like for this file is -46.8029 over 26 frames.
LOG (gmm-acc-mllt[5.2.132~9-82686]:main():gmm-acc-mllt.cc:108) Average like for this file is -50.2266 over 32 frames.
LOG (gmm-acc-mllt[5.2.132~9-82686]:main():gmm-acc-mllt.cc:108) Average like for this file is -52.7429 over 33 frames.
LOG (gmm-acc-mllt[5.2.132~9-82686]:main():gmm-acc-mllt.cc:108) Average like for this file is -51.797 over 22 frames.
LOG (gmm-acc-mllt[5.2.132~9-82686]:main():gmm-acc-mllt.cc:108) Average like for this file is -48.1031 over 30 frames.
LOG (gmm-acc-mllt[5.2.132~9-82686]:main():gmm-acc-mllt.cc:114) Avg like per frame so far is -52.7383
LOG (gmm-acc-mllt[5.2.132~9-82686]:main():gmm-acc-mllt.cc:108) Average like for this file is -44.8036 over 50 frames.
LOG (gmm-acc-mllt[5.2.132~9-82686]:main():gmm-acc-mllt.cc:108) Average like for this file is -54.4447 over 42 frames.
LOG (gmm-acc-mllt[5.2.132~9-82686]:main():gmm-acc-mllt.cc:108) Average like for this file is -56.9186 over 44 frames.
LOG (gmm-acc-mllt[5.2.132~9-82686]:main():gmm-acc-mllt.cc:108) Average like for this file is -57.6714 over 26 frames.
LOG (gmm-acc-mllt[5.2.132~9-82686]:main():gmm-acc-mllt.cc:108) Average like for this file is -56.1367 over 23 frames.
LOG (gmm-acc-mllt[5.2.132~9-82686]:main():gmm-acc-mllt.cc:108) Average like for this file is -55.1418 over 30 frames.
LOG (gmm-acc-mllt[5.2.132~9-82686]:main():gmm-acc-mllt.cc:108) Average like for this file is -48.7514 over 47 frames.
LOG (gmm-acc-mllt[5.2.132~9-82686]:main():gmm-acc-mllt.cc:108) Average like for this file is -52.5506 over 31 frames.
LOG (gmm-acc-mllt[5.2.132~9-82686]:main():gmm-acc-mllt.cc:108) Average like for this file is -58.5779 over 35 frames.
LOG (gmm-acc-mllt[5.2.132~9-82686]:main():gmm-acc-mllt.cc:108) Average like for this file is -51.2515 over 48 frames.
LOG (gmm-acc-mllt[5.2.132~9-82686]:main():gmm-acc-mllt.cc:114) Avg like per frame so far is -52.7527
LOG (gmm-acc-mllt[5.2.132~9-82686]:main():gmm-acc-mllt.cc:108) Average like for this file is -52.2257 over 64 frames.
LOG (gmm-acc-mllt[5.2.132~9-82686]:main():gmm-acc-mllt.cc:108) Average like for this file is -51.877 over 39 frames.
LOG (gmm-acc-mllt[5.2.132~9-82686]:main():gmm-acc-mllt.cc:108) Average like for this file is -57.4009 over 43 frames.
LOG (gmm-acc-mllt[5.2.132~9-82686]:main():gmm-acc-mllt.cc:108) Average like for this file is -48.202 over 44 frames.
LOG (gmm-acc-mllt[5.2.132~9-82686]:main():gmm-acc-mllt.cc:108) Average like for this file is -50.7596 over 45 frames.
LOG (gmm-acc-mllt[5.2.132~9-82686]:main():gmm-acc-mllt.cc:108) Average like for this file is -60.0056 over 25 frames.
LOG (gmm-acc-mllt[5.2.132~9-82686]:main():gmm-acc-mllt.cc:108) Average like for this file is -63.3133 over 56 frames.
LOG (gmm-acc-mllt[5.2.132~9-82686]:main():gmm-acc-mllt.cc:108) Average like for this file is -47.224 over 43 frames.
LOG (gmm-acc-mllt[5.2.132~9-82686]:main():gmm-acc-mllt.cc:108) Average like for this file is -46.623 over 50 frames.
LOG (gmm-acc-mllt[5.2.132~9-82686]:main():gmm-acc-mllt.cc:108) Average like for this file is -52.352 over 28 frames.
LOG (gmm-acc-mllt[5.2.132~9-82686]:main():gmm-acc-mllt.cc:114) Avg like per frame so far is -52.763
LOG (gmm-acc-mllt[5.2.132~9-82686]:main():gmm-acc-mllt.cc:108) Average like for this file is -57.4719 over 63 frames.
LOG (gmm-acc-mllt[5.2.132~9-82686]:main():gmm-acc-mllt.cc:108) Average like for this file is -60.4585 over 33 frames.
LOG (gmm-acc-mllt[5.2.132~9-82686]:main():gmm-acc-mllt.cc:108) Average like for this file is -57.6141 over 34 frames.
LOG (gmm-acc-mllt[5.2.132~9-82686]:main():gmm-acc-mllt.cc:108) Average like for this file is -57.4859 over 34 frames.
LOG (gmm-acc-mllt[5.2.132~9-82686]:main():gmm-acc-mllt.cc:108) Average like for this file is -60.4715 over 27 frames.
LOG (gmm-acc-mllt[5.2.132~9-82686]:main():gmm-acc-mllt.cc:108) Average like for this file is -54.2032 over 30 frames.
LOG (gmm-acc-mllt[5.2.132~9-82686]:main():gmm-acc-mllt.cc:108) Average like for this file is -59.8133 over 36 frames.
LOG (gmm-acc-mllt[5.2.132~9-82686]:main():gmm-acc-mllt.cc:108) Average like for this file is -62.5949 over 39 frames.
LOG (gmm-acc-mllt[5.2.132~9-82686]:main():gmm-acc-mllt.cc:108) Average like for this file is -51.9896 over 40 frames.
LOG (gmm-acc-mllt[5.2.132~9-82686]:main():gmm-acc-mllt.cc:108) Average like for this file is -60.3542 over 54 frames.
LOG (gmm-acc-mllt[5.2.132~9-82686]:main():gmm-acc-mllt.cc:114) Avg like per frame so far is -53.1111
LOG (gmm-acc-mllt[5.2.132~9-82686]:main():gmm-acc-mllt.cc:108) Average like for this file is -61.2989 over 52 frames.
LOG (gmm-acc-mllt[5.2.132~9-82686]:main():gmm-acc-mllt.cc:108) Average like for this file is -62.4484 over 59 frames.
LOG (gmm-acc-mllt[5.2.132~9-82686]:main():gmm-acc-mllt.cc:108) Average like for this file is -55.2053 over 66 frames.
LOG (gmm-acc-mllt[5.2.132~9-82686]:main():gmm-acc-mllt.cc:108) Average like for this file is -55.519 over 57 frames.
LOG (gmm-acc-mllt[5.2.132~9-82686]:main():gmm-acc-mllt.cc:108) Average like for this file is -51.5897 over 40 frames.
LOG (gmm-acc-mllt[5.2.132~9-82686]:main():gmm-acc-mllt.cc:108) Average like for this file is -55.7462 over 61 frames.
LOG (gmm-acc-mllt[5.2.132~9-82686]:main():gmm-acc-mllt.cc:108) Average like for this file is -58.6913 over 48 frames.
LOG (gmm-acc-mllt[5.2.132~9-82686]:main():gmm-acc-mllt.cc:108) Average like for this file is -52.002 over 46 frames.
LOG (gmm-acc-mllt[5.2.132~9-82686]:main():gmm-acc-mllt.cc:108) Average like for this file is -43.6191 over 39 frames.
LOG (gmm-acc-mllt[5.2.132~9-82686]:main():gmm-acc-mllt.cc:108) Average like for this file is -55.2561 over 28 frames.
LOG (gmm-acc-mllt[5.2.132~9-82686]:main():gmm-acc-mllt.cc:114) Avg like per frame so far is -53.3002
LOG (gmm-acc-mllt[5.2.132~9-82686]:main():gmm-acc-mllt.cc:108) Average like for this file is -44.3589 over 47 frames.
LOG (gmm-acc-mllt[5.2.132~9-82686]:main():gmm-acc-mllt.cc:108) Average like for this file is -55.2478 over 34 frames.
LOG (gmm-acc-mllt[5.2.132~9-82686]:main():gmm-acc-mllt.cc:108) Average like for this file is -53.968 over 34 frames.
LOG (gmm-acc-mllt[5.2.132~9-82686]:main():gmm-acc-mllt.cc:108) Average like for this file is -55.419 over 30 frames.
LOG (gmm-acc-mllt[5.2.132~9-82686]:main():gmm-acc-mllt.cc:108) Average like for this file is -51.9547 over 28 frames.
LOG (gmm-acc-mllt[5.2.132~9-82686]:main():gmm-acc-mllt.cc:108) Average like for this file is -54.1372 over 33 frames.
LOG (gmm-acc-mllt[5.2.132~9-82686]:main():gmm-acc-mllt.cc:108) Average like for this file is -52.1245 over 33 frames.
LOG (gmm-acc-mllt[5.2.132~9-82686]:main():gmm-acc-mllt.cc:108) Average like for this file is -53.6013 over 70 frames.
LOG (gmm-acc-mllt[5.2.132~9-82686]:main():gmm-acc-mllt.cc:108) Average like for this file is -51.7467 over 53 frames.
LOG (gmm-acc-mllt[5.2.132~9-82686]:main():gmm-acc-mllt.cc:108) Average like for this file is -48.457 over 43 frames.
LOG (gmm-acc-mllt[5.2.132~9-82686]:main():gmm-acc-mllt.cc:114) Avg like per frame so far is -53.2172
LOG (gmm-acc-mllt[5.2.132~9-82686]:main():gmm-acc-mllt.cc:108) Average like for this file is -56.7293 over 44 frames.
LOG (gmm-acc-mllt[5.2.132~9-82686]:main():gmm-acc-mllt.cc:108) Average like for this file is -62.7442 over 47 frames.
LOG (gmm-acc-mllt[5.2.132~9-82686]:main():gmm-acc-mllt.cc:108) Average like for this file is -54.3235 over 39 frames.
LOG (gmm-acc-mllt[5.2.132~9-82686]:main():gmm-acc-mllt.cc:108) Average like for this file is -51.2918 over 77 frames.
LOG (gmm-acc-mllt[5.2.132~9-82686]:main():gmm-acc-mllt.cc:108) Average like for this file is -54.5725 over 56 frames.
LOG (gmm-acc-mllt[5.2.132~9-82686]:main():gmm-acc-mllt.cc:108) Average like for this file is -56.7218 over 27 frames.
LOG (gmm-acc-mllt[5.2.132~9-82686]:main():gmm-acc-mllt.cc:108) Average like for this file is -54.9538 over 38 frames.
LOG (gmm-acc-mllt[5.2.132~9-82686]:main():gmm-acc-mllt.cc:108) Average like for this file is -53.9189 over 38 frames.
LOG (gmm-acc-mllt[5.2.132~9-82686]:main():gmm-acc-mllt.cc:108) Average like for this file is -56.6537 over 22 frames.
LOG (gmm-acc-mllt[5.2.132~9-82686]:main():gmm-acc-mllt.cc:108) Average like for this file is -61.2469 over 20 frames.
LOG (gmm-acc-mllt[5.2.132~9-82686]:main():gmm-acc-mllt.cc:114) Avg like per frame so far is -53.3506
LOG (gmm-acc-mllt[5.2.132~9-82686]:main():gmm-acc-mllt.cc:108) Average like for this file is -61.4225 over 24 frames.
LOG (gmm-acc-mllt[5.2.132~9-82686]:main():gmm-acc-mllt.cc:108) Average like for this file is -55.4779 over 53 frames.
LOG (gmm-acc-mllt[5.2.132~9-82686]:main():gmm-acc-mllt.cc:108) Average like for this file is -52.2839 over 36 frames.
LOG (gmm-acc-mllt[5.2.132~9-82686]:main():gmm-acc-mllt.cc:108) Average like for this file is -53.0947 over 27 frames.
LOG (gmm-acc-mllt[5.2.132~9-82686]:main():gmm-acc-mllt.cc:108) Average like for this file is -47.9288 over 35 frames.
LOG (gmm-acc-mllt[5.2.132~9-82686]:main():gmm-acc-mllt.cc:108) Average like for this file is -52.9573 over 54 frames.
LOG (gmm-acc-mllt[5.2.132~9-82686]:main():gmm-acc-mllt.cc:108) Average like for this file is -59.8853 over 31 frames.
LOG (gmm-acc-mllt[5.2.132~9-82686]:main():gmm-acc-mllt.cc:108) Average like for this file is -55.4763 over 39 frames.
LOG (gmm-acc-mllt[5.2.132~9-82686]:main():gmm-acc-mllt.cc:108) Average like for this file is -62.4753 over 23 frames.
LOG (gmm-acc-mllt[5.2.132~9-82686]:main():gmm-acc-mllt.cc:108) Average like for this file is -52.7584 over 82 frames.
LOG (gmm-acc-mllt[5.2.132~9-82686]:main():gmm-acc-mllt.cc:114) Avg like per frame so far is -53.4138
LOG (gmm-acc-mllt[5.2.132~9-82686]:main():gmm-acc-mllt.cc:108) Average like for this file is -58.5911 over 24 frames.
LOG (gmm-acc-mllt[5.2.132~9-82686]:main():gmm-acc-mllt.cc:108) Average like for this file is -60.2922 over 21 frames.
LOG (gmm-acc-mllt[5.2.132~9-82686]:main():gmm-acc-mllt.cc:108) Average like for this file is -56.112 over 50 frames.
LOG (gmm-acc-mllt[5.2.132~9-82686]:main():gmm-acc-mllt.cc:108) Average like for this file is -53.2282 over 63 frames.
LOG (gmm-acc-mllt[5.2.132~9-82686]:main():gmm-acc-mllt.cc:108) Average like for this file is -50.0833 over 41 frames.
LOG (gmm-acc-mllt[5.2.132~9-82686]:main():gmm-acc-mllt.cc:108) Average like for this file is -54.6194 over 51 frames.
LOG (gmm-acc-mllt[5.2.132~9-82686]:main():gmm-acc-mllt.cc:108) Average like for this file is -64.1002 over 48 frames.
LOG (gmm-acc-mllt[5.2.132~9-82686]:main():gmm-acc-mllt.cc:108) Average like for this file is -56.4713 over 30 frames.
LOG (gmm-acc-mllt[5.2.132~9-82686]:main():gmm-acc-mllt.cc:108) Average like for this file is -53.2686 over 21 frames.
LOG (gmm-acc-mllt[5.2.132~9-82686]:main():gmm-acc-mllt.cc:108) Average like for this file is -52.1455 over 38 frames.
LOG (gmm-acc-mllt[5.2.132~9-82686]:main():gmm-acc-mllt.cc:114) Avg like per frame so far is -53.5191
LOG (gmm-acc-mllt[5.2.132~9-82686]:main():gmm-acc-mllt.cc:108) Average like for this file is -58.658 over 48 frames.
LOG (gmm-acc-mllt[5.2.132~9-82686]:main():gmm-acc-mllt.cc:108) Average like for this file is -54.8063 over 41 frames.
LOG (gmm-acc-mllt[5.2.132~9-82686]:main():gmm-acc-mllt.cc:108) Average like for this file is -56.7073 over 26 frames.
LOG (gmm-acc-mllt[5.2.132~9-82686]:main():gmm-acc-mllt.cc:108) Average like for this file is -45.976 over 38 frames.
LOG (gmm-acc-mllt[5.2.132~9-82686]:main():gmm-acc-mllt.cc:108) Average like for this file is -52.3465 over 45 frames.
LOG (gmm-acc-mllt[5.2.132~9-82686]:main():gmm-acc-mllt.cc:108) Average like for this file is -56.3435 over 46 frames.
LOG (gmm-acc-mllt[5.2.132~9-82686]:main():gmm-acc-mllt.cc:108) Average like for this file is -50.5815 over 51 frames.
LOG (gmm-acc-mllt[5.2.132~9-82686]:main():gmm-acc-mllt.cc:108) Average like for this file is -49.9106 over 41 frames.
LOG (gmm-acc-mllt[5.2.132~9-82686]:main():gmm-acc-mllt.cc:108) Average like for this file is -48.4618 over 48 frames.
LOG (gmm-acc-mllt[5.2.132~9-82686]:main():gmm-acc-mllt.cc:108) Average like for this file is -51.1241 over 51 frames.
LOG (gmm-acc-mllt[5.2.132~9-82686]:main():gmm-acc-mllt.cc:114) Avg like per frame so far is -53.4628
LOG (gmm-acc-mllt[5.2.132~9-82686]:main():gmm-acc-mllt.cc:108) Average like for this file is -54.9094 over 61 frames.
LOG (gmm-acc-mllt[5.2.132~9-82686]:main():gmm-acc-mllt.cc:108) Average like for this file is -48.6283 over 36 frames.
LOG (gmm-acc-mllt[5.2.132~9-82686]:main():gmm-acc-mllt.cc:108) Average like for this file is -43.4414 over 49 frames.
LOG (gmm-acc-mllt[5.2.132~9-82686]:main():gmm-acc-mllt.cc:108) Average like for this file is -47.9123 over 35 frames.
LOG (gmm-acc-mllt[5.2.132~9-82686]:main():gmm-acc-mllt.cc:108) Average like for this file is -57.5638 over 27 frames.
LOG (gmm-acc-mllt[5.2.132~9-82686]:main():gmm-acc-mllt.cc:108) Average like for this file is -46.698 over 31 frames.
LOG (gmm-acc-mllt[5.2.132~9-82686]:main():gmm-acc-mllt.cc:108) Average like for this file is -52.1992 over 60 frames.
LOG (gmm-acc-mllt[5.2.132~9-82686]:main():gmm-acc-mllt.cc:108) Average like for this file is -55.2378 over 57 frames.
LOG (gmm-acc-mllt[5.2.132~9-82686]:main():gmm-acc-mllt.cc:108) Average like for this file is -60.922 over 36 frames.
LOG (gmm-acc-mllt[5.2.132~9-82686]:main():gmm-acc-mllt.cc:108) Average like for this file is -66.3158 over 38 frames.
LOG (gmm-acc-mllt[5.2.132~9-82686]:main():gmm-acc-mllt.cc:114) Avg like per frame so far is -53.4532
LOG (gmm-acc-mllt[5.2.132~9-82686]:main():gmm-acc-mllt.cc:108) Average like for this file is -57.2306 over 31 frames.
LOG (gmm-acc-mllt[5.2.132~9-82686]:main():gmm-acc-mllt.cc:108) Average like for this file is -56.9881 over 69 frames.
LOG (gmm-acc-mllt[5.2.132~9-82686]:main():gmm-acc-mllt.cc:108) Average like for this file is -57.0531 over 62 frames.
LOG (gmm-acc-mllt[5.2.132~9-82686]:main():gmm-acc-mllt.cc:108) Average like for this file is -57.6357 over 78 frames.
LOG (gmm-acc-mllt[5.2.132~9-82686]:main():gmm-acc-mllt.cc:108) Average like for this file is -57.1999 over 73 frames.
LOG (gmm-acc-mllt[5.2.132~9-82686]:main():gmm-acc-mllt.cc:108) Average like for this file is -51.6656 over 38 frames.
LOG (gmm-acc-mllt[5.2.132~9-82686]:main():gmm-acc-mllt.cc:108) Average like for this file is -63.1531 over 38 frames.
LOG (gmm-acc-mllt[5.2.132~9-82686]:main():gmm-acc-mllt.cc:108) Average like for this file is -55.1018 over 34 frames.
LOG (gmm-acc-mllt[5.2.132~9-82686]:main():gmm-acc-mllt.cc:108) Average like for this file is -57.1201 over 31 frames.
LOG (gmm-acc-mllt[5.2.132~9-82686]:main():gmm-acc-mllt.cc:108) Average like for this file is -61.6498 over 33 frames.
LOG (gmm-acc-mllt[5.2.132~9-82686]:main():gmm-acc-mllt.cc:114) Avg like per frame so far is -53.6535
LOG (gmm-acc-mllt[5.2.132~9-82686]:main():gmm-acc-mllt.cc:108) Average like for this file is -52.768 over 33 frames.
LOG (gmm-acc-mllt[5.2.132~9-82686]:main():gmm-acc-mllt.cc:108) Average like for this file is -57.1079 over 43 frames.
LOG (gmm-acc-mllt[5.2.132~9-82686]:main():gmm-acc-mllt.cc:108) Average like for this file is -56.9885 over 43 frames.
LOG (gmm-acc-mllt[5.2.132~9-82686]:main():gmm-acc-mllt.cc:108) Average like for this file is -49.1916 over 41 frames.
LOG (gmm-acc-mllt[5.2.132~9-82686]:main():gmm-acc-mllt.cc:108) Average like for this file is -49.3199 over 49 frames.
LOG (gmm-acc-mllt[5.2.132~9-82686]:main():gmm-acc-mllt.cc:108) Average like for this file is -57.4198 over 26 frames.
LOG (gmm-acc-mllt[5.2.132~9-82686]:main():gmm-acc-mllt.cc:108) Average like for this file is -61.5649 over 44 frames.
LOG (gmm-acc-mllt[5.2.132~9-82686]:main():gmm-acc-mllt.cc:108) Average like for this file is -54.9486 over 39 frames.
LOG (gmm-acc-mllt[5.2.132~9-82686]:main():gmm-acc-mllt.cc:108) Average like for this file is -54.0981 over 42 frames.
LOG (gmm-acc-mllt[5.2.132~9-82686]:main():gmm-acc-mllt.cc:108) Average like for this file is -53.5629 over 39 frames.
LOG (gmm-acc-mllt[5.2.132~9-82686]:main():gmm-acc-mllt.cc:114) Avg like per frame so far is -53.6913
LOG (gmm-acc-mllt[5.2.132~9-82686]:main():gmm-acc-mllt.cc:108) Average like for this file is -46.0331 over 53 frames.
LOG (gmm-acc-mllt[5.2.132~9-82686]:main():gmm-acc-mllt.cc:108) Average like for this file is -47.473 over 40 frames.
LOG (gmm-acc-mllt[5.2.132~9-82686]:main():gmm-acc-mllt.cc:108) Average like for this file is -53.12 over 43 frames.
LOG (gmm-acc-mllt[5.2.132~9-82686]:main():gmm-acc-mllt.cc:108) Average like for this file is -54.0343 over 64 frames.
LOG (gmm-acc-mllt[5.2.132~9-82686]:main():gmm-acc-mllt.cc:108) Average like for this file is -56.0121 over 48 frames.
LOG (gmm-acc-mllt[5.2.132~9-82686]:main():gmm-acc-mllt.cc:108) Average like for this file is -50.752 over 35 frames.
LOG (gmm-acc-mllt[5.2.132~9-82686]:main():gmm-acc-mllt.cc:108) Average like for this file is -51.9994 over 39 frames.
LOG (gmm-acc-mllt[5.2.132~9-82686]:main():gmm-acc-mllt.cc:108) Average like for this file is -54.9528 over 51 frames.
LOG (gmm-acc-mllt[5.2.132~9-82686]:main():gmm-acc-mllt.cc:108) Average like for this file is -64.113 over 39 frames.
LOG (gmm-acc-mllt[5.2.132~9-82686]:main():gmm-acc-mllt.cc:108) Average like for this file is -53.9733 over 48 frames.
LOG (gmm-acc-mllt[5.2.132~9-82686]:main():gmm-acc-mllt.cc:114) Avg like per frame so far is -53.6693
LOG (gmm-acc-mllt[5.2.132~9-82686]:main():gmm-acc-mllt.cc:108) Average like for this file is -55.0662 over 55 frames.
LOG (gmm-acc-mllt[5.2.132~9-82686]:main():gmm-acc-mllt.cc:108) Average like for this file is -53.6895 over 42 frames.
LOG (gmm-acc-mllt[5.2.132~9-82686]:main():gmm-acc-mllt.cc:108) Average like for this file is -58.2157 over 23 frames.
LOG (gmm-acc-mllt[5.2.132~9-82686]:main():gmm-acc-mllt.cc:108) Average like for this file is -55.0036 over 24 frames.
LOG (gmm-acc-mllt[5.2.132~9-82686]:main():gmm-acc-mllt.cc:108) Average like for this file is -51.0584 over 30 frames.
LOG (gmm-acc-mllt[5.2.132~9-82686]:main():gmm-acc-mllt.cc:108) Average like for this file is -56.1261 over 31 frames.
LOG (gmm-acc-mllt[5.2.132~9-82686]:main():gmm-acc-mllt.cc:108) Average like for this file is -58.4594 over 32 frames.
LOG (gmm-acc-mllt[5.2.132~9-82686]:main():gmm-acc-mllt.cc:108) Average like for this file is -53.9912 over 43 frames.
LOG (gmm-acc-mllt[5.2.132~9-82686]:main():gmm-acc-mllt.cc:108) Average like for this file is -56.1315 over 36 frames.
LOG (gmm-acc-mllt[5.2.132~9-82686]:main():gmm-acc-mllt.cc:108) Average like for this file is -48.5632 over 37 frames.
LOG (gmm-acc-mllt[5.2.132~9-82686]:main():gmm-acc-mllt.cc:114) Avg like per frame so far is -53.6951
LOG (gmm-acc-mllt[5.2.132~9-82686]:main():gmm-acc-mllt.cc:108) Average like for this file is -54.3712 over 23 frames.
LOG (gmm-acc-mllt[5.2.132~9-82686]:main():gmm-acc-mllt.cc:108) Average like for this file is -55.4924 over 29 frames.
LOG (gmm-acc-mllt[5.2.132~9-82686]:main():gmm-acc-mllt.cc:108) Average like for this file is -51.8789 over 22 frames.
LOG (gmm-acc-mllt[5.2.132~9-82686]:main():gmm-acc-mllt.cc:108) Average like for this file is -60.5432 over 20 frames.
LOG (gmm-acc-mllt[5.2.132~9-82686]:main():gmm-acc-mllt.cc:108) Average like for this file is -48.9768 over 19 frames.
LOG (gmm-acc-mllt[5.2.132~9-82686]:main():gmm-acc-mllt.cc:108) Average like for this file is -56.8453 over 34 frames.
LOG (gmm-acc-mllt[5.2.132~9-82686]:main():gmm-acc-mllt.cc:108) Average like for this file is -54.0709 over 21 frames.
LOG (gmm-acc-mllt[5.2.132~9-82686]:main():gmm-acc-mllt.cc:108) Average like for this file is -56.2713 over 28 frames.
LOG (gmm-acc-mllt[5.2.132~9-82686]:main():gmm-acc-mllt.cc:108) Average like for this file is -57.7433 over 24 frames.
LOG (gmm-acc-mllt[5.2.132~9-82686]:main():gmm-acc-mllt.cc:108) Average like for this file is -55.1768 over 19 frames.
LOG (gmm-acc-mllt[5.2.132~9-82686]:main():gmm-acc-mllt.cc:114) Avg like per frame so far is -53.7301
LOG (gmm-acc-mllt[5.2.132~9-82686]:main():gmm-acc-mllt.cc:108) Average like for this file is -50.9182 over 21 frames.
LOG (gmm-acc-mllt[5.2.132~9-82686]:main():gmm-acc-mllt.cc:108) Average like for this file is -52.705 over 27 frames.
LOG (gmm-acc-mllt[5.2.132~9-82686]:main():gmm-acc-mllt.cc:108) Average like for this file is -50.7907 over 24 frames.
LOG (gmm-acc-mllt[5.2.132~9-82686]:main():gmm-acc-mllt.cc:108) Average like for this file is -53.1148 over 32 frames.
LOG (gmm-acc-mllt[5.2.132~9-82686]:main():gmm-acc-mllt.cc:108) Average like for this file is -60.2043 over 26 frames.
LOG (gmm-acc-mllt[5.2.132~9-82686]:main():gmm-acc-mllt.cc:108) Average like for this file is -57.5656 over 31 frames.
LOG (gmm-acc-mllt[5.2.132~9-82686]:main():gmm-acc-mllt.cc:108) Average like for this file is -58.5723 over 28 frames.
LOG (gmm-acc-mllt[5.2.132~9-82686]:main():gmm-acc-mllt.cc:108) Average like for this file is -54.8711 over 86 frames.
LOG (gmm-acc-mllt[5.2.132~9-82686]:main():gmm-acc-mllt.cc:108) Average like for this file is -56.4827 over 43 frames.
LOG (gmm-acc-mllt[5.2.132~9-82686]:main():gmm-acc-mllt.cc:108) Average like for this file is -56.4441 over 23 frames.
LOG (gmm-acc-mllt[5.2.132~9-82686]:main():gmm-acc-mllt.cc:114) Avg like per frame so far is -53.7761
LOG (gmm-acc-mllt[5.2.132~9-82686]:main():gmm-acc-mllt.cc:108) Average like for this file is -53.2724 over 26 frames.
LOG (gmm-acc-mllt[5.2.132~9-82686]:main():gmm-acc-mllt.cc:108) Average like for this file is -58.2042 over 27 frames.
LOG (gmm-acc-mllt[5.2.132~9-82686]:main():gmm-acc-mllt.cc:108) Average like for this file is -64.3666 over 34 frames.
LOG (gmm-acc-mllt[5.2.132~9-82686]:main():gmm-acc-mllt.cc:108) Average like for this file is -56.5674 over 46 frames.
LOG (gmm-acc-mllt[5.2.132~9-82686]:main():gmm-acc-mllt.cc:108) Average like for this file is -52.4092 over 79 frames.
LOG (gmm-acc-mllt[5.2.132~9-82686]:main():gmm-acc-mllt.cc:108) Average like for this file is -58.5065 over 46 frames.
LOG (gmm-acc-mllt[5.2.132~9-82686]:main():gmm-acc-mllt.cc:108) Average like for this file is -46.1341 over 44 frames.
LOG (gmm-acc-mllt[5.2.132~9-82686]:main():gmm-acc-mllt.cc:108) Average like for this file is -55.3617 over 53 frames.
LOG (gmm-acc-mllt[5.2.132~9-82686]:main():gmm-acc-mllt.cc:108) Average like for this file is -53.3469 over 49 frames.
LOG (gmm-acc-mllt[5.2.132~9-82686]:main():gmm-acc-mllt.cc:108) Average like for this file is -52.4546 over 23 frames.
LOG (gmm-acc-mllt[5.2.132~9-82686]:main():gmm-acc-mllt.cc:114) Avg like per frame so far is -53.81
LOG (gmm-acc-mllt[5.2.132~9-82686]:main():gmm-acc-mllt.cc:108) Average like for this file is -58.5128 over 26 frames.
LOG (gmm-acc-mllt[5.2.132~9-82686]:main():gmm-acc-mllt.cc:108) Average like for this file is -59.8511 over 24 frames.
LOG (gmm-acc-mllt[5.2.132~9-82686]:main():gmm-acc-mllt.cc:108) Average like for this file is -53.8886 over 27 frames.
LOG (gmm-acc-mllt[5.2.132~9-82686]:main():gmm-acc-mllt.cc:108) Average like for this file is -49.302 over 36 frames.
LOG (gmm-acc-mllt[5.2.132~9-82686]:main():gmm-acc-mllt.cc:108) Average like for this file is -49.9458 over 26 frames.
LOG (gmm-acc-mllt[5.2.132~9-82686]:main():gmm-acc-mllt.cc:108) Average like for this file is -61.0985 over 27 frames.
LOG (gmm-acc-mllt[5.2.132~9-82686]:main():gmm-acc-mllt.cc:108) Average like for this file is -50.7294 over 21 frames.
LOG (gmm-acc-mllt[5.2.132~9-82686]:main():gmm-acc-mllt.cc:108) Average like for this file is -51.0074 over 23 frames.
LOG (gmm-acc-mllt[5.2.132~9-82686]:main():gmm-acc-mllt.cc:108) Average like for this file is -54.4271 over 22 frames.
LOG (gmm-acc-mllt[5.2.132~9-82686]:main():gmm-acc-mllt.cc:108) Average like for this file is -55.6599 over 41 frames.
LOG (gmm-acc-mllt[5.2.132~9-82686]:main():gmm-acc-mllt.cc:114) Avg like per frame so far is -53.8236
LOG (gmm-acc-mllt[5.2.132~9-82686]:main():gmm-acc-mllt.cc:108) Average like for this file is -51.0264 over 42 frames.
LOG (gmm-acc-mllt[5.2.132~9-82686]:main():gmm-acc-mllt.cc:108) Average like for this file is -52.4305 over 35 frames.
LOG (gmm-acc-mllt[5.2.132~9-82686]:main():gmm-acc-mllt.cc:108) Average like for this file is -53.5508 over 37 frames.
LOG (gmm-acc-mllt[5.2.132~9-82686]:main():gmm-acc-mllt.cc:108) Average like for this file is -62.1107 over 29 frames.
LOG (gmm-acc-mllt[5.2.132~9-82686]:main():gmm-acc-mllt.cc:108) Average like for this file is -55.6216 over 32 frames.
LOG (gmm-acc-mllt[5.2.132~9-82686]:main():gmm-acc-mllt.cc:108) Average like for this file is -60.6684 over 29 frames.
LOG (gmm-acc-mllt[5.2.132~9-82686]:main():gmm-acc-mllt.cc:108) Average like for this file is -53.0529 over 45 frames.
LOG (gmm-acc-mllt[5.2.132~9-82686]:main():gmm-acc-mllt.cc:108) Average like for this file is -48.9723 over 42 frames.
LOG (gmm-acc-mllt[5.2.132~9-82686]:main():gmm-acc-mllt.cc:108) Average like for this file is -52.4084 over 34 frames.
LOG (gmm-acc-mllt[5.2.132~9-82686]:main():gmm-acc-mllt.cc:108) Average like for this file is -56.0462 over 41 frames.
LOG (gmm-acc-mllt[5.2.132~9-82686]:main():gmm-acc-mllt.cc:114) Avg like per frame so far is -53.8336
LOG (gmm-acc-mllt[5.2.132~9-82686]:main():gmm-acc-mllt.cc:108) Average like for this file is -54.3704 over 46 frames.
LOG (gmm-acc-mllt[5.2.132~9-82686]:main():gmm-acc-mllt.cc:108) Average like for this file is -59.9971 over 33 frames.
LOG (gmm-acc-mllt[5.2.132~9-82686]:main():gmm-acc-mllt.cc:108) Average like for this file is -56.3419 over 38 frames.
LOG (gmm-acc-mllt[5.2.132~9-82686]:main():gmm-acc-mllt.cc:108) Average like for this file is -57.6455 over 45 frames.
LOG (gmm-acc-mllt[5.2.132~9-82686]:main():gmm-acc-mllt.cc:108) Average like for this file is -57.404 over 20 frames.
LOG (gmm-acc-mllt[5.2.132~9-82686]:main():gmm-acc-mllt.cc:108) Average like for this file is -50.7946 over 21 frames.
LOG (gmm-acc-mllt[5.2.132~9-82686]:main():gmm-acc-mllt.cc:108) Average like for this file is -51.4607 over 28 frames.
LOG (gmm-acc-mllt[5.2.132~9-82686]:main():gmm-acc-mllt.cc:108) Average like for this file is -68.3378 over 20 frames.
LOG (gmm-acc-mllt[5.2.132~9-82686]:main():gmm-acc-mllt.cc:108) Average like for this file is -51.9002 over 18 frames.
LOG (gmm-acc-mllt[5.2.132~9-82686]:main():gmm-acc-mllt.cc:108) Average like for this file is -49.8045 over 24 frames.
LOG (gmm-acc-mllt[5.2.132~9-82686]:main():gmm-acc-mllt.cc:114) Avg like per frame so far is -53.8802
LOG (gmm-acc-mllt[5.2.132~9-82686]:main():gmm-acc-mllt.cc:108) Average like for this file is -46.2555 over 24 frames.
LOG (gmm-acc-mllt[5.2.132~9-82686]:main():gmm-acc-mllt.cc:108) Average like for this file is -48.9464 over 31 frames.
LOG (gmm-acc-mllt[5.2.132~9-82686]:main():gmm-acc-mllt.cc:108) Average like for this file is -55.0262 over 21 frames.
LOG (gmm-acc-mllt[5.2.132~9-82686]:main():gmm-acc-mllt.cc:108) Average like for this file is -49.4534 over 21 frames.
LOG (gmm-acc-mllt[5.2.132~9-82686]:main():gmm-acc-mllt.cc:108) Average like for this file is -51.8825 over 20 frames.
LOG (gmm-acc-mllt[5.2.132~9-82686]:main():gmm-acc-mllt.cc:108) Average like for this file is -50.0598 over 24 frames.
LOG (gmm-acc-mllt[5.2.132~9-82686]:main():gmm-acc-mllt.cc:108) Average like for this file is -53.3382 over 20 frames.
LOG (gmm-acc-mllt[5.2.132~9-82686]:main():gmm-acc-mllt.cc:108) Average like for this file is -49.6313 over 19 frames.
LOG (gmm-acc-mllt[5.2.132~9-82686]:main():gmm-acc-mllt.cc:108) Average like for this file is -53.8758 over 22 frames.
LOG (gmm-acc-mllt[5.2.132~9-82686]:main():gmm-acc-mllt.cc:108) Average like for this file is -53.2372 over 17 frames.
LOG (gmm-acc-mllt[5.2.132~9-82686]:main():gmm-acc-mllt.cc:114) Avg like per frame so far is -53.8309
LOG (gmm-acc-mllt[5.2.132~9-82686]:main():gmm-acc-mllt.cc:108) Average like for this file is -49.6188 over 33 frames.
LOG (gmm-acc-mllt[5.2.132~9-82686]:main():gmm-acc-mllt.cc:108) Average like for this file is -47.6456 over 24 frames.
LOG (gmm-acc-mllt[5.2.132~9-82686]:main():gmm-acc-mllt.cc:108) Average like for this file is -51.8218 over 23 frames.
LOG (gmm-acc-mllt[5.2.132~9-82686]:main():gmm-acc-mllt.cc:108) Average like for this file is -53.849 over 28 frames.
LOG (gmm-acc-mllt[5.2.132~9-82686]:main():gmm-acc-mllt.cc:108) Average like for this file is -53.6239 over 55 frames.
LOG (gmm-acc-mllt[5.2.132~9-82686]:main():gmm-acc-mllt.cc:108) Average like for this file is -50.9759 over 43 frames.
LOG (gmm-acc-mllt[5.2.132~9-82686]:main():gmm-acc-mllt.cc:108) Average like for this file is -49.0014 over 37 frames.
LOG (gmm-acc-mllt[5.2.132~9-82686]:main():gmm-acc-mllt.cc:108) Average like for this file is -53.848 over 39 frames.
LOG (gmm-acc-mllt[5.2.132~9-82686]:main():gmm-acc-mllt.cc:108) Average like for this file is -51.357 over 36 frames.
LOG (gmm-acc-mllt[5.2.132~9-82686]:main():gmm-acc-mllt.cc:108) Average like for this file is -54.7615 over 47 frames.
LOG (gmm-acc-mllt[5.2.132~9-82686]:main():gmm-acc-mllt.cc:114) Avg like per frame so far is -53.7792
LOG (gmm-acc-mllt[5.2.132~9-82686]:main():gmm-acc-mllt.cc:108) Average like for this file is -52.4356 over 39 frames.
LOG (ali-to-post[5.2.132~9-82686]:main():ali-to-post.cc:73) Converted 590 alignments.
LOG (gmm-acc-mllt[5.2.132~9-82686]:main():gmm-acc-mllt.cc:108) Average like for this file is -57.7791 over 27 frames.
LOG (gmm-acc-mllt[5.2.132~9-82686]:main():gmm-acc-mllt.cc:108) Average like for this file is -56.9128 over 40 frames.
LOG (gmm-acc-mllt[5.2.132~9-82686]:main():gmm-acc-mllt.cc:108) Average like for this file is -59.6181 over 43 frames.
LOG (gmm-acc-mllt[5.2.132~9-82686]:main():gmm-acc-mllt.cc:108) Average like for this file is -62.9188 over 35 frames.
LOG (gmm-acc-mllt[5.2.132~9-82686]:main():gmm-acc-mllt.cc:108) Average like for this file is -54.6155 over 32 frames.
LOG (gmm-acc-mllt[5.2.132~9-82686]:main():gmm-acc-mllt.cc:108) Average like for this file is -60.4809 over 31 frames.
LOG (gmm-acc-mllt[5.2.132~9-82686]:main():gmm-acc-mllt.cc:108) Average like for this file is -63.0287 over 39 frames.
LOG (gmm-acc-mllt[5.2.132~9-82686]:main():gmm-acc-mllt.cc:108) Average like for this file is -67.4557 over 30 frames.
LOG (gmm-acc-mllt[5.2.132~9-82686]:main():gmm-acc-mllt.cc:108) Average like for this file is -49.7914 over 34 frames.
LOG (gmm-acc-mllt[5.2.132~9-82686]:main():gmm-acc-mllt.cc:114) Avg like per frame so far is -53.8976
LOG (gmm-acc-mllt[5.2.132~9-82686]:main():gmm-acc-mllt.cc:108) Average like for this file is -48.5851 over 40 frames.
LOG (gmm-acc-mllt[5.2.132~9-82686]:main():gmm-acc-mllt.cc:108) Average like for this file is -47.7323 over 38 frames.
LOG (gmm-acc-mllt[5.2.132~9-82686]:main():gmm-acc-mllt.cc:108) Average like for this file is -47.4534 over 38 frames.
LOG (gmm-acc-mllt[5.2.132~9-82686]:main():gmm-acc-mllt.cc:108) Average like for this file is -46.8964 over 37 frames.
LOG (gmm-acc-mllt[5.2.132~9-82686]:main():gmm-acc-mllt.cc:108) Average like for this file is -49.2047 over 40 frames.
LOG (gmm-acc-mllt[5.2.132~9-82686]:main():gmm-acc-mllt.cc:108) Average like for this file is -49.4754 over 33 frames.
LOG (gmm-acc-mllt[5.2.132~9-82686]:main():gmm-acc-mllt.cc:108) Average like for this file is -49.1321 over 29 frames.
LOG (gmm-acc-mllt[5.2.132~9-82686]:main():gmm-acc-mllt.cc:108) Average like for this file is -60.1413 over 52 frames.
LOG (gmm-acc-mllt[5.2.132~9-82686]:main():gmm-acc-mllt.cc:108) Average like for this file is -60.1398 over 52 frames.
LOG (gmm-acc-mllt[5.2.132~9-82686]:main():gmm-acc-mllt.cc:108) Average like for this file is -52.8763 over 37 frames.
LOG (gmm-acc-mllt[5.2.132~9-82686]:main():gmm-acc-mllt.cc:114) Avg like per frame so far is -53.84
LOG (gmm-acc-mllt[5.2.132~9-82686]:main():gmm-acc-mllt.cc:108) Average like for this file is -45.8063 over 43 frames.
LOG (gmm-acc-mllt[5.2.132~9-82686]:main():gmm-acc-mllt.cc:108) Average like for this file is -51.6824 over 50 frames.
LOG (gmm-acc-mllt[5.2.132~9-82686]:main():gmm-acc-mllt.cc:108) Average like for this file is -49.3691 over 29 frames.
LOG (gmm-acc-mllt[5.2.132~9-82686]:main():gmm-acc-mllt.cc:108) Average like for this file is -52.7835 over 38 frames.
LOG (gmm-acc-mllt[5.2.132~9-82686]:main():gmm-acc-mllt.cc:108) Average like for this file is -57.97 over 36 frames.
LOG (gmm-acc-mllt[5.2.132~9-82686]:main():gmm-acc-mllt.cc:108) Average like for this file is -50.1857 over 42 frames.
LOG (gmm-acc-mllt[5.2.132~9-82686]:main():gmm-acc-mllt.cc:108) Average like for this file is -49.9121 over 35 frames.
LOG (gmm-acc-mllt[5.2.132~9-82686]:main():gmm-acc-mllt.cc:108) Average like for this file is -49.2934 over 23 frames.
LOG (gmm-acc-mllt[5.2.132~9-82686]:main():gmm-acc-mllt.cc:108) Average like for this file is -69.5436 over 24 frames.
LOG (gmm-acc-mllt[5.2.132~9-82686]:main():gmm-acc-mllt.cc:108) Average like for this file is -58.4857 over 19 frames.
LOG (gmm-acc-mllt[5.2.132~9-82686]:main():gmm-acc-mllt.cc:114) Avg like per frame so far is -53.812
LOG (gmm-acc-mllt[5.2.132~9-82686]:main():gmm-acc-mllt.cc:108) Average like for this file is -57.0741 over 22 frames.
LOG (gmm-acc-mllt[5.2.132~9-82686]:main():gmm-acc-mllt.cc:108) Average like for this file is -52.9612 over 28 frames.
LOG (gmm-acc-mllt[5.2.132~9-82686]:main():gmm-acc-mllt.cc:108) Average like for this file is -55.419 over 18 frames.
LOG (gmm-acc-mllt[5.2.132~9-82686]:main():gmm-acc-mllt.cc:108) Average like for this file is -55.8152 over 19 frames.
LOG (gmm-acc-mllt[5.2.132~9-82686]:main():gmm-acc-mllt.cc:108) Average like for this file is -49.3278 over 17 frames.
LOG (gmm-acc-mllt[5.2.132~9-82686]:main():gmm-acc-mllt.cc:108) Average like for this file is -53.9216 over 19 frames.
LOG (gmm-acc-mllt[5.2.132~9-82686]:main():gmm-acc-mllt.cc:108) Average like for this file is -61.1448 over 18 frames.
LOG (gmm-acc-mllt[5.2.132~9-82686]:main():gmm-acc-mllt.cc:108) Average like for this file is -52.5169 over 15 frames.
LOG (gmm-acc-mllt[5.2.132~9-82686]:main():gmm-acc-mllt.cc:108) Average like for this file is -61.8139 over 17 frames.
LOG (gmm-acc-mllt[5.2.132~9-82686]:main():gmm-acc-mllt.cc:108) Average like for this file is -56.0989 over 18 frames.
LOG (gmm-acc-mllt[5.2.132~9-82686]:main():gmm-acc-mllt.cc:114) Avg like per frame so far is -53.8346
LOG (gmm-acc-mllt[5.2.132~9-82686]:main():gmm-acc-mllt.cc:108) Average like for this file is -68.5154 over 25 frames.
LOG (gmm-acc-mllt[5.2.132~9-82686]:main():gmm-acc-mllt.cc:108) Average like for this file is -62.9735 over 28 frames.
LOG (gmm-acc-mllt[5.2.132~9-82686]:main():gmm-acc-mllt.cc:108) Average like for this file is -62.1536 over 32 frames.
LOG (gmm-acc-mllt[5.2.132~9-82686]:main():gmm-acc-mllt.cc:108) Average like for this file is -60.9281 over 34 frames.
LOG (gmm-acc-mllt[5.2.132~9-82686]:main():gmm-acc-mllt.cc:108) Average like for this file is -57.6343 over 40 frames.
LOG (gmm-acc-mllt[5.2.132~9-82686]:main():gmm-acc-mllt.cc:108) Average like for this file is -70.0345 over 41 frames.
LOG (gmm-acc-mllt[5.2.132~9-82686]:main():gmm-acc-mllt.cc:108) Average like for this file is -57.4372 over 42 frames.
LOG (gmm-acc-mllt[5.2.132~9-82686]:main():gmm-acc-mllt.cc:108) Average like for this file is -56.8893 over 48 frames.
LOG (gmm-acc-mllt[5.2.132~9-82686]:main():gmm-acc-mllt.cc:108) Average like for this file is -60.2173 over 37 frames.
LOG (gmm-acc-mllt[5.2.132~9-82686]:main():gmm-acc-mllt.cc:108) Average like for this file is -61.2573 over 40 frames.
LOG (gmm-acc-mllt[5.2.132~9-82686]:main():gmm-acc-mllt.cc:114) Avg like per frame so far is -54.0199
LOG (gmm-acc-mllt[5.2.132~9-82686]:main():gmm-acc-mllt.cc:108) Average like for this file is -57.0845 over 28 frames.
LOG (gmm-acc-mllt[5.2.132~9-82686]:main():gmm-acc-mllt.cc:108) Average like for this file is -59.1952 over 24 frames.
LOG (gmm-acc-mllt[5.2.132~9-82686]:main():gmm-acc-mllt.cc:108) Average like for this file is -60.7125 over 30 frames.
LOG (gmm-acc-mllt[5.2.132~9-82686]:main():gmm-acc-mllt.cc:108) Average like for this file is -66.5507 over 24 frames.
LOG (gmm-acc-mllt[5.2.132~9-82686]:main():gmm-acc-mllt.cc:108) Average like for this file is -64.7786 over 21 frames.
LOG (gmm-acc-mllt[5.2.132~9-82686]:main():gmm-acc-mllt.cc:108) Average like for this file is -65.6873 over 20 frames.
LOG (gmm-acc-mllt[5.2.132~9-82686]:main():gmm-acc-mllt.cc:108) Average like for this file is -62.9583 over 32 frames.
LOG (gmm-acc-mllt[5.2.132~9-82686]:main():gmm-acc-mllt.cc:108) Average like for this file is -55.5579 over 28 frames.
LOG (gmm-acc-mllt[5.2.132~9-82686]:main():gmm-acc-mllt.cc:108) Average like for this file is -61.6274 over 27 frames.
LOG (gmm-acc-mllt[5.2.132~9-82686]:main():gmm-acc-mllt.cc:108) Average like for this file is -53.5926 over 24 frames.
LOG (gmm-acc-mllt[5.2.132~9-82686]:main():gmm-acc-mllt.cc:114) Avg like per frame so far is -54.1311
LOG (gmm-acc-mllt[5.2.132~9-82686]:main():gmm-acc-mllt.cc:108) Average like for this file is -55.8407 over 25 frames.
LOG (gmm-acc-mllt[5.2.132~9-82686]:main():gmm-acc-mllt.cc:108) Average like for this file is -52.4791 over 28 frames.
LOG (gmm-acc-mllt[5.2.132~9-82686]:main():gmm-acc-mllt.cc:108) Average like for this file is -46.6333 over 24 frames.
LOG (gmm-acc-mllt[5.2.132~9-82686]:main():gmm-acc-mllt.cc:108) Average like for this file is -50.6781 over 31 frames.
LOG (gmm-acc-mllt[5.2.132~9-82686]:main():gmm-acc-mllt.cc:108) Average like for this file is -48.6102 over 27 frames.
LOG (gmm-acc-mllt[5.2.132~9-82686]:main():gmm-acc-mllt.cc:108) Average like for this file is -59.6637 over 26 frames.
LOG (gmm-acc-mllt[5.2.132~9-82686]:main():gmm-acc-mllt.cc:108) Average like for this file is -47.3493 over 36 frames.
LOG (gmm-acc-mllt[5.2.132~9-82686]:main():gmm-acc-mllt.cc:108) Average like for this file is -53.1733 over 28 frames.
LOG (gmm-acc-mllt[5.2.132~9-82686]:main():gmm-acc-mllt.cc:108) Average like for this file is -49.7183 over 31 frames.
LOG (gmm-acc-mllt[5.2.132~9-82686]:main():gmm-acc-mllt.cc:108) Average like for this file is -49.4888 over 30 frames.
LOG (gmm-acc-mllt[5.2.132~9-82686]:main():gmm-acc-mllt.cc:114) Avg like per frame so far is -54.0768
LOG (gmm-acc-mllt[5.2.132~9-82686]:main():gmm-acc-mllt.cc:108) Average like for this file is -58.9287 over 27 frames.
LOG (gmm-acc-mllt[5.2.132~9-82686]:main():gmm-acc-mllt.cc:108) Average like for this file is -54.6657 over 34 frames.
LOG (gmm-acc-mllt[5.2.132~9-82686]:main():gmm-acc-mllt.cc:108) Average like for this file is -60.0853 over 33 frames.
LOG (gmm-acc-mllt[5.2.132~9-82686]:main():gmm-acc-mllt.cc:108) Average like for this file is -57.9022 over 24 frames.
LOG (gmm-acc-mllt[5.2.132~9-82686]:main():gmm-acc-mllt.cc:108) Average like for this file is -59.4642 over 36 frames.
LOG (gmm-acc-mllt[5.2.132~9-82686]:main():gmm-acc-mllt.cc:108) Average like for this file is -60.9231 over 41 frames.
LOG (gmm-acc-mllt[5.2.132~9-82686]:main():gmm-acc-mllt.cc:108) Average like for this file is -53.5881 over 38 frames.
LOG (gmm-acc-mllt[5.2.132~9-82686]:main():gmm-acc-mllt.cc:108) Average like for this file is -54.7726 over 34 frames.
LOG (gmm-acc-mllt[5.2.132~9-82686]:main():gmm-acc-mllt.cc:108) Average like for this file is -68.367 over 36 frames.
LOG (gmm-acc-mllt[5.2.132~9-82686]:main():gmm-acc-mllt.cc:108) Average like for this file is -60.0506 over 28 frames.
LOG (gmm-acc-mllt[5.2.132~9-82686]:main():gmm-acc-mllt.cc:114) Avg like per frame so far is -54.1778
LOG (gmm-acc-mllt[5.2.132~9-82686]:main():gmm-acc-mllt.cc:108) Average like for this file is -61.8707 over 36 frames.
LOG (gmm-acc-mllt[5.2.132~9-82686]:main():gmm-acc-mllt.cc:108) Average like for this file is -59.8043 over 26 frames.
LOG (gmm-acc-mllt[5.2.132~9-82686]:main():gmm-acc-mllt.cc:108) Average like for this file is -64.3434 over 28 frames.
LOG (gmm-acc-mllt[5.2.132~9-82686]:main():gmm-acc-mllt.cc:108) Average like for this file is -58.5506 over 30 frames.
LOG (gmm-acc-mllt[5.2.132~9-82686]:main():gmm-acc-mllt.cc:108) Average like for this file is -68.2792 over 28 frames.
LOG (gmm-acc-mllt[5.2.132~9-82686]:main():gmm-acc-mllt.cc:108) Average like for this file is -54.1614 over 74 frames.
LOG (gmm-acc-mllt[5.2.132~9-82686]:main():gmm-acc-mllt.cc:108) Average like for this file is -56.0366 over 65 frames.
LOG (gmm-acc-mllt[5.2.132~9-82686]:main():gmm-acc-mllt.cc:108) Average like for this file is -55.3533 over 60 frames.
LOG (gmm-acc-mllt[5.2.132~9-82686]:main():gmm-acc-mllt.cc:108) Average like for this file is -55.3453 over 30 frames.
LOG (gmm-acc-mllt[5.2.132~9-82686]:main():gmm-acc-mllt.cc:108) Average like for this file is -60.1 over 29 frames.
LOG (gmm-acc-mllt[5.2.132~9-82686]:main():gmm-acc-mllt.cc:114) Avg like per frame so far is -54.2781
LOG (gmm-acc-mllt[5.2.132~9-82686]:main():gmm-acc-mllt.cc:108) Average like for this file is -60.4942 over 29 frames.
LOG (gmm-acc-mllt[5.2.132~9-82686]:main():gmm-acc-mllt.cc:108) Average like for this file is -56.0923 over 21 frames.
LOG (gmm-acc-mllt[5.2.132~9-82686]:main():gmm-acc-mllt.cc:108) Average like for this file is -60.7688 over 21 frames.
LOG (gmm-acc-mllt[5.2.132~9-82686]:main():gmm-acc-mllt.cc:108) Average like for this file is -61.5756 over 31 frames.
LOG (gmm-acc-mllt[5.2.132~9-82686]:main():gmm-acc-mllt.cc:108) Average like for this file is -57.4477 over 27 frames.
LOG (gmm-acc-mllt[5.2.132~9-82686]:main():gmm-acc-mllt.cc:108) Average like for this file is -54.238 over 26 frames.
LOG (gmm-acc-mllt[5.2.132~9-82686]:main():gmm-acc-mllt.cc:108) Average like for this file is -54.2846 over 30 frames.
LOG (gmm-acc-mllt[5.2.132~9-82686]:main():gmm-acc-mllt.cc:108) Average like for this file is -56.539 over 29 frames.
LOG (gmm-acc-mllt[5.2.132~9-82686]:main():gmm-acc-mllt.cc:108) Average like for this file is -57.2213 over 31 frames.
LOG (gmm-acc-mllt[5.2.132~9-82686]:main():gmm-acc-mllt.cc:108) Average like for this file is -56.3096 over 23 frames.
LOG (gmm-acc-mllt[5.2.132~9-82686]:main():gmm-acc-mllt.cc:114) Avg like per frame so far is -54.3306
LOG (gmm-acc-mllt[5.2.132~9-82686]:main():gmm-acc-mllt.cc:108) Average like for this file is -58.7266 over 46 frames.
LOG (gmm-acc-mllt[5.2.132~9-82686]:main():gmm-acc-mllt.cc:108) Average like for this file is -60.0519 over 36 frames.
LOG (gmm-acc-mllt[5.2.132~9-82686]:main():gmm-acc-mllt.cc:108) Average like for this file is -52.1573 over 34 frames.
LOG (gmm-acc-mllt[5.2.132~9-82686]:main():gmm-acc-mllt.cc:108) Average like for this file is -56.2218 over 37 frames.
LOG (gmm-acc-mllt[5.2.132~9-82686]:main():gmm-acc-mllt.cc:108) Average like for this file is -53.9921 over 29 frames.
LOG (gmm-acc-mllt[5.2.132~9-82686]:main():gmm-acc-mllt.cc:108) Average like for this file is -52.0722 over 26 frames.
LOG (gmm-acc-mllt[5.2.132~9-82686]:main():gmm-acc-mllt.cc:108) Average like for this file is -58.9082 over 27 frames.
LOG (gmm-acc-mllt[5.2.132~9-82686]:main():gmm-acc-mllt.cc:108) Average like for this file is -55.4073 over 31 frames.
LOG (gmm-acc-mllt[5.2.132~9-82686]:main():gmm-acc-mllt.cc:108) Average like for this file is -60.3601 over 25 frames.
LOG (gmm-acc-mllt[5.2.132~9-82686]:main():gmm-acc-mllt.cc:108) Average like for this file is -60.6021 over 34 frames.
LOG (gmm-acc-mllt[5.2.132~9-82686]:main():gmm-acc-mllt.cc:114) Avg like per frame so far is -54.3814
LOG (gmm-acc-mllt[5.2.132~9-82686]:main():gmm-acc-mllt.cc:108) Average like for this file is -53.7518 over 57 frames.
LOG (gmm-acc-mllt[5.2.132~9-82686]:main():gmm-acc-mllt.cc:108) Average like for this file is -58.3658 over 46 frames.
LOG (gmm-acc-mllt[5.2.132~9-82686]:main():gmm-acc-mllt.cc:108) Average like for this file is -56.5966 over 18 frames.
LOG (gmm-acc-mllt[5.2.132~9-82686]:main():gmm-acc-mllt.cc:108) Average like for this file is -49.5991 over 12 frames.
LOG (gmm-acc-mllt[5.2.132~9-82686]:main():gmm-acc-mllt.cc:108) Average like for this file is -56.3421 over 17 frames.
LOG (gmm-acc-mllt[5.2.132~9-82686]:main():gmm-acc-mllt.cc:108) Average like for this file is -61.3847 over 21 frames.
LOG (gmm-acc-mllt[5.2.132~9-82686]:main():gmm-acc-mllt.cc:108) Average like for this file is -61.2034 over 26 frames.
LOG (gmm-acc-mllt[5.2.132~9-82686]:main():gmm-acc-mllt.cc:108) Average like for this file is -52.8328 over 28 frames.
LOG (gmm-acc-mllt[5.2.132~9-82686]:main():gmm-acc-mllt.cc:108) Average like for this file is -60.7602 over 19 frames.
LOG (gmm-acc-mllt[5.2.132~9-82686]:main():gmm-acc-mllt.cc:108) Average like for this file is -59.1761 over 20 frames.
LOG (gmm-acc-mllt[5.2.132~9-82686]:main():gmm-acc-mllt.cc:114) Avg like per frame so far is -54.42
LOG (gmm-acc-mllt[5.2.132~9-82686]:main():gmm-acc-mllt.cc:108) Average like for this file is -61.0565 over 30 frames.
LOG (gmm-acc-mllt[5.2.132~9-82686]:main():gmm-acc-mllt.cc:108) Average like for this file is -56.2159 over 33 frames.
LOG (gmm-acc-mllt[5.2.132~9-82686]:main():gmm-acc-mllt.cc:108) Average like for this file is -60.615 over 19 frames.
LOG (gmm-acc-mllt[5.2.132~9-82686]:main():gmm-acc-mllt.cc:108) Average like for this file is -60.2532 over 45 frames.
LOG (gmm-acc-mllt[5.2.132~9-82686]:main():gmm-acc-mllt.cc:108) Average like for this file is -57.2484 over 44 frames.
LOG (gmm-acc-mllt[5.2.132~9-82686]:main():gmm-acc-mllt.cc:108) Average like for this file is -59.0201 over 31 frames.
LOG (gmm-acc-mllt[5.2.132~9-82686]:main():gmm-acc-mllt.cc:108) Average like for this file is -53.6272 over 29 frames.
LOG (gmm-acc-mllt[5.2.132~9-82686]:main():gmm-acc-mllt.cc:108) Average like for this file is -52.4976 over 33 frames.
LOG (gmm-acc-mllt[5.2.132~9-82686]:main():gmm-acc-mllt.cc:108) Average like for this file is -52.0907 over 31 frames.
LOG (gmm-acc-mllt[5.2.132~9-82686]:main():gmm-acc-mllt.cc:108) Average like for this file is -55.6985 over 44 frames.
LOG (gmm-acc-mllt[5.2.132~9-82686]:main():gmm-acc-mllt.cc:114) Avg like per frame so far is -54.466
LOG (gmm-acc-mllt[5.2.132~9-82686]:main():gmm-acc-mllt.cc:108) Average like for this file is -62.3987 over 36 frames.
LOG (gmm-acc-mllt[5.2.132~9-82686]:main():gmm-acc-mllt.cc:108) Average like for this file is -55.9083 over 46 frames.
LOG (gmm-acc-mllt[5.2.132~9-82686]:main():gmm-acc-mllt.cc:108) Average like for this file is -54.0391 over 41 frames.
LOG (gmm-acc-mllt[5.2.132~9-82686]:main():gmm-acc-mllt.cc:108) Average like for this file is -64.9579 over 26 frames.
LOG (weight-silence-post[5.2.132~9-82686]:main():weight-silence-post.cc:95) Done 590 posteriors.
LOG (gmm-acc-mllt[5.2.132~9-82686]:main():gmm-acc-mllt.cc:108) Average like for this file is -63.0264 over 26 frames.
LOG (gmm-acc-mllt[5.2.132~9-82686]:main():gmm-acc-mllt.cc:108) Average like for this file is -52.5712 over 65 frames.
LOG (gmm-acc-mllt[5.2.132~9-82686]:main():gmm-acc-mllt.cc:108) Average like for this file is -50.5018 over 53 frames.
LOG (gmm-acc-mllt[5.2.132~9-82686]:main():gmm-acc-mllt.cc:108) Average like for this file is -50.1362 over 47 frames.
LOG (gmm-acc-mllt[5.2.132~9-82686]:main():gmm-acc-mllt.cc:108) Average like for this file is -47.1867 over 33 frames.
LOG (gmm-acc-mllt[5.2.132~9-82686]:main():gmm-acc-mllt.cc:108) Average like for this file is -54.3629 over 37 frames.
LOG (gmm-acc-mllt[5.2.132~9-82686]:main():gmm-acc-mllt.cc:114) Avg like per frame so far is -54.4688
LOG (gmm-acc-mllt[5.2.132~9-82686]:main():gmm-acc-mllt.cc:108) Average like for this file is -58.7914 over 33 frames.
LOG (gmm-acc-mllt[5.2.132~9-82686]:main():gmm-acc-mllt.cc:108) Average like for this file is -52.596 over 29 frames.
LOG (gmm-acc-mllt[5.2.132~9-82686]:main():gmm-acc-mllt.cc:108) Average like for this file is -55.7696 over 23 frames.
LOG (gmm-acc-mllt[5.2.132~9-82686]:main():gmm-acc-mllt.cc:108) Average like for this file is -62.4557 over 28 frames.
LOG (gmm-acc-mllt[5.2.132~9-82686]:main():gmm-acc-mllt.cc:108) Average like for this file is -65.2396 over 32 frames.
LOG (gmm-acc-mllt[5.2.132~9-82686]:main():gmm-acc-mllt.cc:108) Average like for this file is -55.5984 over 29 frames.
LOG (gmm-acc-mllt[5.2.132~9-82686]:main():gmm-acc-mllt.cc:108) Average like for this file is -55.8697 over 28 frames.
LOG (gmm-acc-mllt[5.2.132~9-82686]:main():gmm-acc-mllt.cc:108) Average like for this file is -57.9403 over 43 frames.
LOG (gmm-acc-mllt[5.2.132~9-82686]:main():gmm-acc-mllt.cc:108) Average like for this file is -53.3652 over 28 frames.
LOG (gmm-acc-mllt[5.2.132~9-82686]:main():gmm-acc-mllt.cc:108) Average like for this file is -57.524 over 32 frames.
LOG (gmm-acc-mllt[5.2.132~9-82686]:main():gmm-acc-mllt.cc:114) Avg like per frame so far is -54.5224
LOG (gmm-acc-mllt[5.2.132~9-82686]:main():gmm-acc-mllt.cc:108) Average like for this file is -55.5822 over 26 frames.
LOG (gmm-acc-mllt[5.2.132~9-82686]:main():gmm-acc-mllt.cc:108) Average like for this file is -55.5021 over 35 frames.
LOG (gmm-acc-mllt[5.2.132~9-82686]:main():gmm-acc-mllt.cc:108) Average like for this file is -57.5252 over 47 frames.
LOG (gmm-acc-mllt[5.2.132~9-82686]:main():gmm-acc-mllt.cc:108) Average like for this file is -52.0812 over 50 frames.
LOG (gmm-acc-mllt[5.2.132~9-82686]:main():gmm-acc-mllt.cc:108) Average like for this file is -49.8344 over 33 frames.
LOG (gmm-acc-mllt[5.2.132~9-82686]:main():gmm-acc-mllt.cc:108) Average like for this file is -56.4752 over 23 frames.
LOG (gmm-acc-mllt[5.2.132~9-82686]:main():gmm-acc-mllt.cc:108) Average like for this file is -54.3836 over 32 frames.
LOG (gmm-acc-mllt[5.2.132~9-82686]:main():gmm-acc-mllt.cc:108) Average like for this file is -55.9798 over 37 frames.
LOG (gmm-acc-mllt[5.2.132~9-82686]:main():gmm-acc-mllt.cc:108) Average like for this file is -52.7843 over 40 frames.
LOG (gmm-acc-mllt[5.2.132~9-82686]:main():gmm-acc-mllt.cc:108) Average like for this file is -55.903 over 36 frames.
LOG (gmm-acc-mllt[5.2.132~9-82686]:main():gmm-acc-mllt.cc:114) Avg like per frame so far is -54.5224
LOG (gmm-acc-mllt[5.2.132~9-82686]:main():gmm-acc-mllt.cc:108) Average like for this file is -56.8452 over 47 frames.
LOG (gmm-acc-mllt[5.2.132~9-82686]:main():gmm-acc-mllt.cc:108) Average like for this file is -54.1804 over 42 frames.
LOG (gmm-acc-mllt[5.2.132~9-82686]:main():gmm-acc-mllt.cc:108) Average like for this file is -56.8019 over 38 frames.
LOG (gmm-acc-mllt[5.2.132~9-82686]:main():gmm-acc-mllt.cc:108) Average like for this file is -56.6199 over 22 frames.
LOG (gmm-acc-mllt[5.2.132~9-82686]:main():gmm-acc-mllt.cc:108) Average like for this file is -56.702 over 21 frames.
LOG (gmm-acc-mllt[5.2.132~9-82686]:main():gmm-acc-mllt.cc:108) Average like for this file is -57.9631 over 44 frames.
LOG (gmm-acc-mllt[5.2.132~9-82686]:main():gmm-acc-mllt.cc:108) Average like for this file is -55.3526 over 33 frames.
LOG (gmm-acc-mllt[5.2.132~9-82686]:main():gmm-acc-mllt.cc:108) Average like for this file is -54.5061 over 39 frames.
LOG (gmm-acc-mllt[5.2.132~9-82686]:main():gmm-acc-mllt.cc:108) Average like for this file is -59.6075 over 29 frames.
LOG (gmm-acc-mllt[5.2.132~9-82686]:main():gmm-acc-mllt.cc:108) Average like for this file is -56.7223 over 30 frames.
LOG (gmm-acc-mllt[5.2.132~9-82686]:main():gmm-acc-mllt.cc:114) Avg like per frame so far is -54.5576
LOG (gmm-acc-mllt[5.2.132~9-82686]:main():gmm-acc-mllt.cc:108) Average like for this file is -53.2581 over 38 frames.
LOG (gmm-acc-mllt[5.2.132~9-82686]:main():gmm-acc-mllt.cc:108) Average like for this file is -58.5369 over 18 frames.
LOG (gmm-acc-mllt[5.2.132~9-82686]:main():gmm-acc-mllt.cc:108) Average like for this file is -52.5364 over 23 frames.
LOG (gmm-acc-mllt[5.2.132~9-82686]:main():gmm-acc-mllt.cc:108) Average like for this file is -51.903 over 52 frames.
LOG (gmm-acc-mllt[5.2.132~9-82686]:main():gmm-acc-mllt.cc:108) Average like for this file is -63.6808 over 25 frames.
LOG (gmm-acc-mllt[5.2.132~9-82686]:main():gmm-acc-mllt.cc:108) Average like for this file is -52.625 over 20 frames.
LOG (gmm-acc-mllt[5.2.132~9-82686]:main():gmm-acc-mllt.cc:108) Average like for this file is -53.2842 over 38 frames.
LOG (gmm-acc-mllt[5.2.132~9-82686]:main():gmm-acc-mllt.cc:108) Average like for this file is -54.7371 over 24 frames.
LOG (gmm-acc-mllt[5.2.132~9-82686]:main():gmm-acc-mllt.cc:108) Average like for this file is -62.1833 over 23 frames.
LOG (gmm-acc-mllt[5.2.132~9-82686]:main():gmm-acc-mllt.cc:108) Average like for this file is -48.4697 over 26 frames.
LOG (gmm-acc-mllt[5.2.132~9-82686]:main():gmm-acc-mllt.cc:114) Avg like per frame so far is -54.5576
LOG (gmm-acc-mllt[5.2.132~9-82686]:main():gmm-acc-mllt.cc:108) Average like for this file is -52.94 over 21 frames.
LOG (gmm-acc-mllt[5.2.132~9-82686]:main():gmm-acc-mllt.cc:108) Average like for this file is -53.5601 over 21 frames.
LOG (gmm-acc-mllt[5.2.132~9-82686]:main():gmm-acc-mllt.cc:108) Average like for this file is -52.2944 over 25 frames.
LOG (gmm-acc-mllt[5.2.132~9-82686]:main():gmm-acc-mllt.cc:108) Average like for this file is -54.1153 over 19 frames.
LOG (gmm-acc-mllt[5.2.132~9-82686]:main():gmm-acc-mllt.cc:108) Average like for this file is -55.7667 over 19 frames.
LOG (gmm-acc-mllt[5.2.132~9-82686]:main():gmm-acc-mllt.cc:108) Average like for this file is -57.8867 over 44 frames.
LOG (gmm-acc-mllt[5.2.132~9-82686]:main():gmm-acc-mllt.cc:108) Average like for this file is -59.3647 over 43 frames.
LOG (gmm-acc-mllt[5.2.132~9-82686]:main():gmm-acc-mllt.cc:108) Average like for this file is -55.9255 over 48 frames.
LOG (gmm-acc-mllt[5.2.132~9-82686]:main():gmm-acc-mllt.cc:108) Average like for this file is -60.3416 over 37 frames.
LOG (gmm-acc-mllt[5.2.132~9-82686]:main():gmm-acc-mllt.cc:108) Average like for this file is -55.8462 over 46 frames.
LOG (gmm-acc-mllt[5.2.132~9-82686]:main():gmm-acc-mllt.cc:114) Avg like per frame so far is -54.5882
LOG (gmm-acc-mllt[5.2.132~9-82686]:main():gmm-acc-mllt.cc:108) Average like for this file is -57.5482 over 46 frames.
LOG (apply-cmvn[5.2.132~9-82686]:main():apply-cmvn.cc:162) Applied cepstral mean normalization to 590 utterances, errors on 0
LOG (gmm-acc-mllt[5.2.132~9-82686]:main():gmm-acc-mllt.cc:108) Average like for this file is -57.2678 over 44 frames.
LOG (gmm-acc-mllt[5.2.132~9-82686]:main():gmm-acc-mllt.cc:108) Average like for this file is -61.0939 over 36 frames.
LOG (gmm-acc-mllt[5.2.132~9-82686]:main():gmm-acc-mllt.cc:108) Average like for this file is -60.9267 over 32 frames.
LOG (gmm-acc-mllt[5.2.132~9-82686]:main():gmm-acc-mllt.cc:108) Average like for this file is -56.667 over 59 frames.
LOG (gmm-acc-mllt[5.2.132~9-82686]:main():gmm-acc-mllt.cc:108) Average like for this file is -65.661 over 24 frames.
LOG (gmm-acc-mllt[5.2.132~9-82686]:main():gmm-acc-mllt.cc:108) Average like for this file is -55.8742 over 28 frames.
LOG (gmm-acc-mllt[5.2.132~9-82686]:main():gmm-acc-mllt.cc:108) Average like for this file is -56.6685 over 32 frames.
LOG (gmm-acc-mllt[5.2.132~9-82686]:main():gmm-acc-mllt.cc:108) Average like for this file is -57.5579 over 39 frames.
LOG (gmm-acc-mllt[5.2.132~9-82686]:main():gmm-acc-mllt.cc:108) Average like for this file is -54.7125 over 36 frames.
LOG (gmm-acc-mllt[5.2.132~9-82686]:main():gmm-acc-mllt.cc:114) Avg like per frame so far is -54.6537
LOG (gmm-acc-mllt[5.2.132~9-82686]:main():gmm-acc-mllt.cc:108) Average like for this file is -56.9164 over 39 frames.
LOG (gmm-acc-mllt[5.2.132~9-82686]:main():gmm-acc-mllt.cc:108) Average like for this file is -62.3934 over 22 frames.
LOG (gmm-acc-mllt[5.2.132~9-82686]:main():gmm-acc-mllt.cc:108) Average like for this file is -57.3226 over 37 frames.
LOG (gmm-acc-mllt[5.2.132~9-82686]:main():gmm-acc-mllt.cc:108) Average like for this file is -60.7365 over 32 frames.
LOG (gmm-acc-mllt[5.2.132~9-82686]:main():gmm-acc-mllt.cc:108) Average like for this file is -59.7327 over 39 frames.
LOG (gmm-acc-mllt[5.2.132~9-82686]:main():gmm-acc-mllt.cc:108) Average like for this file is -62.4567 over 35 frames.
LOG (gmm-acc-mllt[5.2.132~9-82686]:main():gmm-acc-mllt.cc:108) Average like for this file is -58.6985 over 36 frames.
LOG (gmm-acc-mllt[5.2.132~9-82686]:main():gmm-acc-mllt.cc:108) Average like for this file is -62.752 over 34 frames.
LOG (gmm-acc-mllt[5.2.132~9-82686]:main():gmm-acc-mllt.cc:108) Average like for this file is -59.3212 over 35 frames.
LOG (gmm-acc-mllt[5.2.132~9-82686]:main():gmm-acc-mllt.cc:108) Average like for this file is -61.1273 over 26 frames.
LOG (gmm-acc-mllt[5.2.132~9-82686]:main():gmm-acc-mllt.cc:114) Avg like per frame so far is -54.7416
LOG (gmm-acc-mllt[5.2.132~9-82686]:main():gmm-acc-mllt.cc:108) Average like for this file is -59.4982 over 22 frames.
LOG (gmm-acc-mllt[5.2.132~9-82686]:main():gmm-acc-mllt.cc:108) Average like for this file is -52.568 over 31 frames.
LOG (gmm-acc-mllt[5.2.132~9-82686]:main():gmm-acc-mllt.cc:108) Average like for this file is -58.0087 over 21 frames.
LOG (gmm-acc-mllt[5.2.132~9-82686]:main():gmm-acc-mllt.cc:108) Average like for this file is -64.4824 over 17 frames.
LOG (gmm-acc-mllt[5.2.132~9-82686]:main():gmm-acc-mllt.cc:108) Average like for this file is -51.3718 over 25 frames.
LOG (gmm-acc-mllt[5.2.132~9-82686]:main():gmm-acc-mllt.cc:108) Average like for this file is -56.359 over 23 frames.
LOG (gmm-acc-mllt[5.2.132~9-82686]:main():gmm-acc-mllt.cc:108) Average like for this file is -59.1023 over 26 frames.
LOG (gmm-acc-mllt[5.2.132~9-82686]:main():gmm-acc-mllt.cc:108) Average like for this file is -58.0406 over 24 frames.
LOG (gmm-acc-mllt[5.2.132~9-82686]:main():gmm-acc-mllt.cc:108) Average like for this file is -61.2535 over 26 frames.
LOG (gmm-acc-mllt[5.2.132~9-82686]:main():gmm-acc-mllt.cc:108) Average like for this file is -54.5041 over 24 frames.
LOG (gmm-acc-mllt[5.2.132~9-82686]:main():gmm-acc-mllt.cc:114) Avg like per frame so far is -54.77
LOG (gmm-acc-mllt[5.2.132~9-82686]:main():gmm-acc-mllt.cc:108) Average like for this file is -58.5537 over 22 frames.
LOG (gmm-acc-mllt[5.2.132~9-82686]:main():gmm-acc-mllt.cc:108) Average like for this file is -50.411 over 27 frames.
LOG (gmm-acc-mllt[5.2.132~9-82686]:main():gmm-acc-mllt.cc:108) Average like for this file is -44.645 over 40 frames.
LOG (gmm-acc-mllt[5.2.132~9-82686]:main():gmm-acc-mllt.cc:108) Average like for this file is -58.5004 over 37 frames.
LOG (gmm-acc-mllt[5.2.132~9-82686]:main():gmm-acc-mllt.cc:108) Average like for this file is -50.8946 over 42 frames.
LOG (gmm-acc-mllt[5.2.132~9-82686]:main():gmm-acc-mllt.cc:108) Average like for this file is -50.3029 over 40 frames.
LOG (gmm-acc-mllt[5.2.132~9-82686]:main():gmm-acc-mllt.cc:108) Average like for this file is -47.3372 over 33 frames.
LOG (gmm-acc-mllt[5.2.132~9-82686]:main():gmm-acc-mllt.cc:108) Average like for this file is -45.3325 over 26 frames.
LOG (gmm-acc-mllt[5.2.132~9-82686]:main():gmm-acc-mllt.cc:108) Average like for this file is -48.1366 over 30 frames.
LOG (gmm-acc-mllt[5.2.132~9-82686]:main():gmm-acc-mllt.cc:108) Average like for this file is -59.7363 over 22 frames.
LOG (gmm-acc-mllt[5.2.132~9-82686]:main():gmm-acc-mllt.cc:114) Avg like per frame so far is -54.7111
LOG (gmm-acc-mllt[5.2.132~9-82686]:main():gmm-acc-mllt.cc:108) Average like for this file is -52.5301 over 32 frames.
LOG (gmm-acc-mllt[5.2.132~9-82686]:main():gmm-acc-mllt.cc:108) Average like for this file is -55.4035 over 30 frames.
LOG (gmm-acc-mllt[5.2.132~9-82686]:main():gmm-acc-mllt.cc:108) Average like for this file is -54.3601 over 33 frames.
LOG (gmm-acc-mllt[5.2.132~9-82686]:main():gmm-acc-mllt.cc:108) Average like for this file is -53.5189 over 50 frames.
LOG (gmm-acc-mllt[5.2.132~9-82686]:main():gmm-acc-mllt.cc:108) Average like for this file is -56.3336 over 35 frames.
LOG (gmm-acc-mllt[5.2.132~9-82686]:main():gmm-acc-mllt.cc:108) Average like for this file is -50.0947 over 29 frames.
LOG (gmm-acc-mllt[5.2.132~9-82686]:main():gmm-acc-mllt.cc:108) Average like for this file is -60.1231 over 27 frames.
LOG (gmm-acc-mllt[5.2.132~9-82686]:main():gmm-acc-mllt.cc:108) Average like for this file is -55.7685 over 31 frames.
LOG (gmm-acc-mllt[5.2.132~9-82686]:main():gmm-acc-mllt.cc:108) Average like for this file is -46.7393 over 37 frames.
LOG (gmm-acc-mllt[5.2.132~9-82686]:main():gmm-acc-mllt.cc:108) Average like for this file is -51.6024 over 28 frames.
LOG (gmm-acc-mllt[5.2.132~9-82686]:main():gmm-acc-mllt.cc:114) Avg like per frame so far is -54.6921
LOG (transform-feats[5.2.132~9-82686]:main():transform-feats.cc:158) Overall average [pseudo-]logdet is -87.1945 over 22731 frames.
LOG (transform-feats[5.2.132~9-82686]:main():transform-feats.cc:161) Applied transform to 590 utterances; 0 had errors.
LOG (gmm-acc-mllt[5.2.132~9-82686]:main():gmm-acc-mllt.cc:108) Average like for this file is -50.458 over 25 frames.
LOG (gmm-acc-mllt[5.2.132~9-82686]:main():gmm-acc-mllt.cc:108) Average like for this file is -51.5095 over 29 frames.
LOG (gmm-acc-mllt[5.2.132~9-82686]:main():gmm-acc-mllt.cc:108) Average like for this file is -55.0038 over 29 frames.
LOG (gmm-acc-mllt[5.2.132~9-82686]:main():gmm-acc-mllt.cc:108) Average like for this file is -56.4831 over 38 frames.
LOG (gmm-acc-mllt[5.2.132~9-82686]:main():gmm-acc-mllt.cc:108) Average like for this file is -56.1991 over 29 frames.
LOG (gmm-acc-mllt[5.2.132~9-82686]:main():gmm-acc-mllt.cc:108) Average like for this file is -57.319 over 33 frames.
LOG (gmm-acc-mllt[5.2.132~9-82686]:main():gmm-acc-mllt.cc:108) Average like for this file is -50.9522 over 26 frames.
LOG (gmm-acc-mllt[5.2.132~9-82686]:main():gmm-acc-mllt.cc:108) Average like for this file is -54.2093 over 27 frames.
LOG (gmm-acc-mllt[5.2.132~9-82686]:main():gmm-acc-mllt.cc:108) Average like for this file is -57.1826 over 29 frames.
LOG (gmm-acc-mllt[5.2.132~9-82686]:main():gmm-acc-mllt.cc:108) Average like for this file is -50.5962 over 37 frames.
LOG (gmm-acc-mllt[5.2.132~9-82686]:main():gmm-acc-mllt.cc:114) Avg like per frame so far is -54.6837
LOG (gmm-acc-mllt[5.2.132~9-82686]:main():gmm-acc-mllt.cc:119) Done 590 files, 0 with no posteriors, 0 with other errors.
LOG (gmm-acc-mllt[5.2.132~9-82686]:main():gmm-acc-mllt.cc:123) Overall avg like per frame (Gaussian only) = -54.6837 over 21398 frames.
LOG (gmm-acc-mllt[5.2.132~9-82686]:main():gmm-acc-mllt.cc:127) Written accs.
# Accounting: time=1 threads=1
# Ended (code 0) at Thu Nov  9 13:50:17 NZDT 2017, elapsed time 1 seconds
