# ali-to-post "ark:gunzip -c exp/tri2b/ali.3.gz|" ark:- | weight-silence-post 0.0 1:2:3:4:5:6:7:8:9:10 exp/tri2b/2.mdl ark:- ark:- | gmm-acc-mllt --rand-prune=4.0 exp/tri2b/2.mdl "ark,s,cs:apply-cmvn  --utt2spk=ark:data/train/split4/3/utt2spk scp:data/train/split4/3/cmvn.scp scp:data/train/split4/3/feats.scp ark:- | splice-feats --left-context=3 --right-context=3 ark:- ark:- | transform-feats exp/tri2b/0.mat ark:- ark:- |" ark:- exp/tri2b/2.3.macc 
# Started at Thu Nov  9 13:50:16 NZDT 2017
#
weight-silence-post 0.0 1:2:3:4:5:6:7:8:9:10 exp/tri2b/2.mdl ark:- ark:- 
gmm-acc-mllt --rand-prune=4.0 exp/tri2b/2.mdl 'ark,s,cs:apply-cmvn  --utt2spk=ark:data/train/split4/3/utt2spk scp:data/train/split4/3/cmvn.scp scp:data/train/split4/3/feats.scp ark:- | splice-feats --left-context=3 --right-context=3 ark:- ark:- | transform-feats exp/tri2b/0.mat ark:- ark:- |' ark:- exp/tri2b/2.3.macc 
ali-to-post 'ark:gunzip -c exp/tri2b/ali.3.gz|' ark:- 
transform-feats exp/tri2b/0.mat ark:- ark:- 
apply-cmvn --utt2spk=ark:data/train/split4/3/utt2spk scp:data/train/split4/3/cmvn.scp scp:data/train/split4/3/feats.scp ark:- 
splice-feats --left-context=3 --right-context=3 ark:- ark:- 
LOG (gmm-acc-mllt[5.2.132~9-82686]:main():gmm-acc-mllt.cc:108) Average like for this file is -51.2949 over 32 frames.
LOG (gmm-acc-mllt[5.2.132~9-82686]:main():gmm-acc-mllt.cc:108) Average like for this file is -53.0337 over 36 frames.
LOG (gmm-acc-mllt[5.2.132~9-82686]:main():gmm-acc-mllt.cc:108) Average like for this file is -57.8525 over 33 frames.
LOG (gmm-acc-mllt[5.2.132~9-82686]:main():gmm-acc-mllt.cc:108) Average like for this file is -56.5806 over 36 frames.
LOG (gmm-acc-mllt[5.2.132~9-82686]:main():gmm-acc-mllt.cc:108) Average like for this file is -51.176 over 33 frames.
LOG (gmm-acc-mllt[5.2.132~9-82686]:main():gmm-acc-mllt.cc:108) Average like for this file is -54.5631 over 34 frames.
LOG (gmm-acc-mllt[5.2.132~9-82686]:main():gmm-acc-mllt.cc:108) Average like for this file is -51.2007 over 47 frames.
LOG (gmm-acc-mllt[5.2.132~9-82686]:main():gmm-acc-mllt.cc:108) Average like for this file is -62.6545 over 35 frames.
LOG (gmm-acc-mllt[5.2.132~9-82686]:main():gmm-acc-mllt.cc:108) Average like for this file is -60.0273 over 35 frames.
LOG (gmm-acc-mllt[5.2.132~9-82686]:main():gmm-acc-mllt.cc:108) Average like for this file is -53.041 over 24 frames.
LOG (gmm-acc-mllt[5.2.132~9-82686]:main():gmm-acc-mllt.cc:114) Avg like per frame so far is -55.1128
LOG (gmm-acc-mllt[5.2.132~9-82686]:main():gmm-acc-mllt.cc:108) Average like for this file is -48.2636 over 28 frames.
LOG (gmm-acc-mllt[5.2.132~9-82686]:main():gmm-acc-mllt.cc:108) Average like for this file is -53.526 over 44 frames.
LOG (gmm-acc-mllt[5.2.132~9-82686]:main():gmm-acc-mllt.cc:108) Average like for this file is -47.3231 over 34 frames.
LOG (gmm-acc-mllt[5.2.132~9-82686]:main():gmm-acc-mllt.cc:108) Average like for this file is -61.2243 over 36 frames.
LOG (gmm-acc-mllt[5.2.132~9-82686]:main():gmm-acc-mllt.cc:108) Average like for this file is -54.2337 over 23 frames.
LOG (gmm-acc-mllt[5.2.132~9-82686]:main():gmm-acc-mllt.cc:108) Average like for this file is -55.5358 over 28 frames.
LOG (gmm-acc-mllt[5.2.132~9-82686]:main():gmm-acc-mllt.cc:108) Average like for this file is -60.0595 over 20 frames.
LOG (gmm-acc-mllt[5.2.132~9-82686]:main():gmm-acc-mllt.cc:108) Average like for this file is -49.7248 over 21 frames.
LOG (gmm-acc-mllt[5.2.132~9-82686]:main():gmm-acc-mllt.cc:108) Average like for this file is -59.6679 over 42 frames.
LOG (gmm-acc-mllt[5.2.132~9-82686]:main():gmm-acc-mllt.cc:108) Average like for this file is -62.1009 over 35 frames.
LOG (gmm-acc-mllt[5.2.132~9-82686]:main():gmm-acc-mllt.cc:114) Avg like per frame so far is -55.2757
LOG (gmm-acc-mllt[5.2.132~9-82686]:main():gmm-acc-mllt.cc:108) Average like for this file is -58.7483 over 33 frames.
LOG (gmm-acc-mllt[5.2.132~9-82686]:main():gmm-acc-mllt.cc:108) Average like for this file is -62.5624 over 30 frames.
LOG (gmm-acc-mllt[5.2.132~9-82686]:main():gmm-acc-mllt.cc:108) Average like for this file is -59.4739 over 28 frames.
LOG (gmm-acc-mllt[5.2.132~9-82686]:main():gmm-acc-mllt.cc:108) Average like for this file is -56.8703 over 28 frames.
LOG (gmm-acc-mllt[5.2.132~9-82686]:main():gmm-acc-mllt.cc:108) Average like for this file is -59.9986 over 32 frames.
LOG (gmm-acc-mllt[5.2.132~9-82686]:main():gmm-acc-mllt.cc:108) Average like for this file is -62.9595 over 30 frames.
LOG (gmm-acc-mllt[5.2.132~9-82686]:main():gmm-acc-mllt.cc:108) Average like for this file is -59.4302 over 44 frames.
LOG (gmm-acc-mllt[5.2.132~9-82686]:main():gmm-acc-mllt.cc:108) Average like for this file is -55.2824 over 47 frames.
LOG (gmm-acc-mllt[5.2.132~9-82686]:main():gmm-acc-mllt.cc:108) Average like for this file is -57.8716 over 48 frames.
LOG (gmm-acc-mllt[5.2.132~9-82686]:main():gmm-acc-mllt.cc:108) Average like for this file is -62.4616 over 38 frames.
LOG (gmm-acc-mllt[5.2.132~9-82686]:main():gmm-acc-mllt.cc:114) Avg like per frame so far is -56.7134
LOG (gmm-acc-mllt[5.2.132~9-82686]:main():gmm-acc-mllt.cc:108) Average like for this file is -62.3816 over 55 frames.
LOG (gmm-acc-mllt[5.2.132~9-82686]:main():gmm-acc-mllt.cc:108) Average like for this file is -59.8622 over 34 frames.
LOG (gmm-acc-mllt[5.2.132~9-82686]:main():gmm-acc-mllt.cc:108) Average like for this file is -62.3835 over 33 frames.
LOG (gmm-acc-mllt[5.2.132~9-82686]:main():gmm-acc-mllt.cc:108) Average like for this file is -66.7216 over 31 frames.
LOG (gmm-acc-mllt[5.2.132~9-82686]:main():gmm-acc-mllt.cc:108) Average like for this file is -59.6764 over 38 frames.
LOG (gmm-acc-mllt[5.2.132~9-82686]:main():gmm-acc-mllt.cc:108) Average like for this file is -64.4785 over 34 frames.
LOG (gmm-acc-mllt[5.2.132~9-82686]:main():gmm-acc-mllt.cc:108) Average like for this file is -61.718 over 35 frames.
LOG (gmm-acc-mllt[5.2.132~9-82686]:main():gmm-acc-mllt.cc:108) Average like for this file is -62.6195 over 38 frames.
LOG (gmm-acc-mllt[5.2.132~9-82686]:main():gmm-acc-mllt.cc:108) Average like for this file is -60.3151 over 35 frames.
LOG (gmm-acc-mllt[5.2.132~9-82686]:main():gmm-acc-mllt.cc:108) Average like for this file is -60.5457 over 31 frames.
LOG (gmm-acc-mllt[5.2.132~9-82686]:main():gmm-acc-mllt.cc:114) Avg like per frame so far is -58.1192
LOG (gmm-acc-mllt[5.2.132~9-82686]:main():gmm-acc-mllt.cc:108) Average like for this file is -65.9833 over 30 frames.
LOG (gmm-acc-mllt[5.2.132~9-82686]:main():gmm-acc-mllt.cc:108) Average like for this file is -65.0166 over 29 frames.
LOG (gmm-acc-mllt[5.2.132~9-82686]:main():gmm-acc-mllt.cc:108) Average like for this file is -62.1764 over 29 frames.
LOG (gmm-acc-mllt[5.2.132~9-82686]:main():gmm-acc-mllt.cc:108) Average like for this file is -59.8762 over 40 frames.
LOG (gmm-acc-mllt[5.2.132~9-82686]:main():gmm-acc-mllt.cc:108) Average like for this file is -58.0821 over 67 frames.
LOG (gmm-acc-mllt[5.2.132~9-82686]:main():gmm-acc-mllt.cc:108) Average like for this file is -61.0939 over 43 frames.
LOG (gmm-acc-mllt[5.2.132~9-82686]:main():gmm-acc-mllt.cc:108) Average like for this file is -61.8686 over 30 frames.
LOG (gmm-acc-mllt[5.2.132~9-82686]:main():gmm-acc-mllt.cc:108) Average like for this file is -57.7335 over 25 frames.
LOG (gmm-acc-mllt[5.2.132~9-82686]:main():gmm-acc-mllt.cc:108) Average like for this file is -67.7055 over 27 frames.
LOG (gmm-acc-mllt[5.2.132~9-82686]:main():gmm-acc-mllt.cc:108) Average like for this file is -59.1441 over 30 frames.
LOG (gmm-acc-mllt[5.2.132~9-82686]:main():gmm-acc-mllt.cc:114) Avg like per frame so far is -58.78
LOG (gmm-acc-mllt[5.2.132~9-82686]:main():gmm-acc-mllt.cc:108) Average like for this file is -62.3428 over 30 frames.
LOG (gmm-acc-mllt[5.2.132~9-82686]:main():gmm-acc-mllt.cc:108) Average like for this file is -65.6936 over 29 frames.
LOG (gmm-acc-mllt[5.2.132~9-82686]:main():gmm-acc-mllt.cc:108) Average like for this file is -60.4331 over 33 frames.
LOG (gmm-acc-mllt[5.2.132~9-82686]:main():gmm-acc-mllt.cc:108) Average like for this file is -65.611 over 39 frames.
LOG (gmm-acc-mllt[5.2.132~9-82686]:main():gmm-acc-mllt.cc:108) Average like for this file is -62.676 over 35 frames.
LOG (gmm-acc-mllt[5.2.132~9-82686]:main():gmm-acc-mllt.cc:108) Average like for this file is -65.6842 over 30 frames.
LOG (gmm-acc-mllt[5.2.132~9-82686]:main():gmm-acc-mllt.cc:108) Average like for this file is -60.5197 over 28 frames.
LOG (gmm-acc-mllt[5.2.132~9-82686]:main():gmm-acc-mllt.cc:108) Average like for this file is -62.6137 over 40 frames.
LOG (gmm-acc-mllt[5.2.132~9-82686]:main():gmm-acc-mllt.cc:108) Average like for this file is -57.1037 over 32 frames.
LOG (gmm-acc-mllt[5.2.132~9-82686]:main():gmm-acc-mllt.cc:108) Average like for this file is -57.2591 over 21 frames.
LOG (gmm-acc-mllt[5.2.132~9-82686]:main():gmm-acc-mllt.cc:114) Avg like per frame so far is -59.3121
LOG (gmm-acc-mllt[5.2.132~9-82686]:main():gmm-acc-mllt.cc:108) Average like for this file is -58.4792 over 21 frames.
LOG (gmm-acc-mllt[5.2.132~9-82686]:main():gmm-acc-mllt.cc:108) Average like for this file is -52.0076 over 84 frames.
LOG (gmm-acc-mllt[5.2.132~9-82686]:main():gmm-acc-mllt.cc:108) Average like for this file is -53.5761 over 37 frames.
LOG (gmm-acc-mllt[5.2.132~9-82686]:main():gmm-acc-mllt.cc:108) Average like for this file is -51.5392 over 47 frames.
LOG (gmm-acc-mllt[5.2.132~9-82686]:main():gmm-acc-mllt.cc:108) Average like for this file is -54.8667 over 32 frames.
LOG (gmm-acc-mllt[5.2.132~9-82686]:main():gmm-acc-mllt.cc:108) Average like for this file is -53.8778 over 42 frames.
LOG (gmm-acc-mllt[5.2.132~9-82686]:main():gmm-acc-mllt.cc:108) Average like for this file is -52.39 over 24 frames.
LOG (gmm-acc-mllt[5.2.132~9-82686]:main():gmm-acc-mllt.cc:108) Average like for this file is -54.8883 over 35 frames.
LOG (gmm-acc-mllt[5.2.132~9-82686]:main():gmm-acc-mllt.cc:108) Average like for this file is -52.735 over 28 frames.
LOG (gmm-acc-mllt[5.2.132~9-82686]:main():gmm-acc-mllt.cc:108) Average like for this file is -60.5424 over 29 frames.
LOG (gmm-acc-mllt[5.2.132~9-82686]:main():gmm-acc-mllt.cc:114) Avg like per frame so far is -58.467
LOG (gmm-acc-mllt[5.2.132~9-82686]:main():gmm-acc-mllt.cc:108) Average like for this file is -53.777 over 31 frames.
LOG (gmm-acc-mllt[5.2.132~9-82686]:main():gmm-acc-mllt.cc:108) Average like for this file is -53.4823 over 35 frames.
LOG (gmm-acc-mllt[5.2.132~9-82686]:main():gmm-acc-mllt.cc:108) Average like for this file is -58.4144 over 33 frames.
LOG (gmm-acc-mllt[5.2.132~9-82686]:main():gmm-acc-mllt.cc:108) Average like for this file is -59.3788 over 34 frames.
LOG (gmm-acc-mllt[5.2.132~9-82686]:main():gmm-acc-mllt.cc:108) Average like for this file is -60.0484 over 28 frames.
LOG (gmm-acc-mllt[5.2.132~9-82686]:main():gmm-acc-mllt.cc:108) Average like for this file is -54.5877 over 46 frames.
LOG (gmm-acc-mllt[5.2.132~9-82686]:main():gmm-acc-mllt.cc:108) Average like for this file is -56.5188 over 29 frames.
LOG (gmm-acc-mllt[5.2.132~9-82686]:main():gmm-acc-mllt.cc:108) Average like for this file is -54.265 over 26 frames.
LOG (gmm-acc-mllt[5.2.132~9-82686]:main():gmm-acc-mllt.cc:108) Average like for this file is -52.1214 over 41 frames.
LOG (gmm-acc-mllt[5.2.132~9-82686]:main():gmm-acc-mllt.cc:108) Average like for this file is -52.3777 over 27 frames.
LOG (gmm-acc-mllt[5.2.132~9-82686]:main():gmm-acc-mllt.cc:114) Avg like per frame so far is -58.0984
LOG (gmm-acc-mllt[5.2.132~9-82686]:main():gmm-acc-mllt.cc:108) Average like for this file is -49.3171 over 28 frames.
LOG (gmm-acc-mllt[5.2.132~9-82686]:main():gmm-acc-mllt.cc:108) Average like for this file is -49.1975 over 27 frames.
LOG (gmm-acc-mllt[5.2.132~9-82686]:main():gmm-acc-mllt.cc:108) Average like for this file is -50.3478 over 32 frames.
LOG (gmm-acc-mllt[5.2.132~9-82686]:main():gmm-acc-mllt.cc:108) Average like for this file is -52.6504 over 28 frames.
LOG (gmm-acc-mllt[5.2.132~9-82686]:main():gmm-acc-mllt.cc:108) Average like for this file is -55.4067 over 33 frames.
LOG (gmm-acc-mllt[5.2.132~9-82686]:main():gmm-acc-mllt.cc:108) Average like for this file is -52.1331 over 21 frames.
LOG (gmm-acc-mllt[5.2.132~9-82686]:main():gmm-acc-mllt.cc:108) Average like for this file is -57.5038 over 24 frames.
LOG (gmm-acc-mllt[5.2.132~9-82686]:main():gmm-acc-mllt.cc:108) Average like for this file is -51.2607 over 34 frames.
LOG (gmm-acc-mllt[5.2.132~9-82686]:main():gmm-acc-mllt.cc:108) Average like for this file is -49.9224 over 31 frames.
LOG (gmm-acc-mllt[5.2.132~9-82686]:main():gmm-acc-mllt.cc:108) Average like for this file is -52.6026 over 25 frames.
LOG (gmm-acc-mllt[5.2.132~9-82686]:main():gmm-acc-mllt.cc:114) Avg like per frame so far is -57.526
LOG (gmm-acc-mllt[5.2.132~9-82686]:main():gmm-acc-mllt.cc:108) Average like for this file is -57.2815 over 23 frames.
LOG (gmm-acc-mllt[5.2.132~9-82686]:main():gmm-acc-mllt.cc:108) Average like for this file is -50.721 over 33 frames.
LOG (gmm-acc-mllt[5.2.132~9-82686]:main():gmm-acc-mllt.cc:108) Average like for this file is -56.052 over 22 frames.
LOG (gmm-acc-mllt[5.2.132~9-82686]:main():gmm-acc-mllt.cc:108) Average like for this file is -62.1785 over 33 frames.
LOG (gmm-acc-mllt[5.2.132~9-82686]:main():gmm-acc-mllt.cc:108) Average like for this file is -57.7578 over 28 frames.
LOG (gmm-acc-mllt[5.2.132~9-82686]:main():gmm-acc-mllt.cc:108) Average like for this file is -51.6353 over 28 frames.
LOG (gmm-acc-mllt[5.2.132~9-82686]:main():gmm-acc-mllt.cc:108) Average like for this file is -54.6645 over 30 frames.
LOG (gmm-acc-mllt[5.2.132~9-82686]:main():gmm-acc-mllt.cc:108) Average like for this file is -57.8131 over 27 frames.
LOG (gmm-acc-mllt[5.2.132~9-82686]:main():gmm-acc-mllt.cc:108) Average like for this file is -58.7517 over 17 frames.
LOG (gmm-acc-mllt[5.2.132~9-82686]:main():gmm-acc-mllt.cc:108) Average like for this file is -58.8632 over 22 frames.
LOG (gmm-acc-mllt[5.2.132~9-82686]:main():gmm-acc-mllt.cc:114) Avg like per frame so far is -57.4365
LOG (gmm-acc-mllt[5.2.132~9-82686]:main():gmm-acc-mllt.cc:108) Average like for this file is -58.453 over 20 frames.
LOG (gmm-acc-mllt[5.2.132~9-82686]:main():gmm-acc-mllt.cc:108) Average like for this file is -54.7762 over 20 frames.
LOG (gmm-acc-mllt[5.2.132~9-82686]:main():gmm-acc-mllt.cc:108) Average like for this file is -56.0616 over 24 frames.
LOG (gmm-acc-mllt[5.2.132~9-82686]:main():gmm-acc-mllt.cc:108) Average like for this file is -54.7517 over 22 frames.
LOG (gmm-acc-mllt[5.2.132~9-82686]:main():gmm-acc-mllt.cc:108) Average like for this file is -57.075 over 26 frames.
LOG (gmm-acc-mllt[5.2.132~9-82686]:main():gmm-acc-mllt.cc:108) Average like for this file is -53.2241 over 31 frames.
LOG (gmm-acc-mllt[5.2.132~9-82686]:main():gmm-acc-mllt.cc:108) Average like for this file is -49.455 over 22 frames.
LOG (gmm-acc-mllt[5.2.132~9-82686]:main():gmm-acc-mllt.cc:108) Average like for this file is -57.7327 over 26 frames.
LOG (gmm-acc-mllt[5.2.132~9-82686]:main():gmm-acc-mllt.cc:108) Average like for this file is -62.3261 over 22 frames.
LOG (gmm-acc-mllt[5.2.132~9-82686]:main():gmm-acc-mllt.cc:108) Average like for this file is -61.6434 over 34 frames.
LOG (gmm-acc-mllt[5.2.132~9-82686]:main():gmm-acc-mllt.cc:114) Avg like per frame so far is -57.3851
LOG (gmm-acc-mllt[5.2.132~9-82686]:main():gmm-acc-mllt.cc:108) Average like for this file is -56.4285 over 34 frames.
LOG (gmm-acc-mllt[5.2.132~9-82686]:main():gmm-acc-mllt.cc:108) Average like for this file is -56.307 over 21 frames.
LOG (gmm-acc-mllt[5.2.132~9-82686]:main():gmm-acc-mllt.cc:108) Average like for this file is -51.767 over 19 frames.
LOG (gmm-acc-mllt[5.2.132~9-82686]:main():gmm-acc-mllt.cc:108) Average like for this file is -58.5618 over 21 frames.
LOG (gmm-acc-mllt[5.2.132~9-82686]:main():gmm-acc-mllt.cc:108) Average like for this file is -57.0636 over 20 frames.
LOG (gmm-acc-mllt[5.2.132~9-82686]:main():gmm-acc-mllt.cc:108) Average like for this file is -56.1126 over 27 frames.
LOG (gmm-acc-mllt[5.2.132~9-82686]:main():gmm-acc-mllt.cc:108) Average like for this file is -60.5272 over 25 frames.
LOG (gmm-acc-mllt[5.2.132~9-82686]:main():gmm-acc-mllt.cc:108) Average like for this file is -57.4266 over 24 frames.
LOG (gmm-acc-mllt[5.2.132~9-82686]:main():gmm-acc-mllt.cc:108) Average like for this file is -52.4876 over 27 frames.
LOG (gmm-acc-mllt[5.2.132~9-82686]:main():gmm-acc-mllt.cc:108) Average like for this file is -55.5967 over 34 frames.
LOG (gmm-acc-mllt[5.2.132~9-82686]:main():gmm-acc-mllt.cc:114) Avg like per frame so far is -57.3084
LOG (gmm-acc-mllt[5.2.132~9-82686]:main():gmm-acc-mllt.cc:108) Average like for this file is -55.7565 over 19 frames.
LOG (gmm-acc-mllt[5.2.132~9-82686]:main():gmm-acc-mllt.cc:108) Average like for this file is -57.9737 over 21 frames.
LOG (gmm-acc-mllt[5.2.132~9-82686]:main():gmm-acc-mllt.cc:108) Average like for this file is -61.2828 over 49 frames.
LOG (gmm-acc-mllt[5.2.132~9-82686]:main():gmm-acc-mllt.cc:108) Average like for this file is -60.6202 over 47 frames.
LOG (gmm-acc-mllt[5.2.132~9-82686]:main():gmm-acc-mllt.cc:108) Average like for this file is -56.0467 over 39 frames.
LOG (gmm-acc-mllt[5.2.132~9-82686]:main():gmm-acc-mllt.cc:108) Average like for this file is -56.9362 over 36 frames.
LOG (gmm-acc-mllt[5.2.132~9-82686]:main():gmm-acc-mllt.cc:108) Average like for this file is -59.2796 over 18 frames.
LOG (gmm-acc-mllt[5.2.132~9-82686]:main():gmm-acc-mllt.cc:108) Average like for this file is -57.855 over 48 frames.
LOG (gmm-acc-mllt[5.2.132~9-82686]:main():gmm-acc-mllt.cc:108) Average like for this file is -60.68 over 38 frames.
LOG (gmm-acc-mllt[5.2.132~9-82686]:main():gmm-acc-mllt.cc:108) Average like for this file is -62.7362 over 31 frames.
LOG (gmm-acc-mllt[5.2.132~9-82686]:main():gmm-acc-mllt.cc:114) Avg like per frame so far is -57.4605
LOG (gmm-acc-mllt[5.2.132~9-82686]:main():gmm-acc-mllt.cc:108) Average like for this file is -64.1861 over 29 frames.
LOG (gmm-acc-mllt[5.2.132~9-82686]:main():gmm-acc-mllt.cc:108) Average like for this file is -57.7147 over 42 frames.
LOG (gmm-acc-mllt[5.2.132~9-82686]:main():gmm-acc-mllt.cc:108) Average like for this file is -53.8366 over 58 frames.
LOG (gmm-acc-mllt[5.2.132~9-82686]:main():gmm-acc-mllt.cc:108) Average like for this file is -57.0012 over 24 frames.
LOG (gmm-acc-mllt[5.2.132~9-82686]:main():gmm-acc-mllt.cc:108) Average like for this file is -59.5989 over 25 frames.
LOG (gmm-acc-mllt[5.2.132~9-82686]:main():gmm-acc-mllt.cc:108) Average like for this file is -57.6625 over 24 frames.
LOG (gmm-acc-mllt[5.2.132~9-82686]:main():gmm-acc-mllt.cc:108) Average like for this file is -57.7024 over 30 frames.
LOG (gmm-acc-mllt[5.2.132~9-82686]:main():gmm-acc-mllt.cc:108) Average like for this file is -68.1893 over 27 frames.
LOG (gmm-acc-mllt[5.2.132~9-82686]:main():gmm-acc-mllt.cc:108) Average like for this file is -56.4861 over 39 frames.
LOG (gmm-acc-mllt[5.2.132~9-82686]:main():gmm-acc-mllt.cc:108) Average like for this file is -53.9171 over 34 frames.
LOG (gmm-acc-mllt[5.2.132~9-82686]:main():gmm-acc-mllt.cc:114) Avg like per frame so far is -57.501
LOG (gmm-acc-mllt[5.2.132~9-82686]:main():gmm-acc-mllt.cc:108) Average like for this file is -59.2281 over 23 frames.
LOG (gmm-acc-mllt[5.2.132~9-82686]:main():gmm-acc-mllt.cc:108) Average like for this file is -58.1785 over 27 frames.
LOG (gmm-acc-mllt[5.2.132~9-82686]:main():gmm-acc-mllt.cc:108) Average like for this file is -64.3509 over 22 frames.
LOG (gmm-acc-mllt[5.2.132~9-82686]:main():gmm-acc-mllt.cc:108) Average like for this file is -64.1598 over 21 frames.
LOG (gmm-acc-mllt[5.2.132~9-82686]:main():gmm-acc-mllt.cc:108) Average like for this file is -57.0949 over 22 frames.
LOG (gmm-acc-mllt[5.2.132~9-82686]:main():gmm-acc-mllt.cc:108) Average like for this file is -58.8749 over 24 frames.
LOG (gmm-acc-mllt[5.2.132~9-82686]:main():gmm-acc-mllt.cc:108) Average like for this file is -53.2063 over 38 frames.
LOG (gmm-acc-mllt[5.2.132~9-82686]:main():gmm-acc-mllt.cc:108) Average like for this file is -60.0749 over 46 frames.
LOG (gmm-acc-mllt[5.2.132~9-82686]:main():gmm-acc-mllt.cc:108) Average like for this file is -59.2958 over 39 frames.
LOG (gmm-acc-mllt[5.2.132~9-82686]:main():gmm-acc-mllt.cc:108) Average like for this file is -61.017 over 42 frames.
LOG (gmm-acc-mllt[5.2.132~9-82686]:main():gmm-acc-mllt.cc:114) Avg like per frame so far is -57.6151
LOG (gmm-acc-mllt[5.2.132~9-82686]:main():gmm-acc-mllt.cc:108) Average like for this file is -65.821 over 41 frames.
LOG (gmm-acc-mllt[5.2.132~9-82686]:main():gmm-acc-mllt.cc:108) Average like for this file is -59.8928 over 52 frames.
LOG (gmm-acc-mllt[5.2.132~9-82686]:main():gmm-acc-mllt.cc:108) Average like for this file is -56.6114 over 47 frames.
LOG (gmm-acc-mllt[5.2.132~9-82686]:main():gmm-acc-mllt.cc:108) Average like for this file is -56.7913 over 37 frames.
LOG (gmm-acc-mllt[5.2.132~9-82686]:main():gmm-acc-mllt.cc:108) Average like for this file is -56.6557 over 40 frames.
LOG (gmm-acc-mllt[5.2.132~9-82686]:main():gmm-acc-mllt.cc:108) Average like for this file is -56.3294 over 37 frames.
LOG (gmm-acc-mllt[5.2.132~9-82686]:main():gmm-acc-mllt.cc:108) Average like for this file is -58.2157 over 34 frames.
LOG (gmm-acc-mllt[5.2.132~9-82686]:main():gmm-acc-mllt.cc:108) Average like for this file is -57.7893 over 36 frames.
LOG (gmm-acc-mllt[5.2.132~9-82686]:main():gmm-acc-mllt.cc:108) Average like for this file is -56.0317 over 36 frames.
LOG (gmm-acc-mllt[5.2.132~9-82686]:main():gmm-acc-mllt.cc:108) Average like for this file is -57.9625 over 45 frames.
LOG (gmm-acc-mllt[5.2.132~9-82686]:main():gmm-acc-mllt.cc:114) Avg like per frame so far is -57.6684
LOG (gmm-acc-mllt[5.2.132~9-82686]:main():gmm-acc-mllt.cc:108) Average like for this file is -58.2258 over 41 frames.
LOG (gmm-acc-mllt[5.2.132~9-82686]:main():gmm-acc-mllt.cc:108) Average like for this file is -56.0154 over 45 frames.
LOG (gmm-acc-mllt[5.2.132~9-82686]:main():gmm-acc-mllt.cc:108) Average like for this file is -57.5688 over 36 frames.
LOG (gmm-acc-mllt[5.2.132~9-82686]:main():gmm-acc-mllt.cc:108) Average like for this file is -53.4918 over 38 frames.
LOG (gmm-acc-mllt[5.2.132~9-82686]:main():gmm-acc-mllt.cc:108) Average like for this file is -54.0783 over 31 frames.
LOG (gmm-acc-mllt[5.2.132~9-82686]:main():gmm-acc-mllt.cc:108) Average like for this file is -66.5543 over 45 frames.
LOG (gmm-acc-mllt[5.2.132~9-82686]:main():gmm-acc-mllt.cc:108) Average like for this file is -61.172 over 36 frames.
LOG (gmm-acc-mllt[5.2.132~9-82686]:main():gmm-acc-mllt.cc:108) Average like for this file is -64.4053 over 35 frames.
LOG (gmm-acc-mllt[5.2.132~9-82686]:main():gmm-acc-mllt.cc:108) Average like for this file is -62.3634 over 35 frames.
LOG (gmm-acc-mllt[5.2.132~9-82686]:main():gmm-acc-mllt.cc:108) Average like for this file is -64.3939 over 27 frames.
LOG (gmm-acc-mllt[5.2.132~9-82686]:main():gmm-acc-mllt.cc:114) Avg like per frame so far is -57.8093
LOG (gmm-acc-mllt[5.2.132~9-82686]:main():gmm-acc-mllt.cc:108) Average like for this file is -60.9965 over 38 frames.
LOG (gmm-acc-mllt[5.2.132~9-82686]:main():gmm-acc-mllt.cc:108) Average like for this file is -57.805 over 36 frames.
LOG (gmm-acc-mllt[5.2.132~9-82686]:main():gmm-acc-mllt.cc:108) Average like for this file is -55.4839 over 37 frames.
LOG (gmm-acc-mllt[5.2.132~9-82686]:main():gmm-acc-mllt.cc:108) Average like for this file is -54.2458 over 30 frames.
LOG (gmm-acc-mllt[5.2.132~9-82686]:main():gmm-acc-mllt.cc:108) Average like for this file is -60.6482 over 26 frames.
LOG (gmm-acc-mllt[5.2.132~9-82686]:main():gmm-acc-mllt.cc:108) Average like for this file is -54.1443 over 33 frames.
LOG (gmm-acc-mllt[5.2.132~9-82686]:main():gmm-acc-mllt.cc:108) Average like for this file is -59.6174 over 23 frames.
LOG (gmm-acc-mllt[5.2.132~9-82686]:main():gmm-acc-mllt.cc:108) Average like for this file is -60.2385 over 24 frames.
LOG (gmm-acc-mllt[5.2.132~9-82686]:main():gmm-acc-mllt.cc:108) Average like for this file is -52.2121 over 28 frames.
LOG (gmm-acc-mllt[5.2.132~9-82686]:main():gmm-acc-mllt.cc:108) Average like for this file is -57.9826 over 23 frames.
LOG (gmm-acc-mllt[5.2.132~9-82686]:main():gmm-acc-mllt.cc:114) Avg like per frame so far is -57.7799
LOG (gmm-acc-mllt[5.2.132~9-82686]:main():gmm-acc-mllt.cc:108) Average like for this file is -62.9892 over 20 frames.
LOG (gmm-acc-mllt[5.2.132~9-82686]:main():gmm-acc-mllt.cc:108) Average like for this file is -64.4043 over 24 frames.
LOG (gmm-acc-mllt[5.2.132~9-82686]:main():gmm-acc-mllt.cc:108) Average like for this file is -66.8879 over 27 frames.
LOG (gmm-acc-mllt[5.2.132~9-82686]:main():gmm-acc-mllt.cc:108) Average like for this file is -61.2647 over 27 frames.
LOG (gmm-acc-mllt[5.2.132~9-82686]:main():gmm-acc-mllt.cc:108) Average like for this file is -65.6275 over 22 frames.
LOG (gmm-acc-mllt[5.2.132~9-82686]:main():gmm-acc-mllt.cc:108) Average like for this file is -66.7673 over 22 frames.
LOG (gmm-acc-mllt[5.2.132~9-82686]:main():gmm-acc-mllt.cc:108) Average like for this file is -64.4419 over 22 frames.
LOG (gmm-acc-mllt[5.2.132~9-82686]:main():gmm-acc-mllt.cc:108) Average like for this file is -64.8724 over 27 frames.
LOG (gmm-acc-mllt[5.2.132~9-82686]:main():gmm-acc-mllt.cc:108) Average like for this file is -71.7784 over 19 frames.
LOG (gmm-acc-mllt[5.2.132~9-82686]:main():gmm-acc-mllt.cc:108) Average like for this file is -71.9789 over 21 frames.
LOG (gmm-acc-mllt[5.2.132~9-82686]:main():gmm-acc-mllt.cc:114) Avg like per frame so far is -58.0882
LOG (gmm-acc-mllt[5.2.132~9-82686]:main():gmm-acc-mllt.cc:108) Average like for this file is -54.7917 over 23 frames.
LOG (gmm-acc-mllt[5.2.132~9-82686]:main():gmm-acc-mllt.cc:108) Average like for this file is -51.6116 over 43 frames.
LOG (gmm-acc-mllt[5.2.132~9-82686]:main():gmm-acc-mllt.cc:108) Average like for this file is -61.6127 over 24 frames.
LOG (gmm-acc-mllt[5.2.132~9-82686]:main():gmm-acc-mllt.cc:108) Average like for this file is -54.9789 over 25 frames.
LOG (gmm-acc-mllt[5.2.132~9-82686]:main():gmm-acc-mllt.cc:108) Average like for this file is -62.7132 over 20 frames.
LOG (gmm-acc-mllt[5.2.132~9-82686]:main():gmm-acc-mllt.cc:108) Average like for this file is -49.2138 over 39 frames.
LOG (gmm-acc-mllt[5.2.132~9-82686]:main():gmm-acc-mllt.cc:108) Average like for this file is -50.6474 over 19 frames.
LOG (gmm-acc-mllt[5.2.132~9-82686]:main():gmm-acc-mllt.cc:108) Average like for this file is -59.8429 over 24 frames.
LOG (gmm-acc-mllt[5.2.132~9-82686]:main():gmm-acc-mllt.cc:108) Average like for this file is -60.4422 over 24 frames.
LOG (gmm-acc-mllt[5.2.132~9-82686]:main():gmm-acc-mllt.cc:108) Average like for this file is -54.0476 over 25 frames.
LOG (gmm-acc-mllt[5.2.132~9-82686]:main():gmm-acc-mllt.cc:114) Avg like per frame so far is -57.9709
LOG (gmm-acc-mllt[5.2.132~9-82686]:main():gmm-acc-mllt.cc:108) Average like for this file is -55.4454 over 22 frames.
LOG (gmm-acc-mllt[5.2.132~9-82686]:main():gmm-acc-mllt.cc:108) Average like for this file is -52.2565 over 24 frames.
LOG (gmm-acc-mllt[5.2.132~9-82686]:main():gmm-acc-mllt.cc:108) Average like for this file is -56.0499 over 19 frames.
LOG (gmm-acc-mllt[5.2.132~9-82686]:main():gmm-acc-mllt.cc:108) Average like for this file is -65.9452 over 20 frames.
LOG (gmm-acc-mllt[5.2.132~9-82686]:main():gmm-acc-mllt.cc:108) Average like for this file is -54.5375 over 22 frames.
LOG (gmm-acc-mllt[5.2.132~9-82686]:main():gmm-acc-mllt.cc:108) Average like for this file is -62.9896 over 24 frames.
LOG (gmm-acc-mllt[5.2.132~9-82686]:main():gmm-acc-mllt.cc:108) Average like for this file is -55.9694 over 49 frames.
LOG (gmm-acc-mllt[5.2.132~9-82686]:main():gmm-acc-mllt.cc:108) Average like for this file is -55.3402 over 40 frames.
LOG (gmm-acc-mllt[5.2.132~9-82686]:main():gmm-acc-mllt.cc:108) Average like for this file is -54.1357 over 41 frames.
LOG (gmm-acc-mllt[5.2.132~9-82686]:main():gmm-acc-mllt.cc:108) Average like for this file is -55.4104 over 46 frames.
LOG (gmm-acc-mllt[5.2.132~9-82686]:main():gmm-acc-mllt.cc:114) Avg like per frame so far is -57.8953
LOG (gmm-acc-mllt[5.2.132~9-82686]:main():gmm-acc-mllt.cc:108) Average like for this file is -56.9184 over 33 frames.
LOG (gmm-acc-mllt[5.2.132~9-82686]:main():gmm-acc-mllt.cc:108) Average like for this file is -58.4573 over 39 frames.
LOG (gmm-acc-mllt[5.2.132~9-82686]:main():gmm-acc-mllt.cc:108) Average like for this file is -60.2625 over 30 frames.
LOG (gmm-acc-mllt[5.2.132~9-82686]:main():gmm-acc-mllt.cc:108) Average like for this file is -50.4413 over 35 frames.
LOG (gmm-acc-mllt[5.2.132~9-82686]:main():gmm-acc-mllt.cc:108) Average like for this file is -49.4917 over 41 frames.
LOG (gmm-acc-mllt[5.2.132~9-82686]:main():gmm-acc-mllt.cc:108) Average like for this file is -49.6999 over 27 frames.
LOG (gmm-acc-mllt[5.2.132~9-82686]:main():gmm-acc-mllt.cc:108) Average like for this file is -45.9795 over 24 frames.
LOG (gmm-acc-mllt[5.2.132~9-82686]:main():gmm-acc-mllt.cc:108) Average like for this file is -56.6397 over 31 frames.
LOG (gmm-acc-mllt[5.2.132~9-82686]:main():gmm-acc-mllt.cc:108) Average like for this file is -51.4888 over 44 frames.
LOG (gmm-acc-mllt[5.2.132~9-82686]:main():gmm-acc-mllt.cc:108) Average like for this file is -54.1323 over 38 frames.
LOG (gmm-acc-mllt[5.2.132~9-82686]:main():gmm-acc-mllt.cc:114) Avg like per frame so far is -57.6788
LOG (gmm-acc-mllt[5.2.132~9-82686]:main():gmm-acc-mllt.cc:108) Average like for this file is -49.6915 over 35 frames.
LOG (gmm-acc-mllt[5.2.132~9-82686]:main():gmm-acc-mllt.cc:108) Average like for this file is -49.7582 over 28 frames.
LOG (gmm-acc-mllt[5.2.132~9-82686]:main():gmm-acc-mllt.cc:108) Average like for this file is -64.5934 over 22 frames.
LOG (gmm-acc-mllt[5.2.132~9-82686]:main():gmm-acc-mllt.cc:108) Average like for this file is -47.8078 over 20 frames.
LOG (gmm-acc-mllt[5.2.132~9-82686]:main():gmm-acc-mllt.cc:108) Average like for this file is -58.1985 over 40 frames.
LOG (gmm-acc-mllt[5.2.132~9-82686]:main():gmm-acc-mllt.cc:108) Average like for this file is -57.4056 over 41 frames.
LOG (gmm-acc-mllt[5.2.132~9-82686]:main():gmm-acc-mllt.cc:108) Average like for this file is -51.0306 over 25 frames.
LOG (gmm-acc-mllt[5.2.132~9-82686]:main():gmm-acc-mllt.cc:108) Average like for this file is -54.4985 over 26 frames.
LOG (gmm-acc-mllt[5.2.132~9-82686]:main():gmm-acc-mllt.cc:108) Average like for this file is -54.3498 over 24 frames.
LOG (gmm-acc-mllt[5.2.132~9-82686]:main():gmm-acc-mllt.cc:108) Average like for this file is -52.985 over 27 frames.
LOG (gmm-acc-mllt[5.2.132~9-82686]:main():gmm-acc-mllt.cc:114) Avg like per frame so far is -57.5425
LOG (gmm-acc-mllt[5.2.132~9-82686]:main():gmm-acc-mllt.cc:108) Average like for this file is -61.0849 over 50 frames.
LOG (gmm-acc-mllt[5.2.132~9-82686]:main():gmm-acc-mllt.cc:108) Average like for this file is -56.4077 over 52 frames.
LOG (gmm-acc-mllt[5.2.132~9-82686]:main():gmm-acc-mllt.cc:108) Average like for this file is -55.6905 over 43 frames.
LOG (gmm-acc-mllt[5.2.132~9-82686]:main():gmm-acc-mllt.cc:108) Average like for this file is -51.168 over 51 frames.
LOG (gmm-acc-mllt[5.2.132~9-82686]:main():gmm-acc-mllt.cc:108) Average like for this file is -56.5168 over 40 frames.
LOG (gmm-acc-mllt[5.2.132~9-82686]:main():gmm-acc-mllt.cc:108) Average like for this file is -59.514 over 37 frames.
LOG (gmm-acc-mllt[5.2.132~9-82686]:main():gmm-acc-mllt.cc:108) Average like for this file is -65.1639 over 36 frames.
LOG (gmm-acc-mllt[5.2.132~9-82686]:main():gmm-acc-mllt.cc:108) Average like for this file is -54.76 over 63 frames.
LOG (gmm-acc-mllt[5.2.132~9-82686]:main():gmm-acc-mllt.cc:108) Average like for this file is -57.9445 over 66 frames.
LOG (gmm-acc-mllt[5.2.132~9-82686]:main():gmm-acc-mllt.cc:108) Average like for this file is -58.7548 over 59 frames.
LOG (gmm-acc-mllt[5.2.132~9-82686]:main():gmm-acc-mllt.cc:114) Avg like per frame so far is -57.5351
LOG (gmm-acc-mllt[5.2.132~9-82686]:main():gmm-acc-mllt.cc:108) Average like for this file is -56.9417 over 68 frames.
LOG (gmm-acc-mllt[5.2.132~9-82686]:main():gmm-acc-mllt.cc:108) Average like for this file is -53.3553 over 60 frames.
LOG (gmm-acc-mllt[5.2.132~9-82686]:main():gmm-acc-mllt.cc:108) Average like for this file is -55.9798 over 62 frames.
LOG (gmm-acc-mllt[5.2.132~9-82686]:main():gmm-acc-mllt.cc:108) Average like for this file is -55.0354 over 65 frames.
LOG (gmm-acc-mllt[5.2.132~9-82686]:main():gmm-acc-mllt.cc:108) Average like for this file is -54.0633 over 60 frames.
LOG (gmm-acc-mllt[5.2.132~9-82686]:main():gmm-acc-mllt.cc:108) Average like for this file is -54.3949 over 62 frames.
LOG (gmm-acc-mllt[5.2.132~9-82686]:main():gmm-acc-mllt.cc:108) Average like for this file is -53.7606 over 65 frames.
LOG (gmm-acc-mllt[5.2.132~9-82686]:main():gmm-acc-mllt.cc:108) Average like for this file is -53.2738 over 58 frames.
LOG (gmm-acc-mllt[5.2.132~9-82686]:main():gmm-acc-mllt.cc:108) Average like for this file is -54.6829 over 57 frames.
LOG (gmm-acc-mllt[5.2.132~9-82686]:main():gmm-acc-mllt.cc:108) Average like for this file is -66.0256 over 30 frames.
LOG (gmm-acc-mllt[5.2.132~9-82686]:main():gmm-acc-mllt.cc:114) Avg like per frame so far is -57.3735
LOG (gmm-acc-mllt[5.2.132~9-82686]:main():gmm-acc-mllt.cc:108) Average like for this file is -55.17 over 42 frames.
LOG (gmm-acc-mllt[5.2.132~9-82686]:main():gmm-acc-mllt.cc:108) Average like for this file is -47.5618 over 29 frames.
LOG (gmm-acc-mllt[5.2.132~9-82686]:main():gmm-acc-mllt.cc:108) Average like for this file is -52.8737 over 30 frames.
LOG (gmm-acc-mllt[5.2.132~9-82686]:main():gmm-acc-mllt.cc:108) Average like for this file is -55.3959 over 24 frames.
LOG (gmm-acc-mllt[5.2.132~9-82686]:main():gmm-acc-mllt.cc:108) Average like for this file is -50.5568 over 21 frames.
LOG (gmm-acc-mllt[5.2.132~9-82686]:main():gmm-acc-mllt.cc:108) Average like for this file is -50.9597 over 23 frames.
LOG (gmm-acc-mllt[5.2.132~9-82686]:main():gmm-acc-mllt.cc:108) Average like for this file is -57.3562 over 24 frames.
LOG (gmm-acc-mllt[5.2.132~9-82686]:main():gmm-acc-mllt.cc:108) Average like for this file is -52.0669 over 24 frames.
LOG (gmm-acc-mllt[5.2.132~9-82686]:main():gmm-acc-mllt.cc:108) Average like for this file is -53.1924 over 24 frames.
LOG (gmm-acc-mllt[5.2.132~9-82686]:main():gmm-acc-mllt.cc:108) Average like for this file is -50.8927 over 25 frames.
LOG (gmm-acc-mllt[5.2.132~9-82686]:main():gmm-acc-mllt.cc:114) Avg like per frame so far is -57.2299
LOG (gmm-acc-mllt[5.2.132~9-82686]:main():gmm-acc-mllt.cc:108) Average like for this file is -50.3208 over 26 frames.
LOG (gmm-acc-mllt[5.2.132~9-82686]:main():gmm-acc-mllt.cc:108) Average like for this file is -56.0619 over 27 frames.
LOG (gmm-acc-mllt[5.2.132~9-82686]:main():gmm-acc-mllt.cc:108) Average like for this file is -56.8655 over 35 frames.
LOG (gmm-acc-mllt[5.2.132~9-82686]:main():gmm-acc-mllt.cc:108) Average like for this file is -50.9423 over 29 frames.
LOG (gmm-acc-mllt[5.2.132~9-82686]:main():gmm-acc-mllt.cc:108) Average like for this file is -55.1936 over 38 frames.
LOG (gmm-acc-mllt[5.2.132~9-82686]:main():gmm-acc-mllt.cc:108) Average like for this file is -57.3596 over 42 frames.
LOG (gmm-acc-mllt[5.2.132~9-82686]:main():gmm-acc-mllt.cc:108) Average like for this file is -52.5717 over 39 frames.
LOG (gmm-acc-mllt[5.2.132~9-82686]:main():gmm-acc-mllt.cc:108) Average like for this file is -61.3663 over 33 frames.
LOG (gmm-acc-mllt[5.2.132~9-82686]:main():gmm-acc-mllt.cc:108) Average like for this file is -51.6178 over 26 frames.
LOG (gmm-acc-mllt[5.2.132~9-82686]:main():gmm-acc-mllt.cc:108) Average like for this file is -53.3462 over 50 frames.
LOG (gmm-acc-mllt[5.2.132~9-82686]:main():gmm-acc-mllt.cc:114) Avg like per frame so far is -57.1337
LOG (gmm-acc-mllt[5.2.132~9-82686]:main():gmm-acc-mllt.cc:108) Average like for this file is -49.8141 over 35 frames.
LOG (gmm-acc-mllt[5.2.132~9-82686]:main():gmm-acc-mllt.cc:108) Average like for this file is -52.9705 over 32 frames.
LOG (gmm-acc-mllt[5.2.132~9-82686]:main():gmm-acc-mllt.cc:108) Average like for this file is -52.4513 over 34 frames.
LOG (gmm-acc-mllt[5.2.132~9-82686]:main():gmm-acc-mllt.cc:108) Average like for this file is -51.3127 over 32 frames.
LOG (gmm-acc-mllt[5.2.132~9-82686]:main():gmm-acc-mllt.cc:108) Average like for this file is -54.2511 over 34 frames.
LOG (gmm-acc-mllt[5.2.132~9-82686]:main():gmm-acc-mllt.cc:108) Average like for this file is -55.4887 over 35 frames.
LOG (gmm-acc-mllt[5.2.132~9-82686]:main():gmm-acc-mllt.cc:108) Average like for this file is -54.7191 over 21 frames.
LOG (gmm-acc-mllt[5.2.132~9-82686]:main():gmm-acc-mllt.cc:108) Average like for this file is -49.0615 over 34 frames.
LOG (gmm-acc-mllt[5.2.132~9-82686]:main():gmm-acc-mllt.cc:108) Average like for this file is -51.4609 over 31 frames.
LOG (gmm-acc-mllt[5.2.132~9-82686]:main():gmm-acc-mllt.cc:108) Average like for this file is -52.4741 over 30 frames.
LOG (gmm-acc-mllt[5.2.132~9-82686]:main():gmm-acc-mllt.cc:114) Avg like per frame so far is -56.9691
LOG (gmm-acc-mllt[5.2.132~9-82686]:main():gmm-acc-mllt.cc:108) Average like for this file is -57.6238 over 36 frames.
LOG (gmm-acc-mllt[5.2.132~9-82686]:main():gmm-acc-mllt.cc:108) Average like for this file is -50.8152 over 21 frames.
LOG (gmm-acc-mllt[5.2.132~9-82686]:main():gmm-acc-mllt.cc:108) Average like for this file is -49.4235 over 39 frames.
LOG (gmm-acc-mllt[5.2.132~9-82686]:main():gmm-acc-mllt.cc:108) Average like for this file is -52.737 over 35 frames.
LOG (gmm-acc-mllt[5.2.132~9-82686]:main():gmm-acc-mllt.cc:108) Average like for this file is -48.0555 over 40 frames.
LOG (gmm-acc-mllt[5.2.132~9-82686]:main():gmm-acc-mllt.cc:108) Average like for this file is -49.3317 over 38 frames.
LOG (gmm-acc-mllt[5.2.132~9-82686]:main():gmm-acc-mllt.cc:108) Average like for this file is -53.4228 over 32 frames.
LOG (gmm-acc-mllt[5.2.132~9-82686]:main():gmm-acc-mllt.cc:108) Average like for this file is -53.5417 over 25 frames.
LOG (gmm-acc-mllt[5.2.132~9-82686]:main():gmm-acc-mllt.cc:108) Average like for this file is -46.0902 over 33 frames.
LOG (gmm-acc-mllt[5.2.132~9-82686]:main():gmm-acc-mllt.cc:108) Average like for this file is -51.7126 over 28 frames.
LOG (gmm-acc-mllt[5.2.132~9-82686]:main():gmm-acc-mllt.cc:114) Avg like per frame so far is -56.7717
LOG (gmm-acc-mllt[5.2.132~9-82686]:main():gmm-acc-mllt.cc:108) Average like for this file is -50.3109 over 31 frames.
LOG (gmm-acc-mllt[5.2.132~9-82686]:main():gmm-acc-mllt.cc:108) Average like for this file is -53.0726 over 50 frames.
LOG (gmm-acc-mllt[5.2.132~9-82686]:main():gmm-acc-mllt.cc:108) Average like for this file is -55.1827 over 53 frames.
LOG (gmm-acc-mllt[5.2.132~9-82686]:main():gmm-acc-mllt.cc:108) Average like for this file is -53.142 over 51 frames.
LOG (gmm-acc-mllt[5.2.132~9-82686]:main():gmm-acc-mllt.cc:108) Average like for this file is -59.3045 over 51 frames.
LOG (gmm-acc-mllt[5.2.132~9-82686]:main():gmm-acc-mllt.cc:108) Average like for this file is -56.3462 over 51 frames.
LOG (gmm-acc-mllt[5.2.132~9-82686]:main():gmm-acc-mllt.cc:108) Average like for this file is -57.6445 over 44 frames.
LOG (gmm-acc-mllt[5.2.132~9-82686]:main():gmm-acc-mllt.cc:108) Average like for this file is -57.6304 over 50 frames.
LOG (gmm-acc-mllt[5.2.132~9-82686]:main():gmm-acc-mllt.cc:108) Average like for this file is -52.6955 over 47 frames.
LOG (gmm-acc-mllt[5.2.132~9-82686]:main():gmm-acc-mllt.cc:108) Average like for this file is -53.8324 over 54 frames.
LOG (gmm-acc-mllt[5.2.132~9-82686]:main():gmm-acc-mllt.cc:114) Avg like per frame so far is -56.691
LOG (gmm-acc-mllt[5.2.132~9-82686]:main():gmm-acc-mllt.cc:108) Average like for this file is -54.9292 over 49 frames.
LOG (gmm-acc-mllt[5.2.132~9-82686]:main():gmm-acc-mllt.cc:108) Average like for this file is -55.5106 over 52 frames.
LOG (gmm-acc-mllt[5.2.132~9-82686]:main():gmm-acc-mllt.cc:108) Average like for this file is -53.7065 over 52 frames.
LOG (gmm-acc-mllt[5.2.132~9-82686]:main():gmm-acc-mllt.cc:108) Average like for this file is -52.3615 over 53 frames.
LOG (gmm-acc-mllt[5.2.132~9-82686]:main():gmm-acc-mllt.cc:108) Average like for this file is -53.9745 over 52 frames.
LOG (gmm-acc-mllt[5.2.132~9-82686]:main():gmm-acc-mllt.cc:108) Average like for this file is -54.6366 over 40 frames.
LOG (gmm-acc-mllt[5.2.132~9-82686]:main():gmm-acc-mllt.cc:108) Average like for this file is -49.627 over 53 frames.
LOG (ali-to-post[5.2.132~9-82686]:main():ali-to-post.cc:73) Converted 548 alignments.
LOG (gmm-acc-mllt[5.2.132~9-82686]:main():gmm-acc-mllt.cc:108) Average like for this file is -53.0674 over 35 frames.
LOG (gmm-acc-mllt[5.2.132~9-82686]:main():gmm-acc-mllt.cc:108) Average like for this file is -47.5985 over 36 frames.
LOG (gmm-acc-mllt[5.2.132~9-82686]:main():gmm-acc-mllt.cc:108) Average like for this file is -58.7082 over 24 frames.
LOG (gmm-acc-mllt[5.2.132~9-82686]:main():gmm-acc-mllt.cc:114) Avg like per frame so far is -56.5455
LOG (gmm-acc-mllt[5.2.132~9-82686]:main():gmm-acc-mllt.cc:108) Average like for this file is -56.8879 over 17 frames.
LOG (gmm-acc-mllt[5.2.132~9-82686]:main():gmm-acc-mllt.cc:108) Average like for this file is -53.0152 over 29 frames.
LOG (gmm-acc-mllt[5.2.132~9-82686]:main():gmm-acc-mllt.cc:108) Average like for this file is -53.3863 over 25 frames.
LOG (gmm-acc-mllt[5.2.132~9-82686]:main():gmm-acc-mllt.cc:108) Average like for this file is -51.4206 over 32 frames.
LOG (gmm-acc-mllt[5.2.132~9-82686]:main():gmm-acc-mllt.cc:108) Average like for this file is -50.5158 over 25 frames.
LOG (gmm-acc-mllt[5.2.132~9-82686]:main():gmm-acc-mllt.cc:108) Average like for this file is -51.5535 over 20 frames.
LOG (gmm-acc-mllt[5.2.132~9-82686]:main():gmm-acc-mllt.cc:108) Average like for this file is -57.0858 over 16 frames.
LOG (gmm-acc-mllt[5.2.132~9-82686]:main():gmm-acc-mllt.cc:108) Average like for this file is -49.9508 over 23 frames.
LOG (gmm-acc-mllt[5.2.132~9-82686]:main():gmm-acc-mllt.cc:108) Average like for this file is -51.16 over 29 frames.
LOG (gmm-acc-mllt[5.2.132~9-82686]:main():gmm-acc-mllt.cc:108) Average like for this file is -63.7448 over 18 frames.
LOG (gmm-acc-mllt[5.2.132~9-82686]:main():gmm-acc-mllt.cc:114) Avg like per frame so far is -56.475
LOG (gmm-acc-mllt[5.2.132~9-82686]:main():gmm-acc-mllt.cc:108) Average like for this file is -57.8283 over 21 frames.
LOG (gmm-acc-mllt[5.2.132~9-82686]:main():gmm-acc-mllt.cc:108) Average like for this file is -51.6829 over 22 frames.
LOG (gmm-acc-mllt[5.2.132~9-82686]:main():gmm-acc-mllt.cc:108) Average like for this file is -54.9675 over 34 frames.
LOG (gmm-acc-mllt[5.2.132~9-82686]:main():gmm-acc-mllt.cc:108) Average like for this file is -52.0222 over 42 frames.
LOG (gmm-acc-mllt[5.2.132~9-82686]:main():gmm-acc-mllt.cc:108) Average like for this file is -58.9107 over 35 frames.
LOG (gmm-acc-mllt[5.2.132~9-82686]:main():gmm-acc-mllt.cc:108) Average like for this file is -55.5734 over 30 frames.
LOG (gmm-acc-mllt[5.2.132~9-82686]:main():gmm-acc-mllt.cc:108) Average like for this file is -54.6542 over 29 frames.
LOG (gmm-acc-mllt[5.2.132~9-82686]:main():gmm-acc-mllt.cc:108) Average like for this file is -55.5801 over 30 frames.
LOG (gmm-acc-mllt[5.2.132~9-82686]:main():gmm-acc-mllt.cc:108) Average like for this file is -62.5144 over 41 frames.
LOG (gmm-acc-mllt[5.2.132~9-82686]:main():gmm-acc-mllt.cc:108) Average like for this file is -53.9991 over 16 frames.
LOG (gmm-acc-mllt[5.2.132~9-82686]:main():gmm-acc-mllt.cc:114) Avg like per frame so far is -56.4634
LOG (gmm-acc-mllt[5.2.132~9-82686]:main():gmm-acc-mllt.cc:108) Average like for this file is -53.2756 over 20 frames.
LOG (gmm-acc-mllt[5.2.132~9-82686]:main():gmm-acc-mllt.cc:108) Average like for this file is -57.0453 over 19 frames.
LOG (gmm-acc-mllt[5.2.132~9-82686]:main():gmm-acc-mllt.cc:108) Average like for this file is -60.6213 over 24 frames.
LOG (gmm-acc-mllt[5.2.132~9-82686]:main():gmm-acc-mllt.cc:108) Average like for this file is -54.7333 over 20 frames.
LOG (gmm-acc-mllt[5.2.132~9-82686]:main():gmm-acc-mllt.cc:108) Average like for this file is -52.4201 over 24 frames.
LOG (gmm-acc-mllt[5.2.132~9-82686]:main():gmm-acc-mllt.cc:108) Average like for this file is -52.3624 over 20 frames.
LOG (gmm-acc-mllt[5.2.132~9-82686]:main():gmm-acc-mllt.cc:108) Average like for this file is -61.8378 over 39 frames.
LOG (gmm-acc-mllt[5.2.132~9-82686]:main():gmm-acc-mllt.cc:108) Average like for this file is -58.6558 over 32 frames.
LOG (gmm-acc-mllt[5.2.132~9-82686]:main():gmm-acc-mllt.cc:108) Average like for this file is -51.9315 over 26 frames.
LOG (gmm-acc-mllt[5.2.132~9-82686]:main():gmm-acc-mllt.cc:108) Average like for this file is -53.1235 over 15 frames.
LOG (gmm-acc-mllt[5.2.132~9-82686]:main():gmm-acc-mllt.cc:114) Avg like per frame so far is -56.4586
LOG (gmm-acc-mllt[5.2.132~9-82686]:main():gmm-acc-mllt.cc:108) Average like for this file is -60.5398 over 26 frames.
LOG (gmm-acc-mllt[5.2.132~9-82686]:main():gmm-acc-mllt.cc:108) Average like for this file is -50.1751 over 24 frames.
LOG (gmm-acc-mllt[5.2.132~9-82686]:main():gmm-acc-mllt.cc:108) Average like for this file is -57.9073 over 48 frames.
LOG (gmm-acc-mllt[5.2.132~9-82686]:main():gmm-acc-mllt.cc:108) Average like for this file is -49.3712 over 47 frames.
LOG (gmm-acc-mllt[5.2.132~9-82686]:main():gmm-acc-mllt.cc:108) Average like for this file is -48.0032 over 27 frames.
LOG (gmm-acc-mllt[5.2.132~9-82686]:main():gmm-acc-mllt.cc:108) Average like for this file is -61.3273 over 20 frames.
LOG (gmm-acc-mllt[5.2.132~9-82686]:main():gmm-acc-mllt.cc:108) Average like for this file is -52.6785 over 29 frames.
LOG (gmm-acc-mllt[5.2.132~9-82686]:main():gmm-acc-mllt.cc:108) Average like for this file is -56.4906 over 33 frames.
LOG (gmm-acc-mllt[5.2.132~9-82686]:main():gmm-acc-mllt.cc:108) Average like for this file is -52.607 over 40 frames.
LOG (gmm-acc-mllt[5.2.132~9-82686]:main():gmm-acc-mllt.cc:108) Average like for this file is -53.8149 over 23 frames.
LOG (gmm-acc-mllt[5.2.132~9-82686]:main():gmm-acc-mllt.cc:114) Avg like per frame so far is -56.3931
LOG (gmm-acc-mllt[5.2.132~9-82686]:main():gmm-acc-mllt.cc:108) Average like for this file is -48.3303 over 36 frames.
LOG (gmm-acc-mllt[5.2.132~9-82686]:main():gmm-acc-mllt.cc:108) Average like for this file is -46.9874 over 32 frames.
LOG (gmm-acc-mllt[5.2.132~9-82686]:main():gmm-acc-mllt.cc:108) Average like for this file is -47.0492 over 27 frames.
LOG (gmm-acc-mllt[5.2.132~9-82686]:main():gmm-acc-mllt.cc:108) Average like for this file is -57.7619 over 31 frames.
LOG (gmm-acc-mllt[5.2.132~9-82686]:main():gmm-acc-mllt.cc:108) Average like for this file is -49.3488 over 30 frames.
LOG (gmm-acc-mllt[5.2.132~9-82686]:main():gmm-acc-mllt.cc:108) Average like for this file is -47.7071 over 28 frames.
LOG (gmm-acc-mllt[5.2.132~9-82686]:main():gmm-acc-mllt.cc:108) Average like for this file is -47.39 over 25 frames.
LOG (gmm-acc-mllt[5.2.132~9-82686]:main():gmm-acc-mllt.cc:108) Average like for this file is -57.6084 over 31 frames.
LOG (gmm-acc-mllt[5.2.132~9-82686]:main():gmm-acc-mllt.cc:108) Average like for this file is -47.7181 over 27 frames.
LOG (gmm-acc-mllt[5.2.132~9-82686]:main():gmm-acc-mllt.cc:108) Average like for this file is -54.2536 over 34 frames.
LOG (gmm-acc-mllt[5.2.132~9-82686]:main():gmm-acc-mllt.cc:114) Avg like per frame so far is -56.2466
LOG (gmm-acc-mllt[5.2.132~9-82686]:main():gmm-acc-mllt.cc:108) Average like for this file is -50.0233 over 35 frames.
LOG (gmm-acc-mllt[5.2.132~9-82686]:main():gmm-acc-mllt.cc:108) Average like for this file is -50.5068 over 38 frames.
LOG (gmm-acc-mllt[5.2.132~9-82686]:main():gmm-acc-mllt.cc:108) Average like for this file is -57.5783 over 42 frames.
LOG (gmm-acc-mllt[5.2.132~9-82686]:main():gmm-acc-mllt.cc:108) Average like for this file is -53.9953 over 44 frames.
LOG (gmm-acc-mllt[5.2.132~9-82686]:main():gmm-acc-mllt.cc:108) Average like for this file is -53.6328 over 39 frames.
LOG (gmm-acc-mllt[5.2.132~9-82686]:main():gmm-acc-mllt.cc:108) Average like for this file is -52.1085 over 29 frames.
LOG (gmm-acc-mllt[5.2.132~9-82686]:main():gmm-acc-mllt.cc:108) Average like for this file is -55.921 over 40 frames.
LOG (gmm-acc-mllt[5.2.132~9-82686]:main():gmm-acc-mllt.cc:108) Average like for this file is -54.5332 over 32 frames.
LOG (gmm-acc-mllt[5.2.132~9-82686]:main():gmm-acc-mllt.cc:108) Average like for this file is -56.8625 over 61 frames.
LOG (gmm-acc-mllt[5.2.132~9-82686]:main():gmm-acc-mllt.cc:108) Average like for this file is -56.245 over 40 frames.
LOG (gmm-acc-mllt[5.2.132~9-82686]:main():gmm-acc-mllt.cc:114) Avg like per frame so far is -56.1874
LOG (gmm-acc-mllt[5.2.132~9-82686]:main():gmm-acc-mllt.cc:108) Average like for this file is -57.5736 over 44 frames.
LOG (gmm-acc-mllt[5.2.132~9-82686]:main():gmm-acc-mllt.cc:108) Average like for this file is -57.0525 over 40 frames.
LOG (gmm-acc-mllt[5.2.132~9-82686]:main():gmm-acc-mllt.cc:108) Average like for this file is -56.5307 over 29 frames.
LOG (gmm-acc-mllt[5.2.132~9-82686]:main():gmm-acc-mllt.cc:108) Average like for this file is -50.4441 over 26 frames.
LOG (gmm-acc-mllt[5.2.132~9-82686]:main():gmm-acc-mllt.cc:108) Average like for this file is -56.2194 over 34 frames.
LOG (gmm-acc-mllt[5.2.132~9-82686]:main():gmm-acc-mllt.cc:108) Average like for this file is -48.1652 over 21 frames.
LOG (gmm-acc-mllt[5.2.132~9-82686]:main():gmm-acc-mllt.cc:108) Average like for this file is -54.2842 over 25 frames.
LOG (gmm-acc-mllt[5.2.132~9-82686]:main():gmm-acc-mllt.cc:108) Average like for this file is -46.0784 over 23 frames.
LOG (gmm-acc-mllt[5.2.132~9-82686]:main():gmm-acc-mllt.cc:108) Average like for this file is -49.4497 over 25 frames.
LOG (gmm-acc-mllt[5.2.132~9-82686]:main():gmm-acc-mllt.cc:108) Average like for this file is -51.3259 over 31 frames.
LOG (gmm-acc-mllt[5.2.132~9-82686]:main():gmm-acc-mllt.cc:114) Avg like per frame so far is -56.1233
LOG (gmm-acc-mllt[5.2.132~9-82686]:main():gmm-acc-mllt.cc:108) Average like for this file is -52.3909 over 29 frames.
LOG (gmm-acc-mllt[5.2.132~9-82686]:main():gmm-acc-mllt.cc:108) Average like for this file is -50.2827 over 25 frames.
LOG (gmm-acc-mllt[5.2.132~9-82686]:main():gmm-acc-mllt.cc:108) Average like for this file is -57.7407 over 17 frames.
LOG (gmm-acc-mllt[5.2.132~9-82686]:main():gmm-acc-mllt.cc:108) Average like for this file is -52.7649 over 20 frames.
LOG (gmm-acc-mllt[5.2.132~9-82686]:main():gmm-acc-mllt.cc:108) Average like for this file is -59.2259 over 28 frames.
LOG (gmm-acc-mllt[5.2.132~9-82686]:main():gmm-acc-mllt.cc:108) Average like for this file is -59.0325 over 30 frames.
LOG (gmm-acc-mllt[5.2.132~9-82686]:main():gmm-acc-mllt.cc:108) Average like for this file is -57.6039 over 32 frames.
LOG (gmm-acc-mllt[5.2.132~9-82686]:main():gmm-acc-mllt.cc:108) Average like for this file is -63.4734 over 63 frames.
LOG (gmm-acc-mllt[5.2.132~9-82686]:main():gmm-acc-mllt.cc:108) Average like for this file is -57.8439 over 50 frames.
LOG (gmm-acc-mllt[5.2.132~9-82686]:main():gmm-acc-mllt.cc:108) Average like for this file is -62.0946 over 45 frames.
LOG (gmm-acc-mllt[5.2.132~9-82686]:main():gmm-acc-mllt.cc:114) Avg like per frame so far is -56.1807
LOG (gmm-acc-mllt[5.2.132~9-82686]:main():gmm-acc-mllt.cc:108) Average like for this file is -63.8485 over 62 frames.
LOG (gmm-acc-mllt[5.2.132~9-82686]:main():gmm-acc-mllt.cc:108) Average like for this file is -57.0987 over 48 frames.
LOG (gmm-acc-mllt[5.2.132~9-82686]:main():gmm-acc-mllt.cc:108) Average like for this file is -60.9052 over 47 frames.
LOG (gmm-acc-mllt[5.2.132~9-82686]:main():gmm-acc-mllt.cc:108) Average like for this file is -53.9002 over 36 frames.
LOG (gmm-acc-mllt[5.2.132~9-82686]:main():gmm-acc-mllt.cc:108) Average like for this file is -57.789 over 35 frames.
LOG (gmm-acc-mllt[5.2.132~9-82686]:main():gmm-acc-mllt.cc:108) Average like for this file is -60.738 over 31 frames.
LOG (gmm-acc-mllt[5.2.132~9-82686]:main():gmm-acc-mllt.cc:108) Average like for this file is -55.7669 over 51 frames.
LOG (gmm-acc-mllt[5.2.132~9-82686]:main():gmm-acc-mllt.cc:108) Average like for this file is -54.2308 over 63 frames.
LOG (gmm-acc-mllt[5.2.132~9-82686]:main():gmm-acc-mllt.cc:108) Average like for this file is -55.9712 over 63 frames.
LOG (gmm-acc-mllt[5.2.132~9-82686]:main():gmm-acc-mllt.cc:108) Average like for this file is -54.8664 over 70 frames.
LOG (gmm-acc-mllt[5.2.132~9-82686]:main():gmm-acc-mllt.cc:114) Avg like per frame so far is -56.2258
LOG (gmm-acc-mllt[5.2.132~9-82686]:main():gmm-acc-mllt.cc:108) Average like for this file is -55.5134 over 68 frames.
LOG (gmm-acc-mllt[5.2.132~9-82686]:main():gmm-acc-mllt.cc:108) Average like for this file is -59.1404 over 35 frames.
LOG (gmm-acc-mllt[5.2.132~9-82686]:main():gmm-acc-mllt.cc:108) Average like for this file is -61.6812 over 32 frames.
LOG (gmm-acc-mllt[5.2.132~9-82686]:main():gmm-acc-mllt.cc:108) Average like for this file is -58.3299 over 29 frames.
LOG (gmm-acc-mllt[5.2.132~9-82686]:main():gmm-acc-mllt.cc:108) Average like for this file is -56.4383 over 29 frames.
LOG (gmm-acc-mllt[5.2.132~9-82686]:main():gmm-acc-mllt.cc:108) Average like for this file is -58.4581 over 24 frames.
LOG (gmm-acc-mllt[5.2.132~9-82686]:main():gmm-acc-mllt.cc:108) Average like for this file is -59.8876 over 29 frames.
LOG (gmm-acc-mllt[5.2.132~9-82686]:main():gmm-acc-mllt.cc:108) Average like for this file is -60.4958 over 32 frames.
LOG (gmm-acc-mllt[5.2.132~9-82686]:main():gmm-acc-mllt.cc:108) Average like for this file is -56.9606 over 37 frames.
LOG (gmm-acc-mllt[5.2.132~9-82686]:main():gmm-acc-mllt.cc:108) Average like for this file is -58.3333 over 31 frames.
LOG (gmm-acc-mllt[5.2.132~9-82686]:main():gmm-acc-mllt.cc:114) Avg like per frame so far is -56.2752
LOG (gmm-acc-mllt[5.2.132~9-82686]:main():gmm-acc-mllt.cc:108) Average like for this file is -54.0658 over 39 frames.
LOG (gmm-acc-mllt[5.2.132~9-82686]:main():gmm-acc-mllt.cc:108) Average like for this file is -54.1859 over 42 frames.
LOG (gmm-acc-mllt[5.2.132~9-82686]:main():gmm-acc-mllt.cc:108) Average like for this file is -58.3186 over 28 frames.
LOG (gmm-acc-mllt[5.2.132~9-82686]:main():gmm-acc-mllt.cc:108) Average like for this file is -55.1453 over 24 frames.
LOG (gmm-acc-mllt[5.2.132~9-82686]:main():gmm-acc-mllt.cc:108) Average like for this file is -53.7274 over 35 frames.
LOG (gmm-acc-mllt[5.2.132~9-82686]:main():gmm-acc-mllt.cc:108) Average like for this file is -53.7541 over 35 frames.
LOG (gmm-acc-mllt[5.2.132~9-82686]:main():gmm-acc-mllt.cc:108) Average like for this file is -53.8953 over 36 frames.
LOG (gmm-acc-mllt[5.2.132~9-82686]:main():gmm-acc-mllt.cc:108) Average like for this file is -55.8723 over 32 frames.
LOG (gmm-acc-mllt[5.2.132~9-82686]:main():gmm-acc-mllt.cc:108) Average like for this file is -57.9648 over 38 frames.
LOG (gmm-acc-mllt[5.2.132~9-82686]:main():gmm-acc-mllt.cc:108) Average like for this file is -51.2269 over 30 frames.
LOG (gmm-acc-mllt[5.2.132~9-82686]:main():gmm-acc-mllt.cc:114) Avg like per frame so far is -56.2394
LOG (gmm-acc-mllt[5.2.132~9-82686]:main():gmm-acc-mllt.cc:108) Average like for this file is -61.0082 over 36 frames.
LOG (gmm-acc-mllt[5.2.132~9-82686]:main():gmm-acc-mllt.cc:108) Average like for this file is -57.0862 over 40 frames.
LOG (gmm-acc-mllt[5.2.132~9-82686]:main():gmm-acc-mllt.cc:108) Average like for this file is -64.9532 over 32 frames.
LOG (gmm-acc-mllt[5.2.132~9-82686]:main():gmm-acc-mllt.cc:108) Average like for this file is -66.4713 over 33 frames.
LOG (gmm-acc-mllt[5.2.132~9-82686]:main():gmm-acc-mllt.cc:108) Average like for this file is -49.8429 over 39 frames.
LOG (gmm-acc-mllt[5.2.132~9-82686]:main():gmm-acc-mllt.cc:108) Average like for this file is -53.3501 over 31 frames.
LOG (gmm-acc-mllt[5.2.132~9-82686]:main():gmm-acc-mllt.cc:108) Average like for this file is -54.5949 over 31 frames.
LOG (gmm-acc-mllt[5.2.132~9-82686]:main():gmm-acc-mllt.cc:108) Average like for this file is -50.2365 over 34 frames.
LOG (gmm-acc-mllt[5.2.132~9-82686]:main():gmm-acc-mllt.cc:108) Average like for this file is -54.4331 over 18 frames.
LOG (gmm-acc-mllt[5.2.132~9-82686]:main():gmm-acc-mllt.cc:108) Average like for this file is -62.9739 over 33 frames.
LOG (gmm-acc-mllt[5.2.132~9-82686]:main():gmm-acc-mllt.cc:114) Avg like per frame so far is -56.2682
LOG (gmm-acc-mllt[5.2.132~9-82686]:main():gmm-acc-mllt.cc:108) Average like for this file is -60.0917 over 32 frames.
LOG (gmm-acc-mllt[5.2.132~9-82686]:main():gmm-acc-mllt.cc:108) Average like for this file is -57.2607 over 38 frames.
LOG (gmm-acc-mllt[5.2.132~9-82686]:main():gmm-acc-mllt.cc:108) Average like for this file is -56.9417 over 36 frames.
LOG (gmm-acc-mllt[5.2.132~9-82686]:main():gmm-acc-mllt.cc:108) Average like for this file is -58.5397 over 27 frames.
LOG (gmm-acc-mllt[5.2.132~9-82686]:main():gmm-acc-mllt.cc:108) Average like for this file is -52.6748 over 39 frames.
LOG (weight-silence-post[5.2.132~9-82686]:main():weight-silence-post.cc:95) Done 548 posteriors.
LOG (gmm-acc-mllt[5.2.132~9-82686]:main():gmm-acc-mllt.cc:108) Average like for this file is -53.6228 over 37 frames.
LOG (gmm-acc-mllt[5.2.132~9-82686]:main():gmm-acc-mllt.cc:108) Average like for this file is -55.9859 over 32 frames.
LOG (gmm-acc-mllt[5.2.132~9-82686]:main():gmm-acc-mllt.cc:108) Average like for this file is -55.6998 over 37 frames.
LOG (gmm-acc-mllt[5.2.132~9-82686]:main():gmm-acc-mllt.cc:108) Average like for this file is -51.0504 over 27 frames.
LOG (gmm-acc-mllt[5.2.132~9-82686]:main():gmm-acc-mllt.cc:108) Average like for this file is -44.4246 over 30 frames.
LOG (gmm-acc-mllt[5.2.132~9-82686]:main():gmm-acc-mllt.cc:114) Avg like per frame so far is -56.2333
LOG (gmm-acc-mllt[5.2.132~9-82686]:main():gmm-acc-mllt.cc:108) Average like for this file is -50.7007 over 26 frames.
LOG (gmm-acc-mllt[5.2.132~9-82686]:main():gmm-acc-mllt.cc:108) Average like for this file is -50.7676 over 23 frames.
LOG (gmm-acc-mllt[5.2.132~9-82686]:main():gmm-acc-mllt.cc:108) Average like for this file is -48.7216 over 34 frames.
LOG (gmm-acc-mllt[5.2.132~9-82686]:main():gmm-acc-mllt.cc:108) Average like for this file is -56.2353 over 26 frames.
LOG (gmm-acc-mllt[5.2.132~9-82686]:main():gmm-acc-mllt.cc:108) Average like for this file is -52.0159 over 41 frames.
LOG (gmm-acc-mllt[5.2.132~9-82686]:main():gmm-acc-mllt.cc:108) Average like for this file is -50.601 over 37 frames.
LOG (gmm-acc-mllt[5.2.132~9-82686]:main():gmm-acc-mllt.cc:108) Average like for this file is -58.0534 over 37 frames.
LOG (gmm-acc-mllt[5.2.132~9-82686]:main():gmm-acc-mllt.cc:108) Average like for this file is -57.6475 over 32 frames.
LOG (gmm-acc-mllt[5.2.132~9-82686]:main():gmm-acc-mllt.cc:108) Average like for this file is -60.5535 over 42 frames.
LOG (gmm-acc-mllt[5.2.132~9-82686]:main():gmm-acc-mllt.cc:108) Average like for this file is -57.2936 over 26 frames.
LOG (gmm-acc-mllt[5.2.132~9-82686]:main():gmm-acc-mllt.cc:114) Avg like per frame so far is -56.1947
LOG (gmm-acc-mllt[5.2.132~9-82686]:main():gmm-acc-mllt.cc:108) Average like for this file is -57.3642 over 63 frames.
LOG (gmm-acc-mllt[5.2.132~9-82686]:main():gmm-acc-mllt.cc:108) Average like for this file is -60.7245 over 45 frames.
LOG (gmm-acc-mllt[5.2.132~9-82686]:main():gmm-acc-mllt.cc:108) Average like for this file is -66.6901 over 35 frames.
LOG (gmm-acc-mllt[5.2.132~9-82686]:main():gmm-acc-mllt.cc:108) Average like for this file is -56.1817 over 26 frames.
LOG (gmm-acc-mllt[5.2.132~9-82686]:main():gmm-acc-mllt.cc:108) Average like for this file is -70.785 over 18 frames.
LOG (gmm-acc-mllt[5.2.132~9-82686]:main():gmm-acc-mllt.cc:108) Average like for this file is -54.8298 over 39 frames.
LOG (gmm-acc-mllt[5.2.132~9-82686]:main():gmm-acc-mllt.cc:108) Average like for this file is -56.6339 over 27 frames.
LOG (gmm-acc-mllt[5.2.132~9-82686]:main():gmm-acc-mllt.cc:108) Average like for this file is -56.4787 over 27 frames.
LOG (gmm-acc-mllt[5.2.132~9-82686]:main():gmm-acc-mllt.cc:108) Average like for this file is -59.8243 over 29 frames.
LOG (gmm-acc-mllt[5.2.132~9-82686]:main():gmm-acc-mllt.cc:108) Average like for this file is -59.5428 over 25 frames.
LOG (gmm-acc-mllt[5.2.132~9-82686]:main():gmm-acc-mllt.cc:114) Avg like per frame so far is -56.2633
LOG (gmm-acc-mllt[5.2.132~9-82686]:main():gmm-acc-mllt.cc:108) Average like for this file is -56.8737 over 24 frames.
LOG (gmm-acc-mllt[5.2.132~9-82686]:main():gmm-acc-mllt.cc:108) Average like for this file is -55.0599 over 23 frames.
LOG (gmm-acc-mllt[5.2.132~9-82686]:main():gmm-acc-mllt.cc:108) Average like for this file is -61.7716 over 23 frames.
LOG (gmm-acc-mllt[5.2.132~9-82686]:main():gmm-acc-mllt.cc:108) Average like for this file is -62.5037 over 21 frames.
LOG (gmm-acc-mllt[5.2.132~9-82686]:main():gmm-acc-mllt.cc:108) Average like for this file is -57.9739 over 24 frames.
LOG (gmm-acc-mllt[5.2.132~9-82686]:main():gmm-acc-mllt.cc:108) Average like for this file is -65.5133 over 18 frames.
LOG (gmm-acc-mllt[5.2.132~9-82686]:main():gmm-acc-mllt.cc:108) Average like for this file is -53.9181 over 35 frames.
LOG (gmm-acc-mllt[5.2.132~9-82686]:main():gmm-acc-mllt.cc:108) Average like for this file is -60.1762 over 22 frames.
LOG (gmm-acc-mllt[5.2.132~9-82686]:main():gmm-acc-mllt.cc:108) Average like for this file is -59.8389 over 15 frames.
LOG (gmm-acc-mllt[5.2.132~9-82686]:main():gmm-acc-mllt.cc:108) Average like for this file is -50.8022 over 17 frames.
LOG (gmm-acc-mllt[5.2.132~9-82686]:main():gmm-acc-mllt.cc:114) Avg like per frame so far is -56.2898
LOG (gmm-acc-mllt[5.2.132~9-82686]:main():gmm-acc-mllt.cc:108) Average like for this file is -56.5385 over 32 frames.
LOG (gmm-acc-mllt[5.2.132~9-82686]:main():gmm-acc-mllt.cc:108) Average like for this file is -56.5713 over 24 frames.
LOG (gmm-acc-mllt[5.2.132~9-82686]:main():gmm-acc-mllt.cc:108) Average like for this file is -59.5349 over 21 frames.
LOG (gmm-acc-mllt[5.2.132~9-82686]:main():gmm-acc-mllt.cc:108) Average like for this file is -58.4206 over 23 frames.
LOG (gmm-acc-mllt[5.2.132~9-82686]:main():gmm-acc-mllt.cc:108) Average like for this file is -59.4251 over 26 frames.
LOG (gmm-acc-mllt[5.2.132~9-82686]:main():gmm-acc-mllt.cc:108) Average like for this file is -60.2156 over 34 frames.
LOG (gmm-acc-mllt[5.2.132~9-82686]:main():gmm-acc-mllt.cc:108) Average like for this file is -54.9891 over 46 frames.
LOG (gmm-acc-mllt[5.2.132~9-82686]:main():gmm-acc-mllt.cc:108) Average like for this file is -56.4943 over 56 frames.
LOG (gmm-acc-mllt[5.2.132~9-82686]:main():gmm-acc-mllt.cc:108) Average like for this file is -57.6562 over 44 frames.
LOG (gmm-acc-mllt[5.2.132~9-82686]:main():gmm-acc-mllt.cc:108) Average like for this file is -56.6186 over 43 frames.
LOG (gmm-acc-mllt[5.2.132~9-82686]:main():gmm-acc-mllt.cc:114) Avg like per frame so far is -56.313
LOG (gmm-acc-mllt[5.2.132~9-82686]:main():gmm-acc-mllt.cc:108) Average like for this file is -62.1276 over 41 frames.
LOG (gmm-acc-mllt[5.2.132~9-82686]:main():gmm-acc-mllt.cc:108) Average like for this file is -62.6642 over 53 frames.
LOG (gmm-acc-mllt[5.2.132~9-82686]:main():gmm-acc-mllt.cc:108) Average like for this file is -57.2141 over 37 frames.
LOG (gmm-acc-mllt[5.2.132~9-82686]:main():gmm-acc-mllt.cc:108) Average like for this file is -51.6034 over 50 frames.
LOG (gmm-acc-mllt[5.2.132~9-82686]:main():gmm-acc-mllt.cc:108) Average like for this file is -51.5555 over 47 frames.
LOG (gmm-acc-mllt[5.2.132~9-82686]:main():gmm-acc-mllt.cc:108) Average like for this file is -52.6512 over 53 frames.
LOG (gmm-acc-mllt[5.2.132~9-82686]:main():gmm-acc-mllt.cc:108) Average like for this file is -52.9088 over 51 frames.
LOG (gmm-acc-mllt[5.2.132~9-82686]:main():gmm-acc-mllt.cc:108) Average like for this file is -55.606 over 31 frames.
LOG (gmm-acc-mllt[5.2.132~9-82686]:main():gmm-acc-mllt.cc:108) Average like for this file is -60.3477 over 26 frames.
LOG (gmm-acc-mllt[5.2.132~9-82686]:main():gmm-acc-mllt.cc:108) Average like for this file is -56.8523 over 43 frames.
LOG (gmm-acc-mllt[5.2.132~9-82686]:main():gmm-acc-mllt.cc:114) Avg like per frame so far is -56.3062
LOG (gmm-acc-mllt[5.2.132~9-82686]:main():gmm-acc-mllt.cc:108) Average like for this file is -65.7517 over 21 frames.
LOG (gmm-acc-mllt[5.2.132~9-82686]:main():gmm-acc-mllt.cc:108) Average like for this file is -60.9556 over 25 frames.
LOG (gmm-acc-mllt[5.2.132~9-82686]:main():gmm-acc-mllt.cc:108) Average like for this file is -58.4607 over 24 frames.
LOG (gmm-acc-mllt[5.2.132~9-82686]:main():gmm-acc-mllt.cc:108) Average like for this file is -62.204 over 20 frames.
LOG (apply-cmvn[5.2.132~9-82686]:main():apply-cmvn.cc:162) Applied cepstral mean normalization to 548 utterances, errors on 0
LOG (gmm-acc-mllt[5.2.132~9-82686]:main():gmm-acc-mllt.cc:108) Average like for this file is -56.3281 over 25 frames.
LOG (gmm-acc-mllt[5.2.132~9-82686]:main():gmm-acc-mllt.cc:108) Average like for this file is -57.4625 over 22 frames.
LOG (gmm-acc-mllt[5.2.132~9-82686]:main():gmm-acc-mllt.cc:108) Average like for this file is -57.1499 over 28 frames.
LOG (gmm-acc-mllt[5.2.132~9-82686]:main():gmm-acc-mllt.cc:108) Average like for this file is -55.7919 over 32 frames.
LOG (gmm-acc-mllt[5.2.132~9-82686]:main():gmm-acc-mllt.cc:108) Average like for this file is -52.3616 over 37 frames.
LOG (gmm-acc-mllt[5.2.132~9-82686]:main():gmm-acc-mllt.cc:108) Average like for this file is -59.7908 over 32 frames.
LOG (gmm-acc-mllt[5.2.132~9-82686]:main():gmm-acc-mllt.cc:114) Avg like per frame so far is -56.335
LOG (gmm-acc-mllt[5.2.132~9-82686]:main():gmm-acc-mllt.cc:108) Average like for this file is -57.271 over 37 frames.
LOG (gmm-acc-mllt[5.2.132~9-82686]:main():gmm-acc-mllt.cc:108) Average like for this file is -58.6878 over 36 frames.
LOG (gmm-acc-mllt[5.2.132~9-82686]:main():gmm-acc-mllt.cc:108) Average like for this file is -55.1397 over 29 frames.
LOG (gmm-acc-mllt[5.2.132~9-82686]:main():gmm-acc-mllt.cc:108) Average like for this file is -54.4308 over 38 frames.
LOG (gmm-acc-mllt[5.2.132~9-82686]:main():gmm-acc-mllt.cc:108) Average like for this file is -59.2429 over 49 frames.
LOG (gmm-acc-mllt[5.2.132~9-82686]:main():gmm-acc-mllt.cc:108) Average like for this file is -60.7175 over 29 frames.
LOG (gmm-acc-mllt[5.2.132~9-82686]:main():gmm-acc-mllt.cc:108) Average like for this file is -55.8579 over 21 frames.
LOG (gmm-acc-mllt[5.2.132~9-82686]:main():gmm-acc-mllt.cc:108) Average like for this file is -62.1525 over 17 frames.
LOG (gmm-acc-mllt[5.2.132~9-82686]:main():gmm-acc-mllt.cc:108) Average like for this file is -63.5086 over 25 frames.
LOG (gmm-acc-mllt[5.2.132~9-82686]:main():gmm-acc-mllt.cc:108) Average like for this file is -57.246 over 19 frames.
LOG (gmm-acc-mllt[5.2.132~9-82686]:main():gmm-acc-mllt.cc:114) Avg like per frame so far is -56.3683
LOG (gmm-acc-mllt[5.2.132~9-82686]:main():gmm-acc-mllt.cc:108) Average like for this file is -62.0637 over 17 frames.
LOG (gmm-acc-mllt[5.2.132~9-82686]:main():gmm-acc-mllt.cc:108) Average like for this file is -63.9656 over 22 frames.
LOG (gmm-acc-mllt[5.2.132~9-82686]:main():gmm-acc-mllt.cc:108) Average like for this file is -59.3655 over 42 frames.
LOG (gmm-acc-mllt[5.2.132~9-82686]:main():gmm-acc-mllt.cc:108) Average like for this file is -60.2537 over 54 frames.
LOG (gmm-acc-mllt[5.2.132~9-82686]:main():gmm-acc-mllt.cc:108) Average like for this file is -54.6168 over 64 frames.
LOG (gmm-acc-mllt[5.2.132~9-82686]:main():gmm-acc-mllt.cc:108) Average like for this file is -61.9629 over 37 frames.
LOG (gmm-acc-mllt[5.2.132~9-82686]:main():gmm-acc-mllt.cc:108) Average like for this file is -60.255 over 32 frames.
LOG (gmm-acc-mllt[5.2.132~9-82686]:main():gmm-acc-mllt.cc:108) Average like for this file is -60.0085 over 47 frames.
LOG (gmm-acc-mllt[5.2.132~9-82686]:main():gmm-acc-mllt.cc:108) Average like for this file is -60.0223 over 27 frames.
LOG (gmm-acc-mllt[5.2.132~9-82686]:main():gmm-acc-mllt.cc:108) Average like for this file is -61.04 over 31 frames.
LOG (gmm-acc-mllt[5.2.132~9-82686]:main():gmm-acc-mllt.cc:114) Avg like per frame so far is -56.439
LOG (gmm-acc-mllt[5.2.132~9-82686]:main():gmm-acc-mllt.cc:108) Average like for this file is -58.25 over 33 frames.
LOG (gmm-acc-mllt[5.2.132~9-82686]:main():gmm-acc-mllt.cc:108) Average like for this file is -54.0781 over 40 frames.
LOG (gmm-acc-mllt[5.2.132~9-82686]:main():gmm-acc-mllt.cc:108) Average like for this file is -58.839 over 29 frames.
LOG (gmm-acc-mllt[5.2.132~9-82686]:main():gmm-acc-mllt.cc:108) Average like for this file is -60.7847 over 36 frames.
LOG (gmm-acc-mllt[5.2.132~9-82686]:main():gmm-acc-mllt.cc:108) Average like for this file is -54.9055 over 38 frames.
LOG (gmm-acc-mllt[5.2.132~9-82686]:main():gmm-acc-mllt.cc:108) Average like for this file is -57.0954 over 32 frames.
LOG (gmm-acc-mllt[5.2.132~9-82686]:main():gmm-acc-mllt.cc:108) Average like for this file is -56.7697 over 32 frames.
LOG (gmm-acc-mllt[5.2.132~9-82686]:main():gmm-acc-mllt.cc:108) Average like for this file is -50.6087 over 25 frames.
LOG (gmm-acc-mllt[5.2.132~9-82686]:main():gmm-acc-mllt.cc:108) Average like for this file is -53.3275 over 21 frames.
LOG (gmm-acc-mllt[5.2.132~9-82686]:main():gmm-acc-mllt.cc:108) Average like for this file is -59.6509 over 33 frames.
LOG (gmm-acc-mllt[5.2.132~9-82686]:main():gmm-acc-mllt.cc:114) Avg like per frame so far is -56.4424
LOG (gmm-acc-mllt[5.2.132~9-82686]:main():gmm-acc-mllt.cc:108) Average like for this file is -56.804 over 30 frames.
LOG (gmm-acc-mllt[5.2.132~9-82686]:main():gmm-acc-mllt.cc:108) Average like for this file is -53.4878 over 30 frames.
LOG (gmm-acc-mllt[5.2.132~9-82686]:main():gmm-acc-mllt.cc:108) Average like for this file is -53.3705 over 39 frames.
LOG (gmm-acc-mllt[5.2.132~9-82686]:main():gmm-acc-mllt.cc:108) Average like for this file is -54.6702 over 32 frames.
LOG (gmm-acc-mllt[5.2.132~9-82686]:main():gmm-acc-mllt.cc:108) Average like for this file is -53.6489 over 45 frames.
LOG (gmm-acc-mllt[5.2.132~9-82686]:main():gmm-acc-mllt.cc:108) Average like for this file is -55.1515 over 31 frames.
LOG (transform-feats[5.2.132~9-82686]:main():transform-feats.cc:158) Overall average [pseudo-]logdet is -87.1945 over 19361 frames.
LOG (transform-feats[5.2.132~9-82686]:main():transform-feats.cc:161) Applied transform to 548 utterances; 0 had errors.
LOG (gmm-acc-mllt[5.2.132~9-82686]:main():gmm-acc-mllt.cc:108) Average like for this file is -52.8948 over 44 frames.
LOG (gmm-acc-mllt[5.2.132~9-82686]:main():gmm-acc-mllt.cc:108) Average like for this file is -54.6118 over 21 frames.
LOG (gmm-acc-mllt[5.2.132~9-82686]:main():gmm-acc-mllt.cc:108) Average like for this file is -45.5165 over 35 frames.
LOG (gmm-acc-mllt[5.2.132~9-82686]:main():gmm-acc-mllt.cc:108) Average like for this file is -43.3001 over 24 frames.
LOG (gmm-acc-mllt[5.2.132~9-82686]:main():gmm-acc-mllt.cc:114) Avg like per frame so far is -56.3698
LOG (gmm-acc-mllt[5.2.132~9-82686]:main():gmm-acc-mllt.cc:108) Average like for this file is -53.5457 over 17 frames.
LOG (gmm-acc-mllt[5.2.132~9-82686]:main():gmm-acc-mllt.cc:108) Average like for this file is -51.6415 over 25 frames.
LOG (gmm-acc-mllt[5.2.132~9-82686]:main():gmm-acc-mllt.cc:108) Average like for this file is -51.8455 over 23 frames.
LOG (gmm-acc-mllt[5.2.132~9-82686]:main():gmm-acc-mllt.cc:108) Average like for this file is -51.2402 over 38 frames.
LOG (gmm-acc-mllt[5.2.132~9-82686]:main():gmm-acc-mllt.cc:108) Average like for this file is -48.9165 over 42 frames.
LOG (gmm-acc-mllt[5.2.132~9-82686]:main():gmm-acc-mllt.cc:108) Average like for this file is -48.6182 over 28 frames.
LOG (gmm-acc-mllt[5.2.132~9-82686]:main():gmm-acc-mllt.cc:108) Average like for this file is -48.7968 over 29 frames.
LOG (gmm-acc-mllt[5.2.132~9-82686]:main():gmm-acc-mllt.cc:108) Average like for this file is -47.0855 over 28 frames.
LOG (gmm-acc-mllt[5.2.132~9-82686]:main():gmm-acc-mllt.cc:119) Done 548 files, 0 with no posteriors, 0 with other errors.
LOG (gmm-acc-mllt[5.2.132~9-82686]:main():gmm-acc-mllt.cc:123) Overall avg like per frame (Gaussian only) = -56.2893 over 18316 frames.
LOG (gmm-acc-mllt[5.2.132~9-82686]:main():gmm-acc-mllt.cc:127) Written accs.
# Accounting: time=1 threads=1
# Ended (code 0) at Thu Nov  9 13:50:17 NZDT 2017, elapsed time 1 seconds
