# ali-to-post "ark:gunzip -c exp/tri3b/ali.2.gz|" ark:- | gmm-acc-stats-twofeats exp/tri3b/35.mdl "ark,s,cs:apply-cmvn  --utt2spk=ark:data/train/split4/2/utt2spk scp:data/train/split4/2/cmvn.scp scp:data/train/split4/2/feats.scp ark:- | splice-feats --left-context=3 --right-context=3 ark:- ark:- | transform-feats exp/tri2b_ali/final.mat ark:- ark:- | transform-feats --utt2spk=ark:data/train/split4/2/utt2spk ark:exp/tri3b/trans.2 ark:- ark:- |" "ark,s,cs:apply-cmvn  --utt2spk=ark:data/train/split4/2/utt2spk scp:data/train/split4/2/cmvn.scp scp:data/train/split4/2/feats.scp ark:- | splice-feats --left-context=3 --right-context=3 ark:- ark:- | transform-feats exp/tri2b_ali/final.mat ark:- ark:- |" ark,s,cs:- exp/tri3b/35.2.acc 
# Started at Thu Nov  9 13:52:38 NZDT 2017
#
gmm-acc-stats-twofeats exp/tri3b/35.mdl 'ark,s,cs:apply-cmvn  --utt2spk=ark:data/train/split4/2/utt2spk scp:data/train/split4/2/cmvn.scp scp:data/train/split4/2/feats.scp ark:- | splice-feats --left-context=3 --right-context=3 ark:- ark:- | transform-feats exp/tri2b_ali/final.mat ark:- ark:- | transform-feats --utt2spk=ark:data/train/split4/2/utt2spk ark:exp/tri3b/trans.2 ark:- ark:- |' 'ark,s,cs:apply-cmvn  --utt2spk=ark:data/train/split4/2/utt2spk scp:data/train/split4/2/cmvn.scp scp:data/train/split4/2/feats.scp ark:- | splice-feats --left-context=3 --right-context=3 ark:- ark:- | transform-feats exp/tri2b_ali/final.mat ark:- ark:- |' ark,s,cs:- exp/tri3b/35.2.acc 
ali-to-post 'ark:gunzip -c exp/tri3b/ali.2.gz|' ark:- 
splice-feats --left-context=3 --right-context=3 ark:- ark:- 
transform-feats exp/tri2b_ali/final.mat ark:- ark:- 
transform-feats --utt2spk=ark:data/train/split4/2/utt2spk ark:exp/tri3b/trans.2 ark:- ark:- 
apply-cmvn --utt2spk=ark:data/train/split4/2/utt2spk scp:data/train/split4/2/cmvn.scp scp:data/train/split4/2/feats.scp ark:- 
splice-feats --left-context=3 --right-context=3 ark:- ark:- 
apply-cmvn --utt2spk=ark:data/train/split4/2/utt2spk scp:data/train/split4/2/cmvn.scp scp:data/train/split4/2/feats.scp ark:- 
transform-feats exp/tri2b_ali/final.mat ark:- ark:- 
LOG (gmm-acc-stats-twofeats[5.2.132~9-82686]:main():gmm-acc-stats-twofeats.cc:140) Average like for this file is -51.7857 over 38 frames.
LOG (gmm-acc-stats-twofeats[5.2.132~9-82686]:main():gmm-acc-stats-twofeats.cc:140) Average like for this file is -49.8174 over 52 frames.
LOG (gmm-acc-stats-twofeats[5.2.132~9-82686]:main():gmm-acc-stats-twofeats.cc:140) Average like for this file is -49.1589 over 32 frames.
LOG (gmm-acc-stats-twofeats[5.2.132~9-82686]:main():gmm-acc-stats-twofeats.cc:140) Average like for this file is -52.0145 over 30 frames.
LOG (gmm-acc-stats-twofeats[5.2.132~9-82686]:main():gmm-acc-stats-twofeats.cc:140) Average like for this file is -46.062 over 38 frames.
LOG (gmm-acc-stats-twofeats[5.2.132~9-82686]:main():gmm-acc-stats-twofeats.cc:140) Average like for this file is -49.2359 over 31 frames.
LOG (gmm-acc-stats-twofeats[5.2.132~9-82686]:main():gmm-acc-stats-twofeats.cc:140) Average like for this file is -40.5928 over 38 frames.
LOG (gmm-acc-stats-twofeats[5.2.132~9-82686]:main():gmm-acc-stats-twofeats.cc:140) Average like for this file is -47.4064 over 40 frames.
LOG (gmm-acc-stats-twofeats[5.2.132~9-82686]:main():gmm-acc-stats-twofeats.cc:140) Average like for this file is -49.5518 over 39 frames.
LOG (gmm-acc-stats-twofeats[5.2.132~9-82686]:main():gmm-acc-stats-twofeats.cc:140) Average like for this file is -42.7071 over 51 frames.
LOG (gmm-acc-stats-twofeats[5.2.132~9-82686]:main():gmm-acc-stats-twofeats.cc:146) Avg like per frame so far is -47.6039
LOG (gmm-acc-stats-twofeats[5.2.132~9-82686]:main():gmm-acc-stats-twofeats.cc:140) Average like for this file is -44.1015 over 43 frames.
LOG (gmm-acc-stats-twofeats[5.2.132~9-82686]:main():gmm-acc-stats-twofeats.cc:140) Average like for this file is -45.3275 over 42 frames.
LOG (gmm-acc-stats-twofeats[5.2.132~9-82686]:main():gmm-acc-stats-twofeats.cc:140) Average like for this file is -49.2538 over 42 frames.
LOG (gmm-acc-stats-twofeats[5.2.132~9-82686]:main():gmm-acc-stats-twofeats.cc:140) Average like for this file is -46.1769 over 41 frames.
LOG (gmm-acc-stats-twofeats[5.2.132~9-82686]:main():gmm-acc-stats-twofeats.cc:140) Average like for this file is -47.2738 over 37 frames.
LOG (gmm-acc-stats-twofeats[5.2.132~9-82686]:main():gmm-acc-stats-twofeats.cc:140) Average like for this file is -45.1599 over 46 frames.
LOG (gmm-acc-stats-twofeats[5.2.132~9-82686]:main():gmm-acc-stats-twofeats.cc:140) Average like for this file is -51.4217 over 35 frames.
LOG (gmm-acc-stats-twofeats[5.2.132~9-82686]:main():gmm-acc-stats-twofeats.cc:140) Average like for this file is -47.0695 over 63 frames.
LOG (gmm-acc-stats-twofeats[5.2.132~9-82686]:main():gmm-acc-stats-twofeats.cc:140) Average like for this file is -39.1942 over 64 frames.
LOG (gmm-acc-stats-twofeats[5.2.132~9-82686]:main():gmm-acc-stats-twofeats.cc:140) Average like for this file is -47.6959 over 71 frames.
LOG (gmm-acc-stats-twofeats[5.2.132~9-82686]:main():gmm-acc-stats-twofeats.cc:146) Avg like per frame so far is -46.6969
LOG (gmm-acc-stats-twofeats[5.2.132~9-82686]:main():gmm-acc-stats-twofeats.cc:140) Average like for this file is -53.4883 over 75 frames.
LOG (gmm-acc-stats-twofeats[5.2.132~9-82686]:main():gmm-acc-stats-twofeats.cc:140) Average like for this file is -49.3473 over 67 frames.
LOG (gmm-acc-stats-twofeats[5.2.132~9-82686]:main():gmm-acc-stats-twofeats.cc:140) Average like for this file is -35.3742 over 66 frames.
LOG (gmm-acc-stats-twofeats[5.2.132~9-82686]:main():gmm-acc-stats-twofeats.cc:140) Average like for this file is -45.6445 over 56 frames.
LOG (gmm-acc-stats-twofeats[5.2.132~9-82686]:main():gmm-acc-stats-twofeats.cc:140) Average like for this file is -47.3771 over 28 frames.
LOG (gmm-acc-stats-twofeats[5.2.132~9-82686]:main():gmm-acc-stats-twofeats.cc:140) Average like for this file is -40.2095 over 26 frames.
LOG (gmm-acc-stats-twofeats[5.2.132~9-82686]:main():gmm-acc-stats-twofeats.cc:140) Average like for this file is -54.0123 over 52 frames.
LOG (gmm-acc-stats-twofeats[5.2.132~9-82686]:main():gmm-acc-stats-twofeats.cc:140) Average like for this file is -49.7116 over 65 frames.
LOG (gmm-acc-stats-twofeats[5.2.132~9-82686]:main():gmm-acc-stats-twofeats.cc:140) Average like for this file is -53.1116 over 79 frames.
LOG (gmm-acc-stats-twofeats[5.2.132~9-82686]:main():gmm-acc-stats-twofeats.cc:140) Average like for this file is -38.4799 over 61 frames.
LOG (gmm-acc-stats-twofeats[5.2.132~9-82686]:main():gmm-acc-stats-twofeats.cc:146) Avg like per frame so far is -46.913
LOG (gmm-acc-stats-twofeats[5.2.132~9-82686]:main():gmm-acc-stats-twofeats.cc:140) Average like for this file is -64.1545 over 29 frames.
LOG (gmm-acc-stats-twofeats[5.2.132~9-82686]:main():gmm-acc-stats-twofeats.cc:140) Average like for this file is -56.4947 over 32 frames.
LOG (gmm-acc-stats-twofeats[5.2.132~9-82686]:main():gmm-acc-stats-twofeats.cc:140) Average like for this file is -58.3625 over 54 frames.
LOG (gmm-acc-stats-twofeats[5.2.132~9-82686]:main():gmm-acc-stats-twofeats.cc:140) Average like for this file is -55.9686 over 59 frames.
LOG (gmm-acc-stats-twofeats[5.2.132~9-82686]:main():gmm-acc-stats-twofeats.cc:140) Average like for this file is -56.0211 over 33 frames.
LOG (gmm-acc-stats-twofeats[5.2.132~9-82686]:main():gmm-acc-stats-twofeats.cc:140) Average like for this file is -53.9053 over 34 frames.
LOG (gmm-acc-stats-twofeats[5.2.132~9-82686]:main():gmm-acc-stats-twofeats.cc:140) Average like for this file is -49.4168 over 36 frames.
LOG (gmm-acc-stats-twofeats[5.2.132~9-82686]:main():gmm-acc-stats-twofeats.cc:140) Average like for this file is -46.7215 over 39 frames.
LOG (gmm-acc-stats-twofeats[5.2.132~9-82686]:main():gmm-acc-stats-twofeats.cc:140) Average like for this file is -44.7845 over 46 frames.
LOG (gmm-acc-stats-twofeats[5.2.132~9-82686]:main():gmm-acc-stats-twofeats.cc:140) Average like for this file is -47.0786 over 40 frames.
LOG (gmm-acc-stats-twofeats[5.2.132~9-82686]:main():gmm-acc-stats-twofeats.cc:146) Avg like per frame so far is -48.2584
LOG (gmm-acc-stats-twofeats[5.2.132~9-82686]:main():gmm-acc-stats-twofeats.cc:140) Average like for this file is -42.9317 over 41 frames.
LOG (gmm-acc-stats-twofeats[5.2.132~9-82686]:main():gmm-acc-stats-twofeats.cc:140) Average like for this file is -50.15 over 33 frames.
LOG (gmm-acc-stats-twofeats[5.2.132~9-82686]:main():gmm-acc-stats-twofeats.cc:140) Average like for this file is -47.5504 over 47 frames.
LOG (gmm-acc-stats-twofeats[5.2.132~9-82686]:main():gmm-acc-stats-twofeats.cc:140) Average like for this file is -49.0458 over 33 frames.
LOG (gmm-acc-stats-twofeats[5.2.132~9-82686]:main():gmm-acc-stats-twofeats.cc:140) Average like for this file is -51.9284 over 50 frames.
LOG (gmm-acc-stats-twofeats[5.2.132~9-82686]:main():gmm-acc-stats-twofeats.cc:140) Average like for this file is -38.3469 over 62 frames.
LOG (gmm-acc-stats-twofeats[5.2.132~9-82686]:main():gmm-acc-stats-twofeats.cc:140) Average like for this file is -40.6598 over 60 frames.
LOG (gmm-acc-stats-twofeats[5.2.132~9-82686]:main():gmm-acc-stats-twofeats.cc:140) Average like for this file is -50.9156 over 42 frames.
LOG (gmm-acc-stats-twofeats[5.2.132~9-82686]:main():gmm-acc-stats-twofeats.cc:140) Average like for this file is -54.4879 over 30 frames.
LOG (gmm-acc-stats-twofeats[5.2.132~9-82686]:main():gmm-acc-stats-twofeats.cc:140) Average like for this file is -51.9178 over 48 frames.
LOG (gmm-acc-stats-twofeats[5.2.132~9-82686]:main():gmm-acc-stats-twofeats.cc:146) Avg like per frame so far is -48.0075
LOG (gmm-acc-stats-twofeats[5.2.132~9-82686]:main():gmm-acc-stats-twofeats.cc:140) Average like for this file is -55.3632 over 35 frames.
LOG (gmm-acc-stats-twofeats[5.2.132~9-82686]:main():gmm-acc-stats-twofeats.cc:140) Average like for this file is -49.7753 over 53 frames.
LOG (gmm-acc-stats-twofeats[5.2.132~9-82686]:main():gmm-acc-stats-twofeats.cc:140) Average like for this file is -53.9751 over 36 frames.
LOG (gmm-acc-stats-twofeats[5.2.132~9-82686]:main():gmm-acc-stats-twofeats.cc:140) Average like for this file is -44.1273 over 72 frames.
LOG (gmm-acc-stats-twofeats[5.2.132~9-82686]:main():gmm-acc-stats-twofeats.cc:140) Average like for this file is -47.9125 over 28 frames.
LOG (gmm-acc-stats-twofeats[5.2.132~9-82686]:main():gmm-acc-stats-twofeats.cc:140) Average like for this file is -47.7598 over 35 frames.
LOG (gmm-acc-stats-twofeats[5.2.132~9-82686]:main():gmm-acc-stats-twofeats.cc:140) Average like for this file is -44.7929 over 30 frames.
LOG (gmm-acc-stats-twofeats[5.2.132~9-82686]:main():gmm-acc-stats-twofeats.cc:140) Average like for this file is -49.6358 over 54 frames.
LOG (gmm-acc-stats-twofeats[5.2.132~9-82686]:main():gmm-acc-stats-twofeats.cc:140) Average like for this file is -49.389 over 76 frames.
LOG (gmm-acc-stats-twofeats[5.2.132~9-82686]:main():gmm-acc-stats-twofeats.cc:140) Average like for this file is -44.903 over 62 frames.
LOG (gmm-acc-stats-twofeats[5.2.132~9-82686]:main():gmm-acc-stats-twofeats.cc:146) Avg like per frame so far is -48.072
LOG (gmm-acc-stats-twofeats[5.2.132~9-82686]:main():gmm-acc-stats-twofeats.cc:140) Average like for this file is -50.6242 over 35 frames.
LOG (gmm-acc-stats-twofeats[5.2.132~9-82686]:main():gmm-acc-stats-twofeats.cc:140) Average like for this file is -44.471 over 35 frames.
LOG (gmm-acc-stats-twofeats[5.2.132~9-82686]:main():gmm-acc-stats-twofeats.cc:140) Average like for this file is -44.8398 over 33 frames.
LOG (gmm-acc-stats-twofeats[5.2.132~9-82686]:main():gmm-acc-stats-twofeats.cc:140) Average like for this file is -47.4269 over 33 frames.
LOG (gmm-acc-stats-twofeats[5.2.132~9-82686]:main():gmm-acc-stats-twofeats.cc:140) Average like for this file is -46.0314 over 56 frames.
LOG (gmm-acc-stats-twofeats[5.2.132~9-82686]:main():gmm-acc-stats-twofeats.cc:140) Average like for this file is -52.9372 over 31 frames.
LOG (gmm-acc-stats-twofeats[5.2.132~9-82686]:main():gmm-acc-stats-twofeats.cc:140) Average like for this file is -51.943 over 47 frames.
LOG (gmm-acc-stats-twofeats[5.2.132~9-82686]:main():gmm-acc-stats-twofeats.cc:140) Average like for this file is -46.6065 over 36 frames.
LOG (gmm-acc-stats-twofeats[5.2.132~9-82686]:main():gmm-acc-stats-twofeats.cc:140) Average like for this file is -46.7193 over 29 frames.
LOG (gmm-acc-stats-twofeats[5.2.132~9-82686]:main():gmm-acc-stats-twofeats.cc:140) Average like for this file is -52.6558 over 52 frames.
LOG (gmm-acc-stats-twofeats[5.2.132~9-82686]:main():gmm-acc-stats-twofeats.cc:146) Avg like per frame so far is -48.1353
LOG (gmm-acc-stats-twofeats[5.2.132~9-82686]:main():gmm-acc-stats-twofeats.cc:140) Average like for this file is -51.4458 over 70 frames.
LOG (gmm-acc-stats-twofeats[5.2.132~9-82686]:main():gmm-acc-stats-twofeats.cc:140) Average like for this file is -53.0034 over 47 frames.
LOG (gmm-acc-stats-twofeats[5.2.132~9-82686]:main():gmm-acc-stats-twofeats.cc:140) Average like for this file is -48.6937 over 85 frames.
LOG (gmm-acc-stats-twofeats[5.2.132~9-82686]:main():gmm-acc-stats-twofeats.cc:140) Average like for this file is -45.3685 over 94 frames.
LOG (gmm-acc-stats-twofeats[5.2.132~9-82686]:main():gmm-acc-stats-twofeats.cc:140) Average like for this file is -48.4031 over 84 frames.
LOG (gmm-acc-stats-twofeats[5.2.132~9-82686]:main():gmm-acc-stats-twofeats.cc:140) Average like for this file is -45.1547 over 42 frames.
LOG (gmm-acc-stats-twofeats[5.2.132~9-82686]:main():gmm-acc-stats-twofeats.cc:140) Average like for this file is -44.6266 over 46 frames.
LOG (gmm-acc-stats-twofeats[5.2.132~9-82686]:main():gmm-acc-stats-twofeats.cc:140) Average like for this file is -49.9321 over 50 frames.
LOG (gmm-acc-stats-twofeats[5.2.132~9-82686]:main():gmm-acc-stats-twofeats.cc:140) Average like for this file is -43.6178 over 47 frames.
LOG (gmm-acc-stats-twofeats[5.2.132~9-82686]:main():gmm-acc-stats-twofeats.cc:140) Average like for this file is -43.2524 over 56 frames.
LOG (gmm-acc-stats-twofeats[5.2.132~9-82686]:main():gmm-acc-stats-twofeats.cc:146) Avg like per frame so far is -48.0264
LOG (gmm-acc-stats-twofeats[5.2.132~9-82686]:main():gmm-acc-stats-twofeats.cc:140) Average like for this file is -56.0095 over 29 frames.
LOG (gmm-acc-stats-twofeats[5.2.132~9-82686]:main():gmm-acc-stats-twofeats.cc:140) Average like for this file is -50.5056 over 18 frames.
LOG (gmm-acc-stats-twofeats[5.2.132~9-82686]:main():gmm-acc-stats-twofeats.cc:140) Average like for this file is -45.276 over 50 frames.
LOG (gmm-acc-stats-twofeats[5.2.132~9-82686]:main():gmm-acc-stats-twofeats.cc:140) Average like for this file is -45.5181 over 23 frames.
LOG (gmm-acc-stats-twofeats[5.2.132~9-82686]:main():gmm-acc-stats-twofeats.cc:140) Average like for this file is -49.7273 over 24 frames.
LOG (gmm-acc-stats-twofeats[5.2.132~9-82686]:main():gmm-acc-stats-twofeats.cc:140) Average like for this file is -44.1346 over 27 frames.
LOG (gmm-acc-stats-twofeats[5.2.132~9-82686]:main():gmm-acc-stats-twofeats.cc:140) Average like for this file is -42.7503 over 48 frames.
LOG (gmm-acc-stats-twofeats[5.2.132~9-82686]:main():gmm-acc-stats-twofeats.cc:140) Average like for this file is -51.1394 over 41 frames.
LOG (gmm-acc-stats-twofeats[5.2.132~9-82686]:main():gmm-acc-stats-twofeats.cc:140) Average like for this file is -52.8754 over 48 frames.
LOG (gmm-acc-stats-twofeats[5.2.132~9-82686]:main():gmm-acc-stats-twofeats.cc:140) Average like for this file is -56.3842 over 55 frames.
LOG (gmm-acc-stats-twofeats[5.2.132~9-82686]:main():gmm-acc-stats-twofeats.cc:146) Avg like per frame so far is -48.1671
LOG (gmm-acc-stats-twofeats[5.2.132~9-82686]:main():gmm-acc-stats-twofeats.cc:140) Average like for this file is -50.6904 over 51 frames.
LOG (gmm-acc-stats-twofeats[5.2.132~9-82686]:main():gmm-acc-stats-twofeats.cc:140) Average like for this file is -53.8013 over 41 frames.
LOG (gmm-acc-stats-twofeats[5.2.132~9-82686]:main():gmm-acc-stats-twofeats.cc:140) Average like for this file is -47.5388 over 21 frames.
LOG (gmm-acc-stats-twofeats[5.2.132~9-82686]:main():gmm-acc-stats-twofeats.cc:140) Average like for this file is -55.5623 over 27 frames.
LOG (gmm-acc-stats-twofeats[5.2.132~9-82686]:main():gmm-acc-stats-twofeats.cc:140) Average like for this file is -47.8354 over 46 frames.
LOG (gmm-acc-stats-twofeats[5.2.132~9-82686]:main():gmm-acc-stats-twofeats.cc:140) Average like for this file is -50.5199 over 28 frames.
LOG (gmm-acc-stats-twofeats[5.2.132~9-82686]:main():gmm-acc-stats-twofeats.cc:140) Average like for this file is -52.9067 over 68 frames.
LOG (gmm-acc-stats-twofeats[5.2.132~9-82686]:main():gmm-acc-stats-twofeats.cc:140) Average like for this file is -44.7964 over 50 frames.
LOG (gmm-acc-stats-twofeats[5.2.132~9-82686]:main():gmm-acc-stats-twofeats.cc:140) Average like for this file is -45.9488 over 69 frames.
LOG (gmm-acc-stats-twofeats[5.2.132~9-82686]:main():gmm-acc-stats-twofeats.cc:140) Average like for this file is -43.1863 over 71 frames.
LOG (gmm-acc-stats-twofeats[5.2.132~9-82686]:main():gmm-acc-stats-twofeats.cc:146) Avg like per frame so far is -48.2199
LOG (gmm-acc-stats-twofeats[5.2.132~9-82686]:main():gmm-acc-stats-twofeats.cc:140) Average like for this file is -49.8963 over 68 frames.
LOG (gmm-acc-stats-twofeats[5.2.132~9-82686]:main():gmm-acc-stats-twofeats.cc:140) Average like for this file is -56.6594 over 48 frames.
LOG (gmm-acc-stats-twofeats[5.2.132~9-82686]:main():gmm-acc-stats-twofeats.cc:140) Average like for this file is -47.0352 over 62 frames.
LOG (gmm-acc-stats-twofeats[5.2.132~9-82686]:main():gmm-acc-stats-twofeats.cc:140) Average like for this file is -41.8141 over 34 frames.
LOG (gmm-acc-stats-twofeats[5.2.132~9-82686]:main():gmm-acc-stats-twofeats.cc:140) Average like for this file is -45.4065 over 68 frames.
LOG (gmm-acc-stats-twofeats[5.2.132~9-82686]:main():gmm-acc-stats-twofeats.cc:140) Average like for this file is -44.7179 over 52 frames.
LOG (gmm-acc-stats-twofeats[5.2.132~9-82686]:main():gmm-acc-stats-twofeats.cc:140) Average like for this file is -51.4436 over 67 frames.
LOG (gmm-acc-stats-twofeats[5.2.132~9-82686]:main():gmm-acc-stats-twofeats.cc:140) Average like for this file is -51.9069 over 27 frames.
LOG (gmm-acc-stats-twofeats[5.2.132~9-82686]:main():gmm-acc-stats-twofeats.cc:140) Average like for this file is -48.4748 over 26 frames.
LOG (gmm-acc-stats-twofeats[5.2.132~9-82686]:main():gmm-acc-stats-twofeats.cc:140) Average like for this file is -53.0098 over 28 frames.
LOG (gmm-acc-stats-twofeats[5.2.132~9-82686]:main():gmm-acc-stats-twofeats.cc:146) Avg like per frame so far is -48.2808
LOG (gmm-acc-stats-twofeats[5.2.132~9-82686]:main():gmm-acc-stats-twofeats.cc:140) Average like for this file is -48.1021 over 29 frames.
LOG (gmm-acc-stats-twofeats[5.2.132~9-82686]:main():gmm-acc-stats-twofeats.cc:140) Average like for this file is -44.3104 over 32 frames.
LOG (gmm-acc-stats-twofeats[5.2.132~9-82686]:main():gmm-acc-stats-twofeats.cc:140) Average like for this file is -44.4285 over 22 frames.
LOG (gmm-acc-stats-twofeats[5.2.132~9-82686]:main():gmm-acc-stats-twofeats.cc:140) Average like for this file is -33.5419 over 25 frames.
LOG (gmm-acc-stats-twofeats[5.2.132~9-82686]:main():gmm-acc-stats-twofeats.cc:140) Average like for this file is -48.9049 over 21 frames.
LOG (gmm-acc-stats-twofeats[5.2.132~9-82686]:main():gmm-acc-stats-twofeats.cc:140) Average like for this file is -41.9683 over 26 frames.
LOG (gmm-acc-stats-twofeats[5.2.132~9-82686]:main():gmm-acc-stats-twofeats.cc:140) Average like for this file is -43.7299 over 32 frames.
LOG (gmm-acc-stats-twofeats[5.2.132~9-82686]:main():gmm-acc-stats-twofeats.cc:140) Average like for this file is -45.4869 over 33 frames.
LOG (gmm-acc-stats-twofeats[5.2.132~9-82686]:main():gmm-acc-stats-twofeats.cc:140) Average like for this file is -43.9202 over 22 frames.
LOG (gmm-acc-stats-twofeats[5.2.132~9-82686]:main():gmm-acc-stats-twofeats.cc:140) Average like for this file is -42.2203 over 30 frames.
LOG (gmm-acc-stats-twofeats[5.2.132~9-82686]:main():gmm-acc-stats-twofeats.cc:146) Avg like per frame so far is -48.0477
LOG (gmm-acc-stats-twofeats[5.2.132~9-82686]:main():gmm-acc-stats-twofeats.cc:140) Average like for this file is -34.8748 over 50 frames.
LOG (gmm-acc-stats-twofeats[5.2.132~9-82686]:main():gmm-acc-stats-twofeats.cc:140) Average like for this file is -51.4885 over 54 frames.
LOG (gmm-acc-stats-twofeats[5.2.132~9-82686]:main():gmm-acc-stats-twofeats.cc:140) Average like for this file is -49.1431 over 44 frames.
LOG (gmm-acc-stats-twofeats[5.2.132~9-82686]:main():gmm-acc-stats-twofeats.cc:140) Average like for this file is -47.7772 over 26 frames.
LOG (gmm-acc-stats-twofeats[5.2.132~9-82686]:main():gmm-acc-stats-twofeats.cc:140) Average like for this file is -48.26 over 23 frames.
LOG (gmm-acc-stats-twofeats[5.2.132~9-82686]:main():gmm-acc-stats-twofeats.cc:140) Average like for this file is -45.7245 over 30 frames.
LOG (gmm-acc-stats-twofeats[5.2.132~9-82686]:main():gmm-acc-stats-twofeats.cc:140) Average like for this file is -42.932 over 50 frames.
LOG (gmm-acc-stats-twofeats[5.2.132~9-82686]:main():gmm-acc-stats-twofeats.cc:140) Average like for this file is -48.8995 over 31 frames.
LOG (gmm-acc-stats-twofeats[5.2.132~9-82686]:main():gmm-acc-stats-twofeats.cc:140) Average like for this file is -52.471 over 35 frames.
LOG (gmm-acc-stats-twofeats[5.2.132~9-82686]:main():gmm-acc-stats-twofeats.cc:140) Average like for this file is -44.5926 over 48 frames.
LOG (gmm-acc-stats-twofeats[5.2.132~9-82686]:main():gmm-acc-stats-twofeats.cc:146) Avg like per frame so far is -47.9199
LOG (gmm-acc-stats-twofeats[5.2.132~9-82686]:main():gmm-acc-stats-twofeats.cc:140) Average like for this file is -44.36 over 64 frames.
LOG (gmm-acc-stats-twofeats[5.2.132~9-82686]:main():gmm-acc-stats-twofeats.cc:140) Average like for this file is -44.3538 over 39 frames.
LOG (gmm-acc-stats-twofeats[5.2.132~9-82686]:main():gmm-acc-stats-twofeats.cc:140) Average like for this file is -49.2328 over 43 frames.
LOG (gmm-acc-stats-twofeats[5.2.132~9-82686]:main():gmm-acc-stats-twofeats.cc:140) Average like for this file is -45.3997 over 62 frames.
LOG (gmm-acc-stats-twofeats[5.2.132~9-82686]:main():gmm-acc-stats-twofeats.cc:140) Average like for this file is -38.1024 over 45 frames.
LOG (gmm-acc-stats-twofeats[5.2.132~9-82686]:main():gmm-acc-stats-twofeats.cc:140) Average like for this file is -51.7021 over 38 frames.
LOG (gmm-acc-stats-twofeats[5.2.132~9-82686]:main():gmm-acc-stats-twofeats.cc:140) Average like for this file is -50.7386 over 70 frames.
LOG (gmm-acc-stats-twofeats[5.2.132~9-82686]:main():gmm-acc-stats-twofeats.cc:140) Average like for this file is -43.4042 over 49 frames.
LOG (gmm-acc-stats-twofeats[5.2.132~9-82686]:main():gmm-acc-stats-twofeats.cc:140) Average like for this file is -32.3648 over 50 frames.
LOG (gmm-acc-stats-twofeats[5.2.132~9-82686]:main():gmm-acc-stats-twofeats.cc:140) Average like for this file is -43.9776 over 36 frames.
LOG (gmm-acc-stats-twofeats[5.2.132~9-82686]:main():gmm-acc-stats-twofeats.cc:146) Avg like per frame so far is -47.6469
LOG (gmm-acc-stats-twofeats[5.2.132~9-82686]:main():gmm-acc-stats-twofeats.cc:140) Average like for this file is -52.8369 over 63 frames.
LOG (gmm-acc-stats-twofeats[5.2.132~9-82686]:main():gmm-acc-stats-twofeats.cc:140) Average like for this file is -54.6527 over 33 frames.
LOG (gmm-acc-stats-twofeats[5.2.132~9-82686]:main():gmm-acc-stats-twofeats.cc:140) Average like for this file is -48.8131 over 34 frames.
LOG (gmm-acc-stats-twofeats[5.2.132~9-82686]:main():gmm-acc-stats-twofeats.cc:140) Average like for this file is -52.1951 over 34 frames.
LOG (gmm-acc-stats-twofeats[5.2.132~9-82686]:main():gmm-acc-stats-twofeats.cc:140) Average like for this file is -54.2053 over 27 frames.
LOG (gmm-acc-stats-twofeats[5.2.132~9-82686]:main():gmm-acc-stats-twofeats.cc:140) Average like for this file is -50.75 over 30 frames.
LOG (gmm-acc-stats-twofeats[5.2.132~9-82686]:main():gmm-acc-stats-twofeats.cc:140) Average like for this file is -55.0206 over 36 frames.
LOG (gmm-acc-stats-twofeats[5.2.132~9-82686]:main():gmm-acc-stats-twofeats.cc:140) Average like for this file is -50.2797 over 39 frames.
LOG (gmm-acc-stats-twofeats[5.2.132~9-82686]:main():gmm-acc-stats-twofeats.cc:140) Average like for this file is -48.3216 over 40 frames.
LOG (gmm-acc-stats-twofeats[5.2.132~9-82686]:main():gmm-acc-stats-twofeats.cc:140) Average like for this file is -55.2308 over 54 frames.
LOG (gmm-acc-stats-twofeats[5.2.132~9-82686]:main():gmm-acc-stats-twofeats.cc:146) Avg like per frame so far is -47.9217
LOG (gmm-acc-stats-twofeats[5.2.132~9-82686]:main():gmm-acc-stats-twofeats.cc:140) Average like for this file is -56.6404 over 52 frames.
LOG (gmm-acc-stats-twofeats[5.2.132~9-82686]:main():gmm-acc-stats-twofeats.cc:140) Average like for this file is -55.3423 over 59 frames.
LOG (gmm-acc-stats-twofeats[5.2.132~9-82686]:main():gmm-acc-stats-twofeats.cc:140) Average like for this file is -49.659 over 66 frames.
LOG (gmm-acc-stats-twofeats[5.2.132~9-82686]:main():gmm-acc-stats-twofeats.cc:140) Average like for this file is -49.7599 over 75 frames.
LOG (gmm-acc-stats-twofeats[5.2.132~9-82686]:main():gmm-acc-stats-twofeats.cc:140) Average like for this file is -38.1859 over 44 frames.
LOG (gmm-acc-stats-twofeats[5.2.132~9-82686]:main():gmm-acc-stats-twofeats.cc:140) Average like for this file is -44.4046 over 61 frames.
LOG (gmm-acc-stats-twofeats[5.2.132~9-82686]:main():gmm-acc-stats-twofeats.cc:140) Average like for this file is -50.8843 over 51 frames.
LOG (gmm-acc-stats-twofeats[5.2.132~9-82686]:main():gmm-acc-stats-twofeats.cc:140) Average like for this file is -44.8302 over 50 frames.
LOG (gmm-acc-stats-twofeats[5.2.132~9-82686]:main():gmm-acc-stats-twofeats.cc:140) Average like for this file is -30.3377 over 45 frames.
LOG (gmm-acc-stats-twofeats[5.2.132~9-82686]:main():gmm-acc-stats-twofeats.cc:140) Average like for this file is -50.8641 over 34 frames.
LOG (gmm-acc-stats-twofeats[5.2.132~9-82686]:main():gmm-acc-stats-twofeats.cc:146) Avg like per frame so far is -47.8947
LOG (gmm-acc-stats-twofeats[5.2.132~9-82686]:main():gmm-acc-stats-twofeats.cc:140) Average like for this file is -34.6765 over 58 frames.
LOG (gmm-acc-stats-twofeats[5.2.132~9-82686]:main():gmm-acc-stats-twofeats.cc:140) Average like for this file is -45.04 over 34 frames.
LOG (gmm-acc-stats-twofeats[5.2.132~9-82686]:main():gmm-acc-stats-twofeats.cc:140) Average like for this file is -44.4751 over 34 frames.
LOG (gmm-acc-stats-twofeats[5.2.132~9-82686]:main():gmm-acc-stats-twofeats.cc:140) Average like for this file is -45.1396 over 30 frames.
LOG (gmm-acc-stats-twofeats[5.2.132~9-82686]:main():gmm-acc-stats-twofeats.cc:140) Average like for this file is -41.7259 over 28 frames.
LOG (gmm-acc-stats-twofeats[5.2.132~9-82686]:main():gmm-acc-stats-twofeats.cc:140) Average like for this file is -44.5335 over 33 frames.
LOG (gmm-acc-stats-twofeats[5.2.132~9-82686]:main():gmm-acc-stats-twofeats.cc:140) Average like for this file is -41.6947 over 33 frames.
LOG (gmm-acc-stats-twofeats[5.2.132~9-82686]:main():gmm-acc-stats-twofeats.cc:140) Average like for this file is -49.0627 over 76 frames.
LOG (gmm-acc-stats-twofeats[5.2.132~9-82686]:main():gmm-acc-stats-twofeats.cc:140) Average like for this file is -47.0319 over 72 frames.
LOG (gmm-acc-stats-twofeats[5.2.132~9-82686]:main():gmm-acc-stats-twofeats.cc:140) Average like for this file is -39.8017 over 56 frames.
LOG (gmm-acc-stats-twofeats[5.2.132~9-82686]:main():gmm-acc-stats-twofeats.cc:146) Avg like per frame so far is -47.6359
LOG (gmm-acc-stats-twofeats[5.2.132~9-82686]:main():gmm-acc-stats-twofeats.cc:140) Average like for this file is -52.1815 over 47 frames.
LOG (gmm-acc-stats-twofeats[5.2.132~9-82686]:main():gmm-acc-stats-twofeats.cc:140) Average like for this file is -55.4657 over 69 frames.
LOG (gmm-acc-stats-twofeats[5.2.132~9-82686]:main():gmm-acc-stats-twofeats.cc:140) Average like for this file is -45.4852 over 42 frames.
LOG (gmm-acc-stats-twofeats[5.2.132~9-82686]:main():gmm-acc-stats-twofeats.cc:140) Average like for this file is -40.1162 over 87 frames.
LOG (gmm-acc-stats-twofeats[5.2.132~9-82686]:main():gmm-acc-stats-twofeats.cc:140) Average like for this file is -45.7288 over 68 frames.
LOG (gmm-acc-stats-twofeats[5.2.132~9-82686]:main():gmm-acc-stats-twofeats.cc:140) Average like for this file is -50.0148 over 36 frames.
LOG (gmm-acc-stats-twofeats[5.2.132~9-82686]:main():gmm-acc-stats-twofeats.cc:140) Average like for this file is -45.1436 over 47 frames.
LOG (gmm-acc-stats-twofeats[5.2.132~9-82686]:main():gmm-acc-stats-twofeats.cc:140) Average like for this file is -42.2194 over 45 frames.
LOG (gmm-acc-stats-twofeats[5.2.132~9-82686]:main():gmm-acc-stats-twofeats.cc:140) Average like for this file is -50.337 over 33 frames.
LOG (gmm-acc-stats-twofeats[5.2.132~9-82686]:main():gmm-acc-stats-twofeats.cc:140) Average like for this file is -53.5369 over 31 frames.
LOG (gmm-acc-stats-twofeats[5.2.132~9-82686]:main():gmm-acc-stats-twofeats.cc:146) Avg like per frame so far is -47.6207
LOG (gmm-acc-stats-twofeats[5.2.132~9-82686]:main():gmm-acc-stats-twofeats.cc:140) Average like for this file is -53.3538 over 34 frames.
LOG (gmm-acc-stats-twofeats[5.2.132~9-82686]:main():gmm-acc-stats-twofeats.cc:140) Average like for this file is -50.5812 over 62 frames.
LOG (gmm-acc-stats-twofeats[5.2.132~9-82686]:main():gmm-acc-stats-twofeats.cc:140) Average like for this file is -41.4386 over 44 frames.
LOG (gmm-acc-stats-twofeats[5.2.132~9-82686]:main():gmm-acc-stats-twofeats.cc:140) Average like for this file is -48.7782 over 37 frames.
LOG (gmm-acc-stats-twofeats[5.2.132~9-82686]:main():gmm-acc-stats-twofeats.cc:140) Average like for this file is -48.323 over 35 frames.
LOG (gmm-acc-stats-twofeats[5.2.132~9-82686]:main():gmm-acc-stats-twofeats.cc:140) Average like for this file is -47.1523 over 62 frames.
LOG (gmm-acc-stats-twofeats[5.2.132~9-82686]:main():gmm-acc-stats-twofeats.cc:140) Average like for this file is -53.937 over 31 frames.
LOG (gmm-acc-stats-twofeats[5.2.132~9-82686]:main():gmm-acc-stats-twofeats.cc:140) Average like for this file is -48.4268 over 39 frames.
LOG (gmm-acc-stats-twofeats[5.2.132~9-82686]:main():gmm-acc-stats-twofeats.cc:140) Average like for this file is -58.0843 over 23 frames.
LOG (gmm-acc-stats-twofeats[5.2.132~9-82686]:main():gmm-acc-stats-twofeats.cc:140) Average like for this file is -43.7289 over 82 frames.
LOG (gmm-acc-stats-twofeats[5.2.132~9-82686]:main():gmm-acc-stats-twofeats.cc:146) Avg like per frame so far is -47.6549
LOG (gmm-acc-stats-twofeats[5.2.132~9-82686]:main():gmm-acc-stats-twofeats.cc:140) Average like for this file is -52.0984 over 32 frames.
LOG (gmm-acc-stats-twofeats[5.2.132~9-82686]:main():gmm-acc-stats-twofeats.cc:140) Average like for this file is -56.0436 over 21 frames.
LOG (gmm-acc-stats-twofeats[5.2.132~9-82686]:main():gmm-acc-stats-twofeats.cc:140) Average like for this file is -47.8858 over 58 frames.
LOG (gmm-acc-stats-twofeats[5.2.132~9-82686]:main():gmm-acc-stats-twofeats.cc:140) Average like for this file is -44.0788 over 63 frames.
LOG (gmm-acc-stats-twofeats[5.2.132~9-82686]:main():gmm-acc-stats-twofeats.cc:140) Average like for this file is -45.4282 over 51 frames.
LOG (gmm-acc-stats-twofeats[5.2.132~9-82686]:main():gmm-acc-stats-twofeats.cc:140) Average like for this file is -47.6615 over 51 frames.
LOG (gmm-acc-stats-twofeats[5.2.132~9-82686]:main():gmm-acc-stats-twofeats.cc:140) Average like for this file is -57.1658 over 48 frames.
LOG (gmm-acc-stats-twofeats[5.2.132~9-82686]:main():gmm-acc-stats-twofeats.cc:140) Average like for this file is -48.4578 over 33 frames.
LOG (gmm-acc-stats-twofeats[5.2.132~9-82686]:main():gmm-acc-stats-twofeats.cc:140) Average like for this file is -53.0368 over 21 frames.
LOG (gmm-acc-stats-twofeats[5.2.132~9-82686]:main():gmm-acc-stats-twofeats.cc:140) Average like for this file is -45.3184 over 49 frames.
LOG (gmm-acc-stats-twofeats[5.2.132~9-82686]:main():gmm-acc-stats-twofeats.cc:146) Avg like per frame so far is -47.7075
LOG (gmm-acc-stats-twofeats[5.2.132~9-82686]:main():gmm-acc-stats-twofeats.cc:140) Average like for this file is -53.3905 over 48 frames.
LOG (gmm-acc-stats-twofeats[5.2.132~9-82686]:main():gmm-acc-stats-twofeats.cc:140) Average like for this file is -50.4091 over 41 frames.
LOG (gmm-acc-stats-twofeats[5.2.132~9-82686]:main():gmm-acc-stats-twofeats.cc:140) Average like for this file is -52.8155 over 26 frames.
LOG (gmm-acc-stats-twofeats[5.2.132~9-82686]:main():gmm-acc-stats-twofeats.cc:140) Average like for this file is -43.9233 over 38 frames.
LOG (gmm-acc-stats-twofeats[5.2.132~9-82686]:main():gmm-acc-stats-twofeats.cc:140) Average like for this file is -50.2028 over 45 frames.
LOG (gmm-acc-stats-twofeats[5.2.132~9-82686]:main():gmm-acc-stats-twofeats.cc:140) Average like for this file is -50.9703 over 46 frames.
LOG (gmm-acc-stats-twofeats[5.2.132~9-82686]:main():gmm-acc-stats-twofeats.cc:140) Average like for this file is -47.2977 over 51 frames.
LOG (gmm-acc-stats-twofeats[5.2.132~9-82686]:main():gmm-acc-stats-twofeats.cc:140) Average like for this file is -46.0948 over 50 frames.
LOG (gmm-acc-stats-twofeats[5.2.132~9-82686]:main():gmm-acc-stats-twofeats.cc:140) Average like for this file is -42.8508 over 48 frames.
LOG (gmm-acc-stats-twofeats[5.2.132~9-82686]:main():gmm-acc-stats-twofeats.cc:140) Average like for this file is -43.5702 over 51 frames.
LOG (gmm-acc-stats-twofeats[5.2.132~9-82686]:main():gmm-acc-stats-twofeats.cc:146) Avg like per frame so far is -47.717
LOG (gmm-acc-stats-twofeats[5.2.132~9-82686]:main():gmm-acc-stats-twofeats.cc:140) Average like for this file is -48.5506 over 78 frames.
LOG (gmm-acc-stats-twofeats[5.2.132~9-82686]:main():gmm-acc-stats-twofeats.cc:140) Average like for this file is -44.3696 over 48 frames.
LOG (gmm-acc-stats-twofeats[5.2.132~9-82686]:main():gmm-acc-stats-twofeats.cc:140) Average like for this file is -38.3957 over 58 frames.
LOG (gmm-acc-stats-twofeats[5.2.132~9-82686]:main():gmm-acc-stats-twofeats.cc:140) Average like for this file is -41.6252 over 51 frames.
LOG (gmm-acc-stats-twofeats[5.2.132~9-82686]:main():gmm-acc-stats-twofeats.cc:140) Average like for this file is -54.0219 over 32 frames.
LOG (gmm-acc-stats-twofeats[5.2.132~9-82686]:main():gmm-acc-stats-twofeats.cc:140) Average like for this file is -41.9143 over 31 frames.
LOG (gmm-acc-stats-twofeats[5.2.132~9-82686]:main():gmm-acc-stats-twofeats.cc:140) Average like for this file is -47.7023 over 60 frames.
LOG (gmm-acc-stats-twofeats[5.2.132~9-82686]:main():gmm-acc-stats-twofeats.cc:140) Average like for this file is -50.4524 over 57 frames.
LOG (gmm-acc-stats-twofeats[5.2.132~9-82686]:main():gmm-acc-stats-twofeats.cc:140) Average like for this file is -56.4291 over 36 frames.
LOG (gmm-acc-stats-twofeats[5.2.132~9-82686]:main():gmm-acc-stats-twofeats.cc:140) Average like for this file is -58.6697 over 38 frames.
LOG (gmm-acc-stats-twofeats[5.2.132~9-82686]:main():gmm-acc-stats-twofeats.cc:146) Avg like per frame so far is -47.7129
LOG (gmm-acc-stats-twofeats[5.2.132~9-82686]:main():gmm-acc-stats-twofeats.cc:140) Average like for this file is -56.308 over 31 frames.
LOG (gmm-acc-stats-twofeats[5.2.132~9-82686]:main():gmm-acc-stats-twofeats.cc:140) Average like for this file is -50.4389 over 69 frames.
LOG (gmm-acc-stats-twofeats[5.2.132~9-82686]:main():gmm-acc-stats-twofeats.cc:140) Average like for this file is -51.2468 over 62 frames.
LOG (gmm-acc-stats-twofeats[5.2.132~9-82686]:main():gmm-acc-stats-twofeats.cc:140) Average like for this file is -47.6795 over 78 frames.
LOG (gmm-acc-stats-twofeats[5.2.132~9-82686]:main():gmm-acc-stats-twofeats.cc:140) Average like for this file is -52.6617 over 73 frames.
LOG (gmm-acc-stats-twofeats[5.2.132~9-82686]:main():gmm-acc-stats-twofeats.cc:140) Average like for this file is -43.8789 over 41 frames.
LOG (gmm-acc-stats-twofeats[5.2.132~9-82686]:main():gmm-acc-stats-twofeats.cc:140) Average like for this file is -57.6941 over 38 frames.
LOG (gmm-acc-stats-twofeats[5.2.132~9-82686]:main():gmm-acc-stats-twofeats.cc:140) Average like for this file is -54.5651 over 34 frames.
LOG (gmm-acc-stats-twofeats[5.2.132~9-82686]:main():gmm-acc-stats-twofeats.cc:140) Average like for this file is -53.3758 over 31 frames.
LOG (gmm-acc-stats-twofeats[5.2.132~9-82686]:main():gmm-acc-stats-twofeats.cc:140) Average like for this file is -53.8315 over 33 frames.
LOG (gmm-acc-stats-twofeats[5.2.132~9-82686]:main():gmm-acc-stats-twofeats.cc:146) Avg like per frame so far is -47.8915
LOG (gmm-acc-stats-twofeats[5.2.132~9-82686]:main():gmm-acc-stats-twofeats.cc:140) Average like for this file is -48.9592 over 33 frames.
LOG (gmm-acc-stats-twofeats[5.2.132~9-82686]:main():gmm-acc-stats-twofeats.cc:140) Average like for this file is -52.1718 over 46 frames.
LOG (gmm-acc-stats-twofeats[5.2.132~9-82686]:main():gmm-acc-stats-twofeats.cc:140) Average like for this file is -50.6897 over 43 frames.
LOG (gmm-acc-stats-twofeats[5.2.132~9-82686]:main():gmm-acc-stats-twofeats.cc:140) Average like for this file is -45.0081 over 41 frames.
LOG (gmm-acc-stats-twofeats[5.2.132~9-82686]:main():gmm-acc-stats-twofeats.cc:140) Average like for this file is -41.9113 over 56 frames.
LOG (gmm-acc-stats-twofeats[5.2.132~9-82686]:main():gmm-acc-stats-twofeats.cc:140) Average like for this file is -48.4604 over 38 frames.
LOG (gmm-acc-stats-twofeats[5.2.132~9-82686]:main():gmm-acc-stats-twofeats.cc:140) Average like for this file is -56.8539 over 44 frames.
LOG (gmm-acc-stats-twofeats[5.2.132~9-82686]:main():gmm-acc-stats-twofeats.cc:140) Average like for this file is -48.7121 over 42 frames.
LOG (gmm-acc-stats-twofeats[5.2.132~9-82686]:main():gmm-acc-stats-twofeats.cc:140) Average like for this file is -48.2107 over 42 frames.
LOG (gmm-acc-stats-twofeats[5.2.132~9-82686]:main():gmm-acc-stats-twofeats.cc:140) Average like for this file is -48.6636 over 42 frames.
LOG (gmm-acc-stats-twofeats[5.2.132~9-82686]:main():gmm-acc-stats-twofeats.cc:146) Avg like per frame so far is -47.9279
LOG (gmm-acc-stats-twofeats[5.2.132~9-82686]:main():gmm-acc-stats-twofeats.cc:140) Average like for this file is -40.5683 over 69 frames.
LOG (gmm-acc-stats-twofeats[5.2.132~9-82686]:main():gmm-acc-stats-twofeats.cc:140) Average like for this file is -43.8657 over 40 frames.
LOG (gmm-acc-stats-twofeats[5.2.132~9-82686]:main():gmm-acc-stats-twofeats.cc:140) Average like for this file is -49.9171 over 43 frames.
LOG (gmm-acc-stats-twofeats[5.2.132~9-82686]:main():gmm-acc-stats-twofeats.cc:140) Average like for this file is -49.5952 over 64 frames.
LOG (gmm-acc-stats-twofeats[5.2.132~9-82686]:main():gmm-acc-stats-twofeats.cc:140) Average like for this file is -51.9658 over 61 frames.
LOG (gmm-acc-stats-twofeats[5.2.132~9-82686]:main():gmm-acc-stats-twofeats.cc:140) Average like for this file is -42.2125 over 60 frames.
LOG (gmm-acc-stats-twofeats[5.2.132~9-82686]:main():gmm-acc-stats-twofeats.cc:140) Average like for this file is -47.7827 over 39 frames.
LOG (gmm-acc-stats-twofeats[5.2.132~9-82686]:main():gmm-acc-stats-twofeats.cc:140) Average like for this file is -46.7999 over 78 frames.
LOG (gmm-acc-stats-twofeats[5.2.132~9-82686]:main():gmm-acc-stats-twofeats.cc:140) Average like for this file is -49.0384 over 39 frames.
LOG (gmm-acc-stats-twofeats[5.2.132~9-82686]:main():gmm-acc-stats-twofeats.cc:140) Average like for this file is -46.9765 over 64 frames.
LOG (gmm-acc-stats-twofeats[5.2.132~9-82686]:main():gmm-acc-stats-twofeats.cc:146) Avg like per frame so far is -47.8679
LOG (gmm-acc-stats-twofeats[5.2.132~9-82686]:main():gmm-acc-stats-twofeats.cc:140) Average like for this file is -43.6769 over 75 frames.
LOG (gmm-acc-stats-twofeats[5.2.132~9-82686]:main():gmm-acc-stats-twofeats.cc:140) Average like for this file is -46.4357 over 65 frames.
LOG (gmm-acc-stats-twofeats[5.2.132~9-82686]:main():gmm-acc-stats-twofeats.cc:140) Average like for this file is -57.4018 over 23 frames.
LOG (gmm-acc-stats-twofeats[5.2.132~9-82686]:main():gmm-acc-stats-twofeats.cc:140) Average like for this file is -51.0399 over 24 frames.
LOG (gmm-acc-stats-twofeats[5.2.132~9-82686]:main():gmm-acc-stats-twofeats.cc:140) Average like for this file is -47.4166 over 30 frames.
LOG (gmm-acc-stats-twofeats[5.2.132~9-82686]:main():gmm-acc-stats-twofeats.cc:140) Average like for this file is -49.0869 over 39 frames.
LOG (gmm-acc-stats-twofeats[5.2.132~9-82686]:main():gmm-acc-stats-twofeats.cc:140) Average like for this file is -48.8738 over 44 frames.
LOG (gmm-acc-stats-twofeats[5.2.132~9-82686]:main():gmm-acc-stats-twofeats.cc:140) Average like for this file is -44.8769 over 54 frames.
LOG (gmm-acc-stats-twofeats[5.2.132~9-82686]:main():gmm-acc-stats-twofeats.cc:140) Average like for this file is -46.9892 over 43 frames.
LOG (gmm-acc-stats-twofeats[5.2.132~9-82686]:main():gmm-acc-stats-twofeats.cc:140) Average like for this file is -42.0088 over 45 frames.
LOG (gmm-acc-stats-twofeats[5.2.132~9-82686]:main():gmm-acc-stats-twofeats.cc:146) Avg like per frame so far is -47.826
LOG (gmm-acc-stats-twofeats[5.2.132~9-82686]:main():gmm-acc-stats-twofeats.cc:140) Average like for this file is -44.7607 over 37 frames.
LOG (gmm-acc-stats-twofeats[5.2.132~9-82686]:main():gmm-acc-stats-twofeats.cc:140) Average like for this file is -54.0175 over 29 frames.
LOG (gmm-acc-stats-twofeats[5.2.132~9-82686]:main():gmm-acc-stats-twofeats.cc:140) Average like for this file is -47.6102 over 22 frames.
LOG (gmm-acc-stats-twofeats[5.2.132~9-82686]:main():gmm-acc-stats-twofeats.cc:140) Average like for this file is -55.8688 over 20 frames.
LOG (gmm-acc-stats-twofeats[5.2.132~9-82686]:main():gmm-acc-stats-twofeats.cc:140) Average like for this file is -46.5599 over 19 frames.
LOG (gmm-acc-stats-twofeats[5.2.132~9-82686]:main():gmm-acc-stats-twofeats.cc:140) Average like for this file is -47.4957 over 49 frames.
LOG (gmm-acc-stats-twofeats[5.2.132~9-82686]:main():gmm-acc-stats-twofeats.cc:140) Average like for this file is -44.9492 over 21 frames.
LOG (gmm-acc-stats-twofeats[5.2.132~9-82686]:main():gmm-acc-stats-twofeats.cc:140) Average like for this file is -47.5565 over 35 frames.
LOG (gmm-acc-stats-twofeats[5.2.132~9-82686]:main():gmm-acc-stats-twofeats.cc:140) Average like for this file is -56.6523 over 24 frames.
LOG (gmm-acc-stats-twofeats[5.2.132~9-82686]:main():gmm-acc-stats-twofeats.cc:140) Average like for this file is -53.1932 over 19 frames.
LOG (gmm-acc-stats-twofeats[5.2.132~9-82686]:main():gmm-acc-stats-twofeats.cc:146) Avg like per frame so far is -47.8611
LOG (gmm-acc-stats-twofeats[5.2.132~9-82686]:main():gmm-acc-stats-twofeats.cc:140) Average like for this file is -52.4541 over 21 frames.
LOG (gmm-acc-stats-twofeats[5.2.132~9-82686]:main():gmm-acc-stats-twofeats.cc:140) Average like for this file is -48.3909 over 27 frames.
LOG (gmm-acc-stats-twofeats[5.2.132~9-82686]:main():gmm-acc-stats-twofeats.cc:140) Average like for this file is -44.6552 over 24 frames.
LOG (gmm-acc-stats-twofeats[5.2.132~9-82686]:main():gmm-acc-stats-twofeats.cc:140) Average like for this file is -44.6479 over 32 frames.
LOG (gmm-acc-stats-twofeats[5.2.132~9-82686]:main():gmm-acc-stats-twofeats.cc:140) Average like for this file is -54.7458 over 26 frames.
LOG (gmm-acc-stats-twofeats[5.2.132~9-82686]:main():gmm-acc-stats-twofeats.cc:140) Average like for this file is -50.8941 over 31 frames.
LOG (gmm-acc-stats-twofeats[5.2.132~9-82686]:main():gmm-acc-stats-twofeats.cc:140) Average like for this file is -52.5167 over 28 frames.
LOG (gmm-acc-stats-twofeats[5.2.132~9-82686]:main():gmm-acc-stats-twofeats.cc:140) Average like for this file is -50.5025 over 86 frames.
LOG (gmm-acc-stats-twofeats[5.2.132~9-82686]:main():gmm-acc-stats-twofeats.cc:140) Average like for this file is -50.8143 over 51 frames.
LOG (gmm-acc-stats-twofeats[5.2.132~9-82686]:main():gmm-acc-stats-twofeats.cc:140) Average like for this file is -53.2581 over 23 frames.
LOG (gmm-acc-stats-twofeats[5.2.132~9-82686]:main():gmm-acc-stats-twofeats.cc:146) Avg like per frame so far is -47.928
LOG (gmm-acc-stats-twofeats[5.2.132~9-82686]:main():gmm-acc-stats-twofeats.cc:140) Average like for this file is -50.8508 over 26 frames.
LOG (gmm-acc-stats-twofeats[5.2.132~9-82686]:main():gmm-acc-stats-twofeats.cc:140) Average like for this file is -54.3019 over 27 frames.
LOG (gmm-acc-stats-twofeats[5.2.132~9-82686]:main():gmm-acc-stats-twofeats.cc:140) Average like for this file is -60.6783 over 34 frames.
LOG (gmm-acc-stats-twofeats[5.2.132~9-82686]:main():gmm-acc-stats-twofeats.cc:140) Average like for this file is -51.4477 over 56 frames.
LOG (gmm-acc-stats-twofeats[5.2.132~9-82686]:main():gmm-acc-stats-twofeats.cc:140) Average like for this file is -44.7989 over 79 frames.
LOG (gmm-acc-stats-twofeats[5.2.132~9-82686]:main():gmm-acc-stats-twofeats.cc:140) Average like for this file is -54.6621 over 50 frames.
LOG (gmm-acc-stats-twofeats[5.2.132~9-82686]:main():gmm-acc-stats-twofeats.cc:140) Average like for this file is -36.5443 over 56 frames.
LOG (gmm-acc-stats-twofeats[5.2.132~9-82686]:main():gmm-acc-stats-twofeats.cc:140) Average like for this file is -47.2857 over 53 frames.
LOG (gmm-acc-stats-twofeats[5.2.132~9-82686]:main():gmm-acc-stats-twofeats.cc:140) Average like for this file is -48.1142 over 49 frames.
LOG (gmm-acc-stats-twofeats[5.2.132~9-82686]:main():gmm-acc-stats-twofeats.cc:140) Average like for this file is -51.555 over 23 frames.
LOG (gmm-acc-stats-twofeats[5.2.132~9-82686]:main():gmm-acc-stats-twofeats.cc:146) Avg like per frame so far is -47.9581
LOG (gmm-acc-stats-twofeats[5.2.132~9-82686]:main():gmm-acc-stats-twofeats.cc:140) Average like for this file is -55.5944 over 26 frames.
LOG (gmm-acc-stats-twofeats[5.2.132~9-82686]:main():gmm-acc-stats-twofeats.cc:140) Average like for this file is -58.8024 over 36 frames.
LOG (gmm-acc-stats-twofeats[5.2.132~9-82686]:main():gmm-acc-stats-twofeats.cc:140) Average like for this file is -49.8442 over 27 frames.
LOG (gmm-acc-stats-twofeats[5.2.132~9-82686]:main():gmm-acc-stats-twofeats.cc:140) Average like for this file is -47.2742 over 36 frames.
LOG (gmm-acc-stats-twofeats[5.2.132~9-82686]:main():gmm-acc-stats-twofeats.cc:140) Average like for this file is -46.2806 over 33 frames.
LOG (gmm-acc-stats-twofeats[5.2.132~9-82686]:main():gmm-acc-stats-twofeats.cc:140) Average like for this file is -50.1837 over 27 frames.
LOG (gmm-acc-stats-twofeats[5.2.132~9-82686]:main():gmm-acc-stats-twofeats.cc:140) Average like for this file is -46.5885 over 25 frames.
LOG (gmm-acc-stats-twofeats[5.2.132~9-82686]:main():gmm-acc-stats-twofeats.cc:140) Average like for this file is -46.5483 over 26 frames.
LOG (gmm-acc-stats-twofeats[5.2.132~9-82686]:main():gmm-acc-stats-twofeats.cc:140) Average like for this file is -47.2679 over 22 frames.
LOG (gmm-acc-stats-twofeats[5.2.132~9-82686]:main():gmm-acc-stats-twofeats.cc:140) Average like for this file is -48.7333 over 41 frames.
LOG (gmm-acc-stats-twofeats[5.2.132~9-82686]:main():gmm-acc-stats-twofeats.cc:146) Avg like per frame so far is -48.0008
LOG (gmm-acc-stats-twofeats[5.2.132~9-82686]:main():gmm-acc-stats-twofeats.cc:140) Average like for this file is -46.5771 over 42 frames.
LOG (gmm-acc-stats-twofeats[5.2.132~9-82686]:main():gmm-acc-stats-twofeats.cc:140) Average like for this file is -49.6198 over 35 frames.
LOG (gmm-acc-stats-twofeats[5.2.132~9-82686]:main():gmm-acc-stats-twofeats.cc:140) Average like for this file is -47.3285 over 37 frames.
LOG (gmm-acc-stats-twofeats[5.2.132~9-82686]:main():gmm-acc-stats-twofeats.cc:140) Average like for this file is -53.4084 over 29 frames.
LOG (gmm-acc-stats-twofeats[5.2.132~9-82686]:main():gmm-acc-stats-twofeats.cc:140) Average like for this file is -51.7433 over 32 frames.
LOG (gmm-acc-stats-twofeats[5.2.132~9-82686]:main():gmm-acc-stats-twofeats.cc:140) Average like for this file is -58.275 over 32 frames.
LOG (gmm-acc-stats-twofeats[5.2.132~9-82686]:main():gmm-acc-stats-twofeats.cc:140) Average like for this file is -47.3898 over 45 frames.
LOG (gmm-acc-stats-twofeats[5.2.132~9-82686]:main():gmm-acc-stats-twofeats.cc:140) Average like for this file is -44.142 over 42 frames.
LOG (gmm-acc-stats-twofeats[5.2.132~9-82686]:main():gmm-acc-stats-twofeats.cc:140) Average like for this file is -49.8504 over 34 frames.
LOG (gmm-acc-stats-twofeats[5.2.132~9-82686]:main():gmm-acc-stats-twofeats.cc:140) Average like for this file is -49.1611 over 41 frames.
LOG (gmm-acc-stats-twofeats[5.2.132~9-82686]:main():gmm-acc-stats-twofeats.cc:146) Avg like per frame so far is -48.0374
LOG (gmm-acc-stats-twofeats[5.2.132~9-82686]:main():gmm-acc-stats-twofeats.cc:140) Average like for this file is -50.5048 over 49 frames.
LOG (gmm-acc-stats-twofeats[5.2.132~9-82686]:main():gmm-acc-stats-twofeats.cc:140) Average like for this file is -51.3706 over 33 frames.
LOG (gmm-acc-stats-twofeats[5.2.132~9-82686]:main():gmm-acc-stats-twofeats.cc:140) Average like for this file is -49.2499 over 38 frames.
LOG (gmm-acc-stats-twofeats[5.2.132~9-82686]:main():gmm-acc-stats-twofeats.cc:140) Average like for this file is -43.6627 over 45 frames.
LOG (gmm-acc-stats-twofeats[5.2.132~9-82686]:main():gmm-acc-stats-twofeats.cc:140) Average like for this file is -48.1029 over 20 frames.
LOG (gmm-acc-stats-twofeats[5.2.132~9-82686]:main():gmm-acc-stats-twofeats.cc:140) Average like for this file is -46.3116 over 25 frames.
LOG (gmm-acc-stats-twofeats[5.2.132~9-82686]:main():gmm-acc-stats-twofeats.cc:140) Average like for this file is -46.3293 over 28 frames.
LOG (gmm-acc-stats-twofeats[5.2.132~9-82686]:main():gmm-acc-stats-twofeats.cc:140) Average like for this file is -56.9664 over 20 frames.
LOG (gmm-acc-stats-twofeats[5.2.132~9-82686]:main():gmm-acc-stats-twofeats.cc:140) Average like for this file is -44.6351 over 18 frames.
LOG (gmm-acc-stats-twofeats[5.2.132~9-82686]:main():gmm-acc-stats-twofeats.cc:140) Average like for this file is -47.123 over 24 frames.
LOG (gmm-acc-stats-twofeats[5.2.132~9-82686]:main():gmm-acc-stats-twofeats.cc:146) Avg like per frame so far is -48.0436
LOG (gmm-acc-stats-twofeats[5.2.132~9-82686]:main():gmm-acc-stats-twofeats.cc:140) Average like for this file is -40.5075 over 24 frames.
LOG (gmm-acc-stats-twofeats[5.2.132~9-82686]:main():gmm-acc-stats-twofeats.cc:140) Average like for this file is -45.0988 over 37 frames.
LOG (gmm-acc-stats-twofeats[5.2.132~9-82686]:main():gmm-acc-stats-twofeats.cc:140) Average like for this file is -45.8614 over 24 frames.
LOG (gmm-acc-stats-twofeats[5.2.132~9-82686]:main():gmm-acc-stats-twofeats.cc:140) Average like for this file is -44.3542 over 21 frames.
LOG (gmm-acc-stats-twofeats[5.2.132~9-82686]:main():gmm-acc-stats-twofeats.cc:140) Average like for this file is -48.3807 over 23 frames.
LOG (gmm-acc-stats-twofeats[5.2.132~9-82686]:main():gmm-acc-stats-twofeats.cc:140) Average like for this file is -44.4835 over 24 frames.
LOG (gmm-acc-stats-twofeats[5.2.132~9-82686]:main():gmm-acc-stats-twofeats.cc:140) Average like for this file is -46.19 over 20 frames.
LOG (gmm-acc-stats-twofeats[5.2.132~9-82686]:main():gmm-acc-stats-twofeats.cc:140) Average like for this file is -47.7924 over 19 frames.
LOG (gmm-acc-stats-twofeats[5.2.132~9-82686]:main():gmm-acc-stats-twofeats.cc:140) Average like for this file is -49.2706 over 22 frames.
LOG (gmm-acc-stats-twofeats[5.2.132~9-82686]:main():gmm-acc-stats-twofeats.cc:140) Average like for this file is -48.163 over 20 frames.
LOG (gmm-acc-stats-twofeats[5.2.132~9-82686]:main():gmm-acc-stats-twofeats.cc:146) Avg like per frame so far is -48.0075
LOG (gmm-acc-stats-twofeats[5.2.132~9-82686]:main():gmm-acc-stats-twofeats.cc:140) Average like for this file is -44.1746 over 33 frames.
LOG (gmm-acc-stats-twofeats[5.2.132~9-82686]:main():gmm-acc-stats-twofeats.cc:140) Average like for this file is -41.2996 over 24 frames.
LOG (gmm-acc-stats-twofeats[5.2.132~9-82686]:main():gmm-acc-stats-twofeats.cc:140) Average like for this file is -46.371 over 23 frames.
LOG (gmm-acc-stats-twofeats[5.2.132~9-82686]:main():gmm-acc-stats-twofeats.cc:140) Average like for this file is -48.2046 over 28 frames.
LOG (gmm-acc-stats-twofeats[5.2.132~9-82686]:main():gmm-acc-stats-twofeats.cc:140) Average like for this file is -50.9165 over 61 frames.
LOG (gmm-acc-stats-twofeats[5.2.132~9-82686]:main():gmm-acc-stats-twofeats.cc:140) Average like for this file is -45.4737 over 43 frames.
LOG (gmm-acc-stats-twofeats[5.2.132~9-82686]:main():gmm-acc-stats-twofeats.cc:140) Average like for this file is -44.8864 over 37 frames.
LOG (gmm-acc-stats-twofeats[5.2.132~9-82686]:main():gmm-acc-stats-twofeats.cc:140) Average like for this file is -47.3794 over 39 frames.
LOG (gmm-acc-stats-twofeats[5.2.132~9-82686]:main():gmm-acc-stats-twofeats.cc:140) Average like for this file is -46.1817 over 36 frames.
LOG (gmm-acc-stats-twofeats[5.2.132~9-82686]:main():gmm-acc-stats-twofeats.cc:140) Average like for this file is -48.6575 over 47 frames.
LOG (gmm-acc-stats-twofeats[5.2.132~9-82686]:main():gmm-acc-stats-twofeats.cc:146) Avg like per frame so far is -47.9782
LOG (gmm-acc-stats-twofeats[5.2.132~9-82686]:main():gmm-acc-stats-twofeats.cc:140) Average like for this file is -45.4667 over 39 frames.
LOG (gmm-acc-stats-twofeats[5.2.132~9-82686]:main():gmm-acc-stats-twofeats.cc:140) Average like for this file is -51.4268 over 30 frames.
LOG (gmm-acc-stats-twofeats[5.2.132~9-82686]:main():gmm-acc-stats-twofeats.cc:140) Average like for this file is -48.2372 over 40 frames.
LOG (gmm-acc-stats-twofeats[5.2.132~9-82686]:main():gmm-acc-stats-twofeats.cc:140) Average like for this file is -52.9933 over 43 frames.
LOG (gmm-acc-stats-twofeats[5.2.132~9-82686]:main():gmm-acc-stats-twofeats.cc:140) Average like for this file is -55.4714 over 35 frames.
LOG (gmm-acc-stats-twofeats[5.2.132~9-82686]:main():gmm-acc-stats-twofeats.cc:140) Average like for this file is -53.3973 over 32 frames.
LOG (gmm-acc-stats-twofeats[5.2.132~9-82686]:main():gmm-acc-stats-twofeats.cc:140) Average like for this file is -54.8372 over 35 frames.
LOG (gmm-acc-stats-twofeats[5.2.132~9-82686]:main():gmm-acc-stats-twofeats.cc:140) Average like for this file is -57.3921 over 39 frames.
LOG (gmm-acc-stats-twofeats[5.2.132~9-82686]:main():gmm-acc-stats-twofeats.cc:140) Average like for this file is -58.384 over 33 frames.
LOG (gmm-acc-stats-twofeats[5.2.132~9-82686]:main():gmm-acc-stats-twofeats.cc:140) Average like for this file is -43.6601 over 38 frames.
LOG (gmm-acc-stats-twofeats[5.2.132~9-82686]:main():gmm-acc-stats-twofeats.cc:146) Avg like per frame so far is -48.0758
LOG (gmm-acc-stats-twofeats[5.2.132~9-82686]:main():gmm-acc-stats-twofeats.cc:140) Average like for this file is -42.32 over 40 frames.
LOG (gmm-acc-stats-twofeats[5.2.132~9-82686]:main():gmm-acc-stats-twofeats.cc:140) Average like for this file is -41.2827 over 38 frames.
LOG (gmm-acc-stats-twofeats[5.2.132~9-82686]:main():gmm-acc-stats-twofeats.cc:140) Average like for this file is -42.6544 over 38 frames.
LOG (gmm-acc-stats-twofeats[5.2.132~9-82686]:main():gmm-acc-stats-twofeats.cc:140) Average like for this file is -40.8199 over 37 frames.
LOG (gmm-acc-stats-twofeats[5.2.132~9-82686]:main():gmm-acc-stats-twofeats.cc:140) Average like for this file is -44.4978 over 40 frames.
LOG (gmm-acc-stats-twofeats[5.2.132~9-82686]:main():gmm-acc-stats-twofeats.cc:140) Average like for this file is -42.1686 over 33 frames.
LOG (gmm-acc-stats-twofeats[5.2.132~9-82686]:main():gmm-acc-stats-twofeats.cc:140) Average like for this file is -45.6878 over 29 frames.
LOG (gmm-acc-stats-twofeats[5.2.132~9-82686]:main():gmm-acc-stats-twofeats.cc:140) Average like for this file is -48.4736 over 52 frames.
LOG (gmm-acc-stats-twofeats[5.2.132~9-82686]:main():gmm-acc-stats-twofeats.cc:140) Average like for this file is -48.5332 over 52 frames.
LOG (gmm-acc-stats-twofeats[5.2.132~9-82686]:main():gmm-acc-stats-twofeats.cc:140) Average like for this file is -45.2132 over 37 frames.
LOG (gmm-acc-stats-twofeats[5.2.132~9-82686]:main():gmm-acc-stats-twofeats.cc:146) Avg like per frame so far is -47.9821
LOG (gmm-acc-stats-twofeats[5.2.132~9-82686]:main():gmm-acc-stats-twofeats.cc:140) Average like for this file is -37.8038 over 43 frames.
LOG (gmm-acc-stats-twofeats[5.2.132~9-82686]:main():gmm-acc-stats-twofeats.cc:140) Average like for this file is -43.8477 over 50 frames.
LOG (gmm-acc-stats-twofeats[5.2.132~9-82686]:main():gmm-acc-stats-twofeats.cc:140) Average like for this file is -44.3973 over 34 frames.
LOG (gmm-acc-stats-twofeats[5.2.132~9-82686]:main():gmm-acc-stats-twofeats.cc:140) Average like for this file is -44.0551 over 38 frames.
LOG (gmm-acc-stats-twofeats[5.2.132~9-82686]:main():gmm-acc-stats-twofeats.cc:140) Average like for this file is -50.9201 over 36 frames.
LOG (gmm-acc-stats-twofeats[5.2.132~9-82686]:main():gmm-acc-stats-twofeats.cc:140) Average like for this file is -41.0338 over 42 frames.
LOG (gmm-acc-stats-twofeats[5.2.132~9-82686]:main():gmm-acc-stats-twofeats.cc:140) Average like for this file is -41.8102 over 35 frames.
LOG (gmm-acc-stats-twofeats[5.2.132~9-82686]:main():gmm-acc-stats-twofeats.cc:140) Average like for this file is -46.1382 over 23 frames.
LOG (gmm-acc-stats-twofeats[5.2.132~9-82686]:main():gmm-acc-stats-twofeats.cc:140) Average like for this file is -61.1107 over 24 frames.
LOG (gmm-acc-stats-twofeats[5.2.132~9-82686]:main():gmm-acc-stats-twofeats.cc:140) Average like for this file is -52.5999 over 19 frames.
LOG (gmm-acc-stats-twofeats[5.2.132~9-82686]:main():gmm-acc-stats-twofeats.cc:146) Avg like per frame so far is -47.9209
LOG (gmm-acc-stats-twofeats[5.2.132~9-82686]:main():gmm-acc-stats-twofeats.cc:140) Average like for this file is -51.8831 over 22 frames.
LOG (gmm-acc-stats-twofeats[5.2.132~9-82686]:main():gmm-acc-stats-twofeats.cc:140) Average like for this file is -49.2177 over 28 frames.
LOG (gmm-acc-stats-twofeats[5.2.132~9-82686]:main():gmm-acc-stats-twofeats.cc:140) Average like for this file is -48.532 over 18 frames.
LOG (gmm-acc-stats-twofeats[5.2.132~9-82686]:main():gmm-acc-stats-twofeats.cc:140) Average like for this file is -50.8118 over 19 frames.
LOG (gmm-acc-stats-twofeats[5.2.132~9-82686]:main():gmm-acc-stats-twofeats.cc:140) Average like for this file is -46.5591 over 17 frames.
LOG (gmm-acc-stats-twofeats[5.2.132~9-82686]:main():gmm-acc-stats-twofeats.cc:140) Average like for this file is -47.4051 over 19 frames.
LOG (gmm-acc-stats-twofeats[5.2.132~9-82686]:main():gmm-acc-stats-twofeats.cc:140) Average like for this file is -57.2215 over 18 frames.
LOG (gmm-acc-stats-twofeats[5.2.132~9-82686]:main():gmm-acc-stats-twofeats.cc:140) Average like for this file is -51.301 over 21 frames.
LOG (gmm-acc-stats-twofeats[5.2.132~9-82686]:main():gmm-acc-stats-twofeats.cc:140) Average like for this file is -61.8134 over 17 frames.
LOG (gmm-acc-stats-twofeats[5.2.132~9-82686]:main():gmm-acc-stats-twofeats.cc:140) Average like for this file is -50.8712 over 18 frames.
LOG (gmm-acc-stats-twofeats[5.2.132~9-82686]:main():gmm-acc-stats-twofeats.cc:146) Avg like per frame so far is -47.9641
LOG (gmm-acc-stats-twofeats[5.2.132~9-82686]:main():gmm-acc-stats-twofeats.cc:140) Average like for this file is -59.5523 over 25 frames.
LOG (gmm-acc-stats-twofeats[5.2.132~9-82686]:main():gmm-acc-stats-twofeats.cc:140) Average like for this file is -55.4727 over 28 frames.
LOG (gmm-acc-stats-twofeats[5.2.132~9-82686]:main():gmm-acc-stats-twofeats.cc:140) Average like for this file is -58.8147 over 32 frames.
LOG (gmm-acc-stats-twofeats[5.2.132~9-82686]:main():gmm-acc-stats-twofeats.cc:140) Average like for this file is -55.1436 over 34 frames.
LOG (gmm-acc-stats-twofeats[5.2.132~9-82686]:main():gmm-acc-stats-twofeats.cc:140) Average like for this file is -52.0049 over 40 frames.
LOG (gmm-acc-stats-twofeats[5.2.132~9-82686]:main():gmm-acc-stats-twofeats.cc:140) Average like for this file is -61.4819 over 41 frames.
LOG (gmm-acc-stats-twofeats[5.2.132~9-82686]:main():gmm-acc-stats-twofeats.cc:140) Average like for this file is -51.3463 over 42 frames.
LOG (gmm-acc-stats-twofeats[5.2.132~9-82686]:main():gmm-acc-stats-twofeats.cc:140) Average like for this file is -50.5852 over 48 frames.
LOG (gmm-acc-stats-twofeats[5.2.132~9-82686]:main():gmm-acc-stats-twofeats.cc:140) Average like for this file is -53.1144 over 37 frames.
LOG (gmm-acc-stats-twofeats[5.2.132~9-82686]:main():gmm-acc-stats-twofeats.cc:140) Average like for this file is -54.8252 over 40 frames.
LOG (gmm-acc-stats-twofeats[5.2.132~9-82686]:main():gmm-acc-stats-twofeats.cc:146) Avg like per frame so far is -48.121
LOG (gmm-acc-stats-twofeats[5.2.132~9-82686]:main():gmm-acc-stats-twofeats.cc:140) Average like for this file is -50.0601 over 28 frames.
LOG (gmm-acc-stats-twofeats[5.2.132~9-82686]:main():gmm-acc-stats-twofeats.cc:140) Average like for this file is -57.5168 over 24 frames.
LOG (gmm-acc-stats-twofeats[5.2.132~9-82686]:main():gmm-acc-stats-twofeats.cc:140) Average like for this file is -52.9787 over 30 frames.
LOG (gmm-acc-stats-twofeats[5.2.132~9-82686]:main():gmm-acc-stats-twofeats.cc:140) Average like for this file is -59.2256 over 24 frames.
LOG (gmm-acc-stats-twofeats[5.2.132~9-82686]:main():gmm-acc-stats-twofeats.cc:140) Average like for this file is -56.543 over 24 frames.
LOG (gmm-acc-stats-twofeats[5.2.132~9-82686]:main():gmm-acc-stats-twofeats.cc:140) Average like for this file is -53.9947 over 23 frames.
LOG (gmm-acc-stats-twofeats[5.2.132~9-82686]:main():gmm-acc-stats-twofeats.cc:140) Average like for this file is -55.7238 over 32 frames.
LOG (gmm-acc-stats-twofeats[5.2.132~9-82686]:main():gmm-acc-stats-twofeats.cc:140) Average like for this file is -50.6701 over 28 frames.
LOG (gmm-acc-stats-twofeats[5.2.132~9-82686]:main():gmm-acc-stats-twofeats.cc:140) Average like for this file is -56.7643 over 30 frames.
LOG (gmm-acc-stats-twofeats[5.2.132~9-82686]:main():gmm-acc-stats-twofeats.cc:140) Average like for this file is -45.9736 over 24 frames.
LOG (gmm-acc-stats-twofeats[5.2.132~9-82686]:main():gmm-acc-stats-twofeats.cc:146) Avg like per frame so far is -48.2153
LOG (gmm-acc-stats-twofeats[5.2.132~9-82686]:main():gmm-acc-stats-twofeats.cc:140) Average like for this file is -52.9451 over 25 frames.
LOG (gmm-acc-stats-twofeats[5.2.132~9-82686]:main():gmm-acc-stats-twofeats.cc:140) Average like for this file is -46.294 over 28 frames.
LOG (gmm-acc-stats-twofeats[5.2.132~9-82686]:main():gmm-acc-stats-twofeats.cc:140) Average like for this file is -41.6362 over 24 frames.
LOG (gmm-acc-stats-twofeats[5.2.132~9-82686]:main():gmm-acc-stats-twofeats.cc:140) Average like for this file is -46.5498 over 31 frames.
LOG (gmm-acc-stats-twofeats[5.2.132~9-82686]:main():gmm-acc-stats-twofeats.cc:140) Average like for this file is -44.8618 over 27 frames.
LOG (gmm-acc-stats-twofeats[5.2.132~9-82686]:main():gmm-acc-stats-twofeats.cc:140) Average like for this file is -54.2219 over 26 frames.
LOG (gmm-acc-stats-twofeats[5.2.132~9-82686]:main():gmm-acc-stats-twofeats.cc:140) Average like for this file is -43.0198 over 39 frames.
LOG (gmm-acc-stats-twofeats[5.2.132~9-82686]:main():gmm-acc-stats-twofeats.cc:140) Average like for this file is -45.0879 over 28 frames.
LOG (gmm-acc-stats-twofeats[5.2.132~9-82686]:main():gmm-acc-stats-twofeats.cc:140) Average like for this file is -41.7626 over 31 frames.
LOG (gmm-acc-stats-twofeats[5.2.132~9-82686]:main():gmm-acc-stats-twofeats.cc:140) Average like for this file is -42.7718 over 30 frames.
LOG (gmm-acc-stats-twofeats[5.2.132~9-82686]:main():gmm-acc-stats-twofeats.cc:146) Avg like per frame so far is -48.1715
LOG (gmm-acc-stats-twofeats[5.2.132~9-82686]:main():gmm-acc-stats-twofeats.cc:140) Average like for this file is -56.4097 over 27 frames.
LOG (gmm-acc-stats-twofeats[5.2.132~9-82686]:main():gmm-acc-stats-twofeats.cc:140) Average like for this file is -49.9707 over 34 frames.
LOG (gmm-acc-stats-twofeats[5.2.132~9-82686]:main():gmm-acc-stats-twofeats.cc:140) Average like for this file is -47.277 over 33 frames.
LOG (gmm-acc-stats-twofeats[5.2.132~9-82686]:main():gmm-acc-stats-twofeats.cc:140) Average like for this file is -54.1149 over 24 frames.
LOG (gmm-acc-stats-twofeats[5.2.132~9-82686]:main():gmm-acc-stats-twofeats.cc:140) Average like for this file is -53.6595 over 36 frames.
LOG (gmm-acc-stats-twofeats[5.2.132~9-82686]:main():gmm-acc-stats-twofeats.cc:140) Average like for this file is -52.9751 over 41 frames.
LOG (gmm-acc-stats-twofeats[5.2.132~9-82686]:main():gmm-acc-stats-twofeats.cc:140) Average like for this file is -49.3987 over 38 frames.
LOG (gmm-acc-stats-twofeats[5.2.132~9-82686]:main():gmm-acc-stats-twofeats.cc:140) Average like for this file is -53.0667 over 37 frames.
LOG (gmm-acc-stats-twofeats[5.2.132~9-82686]:main():gmm-acc-stats-twofeats.cc:140) Average like for this file is -60.1976 over 36 frames.
LOG (gmm-acc-stats-twofeats[5.2.132~9-82686]:main():gmm-acc-stats-twofeats.cc:140) Average like for this file is -54.898 over 28 frames.
LOG (gmm-acc-stats-twofeats[5.2.132~9-82686]:main():gmm-acc-stats-twofeats.cc:146) Avg like per frame so far is -48.2676
LOG (gmm-acc-stats-twofeats[5.2.132~9-82686]:main():gmm-acc-stats-twofeats.cc:140) Average like for this file is -55.8366 over 36 frames.
LOG (gmm-acc-stats-twofeats[5.2.132~9-82686]:main():gmm-acc-stats-twofeats.cc:140) Average like for this file is -55.9941 over 26 frames.
LOG (gmm-acc-stats-twofeats[5.2.132~9-82686]:main():gmm-acc-stats-twofeats.cc:140) Average like for this file is -59.0155 over 31 frames.
LOG (gmm-acc-stats-twofeats[5.2.132~9-82686]:main():gmm-acc-stats-twofeats.cc:140) Average like for this file is -50.8372 over 30 frames.
LOG (gmm-acc-stats-twofeats[5.2.132~9-82686]:main():gmm-acc-stats-twofeats.cc:140) Average like for this file is -57.4323 over 31 frames.
LOG (gmm-acc-stats-twofeats[5.2.132~9-82686]:main():gmm-acc-stats-twofeats.cc:140) Average like for this file is -46.6637 over 78 frames.
LOG (gmm-acc-stats-twofeats[5.2.132~9-82686]:main():gmm-acc-stats-twofeats.cc:140) Average like for this file is -50.8189 over 65 frames.
LOG (gmm-acc-stats-twofeats[5.2.132~9-82686]:main():gmm-acc-stats-twofeats.cc:140) Average like for this file is -48.2569 over 63 frames.
LOG (gmm-acc-stats-twofeats[5.2.132~9-82686]:main():gmm-acc-stats-twofeats.cc:140) Average like for this file is -46.7781 over 30 frames.
LOG (gmm-acc-stats-twofeats[5.2.132~9-82686]:main():gmm-acc-stats-twofeats.cc:140) Average like for this file is -51.835 over 29 frames.
LOG (gmm-acc-stats-twofeats[5.2.132~9-82686]:main():gmm-acc-stats-twofeats.cc:146) Avg like per frame so far is -48.34
LOG (gmm-acc-stats-twofeats[5.2.132~9-82686]:main():gmm-acc-stats-twofeats.cc:140) Average like for this file is -51.7415 over 29 frames.
LOG (gmm-acc-stats-twofeats[5.2.132~9-82686]:main():gmm-acc-stats-twofeats.cc:140) Average like for this file is -47.8898 over 34 frames.
LOG (gmm-acc-stats-twofeats[5.2.132~9-82686]:main():gmm-acc-stats-twofeats.cc:140) Average like for this file is -47.4588 over 21 frames.
LOG (gmm-acc-stats-twofeats[5.2.132~9-82686]:main():gmm-acc-stats-twofeats.cc:140) Average like for this file is -51.2067 over 31 frames.
LOG (gmm-acc-stats-twofeats[5.2.132~9-82686]:main():gmm-acc-stats-twofeats.cc:140) Average like for this file is -47.4853 over 27 frames.
LOG (gmm-acc-stats-twofeats[5.2.132~9-82686]:main():gmm-acc-stats-twofeats.cc:140) Average like for this file is -46.6882 over 26 frames.
LOG (gmm-acc-stats-twofeats[5.2.132~9-82686]:main():gmm-acc-stats-twofeats.cc:140) Average like for this file is -48.3764 over 30 frames.
LOG (gmm-acc-stats-twofeats[5.2.132~9-82686]:main():gmm-acc-stats-twofeats.cc:140) Average like for this file is -46.3298 over 29 frames.
LOG (gmm-acc-stats-twofeats[5.2.132~9-82686]:main():gmm-acc-stats-twofeats.cc:140) Average like for this file is -50.3618 over 31 frames.
LOG (gmm-acc-stats-twofeats[5.2.132~9-82686]:main():gmm-acc-stats-twofeats.cc:140) Average like for this file is -47.3973 over 23 frames.
LOG (gmm-acc-stats-twofeats[5.2.132~9-82686]:main():gmm-acc-stats-twofeats.cc:146) Avg like per frame so far is -48.344
LOG (gmm-acc-stats-twofeats[5.2.132~9-82686]:main():gmm-acc-stats-twofeats.cc:140) Average like for this file is -48.5583 over 46 frames.
LOG (gmm-acc-stats-twofeats[5.2.132~9-82686]:main():gmm-acc-stats-twofeats.cc:140) Average like for this file is -52.555 over 39 frames.
LOG (gmm-acc-stats-twofeats[5.2.132~9-82686]:main():gmm-acc-stats-twofeats.cc:140) Average like for this file is -46.1586 over 34 frames.
LOG (gmm-acc-stats-twofeats[5.2.132~9-82686]:main():gmm-acc-stats-twofeats.cc:140) Average like for this file is -50.9498 over 37 frames.
LOG (gmm-acc-stats-twofeats[5.2.132~9-82686]:main():gmm-acc-stats-twofeats.cc:140) Average like for this file is -43.8198 over 29 frames.
LOG (gmm-acc-stats-twofeats[5.2.132~9-82686]:main():gmm-acc-stats-twofeats.cc:140) Average like for this file is -45.2745 over 35 frames.
LOG (gmm-acc-stats-twofeats[5.2.132~9-82686]:main():gmm-acc-stats-twofeats.cc:140) Average like for this file is -52.1982 over 27 frames.
LOG (gmm-acc-stats-twofeats[5.2.132~9-82686]:main():gmm-acc-stats-twofeats.cc:140) Average like for this file is -47.7907 over 31 frames.
LOG (gmm-acc-stats-twofeats[5.2.132~9-82686]:main():gmm-acc-stats-twofeats.cc:140) Average like for this file is -52.2153 over 25 frames.
LOG (gmm-acc-stats-twofeats[5.2.132~9-82686]:main():gmm-acc-stats-twofeats.cc:140) Average like for this file is -51.7371 over 34 frames.
LOG (gmm-acc-stats-twofeats[5.2.132~9-82686]:main():gmm-acc-stats-twofeats.cc:146) Avg like per frame so far is -48.3582
LOG (gmm-acc-stats-twofeats[5.2.132~9-82686]:main():gmm-acc-stats-twofeats.cc:140) Average like for this file is -41.3386 over 57 frames.
LOG (gmm-acc-stats-twofeats[5.2.132~9-82686]:main():gmm-acc-stats-twofeats.cc:140) Average like for this file is -52.8131 over 46 frames.
LOG (gmm-acc-stats-twofeats[5.2.132~9-82686]:main():gmm-acc-stats-twofeats.cc:140) Average like for this file is -49.6347 over 18 frames.
LOG (gmm-acc-stats-twofeats[5.2.132~9-82686]:main():gmm-acc-stats-twofeats.cc:140) Average like for this file is -46.4197 over 12 frames.
LOG (gmm-acc-stats-twofeats[5.2.132~9-82686]:main():gmm-acc-stats-twofeats.cc:140) Average like for this file is -50.7208 over 22 frames.
LOG (gmm-acc-stats-twofeats[5.2.132~9-82686]:main():gmm-acc-stats-twofeats.cc:140) Average like for this file is -53.6267 over 21 frames.
LOG (gmm-acc-stats-twofeats[5.2.132~9-82686]:main():gmm-acc-stats-twofeats.cc:140) Average like for this file is -52.953 over 26 frames.
LOG (gmm-acc-stats-twofeats[5.2.132~9-82686]:main():gmm-acc-stats-twofeats.cc:140) Average like for this file is -47.8077 over 28 frames.
LOG (ali-to-post[5.2.132~9-82686]:main():ali-to-post.cc:73) Converted 590 alignments.
LOG (gmm-acc-stats-twofeats[5.2.132~9-82686]:main():gmm-acc-stats-twofeats.cc:140) Average like for this file is -53.2407 over 25 frames.
LOG (gmm-acc-stats-twofeats[5.2.132~9-82686]:main():gmm-acc-stats-twofeats.cc:140) Average like for this file is -50.5341 over 20 frames.
LOG (gmm-acc-stats-twofeats[5.2.132~9-82686]:main():gmm-acc-stats-twofeats.cc:146) Avg like per frame so far is -48.371
LOG (gmm-acc-stats-twofeats[5.2.132~9-82686]:main():gmm-acc-stats-twofeats.cc:140) Average like for this file is -57.3829 over 30 frames.
LOG (gmm-acc-stats-twofeats[5.2.132~9-82686]:main():gmm-acc-stats-twofeats.cc:140) Average like for this file is -52.2678 over 33 frames.
LOG (gmm-acc-stats-twofeats[5.2.132~9-82686]:main():gmm-acc-stats-twofeats.cc:140) Average like for this file is -53.6199 over 19 frames.
LOG (gmm-acc-stats-twofeats[5.2.132~9-82686]:main():gmm-acc-stats-twofeats.cc:140) Average like for this file is -56.11 over 45 frames.
LOG (gmm-acc-stats-twofeats[5.2.132~9-82686]:main():gmm-acc-stats-twofeats.cc:140) Average like for this file is -50.9099 over 44 frames.
LOG (gmm-acc-stats-twofeats[5.2.132~9-82686]:main():gmm-acc-stats-twofeats.cc:140) Average like for this file is -52.1004 over 31 frames.
LOG (gmm-acc-stats-twofeats[5.2.132~9-82686]:main():gmm-acc-stats-twofeats.cc:140) Average like for this file is -46.1783 over 29 frames.
LOG (gmm-acc-stats-twofeats[5.2.132~9-82686]:main():gmm-acc-stats-twofeats.cc:140) Average like for this file is -46.0711 over 33 frames.
LOG (gmm-acc-stats-twofeats[5.2.132~9-82686]:main():gmm-acc-stats-twofeats.cc:140) Average like for this file is -46.5898 over 31 frames.
LOG (gmm-acc-stats-twofeats[5.2.132~9-82686]:main():gmm-acc-stats-twofeats.cc:140) Average like for this file is -47.676 over 44 frames.
LOG (gmm-acc-stats-twofeats[5.2.132~9-82686]:main():gmm-acc-stats-twofeats.cc:146) Avg like per frame so far is -48.4164
LOG (gmm-acc-stats-twofeats[5.2.132~9-82686]:main():gmm-acc-stats-twofeats.cc:140) Average like for this file is -55.0582 over 36 frames.
LOG (gmm-acc-stats-twofeats[5.2.132~9-82686]:main():gmm-acc-stats-twofeats.cc:140) Average like for this file is -46.7201 over 46 frames.
LOG (gmm-acc-stats-twofeats[5.2.132~9-82686]:main():gmm-acc-stats-twofeats.cc:140) Average like for this file is -50.0558 over 44 frames.
LOG (gmm-acc-stats-twofeats[5.2.132~9-82686]:main():gmm-acc-stats-twofeats.cc:140) Average like for this file is -60.4146 over 26 frames.
LOG (gmm-acc-stats-twofeats[5.2.132~9-82686]:main():gmm-acc-stats-twofeats.cc:140) Average like for this file is -58.3832 over 26 frames.
LOG (gmm-acc-stats-twofeats[5.2.132~9-82686]:main():gmm-acc-stats-twofeats.cc:140) Average like for this file is -45.0284 over 65 frames.
LOG (gmm-acc-stats-twofeats[5.2.132~9-82686]:main():gmm-acc-stats-twofeats.cc:140) Average like for this file is -41.8082 over 53 frames.
LOG (gmm-acc-stats-twofeats[5.2.132~9-82686]:main():gmm-acc-stats-twofeats.cc:140) Average like for this file is -41.5663 over 47 frames.
LOG (gmm-acc-stats-twofeats[5.2.132~9-82686]:main():gmm-acc-stats-twofeats.cc:140) Average like for this file is -42.9617 over 41 frames.
LOG (gmm-acc-stats-twofeats[5.2.132~9-82686]:main():gmm-acc-stats-twofeats.cc:140) Average like for this file is -45.5151 over 37 frames.
LOG (gmm-acc-stats-twofeats[5.2.132~9-82686]:main():gmm-acc-stats-twofeats.cc:146) Avg like per frame so far is -48.3945
LOG (gmm-acc-stats-twofeats[5.2.132~9-82686]:main():gmm-acc-stats-twofeats.cc:140) Average like for this file is -52.0253 over 33 frames.
LOG (gmm-acc-stats-twofeats[5.2.132~9-82686]:main():gmm-acc-stats-twofeats.cc:140) Average like for this file is -47.9823 over 29 frames.
LOG (gmm-acc-stats-twofeats[5.2.132~9-82686]:main():gmm-acc-stats-twofeats.cc:140) Average like for this file is -49.8651 over 23 frames.
LOG (gmm-acc-stats-twofeats[5.2.132~9-82686]:main():gmm-acc-stats-twofeats.cc:140) Average like for this file is -52.4051 over 28 frames.
LOG (gmm-acc-stats-twofeats[5.2.132~9-82686]:main():gmm-acc-stats-twofeats.cc:140) Average like for this file is -57.1477 over 32 frames.
LOG (gmm-acc-stats-twofeats[5.2.132~9-82686]:main():gmm-acc-stats-twofeats.cc:140) Average like for this file is -50.1559 over 29 frames.
LOG (gmm-acc-stats-twofeats[5.2.132~9-82686]:main():gmm-acc-stats-twofeats.cc:140) Average like for this file is -48.8667 over 28 frames.
LOG (gmm-acc-stats-twofeats[5.2.132~9-82686]:main():gmm-acc-stats-twofeats.cc:140) Average like for this file is -48.5042 over 43 frames.
LOG (gmm-acc-stats-twofeats[5.2.132~9-82686]:main():gmm-acc-stats-twofeats.cc:140) Average like for this file is -44.0401 over 28 frames.
LOG (gmm-acc-stats-twofeats[5.2.132~9-82686]:main():gmm-acc-stats-twofeats.cc:140) Average like for this file is -48.3813 over 32 frames.
LOG (gmm-acc-stats-twofeats[5.2.132~9-82686]:main():gmm-acc-stats-twofeats.cc:146) Avg like per frame so far is -48.4192
LOG (gmm-acc-stats-twofeats[5.2.132~9-82686]:main():gmm-acc-stats-twofeats.cc:140) Average like for this file is -49.3187 over 26 frames.
LOG (gmm-acc-stats-twofeats[5.2.132~9-82686]:main():gmm-acc-stats-twofeats.cc:140) Average like for this file is -45.7407 over 40 frames.
LOG (gmm-acc-stats-twofeats[5.2.132~9-82686]:main():gmm-acc-stats-twofeats.cc:140) Average like for this file is -48.3375 over 50 frames.
LOG (gmm-acc-stats-twofeats[5.2.132~9-82686]:main():gmm-acc-stats-twofeats.cc:140) Average like for this file is -42.3224 over 50 frames.
LOG (gmm-acc-stats-twofeats[5.2.132~9-82686]:main():gmm-acc-stats-twofeats.cc:140) Average like for this file is -45.157 over 33 frames.
LOG (gmm-acc-stats-twofeats[5.2.132~9-82686]:main():gmm-acc-stats-twofeats.cc:140) Average like for this file is -50.8752 over 23 frames.
LOG (gmm-acc-stats-twofeats[5.2.132~9-82686]:main():gmm-acc-stats-twofeats.cc:140) Average like for this file is -50.1954 over 32 frames.
LOG (gmm-acc-stats-twofeats[5.2.132~9-82686]:main():gmm-acc-stats-twofeats.cc:140) Average like for this file is -49.1453 over 37 frames.
LOG (gmm-acc-stats-twofeats[5.2.132~9-82686]:main():gmm-acc-stats-twofeats.cc:140) Average like for this file is -44.1308 over 40 frames.
LOG (gmm-acc-stats-twofeats[5.2.132~9-82686]:main():gmm-acc-stats-twofeats.cc:140) Average like for this file is -51.3196 over 36 frames.
LOG (gmm-acc-stats-twofeats[5.2.132~9-82686]:main():gmm-acc-stats-twofeats.cc:146) Avg like per frame so far is -48.3976
LOG (gmm-acc-stats-twofeats[5.2.132~9-82686]:main():gmm-acc-stats-twofeats.cc:140) Average like for this file is -48.1818 over 47 frames.
LOG (gmm-acc-stats-twofeats[5.2.132~9-82686]:main():gmm-acc-stats-twofeats.cc:140) Average like for this file is -47.8226 over 42 frames.
LOG (gmm-acc-stats-twofeats[5.2.132~9-82686]:main():gmm-acc-stats-twofeats.cc:140) Average like for this file is -46.6922 over 44 frames.
LOG (gmm-acc-stats-twofeats[5.2.132~9-82686]:main():gmm-acc-stats-twofeats.cc:140) Average like for this file is -52.1828 over 22 frames.
LOG (gmm-acc-stats-twofeats[5.2.132~9-82686]:main():gmm-acc-stats-twofeats.cc:140) Average like for this file is -51.6363 over 21 frames.
LOG (gmm-acc-stats-twofeats[5.2.132~9-82686]:main():gmm-acc-stats-twofeats.cc:140) Average like for this file is -50.0654 over 44 frames.
LOG (gmm-acc-stats-twofeats[5.2.132~9-82686]:main():gmm-acc-stats-twofeats.cc:140) Average like for this file is -49.9962 over 36 frames.
LOG (gmm-acc-stats-twofeats[5.2.132~9-82686]:main():gmm-acc-stats-twofeats.cc:140) Average like for this file is -46.0514 over 39 frames.
LOG (gmm-acc-stats-twofeats[5.2.132~9-82686]:main():gmm-acc-stats-twofeats.cc:140) Average like for this file is -49.1489 over 35 frames.
LOG (gmm-acc-stats-twofeats[5.2.132~9-82686]:main():gmm-acc-stats-twofeats.cc:140) Average like for this file is -46.017 over 30 frames.
LOG (gmm-acc-stats-twofeats[5.2.132~9-82686]:main():gmm-acc-stats-twofeats.cc:146) Avg like per frame so far is -48.3994
LOG (gmm-acc-stats-twofeats[5.2.132~9-82686]:main():gmm-acc-stats-twofeats.cc:140) Average like for this file is -44.7397 over 38 frames.
LOG (gmm-acc-stats-twofeats[5.2.132~9-82686]:main():gmm-acc-stats-twofeats.cc:140) Average like for this file is -51.9628 over 18 frames.
LOG (gmm-acc-stats-twofeats[5.2.132~9-82686]:main():gmm-acc-stats-twofeats.cc:140) Average like for this file is -48.5651 over 23 frames.
LOG (gmm-acc-stats-twofeats[5.2.132~9-82686]:main():gmm-acc-stats-twofeats.cc:140) Average like for this file is -38.056 over 52 frames.
LOG (gmm-acc-stats-twofeats[5.2.132~9-82686]:main():gmm-acc-stats-twofeats.cc:140) Average like for this file is -60.8805 over 28 frames.
LOG (gmm-acc-stats-twofeats[5.2.132~9-82686]:main():gmm-acc-stats-twofeats.cc:140) Average like for this file is -50.4431 over 20 frames.
LOG (gmm-acc-stats-twofeats[5.2.132~9-82686]:main():gmm-acc-stats-twofeats.cc:140) Average like for this file is -46.8812 over 38 frames.
LOG (gmm-acc-stats-twofeats[5.2.132~9-82686]:main():gmm-acc-stats-twofeats.cc:140) Average like for this file is -47.4155 over 24 frames.
LOG (gmm-acc-stats-twofeats[5.2.132~9-82686]:main():gmm-acc-stats-twofeats.cc:140) Average like for this file is -54.5483 over 23 frames.
LOG (apply-cmvn[5.2.132~9-82686]:main():apply-cmvn.cc:162) Applied cepstral mean normalization to 590 utterances, errors on 0
LOG (gmm-acc-stats-twofeats[5.2.132~9-82686]:main():gmm-acc-stats-twofeats.cc:140) Average like for this file is -44.3037 over 29 frames.
LOG (gmm-acc-stats-twofeats[5.2.132~9-82686]:main():gmm-acc-stats-twofeats.cc:146) Avg like per frame so far is -48.3859
LOG (gmm-acc-stats-twofeats[5.2.132~9-82686]:main():gmm-acc-stats-twofeats.cc:140) Average like for this file is -51.3524 over 21 frames.
LOG (gmm-acc-stats-twofeats[5.2.132~9-82686]:main():gmm-acc-stats-twofeats.cc:140) Average like for this file is -46.6338 over 21 frames.
LOG (gmm-acc-stats-twofeats[5.2.132~9-82686]:main():gmm-acc-stats-twofeats.cc:140) Average like for this file is -46.2423 over 25 frames.
LOG (gmm-acc-stats-twofeats[5.2.132~9-82686]:main():gmm-acc-stats-twofeats.cc:140) Average like for this file is -52.0271 over 19 frames.
LOG (gmm-acc-stats-twofeats[5.2.132~9-82686]:main():gmm-acc-stats-twofeats.cc:140) Average like for this file is -54.1961 over 19 frames.
LOG (gmm-acc-stats-twofeats[5.2.132~9-82686]:main():gmm-acc-stats-twofeats.cc:140) Average like for this file is -49.4379 over 44 frames.
LOG (gmm-acc-stats-twofeats[5.2.132~9-82686]:main():gmm-acc-stats-twofeats.cc:140) Average like for this file is -51.7177 over 43 frames.
LOG (gmm-acc-stats-twofeats[5.2.132~9-82686]:main():gmm-acc-stats-twofeats.cc:140) Average like for this file is -49.6712 over 48 frames.
LOG (gmm-acc-stats-twofeats[5.2.132~9-82686]:main():gmm-acc-stats-twofeats.cc:140) Average like for this file is -52.1286 over 37 frames.
LOG (gmm-acc-stats-twofeats[5.2.132~9-82686]:main():gmm-acc-stats-twofeats.cc:140) Average like for this file is -48.9085 over 46 frames.
LOG (gmm-acc-stats-twofeats[5.2.132~9-82686]:main():gmm-acc-stats-twofeats.cc:146) Avg like per frame so far is -48.4131
LOG (gmm-acc-stats-twofeats[5.2.132~9-82686]:main():gmm-acc-stats-twofeats.cc:140) Average like for this file is -50.8828 over 46 frames.
LOG (gmm-acc-stats-twofeats[5.2.132~9-82686]:main():gmm-acc-stats-twofeats.cc:140) Average like for this file is -52.6908 over 44 frames.
LOG (apply-cmvn[5.2.132~9-82686]:main():apply-cmvn.cc:162) Applied cepstral mean normalization to 590 utterances, errors on 0
LOG (gmm-acc-stats-twofeats[5.2.132~9-82686]:main():gmm-acc-stats-twofeats.cc:140) Average like for this file is -57.3351 over 36 frames.
LOG (gmm-acc-stats-twofeats[5.2.132~9-82686]:main():gmm-acc-stats-twofeats.cc:140) Average like for this file is -55.465 over 32 frames.
LOG (gmm-acc-stats-twofeats[5.2.132~9-82686]:main():gmm-acc-stats-twofeats.cc:140) Average like for this file is -45.3144 over 63 frames.
LOG (gmm-acc-stats-twofeats[5.2.132~9-82686]:main():gmm-acc-stats-twofeats.cc:140) Average like for this file is -60.4044 over 24 frames.
LOG (gmm-acc-stats-twofeats[5.2.132~9-82686]:main():gmm-acc-stats-twofeats.cc:140) Average like for this file is -53.1548 over 28 frames.
LOG (gmm-acc-stats-twofeats[5.2.132~9-82686]:main():gmm-acc-stats-twofeats.cc:140) Average like for this file is -54.6593 over 32 frames.
LOG (gmm-acc-stats-twofeats[5.2.132~9-82686]:main():gmm-acc-stats-twofeats.cc:140) Average like for this file is -51.626 over 39 frames.
LOG (gmm-acc-stats-twofeats[5.2.132~9-82686]:main():gmm-acc-stats-twofeats.cc:140) Average like for this file is -50.9618 over 36 frames.
LOG (gmm-acc-stats-twofeats[5.2.132~9-82686]:main():gmm-acc-stats-twofeats.cc:146) Avg like per frame so far is -48.4835
LOG (gmm-acc-stats-twofeats[5.2.132~9-82686]:main():gmm-acc-stats-twofeats.cc:140) Average like for this file is -53.8507 over 39 frames.
LOG (gmm-acc-stats-twofeats[5.2.132~9-82686]:main():gmm-acc-stats-twofeats.cc:140) Average like for this file is -59.6153 over 22 frames.
LOG (gmm-acc-stats-twofeats[5.2.132~9-82686]:main():gmm-acc-stats-twofeats.cc:140) Average like for this file is -50.443 over 37 frames.
LOG (gmm-acc-stats-twofeats[5.2.132~9-82686]:main():gmm-acc-stats-twofeats.cc:140) Average like for this file is -53.6196 over 32 frames.
LOG (gmm-acc-stats-twofeats[5.2.132~9-82686]:main():gmm-acc-stats-twofeats.cc:140) Average like for this file is -51.3046 over 39 frames.
LOG (gmm-acc-stats-twofeats[5.2.132~9-82686]:main():gmm-acc-stats-twofeats.cc:140) Average like for this file is -50.8129 over 35 frames.
LOG (gmm-acc-stats-twofeats[5.2.132~9-82686]:main():gmm-acc-stats-twofeats.cc:140) Average like for this file is -52.9487 over 36 frames.
LOG (gmm-acc-stats-twofeats[5.2.132~9-82686]:main():gmm-acc-stats-twofeats.cc:140) Average like for this file is -57.0471 over 34 frames.
LOG (gmm-acc-stats-twofeats[5.2.132~9-82686]:main():gmm-acc-stats-twofeats.cc:140) Average like for this file is -52.2637 over 35 frames.
LOG (gmm-acc-stats-twofeats[5.2.132~9-82686]:main():gmm-acc-stats-twofeats.cc:140) Average like for this file is -53.9326 over 26 frames.
LOG (gmm-acc-stats-twofeats[5.2.132~9-82686]:main():gmm-acc-stats-twofeats.cc:146) Avg like per frame so far is -48.5582
LOG (gmm-acc-stats-twofeats[5.2.132~9-82686]:main():gmm-acc-stats-twofeats.cc:140) Average like for this file is -52.799 over 22 frames.
LOG (gmm-acc-stats-twofeats[5.2.132~9-82686]:main():gmm-acc-stats-twofeats.cc:140) Average like for this file is -46.3158 over 31 frames.
LOG (gmm-acc-stats-twofeats[5.2.132~9-82686]:main():gmm-acc-stats-twofeats.cc:140) Average like for this file is -51.1545 over 30 frames.
LOG (gmm-acc-stats-twofeats[5.2.132~9-82686]:main():gmm-acc-stats-twofeats.cc:140) Average like for this file is -59.0768 over 20 frames.
LOG (gmm-acc-stats-twofeats[5.2.132~9-82686]:main():gmm-acc-stats-twofeats.cc:140) Average like for this file is -47.397 over 25 frames.
LOG (gmm-acc-stats-twofeats[5.2.132~9-82686]:main():gmm-acc-stats-twofeats.cc:140) Average like for this file is -50.3172 over 23 frames.
LOG (gmm-acc-stats-twofeats[5.2.132~9-82686]:main():gmm-acc-stats-twofeats.cc:140) Average like for this file is -48.936 over 26 frames.
LOG (gmm-acc-stats-twofeats[5.2.132~9-82686]:main():gmm-acc-stats-twofeats.cc:140) Average like for this file is -48.7474 over 24 frames.
LOG (gmm-acc-stats-twofeats[5.2.132~9-82686]:main():gmm-acc-stats-twofeats.cc:140) Average like for this file is -57.554 over 26 frames.
LOG (gmm-acc-stats-twofeats[5.2.132~9-82686]:main():gmm-acc-stats-twofeats.cc:140) Average like for this file is -49.5937 over 24 frames.
LOG (gmm-acc-stats-twofeats[5.2.132~9-82686]:main():gmm-acc-stats-twofeats.cc:146) Avg like per frame so far is -48.5857
LOG (gmm-acc-stats-twofeats[5.2.132~9-82686]:main():gmm-acc-stats-twofeats.cc:140) Average like for this file is -48.3921 over 22 frames.
LOG (gmm-acc-stats-twofeats[5.2.132~9-82686]:main():gmm-acc-stats-twofeats.cc:140) Average like for this file is -42.1678 over 27 frames.
LOG (gmm-acc-stats-twofeats[5.2.132~9-82686]:main():gmm-acc-stats-twofeats.cc:140) Average like for this file is -37.7702 over 40 frames.
LOG (gmm-acc-stats-twofeats[5.2.132~9-82686]:main():gmm-acc-stats-twofeats.cc:140) Average like for this file is -49.6389 over 37 frames.
LOG (gmm-acc-stats-twofeats[5.2.132~9-82686]:main():gmm-acc-stats-twofeats.cc:140) Average like for this file is -43.958 over 42 frames.
LOG (gmm-acc-stats-twofeats[5.2.132~9-82686]:main():gmm-acc-stats-twofeats.cc:140) Average like for this file is -42.6821 over 45 frames.
LOG (gmm-acc-stats-twofeats[5.2.132~9-82686]:main():gmm-acc-stats-twofeats.cc:140) Average like for this file is -37.0124 over 33 frames.
LOG (gmm-acc-stats-twofeats[5.2.132~9-82686]:main():gmm-acc-stats-twofeats.cc:140) Average like for this file is -38.3807 over 26 frames.
LOG (gmm-acc-stats-twofeats[5.2.132~9-82686]:main():gmm-acc-stats-twofeats.cc:140) Average like for this file is -39.6803 over 30 frames.
LOG (gmm-acc-stats-twofeats[5.2.132~9-82686]:main():gmm-acc-stats-twofeats.cc:140) Average like for this file is -48.5023 over 22 frames.
LOG (gmm-acc-stats-twofeats[5.2.132~9-82686]:main():gmm-acc-stats-twofeats.cc:146) Avg like per frame so far is -48.4975
LOG (gmm-acc-stats-twofeats[5.2.132~9-82686]:main():gmm-acc-stats-twofeats.cc:140) Average like for this file is -43.8385 over 32 frames.
LOG (transform-feats[5.2.132~9-82686]:main():transform-feats.cc:158) Overall average [pseudo-]logdet is -84.1848 over 22731 frames.
LOG (transform-feats[5.2.132~9-82686]:main():transform-feats.cc:161) Applied transform to 590 utterances; 0 had errors.
LOG (gmm-acc-stats-twofeats[5.2.132~9-82686]:main():gmm-acc-stats-twofeats.cc:140) Average like for this file is -49.6274 over 30 frames.
LOG (gmm-acc-stats-twofeats[5.2.132~9-82686]:main():gmm-acc-stats-twofeats.cc:140) Average like for this file is -45.3075 over 33 frames.
LOG (gmm-acc-stats-twofeats[5.2.132~9-82686]:main():gmm-acc-stats-twofeats.cc:140) Average like for this file is -46.0655 over 50 frames.
LOG (gmm-acc-stats-twofeats[5.2.132~9-82686]:main():gmm-acc-stats-twofeats.cc:140) Average like for this file is -47.3477 over 35 frames.
LOG (gmm-acc-stats-twofeats[5.2.132~9-82686]:main():gmm-acc-stats-twofeats.cc:140) Average like for this file is -42.8656 over 29 frames.
LOG (gmm-acc-stats-twofeats[5.2.132~9-82686]:main():gmm-acc-stats-twofeats.cc:140) Average like for this file is -54.1973 over 30 frames.
LOG (gmm-acc-stats-twofeats[5.2.132~9-82686]:main():gmm-acc-stats-twofeats.cc:140) Average like for this file is -49.2712 over 37 frames.
LOG (gmm-acc-stats-twofeats[5.2.132~9-82686]:main():gmm-acc-stats-twofeats.cc:140) Average like for this file is -40.612 over 37 frames.
LOG (gmm-acc-stats-twofeats[5.2.132~9-82686]:main():gmm-acc-stats-twofeats.cc:140) Average like for this file is -43.1204 over 28 frames.
LOG (gmm-acc-stats-twofeats[5.2.132~9-82686]:main():gmm-acc-stats-twofeats.cc:146) Avg like per frame so far is -48.4623
LOG (gmm-acc-stats-twofeats[5.2.132~9-82686]:main():gmm-acc-stats-twofeats.cc:140) Average like for this file is -43.6304 over 25 frames.
LOG (transform-feats[5.2.132~9-82686]:main():transform-feats.cc:158) Overall average logdet is 3.98873 over 22731 frames.
LOG (transform-feats[5.2.132~9-82686]:main():transform-feats.cc:161) Applied transform to 590 utterances; 0 had errors.
LOG (gmm-acc-stats-twofeats[5.2.132~9-82686]:main():gmm-acc-stats-twofeats.cc:140) Average like for this file is -45.2015 over 29 frames.
LOG (gmm-acc-stats-twofeats[5.2.132~9-82686]:main():gmm-acc-stats-twofeats.cc:140) Average like for this file is -51.9682 over 29 frames.
LOG (transform-feats[5.2.132~9-82686]:main():transform-feats.cc:158) Overall average [pseudo-]logdet is -84.1848 over 22731 frames.
LOG (transform-feats[5.2.132~9-82686]:main():transform-feats.cc:161) Applied transform to 590 utterances; 0 had errors.
LOG (gmm-acc-stats-twofeats[5.2.132~9-82686]:main():gmm-acc-stats-twofeats.cc:140) Average like for this file is -47.8844 over 38 frames.
LOG (gmm-acc-stats-twofeats[5.2.132~9-82686]:main():gmm-acc-stats-twofeats.cc:140) Average like for this file is -49.4786 over 29 frames.
LOG (gmm-acc-stats-twofeats[5.2.132~9-82686]:main():gmm-acc-stats-twofeats.cc:140) Average like for this file is -47.642 over 33 frames.
LOG (gmm-acc-stats-twofeats[5.2.132~9-82686]:main():gmm-acc-stats-twofeats.cc:140) Average like for this file is -40.1777 over 26 frames.
LOG (gmm-acc-stats-twofeats[5.2.132~9-82686]:main():gmm-acc-stats-twofeats.cc:140) Average like for this file is -50.3503 over 27 frames.
LOG (gmm-acc-stats-twofeats[5.2.132~9-82686]:main():gmm-acc-stats-twofeats.cc:140) Average like for this file is -55.6582 over 29 frames.
LOG (gmm-acc-stats-twofeats[5.2.132~9-82686]:main():gmm-acc-stats-twofeats.cc:140) Average like for this file is -44.9034 over 37 frames.
LOG (gmm-acc-stats-twofeats[5.2.132~9-82686]:main():gmm-acc-stats-twofeats.cc:146) Avg like per frame so far is -48.4526
LOG (gmm-acc-stats-twofeats[5.2.132~9-82686]:main():gmm-acc-stats-twofeats.cc:150) Done 590 files, 0 with no posteriors, 0 with no second features, 0 with other errors.
LOG (gmm-acc-stats-twofeats[5.2.132~9-82686]:main():gmm-acc-stats-twofeats.cc:155) Overall avg like per frame (Gaussian only) = -48.4526 over 22731 frames.
LOG (gmm-acc-stats-twofeats[5.2.132~9-82686]:main():gmm-acc-stats-twofeats.cc:163) Written accs.
# Accounting: time=1 threads=1
# Ended (code 0) at Thu Nov  9 13:52:39 NZDT 2017, elapsed time 1 seconds
