# ali-to-post "ark:gunzip -c exp/tri3b/ali.2.gz|" ark:- | weight-silence-post 0.0 1:2:3:4:5:6:7:8:9:10 exp/tri3b/12.mdl ark:- ark:- | gmm-est-fmllr --fmllr-update-type=full --spk2utt=ark:data/train/split4/2/spk2utt exp/tri3b/12.mdl "ark,s,cs:apply-cmvn  --utt2spk=ark:data/train/split4/2/utt2spk scp:data/train/split4/2/cmvn.scp scp:data/train/split4/2/feats.scp ark:- | splice-feats --left-context=3 --right-context=3 ark:- ark:- | transform-feats exp/tri2b_ali/final.mat ark:- ark:- | transform-feats --utt2spk=ark:data/train/split4/2/utt2spk ark:exp/tri3b/trans.2 ark:- ark:- |" ark:- ark:exp/tri3b/tmp_trans.2 
# Started at Thu Nov  9 13:52:08 NZDT 2017
#
gmm-est-fmllr --fmllr-update-type=full --spk2utt=ark:data/train/split4/2/spk2utt exp/tri3b/12.mdl 'ark,s,cs:apply-cmvn  --utt2spk=ark:data/train/split4/2/utt2spk scp:data/train/split4/2/cmvn.scp scp:data/train/split4/2/feats.scp ark:- | splice-feats --left-context=3 --right-context=3 ark:- ark:- | transform-feats exp/tri2b_ali/final.mat ark:- ark:- | transform-feats --utt2spk=ark:data/train/split4/2/utt2spk ark:exp/tri3b/trans.2 ark:- ark:- |' ark:- ark:exp/tri3b/tmp_trans.2 
ali-to-post 'ark:gunzip -c exp/tri3b/ali.2.gz|' ark:- 
weight-silence-post 0.0 1:2:3:4:5:6:7:8:9:10 exp/tri3b/12.mdl ark:- ark:- 
apply-cmvn --utt2spk=ark:data/train/split4/2/utt2spk scp:data/train/split4/2/cmvn.scp scp:data/train/split4/2/feats.scp ark:- 
transform-feats exp/tri2b_ali/final.mat ark:- ark:- 
splice-feats --left-context=3 --right-context=3 ark:- ark:- 
transform-feats --utt2spk=ark:data/train/split4/2/utt2spk ark:exp/tri3b/trans.2 ark:- ark:- 
LOG (gmm-est-fmllr[5.2.132~9-82686]:ComputeFmllrMatrixDiagGmmFull():fmllr-diag-gmm.cc:262) fMLLR objf improvement is 0.0948796 per frame over 5014 frames.
LOG (gmm-est-fmllr[5.2.132~9-82686]:main():gmm-est-fmllr.cc:143) For speaker f006, auxf-impr from fMLLR is 0.0948796, over 5014 frames.
LOG (gmm-est-fmllr[5.2.132~9-82686]:ComputeFmllrMatrixDiagGmmFull():fmllr-diag-gmm.cc:262) fMLLR objf improvement is 0.147804 per frame over 3267 frames.
LOG (gmm-est-fmllr[5.2.132~9-82686]:main():gmm-est-fmllr.cc:143) For speaker f007, auxf-impr from fMLLR is 0.147804, over 3267 frames.
LOG (gmm-est-fmllr[5.2.132~9-82686]:ComputeFmllrMatrixDiagGmmFull():fmllr-diag-gmm.cc:262) fMLLR objf improvement is 0.119762 per frame over 4014 frames.
LOG (gmm-est-fmllr[5.2.132~9-82686]:main():gmm-est-fmllr.cc:143) For speaker f008, auxf-impr from fMLLR is 0.119762, over 4014 frames.
LOG (ali-to-post[5.2.132~9-82686]:main():ali-to-post.cc:73) Converted 590 alignments.
LOG (gmm-est-fmllr[5.2.132~9-82686]:ComputeFmllrMatrixDiagGmmFull():fmllr-diag-gmm.cc:262) fMLLR objf improvement is 0.127415 per frame over 3292 frames.
LOG (gmm-est-fmllr[5.2.132~9-82686]:main():gmm-est-fmllr.cc:143) For speaker f009, auxf-impr from fMLLR is 0.127415, over 3292 frames.
LOG (weight-silence-post[5.2.132~9-82686]:main():weight-silence-post.cc:95) Done 590 posteriors.
LOG (gmm-est-fmllr[5.2.132~9-82686]:ComputeFmllrMatrixDiagGmmFull():fmllr-diag-gmm.cc:262) fMLLR objf improvement is 0.208245 per frame over 2106 frames.
LOG (gmm-est-fmllr[5.2.132~9-82686]:main():gmm-est-fmllr.cc:143) For speaker f010, auxf-impr from fMLLR is 0.208245, over 2106 frames.
WARNING (gmm-est-fmllr[5.2.132~9-82686]:Update():fmllr-diag-gmm.cc:162) Not updating fMLLR since below min-count: count is 197
LOG (gmm-est-fmllr[5.2.132~9-82686]:main():gmm-est-fmllr.cc:143) For speaker f011, auxf-impr from fMLLR is 0, over 197 frames.
LOG (apply-cmvn[5.2.132~9-82686]:main():apply-cmvn.cc:162) Applied cepstral mean normalization to 590 utterances, errors on 0
LOG (transform-feats[5.2.132~9-82686]:main():transform-feats.cc:158) Overall average [pseudo-]logdet is -84.1848 over 22731 frames.
LOG (transform-feats[5.2.132~9-82686]:main():transform-feats.cc:161) Applied transform to 590 utterances; 0 had errors.
LOG (transform-feats[5.2.132~9-82686]:main():transform-feats.cc:158) Overall average logdet is 4.14049 over 22731 frames.
LOG (transform-feats[5.2.132~9-82686]:main():transform-feats.cc:161) Applied transform to 590 utterances; 0 had errors.
LOG (gmm-est-fmllr[5.2.132~9-82686]:ComputeFmllrMatrixDiagGmmFull():fmllr-diag-gmm.cc:262) fMLLR objf improvement is 0.135942 per frame over 3560 frames.
LOG (gmm-est-fmllr[5.2.132~9-82686]:main():gmm-est-fmllr.cc:143) For speaker m001, auxf-impr from fMLLR is 0.135942, over 3560 frames.
LOG (gmm-est-fmllr[5.2.132~9-82686]:main():gmm-est-fmllr.cc:188) Done 590 files, 0 with no posts, 0 with other errors.
LOG (gmm-est-fmllr[5.2.132~9-82686]:main():gmm-est-fmllr.cc:190) Overall fMLLR auxf impr per frame is 0.129664 over 21450 frames.
# Accounting: time=4 threads=1
# Ended (code 0) at Thu Nov  9 13:52:12 NZDT 2017, elapsed time 4 seconds
