# gmm-est --power=0.2 --write-occs=exp/tri3b/16.occs --mix-up=24248 exp/tri3b/15.mdl "gmm-sum-accs - exp/tri3b/15.*.acc |" exp/tri3b/16.mdl 
# Started at Thu Nov  9 13:52:15 NZDT 2017
#
gmm-est --power=0.2 --write-occs=exp/tri3b/16.occs --mix-up=24248 exp/tri3b/15.mdl 'gmm-sum-accs - exp/tri3b/15.*.acc |' exp/tri3b/16.mdl 
gmm-sum-accs - exp/tri3b/15.1.acc exp/tri3b/15.2.acc exp/tri3b/15.3.acc exp/tri3b/15.4.acc 
LOG (gmm-sum-accs[5.2.132~9-82686]:main():gmm-sum-accs.cc:63) Summed 4 stats, total count 93175, avg like/frame -49.1623
LOG (gmm-sum-accs[5.2.132~9-82686]:main():gmm-sum-accs.cc:66) Total count of stats is 93175
LOG (gmm-sum-accs[5.2.132~9-82686]:main():gmm-sum-accs.cc:67) Written stats to -
LOG (gmm-est[5.2.132~9-82686]:MleUpdate():transition-model.cc:517) TransitionModel::Update, objf change is -1.24103e-10 per frame over 93175 frames. 
LOG (gmm-est[5.2.132~9-82686]:MleUpdate():transition-model.cc:520) 77 probabilities floored, 1156 out of 1689 transition-states skipped due to insuffient data (it is normal to have some skipped.)
LOG (gmm-est[5.2.132~9-82686]:main():gmm-est.cc:102) Transition model update: Overall -1.24103e-10 log-like improvement per frame over 93175 frames.
WARNING (gmm-est[5.2.132~9-82686]:MleDiagGmmUpdate():mle-diag-gmm.cc:365) Gaussian has too little data but not removing it because it is the last Gaussian: i = 0, occ = 0, weight = 1
WARNING (gmm-est[5.2.132~9-82686]:MleDiagGmmUpdate():mle-diag-gmm.cc:359) Too little data - removing Gaussian (weight 0.024854, occupation count 9.991331, vector size 40)
WARNING (gmm-est[5.2.132~9-82686]:MleDiagGmmUpdate():mle-diag-gmm.cc:359) Too little data - removing Gaussian (weight 0.011236, occupation count 9.999994, vector size 40)
WARNING (gmm-est[5.2.132~9-82686]:MleDiagGmmUpdate():mle-diag-gmm.cc:359) Too little data - removing Gaussian (weight 0.030566, occupation count 9.964540, vector size 40)
WARNING (gmm-est[5.2.132~9-82686]:MleDiagGmmUpdate():mle-diag-gmm.cc:359) Too little data - removing Gaussian (weight 0.028079, occupation count 9.996134, vector size 40)
WARNING (gmm-est[5.2.132~9-82686]:MleDiagGmmUpdate():mle-diag-gmm.cc:359) Too little data - removing Gaussian (weight 0.033968, occupation count 9.884806, vector size 40)
WARNING (gmm-est[5.2.132~9-82686]:MleDiagGmmUpdate():mle-diag-gmm.cc:359) Too little data - removing Gaussian (weight 0.022725, occupation count 9.998946, vector size 40)
LOG (gmm-est[5.2.132~9-82686]:MleAmDiagGmmUpdate():mle-am-diag-gmm.cc:225) 0 variance elements floored in 0 Gaussians, out of 4458
LOG (gmm-est[5.2.132~9-82686]:MleAmDiagGmmUpdate():mle-am-diag-gmm.cc:229) Removed 6 Gaussians due to counts < --min-gaussian-occupancy=10 and --remove-low-count-gaussians=true
LOG (gmm-est[5.2.132~9-82686]:main():gmm-est.cc:113) GMM update: Overall 0.0223097 objective function improvement per frame over 93175 frames
LOG (gmm-est[5.2.132~9-82686]:main():gmm-est.cc:116) GMM update: Overall avg like per frame = -49.1623 over 93175 frames.
WARNING (gmm-est[5.2.132~9-82686]:GetSplitTargets():model-common.cc:134) Could not split up to 24248 due to min-count = 20 (or no counts at all)
LOG (gmm-est[5.2.132~9-82686]:SplitByCount():am-diag-gmm.cc:116) Split 411 states with target = 24248, power = 0.2, perturb_factor = 0.01 and min_count = 20, split #Gauss from 4458 to 4464
LOG (gmm-est[5.2.132~9-82686]:main():gmm-est.cc:146) Written model to exp/tri3b/16.mdl
# Accounting: time=0 threads=1
# Ended (code 0) at Thu Nov  9 13:52:15 NZDT 2017, elapsed time 0 seconds
