# lattice-determinize-pruned --acoustic-scale=0.083333 --beam=4.0 "ark:gunzip -c exp/tri3b_mmi/decode/lat.tmp.1.gz|" ark:- | lattice-to-post --acoustic-scale=0.083333 ark:- ark:- | weight-silence-post 0.01 1:2:3:4:5:6:7:8:9:10 exp/tri3b/final.mdl ark:- ark:- | gmm-est-fmllr --fmllr-update-type=full --spk2utt=ark:data/test/split4/1/spk2utt exp/tri3b/final.mdl "ark,s,cs:apply-cmvn  --utt2spk=ark:data/test/split4/1/utt2spk scp:data/test/split4/1/cmvn.scp scp:data/test/split4/1/feats.scp ark:- | splice-feats --left-context=3 --right-context=3 ark:- ark:- | transform-feats exp/tri3b_mmi/final.mat ark:- ark:- | transform-feats --utt2spk=ark:data/test/split4/1/utt2spk ark:exp/tri3b_mmi/decode/pre_trans.1 ark:- ark:- |" ark,s,cs:- ark:exp/tri3b_mmi/decode/trans_tmp.1 && compose-transforms --b-is-affine=true ark:exp/tri3b_mmi/decode/trans_tmp.1 ark:exp/tri3b_mmi/decode/pre_trans.1 ark:exp/tri3b_mmi/decode/trans.1 
# Started at Thu Nov  9 17:31:07 NZDT 2017
#
gmm-est-fmllr --fmllr-update-type=full --spk2utt=ark:data/test/split4/1/spk2utt exp/tri3b/final.mdl 'ark,s,cs:apply-cmvn  --utt2spk=ark:data/test/split4/1/utt2spk scp:data/test/split4/1/cmvn.scp scp:data/test/split4/1/feats.scp ark:- | splice-feats --left-context=3 --right-context=3 ark:- ark:- | transform-feats exp/tri3b_mmi/final.mat ark:- ark:- | transform-feats --utt2spk=ark:data/test/split4/1/utt2spk ark:exp/tri3b_mmi/decode/pre_trans.1 ark:- ark:- |' ark,s,cs:- ark:exp/tri3b_mmi/decode/trans_tmp.1 
lattice-to-post --acoustic-scale=0.083333 ark:- ark:- 
weight-silence-post 0.01 1:2:3:4:5:6:7:8:9:10 exp/tri3b/final.mdl ark:- ark:- 
lattice-determinize-pruned --acoustic-scale=0.083333 --beam=4.0 'ark:gunzip -c exp/tri3b_mmi/decode/lat.tmp.1.gz|' ark:- 
splice-feats --left-context=3 --right-context=3 ark:- ark:- 
apply-cmvn --utt2spk=ark:data/test/split4/1/utt2spk scp:data/test/split4/1/cmvn.scp scp:data/test/split4/1/feats.scp ark:- 
transform-feats --utt2spk=ark:data/test/split4/1/utt2spk ark:exp/tri3b_mmi/decode/pre_trans.1 ark:- ark:- 
transform-feats exp/tri3b_mmi/final.mat ark:- ark:- 
LOG (gmm-est-fmllr[5.2.132~9-82686]:ComputeFmllrMatrixDiagGmmFull():fmllr-diag-gmm.cc:262) fMLLR objf improvement is 0.424623 per frame over 3394.75 frames.
LOG (gmm-est-fmllr[5.2.132~9-82686]:main():gmm-est-fmllr.cc:143) For speaker yf001, auxf-impr from fMLLR is 0.424623, over 3394.75 frames.
LOG (gmm-est-fmllr[5.2.132~9-82686]:ComputeFmllrMatrixDiagGmmFull():fmllr-diag-gmm.cc:262) fMLLR objf improvement is 0.281258 per frame over 5487.16 frames.
LOG (gmm-est-fmllr[5.2.132~9-82686]:main():gmm-est-fmllr.cc:143) For speaker yf002, auxf-impr from fMLLR is 0.281258, over 5487.16 frames.
LOG (gmm-est-fmllr[5.2.132~9-82686]:ComputeFmllrMatrixDiagGmmFull():fmllr-diag-gmm.cc:262) fMLLR objf improvement is 0.513235 per frame over 3954.23 frames.
LOG (gmm-est-fmllr[5.2.132~9-82686]:main():gmm-est-fmllr.cc:143) For speaker yf003, auxf-impr from fMLLR is 0.513235, over 3954.23 frames.
LOG (apply-cmvn[5.2.132~9-82686]:main():apply-cmvn.cc:162) Applied cepstral mean normalization to 489 utterances, errors on 0
LOG (transform-feats[5.2.132~9-82686]:main():transform-feats.cc:158) Overall average [pseudo-]logdet is 37.9074 over 22318 frames.
LOG (transform-feats[5.2.132~9-82686]:main():transform-feats.cc:161) Applied transform to 489 utterances; 0 had errors.
LOG (transform-feats[5.2.132~9-82686]:main():transform-feats.cc:158) Overall average logdet is 1.58865 over 22318 frames.
LOG (transform-feats[5.2.132~9-82686]:main():transform-feats.cc:161) Applied transform to 489 utterances; 0 had errors.
LOG (lattice-determinize-pruned[5.2.132~9-82686]:main():lattice-determinize-pruned.cc:130) Average input-lattice depth (measured at at state level) is 7.17264, output depth is 1.37387, over 22318 frames  (average num-frames = 45.6401).
LOG (lattice-determinize-pruned[5.2.132~9-82686]:main():lattice-determinize-pruned.cc:135) Done 489 lattices, determinization finished earlier than specified by the beam (or output was empty) on 0 of these.
LOG (lattice-to-post[5.2.132~9-82686]:main():lattice-to-post.cc:106) Overall average log-like/frame is -4.694 over 22318 frames.  Average acoustic like/frame is -4.47768
LOG (lattice-to-post[5.2.132~9-82686]:main():lattice-to-post.cc:110) Done 489 lattices.
LOG (weight-silence-post[5.2.132~9-82686]:main():weight-silence-post.cc:95) Done 489 posteriors.
LOG (gmm-est-fmllr[5.2.132~9-82686]:ComputeFmllrMatrixDiagGmmFull():fmllr-diag-gmm.cc:262) fMLLR objf improvement is 0.45281 per frame over 4349.97 frames.
LOG (gmm-est-fmllr[5.2.132~9-82686]:main():gmm-est-fmllr.cc:143) For speaker yf004, auxf-impr from fMLLR is 0.45281, over 4349.97 frames.
LOG (gmm-est-fmllr[5.2.132~9-82686]:main():gmm-est-fmllr.cc:188) Done 489 files, 0 with no posts, 0 with other errors.
LOG (gmm-est-fmllr[5.2.132~9-82686]:main():gmm-est-fmllr.cc:190) Overall fMLLR auxf impr per frame is 0.406372 over 17186.1 frames.
compose-transforms --b-is-affine=true ark:exp/tri3b_mmi/decode/trans_tmp.1 ark:exp/tri3b_mmi/decode/pre_trans.1 ark:exp/tri3b_mmi/decode/trans.1 
# Accounting: time=6 threads=1
# Ended (code 0) at Thu Nov  9 17:31:13 NZDT 2017, elapsed time 6 seconds
