# gmm-rescore-lattice exp/tri3b_mmi/3.mdl "ark:gunzip -c exp/tri3b_denlats/lat.4.gz|" "ark,s,cs:apply-cmvn  --utt2spk=ark:data/train/split4/4/utt2spk scp:data/train/split4/4/cmvn.scp scp:data/train/split4/4/feats.scp ark:- | splice-feats --left-context=3 --right-context=3 ark:- ark:- | transform-feats exp/tri3b_ali/final.mat ark:- ark:- | transform-feats --utt2spk=ark:data/train/split4/4/utt2spk ark,s,cs:exp/tri3b_ali/trans.4 ark:- ark:- |" ark:- | lattice-to-post --acoustic-scale=0.1 ark:- ark:- | sum-post --drop-frames=false --merge=true --scale1=-1 ark:- "ark,s,cs:gunzip -c exp/tri3b_ali/ali.4.gz | ali-to-post ark:- ark:- |" ark:- | gmm-acc-stats2 exp/tri3b_mmi/3.mdl "ark,s,cs:apply-cmvn  --utt2spk=ark:data/train/split4/4/utt2spk scp:data/train/split4/4/cmvn.scp scp:data/train/split4/4/feats.scp ark:- | splice-feats --left-context=3 --right-context=3 ark:- ark:- | transform-feats exp/tri3b_ali/final.mat ark:- ark:- | transform-feats --utt2spk=ark:data/train/split4/4/utt2spk ark,s,cs:exp/tri3b_ali/trans.4 ark:- ark:- |" ark,s,cs:- exp/tri3b_mmi/num_acc.3.4.acc exp/tri3b_mmi/den_acc.3.4.acc 
# Started at Thu Nov  9 17:30:03 NZDT 2017
#
gmm-acc-stats2 exp/tri3b_mmi/3.mdl 'ark,s,cs:apply-cmvn  --utt2spk=ark:data/train/split4/4/utt2spk scp:data/train/split4/4/cmvn.scp scp:data/train/split4/4/feats.scp ark:- | splice-feats --left-context=3 --right-context=3 ark:- ark:- | transform-feats exp/tri3b_ali/final.mat ark:- ark:- | transform-feats --utt2spk=ark:data/train/split4/4/utt2spk ark,s,cs:exp/tri3b_ali/trans.4 ark:- ark:- |' ark,s,cs:- exp/tri3b_mmi/num_acc.3.4.acc exp/tri3b_mmi/den_acc.3.4.acc 
sum-post --drop-frames=false --merge=true --scale1=-1 ark:- 'ark,s,cs:gunzip -c exp/tri3b_ali/ali.4.gz | ali-to-post ark:- ark:- |' ark:- 
lattice-to-post --acoustic-scale=0.1 ark:- ark:- 
gmm-rescore-lattice exp/tri3b_mmi/3.mdl 'ark:gunzip -c exp/tri3b_denlats/lat.4.gz|' 'ark,s,cs:apply-cmvn  --utt2spk=ark:data/train/split4/4/utt2spk scp:data/train/split4/4/cmvn.scp scp:data/train/split4/4/feats.scp ark:- | splice-feats --left-context=3 --right-context=3 ark:- ark:- | transform-feats exp/tri3b_ali/final.mat ark:- ark:- | transform-feats --utt2spk=ark:data/train/split4/4/utt2spk ark,s,cs:exp/tri3b_ali/trans.4 ark:- ark:- |' ark:- 
apply-cmvn --utt2spk=ark:data/train/split4/4/utt2spk scp:data/train/split4/4/cmvn.scp scp:data/train/split4/4/feats.scp ark:- 
splice-feats --left-context=3 --right-context=3 ark:- ark:- 
transform-feats --utt2spk=ark:data/train/split4/4/utt2spk ark,s,cs:exp/tri3b_ali/trans.4 ark:- ark:- 
transform-feats exp/tri3b_ali/final.mat ark:- ark:- 
splice-feats --left-context=3 --right-context=3 ark:- ark:- 
transform-feats --utt2spk=ark:data/train/split4/4/utt2spk ark,s,cs:exp/tri3b_ali/trans.4 ark:- ark:- 
apply-cmvn --utt2spk=ark:data/train/split4/4/utt2spk scp:data/train/split4/4/cmvn.scp scp:data/train/split4/4/feats.scp ark:- 
transform-feats exp/tri3b_ali/final.mat ark:- ark:- 
ali-to-post ark:- ark:- 
LOG (ali-to-post[5.2.132~9-82686]:main():ali-to-post.cc:73) Converted 689 alignments.
LOG (apply-cmvn[5.2.132~9-82686]:main():apply-cmvn.cc:162) Applied cepstral mean normalization to 689 utterances, errors on 0
LOG (apply-cmvn[5.2.132~9-82686]:main():apply-cmvn.cc:162) Applied cepstral mean normalization to 689 utterances, errors on 0
LOG (transform-feats[5.2.132~9-82686]:main():transform-feats.cc:158) Overall average [pseudo-]logdet is 37.9074 over 26003 frames.
LOG (transform-feats[5.2.132~9-82686]:main():transform-feats.cc:161) Applied transform to 689 utterances; 0 had errors.
LOG (transform-feats[5.2.132~9-82686]:main():transform-feats.cc:158) Overall average logdet is 1.14623 over 26003 frames.
LOG (transform-feats[5.2.132~9-82686]:main():transform-feats.cc:161) Applied transform to 689 utterances; 0 had errors.
LOG (gmm-rescore-lattice[5.2.132~9-82686]:main():gmm-rescore-lattice.cc:103) Done 689 lattices with errors on 0, #frames is 26003
LOG (transform-feats[5.2.132~9-82686]:main():transform-feats.cc:158) Overall average [pseudo-]logdet is 37.9074 over 26003 frames.
LOG (transform-feats[5.2.132~9-82686]:main():transform-feats.cc:161) Applied transform to 689 utterances; 0 had errors.
LOG (transform-feats[5.2.132~9-82686]:main():transform-feats.cc:158) Overall average logdet is 1.14623 over 26003 frames.
LOG (transform-feats[5.2.132~9-82686]:main():transform-feats.cc:161) Applied transform to 689 utterances; 0 had errors.
LOG (lattice-to-post[5.2.132~9-82686]:main():lattice-to-post.cc:106) Overall average log-like/frame is -5.0373 over 26003 frames.  Average acoustic like/frame is -4.78879
LOG (lattice-to-post[5.2.132~9-82686]:main():lattice-to-post.cc:110) Done 689 lattices.
LOG (sum-post[5.2.132~9-82686]:main():sum-post.cc:97) Processed 26003 frames; for 2 frames there was no overlap, i.e. 0.00769142% (e.g. numerator path not in denominator lattice)
LOG (gmm-acc-stats2[5.2.132~9-82686]:main():gmm-acc-stats2.cc:130) Done 689 files, 0 had errors.
LOG (sum-post[5.2.132~9-82686]:main():sum-post.cc:101) Done adding 689 posteriors;  0 with errors.
LOG (gmm-acc-stats2[5.2.132~9-82686]:main():gmm-acc-stats2.cc:133) Overall weighted acoustic likelihood per frame was 1.98726e-05 over 26003 frames; average weight per frame was -5.37239e-12
LOG (gmm-acc-stats2[5.2.132~9-82686]:main():gmm-acc-stats2.cc:147) Written accs.
# Accounting: time=2 threads=1
# Ended (code 0) at Thu Nov  9 17:30:05 NZDT 2017, elapsed time 2 seconds
