# gmm-rescore-lattice exp/tri3b_mmi/0.mdl "ark:gunzip -c exp/tri3b_denlats/lat.2.gz|" "ark,s,cs:apply-cmvn  --utt2spk=ark:data/train/split4/2/utt2spk scp:data/train/split4/2/cmvn.scp scp:data/train/split4/2/feats.scp ark:- | splice-feats --left-context=3 --right-context=3 ark:- ark:- | transform-feats exp/tri3b_ali/final.mat ark:- ark:- | transform-feats --utt2spk=ark:data/train/split4/2/utt2spk ark,s,cs:exp/tri3b_ali/trans.2 ark:- ark:- |" ark:- | lattice-to-post --acoustic-scale=0.1 ark:- ark:- | sum-post --drop-frames=false --merge=true --scale1=-1 ark:- "ark,s,cs:gunzip -c exp/tri3b_ali/ali.2.gz | ali-to-post ark:- ark:- |" ark:- | gmm-acc-stats2 exp/tri3b_mmi/0.mdl "ark,s,cs:apply-cmvn  --utt2spk=ark:data/train/split4/2/utt2spk scp:data/train/split4/2/cmvn.scp scp:data/train/split4/2/feats.scp ark:- | splice-feats --left-context=3 --right-context=3 ark:- ark:- | transform-feats exp/tri3b_ali/final.mat ark:- ark:- | transform-feats --utt2spk=ark:data/train/split4/2/utt2spk ark,s,cs:exp/tri3b_ali/trans.2 ark:- ark:- |" ark,s,cs:- exp/tri3b_mmi/num_acc.0.2.acc exp/tri3b_mmi/den_acc.0.2.acc 
# Started at Thu Nov  9 17:29:53 NZDT 2017
#
gmm-acc-stats2 exp/tri3b_mmi/0.mdl 'ark,s,cs:apply-cmvn  --utt2spk=ark:data/train/split4/2/utt2spk scp:data/train/split4/2/cmvn.scp scp:data/train/split4/2/feats.scp ark:- | splice-feats --left-context=3 --right-context=3 ark:- ark:- | transform-feats exp/tri3b_ali/final.mat ark:- ark:- | transform-feats --utt2spk=ark:data/train/split4/2/utt2spk ark,s,cs:exp/tri3b_ali/trans.2 ark:- ark:- |' ark,s,cs:- exp/tri3b_mmi/num_acc.0.2.acc exp/tri3b_mmi/den_acc.0.2.acc 
gmm-rescore-lattice exp/tri3b_mmi/0.mdl 'ark:gunzip -c exp/tri3b_denlats/lat.2.gz|' 'ark,s,cs:apply-cmvn  --utt2spk=ark:data/train/split4/2/utt2spk scp:data/train/split4/2/cmvn.scp scp:data/train/split4/2/feats.scp ark:- | splice-feats --left-context=3 --right-context=3 ark:- ark:- | transform-feats exp/tri3b_ali/final.mat ark:- ark:- | transform-feats --utt2spk=ark:data/train/split4/2/utt2spk ark,s,cs:exp/tri3b_ali/trans.2 ark:- ark:- |' ark:- 
sum-post --drop-frames=false --merge=true --scale1=-1 ark:- 'ark,s,cs:gunzip -c exp/tri3b_ali/ali.2.gz | ali-to-post ark:- ark:- |' ark:- 
transform-feats --utt2spk=ark:data/train/split4/2/utt2spk ark,s,cs:exp/tri3b_ali/trans.2 ark:- ark:- 
transform-feats exp/tri3b_ali/final.mat ark:- ark:- 
lattice-to-post --acoustic-scale=0.1 ark:- ark:- 
splice-feats --left-context=3 --right-context=3 ark:- ark:- 
apply-cmvn --utt2spk=ark:data/train/split4/2/utt2spk scp:data/train/split4/2/cmvn.scp scp:data/train/split4/2/feats.scp ark:- 
transform-feats exp/tri3b_ali/final.mat ark:- ark:- 
apply-cmvn --utt2spk=ark:data/train/split4/2/utt2spk scp:data/train/split4/2/cmvn.scp scp:data/train/split4/2/feats.scp ark:- 
transform-feats --utt2spk=ark:data/train/split4/2/utt2spk ark,s,cs:exp/tri3b_ali/trans.2 ark:- ark:- 
splice-feats --left-context=3 --right-context=3 ark:- ark:- 
ali-to-post ark:- ark:- 
LOG (apply-cmvn[5.2.132~9-82686]:main():apply-cmvn.cc:162) Applied cepstral mean normalization to 590 utterances, errors on 0
LOG (transform-feats[5.2.132~9-82686]:main():transform-feats.cc:158) Overall average [pseudo-]logdet is 37.9074 over 22731 frames.
LOG (transform-feats[5.2.132~9-82686]:main():transform-feats.cc:161) Applied transform to 590 utterances; 0 had errors.
LOG (transform-feats[5.2.132~9-82686]:main():transform-feats.cc:158) Overall average logdet is 3.39591 over 22731 frames.
LOG (transform-feats[5.2.132~9-82686]:main():transform-feats.cc:161) Applied transform to 590 utterances; 0 had errors.
LOG (gmm-rescore-lattice[5.2.132~9-82686]:main():gmm-rescore-lattice.cc:103) Done 590 lattices with errors on 0, #frames is 22731
LOG (ali-to-post[5.2.132~9-82686]:main():ali-to-post.cc:73) Converted 590 alignments.
LOG (lattice-to-post[5.2.132~9-82686]:main():lattice-to-post.cc:106) Overall average log-like/frame is -5.0041 over 22731 frames.  Average acoustic like/frame is -4.75803
LOG (lattice-to-post[5.2.132~9-82686]:main():lattice-to-post.cc:110) Done 590 lattices.
LOG (apply-cmvn[5.2.132~9-82686]:main():apply-cmvn.cc:162) Applied cepstral mean normalization to 590 utterances, errors on 0
LOG (transform-feats[5.2.132~9-82686]:main():transform-feats.cc:158) Overall average [pseudo-]logdet is 37.9074 over 22731 frames.
LOG (transform-feats[5.2.132~9-82686]:main():transform-feats.cc:161) Applied transform to 590 utterances; 0 had errors.
LOG (transform-feats[5.2.132~9-82686]:main():transform-feats.cc:158) Overall average logdet is 3.39591 over 22731 frames.
LOG (transform-feats[5.2.132~9-82686]:main():transform-feats.cc:161) Applied transform to 590 utterances; 0 had errors.
LOG (gmm-acc-stats2[5.2.132~9-82686]:main():gmm-acc-stats2.cc:130) Done 590 files, 0 had errors.
LOG (sum-post[5.2.132~9-82686]:main():sum-post.cc:97) Processed 22731 frames; for 0 frames there was no overlap, i.e. 0% (e.g. numerator path not in denominator lattice)
LOG (sum-post[5.2.132~9-82686]:main():sum-post.cc:101) Done adding 590 posteriors;  0 with errors.
LOG (gmm-acc-stats2[5.2.132~9-82686]:main():gmm-acc-stats2.cc:133) Overall weighted acoustic likelihood per frame was 7.75128e-05 over 22731 frames; average weight per frame was 5.87941e-12
LOG (gmm-acc-stats2[5.2.132~9-82686]:main():gmm-acc-stats2.cc:147) Written accs.
# Accounting: time=2 threads=1
# Ended (code 0) at Thu Nov  9 17:29:55 NZDT 2017, elapsed time 2 seconds
