# build-tree --verbose=1 --max-leaves=2000 --cluster-thresh=-1 exp/tri1/treeacc data/lang/phones/roots.int exp/tri1/questions.qst data/lang/topo exp/tri1/tree 
# Started at Thu Nov  9 13:48:58 NZDT 2017
#
build-tree --verbose=1 --max-leaves=2000 --cluster-thresh=-1 exp/tri1/treeacc data/lang/phones/roots.int exp/tri1/questions.qst data/lang/topo exp/tri1/tree 
LOG (build-tree[5.2.132~9-82686]:main():build-tree.cc:100) Number of separate statistics is 1160
LOG (build-tree[5.2.132~9-82686]:BuildTree():build-tree.cc:159) BuildTree: before building trees, map has 30 leaves.
LOG (build-tree[5.2.132~9-82686]:SplitDecisionTree():build-tree-utils.cc:577) DoDecisionTreeSplit: split 380 times, #leaves now 410
LOG (build-tree[5.2.132~9-82686]:BuildTree():build-tree.cc:185) Setting clustering threshold to smallest split 300.441
VLOG[1] (build-tree[5.2.132~9-82686]:BuildTree():build-tree.cc:194) After decision tree split, num-leaves = 410, like-impr = 5.0965 per frame over 93175 frames.
VLOG[1] (build-tree[5.2.132~9-82686]:BuildTree():build-tree.cc:198) Including just phones that were split, improvement is 5.0965 per frame over 93175 frames.
LOG (build-tree[5.2.132~9-82686]:BuildTree():build-tree.cc:213) BuildTree: removed 52 leaves.
VLOG[1] (build-tree[5.2.132~9-82686]:BuildTree():build-tree.cc:220) Objf change due to clustering -0.111629 per frame.
VLOG[1] (build-tree[5.2.132~9-82686]:BuildTree():build-tree.cc:223) Normalizing over only split phones, this is: -0.111629 per frame.
VLOG[1] (build-tree[5.2.132~9-82686]:BuildTree():build-tree.cc:226) Num-leaves is now 358
VLOG[1] (build-tree[5.2.132~9-82686]:main():build-tree.cc:138) For pdf-id 1, low count 0
VLOG[1] (build-tree[5.2.132~9-82686]:main():build-tree.cc:138) For pdf-id 15, low count 44
VLOG[1] (build-tree[5.2.132~9-82686]:main():build-tree.cc:138) For pdf-id 45, low count 86
VLOG[1] (build-tree[5.2.132~9-82686]:main():build-tree.cc:138) For pdf-id 47, low count 47
VLOG[1] (build-tree[5.2.132~9-82686]:main():build-tree.cc:138) For pdf-id 59, low count 72
VLOG[1] (build-tree[5.2.132~9-82686]:main():build-tree.cc:138) For pdf-id 64, low count 72
VLOG[1] (build-tree[5.2.132~9-82686]:main():build-tree.cc:138) For pdf-id 68, low count 98
VLOG[1] (build-tree[5.2.132~9-82686]:main():build-tree.cc:138) For pdf-id 80, low count 97
VLOG[1] (build-tree[5.2.132~9-82686]:main():build-tree.cc:138) For pdf-id 84, low count 68
VLOG[1] (build-tree[5.2.132~9-82686]:main():build-tree.cc:138) For pdf-id 95, low count 83
VLOG[1] (build-tree[5.2.132~9-82686]:main():build-tree.cc:138) For pdf-id 96, low count 64
VLOG[1] (build-tree[5.2.132~9-82686]:main():build-tree.cc:138) For pdf-id 97, low count 66
VLOG[1] (build-tree[5.2.132~9-82686]:main():build-tree.cc:138) For pdf-id 98, low count 96
VLOG[1] (build-tree[5.2.132~9-82686]:main():build-tree.cc:138) For pdf-id 100, low count 61
VLOG[1] (build-tree[5.2.132~9-82686]:main():build-tree.cc:138) For pdf-id 106, low count 72
VLOG[1] (build-tree[5.2.132~9-82686]:main():build-tree.cc:138) For pdf-id 109, low count 88
VLOG[1] (build-tree[5.2.132~9-82686]:main():build-tree.cc:138) For pdf-id 110, low count 89
VLOG[1] (build-tree[5.2.132~9-82686]:main():build-tree.cc:138) For pdf-id 111, low count 97
VLOG[1] (build-tree[5.2.132~9-82686]:main():build-tree.cc:138) For pdf-id 119, low count 85
VLOG[1] (build-tree[5.2.132~9-82686]:main():build-tree.cc:138) For pdf-id 123, low count 80
VLOG[1] (build-tree[5.2.132~9-82686]:main():build-tree.cc:138) For pdf-id 124, low count 93
VLOG[1] (build-tree[5.2.132~9-82686]:main():build-tree.cc:138) For pdf-id 127, low count 74
VLOG[1] (build-tree[5.2.132~9-82686]:main():build-tree.cc:138) For pdf-id 132, low count 64
VLOG[1] (build-tree[5.2.132~9-82686]:main():build-tree.cc:138) For pdf-id 134, low count 92
VLOG[1] (build-tree[5.2.132~9-82686]:main():build-tree.cc:138) For pdf-id 135, low count 95
VLOG[1] (build-tree[5.2.132~9-82686]:main():build-tree.cc:138) For pdf-id 137, low count 77
VLOG[1] (build-tree[5.2.132~9-82686]:main():build-tree.cc:138) For pdf-id 140, low count 50
VLOG[1] (build-tree[5.2.132~9-82686]:main():build-tree.cc:138) For pdf-id 144, low count 47
VLOG[1] (build-tree[5.2.132~9-82686]:main():build-tree.cc:138) For pdf-id 147, low count 86
VLOG[1] (build-tree[5.2.132~9-82686]:main():build-tree.cc:138) For pdf-id 149, low count 44
VLOG[1] (build-tree[5.2.132~9-82686]:main():build-tree.cc:138) For pdf-id 156, low count 88
VLOG[1] (build-tree[5.2.132~9-82686]:main():build-tree.cc:138) For pdf-id 162, low count 87
VLOG[1] (build-tree[5.2.132~9-82686]:main():build-tree.cc:138) For pdf-id 170, low count 99
VLOG[1] (build-tree[5.2.132~9-82686]:main():build-tree.cc:138) For pdf-id 174, low count 69
VLOG[1] (build-tree[5.2.132~9-82686]:main():build-tree.cc:138) For pdf-id 182, low count 93
VLOG[1] (build-tree[5.2.132~9-82686]:main():build-tree.cc:138) For pdf-id 185, low count 74
VLOG[1] (build-tree[5.2.132~9-82686]:main():build-tree.cc:138) For pdf-id 197, low count 64
VLOG[1] (build-tree[5.2.132~9-82686]:main():build-tree.cc:138) For pdf-id 199, low count 94
VLOG[1] (build-tree[5.2.132~9-82686]:main():build-tree.cc:138) For pdf-id 204, low count 89
VLOG[1] (build-tree[5.2.132~9-82686]:main():build-tree.cc:138) For pdf-id 206, low count 87
VLOG[1] (build-tree[5.2.132~9-82686]:main():build-tree.cc:138) For pdf-id 211, low count 86
VLOG[1] (build-tree[5.2.132~9-82686]:main():build-tree.cc:138) For pdf-id 225, low count 88
VLOG[1] (build-tree[5.2.132~9-82686]:main():build-tree.cc:138) For pdf-id 234, low count 67
VLOG[1] (build-tree[5.2.132~9-82686]:main():build-tree.cc:138) For pdf-id 246, low count 98
VLOG[1] (build-tree[5.2.132~9-82686]:main():build-tree.cc:138) For pdf-id 247, low count 42
VLOG[1] (build-tree[5.2.132~9-82686]:main():build-tree.cc:138) For pdf-id 252, low count 59
VLOG[1] (build-tree[5.2.132~9-82686]:main():build-tree.cc:138) For pdf-id 254, low count 61
VLOG[1] (build-tree[5.2.132~9-82686]:main():build-tree.cc:138) For pdf-id 265, low count 33
VLOG[1] (build-tree[5.2.132~9-82686]:main():build-tree.cc:138) For pdf-id 266, low count 99
VLOG[1] (build-tree[5.2.132~9-82686]:main():build-tree.cc:138) For pdf-id 275, low count 64
VLOG[1] (build-tree[5.2.132~9-82686]:main():build-tree.cc:138) For pdf-id 283, low count 69
VLOG[1] (build-tree[5.2.132~9-82686]:main():build-tree.cc:138) For pdf-id 294, low count 65
VLOG[1] (build-tree[5.2.132~9-82686]:main():build-tree.cc:138) For pdf-id 297, low count 68
VLOG[1] (build-tree[5.2.132~9-82686]:main():build-tree.cc:138) For pdf-id 300, low count 62
VLOG[1] (build-tree[5.2.132~9-82686]:main():build-tree.cc:138) For pdf-id 308, low count 62
VLOG[1] (build-tree[5.2.132~9-82686]:main():build-tree.cc:138) For pdf-id 322, low count 98
VLOG[1] (build-tree[5.2.132~9-82686]:main():build-tree.cc:138) For pdf-id 329, low count 67
VLOG[1] (build-tree[5.2.132~9-82686]:main():build-tree.cc:138) For pdf-id 330, low count 97
VLOG[1] (build-tree[5.2.132~9-82686]:main():build-tree.cc:138) For pdf-id 335, low count 42
VLOG[1] (build-tree[5.2.132~9-82686]:main():build-tree.cc:138) For pdf-id 352, low count 88
VLOG[1] (build-tree[5.2.132~9-82686]:main():build-tree.cc:138) For pdf-id 355, low count 71
WARNING (build-tree[5.2.132~9-82686]:main():build-tree.cc:180) Saw no stats for following phones: 2 3 4 5 6 7 8 9 10 12 14 15 18 19 21 22 23 26 27 30 31 34 35 38 39 42 44 46 48 50 51 53 54 58 60 62 66 67 70 74 76 78 79 82 84 86 87 90 91 94 95 98 99 100 102 103 106 110 112 114 115 116 118 120 122 
LOG (build-tree[5.2.132~9-82686]:main():build-tree.cc:184) Wrote tree
# Accounting: time=1 threads=1
# Ended (code 0) at Thu Nov  9 13:48:59 NZDT 2017, elapsed time 1 seconds
