# gmm-init-model --write-occs=exp/tri1/1.occs exp/tri1/tree exp/tri1/treeacc data/lang/topo exp/tri1/1.mdl 
# Started at Thu Nov  9 13:48:59 NZDT 2017
#
gmm-init-model --write-occs=exp/tri1/1.occs exp/tri1/tree exp/tri1/treeacc data/lang/topo exp/tri1/1.mdl 
LOG (gmm-init-model[5.2.132~9-82686]:main():gmm-init-model.cc:271) Number of separate statistics is 1160
WARNING (gmm-init-model[5.2.132~9-82686]:InitAmGmm():gmm-init-model.cc:55) Tree has pdf-id 1 with no stats; corresponding phone list: 6 7 8 9 10 
WARNING (gmm-init-model[5.2.132~9-82686]:InitAmGmm():gmm-init-model.cc:83) Very small count for state 15: 44; corresponding phone list: 63 64 65 66 
WARNING (gmm-init-model[5.2.132~9-82686]:InitAmGmm():gmm-init-model.cc:83) Very small count for state 45: 86; corresponding phone list: 111 112 113 114 
WARNING (gmm-init-model[5.2.132~9-82686]:InitAmGmm():gmm-init-model.cc:83) Very small count for state 47: 47; corresponding phone list: 119 120 121 122 
WARNING (gmm-init-model[5.2.132~9-82686]:InitAmGmm():gmm-init-model.cc:83) Very small count for state 59: 72; corresponding phone list: 43 44 45 46 
WARNING (gmm-init-model[5.2.132~9-82686]:InitAmGmm():gmm-init-model.cc:83) Very small count for state 64: 72; corresponding phone list: 115 116 117 118 
WARNING (gmm-init-model[5.2.132~9-82686]:InitAmGmm():gmm-init-model.cc:83) Very small count for state 68: 98; corresponding phone list: 35 36 37 38 
WARNING (gmm-init-model[5.2.132~9-82686]:InitAmGmm():gmm-init-model.cc:83) Very small count for state 80: 97; corresponding phone list: 79 80 81 82 
WARNING (gmm-init-model[5.2.132~9-82686]:InitAmGmm():gmm-init-model.cc:83) Very small count for state 84: 68; corresponding phone list: 119 120 121 122 
WARNING (gmm-init-model[5.2.132~9-82686]:InitAmGmm():gmm-init-model.cc:83) Very small count for state 95: 83; corresponding phone list: 63 64 65 66 
WARNING (gmm-init-model[5.2.132~9-82686]:InitAmGmm():gmm-init-model.cc:83) Very small count for state 96: 64; corresponding phone list: 1 2 3 4 5 
WARNING (gmm-init-model[5.2.132~9-82686]:InitAmGmm():gmm-init-model.cc:83) Very small count for state 97: 66; corresponding phone list: 11 12 13 14 
WARNING (gmm-init-model[5.2.132~9-82686]:InitAmGmm():gmm-init-model.cc:83) Very small count for state 98: 96; corresponding phone list: 107 108 109 110 
WARNING (gmm-init-model[5.2.132~9-82686]:InitAmGmm():gmm-init-model.cc:83) Very small count for state 100: 61; corresponding phone list: 107 108 109 110 
WARNING (gmm-init-model[5.2.132~9-82686]:InitAmGmm():gmm-init-model.cc:83) Very small count for state 106: 72; corresponding phone list: 39 40 41 42 
WARNING (gmm-init-model[5.2.132~9-82686]:InitAmGmm():gmm-init-model.cc:83) Very small count for state 109: 88; corresponding phone list: 11 12 13 14 
WARNING (gmm-init-model[5.2.132~9-82686]:InitAmGmm():gmm-init-model.cc:83) Very small count for state 110: 89; corresponding phone list: 115 116 117 118 
WARNING (gmm-init-model[5.2.132~9-82686]:InitAmGmm():gmm-init-model.cc:83) Very small count for state 111: 97; corresponding phone list: 47 48 49 50 
WARNING (gmm-init-model[5.2.132~9-82686]:InitAmGmm():gmm-init-model.cc:83) Very small count for state 119: 85; corresponding phone list: 75 76 77 78 
WARNING (gmm-init-model[5.2.132~9-82686]:InitAmGmm():gmm-init-model.cc:83) Very small count for state 123: 80; corresponding phone list: 55 57 58 
WARNING (gmm-init-model[5.2.132~9-82686]:InitAmGmm():gmm-init-model.cc:83) Very small count for state 124: 93; corresponding phone list: 73 
WARNING (gmm-init-model[5.2.132~9-82686]:InitAmGmm():gmm-init-model.cc:83) Very small count for state 127: 74; corresponding phone list: 57 
WARNING (gmm-init-model[5.2.132~9-82686]:InitAmGmm():gmm-init-model.cc:83) Very small count for state 132: 64; corresponding phone list: 68 
WARNING (gmm-init-model[5.2.132~9-82686]:InitAmGmm():gmm-init-model.cc:83) Very small count for state 134: 92; corresponding phone list: 99 100 101 102 
WARNING (gmm-init-model[5.2.132~9-82686]:InitAmGmm():gmm-init-model.cc:83) Very small count for state 135: 95; corresponding phone list: 27 29 30 
WARNING (gmm-init-model[5.2.132~9-82686]:InitAmGmm():gmm-init-model.cc:83) Very small count for state 137: 77; corresponding phone list: 67 69 70 
WARNING (gmm-init-model[5.2.132~9-82686]:InitAmGmm():gmm-init-model.cc:83) Very small count for state 140: 50; corresponding phone list: 1 2 3 4 5 
WARNING (gmm-init-model[5.2.132~9-82686]:InitAmGmm():gmm-init-model.cc:83) Very small count for state 144: 47; corresponding phone list: 95 96 97 98 
WARNING (gmm-init-model[5.2.132~9-82686]:InitAmGmm():gmm-init-model.cc:83) Very small count for state 147: 86; corresponding phone list: 65 
WARNING (gmm-init-model[5.2.132~9-82686]:InitAmGmm():gmm-init-model.cc:83) Very small count for state 149: 44; corresponding phone list: 107 108 109 110 
WARNING (gmm-init-model[5.2.132~9-82686]:InitAmGmm():gmm-init-model.cc:83) Very small count for state 156: 88; corresponding phone list: 83 84 85 86 
WARNING (gmm-init-model[5.2.132~9-82686]:InitAmGmm():gmm-init-model.cc:83) Very small count for state 162: 87; corresponding phone list: 11 12 13 14 
WARNING (gmm-init-model[5.2.132~9-82686]:InitAmGmm():gmm-init-model.cc:83) Very small count for state 170: 99; corresponding phone list: 39 40 41 42 
WARNING (gmm-init-model[5.2.132~9-82686]:InitAmGmm():gmm-init-model.cc:83) Very small count for state 174: 69; corresponding phone list: 91 92 93 94 
WARNING (gmm-init-model[5.2.132~9-82686]:InitAmGmm():gmm-init-model.cc:83) Very small count for state 182: 93; corresponding phone list: 47 48 49 50 
WARNING (gmm-init-model[5.2.132~9-82686]:InitAmGmm():gmm-init-model.cc:83) Very small count for state 185: 74; corresponding phone list: 83 84 85 86 
WARNING (gmm-init-model[5.2.132~9-82686]:InitAmGmm():gmm-init-model.cc:83) Very small count for state 197: 64; corresponding phone list: 67 69 70 
WARNING (gmm-init-model[5.2.132~9-82686]:InitAmGmm():gmm-init-model.cc:83) Very small count for state 199: 94; corresponding phone list: 87 89 90 
WARNING (gmm-init-model[5.2.132~9-82686]:InitAmGmm():gmm-init-model.cc:83) Very small count for state 204: 89; corresponding phone list: 31 32 33 34 
WARNING (gmm-init-model[5.2.132~9-82686]:InitAmGmm():gmm-init-model.cc:83) Very small count for state 206: 87; corresponding phone list: 11 12 13 14 
WARNING (gmm-init-model[5.2.132~9-82686]:InitAmGmm():gmm-init-model.cc:83) Very small count for state 211: 86; corresponding phone list: 15 17 18 
WARNING (gmm-init-model[5.2.132~9-82686]:InitAmGmm():gmm-init-model.cc:83) Very small count for state 225: 88; corresponding phone list: 57 
WARNING (gmm-init-model[5.2.132~9-82686]:InitAmGmm():gmm-init-model.cc:83) Very small count for state 234: 67; corresponding phone list: 75 76 77 78 
WARNING (gmm-init-model[5.2.132~9-82686]:InitAmGmm():gmm-init-model.cc:83) Very small count for state 246: 98; corresponding phone list: 51 52 53 54 
WARNING (gmm-init-model[5.2.132~9-82686]:InitAmGmm():gmm-init-model.cc:83) Very small count for state 247: 42; corresponding phone list: 31 32 33 34 
WARNING (gmm-init-model[5.2.132~9-82686]:InitAmGmm():gmm-init-model.cc:83) Very small count for state 252: 59; corresponding phone list: 47 48 49 50 
WARNING (gmm-init-model[5.2.132~9-82686]:InitAmGmm():gmm-init-model.cc:83) Very small count for state 254: 61; corresponding phone list: 87 89 90 
WARNING (gmm-init-model[5.2.132~9-82686]:InitAmGmm():gmm-init-model.cc:83) Very small count for state 265: 33; corresponding phone list: 83 84 85 86 
WARNING (gmm-init-model[5.2.132~9-82686]:InitAmGmm():gmm-init-model.cc:83) Very small count for state 266: 99; corresponding phone list: 75 76 77 78 
WARNING (gmm-init-model[5.2.132~9-82686]:InitAmGmm():gmm-init-model.cc:83) Very small count for state 275: 64; corresponding phone list: 104 
WARNING (gmm-init-model[5.2.132~9-82686]:InitAmGmm():gmm-init-model.cc:83) Very small count for state 283: 69; corresponding phone list: 71 72 73 74 
WARNING (gmm-init-model[5.2.132~9-82686]:InitAmGmm():gmm-init-model.cc:83) Very small count for state 294: 65; corresponding phone list: 43 44 45 46 
WARNING (gmm-init-model[5.2.132~9-82686]:InitAmGmm():gmm-init-model.cc:83) Very small count for state 297: 68; corresponding phone list: 71 72 74 
WARNING (gmm-init-model[5.2.132~9-82686]:InitAmGmm():gmm-init-model.cc:83) Very small count for state 300: 62; corresponding phone list: 64 65 66 
WARNING (gmm-init-model[5.2.132~9-82686]:InitAmGmm():gmm-init-model.cc:83) Very small count for state 308: 62; corresponding phone list: 67 69 70 
WARNING (gmm-init-model[5.2.132~9-82686]:InitAmGmm():gmm-init-model.cc:83) Very small count for state 322: 98; corresponding phone list: 57 
WARNING (gmm-init-model[5.2.132~9-82686]:InitAmGmm():gmm-init-model.cc:83) Very small count for state 329: 67; corresponding phone list: 67 69 70 
WARNING (gmm-init-model[5.2.132~9-82686]:InitAmGmm():gmm-init-model.cc:83) Very small count for state 330: 97; corresponding phone list: 63 64 65 66 
WARNING (gmm-init-model[5.2.132~9-82686]:InitAmGmm():gmm-init-model.cc:83) Very small count for state 335: 42; corresponding phone list: 15 17 18 
WARNING (gmm-init-model[5.2.132~9-82686]:InitAmGmm():gmm-init-model.cc:83) Very small count for state 352: 88; corresponding phone list: 23 25 26 
WARNING (gmm-init-model[5.2.132~9-82686]:InitAmGmm():gmm-init-model.cc:83) Very small count for state 355: 71; corresponding phone list: 23 25 26 
LOG (gmm-init-model[5.2.132~9-82686]:main():gmm-init-model.cc:306) Wrote model.
# Accounting: time=0 threads=1
# Ended (code 0) at Thu Nov  9 13:48:59 NZDT 2017, elapsed time 0 seconds
