# ali-to-post "ark:gunzip -c exp/tri3b_ali/pre_ali.3.gz|" ark:- | weight-silence-post 0.0 1:2:3:4:5:6:7:8:9:10 exp/tri3b/final.alimdl ark:- ark:- | gmm-post-to-gpost exp/tri3b/final.alimdl "ark,s,cs:apply-cmvn  --utt2spk=ark:data/train/split4/3/utt2spk scp:data/train/split4/3/cmvn.scp scp:data/train/split4/3/feats.scp ark:- | splice-feats --left-context=3 --right-context=3 ark:- ark:- | transform-feats exp/tri3b/final.mat ark:- ark:- |" ark:- ark:- | gmm-est-fmllr-gpost --fmllr-update-type=full --spk2utt=ark:data/train/split4/3/spk2utt exp/tri3b/final.mdl "ark,s,cs:apply-cmvn  --utt2spk=ark:data/train/split4/3/utt2spk scp:data/train/split4/3/cmvn.scp scp:data/train/split4/3/feats.scp ark:- | splice-feats --left-context=3 --right-context=3 ark:- ark:- | transform-feats exp/tri3b/final.mat ark:- ark:- |" ark,s,cs:- ark:exp/tri3b_ali/trans.3 
# Started at Thu Nov  9 13:54:05 NZDT 2017
#
weight-silence-post 0.0 1:2:3:4:5:6:7:8:9:10 exp/tri3b/final.alimdl ark:- ark:- 
ali-to-post 'ark:gunzip -c exp/tri3b_ali/pre_ali.3.gz|' ark:- 
gmm-post-to-gpost exp/tri3b/final.alimdl 'ark,s,cs:apply-cmvn  --utt2spk=ark:data/train/split4/3/utt2spk scp:data/train/split4/3/cmvn.scp scp:data/train/split4/3/feats.scp ark:- | splice-feats --left-context=3 --right-context=3 ark:- ark:- | transform-feats exp/tri3b/final.mat ark:- ark:- |' ark:- ark:- 
gmm-est-fmllr-gpost --fmllr-update-type=full --spk2utt=ark:data/train/split4/3/spk2utt exp/tri3b/final.mdl 'ark,s,cs:apply-cmvn  --utt2spk=ark:data/train/split4/3/utt2spk scp:data/train/split4/3/cmvn.scp scp:data/train/split4/3/feats.scp ark:- | splice-feats --left-context=3 --right-context=3 ark:- ark:- | transform-feats exp/tri3b/final.mat ark:- ark:- |' ark,s,cs:- ark:exp/tri3b_ali/trans.3 
splice-feats --left-context=3 --right-context=3 ark:- ark:- 
transform-feats exp/tri3b/final.mat ark:- ark:- 
apply-cmvn --utt2spk=ark:data/train/split4/3/utt2spk scp:data/train/split4/3/cmvn.scp scp:data/train/split4/3/feats.scp ark:- 
splice-feats --left-context=3 --right-context=3 ark:- ark:- 
apply-cmvn --utt2spk=ark:data/train/split4/3/utt2spk scp:data/train/split4/3/cmvn.scp scp:data/train/split4/3/feats.scp ark:- 
transform-feats exp/tri3b/final.mat ark:- ark:- 
LOG (gmm-est-fmllr-gpost[5.2.132~9-82686]:ComputeFmllrMatrixDiagGmmFull():fmllr-diag-gmm.cc:262) fMLLR objf improvement is 6.67232 per frame over 6927 frames.
LOG (gmm-est-fmllr-gpost[5.2.132~9-82686]:main():gmm-est-fmllr-gpost.cc:141) For speaker m002, auxf-impr from fMLLR is 6.67232, over 6927 frames.
LOG (ali-to-post[5.2.132~9-82686]:main():ali-to-post.cc:73) Converted 548 alignments.
LOG (gmm-est-fmllr-gpost[5.2.132~9-82686]:ComputeFmllrMatrixDiagGmmFull():fmllr-diag-gmm.cc:262) fMLLR objf improvement is 5.56074 per frame over 4641 frames.
LOG (gmm-est-fmllr-gpost[5.2.132~9-82686]:main():gmm-est-fmllr-gpost.cc:141) For speaker m003, auxf-impr from fMLLR is 5.56074, over 4641 frames.
LOG (weight-silence-post[5.2.132~9-82686]:main():weight-silence-post.cc:95) Done 548 posteriors.
LOG (apply-cmvn[5.2.132~9-82686]:main():apply-cmvn.cc:162) Applied cepstral mean normalization to 548 utterances, errors on 0
LOG (apply-cmvn[5.2.132~9-82686]:main():apply-cmvn.cc:162) Applied cepstral mean normalization to 548 utterances, errors on 0
LOG (transform-feats[5.2.132~9-82686]:main():transform-feats.cc:158) Overall average [pseudo-]logdet is -84.1848 over 19361 frames.
LOG (transform-feats[5.2.132~9-82686]:main():transform-feats.cc:161) Applied transform to 548 utterances; 0 had errors.
LOG (gmm-post-to-gpost[5.2.132~9-82686]:main():gmm-post-to-gpost.cc:124) Done 548 files, 0 with no posteriors, 0 with other errors.
LOG (gmm-post-to-gpost[5.2.132~9-82686]:main():gmm-post-to-gpost.cc:128) Overall avg like per frame (Gaussian only) = -50.6428 over 18356 frames.
LOG (gmm-post-to-gpost[5.2.132~9-82686]:main():gmm-post-to-gpost.cc:131) Done converting post to gpost
LOG (transform-feats[5.2.132~9-82686]:main():transform-feats.cc:158) Overall average [pseudo-]logdet is -84.1848 over 19361 frames.
LOG (transform-feats[5.2.132~9-82686]:main():transform-feats.cc:161) Applied transform to 548 utterances; 0 had errors.
LOG (gmm-est-fmllr-gpost[5.2.132~9-82686]:ComputeFmllrMatrixDiagGmmFull():fmllr-diag-gmm.cc:262) fMLLR objf improvement is 6.91095 per frame over 6788 frames.
LOG (gmm-est-fmllr-gpost[5.2.132~9-82686]:main():gmm-est-fmllr-gpost.cc:141) For speaker m004, auxf-impr from fMLLR is 6.91095, over 6788 frames.
LOG (gmm-est-fmllr-gpost[5.2.132~9-82686]:main():gmm-est-fmllr-gpost.cc:186) Done 548 files, 0 with no gposts, 0 with other errors.
LOG (gmm-est-fmllr-gpost[5.2.132~9-82686]:main():gmm-est-fmllr-gpost.cc:188) Overall fMLLR auxf impr per frame is 6.47952 over 18356 frames.
# Accounting: time=3 threads=1
# Ended (code 0) at Thu Nov  9 13:54:08 NZDT 2017, elapsed time 3 seconds
