# gunzip -c exp/tri4b/decode.si/lat.3.gz | lattice-to-post --acoustic-scale=0.083333 ark:- ark:- | weight-silence-post 0.01 1:2:3:4:5:6:7:8:9:10 exp/tri4b/final.alimdl ark:- ark:- | gmm-post-to-gpost exp/tri4b/final.alimdl "ark,s,cs:apply-cmvn  --utt2spk=ark:data/test/split4/3/utt2spk scp:data/test/split4/3/cmvn.scp scp:data/test/split4/3/feats.scp ark:- | splice-feats --left-context=3 --right-context=3 ark:- ark:- | transform-feats exp/tri4b/final.mat ark:- ark:- |" ark:- ark:- | gmm-est-fmllr-gpost --fmllr-update-type=full --spk2utt=ark:data/test/split4/3/spk2utt exp/tri4b/final.mdl "ark,s,cs:apply-cmvn  --utt2spk=ark:data/test/split4/3/utt2spk scp:data/test/split4/3/cmvn.scp scp:data/test/split4/3/feats.scp ark:- | splice-feats --left-context=3 --right-context=3 ark:- ark:- | transform-feats exp/tri4b/final.mat ark:- ark:- |" ark,s,cs:- ark:exp/tri4b/decode/pre_trans.3 
# Started at Thu Nov  9 13:57:48 NZDT 2017
#
weight-silence-post 0.01 1:2:3:4:5:6:7:8:9:10 exp/tri4b/final.alimdl ark:- ark:- 
lattice-to-post --acoustic-scale=0.083333 ark:- ark:- 
gmm-est-fmllr-gpost --fmllr-update-type=full --spk2utt=ark:data/test/split4/3/spk2utt exp/tri4b/final.mdl 'ark,s,cs:apply-cmvn  --utt2spk=ark:data/test/split4/3/utt2spk scp:data/test/split4/3/cmvn.scp scp:data/test/split4/3/feats.scp ark:- | splice-feats --left-context=3 --right-context=3 ark:- ark:- | transform-feats exp/tri4b/final.mat ark:- ark:- |' ark,s,cs:- ark:exp/tri4b/decode/pre_trans.3 
gmm-post-to-gpost exp/tri4b/final.alimdl 'ark,s,cs:apply-cmvn  --utt2spk=ark:data/test/split4/3/utt2spk scp:data/test/split4/3/cmvn.scp scp:data/test/split4/3/feats.scp ark:- | splice-feats --left-context=3 --right-context=3 ark:- ark:- | transform-feats exp/tri4b/final.mat ark:- ark:- |' ark:- ark:- 
transform-feats exp/tri4b/final.mat ark:- ark:- 
apply-cmvn --utt2spk=ark:data/test/split4/3/utt2spk scp:data/test/split4/3/cmvn.scp scp:data/test/split4/3/feats.scp ark:- 
splice-feats --left-context=3 --right-context=3 ark:- ark:- 
splice-feats --left-context=3 --right-context=3 ark:- ark:- 
apply-cmvn --utt2spk=ark:data/test/split4/3/utt2spk scp:data/test/split4/3/cmvn.scp scp:data/test/split4/3/feats.scp ark:- 
transform-feats exp/tri4b/final.mat ark:- ark:- 
LOG (gmm-est-fmllr-gpost[5.2.132~9-82686]:ComputeFmllrMatrixDiagGmmFull():fmllr-diag-gmm.cc:262) fMLLR objf improvement is 3.84873 per frame over 6074.79 frames.
LOG (gmm-est-fmllr-gpost[5.2.132~9-82686]:main():gmm-est-fmllr-gpost.cc:141) For speaker ym001, auxf-impr from fMLLR is 3.84873, over 6074.79 frames.
LOG (gmm-est-fmllr-gpost[5.2.132~9-82686]:ComputeFmllrMatrixDiagGmmFull():fmllr-diag-gmm.cc:262) fMLLR objf improvement is 4.34795 per frame over 4399.3 frames.
LOG (gmm-est-fmllr-gpost[5.2.132~9-82686]:main():gmm-est-fmllr-gpost.cc:141) For speaker ym002, auxf-impr from fMLLR is 4.34795, over 4399.3 frames.
LOG (lattice-to-post[5.2.132~9-82686]:main():lattice-to-post.cc:106) Overall average log-like/frame is -4.93277 over 18305 frames.  Average acoustic like/frame is -4.68756
LOG (lattice-to-post[5.2.132~9-82686]:main():lattice-to-post.cc:110) Done 537 lattices.
LOG (weight-silence-post[5.2.132~9-82686]:main():weight-silence-post.cc:95) Done 537 posteriors.
LOG (gmm-est-fmllr-gpost[5.2.132~9-82686]:ComputeFmllrMatrixDiagGmmFull():fmllr-diag-gmm.cc:262) fMLLR objf improvement is 4.98154 per frame over 3103.79 frames.
LOG (gmm-est-fmllr-gpost[5.2.132~9-82686]:main():gmm-est-fmllr-gpost.cc:141) For speaker ym003, auxf-impr from fMLLR is 4.98154, over 3103.79 frames.
LOG (apply-cmvn[5.2.132~9-82686]:main():apply-cmvn.cc:162) Applied cepstral mean normalization to 537 utterances, errors on 0
LOG (apply-cmvn[5.2.132~9-82686]:main():apply-cmvn.cc:162) Applied cepstral mean normalization to 537 utterances, errors on 0
LOG (transform-feats[5.2.132~9-82686]:main():transform-feats.cc:158) Overall average [pseudo-]logdet is -84.1848 over 18305 frames.
LOG (transform-feats[5.2.132~9-82686]:main():transform-feats.cc:161) Applied transform to 537 utterances; 0 had errors.
LOG (gmm-post-to-gpost[5.2.132~9-82686]:main():gmm-post-to-gpost.cc:124) Done 537 files, 0 with no posteriors, 0 with other errors.
LOG (gmm-post-to-gpost[5.2.132~9-82686]:main():gmm-post-to-gpost.cc:128) Overall avg like per frame (Gaussian only) = -56.2935 over 16970.5 frames.
LOG (gmm-post-to-gpost[5.2.132~9-82686]:main():gmm-post-to-gpost.cc:131) Done converting post to gpost
LOG (transform-feats[5.2.132~9-82686]:main():transform-feats.cc:158) Overall average [pseudo-]logdet is -84.1848 over 18305 frames.
LOG (transform-feats[5.2.132~9-82686]:main():transform-feats.cc:161) Applied transform to 537 utterances; 0 had errors.
LOG (gmm-est-fmllr-gpost[5.2.132~9-82686]:ComputeFmllrMatrixDiagGmmFull():fmllr-diag-gmm.cc:262) fMLLR objf improvement is 4.94611 per frame over 3392.65 frames.
LOG (gmm-est-fmllr-gpost[5.2.132~9-82686]:main():gmm-est-fmllr-gpost.cc:141) For speaker ym004, auxf-impr from fMLLR is 4.94611, over 3392.65 frames.
LOG (gmm-est-fmllr-gpost[5.2.132~9-82686]:main():gmm-est-fmllr-gpost.cc:186) Done 537 files, 0 with no gposts, 0 with other errors.
LOG (gmm-est-fmllr-gpost[5.2.132~9-82686]:main():gmm-est-fmllr-gpost.cc:188) Overall fMLLR auxf impr per frame is 4.40471 over 16970.5 frames.
# Accounting: time=3 threads=1
# Ended (code 0) at Thu Nov  9 13:57:51 NZDT 2017, elapsed time 3 seconds
