# align-equal-compiled "ark:gunzip -c exp/mono/fsts.3.gz|" "ark,s,cs:apply-cmvn  --utt2spk=ark:data/train/split4/3/utt2spk scp:data/train/split4/3/cmvn.scp scp:data/train/split4/3/feats.scp ark:- | add-deltas ark:- ark:- |" ark,t:- | gmm-acc-stats-ali --binary=true exp/mono/0.mdl "ark,s,cs:apply-cmvn  --utt2spk=ark:data/train/split4/3/utt2spk scp:data/train/split4/3/cmvn.scp scp:data/train/split4/3/feats.scp ark:- | add-deltas ark:- ark:- |" ark:- exp/mono/0.3.acc 
# Started at Thu Nov  9 17:22:30 NZDT 2017
#
align-equal-compiled 'ark:gunzip -c exp/mono/fsts.3.gz|' 'ark,s,cs:apply-cmvn  --utt2spk=ark:data/train/split4/3/utt2spk scp:data/train/split4/3/cmvn.scp scp:data/train/split4/3/feats.scp ark:- | add-deltas ark:- ark:- |' ark,t:- 
gmm-acc-stats-ali --binary=true exp/mono/0.mdl 'ark,s,cs:apply-cmvn  --utt2spk=ark:data/train/split4/3/utt2spk scp:data/train/split4/3/cmvn.scp scp:data/train/split4/3/feats.scp ark:- | add-deltas ark:- ark:- |' ark:- exp/mono/0.3.acc 
apply-cmvn --utt2spk=ark:data/train/split4/3/utt2spk scp:data/train/split4/3/cmvn.scp scp:data/train/split4/3/feats.scp ark:- 
add-deltas ark:- ark:- 
add-deltas ark:- ark:- 
apply-cmvn --utt2spk=ark:data/train/split4/3/utt2spk scp:data/train/split4/3/cmvn.scp scp:data/train/split4/3/feats.scp ark:- 
LOG (gmm-acc-stats-ali[5.2.132~9-82686]:main():gmm-acc-stats-ali.cc:105) Processed 50 utterances; for utterance m002_oldmale-word-karanga-K002M-07c avg. like is -1.28736 over 30 frames.
LOG (gmm-acc-stats-ali[5.2.132~9-82686]:main():gmm-acc-stats-ali.cc:105) Processed 100 utterances; for utterance m002_oldmale-word-ono-K002M-07c1 avg. like is 4.99112 over 22 frames.
LOG (gmm-acc-stats-ali[5.2.132~9-82686]:main():gmm-acc-stats-ali.cc:105) Processed 150 utterances; for utterance m002_oldmale-word-tïmata-K002M-06a avg. like is -8.61829 over 42 frames.
LOG (gmm-acc-stats-ali[5.2.132~9-82686]:main():gmm-acc-stats-ali.cc:105) Processed 200 utterances; for utterance m002_oldmale-word-whä-K002M-09b avg. like is 9.58642 over 29 frames.
LOG (gmm-acc-stats-ali[5.2.132~9-82686]:main():gmm-acc-stats-ali.cc:105) Processed 250 utterances; for utterance m003_oldmale-word-kia_ora-K003M-04 avg. like is 0.00176744 over 34 frames.
WARNING (align-equal-compiled[5.2.132~9-82686]:EqualAlign():fstext/fstext-utils-inl.h:876) EqualAlign: the randomly constructed paths lengths: 20,24,21,20,22,19,23,19,19,21
WARNING (align-equal-compiled[5.2.132~9-82686]:EqualAlign():fstext/fstext-utils-inl.h:877) EqualAlign: utterance has too few frames 16 to align.
WARNING (align-equal-compiled[5.2.132~9-82686]:main():align-equal-compiled.cc:100) AlignEqual: did not align utterence m003_oldmale-word-toru-K003M-04
LOG (gmm-acc-stats-ali[5.2.132~9-82686]:main():gmm-acc-stats-ali.cc:105) Processed 300 utterances; for utterance m003_oldmale-word-mokopuna-K003M-05b avg. like is 10.3782 over 54 frames.
LOG (apply-cmvn[5.2.132~9-82686]:main():apply-cmvn.cc:162) Applied cepstral mean normalization to 548 utterances, errors on 0
WARNING (align-equal-compiled[5.2.132~9-82686]:main():align-equal-compiled.cc:109) Computed 547 alignments; 0 lacked features, 1 had other errors.
WARNING (gmm-acc-stats-ali[5.2.132~9-82686]:main():gmm-acc-stats-ali.cc:79) No alignment for utterance m003_oldmale-word-toru-K003M-04
LOG (gmm-acc-stats-ali[5.2.132~9-82686]:main():gmm-acc-stats-ali.cc:105) Processed 350 utterances; for utterance m004_oldmale-word-aroha-K004M-10 avg. like is 15.3674 over 36 frames.
LOG (gmm-acc-stats-ali[5.2.132~9-82686]:main():gmm-acc-stats-ali.cc:105) Processed 400 utterances; for utterance m004_oldmale-word-kaumätua-K004M-12 avg. like is 9.78088 over 72 frames.
LOG (gmm-acc-stats-ali[5.2.132~9-82686]:main():gmm-acc-stats-ali.cc:105) Processed 450 utterances; for utterance m004_oldmale-word-mätao-K004M avg. like is 7.88318 over 74 frames.
LOG (apply-cmvn[5.2.132~9-82686]:main():apply-cmvn.cc:162) Applied cepstral mean normalization to 548 utterances, errors on 0
LOG (gmm-acc-stats-ali[5.2.132~9-82686]:main():gmm-acc-stats-ali.cc:105) Processed 500 utterances; for utterance m004_oldmale-word-tikanga-K004M-07a avg. like is -1.07454 over 37 frames.
LOG (gmm-acc-stats-ali[5.2.132~9-82686]:main():gmm-acc-stats-ali.cc:112) Done 547 files, 1 with errors.
LOG (gmm-acc-stats-ali[5.2.132~9-82686]:main():gmm-acc-stats-ali.cc:115) Overall avg like per frame (Gaussian only) = 5.31674 over 19345 frames.
LOG (gmm-acc-stats-ali[5.2.132~9-82686]:main():gmm-acc-stats-ali.cc:123) Written accs.
# Accounting: time=1 threads=1
# Ended (code 0) at Thu Nov  9 17:22:31 NZDT 2017, elapsed time 1 seconds
