# gmm-align-compiled --transition-scale=1.0 --acoustic-scale=0.1 --self-loop-scale=0.1 --beam=10 --retry-beam=40 --careful=false "gmm-boost-silence --boost=1.0 1 exp/mono/14.mdl - |" "ark:gunzip -c exp/mono/fsts.4.gz|" "ark,s,cs:apply-cmvn  --utt2spk=ark:data/train/split4/4/utt2spk scp:data/train/split4/4/cmvn.scp scp:data/train/split4/4/feats.scp ark:- | add-deltas ark:- ark:- |" "ark,t:|gzip -c >exp/mono/ali.4.gz" 
# Started at Thu Nov  9 17:22:56 NZDT 2017
#
gmm-align-compiled --transition-scale=1.0 --acoustic-scale=0.1 --self-loop-scale=0.1 --beam=10 --retry-beam=40 --careful=false 'gmm-boost-silence --boost=1.0 1 exp/mono/14.mdl - |' 'ark:gunzip -c exp/mono/fsts.4.gz|' 'ark,s,cs:apply-cmvn  --utt2spk=ark:data/train/split4/4/utt2spk scp:data/train/split4/4/cmvn.scp scp:data/train/split4/4/feats.scp ark:- | add-deltas ark:- ark:- |' 'ark,t:|gzip -c >exp/mono/ali.4.gz' 
gmm-boost-silence --boost=1.0 1 exp/mono/14.mdl - 
WARNING (gmm-boost-silence[5.2.132~9-82686]:main():gmm-boost-silence.cc:82) The pdfs for the silence phones may be shared by other phones (note: this probably does not matter.)
LOG (gmm-boost-silence[5.2.132~9-82686]:main():gmm-boost-silence.cc:93) Boosted weights for 5 pdfs, by factor of 1
LOG (gmm-boost-silence[5.2.132~9-82686]:main():gmm-boost-silence.cc:103) Wrote model to -
apply-cmvn --utt2spk=ark:data/train/split4/4/utt2spk scp:data/train/split4/4/cmvn.scp scp:data/train/split4/4/feats.scp ark:- 
add-deltas ark:- ark:- 
LOG (gmm-align-compiled[5.2.132~9-82686]:main():gmm-align-compiled.cc:127) m005_oldmale-word-awa-K005M-01
LOG (gmm-align-compiled[5.2.132~9-82686]:main():gmm-align-compiled.cc:127) m005_oldmale-word-awa-K005M-06a
LOG (gmm-align-compiled[5.2.132~9-82686]:main():gmm-align-compiled.cc:127) m005_oldmale-word-awa-K005M-06b
LOG (gmm-align-compiled[5.2.132~9-82686]:main():gmm-align-compiled.cc:127) m005_oldmale-word-awa-K005M-06c
LOG (gmm-align-compiled[5.2.132~9-82686]:main():gmm-align-compiled.cc:127) m005_oldmale-word-awa-K005M-06d
LOG (gmm-align-compiled[5.2.132~9-82686]:main():gmm-align-compiled.cc:127) m005_oldmale-word-e_noho-K005M-06
LOG (gmm-align-compiled[5.2.132~9-82686]:main():gmm-align-compiled.cc:127) m005_oldmale-word-e_noho-K005M-10
LOG (gmm-align-compiled[5.2.132~9-82686]:main():gmm-align-compiled.cc:127) m005_oldmale-word-hapü-K005M-02a
LOG (gmm-align-compiled[5.2.132~9-82686]:main():gmm-align-compiled.cc:127) m005_oldmale-word-hapü-K005M-02b
LOG (gmm-align-compiled[5.2.132~9-82686]:main():gmm-align-compiled.cc:127) m005_oldmale-word-hau-K005M
LOG (gmm-align-compiled[5.2.132~9-82686]:main():gmm-align-compiled.cc:127) m005_oldmale-word-hei-K005M
LOG (gmm-align-compiled[5.2.132~9-82686]:main():gmm-align-compiled.cc:127) m005_oldmale-word-hoe-K005M
LOG (gmm-align-compiled[5.2.132~9-82686]:main():gmm-align-compiled.cc:127) m005_oldmale-word-hoihoi-K005M
LOG (gmm-align-compiled[5.2.132~9-82686]:main():gmm-align-compiled.cc:127) m005_oldmale-word-hou-K005M
LOG (gmm-align-compiled[5.2.132~9-82686]:main():gmm-align-compiled.cc:127) m005_oldmale-word-hë-K005M
LOG (gmm-align-compiled[5.2.132~9-82686]:main():gmm-align-compiled.cc:127) m005_oldmale-word-hï-K005M
LOG (gmm-align-compiled[5.2.132~9-82686]:main():gmm-align-compiled.cc:127) m005_oldmale-word-iwa-K005M-01
LOG (gmm-align-compiled[5.2.132~9-82686]:main():gmm-align-compiled.cc:127) m005_oldmale-word-iwa-K005M-02
LOG (gmm-align-compiled[5.2.132~9-82686]:main():gmm-align-compiled.cc:127) m005_oldmale-word-iwa-K005M-03
LOG (gmm-align-compiled[5.2.132~9-82686]:main():gmm-align-compiled.cc:127) m005_oldmale-word-iwa-K005M-04
LOG (gmm-align-compiled[5.2.132~9-82686]:main():gmm-align-compiled.cc:127) m005_oldmale-word-iwa-K005M-09
LOG (gmm-align-compiled[5.2.132~9-82686]:main():gmm-align-compiled.cc:127) m005_oldmale-word-iwa-K005M-11
LOG (gmm-align-compiled[5.2.132~9-82686]:main():gmm-align-compiled.cc:127) m005_oldmale-word-iwi-K005M-06
LOG (gmm-align-compiled[5.2.132~9-82686]:main():gmm-align-compiled.cc:127) m005_oldmale-word-iwi-K005M-07
LOG (gmm-align-compiled[5.2.132~9-82686]:main():gmm-align-compiled.cc:127) m005_oldmale-word-iwi-K005M-09a1
LOG (gmm-align-compiled[5.2.132~9-82686]:main():gmm-align-compiled.cc:127) m005_oldmale-word-iwi-K005M-09a2
LOG (gmm-align-compiled[5.2.132~9-82686]:main():gmm-align-compiled.cc:127) m005_oldmale-word-iwi-K005M-09a3
LOG (gmm-align-compiled[5.2.132~9-82686]:main():gmm-align-compiled.cc:127) m005_oldmale-word-iwi-K005M-09b
LOG (gmm-align-compiled[5.2.132~9-82686]:main():gmm-align-compiled.cc:127) m005_oldmale-word-iwi-K005M-09c1
LOG (gmm-align-compiled[5.2.132~9-82686]:main():gmm-align-compiled.cc:127) m005_oldmale-word-iwi-K005M-09c2
LOG (gmm-align-compiled[5.2.132~9-82686]:main():gmm-align-compiled.cc:127) m005_oldmale-word-iwi-K005M-09d
LOG (gmm-align-compiled[5.2.132~9-82686]:main():gmm-align-compiled.cc:127) m005_oldmale-word-iwi-K005M-09e
LOG (gmm-align-compiled[5.2.132~9-82686]:main():gmm-align-compiled.cc:127) m005_oldmale-word-iwi-K005M-10a
LOG (gmm-align-compiled[5.2.132~9-82686]:main():gmm-align-compiled.cc:127) m005_oldmale-word-iwi-K005M-10b
LOG (gmm-align-compiled[5.2.132~9-82686]:main():gmm-align-compiled.cc:127) m005_oldmale-word-iwi-K005M-10c
LOG (gmm-align-compiled[5.2.132~9-82686]:main():gmm-align-compiled.cc:127) m005_oldmale-word-iwi-K005M-11a
LOG (gmm-align-compiled[5.2.132~9-82686]:main():gmm-align-compiled.cc:127) m005_oldmale-word-iwi-K005M-11b1
LOG (gmm-align-compiled[5.2.132~9-82686]:main():gmm-align-compiled.cc:127) m005_oldmale-word-iwi-K005M-11b2
LOG (gmm-align-compiled[5.2.132~9-82686]:main():gmm-align-compiled.cc:127) m005_oldmale-word-iwi-K005M-12a
LOG (gmm-align-compiled[5.2.132~9-82686]:main():gmm-align-compiled.cc:127) m005_oldmale-word-iwi-K005M-12b
LOG (gmm-align-compiled[5.2.132~9-82686]:main():gmm-align-compiled.cc:127) m005_oldmale-word-ka_pai-K005M-08a
LOG (gmm-align-compiled[5.2.132~9-82686]:main():gmm-align-compiled.cc:127) m005_oldmale-word-ka_pai-K005M-08b
LOG (gmm-align-compiled[5.2.132~9-82686]:main():gmm-align-compiled.cc:127) m005_oldmale-word-karakia-K005M-06a
LOG (gmm-align-compiled[5.2.132~9-82686]:main():gmm-align-compiled.cc:127) m005_oldmale-word-karakia-K005M-06b
LOG (gmm-align-compiled[5.2.132~9-82686]:main():gmm-align-compiled.cc:127) m005_oldmale-word-karakia-K005M-06c
LOG (gmm-align-compiled[5.2.132~9-82686]:main():gmm-align-compiled.cc:127) m005_oldmale-word-kaumätua-K005M-06
LOG (gmm-align-compiled[5.2.132~9-82686]:main():gmm-align-compiled.cc:127) m005_oldmale-word-kei-K005M
LOG (gmm-align-compiled[5.2.132~9-82686]:main():gmm-align-compiled.cc:127) m005_oldmale-word-kia_ora-K005M-01
LOG (gmm-align-compiled[5.2.132~9-82686]:main():gmm-align-compiled.cc:127) m005_oldmale-word-kia_ora-K005M-03
LOG (gmm-align-compiled[5.2.132~9-82686]:main():gmm-align-compiled.cc:127) m005_oldmale-word-käinga-K005M-01a
LOG (gmm-align-compiled[5.2.132~9-82686]:main():gmm-align-compiled.cc:127) m005_oldmale-word-käinga-K005M-01b
LOG (gmm-align-compiled[5.2.132~9-82686]:main():gmm-align-compiled.cc:127) m005_oldmale-word-käinga-K005M-01c
LOG (gmm-align-compiled[5.2.132~9-82686]:main():gmm-align-compiled.cc:127) m005_oldmale-word-käinga-K005M-01d
LOG (gmm-align-compiled[5.2.132~9-82686]:main():gmm-align-compiled.cc:127) m005_oldmale-word-käinga-K005M-01e
LOG (gmm-align-compiled[5.2.132~9-82686]:main():gmm-align-compiled.cc:127) m005_oldmale-word-käinga-K005M-02
LOG (gmm-align-compiled[5.2.132~9-82686]:main():gmm-align-compiled.cc:127) m005_oldmale-word-käinga-K005M-03a1
LOG (gmm-align-compiled[5.2.132~9-82686]:main():gmm-align-compiled.cc:127) m005_oldmale-word-käinga-K005M-03a2
LOG (gmm-align-compiled[5.2.132~9-82686]:main():gmm-align-compiled.cc:127) m005_oldmale-word-käinga-K005M-03b
LOG (gmm-align-compiled[5.2.132~9-82686]:main():gmm-align-compiled.cc:127) m005_oldmale-word-käinga-K005M-03c
LOG (gmm-align-compiled[5.2.132~9-82686]:main():gmm-align-compiled.cc:127) m005_oldmale-word-käinga-K005M-03d
LOG (gmm-align-compiled[5.2.132~9-82686]:main():gmm-align-compiled.cc:127) m005_oldmale-word-käinga-K005M-03e
LOG (gmm-align-compiled[5.2.132~9-82686]:main():gmm-align-compiled.cc:127) m005_oldmale-word-käinga-K005M-05
LOG (gmm-align-compiled[5.2.132~9-82686]:main():gmm-align-compiled.cc:127) m005_oldmale-word-käinga-K005M-06
LOG (gmm-align-compiled[5.2.132~9-82686]:main():gmm-align-compiled.cc:127) m005_oldmale-word-käinga-K005M-10
LOG (gmm-align-compiled[5.2.132~9-82686]:main():gmm-align-compiled.cc:127) m005_oldmale-word-kë-K005M
LOG (gmm-align-compiled[5.2.132~9-82686]:main():gmm-align-compiled.cc:127) m005_oldmale-word-kï-K005M
LOG (gmm-align-compiled[5.2.132~9-82686]:main():gmm-align-compiled.cc:127) m005_oldmale-word-körero-K005M-08a
LOG (gmm-align-compiled[5.2.132~9-82686]:main():gmm-align-compiled.cc:127) m005_oldmale-word-körero-K005M-08b
LOG (gmm-align-compiled[5.2.132~9-82686]:main():gmm-align-compiled.cc:127) m005_oldmale-word-körero-K005M-08c
LOG (gmm-align-compiled[5.2.132~9-82686]:main():gmm-align-compiled.cc:127) m005_oldmale-word-körero-K005M-09
LOG (gmm-align-compiled[5.2.132~9-82686]:main():gmm-align-compiled.cc:127) m005_oldmale-word-mao-K005M
LOG (gmm-align-compiled[5.2.132~9-82686]:main():gmm-align-compiled.cc:127) m005_oldmale-word-marae-K005M-06
LOG (gmm-align-compiled[5.2.132~9-82686]:main():gmm-align-compiled.cc:127) m005_oldmale-word-marae-K005M-08
LOG (gmm-align-compiled[5.2.132~9-82686]:main():gmm-align-compiled.cc:127) m005_oldmale-word-matariki-K005M-06
LOG (gmm-align-compiled[5.2.132~9-82686]:main():gmm-align-compiled.cc:127) m005_oldmale-word-matiu-K005M
LOG (gmm-align-compiled[5.2.132~9-82686]:main():gmm-align-compiled.cc:127) m005_oldmale-word-mau-K005M
LOG (gmm-align-compiled[5.2.132~9-82686]:main():gmm-align-compiled.cc:127) m005_oldmale-word-maunga-K005M-02
LOG (gmm-align-compiled[5.2.132~9-82686]:main():gmm-align-compiled.cc:127) m005_oldmale-word-maunga-K005M-05
LOG (gmm-align-compiled[5.2.132~9-82686]:main():gmm-align-compiled.cc:127) m005_oldmale-word-maunga-K005M-08
LOG (gmm-align-compiled[5.2.132~9-82686]:main():gmm-align-compiled.cc:127) m005_oldmale-word-mihi-K005M-07
LOG (gmm-align-compiled[5.2.132~9-82686]:main():gmm-align-compiled.cc:127) m005_oldmale-word-moana-K005M-03
LOG (gmm-align-compiled[5.2.132~9-82686]:main():gmm-align-compiled.cc:127) m005_oldmale-word-moana-K005M-04
LOG (gmm-align-compiled[5.2.132~9-82686]:main():gmm-align-compiled.cc:127) m005_oldmale-word-mokopuna-K005M-01
LOG (gmm-align-compiled[5.2.132~9-82686]:main():gmm-align-compiled.cc:127) m005_oldmale-word-mokopuna-K005M-10
LOG (gmm-align-compiled[5.2.132~9-82686]:main():gmm-align-compiled.cc:127) m005_oldmale-word-mokopuna-K005M-12
LOG (gmm-align-compiled[5.2.132~9-82686]:main():gmm-align-compiled.cc:127) m005_oldmale-word-moutere-K005M
LOG (gmm-align-compiled[5.2.132~9-82686]:main():gmm-align-compiled.cc:127) m005_oldmale-word-mäori-K005M-03a
LOG (gmm-align-compiled[5.2.132~9-82686]:main():gmm-align-compiled.cc:127) m005_oldmale-word-mäori-K005M-03b
LOG (gmm-align-compiled[5.2.132~9-82686]:main():gmm-align-compiled.cc:127) m005_oldmale-word-mäori-K005M-05a
LOG (gmm-align-compiled[5.2.132~9-82686]:main():gmm-align-compiled.cc:127) m005_oldmale-word-mäori-K005M-05b
LOG (gmm-align-compiled[5.2.132~9-82686]:main():gmm-align-compiled.cc:127) m005_oldmale-word-mätao-K005M
LOG (gmm-align-compiled[5.2.132~9-82686]:main():gmm-align-compiled.cc:127) m005_oldmale-word-mätau-K005M
LOG (gmm-align-compiled[5.2.132~9-82686]:main():gmm-align-compiled.cc:127) m005_oldmale-word-mätou-K005M
LOG (gmm-align-compiled[5.2.132~9-82686]:main():gmm-align-compiled.cc:127) m005_oldmale-word-ono-K005M-01
LOG (gmm-align-compiled[5.2.132~9-82686]:main():gmm-align-compiled.cc:127) m005_oldmale-word-ono-K005M-02a
LOG (gmm-align-compiled[5.2.132~9-82686]:main():gmm-align-compiled.cc:127) m005_oldmale-word-ono-K005M-02b
LOG (gmm-align-compiled[5.2.132~9-82686]:main():gmm-align-compiled.cc:127) m005_oldmale-word-ono-K005M-02c
LOG (gmm-align-compiled[5.2.132~9-82686]:main():gmm-align-compiled.cc:127) m005_oldmale-word-pae-K005M
LOG (gmm-align-compiled[5.2.132~9-82686]:main():gmm-align-compiled.cc:127) m005_oldmale-word-pai-K005M
LOG (gmm-align-compiled[5.2.132~9-82686]:main():gmm-align-compiled.cc:127) m005_oldmale-word-pao-K005M
LOG (gmm-align-compiled[5.2.132~9-82686]:main():gmm-align-compiled.cc:127) m005_oldmale-word-pau-K005M
LOG (gmm-align-compiled[5.2.132~9-82686]:main():gmm-align-compiled.cc:127) m005_oldmale-word-pou-K005M
LOG (gmm-align-compiled[5.2.132~9-82686]:main():gmm-align-compiled.cc:127) m005_oldmale-word-pö-K005M
LOG (gmm-align-compiled[5.2.132~9-82686]:main():gmm-align-compiled.cc:127) m005_oldmale-word-rima-K005M-02a
LOG (gmm-align-compiled[5.2.132~9-82686]:main():gmm-align-compiled.cc:127) m005_oldmale-word-rima-K005M-02b
LOG (gmm-align-compiled[5.2.132~9-82686]:main():gmm-align-compiled.cc:127) m005_oldmale-word-rima-K005M-05
LOG (gmm-align-compiled[5.2.132~9-82686]:main():gmm-align-compiled.cc:127) m005_oldmale-word-rima-K005M-11
LOG (gmm-align-compiled[5.2.132~9-82686]:main():gmm-align-compiled.cc:127) m005_oldmale-word-rua-K005M-03
LOG (gmm-align-compiled[5.2.132~9-82686]:main():gmm-align-compiled.cc:127) m005_oldmale-word-rua-K005M-04
LOG (gmm-align-compiled[5.2.132~9-82686]:main():gmm-align-compiled.cc:127) m005_oldmale-word-rua-K005M-09a
LOG (gmm-align-compiled[5.2.132~9-82686]:main():gmm-align-compiled.cc:127) m005_oldmale-word-rua-K005M-09b
LOG (gmm-align-compiled[5.2.132~9-82686]:main():gmm-align-compiled.cc:127) m005_oldmale-word-rua-K005M-11a
LOG (gmm-align-compiled[5.2.132~9-82686]:main():gmm-align-compiled.cc:127) m005_oldmale-word-rua-K005M-11b
LOG (gmm-align-compiled[5.2.132~9-82686]:main():gmm-align-compiled.cc:127) m005_oldmale-word-tae-K005M
LOG (gmm-align-compiled[5.2.132~9-82686]:main():gmm-align-compiled.cc:127) m005_oldmale-word-tahi-K005M-02
LOG (gmm-align-compiled[5.2.132~9-82686]:main():gmm-align-compiled.cc:127) m005_oldmale-word-tahi-K005M-04
LOG (gmm-align-compiled[5.2.132~9-82686]:main():gmm-align-compiled.cc:127) m005_oldmale-word-tahi-K005M-05
LOG (gmm-align-compiled[5.2.132~9-82686]:main():gmm-align-compiled.cc:127) m005_oldmale-word-tahi-K005M-12
LOG (gmm-align-compiled[5.2.132~9-82686]:main():gmm-align-compiled.cc:127) m005_oldmale-word-tai-K005M
LOG (gmm-align-compiled[5.2.132~9-82686]:main():gmm-align-compiled.cc:127) m005_oldmale-word-tamariki-K005M-02
LOG (gmm-align-compiled[5.2.132~9-82686]:main():gmm-align-compiled.cc:127) m005_oldmale-word-tamariki-K005M-04
LOG (gmm-align-compiled[5.2.132~9-82686]:main():gmm-align-compiled.cc:127) m005_oldmale-word-tamariki-K005M-06a
LOG (gmm-align-compiled[5.2.132~9-82686]:main():gmm-align-compiled.cc:127) m005_oldmale-word-tamariki-K005M-06b
LOG (gmm-align-compiled[5.2.132~9-82686]:main():gmm-align-compiled.cc:127) m005_oldmale-word-tamariki-K005M-07a
LOG (gmm-align-compiled[5.2.132~9-82686]:main():gmm-align-compiled.cc:127) m005_oldmale-word-tamariki-K005M-07b
LOG (gmm-align-compiled[5.2.132~9-82686]:main():gmm-align-compiled.cc:127) m005_oldmale-word-tangi-K005M-08
LOG (gmm-align-compiled[5.2.132~9-82686]:main():gmm-align-compiled.cc:127) m005_oldmale-word-tangi-K005M-12
LOG (gmm-align-compiled[5.2.132~9-82686]:main():gmm-align-compiled.cc:127) m005_oldmale-word-taringa-K005M-08
LOG (gmm-align-compiled[5.2.132~9-82686]:main():gmm-align-compiled.cc:127) m005_oldmale-word-taringa-K005M-09
LOG (gmm-align-compiled[5.2.132~9-82686]:main():gmm-align-compiled.cc:127) m005_oldmale-word-tauhou-K005M-06a
LOG (gmm-align-compiled[5.2.132~9-82686]:main():gmm-align-compiled.cc:127) m005_oldmale-word-tauhou-K005M-06b
LOG (gmm-align-compiled[5.2.132~9-82686]:main():gmm-align-compiled.cc:127) m005_oldmale-word-tekau-K005M-02a
LOG (gmm-align-compiled[5.2.132~9-82686]:main():gmm-align-compiled.cc:127) m005_oldmale-word-tekau-K005M-02b1
LOG (gmm-align-compiled[5.2.132~9-82686]:main():gmm-align-compiled.cc:127) m005_oldmale-word-tekau-K005M-02b2
LOG (gmm-align-compiled[5.2.132~9-82686]:main():gmm-align-compiled.cc:127) m005_oldmale-word-tekau-K005M-03
LOG (gmm-align-compiled[5.2.132~9-82686]:main():gmm-align-compiled.cc:127) m005_oldmale-word-tikanga-K005M-04
LOG (gmm-align-compiled[5.2.132~9-82686]:main():gmm-align-compiled.cc:127) m005_oldmale-word-tikanga-K005M-08
LOG (gmm-align-compiled[5.2.132~9-82686]:main():gmm-align-compiled.cc:127) m005_oldmale-word-toetoe-K005M
LOG (gmm-align-compiled[5.2.132~9-82686]:main():gmm-align-compiled.cc:127) m005_oldmale-word-toi-K005M
LOG (gmm-align-compiled[5.2.132~9-82686]:main():gmm-align-compiled.cc:127) m005_oldmale-word-toru-K005M-01
LOG (gmm-align-compiled[5.2.132~9-82686]:main():gmm-align-compiled.cc:127) m005_oldmale-word-toru-K005M-02a
LOG (gmm-align-compiled[5.2.132~9-82686]:main():gmm-align-compiled.cc:127) m005_oldmale-word-toru-K005M-02b1
LOG (gmm-align-compiled[5.2.132~9-82686]:main():gmm-align-compiled.cc:127) m005_oldmale-word-toru-K005M-02b2
LOG (gmm-align-compiled[5.2.132~9-82686]:main():gmm-align-compiled.cc:127) m005_oldmale-word-toru-K005M-02c
LOG (gmm-align-compiled[5.2.132~9-82686]:main():gmm-align-compiled.cc:127) m005_oldmale-word-toru-K005M-03a
LOG (gmm-align-compiled[5.2.132~9-82686]:main():gmm-align-compiled.cc:127) m005_oldmale-word-toru-K005M-03b
LOG (gmm-align-compiled[5.2.132~9-82686]:main():gmm-align-compiled.cc:127) m005_oldmale-word-toru-K005M-09
LOG (gmm-align-compiled[5.2.132~9-82686]:main():gmm-align-compiled.cc:127) m005_oldmale-word-toru-K005M-11
LOG (gmm-align-compiled[5.2.132~9-82686]:main():gmm-align-compiled.cc:127) m005_oldmale-word-täne-K005M
LOG (gmm-align-compiled[5.2.132~9-82686]:main():gmm-align-compiled.cc:127) m005_oldmale-word-tënei-K005M
LOG (gmm-align-compiled[5.2.132~9-82686]:main():gmm-align-compiled.cc:127) m005_oldmale-word-tü-K005M
LOG (gmm-align-compiled[5.2.132~9-82686]:main():gmm-align-compiled.cc:127) m005_oldmale-word-türanga-K005M-03
LOG (gmm-align-compiled[5.2.132~9-82686]:main():gmm-align-compiled.cc:127) m005_oldmale-word-türanga-K005M-11a
LOG (gmm-align-compiled[5.2.132~9-82686]:main():gmm-align-compiled.cc:127) m005_oldmale-word-türanga-K005M-11b
LOG (gmm-align-compiled[5.2.132~9-82686]:main():gmm-align-compiled.cc:127) m005_oldmale-word-türanga-K005M-11c1
LOG (gmm-align-compiled[5.2.132~9-82686]:main():gmm-align-compiled.cc:127) m005_oldmale-word-türanga-K005M-11c2
LOG (gmm-align-compiled[5.2.132~9-82686]:main():gmm-align-compiled.cc:127) m005_oldmale-word-türanga-K005M-11d
LOG (gmm-align-compiled[5.2.132~9-82686]:main():gmm-align-compiled.cc:127) m005_oldmale-word-türanga-K005M-11e
LOG (gmm-align-compiled[5.2.132~9-82686]:main():gmm-align-compiled.cc:127) m005_oldmale-word-türanga-K005M-11f
LOG (gmm-align-compiled[5.2.132~9-82686]:main():gmm-align-compiled.cc:127) m005_oldmale-word-türanga-K005M-12
LOG (gmm-align-compiled[5.2.132~9-82686]:main():gmm-align-compiled.cc:127) m005_oldmale-word-waka-K005M-06
LOG (gmm-align-compiled[5.2.132~9-82686]:main():gmm-align-compiled.cc:127) m005_oldmale-word-waka-K005M-10a
LOG (gmm-align-compiled[5.2.132~9-82686]:main():gmm-align-compiled.cc:127) m005_oldmale-word-waka-K005M-10b
LOG (gmm-align-compiled[5.2.132~9-82686]:main():gmm-align-compiled.cc:127) m005_oldmale-word-waka-K005M-10c
LOG (gmm-align-compiled[5.2.132~9-82686]:main():gmm-align-compiled.cc:127) m005_oldmale-word-waka-K005M-11a
LOG (gmm-align-compiled[5.2.132~9-82686]:main():gmm-align-compiled.cc:127) m005_oldmale-word-waka-K005M-11b1
LOG (gmm-align-compiled[5.2.132~9-82686]:main():gmm-align-compiled.cc:127) m005_oldmale-word-waka-K005M-11b2
LOG (gmm-align-compiled[5.2.132~9-82686]:main():gmm-align-compiled.cc:127) m005_oldmale-word-waka-K005M-11c
LOG (gmm-align-compiled[5.2.132~9-82686]:main():gmm-align-compiled.cc:127) m005_oldmale-word-waka-K005M-11d
LOG (gmm-align-compiled[5.2.132~9-82686]:main():gmm-align-compiled.cc:127) m005_oldmale-word-waka-K005M-11e1
LOG (gmm-align-compiled[5.2.132~9-82686]:main():gmm-align-compiled.cc:127) m005_oldmale-word-waka-K005M-11e2
LOG (gmm-align-compiled[5.2.132~9-82686]:main():gmm-align-compiled.cc:127) m005_oldmale-word-waru-K005M-01
LOG (gmm-align-compiled[5.2.132~9-82686]:main():gmm-align-compiled.cc:127) m005_oldmale-word-waru-K005M-02a
LOG (gmm-align-compiled[5.2.132~9-82686]:main():gmm-align-compiled.cc:127) m005_oldmale-word-waru-K005M-02b
LOG (gmm-align-compiled[5.2.132~9-82686]:main():gmm-align-compiled.cc:127) m005_oldmale-word-waru-K005M-03a
LOG (gmm-align-compiled[5.2.132~9-82686]:main():gmm-align-compiled.cc:127) m005_oldmale-word-waru-K005M-03b
LOG (gmm-align-compiled[5.2.132~9-82686]:main():gmm-align-compiled.cc:127) m005_oldmale-word-waru-K005M-04
LOG (gmm-align-compiled[5.2.132~9-82686]:main():gmm-align-compiled.cc:127) m005_oldmale-word-waru-K005M-11a
LOG (gmm-align-compiled[5.2.132~9-82686]:main():gmm-align-compiled.cc:127) m005_oldmale-word-waru-K005M-11b
LOG (gmm-align-compiled[5.2.132~9-82686]:main():gmm-align-compiled.cc:127) m005_oldmale-word-whare-K005M-08a1
LOG (gmm-align-compiled[5.2.132~9-82686]:main():gmm-align-compiled.cc:127) m005_oldmale-word-whare-K005M-08a2
LOG (gmm-align-compiled[5.2.132~9-82686]:main():gmm-align-compiled.cc:127) m005_oldmale-word-whare-K005M-08b
LOG (gmm-align-compiled[5.2.132~9-82686]:main():gmm-align-compiled.cc:127) m005_oldmale-word-whitu-K005M-01a
LOG (gmm-align-compiled[5.2.132~9-82686]:main():gmm-align-compiled.cc:127) m005_oldmale-word-whitu-K005M-01b
LOG (gmm-align-compiled[5.2.132~9-82686]:main():gmm-align-compiled.cc:127) m005_oldmale-word-whitu-K005M-02a1
LOG (gmm-align-compiled[5.2.132~9-82686]:main():gmm-align-compiled.cc:127) m005_oldmale-word-whitu-K005M-02a2
LOG (gmm-align-compiled[5.2.132~9-82686]:main():gmm-align-compiled.cc:127) m005_oldmale-word-whitu-K005M-11
LOG (gmm-align-compiled[5.2.132~9-82686]:main():gmm-align-compiled.cc:127) m005_oldmale-word-whänau-K005M-01
LOG (gmm-align-compiled[5.2.132~9-82686]:main():gmm-align-compiled.cc:127) m005_oldmale-word-whänau-K005M-02
LOG (gmm-align-compiled[5.2.132~9-82686]:main():gmm-align-compiled.cc:127) m005_oldmale-word-whänau-K005M-06
LOG (gmm-align-compiled[5.2.132~9-82686]:main():gmm-align-compiled.cc:127) m005_oldmale-word-wä-K005M-01a
LOG (gmm-align-compiled[5.2.132~9-82686]:main():gmm-align-compiled.cc:127) m005_oldmale-word-wä-K005M-01b
LOG (gmm-align-compiled[5.2.132~9-82686]:main():gmm-align-compiled.cc:127) m005_oldmale-word-wä-K005M-02
LOG (gmm-align-compiled[5.2.132~9-82686]:main():gmm-align-compiled.cc:127) m005_oldmale-word-wä-K005M-07
LOG (gmm-align-compiled[5.2.132~9-82686]:main():gmm-align-compiled.cc:127) m005_oldmale-word-wähi-K005M-06
LOG (gmm-align-compiled[5.2.132~9-82686]:main():gmm-align-compiled.cc:127) m005_oldmale-word-wähi-K005M-11a
LOG (gmm-align-compiled[5.2.132~9-82686]:main():gmm-align-compiled.cc:127) m005_oldmale-word-wähi-K005M-11b
LOG (gmm-align-compiled[5.2.132~9-82686]:main():gmm-align-compiled.cc:127) m005_oldmale-word-wähi-K005M-11c
LOG (gmm-align-compiled[5.2.132~9-82686]:main():gmm-align-compiled.cc:127) m006_oldmale-word-awa-K006M-06a
LOG (gmm-align-compiled[5.2.132~9-82686]:main():gmm-align-compiled.cc:127) m006_oldmale-word-awa-K006M-06b
LOG (gmm-align-compiled[5.2.132~9-82686]:main():gmm-align-compiled.cc:127) m006_oldmale-word-awa-K006M-07
LOG (gmm-align-compiled[5.2.132~9-82686]:main():gmm-align-compiled.cc:127) m006_oldmale-word-haere_mai-K006M-04
LOG (gmm-align-compiled[5.2.132~9-82686]:main():gmm-align-compiled.cc:127) m006_oldmale-word-haere_mai-K006M-09
LOG (gmm-align-compiled[5.2.132~9-82686]:main():gmm-align-compiled.cc:127) m006_oldmale-word-hau-K006M
LOG (gmm-align-compiled[5.2.132~9-82686]:main():gmm-align-compiled.cc:127) m006_oldmale-word-hei-K006M
LOG (gmm-align-compiled[5.2.132~9-82686]:main():gmm-align-compiled.cc:127) m006_oldmale-word-hoe-K006M
LOG (gmm-align-compiled[5.2.132~9-82686]:main():gmm-align-compiled.cc:127) m006_oldmale-word-hoihoi-K006M
LOG (gmm-align-compiled[5.2.132~9-82686]:main():gmm-align-compiled.cc:127) m006_oldmale-word-hou-K006M
LOG (gmm-align-compiled[5.2.132~9-82686]:main():gmm-align-compiled.cc:127) m006_oldmale-word-hë-K006M
LOG (gmm-align-compiled[5.2.132~9-82686]:main():gmm-align-compiled.cc:127) m006_oldmale-word-iwi-K006M-03a
LOG (gmm-align-compiled[5.2.132~9-82686]:main():gmm-align-compiled.cc:127) m006_oldmale-word-iwi-K006M-03b
LOG (gmm-align-compiled[5.2.132~9-82686]:main():gmm-align-compiled.cc:127) m006_oldmale-word-iwi-K006M-08
LOG (gmm-align-compiled[5.2.132~9-82686]:main():gmm-align-compiled.cc:127) m006_oldmale-word-kaumätua-K006M-02
LOG (gmm-align-compiled[5.2.132~9-82686]:main():gmm-align-compiled.cc:127) m006_oldmale-word-kaumätua-K006M-07
LOG (gmm-align-compiled[5.2.132~9-82686]:main():gmm-align-compiled.cc:127) m006_oldmale-word-kë-K006M
LOG (gmm-align-compiled[5.2.132~9-82686]:main():gmm-align-compiled.cc:127) m006_oldmale-word-kï-K006M
LOG (gmm-align-compiled[5.2.132~9-82686]:main():gmm-align-compiled.cc:127) m006_oldmale-word-körero-K006M-02
LOG (gmm-align-compiled[5.2.132~9-82686]:main():gmm-align-compiled.cc:127) m006_oldmale-word-körero-K006M-03
LOG (gmm-align-compiled[5.2.132~9-82686]:main():gmm-align-compiled.cc:127) m006_oldmale-word-körero-K006M-04a
LOG (gmm-align-compiled[5.2.132~9-82686]:main():gmm-align-compiled.cc:127) m006_oldmale-word-körero-K006M-04b
LOG (gmm-align-compiled[5.2.132~9-82686]:main():gmm-align-compiled.cc:127) m006_oldmale-word-mao-K006M
LOG (gmm-align-compiled[5.2.132~9-82686]:main():gmm-align-compiled.cc:127) m006_oldmale-word-marae-K006M-07
LOG (gmm-align-compiled[5.2.132~9-82686]:main():gmm-align-compiled.cc:127) m006_oldmale-word-matariki-K006M-06
LOG (gmm-align-compiled[5.2.132~9-82686]:main():gmm-align-compiled.cc:127) m006_oldmale-word-matiu-K006M
LOG (gmm-align-compiled[5.2.132~9-82686]:main():gmm-align-compiled.cc:127) m006_oldmale-word-mau-K006M
LOG (gmm-align-compiled[5.2.132~9-82686]:main():gmm-align-compiled.cc:127) m006_oldmale-word-mokopuna-K006M-05
LOG (gmm-align-compiled[5.2.132~9-82686]:main():gmm-align-compiled.cc:127) m006_oldmale-word-moutere-K006M
LOG (gmm-align-compiled[5.2.132~9-82686]:main():gmm-align-compiled.cc:127) m006_oldmale-word-mäori-K006M-05a
LOG (gmm-align-compiled[5.2.132~9-82686]:main():gmm-align-compiled.cc:127) m006_oldmale-word-mäori-K006M-05b
LOG (gmm-align-compiled[5.2.132~9-82686]:main():gmm-align-compiled.cc:127) m006_oldmale-word-pae-K006M
LOG (gmm-align-compiled[5.2.132~9-82686]:main():gmm-align-compiled.cc:127) m006_oldmale-word-pai-K006M
LOG (gmm-align-compiled[5.2.132~9-82686]:main():gmm-align-compiled.cc:127) m006_oldmale-word-pao-K006M
LOG (gmm-align-compiled[5.2.132~9-82686]:main():gmm-align-compiled.cc:127) m006_oldmale-word-pau-K006M
LOG (gmm-align-compiled[5.2.132~9-82686]:main():gmm-align-compiled.cc:127) m006_oldmale-word-pou-K006M
LOG (gmm-align-compiled[5.2.132~9-82686]:main():gmm-align-compiled.cc:127) m006_oldmale-word-pö-K006M
LOG (gmm-align-compiled[5.2.132~9-82686]:main():gmm-align-compiled.cc:127) m006_oldmale-word-tae-K006M
LOG (gmm-align-compiled[5.2.132~9-82686]:main():gmm-align-compiled.cc:127) m006_oldmale-word-tai-K006M
LOG (gmm-align-compiled[5.2.132~9-82686]:main():gmm-align-compiled.cc:127) m006_oldmale-word-tamariki-K006M-03a
LOG (gmm-align-compiled[5.2.132~9-82686]:main():gmm-align-compiled.cc:127) m006_oldmale-word-tamariki-K006M-03b
LOG (gmm-align-compiled[5.2.132~9-82686]:main():gmm-align-compiled.cc:127) m006_oldmale-word-tamariki-K006M-04
LOG (gmm-align-compiled[5.2.132~9-82686]:main():gmm-align-compiled.cc:127) m006_oldmale-word-tamariki-K006M-06
LOG (gmm-align-compiled[5.2.132~9-82686]:main():gmm-align-compiled.cc:127) m006_oldmale-word-taringa-K006M-07
LOG (gmm-align-compiled[5.2.132~9-82686]:main():gmm-align-compiled.cc:127) m006_oldmale-word-taringa-K006M-08
LOG (gmm-align-compiled[5.2.132~9-82686]:main():gmm-align-compiled.cc:127) m006_oldmale-word-tauhou-K006M-06a
LOG (gmm-align-compiled[5.2.132~9-82686]:main():gmm-align-compiled.cc:127) m006_oldmale-word-tauhou-K006M-06b
LOG (gmm-align-compiled[5.2.132~9-82686]:main():gmm-align-compiled.cc:127) m006_oldmale-word-toetoe-K006M
LOG (gmm-align-compiled[5.2.132~9-82686]:main():gmm-align-compiled.cc:127) m006_oldmale-word-toi-K006M
LOG (gmm-align-compiled[5.2.132~9-82686]:main():gmm-align-compiled.cc:127) m006_oldmale-word-täne-K006M
LOG (gmm-align-compiled[5.2.132~9-82686]:main():gmm-align-compiled.cc:127) m006_oldmale-word-tënei-K006M
LOG (gmm-align-compiled[5.2.132~9-82686]:main():gmm-align-compiled.cc:127) m006_oldmale-word-tü-K006M
LOG (gmm-align-compiled[5.2.132~9-82686]:main():gmm-align-compiled.cc:127) m006_oldmale-word-waiata-K006M-03a
LOG (gmm-align-compiled[5.2.132~9-82686]:main():gmm-align-compiled.cc:127) m006_oldmale-word-waiata-K006M-03b
LOG (gmm-align-compiled[5.2.132~9-82686]:main():gmm-align-compiled.cc:127) m006_oldmale-word-wairua-K006M-02a
LOG (gmm-align-compiled[5.2.132~9-82686]:main():gmm-align-compiled.cc:127) m006_oldmale-word-wairua-K006M-02b
LOG (gmm-align-compiled[5.2.132~9-82686]:main():gmm-align-compiled.cc:127) m006_oldmale-word-wairua-K006M-03a
LOG (gmm-align-compiled[5.2.132~9-82686]:main():gmm-align-compiled.cc:127) m006_oldmale-word-wairua-K006M-03b
LOG (gmm-align-compiled[5.2.132~9-82686]:main():gmm-align-compiled.cc:127) m006_oldmale-word-wairua-K006M-03c
LOG (gmm-align-compiled[5.2.132~9-82686]:main():gmm-align-compiled.cc:127) m006_oldmale-word-wairua-K006M-04
LOG (gmm-align-compiled[5.2.132~9-82686]:main():gmm-align-compiled.cc:127) m006_oldmale-word-wairua-K006M-09a
LOG (gmm-align-compiled[5.2.132~9-82686]:main():gmm-align-compiled.cc:127) m006_oldmale-word-wairua-K006M-09b
LOG (gmm-align-compiled[5.2.132~9-82686]:main():gmm-align-compiled.cc:127) m006_oldmale-word-wairua-K006M-09c
LOG (gmm-align-compiled[5.2.132~9-82686]:main():gmm-align-compiled.cc:127) m006_oldmale-word-waka-K006M-02a
LOG (gmm-align-compiled[5.2.132~9-82686]:main():gmm-align-compiled.cc:127) m006_oldmale-word-waka-K006M-02b
LOG (gmm-align-compiled[5.2.132~9-82686]:main():gmm-align-compiled.cc:127) m006_oldmale-word-waka-K006M-06a
LOG (gmm-align-compiled[5.2.132~9-82686]:main():gmm-align-compiled.cc:127) m006_oldmale-word-waka-K006M-09a
LOG (gmm-align-compiled[5.2.132~9-82686]:main():gmm-align-compiled.cc:127) m006_oldmale-word-waka-K006M-09b
LOG (gmm-align-compiled[5.2.132~9-82686]:main():gmm-align-compiled.cc:127) m006_oldmale-word-wä-K006M-02
LOG (gmm-align-compiled[5.2.132~9-82686]:main():gmm-align-compiled.cc:127) m006_oldmale-word-wä-K006M-04
LOG (gmm-align-compiled[5.2.132~9-82686]:main():gmm-align-compiled.cc:127) m007_oldmale-word-awa-K007M-06a
LOG (gmm-align-compiled[5.2.132~9-82686]:main():gmm-align-compiled.cc:127) m007_oldmale-word-awa-K007M-06b
LOG (gmm-align-compiled[5.2.132~9-82686]:main():gmm-align-compiled.cc:127) m007_oldmale-word-awa-K007M-07a1
LOG (gmm-align-compiled[5.2.132~9-82686]:main():gmm-align-compiled.cc:127) m007_oldmale-word-awa-K007M-07a2
LOG (gmm-align-compiled[5.2.132~9-82686]:main():gmm-align-compiled.cc:127) m007_oldmale-word-awa-K007M-09
LOG (gmm-align-compiled[5.2.132~9-82686]:main():gmm-align-compiled.cc:127) m007_oldmale-word-awa-K007M-10a
LOG (gmm-align-compiled[5.2.132~9-82686]:main():gmm-align-compiled.cc:127) m007_oldmale-word-awa-K007M-10b
LOG (gmm-align-compiled[5.2.132~9-82686]:main():gmm-align-compiled.cc:127) m007_oldmale-word-e_noho-K007M-10
LOG (gmm-align-compiled[5.2.132~9-82686]:main():gmm-align-compiled.cc:127) m007_oldmale-word-e_noho-K007M-11a
LOG (gmm-align-compiled[5.2.132~9-82686]:main():gmm-align-compiled.cc:127) m007_oldmale-word-e_noho-K007M-11b
LOG (gmm-align-compiled[5.2.132~9-82686]:main():gmm-align-compiled.cc:127) m007_oldmale-word-haere_mai-K007M-09
LOG (gmm-align-compiled[5.2.132~9-82686]:main():gmm-align-compiled.cc:127) m007_oldmale-word-hau-K007M
LOG (gmm-align-compiled[5.2.132~9-82686]:main():gmm-align-compiled.cc:127) m007_oldmale-word-hei-K007M
LOG (gmm-align-compiled[5.2.132~9-82686]:main():gmm-align-compiled.cc:127) m007_oldmale-word-hoe-K007M
LOG (gmm-align-compiled[5.2.132~9-82686]:main():gmm-align-compiled.cc:127) m007_oldmale-word-hoihoi-K007M
LOG (gmm-align-compiled[5.2.132~9-82686]:main():gmm-align-compiled.cc:127) m007_oldmale-word-hou-K007M
LOG (gmm-align-compiled[5.2.132~9-82686]:main():gmm-align-compiled.cc:127) m007_oldmale-word-hë-K007M
LOG (gmm-align-compiled[5.2.132~9-82686]:main():gmm-align-compiled.cc:127) m007_oldmale-word-hï-K007M
LOG (gmm-align-compiled[5.2.132~9-82686]:main():gmm-align-compiled.cc:127) m007_oldmale-word-iwa-K007M-03
LOG (gmm-align-compiled[5.2.132~9-82686]:main():gmm-align-compiled.cc:127) m007_oldmale-word-iwi-K007M-05
LOG (gmm-align-compiled[5.2.132~9-82686]:main():gmm-align-compiled.cc:127) m007_oldmale-word-iwi-K007M-10
LOG (gmm-align-compiled[5.2.132~9-82686]:main():gmm-align-compiled.cc:127) m007_oldmale-word-ka_pai-K007M-04
LOG (gmm-align-compiled[5.2.132~9-82686]:main():gmm-align-compiled.cc:127) m007_oldmale-word-ka_pai-K007M-06
LOG (gmm-align-compiled[5.2.132~9-82686]:main():gmm-align-compiled.cc:127) m007_oldmale-word-ka_pai-K007M-08
LOG (gmm-align-compiled[5.2.132~9-82686]:main():gmm-align-compiled.cc:127) m007_oldmale-word-ka_pai-K007M-12
LOG (gmm-align-compiled[5.2.132~9-82686]:main():gmm-align-compiled.cc:127) m007_oldmale-word-ka_pai-K007M-14
LOG (gmm-align-compiled[5.2.132~9-82686]:main():gmm-align-compiled.cc:127) m007_oldmale-word-karanga-K007M-06
LOG (gmm-align-compiled[5.2.132~9-82686]:main():gmm-align-compiled.cc:127) m007_oldmale-word-karanga-K007M-07
LOG (gmm-align-compiled[5.2.132~9-82686]:main():gmm-align-compiled.cc:127) m007_oldmale-word-karanga-K007M-08
LOG (gmm-align-compiled[5.2.132~9-82686]:main():gmm-align-compiled.cc:127) m007_oldmale-word-karanga-K007M-09a
LOG (gmm-align-compiled[5.2.132~9-82686]:main():gmm-align-compiled.cc:127) m007_oldmale-word-karanga-K007M-09b
LOG (gmm-align-compiled[5.2.132~9-82686]:main():gmm-align-compiled.cc:127) m007_oldmale-word-karanga-K007M-09c
LOG (gmm-align-compiled[5.2.132~9-82686]:main():gmm-align-compiled.cc:127) m007_oldmale-word-karanga-K007M-12
LOG (gmm-align-compiled[5.2.132~9-82686]:main():gmm-align-compiled.cc:127) m007_oldmale-word-kei-K007M
LOG (gmm-align-compiled[5.2.132~9-82686]:main():gmm-align-compiled.cc:127) m007_oldmale-word-kuia-K007M-05
LOG (gmm-align-compiled[5.2.132~9-82686]:main():gmm-align-compiled.cc:127) m007_oldmale-word-käinga-K007M-04
LOG (gmm-align-compiled[5.2.132~9-82686]:main():gmm-align-compiled.cc:127) m007_oldmale-word-käinga-K007M-05
LOG (gmm-align-compiled[5.2.132~9-82686]:main():gmm-align-compiled.cc:127) m007_oldmale-word-käinga-K007M-06a
LOG (gmm-align-compiled[5.2.132~9-82686]:main():gmm-align-compiled.cc:127) m007_oldmale-word-käinga-K007M-06b
LOG (gmm-align-compiled[5.2.132~9-82686]:main():gmm-align-compiled.cc:127) m007_oldmale-word-käinga-K007M-12
LOG (gmm-align-compiled[5.2.132~9-82686]:main():gmm-align-compiled.cc:127) m007_oldmale-word-kë-K007M
LOG (gmm-align-compiled[5.2.132~9-82686]:main():gmm-align-compiled.cc:127) m007_oldmale-word-kï-K007M
LOG (gmm-align-compiled[5.2.132~9-82686]:main():gmm-align-compiled.cc:127) m007_oldmale-word-körero-K007M-05a
LOG (gmm-align-compiled[5.2.132~9-82686]:main():gmm-align-compiled.cc:127) m007_oldmale-word-körero-K007M-05b
LOG (gmm-align-compiled[5.2.132~9-82686]:main():gmm-align-compiled.cc:127) m007_oldmale-word-körero-K007M-07a1
LOG (gmm-align-compiled[5.2.132~9-82686]:main():gmm-align-compiled.cc:127) m007_oldmale-word-körero-K007M-07a2
LOG (gmm-align-compiled[5.2.132~9-82686]:main():gmm-align-compiled.cc:127) m007_oldmale-word-körero-K007M-08
LOG (gmm-align-compiled[5.2.132~9-82686]:main():gmm-align-compiled.cc:127) m007_oldmale-word-mao-K007M
LOG (gmm-align-compiled[5.2.132~9-82686]:main():gmm-align-compiled.cc:127) m007_oldmale-word-marae-K007M-01
LOG (gmm-align-compiled[5.2.132~9-82686]:main():gmm-align-compiled.cc:127) m007_oldmale-word-matiu-K007M
LOG (gmm-align-compiled[5.2.132~9-82686]:main():gmm-align-compiled.cc:127) m007_oldmale-word-mau-K007M
LOG (gmm-align-compiled[5.2.132~9-82686]:main():gmm-align-compiled.cc:127) m007_oldmale-word-maunga-K007M-02
LOG (gmm-align-compiled[5.2.132~9-82686]:main():gmm-align-compiled.cc:127) m007_oldmale-word-moana-K007M-01
LOG (gmm-align-compiled[5.2.132~9-82686]:main():gmm-align-compiled.cc:127) m007_oldmale-word-moana-K007M-09
LOG (gmm-align-compiled[5.2.132~9-82686]:main():gmm-align-compiled.cc:127) m007_oldmale-word-moana-K007M-12
LOG (gmm-align-compiled[5.2.132~9-82686]:main():gmm-align-compiled.cc:127) m007_oldmale-word-moutere-K007M
LOG (gmm-align-compiled[5.2.132~9-82686]:main():gmm-align-compiled.cc:127) m007_oldmale-word-mäori-K007M-08
LOG (gmm-align-compiled[5.2.132~9-82686]:main():gmm-align-compiled.cc:127) m007_oldmale-word-mäori-K007M-11
LOG (gmm-align-compiled[5.2.132~9-82686]:main():gmm-align-compiled.cc:127) m007_oldmale-word-mäori-K007M-13a
LOG (gmm-align-compiled[5.2.132~9-82686]:main():gmm-align-compiled.cc:127) m007_oldmale-word-mäori-K007M-13b
LOG (gmm-align-compiled[5.2.132~9-82686]:main():gmm-align-compiled.cc:127) m007_oldmale-word-mätao-K007M
LOG (gmm-align-compiled[5.2.132~9-82686]:main():gmm-align-compiled.cc:127) m007_oldmale-word-mätau-K007M
LOG (gmm-align-compiled[5.2.132~9-82686]:main():gmm-align-compiled.cc:127) m007_oldmale-word-pae-K007M
LOG (gmm-align-compiled[5.2.132~9-82686]:main():gmm-align-compiled.cc:127) m007_oldmale-word-pai-K007M
LOG (gmm-align-compiled[5.2.132~9-82686]:main():gmm-align-compiled.cc:127) m007_oldmale-word-pao-K007M
LOG (gmm-align-compiled[5.2.132~9-82686]:main():gmm-align-compiled.cc:127) m007_oldmale-word-pau-K007M
LOG (gmm-align-compiled[5.2.132~9-82686]:main():gmm-align-compiled.cc:127) m007_oldmale-word-pou-K007M
LOG (gmm-align-compiled[5.2.132~9-82686]:main():gmm-align-compiled.cc:127) m007_oldmale-word-pö-K007M
LOG (gmm-align-compiled[5.2.132~9-82686]:main():gmm-align-compiled.cc:127) m007_oldmale-word-rima-K007M-04
LOG (gmm-align-compiled[5.2.132~9-82686]:main():gmm-align-compiled.cc:127) m007_oldmale-word-rua-K007M-02a
LOG (gmm-align-compiled[5.2.132~9-82686]:main():gmm-align-compiled.cc:127) m007_oldmale-word-rua-K007M-02b
LOG (gmm-align-compiled[5.2.132~9-82686]:main():gmm-align-compiled.cc:127) m007_oldmale-word-rua-K007M-04
LOG (gmm-align-compiled[5.2.132~9-82686]:main():gmm-align-compiled.cc:127) m007_oldmale-word-rua-K007M-07
LOG (gmm-align-compiled[5.2.132~9-82686]:main():gmm-align-compiled.cc:127) m007_oldmale-word-rua-K007M-12
LOG (gmm-align-compiled[5.2.132~9-82686]:main():gmm-align-compiled.cc:127) m007_oldmale-word-rua-K007M-13a
LOG (gmm-align-compiled[5.2.132~9-82686]:main():gmm-align-compiled.cc:127) m007_oldmale-word-rua-K007M-13b
LOG (gmm-align-compiled[5.2.132~9-82686]:main():gmm-align-compiled.cc:127) m007_oldmale-word-tae-K007M
LOG (gmm-align-compiled[5.2.132~9-82686]:main():gmm-align-compiled.cc:127) m007_oldmale-word-tahi-K007M-13
LOG (gmm-align-compiled[5.2.132~9-82686]:main():gmm-align-compiled.cc:127) m007_oldmale-word-tai-K007M
LOG (gmm-align-compiled[5.2.132~9-82686]:main():gmm-align-compiled.cc:127) m007_oldmale-word-tangi-K007M-14
LOG (gmm-align-compiled[5.2.132~9-82686]:main():gmm-align-compiled.cc:127) m007_oldmale-word-taringa-K007M-08a
LOG (gmm-align-compiled[5.2.132~9-82686]:main():gmm-align-compiled.cc:127) m007_oldmale-word-taringa-K007M-08b
LOG (gmm-align-compiled[5.2.132~9-82686]:main():gmm-align-compiled.cc:127) m007_oldmale-word-tauhou-K007M-10
LOG (gmm-align-compiled[5.2.132~9-82686]:main():gmm-align-compiled.cc:127) m007_oldmale-word-toetoe-K007M
LOG (gmm-align-compiled[5.2.132~9-82686]:main():gmm-align-compiled.cc:127) m007_oldmale-word-toi-K007M
LOG (gmm-align-compiled[5.2.132~9-82686]:main():gmm-align-compiled.cc:127) m007_oldmale-word-toru-K007M-01
LOG (gmm-align-compiled[5.2.132~9-82686]:main():gmm-align-compiled.cc:127) m007_oldmale-word-täne-K007M
LOG (gmm-align-compiled[5.2.132~9-82686]:main():gmm-align-compiled.cc:127) m007_oldmale-word-tënei-K007M
LOG (gmm-align-compiled[5.2.132~9-82686]:main():gmm-align-compiled.cc:127) m007_oldmale-word-tü-K007M
LOG (gmm-align-compiled[5.2.132~9-82686]:main():gmm-align-compiled.cc:127) m007_oldmale-word-waewae-K007M-06
LOG (gmm-align-compiled[5.2.132~9-82686]:main():gmm-align-compiled.cc:127) m007_oldmale-word-waewae-K007M-13
LOG (gmm-align-compiled[5.2.132~9-82686]:main():gmm-align-compiled.cc:127) m007_oldmale-word-waiata-K007M-10
LOG (gmm-align-compiled[5.2.132~9-82686]:main():gmm-align-compiled.cc:127) m007_oldmale-word-waru-K007M-03
LOG (gmm-align-compiled[5.2.132~9-82686]:main():gmm-align-compiled.cc:127) m007_oldmale-word-waru-K007M-06
LOG (gmm-align-compiled[5.2.132~9-82686]:main():gmm-align-compiled.cc:127) m007_oldmale-word-waru-K007M-12
LOG (gmm-align-compiled[5.2.132~9-82686]:main():gmm-align-compiled.cc:127) m007_oldmale-word-whare-K007M-01
LOG (gmm-align-compiled[5.2.132~9-82686]:main():gmm-align-compiled.cc:127) m007_oldmale-word-whare-K007M-05a1
LOG (gmm-align-compiled[5.2.132~9-82686]:main():gmm-align-compiled.cc:127) m007_oldmale-word-whare-K007M-05a2
LOG (gmm-align-compiled[5.2.132~9-82686]:main():gmm-align-compiled.cc:127) m007_oldmale-word-whare-K007M-05b
LOG (gmm-align-compiled[5.2.132~9-82686]:main():gmm-align-compiled.cc:127) m007_oldmale-word-whare-K007M-06
LOG (gmm-align-compiled[5.2.132~9-82686]:main():gmm-align-compiled.cc:127) m007_oldmale-word-whitu-K007M-06
LOG (gmm-align-compiled[5.2.132~9-82686]:main():gmm-align-compiled.cc:127) m007_oldmale-word-whitu-K007M-12
LOG (gmm-align-compiled[5.2.132~9-82686]:main():gmm-align-compiled.cc:127) m007_oldmale-word-whänau-K007M-09
LOG (gmm-align-compiled[5.2.132~9-82686]:main():gmm-align-compiled.cc:127) m007_oldmale-word-wä-K007M-01a1
LOG (gmm-align-compiled[5.2.132~9-82686]:main():gmm-align-compiled.cc:127) m007_oldmale-word-wä-K007M-01a2
LOG (gmm-align-compiled[5.2.132~9-82686]:main():gmm-align-compiled.cc:127) m007_oldmale-word-wä-K007M-01b
LOG (gmm-align-compiled[5.2.132~9-82686]:main():gmm-align-compiled.cc:127) m007_oldmale-word-wä-K007M-02a
LOG (gmm-align-compiled[5.2.132~9-82686]:main():gmm-align-compiled.cc:127) m007_oldmale-word-wä-K007M-02b
LOG (gmm-align-compiled[5.2.132~9-82686]:main():gmm-align-compiled.cc:127) m007_oldmale-word-wä-K007M-03
LOG (gmm-align-compiled[5.2.132~9-82686]:main():gmm-align-compiled.cc:127) m008_oldmale-word-awa-K008M-01
LOG (gmm-align-compiled[5.2.132~9-82686]:main():gmm-align-compiled.cc:127) m008_oldmale-word-awa-K008M-09a
LOG (gmm-align-compiled[5.2.132~9-82686]:main():gmm-align-compiled.cc:127) m008_oldmale-word-awa-K008M-09b
LOG (gmm-align-compiled[5.2.132~9-82686]:main():gmm-align-compiled.cc:127) m008_oldmale-word-awa-K008M-09c
LOG (gmm-align-compiled[5.2.132~9-82686]:main():gmm-align-compiled.cc:127) m008_oldmale-word-hei-K008M
LOG (gmm-align-compiled[5.2.132~9-82686]:main():gmm-align-compiled.cc:127) m008_oldmale-word-hoe-K008M
LOG (gmm-align-compiled[5.2.132~9-82686]:main():gmm-align-compiled.cc:127) m008_oldmale-word-hoihoi-K008M
LOG (gmm-align-compiled[5.2.132~9-82686]:main():gmm-align-compiled.cc:127) m008_oldmale-word-hë-K008M
LOG (gmm-align-compiled[5.2.132~9-82686]:main():gmm-align-compiled.cc:127) m008_oldmale-word-hï-K008M
LOG (gmm-align-compiled[5.2.132~9-82686]:main():gmm-align-compiled.cc:127) m008_oldmale-word-iwa-K008M-06
LOG (gmm-align-compiled[5.2.132~9-82686]:main():gmm-align-compiled.cc:127) m008_oldmale-word-iwa-K008M-07
LOG (gmm-align-compiled[5.2.132~9-82686]:main():gmm-align-compiled.cc:127) m008_oldmale-word-karakia-K008M-06a
LOG (gmm-align-compiled[5.2.132~9-82686]:main():gmm-align-compiled.cc:127) m008_oldmale-word-karakia-K008M-06b
LOG (gmm-align-compiled[5.2.132~9-82686]:main():gmm-align-compiled.cc:127) m008_oldmale-word-kaumätua-K008M-01
LOG (gmm-align-compiled[5.2.132~9-82686]:main():gmm-align-compiled.cc:127) m008_oldmale-word-kaumätua-K008M-06
LOG (gmm-align-compiled[5.2.132~9-82686]:main():gmm-align-compiled.cc:127) m008_oldmale-word-kei-K008M
LOG (gmm-align-compiled[5.2.132~9-82686]:main():gmm-align-compiled.cc:127) m008_oldmale-word-kë-K008M
LOG (gmm-align-compiled[5.2.132~9-82686]:main():gmm-align-compiled.cc:127) m008_oldmale-word-kï-K008M
LOG (gmm-align-compiled[5.2.132~9-82686]:main():gmm-align-compiled.cc:127) m008_oldmale-word-mao-K008M
LOG (gmm-align-compiled[5.2.132~9-82686]:main():gmm-align-compiled.cc:127) m008_oldmale-word-marae-K008M-04
LOG (gmm-align-compiled[5.2.132~9-82686]:main():gmm-align-compiled.cc:127) m008_oldmale-word-marae-K008M-06
LOG (gmm-align-compiled[5.2.132~9-82686]:main():gmm-align-compiled.cc:127) m008_oldmale-word-matariki-K008M-09
LOG (gmm-align-compiled[5.2.132~9-82686]:main():gmm-align-compiled.cc:127) m008_oldmale-word-matiu-K008M
LOG (gmm-align-compiled[5.2.132~9-82686]:main():gmm-align-compiled.cc:127) m008_oldmale-word-mau-K008M
LOG (gmm-align-compiled[5.2.132~9-82686]:main():gmm-align-compiled.cc:127) m008_oldmale-word-mihi-K008M-04a
LOG (gmm-align-compiled[5.2.132~9-82686]:main():gmm-align-compiled.cc:127) m008_oldmale-word-mihi-K008M-04b
LOG (gmm-align-compiled[5.2.132~9-82686]:main():gmm-align-compiled.cc:127) m008_oldmale-word-mihi-K008M-04c
LOG (gmm-align-compiled[5.2.132~9-82686]:main():gmm-align-compiled.cc:127) m008_oldmale-word-mihi-K008M-04d
LOG (gmm-align-compiled[5.2.132~9-82686]:main():gmm-align-compiled.cc:127) m008_oldmale-word-mihi-K008M-04e
LOG (gmm-align-compiled[5.2.132~9-82686]:main():gmm-align-compiled.cc:127) m008_oldmale-word-moana-K008M-01
LOG (gmm-align-compiled[5.2.132~9-82686]:main():gmm-align-compiled.cc:127) m008_oldmale-word-moutere-K008M
LOG (gmm-align-compiled[5.2.132~9-82686]:main():gmm-align-compiled.cc:127) m008_oldmale-word-mäori-K008M-04
LOG (gmm-align-compiled[5.2.132~9-82686]:main():gmm-align-compiled.cc:127) m008_oldmale-word-mäori-K008M-08
LOG (gmm-align-compiled[5.2.132~9-82686]:main():gmm-align-compiled.cc:127) m008_oldmale-word-mätao-K008M
LOG (gmm-align-compiled[5.2.132~9-82686]:main():gmm-align-compiled.cc:127) m008_oldmale-word-mätau-K008M
LOG (gmm-align-compiled[5.2.132~9-82686]:main():gmm-align-compiled.cc:127) m008_oldmale-word-mätou-K008M
LOG (gmm-align-compiled[5.2.132~9-82686]:main():gmm-align-compiled.cc:127) m008_oldmale-word-pae-K008M
LOG (gmm-align-compiled[5.2.132~9-82686]:main():gmm-align-compiled.cc:127) m008_oldmale-word-pai-K008M
LOG (gmm-align-compiled[5.2.132~9-82686]:main():gmm-align-compiled.cc:127) m008_oldmale-word-pao-K008M
LOG (gmm-align-compiled[5.2.132~9-82686]:main():gmm-align-compiled.cc:127) m008_oldmale-word-pau-K008M
LOG (gmm-align-compiled[5.2.132~9-82686]:main():gmm-align-compiled.cc:127) m008_oldmale-word-pou-K008M
LOG (gmm-align-compiled[5.2.132~9-82686]:main():gmm-align-compiled.cc:127) m008_oldmale-word-pö-K008M
LOG (gmm-align-compiled[5.2.132~9-82686]:main():gmm-align-compiled.cc:127) m008_oldmale-word-rima-K008M-03
LOG (gmm-align-compiled[5.2.132~9-82686]:main():gmm-align-compiled.cc:127) m008_oldmale-word-rima-K008M-05
LOG (gmm-align-compiled[5.2.132~9-82686]:main():gmm-align-compiled.cc:127) m008_oldmale-word-tae-K008M
LOG (gmm-align-compiled[5.2.132~9-82686]:main():gmm-align-compiled.cc:127) m008_oldmale-word-tai-K008M
LOG (gmm-align-compiled[5.2.132~9-82686]:main():gmm-align-compiled.cc:127) m008_oldmale-word-tangi-K008M-05
LOG (gmm-align-compiled[5.2.132~9-82686]:main():gmm-align-compiled.cc:127) m008_oldmale-word-tikanga-K008M-02
LOG (gmm-align-compiled[5.2.132~9-82686]:main():gmm-align-compiled.cc:127) m008_oldmale-word-tikanga-K008M-03
LOG (gmm-align-compiled[5.2.132~9-82686]:main():gmm-align-compiled.cc:127) m008_oldmale-word-tikanga-K008M-04
LOG (gmm-align-compiled[5.2.132~9-82686]:main():gmm-align-compiled.cc:127) m008_oldmale-word-tikanga-K008M-08
LOG (gmm-align-compiled[5.2.132~9-82686]:main():gmm-align-compiled.cc:127) m008_oldmale-word-toetoe-K008M
LOG (gmm-align-compiled[5.2.132~9-82686]:main():gmm-align-compiled.cc:127) m008_oldmale-word-toi-K008M
LOG (gmm-align-compiled[5.2.132~9-82686]:main():gmm-align-compiled.cc:127) m008_oldmale-word-täne-K008M
LOG (gmm-align-compiled[5.2.132~9-82686]:main():gmm-align-compiled.cc:127) m008_oldmale-word-tënei-K008M
LOG (gmm-align-compiled[5.2.132~9-82686]:main():gmm-align-compiled.cc:127) m008_oldmale-word-tü-K008M
LOG (gmm-align-compiled[5.2.132~9-82686]:main():gmm-align-compiled.cc:127) m008_oldmale-word-waiata-K008M-10
LOG (gmm-align-compiled[5.2.132~9-82686]:main():gmm-align-compiled.cc:127) m008_oldmale-word-waka-K008M-06
LOG (gmm-align-compiled[5.2.132~9-82686]:main():gmm-align-compiled.cc:127) m008_oldmale-word-whitu-K008M-06a
LOG (gmm-align-compiled[5.2.132~9-82686]:main():gmm-align-compiled.cc:127) m008_oldmale-word-whitu-K008M-06b
LOG (gmm-align-compiled[5.2.132~9-82686]:main():gmm-align-compiled.cc:127) m008_oldmale-word-whitu-K008M-07
LOG (gmm-align-compiled[5.2.132~9-82686]:main():gmm-align-compiled.cc:127) m009_oldmale-word-awa-K009M-06a
LOG (gmm-align-compiled[5.2.132~9-82686]:main():gmm-align-compiled.cc:127) m009_oldmale-word-awa-K009M-06b
LOG (gmm-align-compiled[5.2.132~9-82686]:main():gmm-align-compiled.cc:127) m009_oldmale-word-awa-K009M-07a
LOG (gmm-align-compiled[5.2.132~9-82686]:main():gmm-align-compiled.cc:127) m009_oldmale-word-awa-K009M-12
LOG (gmm-align-compiled[5.2.132~9-82686]:main():gmm-align-compiled.cc:127) m009_oldmale-word-e_noho-K009M-01
LOG (gmm-align-compiled[5.2.132~9-82686]:main():gmm-align-compiled.cc:127) m009_oldmale-word-e_noho-K009M-03a
LOG (gmm-align-compiled[5.2.132~9-82686]:main():gmm-align-compiled.cc:127) m009_oldmale-word-e_noho-K009M-03b
LOG (gmm-align-compiled[5.2.132~9-82686]:main():gmm-align-compiled.cc:127) m009_oldmale-word-e_noho-K009M-03c
LOG (gmm-align-compiled[5.2.132~9-82686]:main():gmm-align-compiled.cc:127) m009_oldmale-word-e_noho-K009M-03d
LOG (gmm-align-compiled[5.2.132~9-82686]:main():gmm-align-compiled.cc:127) m009_oldmale-word-e_noho-K009M-05
LOG (gmm-align-compiled[5.2.132~9-82686]:main():gmm-align-compiled.cc:127) m009_oldmale-word-e_noho-K009M-06
LOG (gmm-align-compiled[5.2.132~9-82686]:main():gmm-align-compiled.cc:127) m009_oldmale-word-e_noho-K009M-12
LOG (gmm-align-compiled[5.2.132~9-82686]:main():gmm-align-compiled.cc:127) m009_oldmale-word-haere_mai-K009M-04
LOG (gmm-align-compiled[5.2.132~9-82686]:main():gmm-align-compiled.cc:127) m009_oldmale-word-haere_mai-K009M-05
LOG (gmm-align-compiled[5.2.132~9-82686]:main():gmm-align-compiled.cc:127) m009_oldmale-word-haere_mai-K009M-07a
LOG (gmm-align-compiled[5.2.132~9-82686]:main():gmm-align-compiled.cc:127) m009_oldmale-word-haere_mai-K009M-07b
LOG (gmm-align-compiled[5.2.132~9-82686]:main():gmm-align-compiled.cc:127) m009_oldmale-word-haere_mai-K009M-12a
LOG (gmm-align-compiled[5.2.132~9-82686]:main():gmm-align-compiled.cc:127) m009_oldmale-word-haere_mai-K009M-12b
LOG (gmm-align-compiled[5.2.132~9-82686]:main():gmm-align-compiled.cc:127) m009_oldmale-word-hapü-K009M-01a
LOG (gmm-align-compiled[5.2.132~9-82686]:main():gmm-align-compiled.cc:127) m009_oldmale-word-hapü-K009M-01b
LOG (gmm-align-compiled[5.2.132~9-82686]:main():gmm-align-compiled.cc:127) m009_oldmale-word-hapü-K009M-01c
LOG (gmm-align-compiled[5.2.132~9-82686]:main():gmm-align-compiled.cc:127) m009_oldmale-word-hapü-K009M-01d
LOG (gmm-align-compiled[5.2.132~9-82686]:main():gmm-align-compiled.cc:127) m009_oldmale-word-hapü-K009M-01e
LOG (gmm-align-compiled[5.2.132~9-82686]:main():gmm-align-compiled.cc:127) m009_oldmale-word-hapü-K009M-02
LOG (gmm-align-compiled[5.2.132~9-82686]:main():gmm-align-compiled.cc:127) m009_oldmale-word-hapü-K009M-05a
LOG (gmm-align-compiled[5.2.132~9-82686]:main():gmm-align-compiled.cc:127) m009_oldmale-word-hapü-K009M-05b
LOG (gmm-align-compiled[5.2.132~9-82686]:main():gmm-align-compiled.cc:127) m009_oldmale-word-hapü-K009M-12
LOG (gmm-align-compiled[5.2.132~9-82686]:main():gmm-align-compiled.cc:127) m009_oldmale-word-hau-K009M
LOG (gmm-align-compiled[5.2.132~9-82686]:main():gmm-align-compiled.cc:127) m009_oldmale-word-hei-K009M
LOG (gmm-align-compiled[5.2.132~9-82686]:main():gmm-align-compiled.cc:127) m009_oldmale-word-hoe-K009M
LOG (gmm-align-compiled[5.2.132~9-82686]:main():gmm-align-compiled.cc:127) m009_oldmale-word-hoihoi-K009M
LOG (gmm-align-compiled[5.2.132~9-82686]:main():gmm-align-compiled.cc:127) m009_oldmale-word-hou-K009M
LOG (gmm-align-compiled[5.2.132~9-82686]:main():gmm-align-compiled.cc:127) m009_oldmale-word-hë-K009M
LOG (gmm-align-compiled[5.2.132~9-82686]:main():gmm-align-compiled.cc:127) m009_oldmale-word-hï-K009M
LOG (gmm-align-compiled[5.2.132~9-82686]:main():gmm-align-compiled.cc:127) m009_oldmale-word-iwi-K009M-05a
LOG (gmm-align-compiled[5.2.132~9-82686]:main():gmm-align-compiled.cc:127) m009_oldmale-word-iwi-K009M-05b
LOG (gmm-align-compiled[5.2.132~9-82686]:main():gmm-align-compiled.cc:127) m009_oldmale-word-iwi-K009M-05c
LOG (gmm-align-compiled[5.2.132~9-82686]:main():gmm-align-compiled.cc:127) m009_oldmale-word-iwi-K009M-05d
LOG (gmm-align-compiled[5.2.132~9-82686]:main():gmm-align-compiled.cc:127) m009_oldmale-word-iwi-K009M-09a
LOG (gmm-align-compiled[5.2.132~9-82686]:main():gmm-align-compiled.cc:127) m009_oldmale-word-iwi-K009M-09b
LOG (gmm-align-compiled[5.2.132~9-82686]:main():gmm-align-compiled.cc:127) m009_oldmale-word-iwi-K009M-11
LOG (gmm-align-compiled[5.2.132~9-82686]:main():gmm-align-compiled.cc:127) m009_oldmale-word-iwi-K009M-13
LOG (gmm-align-compiled[5.2.132~9-82686]:main():gmm-align-compiled.cc:127) m009_oldmale-word-karakia-K009M-06a
LOG (gmm-align-compiled[5.2.132~9-82686]:main():gmm-align-compiled.cc:127) m009_oldmale-word-karakia-K009M-06b
LOG (gmm-align-compiled[5.2.132~9-82686]:main():gmm-align-compiled.cc:127) m009_oldmale-word-karanga-K009M-11
LOG (gmm-align-compiled[5.2.132~9-82686]:main():gmm-align-compiled.cc:127) m009_oldmale-word-kaumätua-K009M-11a
LOG (gmm-align-compiled[5.2.132~9-82686]:main():gmm-align-compiled.cc:127) m009_oldmale-word-kaumätua-K009M-11b
LOG (gmm-align-compiled[5.2.132~9-82686]:main():gmm-align-compiled.cc:127) m009_oldmale-word-kei-K009M
LOG (gmm-align-compiled[5.2.132~9-82686]:main():gmm-align-compiled.cc:127) m009_oldmale-word-kia_ora-K009M-01
LOG (gmm-align-compiled[5.2.132~9-82686]:main():gmm-align-compiled.cc:127) m009_oldmale-word-käinga-K009M-04
LOG (gmm-align-compiled[5.2.132~9-82686]:main():gmm-align-compiled.cc:127) m009_oldmale-word-käinga-K009M-08
LOG (gmm-align-compiled[5.2.132~9-82686]:main():gmm-align-compiled.cc:127) m009_oldmale-word-kë-K009M
LOG (gmm-align-compiled[5.2.132~9-82686]:main():gmm-align-compiled.cc:127) m009_oldmale-word-kï-K009M
LOG (gmm-align-compiled[5.2.132~9-82686]:main():gmm-align-compiled.cc:127) m009_oldmale-word-körero-K009M-01
LOG (gmm-align-compiled[5.2.132~9-82686]:main():gmm-align-compiled.cc:127) m009_oldmale-word-körero-K009M-02a1
LOG (gmm-align-compiled[5.2.132~9-82686]:main():gmm-align-compiled.cc:127) m009_oldmale-word-körero-K009M-02a2
LOG (gmm-align-compiled[5.2.132~9-82686]:main():gmm-align-compiled.cc:127) m009_oldmale-word-körero-K009M-06
LOG (gmm-align-compiled[5.2.132~9-82686]:main():gmm-align-compiled.cc:127) m009_oldmale-word-körero-K009M-07
LOG (gmm-align-compiled[5.2.132~9-82686]:main():gmm-align-compiled.cc:127) m009_oldmale-word-mao-K009M
LOG (gmm-align-compiled[5.2.132~9-82686]:main():gmm-align-compiled.cc:127) m009_oldmale-word-marae-K009M-02a
LOG (gmm-align-compiled[5.2.132~9-82686]:main():gmm-align-compiled.cc:127) m009_oldmale-word-marae-K009M-02b
LOG (gmm-align-compiled[5.2.132~9-82686]:main():gmm-align-compiled.cc:127) m009_oldmale-word-marae-K009M-02c
LOG (gmm-align-compiled[5.2.132~9-82686]:main():gmm-align-compiled.cc:127) m009_oldmale-word-marae-K009M-02d
LOG (gmm-align-compiled[5.2.132~9-82686]:main():gmm-align-compiled.cc:127) m009_oldmale-word-marae-K009M-05a
LOG (gmm-align-compiled[5.2.132~9-82686]:main():gmm-align-compiled.cc:127) m009_oldmale-word-marae-K009M-05b
LOG (gmm-align-compiled[5.2.132~9-82686]:main():gmm-align-compiled.cc:127) m009_oldmale-word-marae-K009M-07
LOG (gmm-align-compiled[5.2.132~9-82686]:main():gmm-align-compiled.cc:127) m009_oldmale-word-marae-K009M-08
LOG (gmm-align-compiled[5.2.132~9-82686]:main():gmm-align-compiled.cc:127) m009_oldmale-word-marae-K009M-12
LOG (gmm-align-compiled[5.2.132~9-82686]:main():gmm-align-compiled.cc:127) m009_oldmale-word-matariki-K009M-06
LOG (gmm-align-compiled[5.2.132~9-82686]:main():gmm-align-compiled.cc:127) m009_oldmale-word-matiu-K009M
LOG (gmm-align-compiled[5.2.132~9-82686]:main():gmm-align-compiled.cc:127) m009_oldmale-word-mau-K009M
LOG (gmm-align-compiled[5.2.132~9-82686]:main():gmm-align-compiled.cc:127) m009_oldmale-word-maunga-K009M-02
LOG (gmm-align-compiled[5.2.132~9-82686]:main():gmm-align-compiled.cc:127) m009_oldmale-word-maunga-K009M-06
LOG (gmm-align-compiled[5.2.132~9-82686]:main():gmm-align-compiled.cc:127) m009_oldmale-word-maunga-K009M-07a
LOG (gmm-align-compiled[5.2.132~9-82686]:main():gmm-align-compiled.cc:127) m009_oldmale-word-maunga-K009M-07b
LOG (gmm-align-compiled[5.2.132~9-82686]:main():gmm-align-compiled.cc:127) m009_oldmale-word-mokopuna-K009M-05a
LOG (gmm-align-compiled[5.2.132~9-82686]:main():gmm-align-compiled.cc:127) m009_oldmale-word-mokopuna-K009M-05b
LOG (gmm-align-compiled[5.2.132~9-82686]:main():gmm-align-compiled.cc:127) m009_oldmale-word-mokopuna-K009M-05c
LOG (gmm-align-compiled[5.2.132~9-82686]:main():gmm-align-compiled.cc:127) m009_oldmale-word-mokopuna-K009M-13
LOG (gmm-align-compiled[5.2.132~9-82686]:main():gmm-align-compiled.cc:127) m009_oldmale-word-moutere-K009M
LOG (gmm-align-compiled[5.2.132~9-82686]:main():gmm-align-compiled.cc:127) m009_oldmale-word-mäori-K009M-03
LOG (gmm-align-compiled[5.2.132~9-82686]:main():gmm-align-compiled.cc:127) m009_oldmale-word-mäori-K009M-05
LOG (gmm-align-compiled[5.2.132~9-82686]:main():gmm-align-compiled.cc:127) m009_oldmale-word-mäori-K009M-09a
LOG (gmm-align-compiled[5.2.132~9-82686]:main():gmm-align-compiled.cc:127) m009_oldmale-word-mäori-K009M-09b
LOG (gmm-align-compiled[5.2.132~9-82686]:main():gmm-align-compiled.cc:127) m009_oldmale-word-mätao-K009M
LOG (gmm-align-compiled[5.2.132~9-82686]:main():gmm-align-compiled.cc:127) m009_oldmale-word-mätau-K009M
LOG (gmm-align-compiled[5.2.132~9-82686]:main():gmm-align-compiled.cc:127) m009_oldmale-word-mätou-K009M
LOG (gmm-align-compiled[5.2.132~9-82686]:main():gmm-align-compiled.cc:127) m009_oldmale-word-ono-K009M-03a
LOG (gmm-align-compiled[5.2.132~9-82686]:main():gmm-align-compiled.cc:127) m009_oldmale-word-ono-K009M-03b
LOG (gmm-align-compiled[5.2.132~9-82686]:main():gmm-align-compiled.cc:127) m009_oldmale-word-ono-K009M-12
LOG (gmm-align-compiled[5.2.132~9-82686]:main():gmm-align-compiled.cc:127) m009_oldmale-word-pae-K009M
LOG (gmm-align-compiled[5.2.132~9-82686]:main():gmm-align-compiled.cc:127) m009_oldmale-word-pai-K009M
LOG (gmm-align-compiled[5.2.132~9-82686]:main():gmm-align-compiled.cc:127) m009_oldmale-word-pao-K009M
LOG (gmm-align-compiled[5.2.132~9-82686]:main():gmm-align-compiled.cc:127) m009_oldmale-word-pau-K009M
LOG (gmm-align-compiled[5.2.132~9-82686]:main():gmm-align-compiled.cc:127) m009_oldmale-word-pou-K009M
LOG (gmm-align-compiled[5.2.132~9-82686]:main():gmm-align-compiled.cc:127) m009_oldmale-word-puku-K009M-10a
LOG (gmm-align-compiled[5.2.132~9-82686]:main():gmm-align-compiled.cc:127) m009_oldmale-word-puku-K009M-10b
LOG (gmm-align-compiled[5.2.132~9-82686]:main():gmm-align-compiled.cc:127) m009_oldmale-word-puku-K009M-12
LOG (gmm-align-compiled[5.2.132~9-82686]:main():gmm-align-compiled.cc:127) m009_oldmale-word-pö-K009M
LOG (gmm-align-compiled[5.2.132~9-82686]:main():gmm-align-compiled.cc:127) m009_oldmale-word-rima-K009M-03
LOG (gmm-align-compiled[5.2.132~9-82686]:main():gmm-align-compiled.cc:127) m009_oldmale-word-rua-K009M-01
LOG (gmm-align-compiled[5.2.132~9-82686]:main():gmm-align-compiled.cc:127) m009_oldmale-word-rua-K009M-02a
LOG (gmm-align-compiled[5.2.132~9-82686]:main():gmm-align-compiled.cc:127) m009_oldmale-word-rua-K009M-02b
LOG (gmm-align-compiled[5.2.132~9-82686]:main():gmm-align-compiled.cc:127) m009_oldmale-word-rua-K009M-02c
LOG (gmm-align-compiled[5.2.132~9-82686]:main():gmm-align-compiled.cc:127) m009_oldmale-word-rua-K009M-02d
LOG (gmm-align-compiled[5.2.132~9-82686]:main():gmm-align-compiled.cc:127) m009_oldmale-word-rua-K009M-03a
LOG (gmm-align-compiled[5.2.132~9-82686]:main():gmm-align-compiled.cc:127) m009_oldmale-word-rua-K009M-03b
LOG (gmm-align-compiled[5.2.132~9-82686]:main():gmm-align-compiled.cc:127) m009_oldmale-word-rua-K009M-03c
LOG (gmm-align-compiled[5.2.132~9-82686]:main():gmm-align-compiled.cc:127) m009_oldmale-word-rua-K009M-03d
LOG (gmm-align-compiled[5.2.132~9-82686]:main():gmm-align-compiled.cc:127) m009_oldmale-word-rua-K009M-12
LOG (gmm-align-compiled[5.2.132~9-82686]:main():gmm-align-compiled.cc:127) m009_oldmale-word-tae-K009M
LOG (gmm-align-compiled[5.2.132~9-82686]:main():gmm-align-compiled.cc:127) m009_oldmale-word-tahi-K009M-01
LOG (gmm-align-compiled[5.2.132~9-82686]:main():gmm-align-compiled.cc:127) m009_oldmale-word-tahi-K009M-03a
LOG (gmm-align-compiled[5.2.132~9-82686]:main():gmm-align-compiled.cc:127) m009_oldmale-word-tahi-K009M-03b
LOG (gmm-align-compiled[5.2.132~9-82686]:main():gmm-align-compiled.cc:127) m009_oldmale-word-tahi-K009M-03c
LOG (gmm-align-compiled[5.2.132~9-82686]:main():gmm-align-compiled.cc:127) m009_oldmale-word-tahi-K009M-03d
LOG (gmm-align-compiled[5.2.132~9-82686]:main():gmm-align-compiled.cc:127) m009_oldmale-word-tahi-K009M-05a
LOG (gmm-align-compiled[5.2.132~9-82686]:main():gmm-align-compiled.cc:127) m009_oldmale-word-tahi-K009M-05b
LOG (gmm-align-compiled[5.2.132~9-82686]:main():gmm-align-compiled.cc:127) m009_oldmale-word-tahi-K009M-08
LOG (gmm-align-compiled[5.2.132~9-82686]:main():gmm-align-compiled.cc:127) m009_oldmale-word-tahi-K009M-11
LOG (gmm-align-compiled[5.2.132~9-82686]:main():gmm-align-compiled.cc:127) m009_oldmale-word-tai-K009M
LOG (gmm-align-compiled[5.2.132~9-82686]:main():gmm-align-compiled.cc:127) m009_oldmale-word-tangi-K009M-04
LOG (gmm-align-compiled[5.2.132~9-82686]:main():gmm-align-compiled.cc:127) m009_oldmale-word-tauhou-K009M-06
LOG (gmm-align-compiled[5.2.132~9-82686]:main():gmm-align-compiled.cc:127) m009_oldmale-word-toetoe-K009M
LOG (gmm-align-compiled[5.2.132~9-82686]:main():gmm-align-compiled.cc:127) m009_oldmale-word-toi-K009M
LOG (gmm-align-compiled[5.2.132~9-82686]:main():gmm-align-compiled.cc:127) m009_oldmale-word-täne-K009M
LOG (gmm-align-compiled[5.2.132~9-82686]:main():gmm-align-compiled.cc:127) m009_oldmale-word-tënei-K009M
LOG (gmm-align-compiled[5.2.132~9-82686]:main():gmm-align-compiled.cc:127) m009_oldmale-word-tënä_koe-K009M-01
LOG (gmm-align-compiled[5.2.132~9-82686]:main():gmm-align-compiled.cc:127) m009_oldmale-word-tü-K009M
LOG (gmm-align-compiled[5.2.132~9-82686]:main():gmm-align-compiled.cc:127) m009_oldmale-word-waiata-K009M-06
LOG (gmm-align-compiled[5.2.132~9-82686]:main():gmm-align-compiled.cc:127) m009_oldmale-word-wairua-K009M-04
LOG (gmm-align-compiled[5.2.132~9-82686]:main():gmm-align-compiled.cc:127) m009_oldmale-word-waru-K009M-02
LOG (gmm-align-compiled[5.2.132~9-82686]:main():gmm-align-compiled.cc:127) m009_oldmale-word-waru-K009M-03
LOG (gmm-align-compiled[5.2.132~9-82686]:main():gmm-align-compiled.cc:127) m009_oldmale-word-waru-K009M-05a
LOG (gmm-align-compiled[5.2.132~9-82686]:main():gmm-align-compiled.cc:127) m009_oldmale-word-waru-K009M-05b
LOG (gmm-align-compiled[5.2.132~9-82686]:main():gmm-align-compiled.cc:127) m009_oldmale-word-whitu-K009M-03
LOG (gmm-align-compiled[5.2.132~9-82686]:main():gmm-align-compiled.cc:127) m009_oldmale-word-wä-K009M-02
LOG (gmm-align-compiled[5.2.132~9-82686]:main():gmm-align-compiled.cc:127) m009_oldmale-word-wä-K009M-03
LOG (gmm-align-compiled[5.2.132~9-82686]:main():gmm-align-compiled.cc:127) m009_oldmale-word-wä-K009M-04
LOG (gmm-align-compiled[5.2.132~9-82686]:main():gmm-align-compiled.cc:127) m009_oldmale-word-wä-K009M-05
LOG (gmm-align-compiled[5.2.132~9-82686]:main():gmm-align-compiled.cc:127) m010_oldmale-word-aroha-K010M-01
LOG (gmm-align-compiled[5.2.132~9-82686]:main():gmm-align-compiled.cc:127) m010_oldmale-word-awa-K010M-11a
LOG (gmm-align-compiled[5.2.132~9-82686]:main():gmm-align-compiled.cc:127) m010_oldmale-word-awa-K010M-11b
LOG (gmm-align-compiled[5.2.132~9-82686]:main():gmm-align-compiled.cc:127) m010_oldmale-word-awa-K010M-11c
LOG (gmm-align-compiled[5.2.132~9-82686]:main():gmm-align-compiled.cc:127) m010_oldmale-word-awa-K010M-11d
LOG (gmm-align-compiled[5.2.132~9-82686]:main():gmm-align-compiled.cc:127) m010_oldmale-word-e_noho-K010M-11
LOG (gmm-align-compiled[5.2.132~9-82686]:main():gmm-align-compiled.cc:127) m010_oldmale-word-haere_mai-K010M-05
LOG (gmm-align-compiled[5.2.132~9-82686]:main():gmm-align-compiled.cc:127) m010_oldmale-word-hapü-K010M-04
LOG (gmm-align-compiled[5.2.132~9-82686]:main():gmm-align-compiled.cc:127) m010_oldmale-word-hapü-K010M-07
LOG (gmm-align-compiled[5.2.132~9-82686]:main():gmm-align-compiled.cc:127) m010_oldmale-word-hau-K010M
LOG (gmm-align-compiled[5.2.132~9-82686]:main():gmm-align-compiled.cc:127) m010_oldmale-word-hoe-K010M
LOG (gmm-align-compiled[5.2.132~9-82686]:main():gmm-align-compiled.cc:127) m010_oldmale-word-hoihoi-K010M
LOG (gmm-align-compiled[5.2.132~9-82686]:main():gmm-align-compiled.cc:127) m010_oldmale-word-hou-K010M
LOG (gmm-align-compiled[5.2.132~9-82686]:main():gmm-align-compiled.cc:127) m010_oldmale-word-iwi-K010M-05
LOG (gmm-align-compiled[5.2.132~9-82686]:main():gmm-align-compiled.cc:127) m010_oldmale-word-ka_pai-K010M-10
LOG (gmm-align-compiled[5.2.132~9-82686]:main():gmm-align-compiled.cc:127) m010_oldmale-word-karakia-K010M-11a
LOG (gmm-align-compiled[5.2.132~9-82686]:main():gmm-align-compiled.cc:127) m010_oldmale-word-karakia-K010M-11b
LOG (gmm-align-compiled[5.2.132~9-82686]:main():gmm-align-compiled.cc:127) m010_oldmale-word-karakia-K010M-11c
LOG (gmm-align-compiled[5.2.132~9-82686]:main():gmm-align-compiled.cc:127) m010_oldmale-word-kei-K010M
LOG (gmm-align-compiled[5.2.132~9-82686]:main():gmm-align-compiled.cc:127) m010_oldmale-word-kuia-K010M-07a
LOG (gmm-align-compiled[5.2.132~9-82686]:main():gmm-align-compiled.cc:127) m010_oldmale-word-kuia-K010M-07b
LOG (gmm-align-compiled[5.2.132~9-82686]:main():gmm-align-compiled.cc:127) m010_oldmale-word-kuia-K010M-07c
LOG (gmm-align-compiled[5.2.132~9-82686]:main():gmm-align-compiled.cc:127) m010_oldmale-word-kuia-K010M-07d
LOG (gmm-align-compiled[5.2.132~9-82686]:main():gmm-align-compiled.cc:127) m010_oldmale-word-kuia-K010M-07e
LOG (gmm-align-compiled[5.2.132~9-82686]:main():gmm-align-compiled.cc:127) m010_oldmale-word-kuia-K010M-07f1
LOG (gmm-align-compiled[5.2.132~9-82686]:main():gmm-align-compiled.cc:127) m010_oldmale-word-kuia-K010M-07f2
LOG (gmm-align-compiled[5.2.132~9-82686]:main():gmm-align-compiled.cc:127) m010_oldmale-word-kuia-K010M-07g
LOG (gmm-align-compiled[5.2.132~9-82686]:main():gmm-align-compiled.cc:127) m010_oldmale-word-käinga-K010M-04
LOG (gmm-align-compiled[5.2.132~9-82686]:main():gmm-align-compiled.cc:127) m010_oldmale-word-käinga-K010M-06a
LOG (gmm-align-compiled[5.2.132~9-82686]:main():gmm-align-compiled.cc:127) m010_oldmale-word-käinga-K010M-06b
LOG (gmm-align-compiled[5.2.132~9-82686]:main():gmm-align-compiled.cc:127) m010_oldmale-word-käinga-K010M-07
LOG (gmm-align-compiled[5.2.132~9-82686]:main():gmm-align-compiled.cc:127) m010_oldmale-word-käinga-K010M-11
LOG (gmm-align-compiled[5.2.132~9-82686]:main():gmm-align-compiled.cc:127) m010_oldmale-word-kë-K010M
LOG (gmm-align-compiled[5.2.132~9-82686]:main():gmm-align-compiled.cc:127) m010_oldmale-word-kï-K010M
LOG (gmm-align-compiled[5.2.132~9-82686]:main():gmm-align-compiled.cc:127) m010_oldmale-word-körero-K010M-01
LOG (gmm-align-compiled[5.2.132~9-82686]:main():gmm-align-compiled.cc:127) m010_oldmale-word-körero-K010M-09
LOG (gmm-align-compiled[5.2.132~9-82686]:main():gmm-align-compiled.cc:127) m010_oldmale-word-mao-K010M
LOG (gmm-align-compiled[5.2.132~9-82686]:main():gmm-align-compiled.cc:127) m010_oldmale-word-marae-K010M-11
LOG (gmm-align-compiled[5.2.132~9-82686]:main():gmm-align-compiled.cc:127) m010_oldmale-word-matariki-K010M-11
LOG (gmm-align-compiled[5.2.132~9-82686]:main():gmm-align-compiled.cc:127) m010_oldmale-word-matiu-K010M
LOG (gmm-align-compiled[5.2.132~9-82686]:main():gmm-align-compiled.cc:127) m010_oldmale-word-mau-K010M
LOG (gmm-align-compiled[5.2.132~9-82686]:main():gmm-align-compiled.cc:127) m010_oldmale-word-maunga-K010M-03
LOG (gmm-align-compiled[5.2.132~9-82686]:main():gmm-align-compiled.cc:127) m010_oldmale-word-moana-K010M-03
LOG (gmm-align-compiled[5.2.132~9-82686]:main():gmm-align-compiled.cc:127) m010_oldmale-word-mokopuna-K010M-02
LOG (gmm-align-compiled[5.2.132~9-82686]:main():gmm-align-compiled.cc:127) m010_oldmale-word-mokopuna-K010M-06
LOG (gmm-align-compiled[5.2.132~9-82686]:main():gmm-align-compiled.cc:127) m010_oldmale-word-mokopuna-K010M-07
LOG (gmm-align-compiled[5.2.132~9-82686]:main():gmm-align-compiled.cc:127) m010_oldmale-word-mokopuna-K010M-08
LOG (gmm-align-compiled[5.2.132~9-82686]:main():gmm-align-compiled.cc:127) m010_oldmale-word-mokopuna-K010M-10
LOG (gmm-align-compiled[5.2.132~9-82686]:main():gmm-align-compiled.cc:127) m010_oldmale-word-moutere-K010M
LOG (gmm-align-compiled[5.2.132~9-82686]:main():gmm-align-compiled.cc:127) m010_oldmale-word-mäori-K010M-03
LOG (gmm-align-compiled[5.2.132~9-82686]:main():gmm-align-compiled.cc:127) m010_oldmale-word-mäori-K010M-04
LOG (gmm-align-compiled[5.2.132~9-82686]:main():gmm-align-compiled.cc:127) m010_oldmale-word-mäori-K010M-05a
LOG (gmm-align-compiled[5.2.132~9-82686]:main():gmm-align-compiled.cc:127) m010_oldmale-word-mäori-K010M-05b
LOG (gmm-align-compiled[5.2.132~9-82686]:main():gmm-align-compiled.cc:127) m010_oldmale-word-mäori-K010M-05c
LOG (gmm-align-compiled[5.2.132~9-82686]:main():gmm-align-compiled.cc:127) m010_oldmale-word-mätao-K010M
LOG (gmm-align-compiled[5.2.132~9-82686]:main():gmm-align-compiled.cc:127) m010_oldmale-word-mätau-K010M
LOG (gmm-align-compiled[5.2.132~9-82686]:main():gmm-align-compiled.cc:127) m010_oldmale-word-mätou-K010M
LOG (gmm-align-compiled[5.2.132~9-82686]:main():gmm-align-compiled.cc:127) m010_oldmale-word-ono-K010M-01
LOG (gmm-align-compiled[5.2.132~9-82686]:main():gmm-align-compiled.cc:127) m010_oldmale-word-ono-K010M-02
LOG (gmm-align-compiled[5.2.132~9-82686]:main():gmm-align-compiled.cc:127) m010_oldmale-word-pae-K010M
LOG (apply-cmvn[5.2.132~9-82686]:main():apply-cmvn.cc:162) Applied cepstral mean normalization to 689 utterances, errors on 0
LOG (gmm-align-compiled[5.2.132~9-82686]:main():gmm-align-compiled.cc:127) m010_oldmale-word-pai-K010M
LOG (gmm-align-compiled[5.2.132~9-82686]:main():gmm-align-compiled.cc:127) m010_oldmale-word-pao-K010M
LOG (gmm-align-compiled[5.2.132~9-82686]:main():gmm-align-compiled.cc:127) m010_oldmale-word-pau-K010M
LOG (gmm-align-compiled[5.2.132~9-82686]:main():gmm-align-compiled.cc:127) m010_oldmale-word-pou-K010M
LOG (gmm-align-compiled[5.2.132~9-82686]:main():gmm-align-compiled.cc:127) m010_oldmale-word-pö-K010M
LOG (gmm-align-compiled[5.2.132~9-82686]:main():gmm-align-compiled.cc:127) m010_oldmale-word-rima-K010M-01a
LOG (gmm-align-compiled[5.2.132~9-82686]:main():gmm-align-compiled.cc:127) m010_oldmale-word-rima-K010M-01b
LOG (gmm-align-compiled[5.2.132~9-82686]:main():gmm-align-compiled.cc:127) m010_oldmale-word-rima-K010M-03a
LOG (gmm-align-compiled[5.2.132~9-82686]:main():gmm-align-compiled.cc:127) m010_oldmale-word-rima-K010M-03b
LOG (gmm-align-compiled[5.2.132~9-82686]:main():gmm-align-compiled.cc:127) m010_oldmale-word-rima-K010M-06
LOG (gmm-align-compiled[5.2.132~9-82686]:main():gmm-align-compiled.cc:127) m010_oldmale-word-rua-K010M-01a
LOG (gmm-align-compiled[5.2.132~9-82686]:main():gmm-align-compiled.cc:127) m010_oldmale-word-rua-K010M-01b
LOG (gmm-align-compiled[5.2.132~9-82686]:main():gmm-align-compiled.cc:127) m010_oldmale-word-rua-K010M-01c
LOG (gmm-align-compiled[5.2.132~9-82686]:main():gmm-align-compiled.cc:127) m010_oldmale-word-rua-K010M-01d
LOG (gmm-align-compiled[5.2.132~9-82686]:main():gmm-align-compiled.cc:127) m010_oldmale-word-rua-K010M-01d1
LOG (gmm-align-compiled[5.2.132~9-82686]:main():gmm-align-compiled.cc:127) m010_oldmale-word-rua-K010M-01d2
LOG (gmm-align-compiled[5.2.132~9-82686]:main():gmm-align-compiled.cc:127) m010_oldmale-word-rua-K010M-01e
LOG (gmm-align-compiled[5.2.132~9-82686]:main():gmm-align-compiled.cc:127) m010_oldmale-word-rua-K010M-01f
LOG (gmm-align-compiled[5.2.132~9-82686]:main():gmm-align-compiled.cc:127) m010_oldmale-word-rua-K010M-01g
LOG (gmm-align-compiled[5.2.132~9-82686]:main():gmm-align-compiled.cc:127) m010_oldmale-word-rua-K010M-01h
LOG (gmm-align-compiled[5.2.132~9-82686]:main():gmm-align-compiled.cc:127) m010_oldmale-word-rua-K010M-05
LOG (gmm-align-compiled[5.2.132~9-82686]:main():gmm-align-compiled.cc:127) m010_oldmale-word-rua-K010M-06
LOG (gmm-align-compiled[5.2.132~9-82686]:main():gmm-align-compiled.cc:127) m010_oldmale-word-rua-K010M-08
LOG (gmm-align-compiled[5.2.132~9-82686]:main():gmm-align-compiled.cc:127) m010_oldmale-word-rua-K010M-09
LOG (gmm-align-compiled[5.2.132~9-82686]:main():gmm-align-compiled.cc:127) m010_oldmale-word-tae-K010M
LOG (gmm-align-compiled[5.2.132~9-82686]:main():gmm-align-compiled.cc:127) m010_oldmale-word-tahi-K010M-01a
LOG (gmm-align-compiled[5.2.132~9-82686]:main():gmm-align-compiled.cc:127) m010_oldmale-word-tahi-K010M-01b
LOG (gmm-align-compiled[5.2.132~9-82686]:main():gmm-align-compiled.cc:127) m010_oldmale-word-tahi-K010M-04
LOG (gmm-align-compiled[5.2.132~9-82686]:main():gmm-align-compiled.cc:127) m010_oldmale-word-tahi-K010M-06
LOG (gmm-align-compiled[5.2.132~9-82686]:main():gmm-align-compiled.cc:127) m010_oldmale-word-tai-K010M
LOG (gmm-align-compiled[5.2.132~9-82686]:main():gmm-align-compiled.cc:127) m010_oldmale-word-tauhou-K010M-11
LOG (gmm-align-compiled[5.2.132~9-82686]:main():gmm-align-compiled.cc:127) m010_oldmale-word-tikanga-K010M-04a
LOG (gmm-align-compiled[5.2.132~9-82686]:main():gmm-align-compiled.cc:127) m010_oldmale-word-tikanga-K010M-04b
LOG (gmm-align-compiled[5.2.132~9-82686]:main():gmm-align-compiled.cc:127) m010_oldmale-word-tikanga-K010M-09a
LOG (gmm-align-compiled[5.2.132~9-82686]:main():gmm-align-compiled.cc:127) m010_oldmale-word-tikanga-K010M-09b
LOG (gmm-align-compiled[5.2.132~9-82686]:main():gmm-align-compiled.cc:127) m010_oldmale-word-toetoe-K010M
LOG (gmm-align-compiled[5.2.132~9-82686]:main():gmm-align-compiled.cc:127) m010_oldmale-word-toi-K010M
LOG (gmm-align-compiled[5.2.132~9-82686]:main():gmm-align-compiled.cc:127) m010_oldmale-word-täne-K010M
LOG (gmm-align-compiled[5.2.132~9-82686]:main():gmm-align-compiled.cc:127) m010_oldmale-word-tënei-K010M
LOG (gmm-align-compiled[5.2.132~9-82686]:main():gmm-align-compiled.cc:127) m010_oldmale-word-tü-K010M
LOG (gmm-align-compiled[5.2.132~9-82686]:main():gmm-align-compiled.cc:127) m010_oldmale-word-waiata-K010M-02a
LOG (gmm-align-compiled[5.2.132~9-82686]:main():gmm-align-compiled.cc:127) m010_oldmale-word-waiata-K010M-02b
LOG (gmm-align-compiled[5.2.132~9-82686]:main():gmm-align-compiled.cc:127) m010_oldmale-word-waiata-K010M-03a
LOG (gmm-align-compiled[5.2.132~9-82686]:main():gmm-align-compiled.cc:127) m010_oldmale-word-waiata-K010M-03b
LOG (gmm-align-compiled[5.2.132~9-82686]:main():gmm-align-compiled.cc:127) m010_oldmale-word-waiata-K010M-03c
LOG (gmm-align-compiled[5.2.132~9-82686]:main():gmm-align-compiled.cc:127) m010_oldmale-word-waiata-K010M-11
LOG (gmm-align-compiled[5.2.132~9-82686]:main():gmm-align-compiled.cc:127) m010_oldmale-word-waka-K010M-11
LOG (gmm-align-compiled[5.2.132~9-82686]:main():gmm-align-compiled.cc:127) m010_oldmale-word-whitu-K010M-01
LOG (gmm-align-compiled[5.2.132~9-82686]:main():gmm-align-compiled.cc:127) m010_oldmale-word-whitu-K010M-02
LOG (gmm-align-compiled[5.2.132~9-82686]:main():gmm-align-compiled.cc:127) m010_oldmale-word-whänau-K010M-10
LOG (gmm-align-compiled[5.2.132~9-82686]:main():gmm-align-compiled.cc:127) m010_oldmale-word-wä-K010M-01
LOG (gmm-align-compiled[5.2.132~9-82686]:main():gmm-align-compiled.cc:135) Overall log-likelihood per frame is 16.8988 over 26003 frames.
LOG (gmm-align-compiled[5.2.132~9-82686]:main():gmm-align-compiled.cc:137) Retried 0 out of 689 utterances.
LOG (gmm-align-compiled[5.2.132~9-82686]:main():gmm-align-compiled.cc:139) Done 689, errors on 0
# Accounting: time=2 threads=1
# Ended (code 0) at Thu Nov  9 17:22:58 NZDT 2017, elapsed time 2 seconds
