# gunzip -c exp/tri3b/decode.si/lat.4.gz | lattice-to-post --acoustic-scale=0.083333 ark:- ark:- | weight-silence-post 0.01 1:2:3:4:5:6:7:8:9:10 exp/tri3b/final.alimdl ark:- ark:- | gmm-post-to-gpost exp/tri3b/final.alimdl "ark,s,cs:apply-cmvn  --utt2spk=ark:data/test/split4/4/utt2spk scp:data/test/split4/4/cmvn.scp scp:data/test/split4/4/feats.scp ark:- | splice-feats --left-context=3 --right-context=3 ark:- ark:- | transform-feats exp/tri3b/final.mat ark:- ark:- |" ark:- ark:- | gmm-est-fmllr-gpost --fmllr-update-type=full --spk2utt=ark:data/test/split4/4/spk2utt exp/tri3b/final.mdl "ark,s,cs:apply-cmvn  --utt2spk=ark:data/test/split4/4/utt2spk scp:data/test/split4/4/cmvn.scp scp:data/test/split4/4/feats.scp ark:- | splice-feats --left-context=3 --right-context=3 ark:- ark:- | transform-feats exp/tri3b/final.mat ark:- ark:- |" ark,s,cs:- ark:exp/tri3b/decode/pre_trans.4 
# Started at Thu Nov  9 13:53:15 NZDT 2017
#
gmm-post-to-gpost exp/tri3b/final.alimdl 'ark,s,cs:apply-cmvn  --utt2spk=ark:data/test/split4/4/utt2spk scp:data/test/split4/4/cmvn.scp scp:data/test/split4/4/feats.scp ark:- | splice-feats --left-context=3 --right-context=3 ark:- ark:- | transform-feats exp/tri3b/final.mat ark:- ark:- |' ark:- ark:- 
lattice-to-post --acoustic-scale=0.083333 ark:- ark:- 
weight-silence-post 0.01 1:2:3:4:5:6:7:8:9:10 exp/tri3b/final.alimdl ark:- ark:- 
apply-cmvn --utt2spk=ark:data/test/split4/4/utt2spk scp:data/test/split4/4/cmvn.scp scp:data/test/split4/4/feats.scp ark:- 
gmm-est-fmllr-gpost --fmllr-update-type=full --spk2utt=ark:data/test/split4/4/spk2utt exp/tri3b/final.mdl 'ark,s,cs:apply-cmvn  --utt2spk=ark:data/test/split4/4/utt2spk scp:data/test/split4/4/cmvn.scp scp:data/test/split4/4/feats.scp ark:- | splice-feats --left-context=3 --right-context=3 ark:- ark:- | transform-feats exp/tri3b/final.mat ark:- ark:- |' ark,s,cs:- ark:exp/tri3b/decode/pre_trans.4 
transform-feats exp/tri3b/final.mat ark:- ark:- 
splice-feats --left-context=3 --right-context=3 ark:- ark:- 
apply-cmvn --utt2spk=ark:data/test/split4/4/utt2spk scp:data/test/split4/4/cmvn.scp scp:data/test/split4/4/feats.scp ark:- 
transform-feats exp/tri3b/final.mat ark:- ark:- 
splice-feats --left-context=3 --right-context=3 ark:- ark:- 
LOG (gmm-est-fmllr-gpost[5.2.132~9-82686]:ComputeFmllrMatrixDiagGmmFull():fmllr-diag-gmm.cc:262) fMLLR objf improvement is 5.18639 per frame over 5852.81 frames.
LOG (gmm-est-fmllr-gpost[5.2.132~9-82686]:main():gmm-est-fmllr-gpost.cc:141) For speaker ym005, auxf-impr from fMLLR is 5.18639, over 5852.81 frames.
WARNING (gmm-est-fmllr-gpost[5.2.132~9-82686]:Update():fmllr-diag-gmm.cc:162) Not updating fMLLR since below min-count: count is 361.317
LOG (gmm-est-fmllr-gpost[5.2.132~9-82686]:main():gmm-est-fmllr-gpost.cc:141) For speaker ym006, auxf-impr from fMLLR is 0, over 361.317 frames.
LOG (gmm-est-fmllr-gpost[5.2.132~9-82686]:ComputeFmllrMatrixDiagGmmFull():fmllr-diag-gmm.cc:262) fMLLR objf improvement is 6.05312 per frame over 1927.27 frames.
LOG (gmm-est-fmllr-gpost[5.2.132~9-82686]:main():gmm-est-fmllr-gpost.cc:141) For speaker ym007, auxf-impr from fMLLR is 6.05312, over 1927.27 frames.
LOG (lattice-to-post[5.2.132~9-82686]:main():lattice-to-post.cc:106) Overall average log-like/frame is -4.94061 over 17076 frames.  Average acoustic like/frame is -4.67971
LOG (lattice-to-post[5.2.132~9-82686]:main():lattice-to-post.cc:110) Done 472 lattices.
LOG (gmm-est-fmllr-gpost[5.2.132~9-82686]:ComputeFmllrMatrixDiagGmmFull():fmllr-diag-gmm.cc:262) fMLLR objf improvement is 3.62049 per frame over 2478.19 frames.
LOG (gmm-est-fmllr-gpost[5.2.132~9-82686]:main():gmm-est-fmllr-gpost.cc:141) For speaker ym008, auxf-impr from fMLLR is 3.62049, over 2478.19 frames.
LOG (weight-silence-post[5.2.132~9-82686]:main():weight-silence-post.cc:95) Done 472 posteriors.
LOG (gmm-est-fmllr-gpost[5.2.132~9-82686]:ComputeFmllrMatrixDiagGmmFull():fmllr-diag-gmm.cc:262) fMLLR objf improvement is 5.18092 per frame over 2364.92 frames.
LOG (gmm-est-fmllr-gpost[5.2.132~9-82686]:main():gmm-est-fmllr-gpost.cc:141) For speaker ym009, auxf-impr from fMLLR is 5.18092, over 2364.92 frames.
LOG (apply-cmvn[5.2.132~9-82686]:main():apply-cmvn.cc:162) Applied cepstral mean normalization to 472 utterances, errors on 0
LOG (apply-cmvn[5.2.132~9-82686]:main():apply-cmvn.cc:162) Applied cepstral mean normalization to 472 utterances, errors on 0
LOG (transform-feats[5.2.132~9-82686]:main():transform-feats.cc:158) Overall average [pseudo-]logdet is -84.1848 over 17076 frames.
LOG (transform-feats[5.2.132~9-82686]:main():transform-feats.cc:161) Applied transform to 472 utterances; 0 had errors.
LOG (gmm-post-to-gpost[5.2.132~9-82686]:main():gmm-post-to-gpost.cc:124) Done 472 files, 0 with no posteriors, 0 with other errors.
LOG (gmm-post-to-gpost[5.2.132~9-82686]:main():gmm-post-to-gpost.cc:128) Overall avg like per frame (Gaussian only) = -56.4501 over 15558 frames.
LOG (gmm-post-to-gpost[5.2.132~9-82686]:main():gmm-post-to-gpost.cc:131) Done converting post to gpost
LOG (transform-feats[5.2.132~9-82686]:main():transform-feats.cc:158) Overall average [pseudo-]logdet is -84.1848 over 17076 frames.
LOG (transform-feats[5.2.132~9-82686]:main():transform-feats.cc:161) Applied transform to 472 utterances; 0 had errors.
LOG (gmm-est-fmllr-gpost[5.2.132~9-82686]:ComputeFmllrMatrixDiagGmmFull():fmllr-diag-gmm.cc:262) fMLLR objf improvement is 4.79275 per frame over 2573.53 frames.
LOG (gmm-est-fmllr-gpost[5.2.132~9-82686]:main():gmm-est-fmllr-gpost.cc:141) For speaker ym010, auxf-impr from fMLLR is 4.79276, over 2573.53 frames.
LOG (gmm-est-fmllr-gpost[5.2.132~9-82686]:main():gmm-est-fmllr-gpost.cc:186) Done 472 files, 0 with no gposts, 0 with other errors.
LOG (gmm-est-fmllr-gpost[5.2.132~9-82686]:main():gmm-est-fmllr-gpost.cc:188) Overall fMLLR auxf impr per frame is 4.85794 over 15558 frames.
# Accounting: time=3 threads=1
# Ended (code 0) at Thu Nov  9 13:53:18 NZDT 2017, elapsed time 3 seconds
