# gunzip -c exp/tri3b/decode.si/lat.1.gz | lattice-to-post --acoustic-scale=0.083333 ark:- ark:- | weight-silence-post 0.01 1:2:3:4:5:6:7:8:9:10 exp/tri3b/final.alimdl ark:- ark:- | gmm-post-to-gpost exp/tri3b/final.alimdl "ark,s,cs:apply-cmvn  --utt2spk=ark:data/test/split4/1/utt2spk scp:data/test/split4/1/cmvn.scp scp:data/test/split4/1/feats.scp ark:- | splice-feats --left-context=3 --right-context=3 ark:- ark:- | transform-feats exp/tri3b/final.mat ark:- ark:- |" ark:- ark:- | gmm-est-fmllr-gpost --fmllr-update-type=full --spk2utt=ark:data/test/split4/1/spk2utt exp/tri3b/final.mdl "ark,s,cs:apply-cmvn  --utt2spk=ark:data/test/split4/1/utt2spk scp:data/test/split4/1/cmvn.scp scp:data/test/split4/1/feats.scp ark:- | splice-feats --left-context=3 --right-context=3 ark:- ark:- | transform-feats exp/tri3b/final.mat ark:- ark:- |" ark,s,cs:- ark:exp/tri3b/decode/pre_trans.1 
# Started at Thu Nov  9 13:53:15 NZDT 2017
#
lattice-to-post --acoustic-scale=0.083333 ark:- ark:- 
weight-silence-post 0.01 1:2:3:4:5:6:7:8:9:10 exp/tri3b/final.alimdl ark:- ark:- 
gmm-est-fmllr-gpost --fmllr-update-type=full --spk2utt=ark:data/test/split4/1/spk2utt exp/tri3b/final.mdl 'ark,s,cs:apply-cmvn  --utt2spk=ark:data/test/split4/1/utt2spk scp:data/test/split4/1/cmvn.scp scp:data/test/split4/1/feats.scp ark:- | splice-feats --left-context=3 --right-context=3 ark:- ark:- | transform-feats exp/tri3b/final.mat ark:- ark:- |' ark,s,cs:- ark:exp/tri3b/decode/pre_trans.1 
gmm-post-to-gpost exp/tri3b/final.alimdl 'ark,s,cs:apply-cmvn  --utt2spk=ark:data/test/split4/1/utt2spk scp:data/test/split4/1/cmvn.scp scp:data/test/split4/1/feats.scp ark:- | splice-feats --left-context=3 --right-context=3 ark:- ark:- | transform-feats exp/tri3b/final.mat ark:- ark:- |' ark:- ark:- 
transform-feats exp/tri3b/final.mat ark:- ark:- 
apply-cmvn --utt2spk=ark:data/test/split4/1/utt2spk scp:data/test/split4/1/cmvn.scp scp:data/test/split4/1/feats.scp ark:- 
splice-feats --left-context=3 --right-context=3 ark:- ark:- 
apply-cmvn --utt2spk=ark:data/test/split4/1/utt2spk scp:data/test/split4/1/cmvn.scp scp:data/test/split4/1/feats.scp ark:- 
splice-feats --left-context=3 --right-context=3 ark:- ark:- 
transform-feats exp/tri3b/final.mat ark:- ark:- 
LOG (gmm-est-fmllr-gpost[5.2.132~9-82686]:ComputeFmllrMatrixDiagGmmFull():fmllr-diag-gmm.cc:262) fMLLR objf improvement is 4.94906 per frame over 3458.87 frames.
LOG (gmm-est-fmllr-gpost[5.2.132~9-82686]:main():gmm-est-fmllr-gpost.cc:141) For speaker yf001, auxf-impr from fMLLR is 4.94906, over 3458.87 frames.
LOG (gmm-est-fmllr-gpost[5.2.132~9-82686]:ComputeFmllrMatrixDiagGmmFull():fmllr-diag-gmm.cc:262) fMLLR objf improvement is 4.45426 per frame over 5590.49 frames.
LOG (gmm-est-fmllr-gpost[5.2.132~9-82686]:main():gmm-est-fmllr-gpost.cc:141) For speaker yf002, auxf-impr from fMLLR is 4.45426, over 5590.49 frames.
LOG (gmm-est-fmllr-gpost[5.2.132~9-82686]:ComputeFmllrMatrixDiagGmmFull():fmllr-diag-gmm.cc:262) fMLLR objf improvement is 6.68373 per frame over 3991.42 frames.
LOG (gmm-est-fmllr-gpost[5.2.132~9-82686]:main():gmm-est-fmllr-gpost.cc:141) For speaker yf003, auxf-impr from fMLLR is 6.68373, over 3991.42 frames.
LOG (lattice-to-post[5.2.132~9-82686]:main():lattice-to-post.cc:106) Overall average log-like/frame is -4.81238 over 22318 frames.  Average acoustic like/frame is -4.59818
LOG (lattice-to-post[5.2.132~9-82686]:main():lattice-to-post.cc:110) Done 489 lattices.
LOG (weight-silence-post[5.2.132~9-82686]:main():weight-silence-post.cc:95) Done 489 posteriors.
LOG (apply-cmvn[5.2.132~9-82686]:main():apply-cmvn.cc:162) Applied cepstral mean normalization to 489 utterances, errors on 0
LOG (apply-cmvn[5.2.132~9-82686]:main():apply-cmvn.cc:162) Applied cepstral mean normalization to 489 utterances, errors on 0
LOG (transform-feats[5.2.132~9-82686]:main():transform-feats.cc:158) Overall average [pseudo-]logdet is -84.1848 over 22318 frames.
LOG (transform-feats[5.2.132~9-82686]:main():transform-feats.cc:161) Applied transform to 489 utterances; 0 had errors.
LOG (gmm-post-to-gpost[5.2.132~9-82686]:main():gmm-post-to-gpost.cc:124) Done 489 files, 0 with no posteriors, 0 with other errors.
LOG (gmm-post-to-gpost[5.2.132~9-82686]:main():gmm-post-to-gpost.cc:128) Overall avg like per frame (Gaussian only) = -56.2359 over 17407.6 frames.
LOG (gmm-post-to-gpost[5.2.132~9-82686]:main():gmm-post-to-gpost.cc:131) Done converting post to gpost
LOG (transform-feats[5.2.132~9-82686]:main():transform-feats.cc:158) Overall average [pseudo-]logdet is -84.1848 over 22318 frames.
LOG (transform-feats[5.2.132~9-82686]:main():transform-feats.cc:161) Applied transform to 489 utterances; 0 had errors.
LOG (gmm-est-fmllr-gpost[5.2.132~9-82686]:ComputeFmllrMatrixDiagGmmFull():fmllr-diag-gmm.cc:262) fMLLR objf improvement is 6.47426 per frame over 4366.81 frames.
LOG (gmm-est-fmllr-gpost[5.2.132~9-82686]:main():gmm-est-fmllr-gpost.cc:141) For speaker yf004, auxf-impr from fMLLR is 6.47426, over 4366.81 frames.
LOG (gmm-est-fmllr-gpost[5.2.132~9-82686]:main():gmm-est-fmllr-gpost.cc:186) Done 489 files, 0 with no gposts, 0 with other errors.
LOG (gmm-est-fmllr-gpost[5.2.132~9-82686]:main():gmm-est-fmllr-gpost.cc:188) Overall fMLLR auxf impr per frame is 5.57051 over 17407.6 frames.
# Accounting: time=4 threads=1
# Ended (code 0) at Thu Nov  9 13:53:19 NZDT 2017, elapsed time 4 seconds
