# ali-to-post "ark:gunzip -c exp/tri2b/ali.2.gz|" ark:- | weight-silence-post 0.0 1:2:3:4:5:6:7:8:9:10 exp/tri2b/4.mdl ark:- ark:- | gmm-acc-mllt --rand-prune=4.0 exp/tri2b/4.mdl "ark,s,cs:apply-cmvn  --utt2spk=ark:data/train/split4/2/utt2spk scp:data/train/split4/2/cmvn.scp scp:data/train/split4/2/feats.scp ark:- | splice-feats --left-context=3 --right-context=3 ark:- ark:- | transform-feats exp/tri2b/2.mat ark:- ark:- |" ark:- exp/tri2b/4.2.macc 
# Started at Thu Nov  9 17:25:29 NZDT 2017
#
weight-silence-post 0.0 1:2:3:4:5:6:7:8:9:10 exp/tri2b/4.mdl ark:- ark:- 
gmm-acc-mllt --rand-prune=4.0 exp/tri2b/4.mdl 'ark,s,cs:apply-cmvn  --utt2spk=ark:data/train/split4/2/utt2spk scp:data/train/split4/2/cmvn.scp scp:data/train/split4/2/feats.scp ark:- | splice-feats --left-context=3 --right-context=3 ark:- ark:- | transform-feats exp/tri2b/2.mat ark:- ark:- |' ark:- exp/tri2b/4.2.macc 
ali-to-post 'ark:gunzip -c exp/tri2b/ali.2.gz|' ark:- 
apply-cmvn --utt2spk=ark:data/train/split4/2/utt2spk scp:data/train/split4/2/cmvn.scp scp:data/train/split4/2/feats.scp ark:- 
splice-feats --left-context=3 --right-context=3 ark:- ark:- 
transform-feats exp/tri2b/2.mat ark:- ark:- 
LOG (gmm-acc-mllt[5.2.132~9-82686]:main():gmm-acc-mllt.cc:108) Average like for this file is -53.1401 over 38 frames.
LOG (gmm-acc-mllt[5.2.132~9-82686]:main():gmm-acc-mllt.cc:108) Average like for this file is -47.9958 over 36 frames.
LOG (gmm-acc-mllt[5.2.132~9-82686]:main():gmm-acc-mllt.cc:108) Average like for this file is -54.8467 over 32 frames.
LOG (gmm-acc-mllt[5.2.132~9-82686]:main():gmm-acc-mllt.cc:108) Average like for this file is -55.8264 over 30 frames.
LOG (gmm-acc-mllt[5.2.132~9-82686]:main():gmm-acc-mllt.cc:108) Average like for this file is -46.6803 over 38 frames.
LOG (gmm-acc-mllt[5.2.132~9-82686]:main():gmm-acc-mllt.cc:108) Average like for this file is -49.494 over 31 frames.
LOG (gmm-acc-mllt[5.2.132~9-82686]:main():gmm-acc-mllt.cc:108) Average like for this file is -46.9013 over 38 frames.
LOG (gmm-acc-mllt[5.2.132~9-82686]:main():gmm-acc-mllt.cc:108) Average like for this file is -48.7141 over 40 frames.
LOG (gmm-acc-mllt[5.2.132~9-82686]:main():gmm-acc-mllt.cc:108) Average like for this file is -53.224 over 39 frames.
LOG (gmm-acc-mllt[5.2.132~9-82686]:main():gmm-acc-mllt.cc:108) Average like for this file is -45.2105 over 47 frames.
LOG (gmm-acc-mllt[5.2.132~9-82686]:main():gmm-acc-mllt.cc:114) Avg like per frame so far is -49.9097
LOG (gmm-acc-mllt[5.2.132~9-82686]:main():gmm-acc-mllt.cc:108) Average like for this file is -44.5808 over 37 frames.
LOG (gmm-acc-mllt[5.2.132~9-82686]:main():gmm-acc-mllt.cc:108) Average like for this file is -47.2834 over 42 frames.
LOG (gmm-acc-mllt[5.2.132~9-82686]:main():gmm-acc-mllt.cc:108) Average like for this file is -51.531 over 42 frames.
LOG (gmm-acc-mllt[5.2.132~9-82686]:main():gmm-acc-mllt.cc:108) Average like for this file is -48.0025 over 41 frames.
LOG (gmm-acc-mllt[5.2.132~9-82686]:main():gmm-acc-mllt.cc:108) Average like for this file is -51.0529 over 37 frames.
LOG (gmm-acc-mllt[5.2.132~9-82686]:main():gmm-acc-mllt.cc:108) Average like for this file is -47.9358 over 46 frames.
LOG (gmm-acc-mllt[5.2.132~9-82686]:main():gmm-acc-mllt.cc:108) Average like for this file is -50.9601 over 35 frames.
LOG (gmm-acc-mllt[5.2.132~9-82686]:main():gmm-acc-mllt.cc:108) Average like for this file is -50.3035 over 48 frames.
LOG (gmm-acc-mllt[5.2.132~9-82686]:main():gmm-acc-mllt.cc:108) Average like for this file is -45.3895 over 64 frames.
LOG (gmm-acc-mllt[5.2.132~9-82686]:main():gmm-acc-mllt.cc:108) Average like for this file is -53.1232 over 58 frames.
LOG (gmm-acc-mllt[5.2.132~9-82686]:main():gmm-acc-mllt.cc:114) Avg like per frame so far is -49.405
LOG (gmm-acc-mllt[5.2.132~9-82686]:main():gmm-acc-mllt.cc:108) Average like for this file is -59.0113 over 62 frames.
LOG (gmm-acc-mllt[5.2.132~9-82686]:main():gmm-acc-mllt.cc:108) Average like for this file is -51.2269 over 54 frames.
LOG (gmm-acc-mllt[5.2.132~9-82686]:main():gmm-acc-mllt.cc:108) Average like for this file is -38.9187 over 57 frames.
LOG (gmm-acc-mllt[5.2.132~9-82686]:main():gmm-acc-mllt.cc:108) Average like for this file is -46.0072 over 49 frames.
LOG (gmm-acc-mllt[5.2.132~9-82686]:main():gmm-acc-mllt.cc:108) Average like for this file is -49.6034 over 28 frames.
LOG (gmm-acc-mllt[5.2.132~9-82686]:main():gmm-acc-mllt.cc:108) Average like for this file is -47.0719 over 26 frames.
LOG (gmm-acc-mllt[5.2.132~9-82686]:main():gmm-acc-mllt.cc:108) Average like for this file is -54.6574 over 52 frames.
LOG (gmm-acc-mllt[5.2.132~9-82686]:main():gmm-acc-mllt.cc:108) Average like for this file is -51.2142 over 61 frames.
LOG (gmm-acc-mllt[5.2.132~9-82686]:main():gmm-acc-mllt.cc:108) Average like for this file is -57.1096 over 69 frames.
LOG (gmm-acc-mllt[5.2.132~9-82686]:main():gmm-acc-mllt.cc:108) Average like for this file is -44.55 over 50 frames.
LOG (gmm-acc-mllt[5.2.132~9-82686]:main():gmm-acc-mllt.cc:114) Avg like per frame so far is -49.8172
LOG (gmm-acc-mllt[5.2.132~9-82686]:main():gmm-acc-mllt.cc:108) Average like for this file is -62.9403 over 29 frames.
LOG (gmm-acc-mllt[5.2.132~9-82686]:main():gmm-acc-mllt.cc:108) Average like for this file is -56.2323 over 32 frames.
LOG (gmm-acc-mllt[5.2.132~9-82686]:main():gmm-acc-mllt.cc:108) Average like for this file is -60.8331 over 54 frames.
LOG (gmm-acc-mllt[5.2.132~9-82686]:main():gmm-acc-mllt.cc:108) Average like for this file is -58.17 over 59 frames.
LOG (gmm-acc-mllt[5.2.132~9-82686]:main():gmm-acc-mllt.cc:108) Average like for this file is -54.1401 over 33 frames.
LOG (gmm-acc-mllt[5.2.132~9-82686]:main():gmm-acc-mllt.cc:108) Average like for this file is -53.7204 over 34 frames.
LOG (gmm-acc-mllt[5.2.132~9-82686]:main():gmm-acc-mllt.cc:108) Average like for this file is -51.0941 over 36 frames.
LOG (gmm-acc-mllt[5.2.132~9-82686]:main():gmm-acc-mllt.cc:108) Average like for this file is -48.821 over 39 frames.
LOG (gmm-acc-mllt[5.2.132~9-82686]:main():gmm-acc-mllt.cc:108) Average like for this file is -46.4473 over 41 frames.
LOG (gmm-acc-mllt[5.2.132~9-82686]:main():gmm-acc-mllt.cc:108) Average like for this file is -47.0734 over 40 frames.
LOG (gmm-acc-mllt[5.2.132~9-82686]:main():gmm-acc-mllt.cc:114) Avg like per frame so far is -50.808
LOG (gmm-acc-mllt[5.2.132~9-82686]:main():gmm-acc-mllt.cc:108) Average like for this file is -47.4218 over 41 frames.
LOG (gmm-acc-mllt[5.2.132~9-82686]:main():gmm-acc-mllt.cc:108) Average like for this file is -49.1118 over 33 frames.
LOG (gmm-acc-mllt[5.2.132~9-82686]:main():gmm-acc-mllt.cc:108) Average like for this file is -49.6131 over 41 frames.
LOG (gmm-acc-mllt[5.2.132~9-82686]:main():gmm-acc-mllt.cc:108) Average like for this file is -47.0025 over 30 frames.
LOG (gmm-acc-mllt[5.2.132~9-82686]:main():gmm-acc-mllt.cc:108) Average like for this file is -50.882 over 50 frames.
LOG (gmm-acc-mllt[5.2.132~9-82686]:main():gmm-acc-mllt.cc:108) Average like for this file is -45.4433 over 57 frames.
LOG (gmm-acc-mllt[5.2.132~9-82686]:main():gmm-acc-mllt.cc:108) Average like for this file is -47.216 over 54 frames.
LOG (gmm-acc-mllt[5.2.132~9-82686]:main():gmm-acc-mllt.cc:108) Average like for this file is -53.8134 over 39 frames.
LOG (gmm-acc-mllt[5.2.132~9-82686]:main():gmm-acc-mllt.cc:108) Average like for this file is -56.9469 over 25 frames.
LOG (gmm-acc-mllt[5.2.132~9-82686]:main():gmm-acc-mllt.cc:108) Average like for this file is -55.96 over 48 frames.
LOG (gmm-acc-mllt[5.2.132~9-82686]:main():gmm-acc-mllt.cc:114) Avg like per frame so far is -50.6511
LOG (gmm-acc-mllt[5.2.132~9-82686]:main():gmm-acc-mllt.cc:108) Average like for this file is -57.0442 over 35 frames.
LOG (gmm-acc-mllt[5.2.132~9-82686]:main():gmm-acc-mllt.cc:108) Average like for this file is -53.0941 over 48 frames.
LOG (gmm-acc-mllt[5.2.132~9-82686]:main():gmm-acc-mllt.cc:108) Average like for this file is -56.8057 over 36 frames.
LOG (gmm-acc-mllt[5.2.132~9-82686]:main():gmm-acc-mllt.cc:108) Average like for this file is -42.415 over 59 frames.
LOG (gmm-acc-mllt[5.2.132~9-82686]:main():gmm-acc-mllt.cc:108) Average like for this file is -52.1918 over 28 frames.
LOG (gmm-acc-mllt[5.2.132~9-82686]:main():gmm-acc-mllt.cc:108) Average like for this file is -50.4049 over 35 frames.
LOG (gmm-acc-mllt[5.2.132~9-82686]:main():gmm-acc-mllt.cc:108) Average like for this file is -49.0351 over 30 frames.
LOG (gmm-acc-mllt[5.2.132~9-82686]:main():gmm-acc-mllt.cc:108) Average like for this file is -53.9338 over 54 frames.
LOG (gmm-acc-mllt[5.2.132~9-82686]:main():gmm-acc-mllt.cc:108) Average like for this file is -51.3969 over 52 frames.
LOG (gmm-acc-mllt[5.2.132~9-82686]:main():gmm-acc-mllt.cc:108) Average like for this file is -47.702 over 46 frames.
LOG (gmm-acc-mllt[5.2.132~9-82686]:main():gmm-acc-mllt.cc:114) Avg like per frame so far is -50.7069
LOG (gmm-acc-mllt[5.2.132~9-82686]:main():gmm-acc-mllt.cc:108) Average like for this file is -48.089 over 35 frames.
LOG (gmm-acc-mllt[5.2.132~9-82686]:main():gmm-acc-mllt.cc:108) Average like for this file is -46.3615 over 35 frames.
LOG (gmm-acc-mllt[5.2.132~9-82686]:main():gmm-acc-mllt.cc:108) Average like for this file is -47.54 over 33 frames.
LOG (gmm-acc-mllt[5.2.132~9-82686]:main():gmm-acc-mllt.cc:108) Average like for this file is -52.7667 over 33 frames.
LOG (gmm-acc-mllt[5.2.132~9-82686]:main():gmm-acc-mllt.cc:108) Average like for this file is -47.7375 over 56 frames.
LOG (gmm-acc-mllt[5.2.132~9-82686]:main():gmm-acc-mllt.cc:108) Average like for this file is -53.7114 over 31 frames.
LOG (gmm-acc-mllt[5.2.132~9-82686]:main():gmm-acc-mllt.cc:108) Average like for this file is -52.7386 over 41 frames.
LOG (gmm-acc-mllt[5.2.132~9-82686]:main():gmm-acc-mllt.cc:108) Average like for this file is -49.7137 over 36 frames.
LOG (gmm-acc-mllt[5.2.132~9-82686]:main():gmm-acc-mllt.cc:108) Average like for this file is -46.419 over 29 frames.
LOG (gmm-acc-mllt[5.2.132~9-82686]:main():gmm-acc-mllt.cc:108) Average like for this file is -53.1801 over 52 frames.
LOG (gmm-acc-mllt[5.2.132~9-82686]:main():gmm-acc-mllt.cc:114) Avg like per frame so far is -50.6045
LOG (gmm-acc-mllt[5.2.132~9-82686]:main():gmm-acc-mllt.cc:108) Average like for this file is -55.6498 over 61 frames.
LOG (gmm-acc-mllt[5.2.132~9-82686]:main():gmm-acc-mllt.cc:108) Average like for this file is -54.5106 over 41 frames.
LOG (gmm-acc-mllt[5.2.132~9-82686]:main():gmm-acc-mllt.cc:108) Average like for this file is -53.9527 over 80 frames.
LOG (gmm-acc-mllt[5.2.132~9-82686]:main():gmm-acc-mllt.cc:108) Average like for this file is -51.1863 over 78 frames.
LOG (gmm-acc-mllt[5.2.132~9-82686]:main():gmm-acc-mllt.cc:108) Average like for this file is -51.7764 over 69 frames.
LOG (gmm-acc-mllt[5.2.132~9-82686]:main():gmm-acc-mllt.cc:108) Average like for this file is -50.6771 over 34 frames.
LOG (gmm-acc-mllt[5.2.132~9-82686]:main():gmm-acc-mllt.cc:108) Average like for this file is -49.7668 over 35 frames.
LOG (gmm-acc-mllt[5.2.132~9-82686]:main():gmm-acc-mllt.cc:108) Average like for this file is -56.2605 over 42 frames.
LOG (gmm-acc-mllt[5.2.132~9-82686]:main():gmm-acc-mllt.cc:108) Average like for this file is -46.665 over 40 frames.
LOG (gmm-acc-mllt[5.2.132~9-82686]:main():gmm-acc-mllt.cc:108) Average like for this file is -47.1744 over 45 frames.
LOG (gmm-acc-mllt[5.2.132~9-82686]:main():gmm-acc-mllt.cc:114) Avg like per frame so far is -50.8237
LOG (gmm-acc-mllt[5.2.132~9-82686]:main():gmm-acc-mllt.cc:108) Average like for this file is -55.8235 over 29 frames.
LOG (gmm-acc-mllt[5.2.132~9-82686]:main():gmm-acc-mllt.cc:108) Average like for this file is -53.2006 over 18 frames.
LOG (gmm-acc-mllt[5.2.132~9-82686]:main():gmm-acc-mllt.cc:108) Average like for this file is -48.8467 over 39 frames.
LOG (gmm-acc-mllt[5.2.132~9-82686]:main():gmm-acc-mllt.cc:108) Average like for this file is -47.7275 over 23 frames.
LOG (gmm-acc-mllt[5.2.132~9-82686]:main():gmm-acc-mllt.cc:108) Average like for this file is -51.734 over 19 frames.
LOG (gmm-acc-mllt[5.2.132~9-82686]:main():gmm-acc-mllt.cc:108) Average like for this file is -46.1992 over 27 frames.
LOG (gmm-acc-mllt[5.2.132~9-82686]:main():gmm-acc-mllt.cc:108) Average like for this file is -52.1019 over 35 frames.
LOG (gmm-acc-mllt[5.2.132~9-82686]:main():gmm-acc-mllt.cc:108) Average like for this file is -54.3648 over 41 frames.
LOG (gmm-acc-mllt[5.2.132~9-82686]:main():gmm-acc-mllt.cc:108) Average like for this file is -55.5976 over 48 frames.
LOG (gmm-acc-mllt[5.2.132~9-82686]:main():gmm-acc-mllt.cc:108) Average like for this file is -59.4235 over 50 frames.
LOG (gmm-acc-mllt[5.2.132~9-82686]:main():gmm-acc-mllt.cc:114) Avg like per frame so far is -51.0292
LOG (gmm-acc-mllt[5.2.132~9-82686]:main():gmm-acc-mllt.cc:108) Average like for this file is -53.241 over 51 frames.
LOG (gmm-acc-mllt[5.2.132~9-82686]:main():gmm-acc-mllt.cc:108) Average like for this file is -56.1227 over 41 frames.
LOG (gmm-acc-mllt[5.2.132~9-82686]:main():gmm-acc-mllt.cc:108) Average like for this file is -50.2046 over 21 frames.
LOG (gmm-acc-mllt[5.2.132~9-82686]:main():gmm-acc-mllt.cc:108) Average like for this file is -57.1157 over 27 frames.
LOG (gmm-acc-mllt[5.2.132~9-82686]:main():gmm-acc-mllt.cc:108) Average like for this file is -49.4904 over 46 frames.
LOG (gmm-acc-mllt[5.2.132~9-82686]:main():gmm-acc-mllt.cc:108) Average like for this file is -52.7252 over 28 frames.
LOG (gmm-acc-mllt[5.2.132~9-82686]:main():gmm-acc-mllt.cc:108) Average like for this file is -56.5087 over 64 frames.
LOG (gmm-acc-mllt[5.2.132~9-82686]:main():gmm-acc-mllt.cc:108) Average like for this file is -50.1632 over 40 frames.
LOG (gmm-acc-mllt[5.2.132~9-82686]:main():gmm-acc-mllt.cc:108) Average like for this file is -49.7402 over 53 frames.
LOG (gmm-acc-mllt[5.2.132~9-82686]:main():gmm-acc-mllt.cc:108) Average like for this file is -47.1818 over 71 frames.
LOG (gmm-acc-mllt[5.2.132~9-82686]:main():gmm-acc-mllt.cc:114) Avg like per frame so far is -51.1282
LOG (gmm-acc-mllt[5.2.132~9-82686]:main():gmm-acc-mllt.cc:108) Average like for this file is -52.6756 over 68 frames.
LOG (gmm-acc-mllt[5.2.132~9-82686]:main():gmm-acc-mllt.cc:108) Average like for this file is -56.7695 over 44 frames.
LOG (gmm-acc-mllt[5.2.132~9-82686]:main():gmm-acc-mllt.cc:108) Average like for this file is -49.6209 over 44 frames.
LOG (gmm-acc-mllt[5.2.132~9-82686]:main():gmm-acc-mllt.cc:108) Average like for this file is -43.7084 over 34 frames.
LOG (gmm-acc-mllt[5.2.132~9-82686]:main():gmm-acc-mllt.cc:108) Average like for this file is -48.6313 over 60 frames.
LOG (gmm-acc-mllt[5.2.132~9-82686]:main():gmm-acc-mllt.cc:108) Average like for this file is -44.2649 over 47 frames.
LOG (gmm-acc-mllt[5.2.132~9-82686]:main():gmm-acc-mllt.cc:108) Average like for this file is -55.2477 over 63 frames.
LOG (gmm-acc-mllt[5.2.132~9-82686]:main():gmm-acc-mllt.cc:108) Average like for this file is -54.1789 over 27 frames.
LOG (gmm-acc-mllt[5.2.132~9-82686]:main():gmm-acc-mllt.cc:108) Average like for this file is -53.4044 over 26 frames.
LOG (gmm-acc-mllt[5.2.132~9-82686]:main():gmm-acc-mllt.cc:108) Average like for this file is -50.9146 over 21 frames.
LOG (gmm-acc-mllt[5.2.132~9-82686]:main():gmm-acc-mllt.cc:114) Avg like per frame so far is -51.1194
LOG (gmm-acc-mllt[5.2.132~9-82686]:main():gmm-acc-mllt.cc:108) Average like for this file is -52.0532 over 29 frames.
LOG (gmm-acc-mllt[5.2.132~9-82686]:main():gmm-acc-mllt.cc:108) Average like for this file is -48.2073 over 32 frames.
LOG (gmm-acc-mllt[5.2.132~9-82686]:main():gmm-acc-mllt.cc:108) Average like for this file is -47.9849 over 22 frames.
LOG (gmm-acc-mllt[5.2.132~9-82686]:main():gmm-acc-mllt.cc:108) Average like for this file is -40.1939 over 25 frames.
LOG (gmm-acc-mllt[5.2.132~9-82686]:main():gmm-acc-mllt.cc:108) Average like for this file is -48.2752 over 21 frames.
LOG (gmm-acc-mllt[5.2.132~9-82686]:main():gmm-acc-mllt.cc:108) Average like for this file is -45.3139 over 26 frames.
LOG (gmm-acc-mllt[5.2.132~9-82686]:main():gmm-acc-mllt.cc:108) Average like for this file is -48.1166 over 32 frames.
LOG (gmm-acc-mllt[5.2.132~9-82686]:main():gmm-acc-mllt.cc:108) Average like for this file is -50.0431 over 33 frames.
LOG (gmm-acc-mllt[5.2.132~9-82686]:main():gmm-acc-mllt.cc:108) Average like for this file is -49.0043 over 22 frames.
LOG (gmm-acc-mllt[5.2.132~9-82686]:main():gmm-acc-mllt.cc:108) Average like for this file is -46.2035 over 30 frames.
LOG (gmm-acc-mllt[5.2.132~9-82686]:main():gmm-acc-mllt.cc:114) Avg like per frame so far is -50.9286
LOG (gmm-acc-mllt[5.2.132~9-82686]:main():gmm-acc-mllt.cc:108) Average like for this file is -42.5314 over 50 frames.
LOG (gmm-acc-mllt[5.2.132~9-82686]:main():gmm-acc-mllt.cc:108) Average like for this file is -53.0509 over 44 frames.
LOG (gmm-acc-mllt[5.2.132~9-82686]:main():gmm-acc-mllt.cc:108) Average like for this file is -55.8026 over 44 frames.
LOG (gmm-acc-mllt[5.2.132~9-82686]:main():gmm-acc-mllt.cc:108) Average like for this file is -56.2837 over 26 frames.
LOG (gmm-acc-mllt[5.2.132~9-82686]:main():gmm-acc-mllt.cc:108) Average like for this file is -52.5287 over 23 frames.
LOG (gmm-acc-mllt[5.2.132~9-82686]:main():gmm-acc-mllt.cc:108) Average like for this file is -52.7058 over 30 frames.
LOG (gmm-acc-mllt[5.2.132~9-82686]:main():gmm-acc-mllt.cc:108) Average like for this file is -47.8795 over 50 frames.
LOG (gmm-acc-mllt[5.2.132~9-82686]:main():gmm-acc-mllt.cc:108) Average like for this file is -51.0727 over 31 frames.
LOG (gmm-acc-mllt[5.2.132~9-82686]:main():gmm-acc-mllt.cc:108) Average like for this file is -56.1814 over 35 frames.
LOG (gmm-acc-mllt[5.2.132~9-82686]:main():gmm-acc-mllt.cc:108) Average like for this file is -49.1263 over 48 frames.
LOG (gmm-acc-mllt[5.2.132~9-82686]:main():gmm-acc-mllt.cc:114) Avg like per frame so far is -50.9411
LOG (gmm-acc-mllt[5.2.132~9-82686]:main():gmm-acc-mllt.cc:108) Average like for this file is -49.8939 over 64 frames.
LOG (gmm-acc-mllt[5.2.132~9-82686]:main():gmm-acc-mllt.cc:108) Average like for this file is -49.9176 over 39 frames.
LOG (gmm-acc-mllt[5.2.132~9-82686]:main():gmm-acc-mllt.cc:108) Average like for this file is -55.0622 over 43 frames.
LOG (gmm-acc-mllt[5.2.132~9-82686]:main():gmm-acc-mllt.cc:108) Average like for this file is -46.0953 over 44 frames.
LOG (gmm-acc-mllt[5.2.132~9-82686]:main():gmm-acc-mllt.cc:108) Average like for this file is -44.4923 over 45 frames.
LOG (gmm-acc-mllt[5.2.132~9-82686]:main():gmm-acc-mllt.cc:108) Average like for this file is -58.1812 over 32 frames.
LOG (gmm-acc-mllt[5.2.132~9-82686]:main():gmm-acc-mllt.cc:108) Average like for this file is -58.7794 over 62 frames.
LOG (gmm-acc-mllt[5.2.132~9-82686]:main():gmm-acc-mllt.cc:108) Average like for this file is -46.0115 over 44 frames.
LOG (gmm-acc-mllt[5.2.132~9-82686]:main():gmm-acc-mllt.cc:108) Average like for this file is -39.171 over 46 frames.
LOG (gmm-acc-mllt[5.2.132~9-82686]:main():gmm-acc-mllt.cc:108) Average like for this file is -51.8648 over 28 frames.
LOG (gmm-acc-mllt[5.2.132~9-82686]:main():gmm-acc-mllt.cc:114) Avg like per frame so far is -50.8635
LOG (gmm-acc-mllt[5.2.132~9-82686]:main():gmm-acc-mllt.cc:108) Average like for this file is -55.1829 over 63 frames.
LOG (gmm-acc-mllt[5.2.132~9-82686]:main():gmm-acc-mllt.cc:108) Average like for this file is -58.8416 over 33 frames.
LOG (gmm-acc-mllt[5.2.132~9-82686]:main():gmm-acc-mllt.cc:108) Average like for this file is -55.7346 over 34 frames.
LOG (gmm-acc-mllt[5.2.132~9-82686]:main():gmm-acc-mllt.cc:108) Average like for this file is -54.5175 over 34 frames.
LOG (gmm-acc-mllt[5.2.132~9-82686]:main():gmm-acc-mllt.cc:108) Average like for this file is -57.2962 over 27 frames.
LOG (gmm-acc-mllt[5.2.132~9-82686]:main():gmm-acc-mllt.cc:108) Average like for this file is -52.5185 over 30 frames.
LOG (gmm-acc-mllt[5.2.132~9-82686]:main():gmm-acc-mllt.cc:108) Average like for this file is -58.0551 over 36 frames.
LOG (gmm-acc-mllt[5.2.132~9-82686]:main():gmm-acc-mllt.cc:108) Average like for this file is -59.4742 over 39 frames.
LOG (gmm-acc-mllt[5.2.132~9-82686]:main():gmm-acc-mllt.cc:108) Average like for this file is -50.7828 over 40 frames.
LOG (gmm-acc-mllt[5.2.132~9-82686]:main():gmm-acc-mllt.cc:108) Average like for this file is -59.5584 over 54 frames.
LOG (gmm-acc-mllt[5.2.132~9-82686]:main():gmm-acc-mllt.cc:114) Avg like per frame so far is -51.2057
LOG (gmm-acc-mllt[5.2.132~9-82686]:main():gmm-acc-mllt.cc:108) Average like for this file is -59.9613 over 52 frames.
LOG (gmm-acc-mllt[5.2.132~9-82686]:main():gmm-acc-mllt.cc:108) Average like for this file is -58.8648 over 59 frames.
LOG (gmm-acc-mllt[5.2.132~9-82686]:main():gmm-acc-mllt.cc:108) Average like for this file is -54.5124 over 66 frames.
LOG (gmm-acc-mllt[5.2.132~9-82686]:main():gmm-acc-mllt.cc:108) Average like for this file is -55.3913 over 60 frames.
LOG (gmm-acc-mllt[5.2.132~9-82686]:main():gmm-acc-mllt.cc:108) Average like for this file is -43.4489 over 39 frames.
LOG (gmm-acc-mllt[5.2.132~9-82686]:main():gmm-acc-mllt.cc:108) Average like for this file is -52.845 over 57 frames.
LOG (gmm-acc-mllt[5.2.132~9-82686]:main():gmm-acc-mllt.cc:108) Average like for this file is -55.794 over 42 frames.
LOG (gmm-acc-mllt[5.2.132~9-82686]:main():gmm-acc-mllt.cc:108) Average like for this file is -49.1637 over 44 frames.
LOG (gmm-acc-mllt[5.2.132~9-82686]:main():gmm-acc-mllt.cc:108) Average like for this file is -38.9864 over 39 frames.
LOG (gmm-acc-mllt[5.2.132~9-82686]:main():gmm-acc-mllt.cc:108) Average like for this file is -54.7194 over 28 frames.
LOG (gmm-acc-mllt[5.2.132~9-82686]:main():gmm-acc-mllt.cc:114) Avg like per frame so far is -51.3398
LOG (gmm-acc-mllt[5.2.132~9-82686]:main():gmm-acc-mllt.cc:108) Average like for this file is -36.0764 over 45 frames.
LOG (gmm-acc-mllt[5.2.132~9-82686]:main():gmm-acc-mllt.cc:108) Average like for this file is -52.6073 over 34 frames.
LOG (gmm-acc-mllt[5.2.132~9-82686]:main():gmm-acc-mllt.cc:108) Average like for this file is -53.124 over 34 frames.
LOG (gmm-acc-mllt[5.2.132~9-82686]:main():gmm-acc-mllt.cc:108) Average like for this file is -52.7222 over 30 frames.
LOG (gmm-acc-mllt[5.2.132~9-82686]:main():gmm-acc-mllt.cc:108) Average like for this file is -49.402 over 28 frames.
LOG (gmm-acc-mllt[5.2.132~9-82686]:main():gmm-acc-mllt.cc:108) Average like for this file is -51.3283 over 33 frames.
LOG (gmm-acc-mllt[5.2.132~9-82686]:main():gmm-acc-mllt.cc:108) Average like for this file is -50.9093 over 33 frames.
LOG (gmm-acc-mllt[5.2.132~9-82686]:main():gmm-acc-mllt.cc:108) Average like for this file is -52.3847 over 70 frames.
LOG (gmm-acc-mllt[5.2.132~9-82686]:main():gmm-acc-mllt.cc:108) Average like for this file is -50.9638 over 54 frames.
LOG (gmm-acc-mllt[5.2.132~9-82686]:main():gmm-acc-mllt.cc:108) Average like for this file is -45.5682 over 43 frames.
LOG (gmm-acc-mllt[5.2.132~9-82686]:main():gmm-acc-mllt.cc:114) Avg like per frame so far is -51.2256
LOG (gmm-acc-mllt[5.2.132~9-82686]:main():gmm-acc-mllt.cc:108) Average like for this file is -58.1985 over 44 frames.
LOG (gmm-acc-mllt[5.2.132~9-82686]:main():gmm-acc-mllt.cc:108) Average like for this file is -62.4067 over 48 frames.
LOG (gmm-acc-mllt[5.2.132~9-82686]:main():gmm-acc-mllt.cc:108) Average like for this file is -51.7517 over 39 frames.
LOG (gmm-acc-mllt[5.2.132~9-82686]:main():gmm-acc-mllt.cc:108) Average like for this file is -45.8759 over 74 frames.
LOG (gmm-acc-mllt[5.2.132~9-82686]:main():gmm-acc-mllt.cc:108) Average like for this file is -50.4123 over 56 frames.
LOG (gmm-acc-mllt[5.2.132~9-82686]:main():gmm-acc-mllt.cc:108) Average like for this file is -53.579 over 27 frames.
LOG (gmm-acc-mllt[5.2.132~9-82686]:main():gmm-acc-mllt.cc:108) Average like for this file is -51.4689 over 37 frames.
LOG (gmm-acc-mllt[5.2.132~9-82686]:main():gmm-acc-mllt.cc:108) Average like for this file is -49.0354 over 39 frames.
LOG (gmm-acc-mllt[5.2.132~9-82686]:main():gmm-acc-mllt.cc:108) Average like for this file is -56.3036 over 21 frames.
LOG (gmm-acc-mllt[5.2.132~9-82686]:main():gmm-acc-mllt.cc:108) Average like for this file is -57.5833 over 21 frames.
LOG (gmm-acc-mllt[5.2.132~9-82686]:main():gmm-acc-mllt.cc:114) Avg like per frame so far is -51.3127
LOG (gmm-acc-mllt[5.2.132~9-82686]:main():gmm-acc-mllt.cc:108) Average like for this file is -59.6797 over 23 frames.
LOG (gmm-acc-mllt[5.2.132~9-82686]:main():gmm-acc-mllt.cc:108) Average like for this file is -56.2959 over 54 frames.
LOG (gmm-acc-mllt[5.2.132~9-82686]:main():gmm-acc-mllt.cc:108) Average like for this file is -48.4361 over 34 frames.
LOG (gmm-acc-mllt[5.2.132~9-82686]:main():gmm-acc-mllt.cc:108) Average like for this file is -51.3865 over 27 frames.
LOG (gmm-acc-mllt[5.2.132~9-82686]:main():gmm-acc-mllt.cc:108) Average like for this file is -47.0146 over 35 frames.
LOG (gmm-acc-mllt[5.2.132~9-82686]:main():gmm-acc-mllt.cc:108) Average like for this file is -50.5792 over 54 frames.
LOG (gmm-acc-mllt[5.2.132~9-82686]:main():gmm-acc-mllt.cc:108) Average like for this file is -59.8705 over 31 frames.
LOG (gmm-acc-mllt[5.2.132~9-82686]:main():gmm-acc-mllt.cc:108) Average like for this file is -54.7316 over 39 frames.
LOG (gmm-acc-mllt[5.2.132~9-82686]:main():gmm-acc-mllt.cc:108) Average like for this file is -63.6142 over 23 frames.
LOG (gmm-acc-mllt[5.2.132~9-82686]:main():gmm-acc-mllt.cc:108) Average like for this file is -49.8145 over 82 frames.
LOG (gmm-acc-mllt[5.2.132~9-82686]:main():gmm-acc-mllt.cc:114) Avg like per frame so far is -51.4061
LOG (gmm-acc-mllt[5.2.132~9-82686]:main():gmm-acc-mllt.cc:108) Average like for this file is -54.7838 over 23 frames.
LOG (gmm-acc-mllt[5.2.132~9-82686]:main():gmm-acc-mllt.cc:108) Average like for this file is -58.4869 over 21 frames.
LOG (gmm-acc-mllt[5.2.132~9-82686]:main():gmm-acc-mllt.cc:108) Average like for this file is -51.9287 over 52 frames.
LOG (gmm-acc-mllt[5.2.132~9-82686]:main():gmm-acc-mllt.cc:108) Average like for this file is -51.1466 over 57 frames.
LOG (gmm-acc-mllt[5.2.132~9-82686]:main():gmm-acc-mllt.cc:108) Average like for this file is -46.2226 over 39 frames.
LOG (gmm-acc-mllt[5.2.132~9-82686]:main():gmm-acc-mllt.cc:108) Average like for this file is -53.4218 over 51 frames.
LOG (gmm-acc-mllt[5.2.132~9-82686]:main():gmm-acc-mllt.cc:108) Average like for this file is -60.1917 over 48 frames.
LOG (gmm-acc-mllt[5.2.132~9-82686]:main():gmm-acc-mllt.cc:108) Average like for this file is -55.1214 over 29 frames.
LOG (gmm-acc-mllt[5.2.132~9-82686]:main():gmm-acc-mllt.cc:108) Average like for this file is -54.0437 over 21 frames.
LOG (gmm-acc-mllt[5.2.132~9-82686]:main():gmm-acc-mllt.cc:108) Average like for this file is -50.4167 over 36 frames.
LOG (gmm-acc-mllt[5.2.132~9-82686]:main():gmm-acc-mllt.cc:114) Avg like per frame so far is -51.4896
LOG (gmm-acc-mllt[5.2.132~9-82686]:main():gmm-acc-mllt.cc:108) Average like for this file is -58.6915 over 48 frames.
LOG (gmm-acc-mllt[5.2.132~9-82686]:main():gmm-acc-mllt.cc:108) Average like for this file is -54.1264 over 41 frames.
LOG (gmm-acc-mllt[5.2.132~9-82686]:main():gmm-acc-mllt.cc:108) Average like for this file is -56.4999 over 26 frames.
LOG (gmm-acc-mllt[5.2.132~9-82686]:main():gmm-acc-mllt.cc:108) Average like for this file is -45.1948 over 38 frames.
LOG (gmm-acc-mllt[5.2.132~9-82686]:main():gmm-acc-mllt.cc:108) Average like for this file is -51.877 over 45 frames.
LOG (gmm-acc-mllt[5.2.132~9-82686]:main():gmm-acc-mllt.cc:108) Average like for this file is -55.4961 over 46 frames.
LOG (gmm-acc-mllt[5.2.132~9-82686]:main():gmm-acc-mllt.cc:108) Average like for this file is -50.3132 over 51 frames.
LOG (gmm-acc-mllt[5.2.132~9-82686]:main():gmm-acc-mllt.cc:108) Average like for this file is -49.2368 over 42 frames.
LOG (gmm-acc-mllt[5.2.132~9-82686]:main():gmm-acc-mllt.cc:108) Average like for this file is -48.398 over 48 frames.
LOG (gmm-acc-mllt[5.2.132~9-82686]:main():gmm-acc-mllt.cc:108) Average like for this file is -49.5031 over 51 frames.
LOG (gmm-acc-mllt[5.2.132~9-82686]:main():gmm-acc-mllt.cc:114) Avg like per frame so far is -51.506
LOG (gmm-acc-mllt[5.2.132~9-82686]:main():gmm-acc-mllt.cc:108) Average like for this file is -52.4478 over 69 frames.
LOG (gmm-acc-mllt[5.2.132~9-82686]:main():gmm-acc-mllt.cc:108) Average like for this file is -48.6926 over 43 frames.
LOG (gmm-acc-mllt[5.2.132~9-82686]:main():gmm-acc-mllt.cc:108) Average like for this file is -42.5557 over 48 frames.
LOG (gmm-acc-mllt[5.2.132~9-82686]:main():gmm-acc-mllt.cc:108) Average like for this file is -45.5068 over 35 frames.
LOG (gmm-acc-mllt[5.2.132~9-82686]:main():gmm-acc-mllt.cc:108) Average like for this file is -57.6139 over 28 frames.
LOG (gmm-acc-mllt[5.2.132~9-82686]:main():gmm-acc-mllt.cc:108) Average like for this file is -45.7441 over 31 frames.
LOG (gmm-acc-mllt[5.2.132~9-82686]:main():gmm-acc-mllt.cc:108) Average like for this file is -51.7368 over 60 frames.
LOG (gmm-acc-mllt[5.2.132~9-82686]:main():gmm-acc-mllt.cc:108) Average like for this file is -55.6289 over 57 frames.
LOG (gmm-acc-mllt[5.2.132~9-82686]:main():gmm-acc-mllt.cc:108) Average like for this file is -58.0155 over 36 frames.
LOG (gmm-acc-mllt[5.2.132~9-82686]:main():gmm-acc-mllt.cc:108) Average like for this file is -60.338 over 38 frames.
LOG (gmm-acc-mllt[5.2.132~9-82686]:main():gmm-acc-mllt.cc:114) Avg like per frame so far is -51.5187
LOG (gmm-acc-mllt[5.2.132~9-82686]:main():gmm-acc-mllt.cc:108) Average like for this file is -56.5646 over 31 frames.
LOG (gmm-acc-mllt[5.2.132~9-82686]:main():gmm-acc-mllt.cc:108) Average like for this file is -55.1531 over 69 frames.
LOG (gmm-acc-mllt[5.2.132~9-82686]:main():gmm-acc-mllt.cc:108) Average like for this file is -56.21 over 62 frames.
LOG (gmm-acc-mllt[5.2.132~9-82686]:main():gmm-acc-mllt.cc:108) Average like for this file is -53.8902 over 78 frames.
LOG (gmm-acc-mllt[5.2.132~9-82686]:main():gmm-acc-mllt.cc:108) Average like for this file is -55.9772 over 73 frames.
LOG (gmm-acc-mllt[5.2.132~9-82686]:main():gmm-acc-mllt.cc:108) Average like for this file is -50.2004 over 38 frames.
LOG (gmm-acc-mllt[5.2.132~9-82686]:main():gmm-acc-mllt.cc:108) Average like for this file is -57.4763 over 38 frames.
LOG (gmm-acc-mllt[5.2.132~9-82686]:main():gmm-acc-mllt.cc:108) Average like for this file is -55.1692 over 34 frames.
LOG (gmm-acc-mllt[5.2.132~9-82686]:main():gmm-acc-mllt.cc:108) Average like for this file is -53.9482 over 31 frames.
LOG (gmm-acc-mllt[5.2.132~9-82686]:main():gmm-acc-mllt.cc:108) Average like for this file is -56.1739 over 33 frames.
LOG (gmm-acc-mllt[5.2.132~9-82686]:main():gmm-acc-mllt.cc:114) Avg like per frame so far is -51.6996
LOG (gmm-acc-mllt[5.2.132~9-82686]:main():gmm-acc-mllt.cc:108) Average like for this file is -49.7662 over 33 frames.
LOG (gmm-acc-mllt[5.2.132~9-82686]:main():gmm-acc-mllt.cc:108) Average like for this file is -56.0385 over 41 frames.
LOG (gmm-acc-mllt[5.2.132~9-82686]:main():gmm-acc-mllt.cc:108) Average like for this file is -56.3814 over 43 frames.
LOG (gmm-acc-mllt[5.2.132~9-82686]:main():gmm-acc-mllt.cc:108) Average like for this file is -47.7714 over 41 frames.
LOG (gmm-acc-mllt[5.2.132~9-82686]:main():gmm-acc-mllt.cc:108) Average like for this file is -47.0225 over 47 frames.
LOG (gmm-acc-mllt[5.2.132~9-82686]:main():gmm-acc-mllt.cc:108) Average like for this file is -53.3908 over 28 frames.
LOG (gmm-acc-mllt[5.2.132~9-82686]:main():gmm-acc-mllt.cc:108) Average like for this file is -58.9702 over 44 frames.
LOG (gmm-acc-mllt[5.2.132~9-82686]:main():gmm-acc-mllt.cc:108) Average like for this file is -57.0207 over 39 frames.
LOG (gmm-acc-mllt[5.2.132~9-82686]:main():gmm-acc-mllt.cc:108) Average like for this file is -53.7413 over 42 frames.
LOG (gmm-acc-mllt[5.2.132~9-82686]:main():gmm-acc-mllt.cc:108) Average like for this file is -52.567 over 36 frames.
LOG (gmm-acc-mllt[5.2.132~9-82686]:main():gmm-acc-mllt.cc:114) Avg like per frame so far is -51.7622
LOG (gmm-acc-mllt[5.2.132~9-82686]:main():gmm-acc-mllt.cc:108) Average like for this file is -42.6502 over 49 frames.
LOG (gmm-acc-mllt[5.2.132~9-82686]:main():gmm-acc-mllt.cc:108) Average like for this file is -45.7352 over 40 frames.
LOG (gmm-acc-mllt[5.2.132~9-82686]:main():gmm-acc-mllt.cc:108) Average like for this file is -53.8013 over 43 frames.
LOG (gmm-acc-mllt[5.2.132~9-82686]:main():gmm-acc-mllt.cc:108) Average like for this file is -53.7674 over 60 frames.
LOG (gmm-acc-mllt[5.2.132~9-82686]:main():gmm-acc-mllt.cc:108) Average like for this file is -55.4322 over 46 frames.
LOG (gmm-acc-mllt[5.2.132~9-82686]:main():gmm-acc-mllt.cc:108) Average like for this file is -48.0235 over 35 frames.
LOG (gmm-acc-mllt[5.2.132~9-82686]:main():gmm-acc-mllt.cc:108) Average like for this file is -50.3509 over 39 frames.
LOG (gmm-acc-mllt[5.2.132~9-82686]:main():gmm-acc-mllt.cc:108) Average like for this file is -54.7387 over 49 frames.
LOG (gmm-acc-mllt[5.2.132~9-82686]:main():gmm-acc-mllt.cc:108) Average like for this file is -55.4482 over 39 frames.
LOG (gmm-acc-mllt[5.2.132~9-82686]:main():gmm-acc-mllt.cc:108) Average like for this file is -52.5826 over 46 frames.
LOG (gmm-acc-mllt[5.2.132~9-82686]:main():gmm-acc-mllt.cc:114) Avg like per frame so far is -51.746
LOG (gmm-acc-mllt[5.2.132~9-82686]:main():gmm-acc-mllt.cc:108) Average like for this file is -51.7637 over 55 frames.
LOG (gmm-acc-mllt[5.2.132~9-82686]:main():gmm-acc-mllt.cc:108) Average like for this file is -52.3473 over 41 frames.
LOG (gmm-acc-mllt[5.2.132~9-82686]:main():gmm-acc-mllt.cc:108) Average like for this file is -56.3323 over 23 frames.
LOG (gmm-acc-mllt[5.2.132~9-82686]:main():gmm-acc-mllt.cc:108) Average like for this file is -52.4328 over 24 frames.
LOG (gmm-acc-mllt[5.2.132~9-82686]:main():gmm-acc-mllt.cc:108) Average like for this file is -51.1608 over 30 frames.
LOG (gmm-acc-mllt[5.2.132~9-82686]:main():gmm-acc-mllt.cc:108) Average like for this file is -55.066 over 34 frames.
LOG (gmm-acc-mllt[5.2.132~9-82686]:main():gmm-acc-mllt.cc:108) Average like for this file is -55.947 over 35 frames.
LOG (gmm-acc-mllt[5.2.132~9-82686]:main():gmm-acc-mllt.cc:108) Average like for this file is -53.5439 over 32 frames.
LOG (gmm-acc-mllt[5.2.132~9-82686]:main():gmm-acc-mllt.cc:108) Average like for this file is -54.2187 over 37 frames.
LOG (gmm-acc-mllt[5.2.132~9-82686]:main():gmm-acc-mllt.cc:108) Average like for this file is -46.4584 over 38 frames.
LOG (gmm-acc-mllt[5.2.132~9-82686]:main():gmm-acc-mllt.cc:114) Avg like per frame so far is -51.7773
LOG (gmm-acc-mllt[5.2.132~9-82686]:main():gmm-acc-mllt.cc:108) Average like for this file is -53.7846 over 19 frames.
LOG (gmm-acc-mllt[5.2.132~9-82686]:main():gmm-acc-mllt.cc:108) Average like for this file is -54.6014 over 29 frames.
LOG (gmm-acc-mllt[5.2.132~9-82686]:main():gmm-acc-mllt.cc:108) Average like for this file is -47.954 over 22 frames.
LOG (gmm-acc-mllt[5.2.132~9-82686]:main():gmm-acc-mllt.cc:108) Average like for this file is -57.4776 over 20 frames.
LOG (gmm-acc-mllt[5.2.132~9-82686]:main():gmm-acc-mllt.cc:108) Average like for this file is -48.6543 over 19 frames.
LOG (gmm-acc-mllt[5.2.132~9-82686]:main():gmm-acc-mllt.cc:108) Average like for this file is -54.5231 over 40 frames.
LOG (gmm-acc-mllt[5.2.132~9-82686]:main():gmm-acc-mllt.cc:108) Average like for this file is -52.6716 over 21 frames.
LOG (gmm-acc-mllt[5.2.132~9-82686]:main():gmm-acc-mllt.cc:108) Average like for this file is -57.4039 over 28 frames.
LOG (gmm-acc-mllt[5.2.132~9-82686]:main():gmm-acc-mllt.cc:108) Average like for this file is -53.4831 over 24 frames.
LOG (gmm-acc-mllt[5.2.132~9-82686]:main():gmm-acc-mllt.cc:108) Average like for this file is -53.5961 over 19 frames.
LOG (gmm-acc-mllt[5.2.132~9-82686]:main():gmm-acc-mllt.cc:114) Avg like per frame so far is -51.8182
LOG (gmm-acc-mllt[5.2.132~9-82686]:main():gmm-acc-mllt.cc:108) Average like for this file is -51.0462 over 21 frames.
LOG (gmm-acc-mllt[5.2.132~9-82686]:main():gmm-acc-mllt.cc:108) Average like for this file is -52.177 over 27 frames.
LOG (gmm-acc-mllt[5.2.132~9-82686]:main():gmm-acc-mllt.cc:108) Average like for this file is -49.0298 over 24 frames.
LOG (gmm-acc-mllt[5.2.132~9-82686]:main():gmm-acc-mllt.cc:108) Average like for this file is -51.5239 over 32 frames.
LOG (gmm-acc-mllt[5.2.132~9-82686]:main():gmm-acc-mllt.cc:108) Average like for this file is -57.3906 over 26 frames.
LOG (gmm-acc-mllt[5.2.132~9-82686]:main():gmm-acc-mllt.cc:108) Average like for this file is -56.5446 over 31 frames.
LOG (gmm-acc-mllt[5.2.132~9-82686]:main():gmm-acc-mllt.cc:108) Average like for this file is -55.85 over 28 frames.
LOG (gmm-acc-mllt[5.2.132~9-82686]:main():gmm-acc-mllt.cc:108) Average like for this file is -54.0778 over 86 frames.
LOG (gmm-acc-mllt[5.2.132~9-82686]:main():gmm-acc-mllt.cc:108) Average like for this file is -54.9737 over 43 frames.
LOG (gmm-acc-mllt[5.2.132~9-82686]:main():gmm-acc-mllt.cc:108) Average like for this file is -56.5147 over 23 frames.
LOG (gmm-acc-mllt[5.2.132~9-82686]:main():gmm-acc-mllt.cc:114) Avg like per frame so far is -51.885
LOG (gmm-acc-mllt[5.2.132~9-82686]:main():gmm-acc-mllt.cc:108) Average like for this file is -50.6257 over 26 frames.
LOG (gmm-acc-mllt[5.2.132~9-82686]:main():gmm-acc-mllt.cc:108) Average like for this file is -59.8166 over 24 frames.
LOG (gmm-acc-mllt[5.2.132~9-82686]:main():gmm-acc-mllt.cc:108) Average like for this file is -57.5015 over 34 frames.
LOG (gmm-acc-mllt[5.2.132~9-82686]:main():gmm-acc-mllt.cc:108) Average like for this file is -55.2215 over 46 frames.
LOG (gmm-acc-mllt[5.2.132~9-82686]:main():gmm-acc-mllt.cc:108) Average like for this file is -48.82 over 79 frames.
LOG (gmm-acc-mllt[5.2.132~9-82686]:main():gmm-acc-mllt.cc:108) Average like for this file is -56.8392 over 46 frames.
LOG (gmm-acc-mllt[5.2.132~9-82686]:main():gmm-acc-mllt.cc:108) Average like for this file is -42.9093 over 43 frames.
LOG (gmm-acc-mllt[5.2.132~9-82686]:main():gmm-acc-mllt.cc:108) Average like for this file is -48.6923 over 50 frames.
LOG (gmm-acc-mllt[5.2.132~9-82686]:main():gmm-acc-mllt.cc:108) Average like for this file is -52.051 over 49 frames.
LOG (gmm-acc-mllt[5.2.132~9-82686]:main():gmm-acc-mllt.cc:108) Average like for this file is -52.8075 over 19 frames.
LOG (gmm-acc-mllt[5.2.132~9-82686]:main():gmm-acc-mllt.cc:114) Avg like per frame so far is -51.8823
LOG (gmm-acc-mllt[5.2.132~9-82686]:main():gmm-acc-mllt.cc:108) Average like for this file is -56.7193 over 26 frames.
LOG (gmm-acc-mllt[5.2.132~9-82686]:main():gmm-acc-mllt.cc:108) Average like for this file is -59.2862 over 24 frames.
LOG (gmm-acc-mllt[5.2.132~9-82686]:main():gmm-acc-mllt.cc:108) Average like for this file is -53.176 over 27 frames.
LOG (gmm-acc-mllt[5.2.132~9-82686]:main():gmm-acc-mllt.cc:108) Average like for this file is -49.1015 over 36 frames.
LOG (gmm-acc-mllt[5.2.132~9-82686]:main():gmm-acc-mllt.cc:108) Average like for this file is -49.317 over 33 frames.
LOG (gmm-acc-mllt[5.2.132~9-82686]:main():gmm-acc-mllt.cc:108) Average like for this file is -50.1598 over 27 frames.
LOG (gmm-acc-mllt[5.2.132~9-82686]:main():gmm-acc-mllt.cc:108) Average like for this file is -50.1683 over 22 frames.
LOG (gmm-acc-mllt[5.2.132~9-82686]:main():gmm-acc-mllt.cc:108) Average like for this file is -51.0147 over 26 frames.
LOG (gmm-acc-mllt[5.2.132~9-82686]:main():gmm-acc-mllt.cc:108) Average like for this file is -53.336 over 22 frames.
LOG (gmm-acc-mllt[5.2.132~9-82686]:main():gmm-acc-mllt.cc:108) Average like for this file is -50.0933 over 41 frames.
LOG (gmm-acc-mllt[5.2.132~9-82686]:main():gmm-acc-mllt.cc:114) Avg like per frame so far is -51.8827
LOG (gmm-acc-mllt[5.2.132~9-82686]:main():gmm-acc-mllt.cc:108) Average like for this file is -49.7112 over 42 frames.
LOG (gmm-acc-mllt[5.2.132~9-82686]:main():gmm-acc-mllt.cc:108) Average like for this file is -52.4201 over 35 frames.
LOG (gmm-acc-mllt[5.2.132~9-82686]:main():gmm-acc-mllt.cc:108) Average like for this file is -52.3 over 37 frames.
LOG (gmm-acc-mllt[5.2.132~9-82686]:main():gmm-acc-mllt.cc:108) Average like for this file is -52.6111 over 29 frames.
LOG (gmm-acc-mllt[5.2.132~9-82686]:main():gmm-acc-mllt.cc:108) Average like for this file is -54.6629 over 32 frames.
LOG (gmm-acc-mllt[5.2.132~9-82686]:main():gmm-acc-mllt.cc:108) Average like for this file is -60.645 over 32 frames.
LOG (gmm-acc-mllt[5.2.132~9-82686]:main():gmm-acc-mllt.cc:108) Average like for this file is -50.7169 over 45 frames.
LOG (gmm-acc-mllt[5.2.132~9-82686]:main():gmm-acc-mllt.cc:108) Average like for this file is -47.1255 over 42 frames.
LOG (gmm-acc-mllt[5.2.132~9-82686]:main():gmm-acc-mllt.cc:108) Average like for this file is -51.5985 over 34 frames.
LOG (gmm-acc-mllt[5.2.132~9-82686]:main():gmm-acc-mllt.cc:108) Average like for this file is -54.4513 over 41 frames.
LOG (gmm-acc-mllt[5.2.132~9-82686]:main():gmm-acc-mllt.cc:114) Avg like per frame so far is -51.8969
LOG (gmm-acc-mllt[5.2.132~9-82686]:main():gmm-acc-mllt.cc:108) Average like for this file is -52.9159 over 44 frames.
LOG (gmm-acc-mllt[5.2.132~9-82686]:main():gmm-acc-mllt.cc:108) Average like for this file is -53.321 over 33 frames.
LOG (gmm-acc-mllt[5.2.132~9-82686]:main():gmm-acc-mllt.cc:108) Average like for this file is -49.841 over 38 frames.
LOG (gmm-acc-mllt[5.2.132~9-82686]:main():gmm-acc-mllt.cc:108) Average like for this file is -49.5512 over 45 frames.
LOG (gmm-acc-mllt[5.2.132~9-82686]:main():gmm-acc-mllt.cc:108) Average like for this file is -54.696 over 20 frames.
LOG (gmm-acc-mllt[5.2.132~9-82686]:main():gmm-acc-mllt.cc:108) Average like for this file is -48.1147 over 22 frames.
LOG (gmm-acc-mllt[5.2.132~9-82686]:main():gmm-acc-mllt.cc:108) Average like for this file is -49.1013 over 28 frames.
LOG (gmm-acc-mllt[5.2.132~9-82686]:main():gmm-acc-mllt.cc:108) Average like for this file is -64.8994 over 20 frames.
LOG (gmm-acc-mllt[5.2.132~9-82686]:main():gmm-acc-mllt.cc:108) Average like for this file is -50.4689 over 18 frames.
LOG (gmm-acc-mllt[5.2.132~9-82686]:main():gmm-acc-mllt.cc:108) Average like for this file is -47.8051 over 24 frames.
LOG (gmm-acc-mllt[5.2.132~9-82686]:main():gmm-acc-mllt.cc:114) Avg like per frame so far is -51.8921
LOG (gmm-acc-mllt[5.2.132~9-82686]:main():gmm-acc-mllt.cc:108) Average like for this file is -44.1928 over 24 frames.
LOG (gmm-acc-mllt[5.2.132~9-82686]:main():gmm-acc-mllt.cc:108) Average like for this file is -47.2069 over 31 frames.
LOG (gmm-acc-mllt[5.2.132~9-82686]:main():gmm-acc-mllt.cc:108) Average like for this file is -50.5096 over 21 frames.
LOG (gmm-acc-mllt[5.2.132~9-82686]:main():gmm-acc-mllt.cc:108) Average like for this file is -46.4356 over 21 frames.
LOG (gmm-acc-mllt[5.2.132~9-82686]:main():gmm-acc-mllt.cc:108) Average like for this file is -52.2456 over 20 frames.
LOG (gmm-acc-mllt[5.2.132~9-82686]:main():gmm-acc-mllt.cc:108) Average like for this file is -48.5141 over 24 frames.
LOG (gmm-acc-mllt[5.2.132~9-82686]:main():gmm-acc-mllt.cc:108) Average like for this file is -52.6119 over 20 frames.
LOG (gmm-acc-mllt[5.2.132~9-82686]:main():gmm-acc-mllt.cc:108) Average like for this file is -47.4274 over 19 frames.
LOG (gmm-acc-mllt[5.2.132~9-82686]:main():gmm-acc-mllt.cc:108) Average like for this file is -54.3518 over 22 frames.
LOG (gmm-acc-mllt[5.2.132~9-82686]:main():gmm-acc-mllt.cc:108) Average like for this file is -51.3782 over 17 frames.
LOG (gmm-acc-mllt[5.2.132~9-82686]:main():gmm-acc-mllt.cc:114) Avg like per frame so far is -51.8479
LOG (gmm-acc-mllt[5.2.132~9-82686]:main():gmm-acc-mllt.cc:108) Average like for this file is -48.9749 over 33 frames.
LOG (gmm-acc-mllt[5.2.132~9-82686]:main():gmm-acc-mllt.cc:108) Average like for this file is -45.6803 over 24 frames.
LOG (gmm-acc-mllt[5.2.132~9-82686]:main():gmm-acc-mllt.cc:108) Average like for this file is -50.1164 over 23 frames.
LOG (gmm-acc-mllt[5.2.132~9-82686]:main():gmm-acc-mllt.cc:108) Average like for this file is -52.8059 over 28 frames.
LOG (gmm-acc-mllt[5.2.132~9-82686]:main():gmm-acc-mllt.cc:108) Average like for this file is -52.9941 over 57 frames.
LOG (gmm-acc-mllt[5.2.132~9-82686]:main():gmm-acc-mllt.cc:108) Average like for this file is -50.1555 over 43 frames.
LOG (gmm-acc-mllt[5.2.132~9-82686]:main():gmm-acc-mllt.cc:108) Average like for this file is -47.9493 over 37 frames.
LOG (gmm-acc-mllt[5.2.132~9-82686]:main():gmm-acc-mllt.cc:108) Average like for this file is -51.5522 over 39 frames.
LOG (gmm-acc-mllt[5.2.132~9-82686]:main():gmm-acc-mllt.cc:108) Average like for this file is -49.0389 over 33 frames.
LOG (gmm-acc-mllt[5.2.132~9-82686]:main():gmm-acc-mllt.cc:108) Average like for this file is -53.4075 over 47 frames.
LOG (gmm-acc-mllt[5.2.132~9-82686]:main():gmm-acc-mllt.cc:114) Avg like per frame so far is -51.815
LOG (gmm-acc-mllt[5.2.132~9-82686]:main():gmm-acc-mllt.cc:108) Average like for this file is -51.0974 over 39 frames.
LOG (gmm-acc-mllt[5.2.132~9-82686]:main():gmm-acc-mllt.cc:108) Average like for this file is -56.0847 over 27 frames.
LOG (ali-to-post[5.2.132~9-82686]:main():ali-to-post.cc:73) Converted 590 alignments.
LOG (gmm-acc-mllt[5.2.132~9-82686]:main():gmm-acc-mllt.cc:108) Average like for this file is -54.0768 over 40 frames.
LOG (gmm-acc-mllt[5.2.132~9-82686]:main():gmm-acc-mllt.cc:108) Average like for this file is -58.5372 over 43 frames.
LOG (gmm-acc-mllt[5.2.132~9-82686]:main():gmm-acc-mllt.cc:108) Average like for this file is -60.7078 over 35 frames.
LOG (gmm-acc-mllt[5.2.132~9-82686]:main():gmm-acc-mllt.cc:108) Average like for this file is -54.6222 over 32 frames.
LOG (gmm-acc-mllt[5.2.132~9-82686]:main():gmm-acc-mllt.cc:108) Average like for this file is -59.7643 over 30 frames.
LOG (gmm-acc-mllt[5.2.132~9-82686]:main():gmm-acc-mllt.cc:108) Average like for this file is -62.4004 over 39 frames.
LOG (gmm-acc-mllt[5.2.132~9-82686]:main():gmm-acc-mllt.cc:108) Average like for this file is -66.4875 over 30 frames.
LOG (gmm-acc-mllt[5.2.132~9-82686]:main():gmm-acc-mllt.cc:108) Average like for this file is -48.5897 over 34 frames.
LOG (gmm-acc-mllt[5.2.132~9-82686]:main():gmm-acc-mllt.cc:114) Avg like per frame so far is -51.9503
LOG (gmm-acc-mllt[5.2.132~9-82686]:main():gmm-acc-mllt.cc:108) Average like for this file is -46.6961 over 40 frames.
LOG (gmm-acc-mllt[5.2.132~9-82686]:main():gmm-acc-mllt.cc:108) Average like for this file is -45.8586 over 38 frames.
LOG (gmm-acc-mllt[5.2.132~9-82686]:main():gmm-acc-mllt.cc:108) Average like for this file is -45.646 over 38 frames.
LOG (gmm-acc-mllt[5.2.132~9-82686]:main():gmm-acc-mllt.cc:108) Average like for this file is -45.0813 over 37 frames.
LOG (gmm-acc-mllt[5.2.132~9-82686]:main():gmm-acc-mllt.cc:108) Average like for this file is -47.0685 over 40 frames.
LOG (gmm-acc-mllt[5.2.132~9-82686]:main():gmm-acc-mllt.cc:108) Average like for this file is -48.6711 over 33 frames.
LOG (gmm-acc-mllt[5.2.132~9-82686]:main():gmm-acc-mllt.cc:108) Average like for this file is -47.3249 over 29 frames.
LOG (gmm-acc-mllt[5.2.132~9-82686]:main():gmm-acc-mllt.cc:108) Average like for this file is -58.8681 over 52 frames.
LOG (gmm-acc-mllt[5.2.132~9-82686]:main():gmm-acc-mllt.cc:108) Average like for this file is -58.8512 over 52 frames.
LOG (gmm-acc-mllt[5.2.132~9-82686]:main():gmm-acc-mllt.cc:108) Average like for this file is -51.0631 over 37 frames.
LOG (gmm-acc-mllt[5.2.132~9-82686]:main():gmm-acc-mllt.cc:114) Avg like per frame so far is -51.9015
LOG (gmm-acc-mllt[5.2.132~9-82686]:main():gmm-acc-mllt.cc:108) Average like for this file is -44.0204 over 43 frames.
LOG (gmm-acc-mllt[5.2.132~9-82686]:main():gmm-acc-mllt.cc:108) Average like for this file is -48.3763 over 50 frames.
LOG (gmm-acc-mllt[5.2.132~9-82686]:main():gmm-acc-mllt.cc:108) Average like for this file is -47.2372 over 31 frames.
LOG (gmm-acc-mllt[5.2.132~9-82686]:main():gmm-acc-mllt.cc:108) Average like for this file is -48.7753 over 38 frames.
LOG (gmm-acc-mllt[5.2.132~9-82686]:main():gmm-acc-mllt.cc:108) Average like for this file is -56.1132 over 36 frames.
LOG (gmm-acc-mllt[5.2.132~9-82686]:main():gmm-acc-mllt.cc:108) Average like for this file is -45.434 over 42 frames.
LOG (gmm-acc-mllt[5.2.132~9-82686]:main():gmm-acc-mllt.cc:108) Average like for this file is -47.6295 over 35 frames.
LOG (gmm-acc-mllt[5.2.132~9-82686]:main():gmm-acc-mllt.cc:108) Average like for this file is -49.2667 over 23 frames.
LOG (gmm-acc-mllt[5.2.132~9-82686]:main():gmm-acc-mllt.cc:108) Average like for this file is -66.405 over 24 frames.
LOG (gmm-acc-mllt[5.2.132~9-82686]:main():gmm-acc-mllt.cc:108) Average like for this file is -56.6878 over 19 frames.
LOG (gmm-acc-mllt[5.2.132~9-82686]:main():gmm-acc-mllt.cc:114) Avg like per frame so far is -51.855
LOG (gmm-acc-mllt[5.2.132~9-82686]:main():gmm-acc-mllt.cc:108) Average like for this file is -56.4631 over 22 frames.
LOG (gmm-acc-mllt[5.2.132~9-82686]:main():gmm-acc-mllt.cc:108) Average like for this file is -51.3439 over 28 frames.
LOG (gmm-acc-mllt[5.2.132~9-82686]:main():gmm-acc-mllt.cc:108) Average like for this file is -51.9622 over 18 frames.
LOG (gmm-acc-mllt[5.2.132~9-82686]:main():gmm-acc-mllt.cc:108) Average like for this file is -51.5316 over 19 frames.
LOG (gmm-acc-mllt[5.2.132~9-82686]:main():gmm-acc-mllt.cc:108) Average like for this file is -48.3101 over 17 frames.
LOG (gmm-acc-mllt[5.2.132~9-82686]:main():gmm-acc-mllt.cc:108) Average like for this file is -51.5446 over 19 frames.
LOG (gmm-acc-mllt[5.2.132~9-82686]:main():gmm-acc-mllt.cc:108) Average like for this file is -55.5873 over 18 frames.
LOG (gmm-acc-mllt[5.2.132~9-82686]:main():gmm-acc-mllt.cc:108) Average like for this file is -52.4244 over 16 frames.
LOG (gmm-acc-mllt[5.2.132~9-82686]:main():gmm-acc-mllt.cc:108) Average like for this file is -61.3224 over 17 frames.
LOG (gmm-acc-mllt[5.2.132~9-82686]:main():gmm-acc-mllt.cc:108) Average like for this file is -53.5334 over 18 frames.
LOG (gmm-acc-mllt[5.2.132~9-82686]:main():gmm-acc-mllt.cc:114) Avg like per frame so far is -51.8744
LOG (gmm-acc-mllt[5.2.132~9-82686]:main():gmm-acc-mllt.cc:108) Average like for this file is -65.9132 over 25 frames.
LOG (gmm-acc-mllt[5.2.132~9-82686]:main():gmm-acc-mllt.cc:108) Average like for this file is -60.6042 over 28 frames.
LOG (gmm-acc-mllt[5.2.132~9-82686]:main():gmm-acc-mllt.cc:108) Average like for this file is -61.097 over 32 frames.
LOG (gmm-acc-mllt[5.2.132~9-82686]:main():gmm-acc-mllt.cc:108) Average like for this file is -59.4279 over 34 frames.
LOG (gmm-acc-mllt[5.2.132~9-82686]:main():gmm-acc-mllt.cc:108) Average like for this file is -55.3602 over 40 frames.
LOG (gmm-acc-mllt[5.2.132~9-82686]:main():gmm-acc-mllt.cc:108) Average like for this file is -68.8918 over 41 frames.
LOG (gmm-acc-mllt[5.2.132~9-82686]:main():gmm-acc-mllt.cc:108) Average like for this file is -55.1494 over 42 frames.
LOG (gmm-acc-mllt[5.2.132~9-82686]:main():gmm-acc-mllt.cc:108) Average like for this file is -55.4875 over 48 frames.
LOG (gmm-acc-mllt[5.2.132~9-82686]:main():gmm-acc-mllt.cc:108) Average like for this file is -58.0011 over 37 frames.
LOG (gmm-acc-mllt[5.2.132~9-82686]:main():gmm-acc-mllt.cc:108) Average like for this file is -58.516 over 40 frames.
LOG (gmm-acc-mllt[5.2.132~9-82686]:main():gmm-acc-mllt.cc:114) Avg like per frame so far is -52.0607
LOG (gmm-acc-mllt[5.2.132~9-82686]:main():gmm-acc-mllt.cc:108) Average like for this file is -55.6171 over 28 frames.
LOG (gmm-acc-mllt[5.2.132~9-82686]:main():gmm-acc-mllt.cc:108) Average like for this file is -58.9273 over 21 frames.
LOG (gmm-acc-mllt[5.2.132~9-82686]:main():gmm-acc-mllt.cc:108) Average like for this file is -59.1827 over 30 frames.
LOG (gmm-acc-mllt[5.2.132~9-82686]:main():gmm-acc-mllt.cc:108) Average like for this file is -62.7658 over 24 frames.
LOG (gmm-acc-mllt[5.2.132~9-82686]:main():gmm-acc-mllt.cc:108) Average like for this file is -60.8216 over 21 frames.
LOG (gmm-acc-mllt[5.2.132~9-82686]:main():gmm-acc-mllt.cc:108) Average like for this file is -64.2411 over 20 frames.
LOG (gmm-acc-mllt[5.2.132~9-82686]:main():gmm-acc-mllt.cc:108) Average like for this file is -62.1783 over 32 frames.
LOG (gmm-acc-mllt[5.2.132~9-82686]:main():gmm-acc-mllt.cc:108) Average like for this file is -54.4278 over 28 frames.
LOG (gmm-acc-mllt[5.2.132~9-82686]:main():gmm-acc-mllt.cc:108) Average like for this file is -60.2659 over 25 frames.
LOG (gmm-acc-mllt[5.2.132~9-82686]:main():gmm-acc-mllt.cc:108) Average like for this file is -52.299 over 24 frames.
LOG (gmm-acc-mllt[5.2.132~9-82686]:main():gmm-acc-mllt.cc:114) Avg like per frame so far is -52.1752
LOG (gmm-acc-mllt[5.2.132~9-82686]:main():gmm-acc-mllt.cc:108) Average like for this file is -55.8315 over 25 frames.
LOG (gmm-acc-mllt[5.2.132~9-82686]:main():gmm-acc-mllt.cc:108) Average like for this file is -51.1372 over 28 frames.
LOG (gmm-acc-mllt[5.2.132~9-82686]:main():gmm-acc-mllt.cc:108) Average like for this file is -46.5265 over 24 frames.
LOG (gmm-acc-mllt[5.2.132~9-82686]:main():gmm-acc-mllt.cc:108) Average like for this file is -50.8401 over 31 frames.
LOG (gmm-acc-mllt[5.2.132~9-82686]:main():gmm-acc-mllt.cc:108) Average like for this file is -49.1432 over 27 frames.
LOG (gmm-acc-mllt[5.2.132~9-82686]:main():gmm-acc-mllt.cc:108) Average like for this file is -58.4537 over 26 frames.
LOG (gmm-acc-mllt[5.2.132~9-82686]:main():gmm-acc-mllt.cc:108) Average like for this file is -45.601 over 35 frames.
LOG (gmm-acc-mllt[5.2.132~9-82686]:main():gmm-acc-mllt.cc:108) Average like for this file is -51.4609 over 28 frames.
LOG (gmm-acc-mllt[5.2.132~9-82686]:main():gmm-acc-mllt.cc:108) Average like for this file is -46.4768 over 31 frames.
LOG (gmm-acc-mllt[5.2.132~9-82686]:main():gmm-acc-mllt.cc:108) Average like for this file is -47.9537 over 30 frames.
LOG (gmm-acc-mllt[5.2.132~9-82686]:main():gmm-acc-mllt.cc:114) Avg like per frame so far is -52.1373
LOG (gmm-acc-mllt[5.2.132~9-82686]:main():gmm-acc-mllt.cc:108) Average like for this file is -57.6622 over 24 frames.
LOG (gmm-acc-mllt[5.2.132~9-82686]:main():gmm-acc-mllt.cc:108) Average like for this file is -53.6716 over 34 frames.
LOG (gmm-acc-mllt[5.2.132~9-82686]:main():gmm-acc-mllt.cc:108) Average like for this file is -59.4029 over 33 frames.
LOG (gmm-acc-mllt[5.2.132~9-82686]:main():gmm-acc-mllt.cc:108) Average like for this file is -57.2004 over 24 frames.
LOG (gmm-acc-mllt[5.2.132~9-82686]:main():gmm-acc-mllt.cc:108) Average like for this file is -58.6291 over 36 frames.
LOG (gmm-acc-mllt[5.2.132~9-82686]:main():gmm-acc-mllt.cc:108) Average like for this file is -58.5366 over 37 frames.
LOG (gmm-acc-mllt[5.2.132~9-82686]:main():gmm-acc-mllt.cc:108) Average like for this file is -52.9069 over 38 frames.
LOG (gmm-acc-mllt[5.2.132~9-82686]:main():gmm-acc-mllt.cc:108) Average like for this file is -54.194 over 33 frames.
LOG (gmm-acc-mllt[5.2.132~9-82686]:main():gmm-acc-mllt.cc:108) Average like for this file is -64.8817 over 36 frames.
LOG (gmm-acc-mllt[5.2.132~9-82686]:main():gmm-acc-mllt.cc:108) Average like for this file is -60.5684 over 28 frames.
LOG (gmm-acc-mllt[5.2.132~9-82686]:main():gmm-acc-mllt.cc:114) Avg like per frame so far is -52.2516
LOG (gmm-acc-mllt[5.2.132~9-82686]:main():gmm-acc-mllt.cc:108) Average like for this file is -62.0696 over 36 frames.
LOG (gmm-acc-mllt[5.2.132~9-82686]:main():gmm-acc-mllt.cc:108) Average like for this file is -59.2329 over 26 frames.
LOG (gmm-acc-mllt[5.2.132~9-82686]:main():gmm-acc-mllt.cc:108) Average like for this file is -63.6007 over 27 frames.
LOG (gmm-acc-mllt[5.2.132~9-82686]:main():gmm-acc-mllt.cc:108) Average like for this file is -57.0818 over 30 frames.
LOG (gmm-acc-mllt[5.2.132~9-82686]:main():gmm-acc-mllt.cc:108) Average like for this file is -67.7591 over 28 frames.
LOG (gmm-acc-mllt[5.2.132~9-82686]:main():gmm-acc-mllt.cc:108) Average like for this file is -55.6933 over 78 frames.
LOG (gmm-acc-mllt[5.2.132~9-82686]:main():gmm-acc-mllt.cc:108) Average like for this file is -53.2191 over 59 frames.
LOG (gmm-acc-mllt[5.2.132~9-82686]:main():gmm-acc-mllt.cc:108) Average like for this file is -53.074 over 59 frames.
LOG (gmm-acc-mllt[5.2.132~9-82686]:main():gmm-acc-mllt.cc:108) Average like for this file is -53.5464 over 30 frames.
LOG (gmm-acc-mllt[5.2.132~9-82686]:main():gmm-acc-mllt.cc:108) Average like for this file is -56.2849 over 29 frames.
LOG (gmm-acc-mllt[5.2.132~9-82686]:main():gmm-acc-mllt.cc:114) Avg like per frame so far is -52.3717
LOG (gmm-acc-mllt[5.2.132~9-82686]:main():gmm-acc-mllt.cc:108) Average like for this file is -56.4001 over 29 frames.
LOG (gmm-acc-mllt[5.2.132~9-82686]:main():gmm-acc-mllt.cc:108) Average like for this file is -52.3026 over 23 frames.
LOG (gmm-acc-mllt[5.2.132~9-82686]:main():gmm-acc-mllt.cc:108) Average like for this file is -56.4939 over 21 frames.
LOG (gmm-acc-mllt[5.2.132~9-82686]:main():gmm-acc-mllt.cc:108) Average like for this file is -58.7068 over 31 frames.
LOG (gmm-acc-mllt[5.2.132~9-82686]:main():gmm-acc-mllt.cc:108) Average like for this file is -56.079 over 27 frames.
LOG (gmm-acc-mllt[5.2.132~9-82686]:main():gmm-acc-mllt.cc:108) Average like for this file is -52.7577 over 26 frames.
LOG (gmm-acc-mllt[5.2.132~9-82686]:main():gmm-acc-mllt.cc:108) Average like for this file is -52.0623 over 30 frames.
LOG (gmm-acc-mllt[5.2.132~9-82686]:main():gmm-acc-mllt.cc:108) Average like for this file is -52.0789 over 29 frames.
LOG (gmm-acc-mllt[5.2.132~9-82686]:main():gmm-acc-mllt.cc:108) Average like for this file is -54.5559 over 31 frames.
LOG (gmm-acc-mllt[5.2.132~9-82686]:main():gmm-acc-mllt.cc:108) Average like for this file is -52.3463 over 23 frames.
LOG (gmm-acc-mllt[5.2.132~9-82686]:main():gmm-acc-mllt.cc:114) Avg like per frame so far is -52.4055
LOG (gmm-acc-mllt[5.2.132~9-82686]:main():gmm-acc-mllt.cc:108) Average like for this file is -56.1594 over 46 frames.
LOG (gmm-acc-mllt[5.2.132~9-82686]:main():gmm-acc-mllt.cc:108) Average like for this file is -59.661 over 39 frames.
LOG (gmm-acc-mllt[5.2.132~9-82686]:main():gmm-acc-mllt.cc:108) Average like for this file is -51.4138 over 34 frames.
LOG (gmm-acc-mllt[5.2.132~9-82686]:main():gmm-acc-mllt.cc:108) Average like for this file is -55.0132 over 37 frames.
LOG (gmm-acc-mllt[5.2.132~9-82686]:main():gmm-acc-mllt.cc:108) Average like for this file is -51.8303 over 29 frames.
LOG (gmm-acc-mllt[5.2.132~9-82686]:main():gmm-acc-mllt.cc:108) Average like for this file is -51.5995 over 27 frames.
LOG (gmm-acc-mllt[5.2.132~9-82686]:main():gmm-acc-mllt.cc:108) Average like for this file is -55.8739 over 27 frames.
LOG (gmm-acc-mllt[5.2.132~9-82686]:main():gmm-acc-mllt.cc:108) Average like for this file is -55.4005 over 31 frames.
LOG (gmm-acc-mllt[5.2.132~9-82686]:main():gmm-acc-mllt.cc:108) Average like for this file is -60.7843 over 25 frames.
LOG (gmm-acc-mllt[5.2.132~9-82686]:main():gmm-acc-mllt.cc:108) Average like for this file is -56.7275 over 34 frames.
LOG (gmm-acc-mllt[5.2.132~9-82686]:main():gmm-acc-mllt.cc:114) Avg like per frame so far is -52.4663
LOG (gmm-acc-mllt[5.2.132~9-82686]:main():gmm-acc-mllt.cc:108) Average like for this file is -51.1587 over 57 frames.
LOG (gmm-acc-mllt[5.2.132~9-82686]:main():gmm-acc-mllt.cc:108) Average like for this file is -56.9636 over 46 frames.
LOG (gmm-acc-mllt[5.2.132~9-82686]:main():gmm-acc-mllt.cc:108) Average like for this file is -56.4538 over 18 frames.
LOG (gmm-acc-mllt[5.2.132~9-82686]:main():gmm-acc-mllt.cc:108) Average like for this file is -47.3848 over 12 frames.
LOG (gmm-acc-mllt[5.2.132~9-82686]:main():gmm-acc-mllt.cc:108) Average like for this file is -55.6565 over 17 frames.
LOG (gmm-acc-mllt[5.2.132~9-82686]:main():gmm-acc-mllt.cc:108) Average like for this file is -60.0929 over 21 frames.
LOG (gmm-acc-mllt[5.2.132~9-82686]:main():gmm-acc-mllt.cc:108) Average like for this file is -59.2745 over 26 frames.
LOG (gmm-acc-mllt[5.2.132~9-82686]:main():gmm-acc-mllt.cc:108) Average like for this file is -51.1684 over 28 frames.
LOG (gmm-acc-mllt[5.2.132~9-82686]:main():gmm-acc-mllt.cc:108) Average like for this file is -59.488 over 20 frames.
LOG (gmm-acc-mllt[5.2.132~9-82686]:main():gmm-acc-mllt.cc:108) Average like for this file is -58.7829 over 20 frames.
LOG (gmm-acc-mllt[5.2.132~9-82686]:main():gmm-acc-mllt.cc:114) Avg like per frame so far is -52.5111
LOG (gmm-acc-mllt[5.2.132~9-82686]:main():gmm-acc-mllt.cc:108) Average like for this file is -57.5882 over 30 frames.
LOG (gmm-acc-mllt[5.2.132~9-82686]:main():gmm-acc-mllt.cc:108) Average like for this file is -53.9405 over 33 frames.
LOG (gmm-acc-mllt[5.2.132~9-82686]:main():gmm-acc-mllt.cc:108) Average like for this file is -59.7144 over 19 frames.
LOG (gmm-acc-mllt[5.2.132~9-82686]:main():gmm-acc-mllt.cc:108) Average like for this file is -59.3155 over 45 frames.
LOG (gmm-acc-mllt[5.2.132~9-82686]:main():gmm-acc-mllt.cc:108) Average like for this file is -57.0862 over 44 frames.
LOG (gmm-acc-mllt[5.2.132~9-82686]:main():gmm-acc-mllt.cc:108) Average like for this file is -57.3669 over 31 frames.
LOG (gmm-acc-mllt[5.2.132~9-82686]:main():gmm-acc-mllt.cc:108) Average like for this file is -52.0052 over 29 frames.
LOG (gmm-acc-mllt[5.2.132~9-82686]:main():gmm-acc-mllt.cc:108) Average like for this file is -50.2128 over 33 frames.
LOG (gmm-acc-mllt[5.2.132~9-82686]:main():gmm-acc-mllt.cc:108) Average like for this file is -49.4397 over 31 frames.
LOG (gmm-acc-mllt[5.2.132~9-82686]:main():gmm-acc-mllt.cc:108) Average like for this file is -54.8456 over 44 frames.
LOG (gmm-acc-mllt[5.2.132~9-82686]:main():gmm-acc-mllt.cc:114) Avg like per frame so far is -52.5633
LOG (gmm-acc-mllt[5.2.132~9-82686]:main():gmm-acc-mllt.cc:108) Average like for this file is -61.8136 over 36 frames.
LOG (gmm-acc-mllt[5.2.132~9-82686]:main():gmm-acc-mllt.cc:108) Average like for this file is -53.485 over 46 frames.
LOG (gmm-acc-mllt[5.2.132~9-82686]:main():gmm-acc-mllt.cc:108) Average like for this file is -52.2639 over 44 frames.
LOG (gmm-acc-mllt[5.2.132~9-82686]:main():gmm-acc-mllt.cc:108) Average like for this file is -63.2336 over 26 frames.
LOG (gmm-acc-mllt[5.2.132~9-82686]:main():gmm-acc-mllt.cc:108) Average like for this file is -59.6732 over 26 frames.
LOG (weight-silence-post[5.2.132~9-82686]:main():weight-silence-post.cc:95) Done 590 posteriors.
LOG (gmm-acc-mllt[5.2.132~9-82686]:main():gmm-acc-mllt.cc:108) Average like for this file is -49.5458 over 60 frames.
LOG (gmm-acc-mllt[5.2.132~9-82686]:main():gmm-acc-mllt.cc:108) Average like for this file is -49.2309 over 53 frames.
LOG (gmm-acc-mllt[5.2.132~9-82686]:main():gmm-acc-mllt.cc:108) Average like for this file is -47.454 over 47 frames.
LOG (gmm-acc-mllt[5.2.132~9-82686]:main():gmm-acc-mllt.cc:108) Average like for this file is -45.6203 over 32 frames.
LOG (gmm-acc-mllt[5.2.132~9-82686]:main():gmm-acc-mllt.cc:108) Average like for this file is -51.329 over 37 frames.
LOG (gmm-acc-mllt[5.2.132~9-82686]:main():gmm-acc-mllt.cc:114) Avg like per frame so far is -52.561
LOG (gmm-acc-mllt[5.2.132~9-82686]:main():gmm-acc-mllt.cc:108) Average like for this file is -59.3368 over 33 frames.
LOG (gmm-acc-mllt[5.2.132~9-82686]:main():gmm-acc-mllt.cc:108) Average like for this file is -52.8703 over 29 frames.
LOG (gmm-acc-mllt[5.2.132~9-82686]:main():gmm-acc-mllt.cc:108) Average like for this file is -55.3994 over 23 frames.
LOG (gmm-acc-mllt[5.2.132~9-82686]:main():gmm-acc-mllt.cc:108) Average like for this file is -61.4832 over 28 frames.
LOG (gmm-acc-mllt[5.2.132~9-82686]:main():gmm-acc-mllt.cc:108) Average like for this file is -63.6756 over 32 frames.
LOG (gmm-acc-mllt[5.2.132~9-82686]:main():gmm-acc-mllt.cc:108) Average like for this file is -55.0923 over 29 frames.
LOG (gmm-acc-mllt[5.2.132~9-82686]:main():gmm-acc-mllt.cc:108) Average like for this file is -55.0714 over 28 frames.
LOG (gmm-acc-mllt[5.2.132~9-82686]:main():gmm-acc-mllt.cc:108) Average like for this file is -55.3493 over 43 frames.
LOG (gmm-acc-mllt[5.2.132~9-82686]:main():gmm-acc-mllt.cc:108) Average like for this file is -50.2716 over 28 frames.
LOG (gmm-acc-mllt[5.2.132~9-82686]:main():gmm-acc-mllt.cc:108) Average like for this file is -54.8694 over 32 frames.
LOG (gmm-acc-mllt[5.2.132~9-82686]:main():gmm-acc-mllt.cc:114) Avg like per frame so far is -52.6259
LOG (gmm-acc-mllt[5.2.132~9-82686]:main():gmm-acc-mllt.cc:108) Average like for this file is -52.7779 over 26 frames.
LOG (gmm-acc-mllt[5.2.132~9-82686]:main():gmm-acc-mllt.cc:108) Average like for this file is -53.8657 over 34 frames.
LOG (gmm-acc-mllt[5.2.132~9-82686]:main():gmm-acc-mllt.cc:108) Average like for this file is -55.7879 over 45 frames.
LOG (gmm-acc-mllt[5.2.132~9-82686]:main():gmm-acc-mllt.cc:108) Average like for this file is -50.0585 over 50 frames.
LOG (gmm-acc-mllt[5.2.132~9-82686]:main():gmm-acc-mllt.cc:108) Average like for this file is -48.9879 over 33 frames.
LOG (gmm-acc-mllt[5.2.132~9-82686]:main():gmm-acc-mllt.cc:108) Average like for this file is -57.2712 over 23 frames.
LOG (gmm-acc-mllt[5.2.132~9-82686]:main():gmm-acc-mllt.cc:108) Average like for this file is -53.2648 over 32 frames.
LOG (gmm-acc-mllt[5.2.132~9-82686]:main():gmm-acc-mllt.cc:108) Average like for this file is -53.4706 over 37 frames.
LOG (gmm-acc-mllt[5.2.132~9-82686]:main():gmm-acc-mllt.cc:108) Average like for this file is -51.1231 over 40 frames.
LOG (gmm-acc-mllt[5.2.132~9-82686]:main():gmm-acc-mllt.cc:108) Average like for this file is -54.3283 over 36 frames.
LOG (gmm-acc-mllt[5.2.132~9-82686]:main():gmm-acc-mllt.cc:114) Avg like per frame so far is -52.6313
LOG (gmm-acc-mllt[5.2.132~9-82686]:main():gmm-acc-mllt.cc:108) Average like for this file is -52.8769 over 47 frames.
LOG (gmm-acc-mllt[5.2.132~9-82686]:main():gmm-acc-mllt.cc:108) Average like for this file is -52.6205 over 42 frames.
LOG (gmm-acc-mllt[5.2.132~9-82686]:main():gmm-acc-mllt.cc:108) Average like for this file is -53.6562 over 41 frames.
LOG (gmm-acc-mllt[5.2.132~9-82686]:main():gmm-acc-mllt.cc:108) Average like for this file is -53.8662 over 22 frames.
LOG (gmm-acc-mllt[5.2.132~9-82686]:main():gmm-acc-mllt.cc:108) Average like for this file is -56.5879 over 21 frames.
LOG (gmm-acc-mllt[5.2.132~9-82686]:main():gmm-acc-mllt.cc:108) Average like for this file is -58.3141 over 44 frames.
LOG (gmm-acc-mllt[5.2.132~9-82686]:main():gmm-acc-mllt.cc:108) Average like for this file is -52.6402 over 33 frames.
LOG (gmm-acc-mllt[5.2.132~9-82686]:main():gmm-acc-mllt.cc:108) Average like for this file is -51.8948 over 39 frames.
LOG (gmm-acc-mllt[5.2.132~9-82686]:main():gmm-acc-mllt.cc:108) Average like for this file is -59.3671 over 29 frames.
LOG (gmm-acc-mllt[5.2.132~9-82686]:main():gmm-acc-mllt.cc:108) Average like for this file is -54.2129 over 27 frames.
LOG (gmm-acc-mllt[5.2.132~9-82686]:main():gmm-acc-mllt.cc:114) Avg like per frame so far is -52.6643
LOG (gmm-acc-mllt[5.2.132~9-82686]:main():gmm-acc-mllt.cc:108) Average like for this file is -51.9004 over 38 frames.
LOG (gmm-acc-mllt[5.2.132~9-82686]:main():gmm-acc-mllt.cc:108) Average like for this file is -55.7881 over 18 frames.
LOG (gmm-acc-mllt[5.2.132~9-82686]:main():gmm-acc-mllt.cc:108) Average like for this file is -54.0257 over 23 frames.
LOG (gmm-acc-mllt[5.2.132~9-82686]:main():gmm-acc-mllt.cc:108) Average like for this file is -50.0547 over 52 frames.
LOG (gmm-acc-mllt[5.2.132~9-82686]:main():gmm-acc-mllt.cc:108) Average like for this file is -61.9351 over 28 frames.
LOG (gmm-acc-mllt[5.2.132~9-82686]:main():gmm-acc-mllt.cc:108) Average like for this file is -53.3024 over 20 frames.
LOG (gmm-acc-mllt[5.2.132~9-82686]:main():gmm-acc-mllt.cc:108) Average like for this file is -52.7822 over 38 frames.
LOG (gmm-acc-mllt[5.2.132~9-82686]:main():gmm-acc-mllt.cc:108) Average like for this file is -51.6468 over 24 frames.
LOG (gmm-acc-mllt[5.2.132~9-82686]:main():gmm-acc-mllt.cc:108) Average like for this file is -61.5796 over 23 frames.
LOG (gmm-acc-mllt[5.2.132~9-82686]:main():gmm-acc-mllt.cc:108) Average like for this file is -49.7534 over 29 frames.
LOG (gmm-acc-mllt[5.2.132~9-82686]:main():gmm-acc-mllt.cc:114) Avg like per frame so far is -52.6798
LOG (gmm-acc-mllt[5.2.132~9-82686]:main():gmm-acc-mllt.cc:108) Average like for this file is -52.6812 over 21 frames.
LOG (gmm-acc-mllt[5.2.132~9-82686]:main():gmm-acc-mllt.cc:108) Average like for this file is -50.8963 over 21 frames.
LOG (gmm-acc-mllt[5.2.132~9-82686]:main():gmm-acc-mllt.cc:108) Average like for this file is -50.8919 over 25 frames.
LOG (gmm-acc-mllt[5.2.132~9-82686]:main():gmm-acc-mllt.cc:108) Average like for this file is -53.5852 over 19 frames.
LOG (gmm-acc-mllt[5.2.132~9-82686]:main():gmm-acc-mllt.cc:108) Average like for this file is -56.9678 over 19 frames.
LOG (gmm-acc-mllt[5.2.132~9-82686]:main():gmm-acc-mllt.cc:108) Average like for this file is -56.0104 over 44 frames.
LOG (gmm-acc-mllt[5.2.132~9-82686]:main():gmm-acc-mllt.cc:108) Average like for this file is -57.0774 over 43 frames.
LOG (gmm-acc-mllt[5.2.132~9-82686]:main():gmm-acc-mllt.cc:108) Average like for this file is -55.1258 over 48 frames.
LOG (gmm-acc-mllt[5.2.132~9-82686]:main():gmm-acc-mllt.cc:108) Average like for this file is -59.3769 over 37 frames.
LOG (gmm-acc-mllt[5.2.132~9-82686]:main():gmm-acc-mllt.cc:108) Average like for this file is -54.0752 over 46 frames.
LOG (gmm-acc-mllt[5.2.132~9-82686]:main():gmm-acc-mllt.cc:114) Avg like per frame so far is -52.7199
LOG (gmm-acc-mllt[5.2.132~9-82686]:main():gmm-acc-mllt.cc:108) Average like for this file is -57.958 over 43 frames.
LOG (apply-cmvn[5.2.132~9-82686]:main():apply-cmvn.cc:162) Applied cepstral mean normalization to 590 utterances, errors on 0
LOG (gmm-acc-mllt[5.2.132~9-82686]:main():gmm-acc-mllt.cc:108) Average like for this file is -56.4375 over 44 frames.
LOG (gmm-acc-mllt[5.2.132~9-82686]:main():gmm-acc-mllt.cc:108) Average like for this file is -62.188 over 33 frames.
LOG (gmm-acc-mllt[5.2.132~9-82686]:main():gmm-acc-mllt.cc:108) Average like for this file is -58.8228 over 32 frames.
LOG (gmm-acc-mllt[5.2.132~9-82686]:main():gmm-acc-mllt.cc:108) Average like for this file is -54.0577 over 60 frames.
LOG (gmm-acc-mllt[5.2.132~9-82686]:main():gmm-acc-mllt.cc:108) Average like for this file is -65.6458 over 24 frames.
LOG (gmm-acc-mllt[5.2.132~9-82686]:main():gmm-acc-mllt.cc:108) Average like for this file is -55.7377 over 28 frames.
LOG (gmm-acc-mllt[5.2.132~9-82686]:main():gmm-acc-mllt.cc:108) Average like for this file is -55.3393 over 32 frames.
LOG (gmm-acc-mllt[5.2.132~9-82686]:main():gmm-acc-mllt.cc:108) Average like for this file is -56.0284 over 39 frames.
LOG (gmm-acc-mllt[5.2.132~9-82686]:main():gmm-acc-mllt.cc:108) Average like for this file is -53.329 over 36 frames.
LOG (gmm-acc-mllt[5.2.132~9-82686]:main():gmm-acc-mllt.cc:114) Avg like per frame so far is -52.8009
LOG (gmm-acc-mllt[5.2.132~9-82686]:main():gmm-acc-mllt.cc:108) Average like for this file is -55.7667 over 39 frames.
LOG (gmm-acc-mllt[5.2.132~9-82686]:main():gmm-acc-mllt.cc:108) Average like for this file is -62.5153 over 22 frames.
LOG (gmm-acc-mllt[5.2.132~9-82686]:main():gmm-acc-mllt.cc:108) Average like for this file is -55.4057 over 37 frames.
LOG (gmm-acc-mllt[5.2.132~9-82686]:main():gmm-acc-mllt.cc:108) Average like for this file is -59.2153 over 32 frames.
LOG (gmm-acc-mllt[5.2.132~9-82686]:main():gmm-acc-mllt.cc:108) Average like for this file is -57.4754 over 39 frames.
LOG (gmm-acc-mllt[5.2.132~9-82686]:main():gmm-acc-mllt.cc:108) Average like for this file is -59.9863 over 35 frames.
LOG (gmm-acc-mllt[5.2.132~9-82686]:main():gmm-acc-mllt.cc:108) Average like for this file is -56.3155 over 36 frames.
LOG (gmm-acc-mllt[5.2.132~9-82686]:main():gmm-acc-mllt.cc:108) Average like for this file is -60.089 over 34 frames.
LOG (gmm-acc-mllt[5.2.132~9-82686]:main():gmm-acc-mllt.cc:108) Average like for this file is -56.2318 over 35 frames.
LOG (gmm-acc-mllt[5.2.132~9-82686]:main():gmm-acc-mllt.cc:108) Average like for this file is -59.3068 over 26 frames.
LOG (gmm-acc-mllt[5.2.132~9-82686]:main():gmm-acc-mllt.cc:114) Avg like per frame so far is -52.8866
LOG (gmm-acc-mllt[5.2.132~9-82686]:main():gmm-acc-mllt.cc:108) Average like for this file is -58.7552 over 22 frames.
LOG (gmm-acc-mllt[5.2.132~9-82686]:main():gmm-acc-mllt.cc:108) Average like for this file is -52.2669 over 31 frames.
LOG (gmm-acc-mllt[5.2.132~9-82686]:main():gmm-acc-mllt.cc:108) Average like for this file is -55.9703 over 21 frames.
LOG (gmm-acc-mllt[5.2.132~9-82686]:main():gmm-acc-mllt.cc:108) Average like for this file is -64.0757 over 17 frames.
LOG (gmm-acc-mllt[5.2.132~9-82686]:main():gmm-acc-mllt.cc:108) Average like for this file is -49.3778 over 25 frames.
LOG (gmm-acc-mllt[5.2.132~9-82686]:main():gmm-acc-mllt.cc:108) Average like for this file is -54.6844 over 23 frames.
LOG (gmm-acc-mllt[5.2.132~9-82686]:main():gmm-acc-mllt.cc:108) Average like for this file is -58.6695 over 26 frames.
LOG (gmm-acc-mllt[5.2.132~9-82686]:main():gmm-acc-mllt.cc:108) Average like for this file is -57.5013 over 24 frames.
LOG (gmm-acc-mllt[5.2.132~9-82686]:main():gmm-acc-mllt.cc:108) Average like for this file is -62.3378 over 22 frames.
LOG (gmm-acc-mllt[5.2.132~9-82686]:main():gmm-acc-mllt.cc:108) Average like for this file is -53.8985 over 24 frames.
LOG (gmm-acc-mllt[5.2.132~9-82686]:main():gmm-acc-mllt.cc:114) Avg like per frame so far is -52.9264
LOG (gmm-acc-mllt[5.2.132~9-82686]:main():gmm-acc-mllt.cc:108) Average like for this file is -50.8706 over 22 frames.
LOG (gmm-acc-mllt[5.2.132~9-82686]:main():gmm-acc-mllt.cc:108) Average like for this file is -48.1443 over 27 frames.
LOG (gmm-acc-mllt[5.2.132~9-82686]:main():gmm-acc-mllt.cc:108) Average like for this file is -45.1992 over 40 frames.
LOG (gmm-acc-mllt[5.2.132~9-82686]:main():gmm-acc-mllt.cc:108) Average like for this file is -56.9671 over 34 frames.
LOG (gmm-acc-mllt[5.2.132~9-82686]:main():gmm-acc-mllt.cc:108) Average like for this file is -48.2474 over 42 frames.
LOG (gmm-acc-mllt[5.2.132~9-82686]:main():gmm-acc-mllt.cc:108) Average like for this file is -47.8526 over 41 frames.
LOG (gmm-acc-mllt[5.2.132~9-82686]:main():gmm-acc-mllt.cc:108) Average like for this file is -45.2754 over 33 frames.
LOG (gmm-acc-mllt[5.2.132~9-82686]:main():gmm-acc-mllt.cc:108) Average like for this file is -43.7549 over 26 frames.
LOG (gmm-acc-mllt[5.2.132~9-82686]:main():gmm-acc-mllt.cc:108) Average like for this file is -47.9168 over 30 frames.
LOG (gmm-acc-mllt[5.2.132~9-82686]:main():gmm-acc-mllt.cc:108) Average like for this file is -59.8692 over 22 frames.
LOG (gmm-acc-mllt[5.2.132~9-82686]:main():gmm-acc-mllt.cc:114) Avg like per frame so far is -52.8666
LOG (gmm-acc-mllt[5.2.132~9-82686]:main():gmm-acc-mllt.cc:108) Average like for this file is -48.6187 over 32 frames.
LOG (gmm-acc-mllt[5.2.132~9-82686]:main():gmm-acc-mllt.cc:108) Average like for this file is -50.65 over 27 frames.
LOG (gmm-acc-mllt[5.2.132~9-82686]:main():gmm-acc-mllt.cc:108) Average like for this file is -52.4004 over 33 frames.
LOG (gmm-acc-mllt[5.2.132~9-82686]:main():gmm-acc-mllt.cc:108) Average like for this file is -50.911 over 50 frames.
LOG (gmm-acc-mllt[5.2.132~9-82686]:main():gmm-acc-mllt.cc:108) Average like for this file is -55.273 over 35 frames.
LOG (gmm-acc-mllt[5.2.132~9-82686]:main():gmm-acc-mllt.cc:108) Average like for this file is -47.8445 over 26 frames.
LOG (gmm-acc-mllt[5.2.132~9-82686]:main():gmm-acc-mllt.cc:108) Average like for this file is -58.9373 over 27 frames.
LOG (gmm-acc-mllt[5.2.132~9-82686]:main():gmm-acc-mllt.cc:108) Average like for this file is -54.4434 over 31 frames.
LOG (gmm-acc-mllt[5.2.132~9-82686]:main():gmm-acc-mllt.cc:108) Average like for this file is -45.3192 over 37 frames.
LOG (gmm-acc-mllt[5.2.132~9-82686]:main():gmm-acc-mllt.cc:108) Average like for this file is -49.8131 over 28 frames.
LOG (gmm-acc-mllt[5.2.132~9-82686]:main():gmm-acc-mllt.cc:114) Avg like per frame so far is -52.8425
LOG (transform-feats[5.2.132~9-82686]:main():transform-feats.cc:158) Overall average [pseudo-]logdet is 35.4541 over 22731 frames.
LOG (transform-feats[5.2.132~9-82686]:main():transform-feats.cc:161) Applied transform to 590 utterances; 0 had errors.
LOG (gmm-acc-mllt[5.2.132~9-82686]:main():gmm-acc-mllt.cc:108) Average like for this file is -49.7848 over 25 frames.
LOG (gmm-acc-mllt[5.2.132~9-82686]:main():gmm-acc-mllt.cc:108) Average like for this file is -51.265 over 29 frames.
LOG (gmm-acc-mllt[5.2.132~9-82686]:main():gmm-acc-mllt.cc:108) Average like for this file is -53.2065 over 29 frames.
LOG (gmm-acc-mllt[5.2.132~9-82686]:main():gmm-acc-mllt.cc:108) Average like for this file is -54.5243 over 38 frames.
LOG (gmm-acc-mllt[5.2.132~9-82686]:main():gmm-acc-mllt.cc:108) Average like for this file is -55.3317 over 29 frames.
LOG (gmm-acc-mllt[5.2.132~9-82686]:main():gmm-acc-mllt.cc:108) Average like for this file is -56.0722 over 33 frames.
LOG (gmm-acc-mllt[5.2.132~9-82686]:main():gmm-acc-mllt.cc:108) Average like for this file is -50.1147 over 26 frames.
LOG (gmm-acc-mllt[5.2.132~9-82686]:main():gmm-acc-mllt.cc:108) Average like for this file is -54.8974 over 27 frames.
LOG (gmm-acc-mllt[5.2.132~9-82686]:main():gmm-acc-mllt.cc:108) Average like for this file is -58.8684 over 29 frames.
LOG (gmm-acc-mllt[5.2.132~9-82686]:main():gmm-acc-mllt.cc:108) Average like for this file is -49.3468 over 37 frames.
LOG (gmm-acc-mllt[5.2.132~9-82686]:main():gmm-acc-mllt.cc:114) Avg like per frame so far is -52.85
LOG (gmm-acc-mllt[5.2.132~9-82686]:main():gmm-acc-mllt.cc:119) Done 590 files, 0 with no posteriors, 0 with other errors.
LOG (gmm-acc-mllt[5.2.132~9-82686]:main():gmm-acc-mllt.cc:123) Overall avg like per frame (Gaussian only) = -52.85 over 21350 frames.
LOG (gmm-acc-mllt[5.2.132~9-82686]:main():gmm-acc-mllt.cc:127) Written accs.
# Accounting: time=1 threads=1
# Ended (code 0) at Thu Nov  9 17:25:30 NZDT 2017, elapsed time 1 seconds
