# gmm-est --write-occs=exp/tri2b/3.occs --mix-up=3000 --power=0.25 exp/tri2b/2.mdl "gmm-sum-accs - exp/tri2b/2.*.acc |" exp/tri2b/3.mdl 
# Started at Thu Nov  9 17:25:28 NZDT 2017
#
gmm-est --write-occs=exp/tri2b/3.occs --mix-up=3000 --power=0.25 exp/tri2b/2.mdl 'gmm-sum-accs - exp/tri2b/2.*.acc |' exp/tri2b/3.mdl 
gmm-sum-accs - exp/tri2b/2.1.acc exp/tri2b/2.2.acc exp/tri2b/2.3.acc exp/tri2b/2.4.acc 
LOG (gmm-sum-accs[5.2.132~9-82686]:main():gmm-sum-accs.cc:63) Summed 4 stats, total count 93175, avg like/frame -55.3081
LOG (gmm-sum-accs[5.2.132~9-82686]:main():gmm-sum-accs.cc:66) Total count of stats is 93175
LOG (gmm-sum-accs[5.2.132~9-82686]:main():gmm-sum-accs.cc:67) Written stats to -
LOG (gmm-est[5.2.132~9-82686]:MleUpdate():transition-model.cc:517) TransitionModel::Update, objf change is 0 per frame over 93175 frames. 
LOG (gmm-est[5.2.132~9-82686]:MleUpdate():transition-model.cc:520) 42 probabilities floored, 973 out of 1442 transition-states skipped due to insuffient data (it is normal to have some skipped.)
LOG (gmm-est[5.2.132~9-82686]:main():gmm-est.cc:102) Transition model update: Overall 0 log-like improvement per frame over 93175 frames.
WARNING (gmm-est[5.2.132~9-82686]:MleDiagGmmUpdate():mle-diag-gmm.cc:365) Gaussian has too little data but not removing it because it is the last Gaussian: i = 0, occ = 0, weight = 1
LOG (gmm-est[5.2.132~9-82686]:MleAmDiagGmmUpdate():mle-am-diag-gmm.cc:225) 0 variance elements floored in 0 Gaussians, out of 2500
LOG (gmm-est[5.2.132~9-82686]:MleAmDiagGmmUpdate():mle-am-diag-gmm.cc:229) Removed 0 Gaussians due to counts < --min-gaussian-occupancy=10 and --remove-low-count-gaussians=true
LOG (gmm-est[5.2.132~9-82686]:main():gmm-est.cc:113) GMM update: Overall 0.820984 objective function improvement per frame over 93175 frames
LOG (gmm-est[5.2.132~9-82686]:main():gmm-est.cc:116) GMM update: Overall avg like per frame = -55.3081 over 93175 frames.
LOG (gmm-est[5.2.132~9-82686]:SplitByCount():am-diag-gmm.cc:116) Split 347 states with target = 3000, power = 0.25, perturb_factor = 0.01 and min_count = 20, split #Gauss from 2500 to 3000
LOG (gmm-est[5.2.132~9-82686]:main():gmm-est.cc:146) Written model to exp/tri2b/3.mdl
# Accounting: time=1 threads=1
# Ended (code 0) at Thu Nov  9 17:25:29 NZDT 2017, elapsed time 1 seconds
