# gunzip -c exp/mono/decode/depth_stats_tmp.*.gz | steps/diagnostic/analyze_lattice_depth_stats.py exp/mono/graph 
# Started at Thu Nov  9 17:23:51 NZDT 2017
#
The total amount of data analyzed assuming 100 frames per second is 0.2 hours
Overall, lattice depth (10,50,90-percentile)=(1,2,11) and mean=4.5
Nonsilence phones as a group account for 86.4% of frames, with lattice depth (10,50,90-percentile)=(1,2,10) and mean=4.2
Phone sil accounts for 13.6% of frames, with lattice depth (10,50,90-percentile)=(1,3,14) and mean=5.9
Phone a_E accounts for 7.2% of frames, with lattice depth (10,50,90-percentile)=(1,2,12) and mean=4.9
Phone a_I accounts for 5.2% of frames, with lattice depth (10,50,90-percentile)=(1,2,11) and mean=4.3
Phone aa_I accounts for 4.4% of frames, with lattice depth (10,50,90-percentile)=(1,2,7) and mean=3.3
Phone i_E accounts for 4.1% of frames, with lattice depth (10,50,90-percentile)=(1,2,9) and mean=3.7
Phone t_B accounts for 3.8% of frames, with lattice depth (10,50,90-percentile)=(1,3,12) and mean=4.7
Phone r_I accounts for 3.2% of frames, with lattice depth (10,50,90-percentile)=(1,2,10) and mean=4.1
Phone k_I accounts for 3.1% of frames, with lattice depth (10,50,90-percentile)=(1,1,7) and mean=3.1
Phone m_B accounts for 3.0% of frames, with lattice depth (10,50,90-percentile)=(1,2,9) and mean=4.0
Phone i_I accounts for 2.9% of frames, with lattice depth (10,50,90-percentile)=(1,2,9) and mean=3.7
Phone k_B accounts for 2.7% of frames, with lattice depth (10,50,90-percentile)=(1,2,13) and mean=4.8
Phone t_I accounts for 2.6% of frames, with lattice depth (10,50,90-percentile)=(1,1,6) and mean=3.0
Phone au_E accounts for 2.4% of frames, with lattice depth (10,50,90-percentile)=(1,3,11) and mean=5.4
Phone w_B accounts for 2.3% of frames, with lattice depth (10,50,90-percentile)=(1,2,8) and mean=3.8
Phone m_I accounts for 2.1% of frames, with lattice depth (10,50,90-percentile)=(1,1,8) and mean=3.7
Phone f_B accounts for 2.1% of frames, with lattice depth (10,50,90-percentile)=(1,2,8) and mean=3.4
Phone ae_E accounts for 2.1% of frames, with lattice depth (10,50,90-percentile)=(1,4,10) and mean=5.3
Phone h_I accounts for 1.9% of frames, with lattice depth (10,50,90-percentile)=(1,2,16) and mean=5.6
Phone h_B accounts for 1.9% of frames, with lattice depth (10,50,90-percentile)=(1,3,13) and mean=5.2
Phone o_I accounts for 1.9% of frames, with lattice depth (10,50,90-percentile)=(1,2,13) and mean=5.2
Phone aa_E accounts for 1.9% of frames, with lattice depth (10,50,90-percentile)=(1,2,7) and mean=3.0
Phone u_I accounts for 1.6% of frames, with lattice depth (10,50,90-percentile)=(1,3,9) and mean=4.5
Phone w_I accounts for 1.6% of frames, with lattice depth (10,50,90-percentile)=(1,2,9) and mean=4.0
Phone N_I accounts for 1.6% of frames, with lattice depth (10,50,90-percentile)=(1,3,14) and mean=5.1
Phone n_I accounts for 1.5% of frames, with lattice depth (10,50,90-percentile)=(1,2,8) and mean=3.5
Phone o_E accounts for 1.5% of frames, with lattice depth (10,50,90-percentile)=(1,2,8) and mean=2.9
Phone i_B accounts for 1.3% of frames, with lattice depth (10,50,90-percentile)=(1,3,8) and mean=3.8
Phone a_B accounts for 1.2% of frames, with lattice depth (10,50,90-percentile)=(1,2,13) and mean=5.1
Phone ou_E accounts for 1.1% of frames, with lattice depth (10,50,90-percentile)=(1,3,11) and mean=5.1
Phone e_E accounts for 1.1% of frames, with lattice depth (10,50,90-percentile)=(1,3,17) and mean=6.6
Phone e_I accounts for 1.0% of frames, with lattice depth (10,50,90-percentile)=(1,2,10) and mean=4.0
Phone ei_E accounts for 1.0% of frames, with lattice depth (10,50,90-percentile)=(1,4,14) and mean=5.3
Phone p_B accounts for 1.0% of frames, with lattice depth (10,50,90-percentile)=(1,5,14) and mean=6.1
Phone r_B accounts for 0.8% of frames, with lattice depth (10,50,90-percentile)=(1,4,12) and mean=5.1
Phone ao_E accounts for 0.8% of frames, with lattice depth (10,50,90-percentile)=(1,1,4) and mean=2.0
Phone au_I accounts for 0.8% of frames, with lattice depth (10,50,90-percentile)=(1,1,20) and mean=7.0
Phone ee_E accounts for 0.7% of frames, with lattice depth (10,50,90-percentile)=(2,2,5) and mean=3.1
Phone ai_E accounts for 0.7% of frames, with lattice depth (10,50,90-percentile)=(1,7,20) and mean=7.9
Phone oo_I accounts for 0.7% of frames, with lattice depth (10,50,90-percentile)=(1,1,5) and mean=2.5
Phone u_E accounts for 0.6% of frames, with lattice depth (10,50,90-percentile)=(1,5,14) and mean=6.5
Phone oe_E accounts for 0.6% of frames, with lattice depth (10,50,90-percentile)=(1,2,7) and mean=3.2
Phone e_B accounts for 0.5% of frames, with lattice depth (10,50,90-percentile)=(1,1,4) and mean=2.1
Phone oi_E accounts for 0.5% of frames, with lattice depth (10,50,90-percentile)=(1,1,7) and mean=2.3
# Accounting: time=0 threads=1
# Ended (code 0) at Thu Nov  9 17:23:51 NZDT 2017, elapsed time 0 seconds
