# build-tree --verbose=1 --max-leaves=2000 --cluster-thresh=-1 exp/tri1/treeacc data/lang/phones/roots.int exp/tri1/questions.qst data/lang/topo exp/tri1/tree 
# Started at Thu Nov  9 17:24:07 NZDT 2017
#
build-tree --verbose=1 --max-leaves=2000 --cluster-thresh=-1 exp/tri1/treeacc data/lang/phones/roots.int exp/tri1/questions.qst data/lang/topo exp/tri1/tree 
LOG (build-tree[5.2.132~9-82686]:main():build-tree.cc:100) Number of separate statistics is 1160
LOG (build-tree[5.2.132~9-82686]:BuildTree():build-tree.cc:159) BuildTree: before building trees, map has 30 leaves.
LOG (build-tree[5.2.132~9-82686]:SplitDecisionTree():build-tree-utils.cc:577) DoDecisionTreeSplit: split 282 times, #leaves now 312
LOG (build-tree[5.2.132~9-82686]:BuildTree():build-tree.cc:185) Setting clustering threshold to smallest split 301.315
VLOG[1] (build-tree[5.2.132~9-82686]:BuildTree():build-tree.cc:194) After decision tree split, num-leaves = 312, like-impr = 3.69467 per frame over 93175 frames.
VLOG[1] (build-tree[5.2.132~9-82686]:BuildTree():build-tree.cc:198) Including just phones that were split, improvement is 3.69467 per frame over 93175 frames.
LOG (build-tree[5.2.132~9-82686]:BuildTree():build-tree.cc:213) BuildTree: removed 44 leaves.
VLOG[1] (build-tree[5.2.132~9-82686]:BuildTree():build-tree.cc:220) Objf change due to clustering -0.098103 per frame.
VLOG[1] (build-tree[5.2.132~9-82686]:BuildTree():build-tree.cc:223) Normalizing over only split phones, this is: -0.098103 per frame.
VLOG[1] (build-tree[5.2.132~9-82686]:BuildTree():build-tree.cc:226) Num-leaves is now 268
VLOG[1] (build-tree[5.2.132~9-82686]:main():build-tree.cc:138) For pdf-id 1, low count 0
VLOG[1] (build-tree[5.2.132~9-82686]:main():build-tree.cc:138) For pdf-id 2, low count 56
VLOG[1] (build-tree[5.2.132~9-82686]:main():build-tree.cc:138) For pdf-id 39, low count 81
VLOG[1] (build-tree[5.2.132~9-82686]:main():build-tree.cc:138) For pdf-id 43, low count 78
VLOG[1] (build-tree[5.2.132~9-82686]:main():build-tree.cc:138) For pdf-id 46, low count 48
VLOG[1] (build-tree[5.2.132~9-82686]:main():build-tree.cc:138) For pdf-id 55, low count 80
VLOG[1] (build-tree[5.2.132~9-82686]:main():build-tree.cc:138) For pdf-id 83, low count 67
VLOG[1] (build-tree[5.2.132~9-82686]:main():build-tree.cc:138) For pdf-id 87, low count 75
VLOG[1] (build-tree[5.2.132~9-82686]:main():build-tree.cc:138) For pdf-id 90, low count 60
VLOG[1] (build-tree[5.2.132~9-82686]:main():build-tree.cc:138) For pdf-id 93, low count 87
VLOG[1] (build-tree[5.2.132~9-82686]:main():build-tree.cc:138) For pdf-id 103, low count 69
VLOG[1] (build-tree[5.2.132~9-82686]:main():build-tree.cc:138) For pdf-id 108, low count 76
VLOG[1] (build-tree[5.2.132~9-82686]:main():build-tree.cc:138) For pdf-id 137, low count 84
VLOG[1] (build-tree[5.2.132~9-82686]:main():build-tree.cc:138) For pdf-id 142, low count 93
VLOG[1] (build-tree[5.2.132~9-82686]:main():build-tree.cc:138) For pdf-id 144, low count 57
VLOG[1] (build-tree[5.2.132~9-82686]:main():build-tree.cc:138) For pdf-id 152, low count 97
VLOG[1] (build-tree[5.2.132~9-82686]:main():build-tree.cc:138) For pdf-id 157, low count 63
VLOG[1] (build-tree[5.2.132~9-82686]:main():build-tree.cc:138) For pdf-id 188, low count 98
VLOG[1] (build-tree[5.2.132~9-82686]:main():build-tree.cc:138) For pdf-id 208, low count 36
VLOG[1] (build-tree[5.2.132~9-82686]:main():build-tree.cc:138) For pdf-id 212, low count 64
VLOG[1] (build-tree[5.2.132~9-82686]:main():build-tree.cc:138) For pdf-id 213, low count 80
VLOG[1] (build-tree[5.2.132~9-82686]:main():build-tree.cc:138) For pdf-id 214, low count 93
VLOG[1] (build-tree[5.2.132~9-82686]:main():build-tree.cc:138) For pdf-id 217, low count 69
VLOG[1] (build-tree[5.2.132~9-82686]:main():build-tree.cc:138) For pdf-id 232, low count 64
VLOG[1] (build-tree[5.2.132~9-82686]:main():build-tree.cc:138) For pdf-id 242, low count 85
VLOG[1] (build-tree[5.2.132~9-82686]:main():build-tree.cc:138) For pdf-id 258, low count 89
VLOG[1] (build-tree[5.2.132~9-82686]:main():build-tree.cc:138) For pdf-id 259, low count 90
VLOG[1] (build-tree[5.2.132~9-82686]:main():build-tree.cc:138) For pdf-id 264, low count 85
VLOG[1] (build-tree[5.2.132~9-82686]:main():build-tree.cc:138) For pdf-id 266, low count 78
VLOG[1] (build-tree[5.2.132~9-82686]:main():build-tree.cc:138) For pdf-id 267, low count 74
WARNING (build-tree[5.2.132~9-82686]:main():build-tree.cc:180) Saw no stats for following phones: 2 3 4 5 6 7 8 9 10 12 14 15 18 19 21 22 23 26 27 30 31 34 35 38 39 42 44 46 48 50 51 53 54 58 60 62 66 67 70 74 76 78 79 82 84 86 87 90 91 94 95 98 99 100 102 103 106 110 112 114 115 116 118 120 122 
LOG (build-tree[5.2.132~9-82686]:main():build-tree.cc:184) Wrote tree
# Accounting: time=1 threads=1
# Ended (code 0) at Thu Nov  9 17:24:08 NZDT 2017, elapsed time 1 seconds
