# gmm-init-model --write-occs=exp/tri1/1.occs exp/tri1/tree exp/tri1/treeacc data/lang/topo exp/tri1/1.mdl 
# Started at Thu Nov  9 17:24:08 NZDT 2017
#
gmm-init-model --write-occs=exp/tri1/1.occs exp/tri1/tree exp/tri1/treeacc data/lang/topo exp/tri1/1.mdl 
LOG (gmm-init-model[5.2.132~9-82686]:main():gmm-init-model.cc:271) Number of separate statistics is 1160
WARNING (gmm-init-model[5.2.132~9-82686]:InitAmGmm():gmm-init-model.cc:55) Tree has pdf-id 1 with no stats; corresponding phone list: 6 7 8 9 10 
WARNING (gmm-init-model[5.2.132~9-82686]:InitAmGmm():gmm-init-model.cc:83) Very small count for state 2: 56; corresponding phone list: 11 12 13 14 
WARNING (gmm-init-model[5.2.132~9-82686]:InitAmGmm():gmm-init-model.cc:83) Very small count for state 39: 81; corresponding phone list: 63 64 65 66 
WARNING (gmm-init-model[5.2.132~9-82686]:InitAmGmm():gmm-init-model.cc:83) Very small count for state 43: 78; corresponding phone list: 111 112 113 114 
WARNING (gmm-init-model[5.2.132~9-82686]:InitAmGmm():gmm-init-model.cc:83) Very small count for state 46: 48; corresponding phone list: 119 120 121 122 
WARNING (gmm-init-model[5.2.132~9-82686]:InitAmGmm():gmm-init-model.cc:83) Very small count for state 55: 80; corresponding phone list: 83 84 85 86 
WARNING (gmm-init-model[5.2.132~9-82686]:InitAmGmm():gmm-init-model.cc:83) Very small count for state 83: 67; corresponding phone list: 91 92 93 94 
WARNING (gmm-init-model[5.2.132~9-82686]:InitAmGmm():gmm-init-model.cc:83) Very small count for state 87: 75; corresponding phone list: 43 44 45 46 
WARNING (gmm-init-model[5.2.132~9-82686]:InitAmGmm():gmm-init-model.cc:83) Very small count for state 90: 60; corresponding phone list: 119 120 121 122 
WARNING (gmm-init-model[5.2.132~9-82686]:InitAmGmm():gmm-init-model.cc:83) Very small count for state 93: 87; corresponding phone list: 57 
WARNING (gmm-init-model[5.2.132~9-82686]:InitAmGmm():gmm-init-model.cc:83) Very small count for state 103: 69; corresponding phone list: 59 60 61 62 
WARNING (gmm-init-model[5.2.132~9-82686]:InitAmGmm():gmm-init-model.cc:83) Very small count for state 108: 76; corresponding phone list: 57 58 
WARNING (gmm-init-model[5.2.132~9-82686]:InitAmGmm():gmm-init-model.cc:83) Very small count for state 137: 84; corresponding phone list: 79 80 81 82 
WARNING (gmm-init-model[5.2.132~9-82686]:InitAmGmm():gmm-init-model.cc:83) Very small count for state 142: 93; corresponding phone list: 99 100 101 102 
WARNING (gmm-init-model[5.2.132~9-82686]:InitAmGmm():gmm-init-model.cc:83) Very small count for state 144: 57; corresponding phone list: 47 48 49 50 
WARNING (gmm-init-model[5.2.132~9-82686]:InitAmGmm():gmm-init-model.cc:83) Very small count for state 152: 97; corresponding phone list: 27 28 29 30 
WARNING (gmm-init-model[5.2.132~9-82686]:InitAmGmm():gmm-init-model.cc:83) Very small count for state 157: 63; corresponding phone list: 1 2 3 4 5 
WARNING (gmm-init-model[5.2.132~9-82686]:InitAmGmm():gmm-init-model.cc:83) Very small count for state 188: 98; corresponding phone list: 39 40 41 42 
WARNING (gmm-init-model[5.2.132~9-82686]:InitAmGmm():gmm-init-model.cc:83) Very small count for state 208: 36; corresponding phone list: 83 84 85 86 
WARNING (gmm-init-model[5.2.132~9-82686]:InitAmGmm():gmm-init-model.cc:83) Very small count for state 212: 64; corresponding phone list: 107 108 109 110 
WARNING (gmm-init-model[5.2.132~9-82686]:InitAmGmm():gmm-init-model.cc:83) Very small count for state 213: 80; corresponding phone list: 67 69 70 
WARNING (gmm-init-model[5.2.132~9-82686]:InitAmGmm():gmm-init-model.cc:83) Very small count for state 214: 93; corresponding phone list: 15 17 18 
WARNING (gmm-init-model[5.2.132~9-82686]:InitAmGmm():gmm-init-model.cc:83) Very small count for state 217: 69; corresponding phone list: 67 69 70 
WARNING (gmm-init-model[5.2.132~9-82686]:InitAmGmm():gmm-init-model.cc:83) Very small count for state 232: 64; corresponding phone list: 11 12 13 14 
WARNING (gmm-init-model[5.2.132~9-82686]:InitAmGmm():gmm-init-model.cc:83) Very small count for state 242: 85; corresponding phone list: 39 40 41 42 
WARNING (gmm-init-model[5.2.132~9-82686]:InitAmGmm():gmm-init-model.cc:83) Very small count for state 258: 89; corresponding phone list: 31 32 33 34 
WARNING (gmm-init-model[5.2.132~9-82686]:InitAmGmm():gmm-init-model.cc:83) Very small count for state 259: 90; corresponding phone list: 43 44 45 46 
WARNING (gmm-init-model[5.2.132~9-82686]:InitAmGmm():gmm-init-model.cc:83) Very small count for state 264: 85; corresponding phone list: 39 40 41 42 
WARNING (gmm-init-model[5.2.132~9-82686]:InitAmGmm():gmm-init-model.cc:83) Very small count for state 266: 78; corresponding phone list: 83 84 85 86 
WARNING (gmm-init-model[5.2.132~9-82686]:InitAmGmm():gmm-init-model.cc:83) Very small count for state 267: 74; corresponding phone list: 35 36 37 38 
LOG (gmm-init-model[5.2.132~9-82686]:main():gmm-init-model.cc:306) Wrote model.
# Accounting: time=0 threads=1
# Ended (code 0) at Thu Nov  9 17:24:08 NZDT 2017, elapsed time 0 seconds
