# gmm-est --mix-up=10000 --power=0.25 --write-occs=exp/tri1/29.occs exp/tri1/28.mdl "gmm-sum-accs - exp/tri1/28.*.acc |" exp/tri1/29.mdl 
# Started at Thu Nov  9 17:24:33 NZDT 2017
#
gmm-est --mix-up=10000 --power=0.25 --write-occs=exp/tri1/29.occs exp/tri1/28.mdl 'gmm-sum-accs - exp/tri1/28.*.acc |' exp/tri1/29.mdl 
gmm-sum-accs - exp/tri1/28.1.acc exp/tri1/28.2.acc exp/tri1/28.3.acc exp/tri1/28.4.acc 
LOG (gmm-sum-accs[5.2.132~9-82686]:main():gmm-sum-accs.cc:63) Summed 4 stats, total count 93175, avg like/frame 26.1863
LOG (gmm-sum-accs[5.2.132~9-82686]:main():gmm-sum-accs.cc:66) Total count of stats is 93175
LOG (gmm-sum-accs[5.2.132~9-82686]:main():gmm-sum-accs.cc:67) Written stats to -
LOG (gmm-est[5.2.132~9-82686]:MleUpdate():transition-model.cc:517) TransitionModel::Update, objf change is 0 per frame over 93175 frames. 
LOG (gmm-est[5.2.132~9-82686]:MleUpdate():transition-model.cc:520) 40 probabilities floored, 750 out of 1134 transition-states skipped due to insuffient data (it is normal to have some skipped.)
LOG (gmm-est[5.2.132~9-82686]:main():gmm-est.cc:102) Transition model update: Overall 0 log-like improvement per frame over 93175 frames.
WARNING (gmm-est[5.2.132~9-82686]:MleDiagGmmUpdate():mle-diag-gmm.cc:359) Too little data - removing Gaussian (weight 0.004284, occupation count 9.262200, vector size 39)
WARNING (gmm-est[5.2.132~9-82686]:MleDiagGmmUpdate():mle-diag-gmm.cc:365) Gaussian has too little data but not removing it because it is the last Gaussian: i = 0, occ = 0, weight = 1
LOG (gmm-est[5.2.132~9-82686]:MleAmDiagGmmUpdate():mle-am-diag-gmm.cc:225) 17320 variance elements floored in 4059 Gaussians, out of 4543
LOG (gmm-est[5.2.132~9-82686]:MleAmDiagGmmUpdate():mle-am-diag-gmm.cc:229) Removed 1 Gaussians due to counts < --min-gaussian-occupancy=10 and --remove-low-count-gaussians=true
LOG (gmm-est[5.2.132~9-82686]:main():gmm-est.cc:113) GMM update: Overall 0.00518793 objective function improvement per frame over 93175 frames
LOG (gmm-est[5.2.132~9-82686]:main():gmm-est.cc:116) GMM update: Overall avg like per frame = 26.1863 over 93175 frames.
WARNING (gmm-est[5.2.132~9-82686]:GetSplitTargets():model-common.cc:134) Could not split up to 10000 due to min-count = 20 (or no counts at all)
LOG (gmm-est[5.2.132~9-82686]:SplitByCount():am-diag-gmm.cc:116) Split 268 states with target = 10000, power = 0.25, perturb_factor = 0.01 and min_count = 20, split #Gauss from 4543 to 4544
LOG (gmm-est[5.2.132~9-82686]:main():gmm-est.cc:146) Written model to exp/tri1/29.mdl
# Accounting: time=0 threads=1
# Ended (code 0) at Thu Nov  9 17:24:33 NZDT 2017, elapsed time 0 seconds
