# gunzip -c exp/tri4b/decode/depth_stats_tmp.*.gz | steps/diagnostic/analyze_lattice_depth_stats.py exp/tri4b/graph 
# Started at Thu Nov  9 17:33:46 NZDT 2017
#
The total amount of data analyzed assuming 100 frames per second is 0.2 hours
Overall, lattice depth (10,50,90-percentile)=(1,1,2) and mean=1.4
Nonsilence phones as a group account for 86.3% of frames, with lattice depth (10,50,90-percentile)=(1,1,2) and mean=1.3
Phone sil accounts for 13.7% of frames, with lattice depth (10,50,90-percentile)=(1,1,3) and mean=1.7
Phone a_E accounts for 7.3% of frames, with lattice depth (10,50,90-percentile)=(1,1,2) and mean=1.4
Phone a_I accounts for 4.9% of frames, with lattice depth (10,50,90-percentile)=(1,1,2) and mean=1.2
Phone i_E accounts for 4.1% of frames, with lattice depth (10,50,90-percentile)=(1,1,1) and mean=1.2
Phone t_B accounts for 3.9% of frames, with lattice depth (10,50,90-percentile)=(1,1,2) and mean=1.3
Phone aa_I accounts for 3.9% of frames, with lattice depth (10,50,90-percentile)=(1,1,2) and mean=1.3
Phone r_I accounts for 3.4% of frames, with lattice depth (10,50,90-percentile)=(1,1,2) and mean=1.3
Phone k_I accounts for 3.1% of frames, with lattice depth (10,50,90-percentile)=(1,1,1) and mean=1.2
Phone m_B accounts for 3.0% of frames, with lattice depth (10,50,90-percentile)=(1,1,2) and mean=1.3
Phone i_I accounts for 2.8% of frames, with lattice depth (10,50,90-percentile)=(1,1,1) and mean=1.2
Phone k_B accounts for 2.6% of frames, with lattice depth (10,50,90-percentile)=(1,1,2) and mean=1.3
Phone t_I accounts for 2.6% of frames, with lattice depth (10,50,90-percentile)=(1,1,2) and mean=1.2
Phone w_B accounts for 2.5% of frames, with lattice depth (10,50,90-percentile)=(1,1,2) and mean=1.3
Phone au_E accounts for 2.4% of frames, with lattice depth (10,50,90-percentile)=(1,1,3) and mean=1.5
Phone f_B accounts for 2.3% of frames, with lattice depth (10,50,90-percentile)=(1,1,2) and mean=1.2
Phone m_I accounts for 2.1% of frames, with lattice depth (10,50,90-percentile)=(1,1,1) and mean=1.1
Phone h_I accounts for 1.9% of frames, with lattice depth (10,50,90-percentile)=(1,1,1) and mean=1.3
Phone aa_E accounts for 1.8% of frames, with lattice depth (10,50,90-percentile)=(1,1,2) and mean=1.3
Phone N_I accounts for 1.8% of frames, with lattice depth (10,50,90-percentile)=(1,1,2) and mean=1.5
Phone o_I accounts for 1.7% of frames, with lattice depth (10,50,90-percentile)=(1,1,2) and mean=1.4
Phone n_I accounts for 1.7% of frames, with lattice depth (10,50,90-percentile)=(1,1,2) and mean=1.3
Phone ae_E accounts for 1.6% of frames, with lattice depth (10,50,90-percentile)=(1,1,3) and mean=1.4
Phone u_I accounts for 1.6% of frames, with lattice depth (10,50,90-percentile)=(1,1,2) and mean=1.3
Phone o_E accounts for 1.5% of frames, with lattice depth (10,50,90-percentile)=(1,1,2) and mean=1.3
Phone h_B accounts for 1.5% of frames, with lattice depth (10,50,90-percentile)=(1,1,2) and mean=1.4
Phone w_I accounts for 1.4% of frames, with lattice depth (10,50,90-percentile)=(1,1,2) and mean=1.7
Phone i_B accounts for 1.3% of frames, with lattice depth (10,50,90-percentile)=(1,1,2) and mean=1.5
Phone p_B accounts for 1.2% of frames, with lattice depth (10,50,90-percentile)=(1,1,3) and mean=1.8
Phone e_I accounts for 1.1% of frames, with lattice depth (10,50,90-percentile)=(1,1,1) and mean=1.2
Phone ao_E accounts for 1.1% of frames, with lattice depth (10,50,90-percentile)=(1,1,2) and mean=1.3
Phone ou_E accounts for 1.0% of frames, with lattice depth (10,50,90-percentile)=(1,1,2) and mean=1.4
Phone a_B accounts for 0.9% of frames, with lattice depth (10,50,90-percentile)=(1,1,3) and mean=1.4
Phone r_B accounts for 0.9% of frames, with lattice depth (10,50,90-percentile)=(1,1,2) and mean=1.5
Phone ai_E accounts for 0.8% of frames, with lattice depth (10,50,90-percentile)=(1,1,3) and mean=1.9
Phone u_E accounts for 0.8% of frames, with lattice depth (10,50,90-percentile)=(1,1,2) and mean=1.3
Phone e_E accounts for 0.8% of frames, with lattice depth (10,50,90-percentile)=(1,1,2) and mean=1.2
Phone ee_E accounts for 0.8% of frames, with lattice depth (10,50,90-percentile)=(1,1,2) and mean=1.2
Phone ei_E accounts for 0.8% of frames, with lattice depth (10,50,90-percentile)=(1,1,2) and mean=1.3
Phone oi_E accounts for 0.7% of frames, with lattice depth (10,50,90-percentile)=(1,1,2) and mean=1.3
Phone oo_I accounts for 0.7% of frames, with lattice depth (10,50,90-percentile)=(1,1,1) and mean=1.1
Phone oe_E accounts for 0.6% of frames, with lattice depth (10,50,90-percentile)=(1,1,3) and mean=1.8
Phone au_I accounts for 0.6% of frames, with lattice depth (10,50,90-percentile)=(1,1,1) and mean=1.3
Phone ii_E accounts for 0.6% of frames, with lattice depth (10,50,90-percentile)=(1,1,2) and mean=1.7
Phone e_B accounts for 0.6% of frames, with lattice depth (10,50,90-percentile)=(1,1,1) and mean=1.2
# Accounting: time=0 threads=1
# Ended (code 0) at Thu Nov  9 17:33:46 NZDT 2017, elapsed time 0 seconds
