# gunzip -c exp/tri3b/decode.si/depth_stats_tmp.*.gz | steps/diagnostic/analyze_lattice_depth_stats.py exp/tri3b/graph 
# Started at Thu Nov  9 13:53:06 NZDT 2017
#
The total amount of data analyzed assuming 100 frames per second is 0.2 hours
Overall, lattice depth (10,50,90-percentile)=(1,1,4) and mean=2.1
Nonsilence phones as a group account for 85.1% of frames, with lattice depth (10,50,90-percentile)=(1,1,4) and mean=1.9
Phone sil accounts for 14.9% of frames, with lattice depth (10,50,90-percentile)=(1,2,6) and mean=2.9
Phone a_E accounts for 6.8% of frames, with lattice depth (10,50,90-percentile)=(1,1,4) and mean=2.0
Phone a_I accounts for 4.7% of frames, with lattice depth (10,50,90-percentile)=(1,1,3) and mean=1.6
Phone t_B accounts for 3.8% of frames, with lattice depth (10,50,90-percentile)=(1,1,5) and mean=2.0
Phone aa_I accounts for 3.8% of frames, with lattice depth (10,50,90-percentile)=(1,1,3) and mean=1.6
Phone i_E accounts for 3.6% of frames, with lattice depth (10,50,90-percentile)=(1,1,2) and mean=1.4
Phone r_I accounts for 3.6% of frames, with lattice depth (10,50,90-percentile)=(1,1,3) and mean=1.7
Phone m_B accounts for 3.2% of frames, with lattice depth (10,50,90-percentile)=(1,1,3) and mean=1.8
Phone k_I accounts for 3.0% of frames, with lattice depth (10,50,90-percentile)=(1,1,2) and mean=1.4
Phone i_I accounts for 2.9% of frames, with lattice depth (10,50,90-percentile)=(1,1,3) and mean=1.7
Phone k_B accounts for 2.7% of frames, with lattice depth (10,50,90-percentile)=(1,1,4) and mean=1.9
Phone t_I accounts for 2.7% of frames, with lattice depth (10,50,90-percentile)=(1,1,3) and mean=1.5
Phone w_B accounts for 2.4% of frames, with lattice depth (10,50,90-percentile)=(1,1,4) and mean=1.9
Phone f_B accounts for 2.3% of frames, with lattice depth (10,50,90-percentile)=(1,1,4) and mean=1.8
Phone m_I accounts for 2.1% of frames, with lattice depth (10,50,90-percentile)=(1,1,3) and mean=1.6
Phone au_E accounts for 2.1% of frames, with lattice depth (10,50,90-percentile)=(1,1,6) and mean=2.6
Phone aa_E accounts for 2.0% of frames, with lattice depth (10,50,90-percentile)=(1,1,6) and mean=2.3
Phone h_I accounts for 1.9% of frames, with lattice depth (10,50,90-percentile)=(1,1,3) and mean=1.7
Phone N_I accounts for 1.8% of frames, with lattice depth (10,50,90-percentile)=(1,1,5) and mean=2.3
Phone n_I accounts for 1.7% of frames, with lattice depth (10,50,90-percentile)=(1,1,4) and mean=1.8
Phone o_I accounts for 1.7% of frames, with lattice depth (10,50,90-percentile)=(1,1,3) and mean=1.8
Phone ae_E accounts for 1.6% of frames, with lattice depth (10,50,90-percentile)=(1,1,6) and mean=2.6
Phone o_E accounts for 1.6% of frames, with lattice depth (10,50,90-percentile)=(1,1,3) and mean=2.0
Phone u_I accounts for 1.5% of frames, with lattice depth (10,50,90-percentile)=(1,1,3) and mean=1.7
Phone h_B accounts for 1.4% of frames, with lattice depth (10,50,90-percentile)=(1,1,4) and mean=2.4
Phone w_I accounts for 1.3% of frames, with lattice depth (10,50,90-percentile)=(1,1,4) and mean=2.2
Phone e_I accounts for 1.2% of frames, with lattice depth (10,50,90-percentile)=(1,1,4) and mean=1.9
Phone p_B accounts for 1.1% of frames, with lattice depth (10,50,90-percentile)=(1,3,7) and mean=3.2
Phone ao_E accounts for 1.1% of frames, with lattice depth (10,50,90-percentile)=(1,1,4) and mean=2.0
Phone i_B accounts for 1.1% of frames, with lattice depth (10,50,90-percentile)=(1,1,3) and mean=1.8
Phone ai_E accounts for 1.1% of frames, with lattice depth (10,50,90-percentile)=(1,3,7) and mean=3.9
Phone e_E accounts for 1.0% of frames, with lattice depth (10,50,90-percentile)=(1,1,5) and mean=2.8
Phone a_B accounts for 0.9% of frames, with lattice depth (10,50,90-percentile)=(1,1,5) and mean=2.2
Phone r_B accounts for 0.8% of frames, with lattice depth (10,50,90-percentile)=(1,1,5) and mean=2.2
Phone u_E accounts for 0.8% of frames, with lattice depth (10,50,90-percentile)=(1,1,6) and mean=2.2
Phone ee_E accounts for 0.8% of frames, with lattice depth (10,50,90-percentile)=(1,2,5) and mean=2.6
Phone ei_E accounts for 0.8% of frames, with lattice depth (10,50,90-percentile)=(1,2,4) and mean=1.9
Phone oo_I accounts for 0.8% of frames, with lattice depth (10,50,90-percentile)=(1,1,2) and mean=1.4
Phone oi_E accounts for 0.8% of frames, with lattice depth (10,50,90-percentile)=(1,1,4) and mean=2.0
Phone au_I accounts for 0.7% of frames, with lattice depth (10,50,90-percentile)=(1,1,4) and mean=2.2
Phone oe_E accounts for 0.7% of frames, with lattice depth (10,50,90-percentile)=(1,2,3) and mean=1.9
Phone ou_E accounts for 0.7% of frames, with lattice depth (10,50,90-percentile)=(1,2,4) and mean=2.1
Phone e_B accounts for 0.5% of frames, with lattice depth (10,50,90-percentile)=(1,1,2) and mean=1.4
# Accounting: time=0 threads=1
# Ended (code 0) at Thu Nov  9 13:53:06 NZDT 2017, elapsed time 0 seconds
