# compute-plp-feats --verbose=2 --config=conf/plp.conf scp,p:exp/make_plp/train/wav_train.2.scp ark:- | copy-feats --compress=true ark:- ark,scp:/home/lingfeng/kaldi/egs/digits24/plp/raw_plp_train.2.ark,/home/lingfeng/kaldi/egs/digits24/plp/raw_plp_train.2.scp 
# Started at Thu Nov  9 17:22:19 NZDT 2017
#
copy-feats --compress=true ark:- ark,scp:/home/lingfeng/kaldi/egs/digits24/plp/raw_plp_train.2.ark,/home/lingfeng/kaldi/egs/digits24/plp/raw_plp_train.2.scp 
compute-plp-feats --verbose=2 --config=conf/plp.conf scp,p:exp/make_plp/train/wav_train.2.scp ark:- 
VLOG[2] (compute-plp-feats[5.2.132~9-82686]:main():compute-plp-feats.cc:173) Processed features for key f005_oldfemale-word-tü-R005M
VLOG[2] (compute-plp-feats[5.2.132~9-82686]:main():compute-plp-feats.cc:173) Processed features for key f005_oldfemale-word-wairua-R005M-06
VLOG[2] (compute-plp-feats[5.2.132~9-82686]:main():compute-plp-feats.cc:173) Processed features for key f005_oldfemale-word-waka-R005M-12
VLOG[2] (compute-plp-feats[5.2.132~9-82686]:main():compute-plp-feats.cc:173) Processed features for key f005_oldfemale-word-waru-R005M-02
VLOG[2] (compute-plp-feats[5.2.132~9-82686]:main():compute-plp-feats.cc:173) Processed features for key f005_oldfemale-word-waru-R005M-07
VLOG[2] (compute-plp-feats[5.2.132~9-82686]:main():compute-plp-feats.cc:173) Processed features for key f005_oldfemale-word-whare-R005M-10
VLOG[2] (compute-plp-feats[5.2.132~9-82686]:main():compute-plp-feats.cc:173) Processed features for key f005_oldfemale-word-whare-R005M-12
VLOG[2] (compute-plp-feats[5.2.132~9-82686]:main():compute-plp-feats.cc:173) Processed features for key f005_oldfemale-word-wä-R005M-03
VLOG[2] (compute-plp-feats[5.2.132~9-82686]:main():compute-plp-feats.cc:173) Processed features for key f005_oldfemale-word-wä-R005M-04
LOG (compute-plp-feats[5.2.132~9-82686]:main():compute-plp-feats.cc:172) Processed 10 utterances
VLOG[2] (compute-plp-feats[5.2.132~9-82686]:main():compute-plp-feats.cc:173) Processed features for key f005_oldfemale-word-wä-R005M-05
VLOG[2] (compute-plp-feats[5.2.132~9-82686]:main():compute-plp-feats.cc:173) Processed features for key f005_oldfemale-word-wä-R005M-09
VLOG[2] (compute-plp-feats[5.2.132~9-82686]:main():compute-plp-feats.cc:173) Processed features for key f006_oldfemale-word-aroha-R006M-03
VLOG[2] (compute-plp-feats[5.2.132~9-82686]:main():compute-plp-feats.cc:173) Processed features for key f006_oldfemale-word-aroha-R006M-04
VLOG[2] (compute-plp-feats[5.2.132~9-82686]:main():compute-plp-feats.cc:173) Processed features for key f006_oldfemale-word-awa-R006M-01a
VLOG[2] (compute-plp-feats[5.2.132~9-82686]:main():compute-plp-feats.cc:173) Processed features for key f006_oldfemale-word-awa-R006M-01b
VLOG[2] (compute-plp-feats[5.2.132~9-82686]:main():compute-plp-feats.cc:173) Processed features for key f006_oldfemale-word-e_noho-R006M-01
VLOG[2] (compute-plp-feats[5.2.132~9-82686]:main():compute-plp-feats.cc:173) Processed features for key f006_oldfemale-word-e_noho-R006M-03
VLOG[2] (compute-plp-feats[5.2.132~9-82686]:main():compute-plp-feats.cc:173) Processed features for key f006_oldfemale-word-haere_mai-R006M-02
VLOG[2] (compute-plp-feats[5.2.132~9-82686]:main():compute-plp-feats.cc:173) Processed features for key f006_oldfemale-word-haere_mai-R006M-04a
LOG (compute-plp-feats[5.2.132~9-82686]:main():compute-plp-feats.cc:172) Processed 20 utterances
VLOG[2] (compute-plp-feats[5.2.132~9-82686]:main():compute-plp-feats.cc:173) Processed features for key f006_oldfemale-word-haere_mai-R006M-04b
VLOG[2] (compute-plp-feats[5.2.132~9-82686]:main():compute-plp-feats.cc:173) Processed features for key f006_oldfemale-word-haere_mai-R006M-04c
VLOG[2] (compute-plp-feats[5.2.132~9-82686]:main():compute-plp-feats.cc:173) Processed features for key f006_oldfemale-word-haere_mai-R006M-04d1
VLOG[2] (compute-plp-feats[5.2.132~9-82686]:main():compute-plp-feats.cc:173) Processed features for key f006_oldfemale-word-haere_mai-R006M-04d2
VLOG[2] (compute-plp-feats[5.2.132~9-82686]:main():compute-plp-feats.cc:173) Processed features for key f006_oldfemale-word-haere_mai-R006M-04e
VLOG[2] (compute-plp-feats[5.2.132~9-82686]:main():compute-plp-feats.cc:173) Processed features for key f006_oldfemale-word-haere_mai-R006M-10a
VLOG[2] (compute-plp-feats[5.2.132~9-82686]:main():compute-plp-feats.cc:173) Processed features for key f006_oldfemale-word-haere_mai-R006M-10b
VLOG[2] (compute-plp-feats[5.2.132~9-82686]:main():compute-plp-feats.cc:173) Processed features for key f006_oldfemale-word-haere_mai-R006M-11
VLOG[2] (compute-plp-feats[5.2.132~9-82686]:main():compute-plp-feats.cc:173) Processed features for key f006_oldfemale-word-haere_mai-R006M-12
VLOG[2] (compute-plp-feats[5.2.132~9-82686]:main():compute-plp-feats.cc:173) Processed features for key f006_oldfemale-word-hau-R006M
LOG (compute-plp-feats[5.2.132~9-82686]:main():compute-plp-feats.cc:172) Processed 30 utterances
VLOG[2] (compute-plp-feats[5.2.132~9-82686]:main():compute-plp-feats.cc:173) Processed features for key f006_oldfemale-word-hei-R006M
VLOG[2] (compute-plp-feats[5.2.132~9-82686]:main():compute-plp-feats.cc:173) Processed features for key f006_oldfemale-word-hoe-R006M
VLOG[2] (compute-plp-feats[5.2.132~9-82686]:main():compute-plp-feats.cc:173) Processed features for key f006_oldfemale-word-hoihoi-R006M
VLOG[2] (compute-plp-feats[5.2.132~9-82686]:main():compute-plp-feats.cc:173) Processed features for key f006_oldfemale-word-hou-R006M
VLOG[2] (compute-plp-feats[5.2.132~9-82686]:main():compute-plp-feats.cc:173) Processed features for key f006_oldfemale-word-hë-R006M
VLOG[2] (compute-plp-feats[5.2.132~9-82686]:main():compute-plp-feats.cc:173) Processed features for key f006_oldfemale-word-hï-R006M
VLOG[2] (compute-plp-feats[5.2.132~9-82686]:main():compute-plp-feats.cc:173) Processed features for key f006_oldfemale-word-iwa-R006M-05
VLOG[2] (compute-plp-feats[5.2.132~9-82686]:main():compute-plp-feats.cc:173) Processed features for key f006_oldfemale-word-iwi-R006M-03
VLOG[2] (compute-plp-feats[5.2.132~9-82686]:main():compute-plp-feats.cc:173) Processed features for key f006_oldfemale-word-karakia-R006M-01
VLOG[2] (compute-plp-feats[5.2.132~9-82686]:main():compute-plp-feats.cc:173) Processed features for key f006_oldfemale-word-kaumätua-R006M-06
LOG (compute-plp-feats[5.2.132~9-82686]:main():compute-plp-feats.cc:172) Processed 40 utterances
VLOG[2] (compute-plp-feats[5.2.132~9-82686]:main():compute-plp-feats.cc:173) Processed features for key f006_oldfemale-word-kaumätua-R006M-12
VLOG[2] (compute-plp-feats[5.2.132~9-82686]:main():compute-plp-feats.cc:173) Processed features for key f006_oldfemale-word-kei-R006M
VLOG[2] (compute-plp-feats[5.2.132~9-82686]:main():compute-plp-feats.cc:173) Processed features for key f006_oldfemale-word-kete-R006M-04
VLOG[2] (compute-plp-feats[5.2.132~9-82686]:main():compute-plp-feats.cc:173) Processed features for key f006_oldfemale-word-kia_ora-R006M-07
VLOG[2] (compute-plp-feats[5.2.132~9-82686]:main():compute-plp-feats.cc:173) Processed features for key f006_oldfemale-word-kia_ora-R006M-08a
VLOG[2] (compute-plp-feats[5.2.132~9-82686]:main():compute-plp-feats.cc:173) Processed features for key f006_oldfemale-word-kia_ora-R006M-08b
VLOG[2] (compute-plp-feats[5.2.132~9-82686]:main():compute-plp-feats.cc:173) Processed features for key f006_oldfemale-word-kia_ora-R006M-08c
VLOG[2] (compute-plp-feats[5.2.132~9-82686]:main():compute-plp-feats.cc:173) Processed features for key f006_oldfemale-word-käinga-R006M-04a
VLOG[2] (compute-plp-feats[5.2.132~9-82686]:main():compute-plp-feats.cc:173) Processed features for key f006_oldfemale-word-käinga-R006M-04b
VLOG[2] (compute-plp-feats[5.2.132~9-82686]:main():compute-plp-feats.cc:173) Processed features for key f006_oldfemale-word-käinga-R006M-04c
LOG (compute-plp-feats[5.2.132~9-82686]:main():compute-plp-feats.cc:172) Processed 50 utterances
VLOG[2] (compute-plp-feats[5.2.132~9-82686]:main():compute-plp-feats.cc:173) Processed features for key f006_oldfemale-word-käinga-R006M-05
VLOG[2] (compute-plp-feats[5.2.132~9-82686]:main():compute-plp-feats.cc:173) Processed features for key f006_oldfemale-word-käinga-R006M-10
VLOG[2] (compute-plp-feats[5.2.132~9-82686]:main():compute-plp-feats.cc:173) Processed features for key f006_oldfemale-word-käinga-R006M-11a
VLOG[2] (compute-plp-feats[5.2.132~9-82686]:main():compute-plp-feats.cc:173) Processed features for key f006_oldfemale-word-käinga-R006M-11b
VLOG[2] (compute-plp-feats[5.2.132~9-82686]:main():compute-plp-feats.cc:173) Processed features for key f006_oldfemale-word-käinga-R006M-12a
VLOG[2] (compute-plp-feats[5.2.132~9-82686]:main():compute-plp-feats.cc:173) Processed features for key f006_oldfemale-word-käinga-R006M-12b1
VLOG[2] (compute-plp-feats[5.2.132~9-82686]:main():compute-plp-feats.cc:173) Processed features for key f006_oldfemale-word-käinga-R006M-12b2
VLOG[2] (compute-plp-feats[5.2.132~9-82686]:main():compute-plp-feats.cc:173) Processed features for key f006_oldfemale-word-kë-R006M
VLOG[2] (compute-plp-feats[5.2.132~9-82686]:main():compute-plp-feats.cc:173) Processed features for key f006_oldfemale-word-kï-R006M
VLOG[2] (compute-plp-feats[5.2.132~9-82686]:main():compute-plp-feats.cc:173) Processed features for key f006_oldfemale-word-körero-R006M-03
LOG (compute-plp-feats[5.2.132~9-82686]:main():compute-plp-feats.cc:172) Processed 60 utterances
VLOG[2] (compute-plp-feats[5.2.132~9-82686]:main():compute-plp-feats.cc:173) Processed features for key f006_oldfemale-word-körero-R006M-04
VLOG[2] (compute-plp-feats[5.2.132~9-82686]:main():compute-plp-feats.cc:173) Processed features for key f006_oldfemale-word-körero-R006M-07
VLOG[2] (compute-plp-feats[5.2.132~9-82686]:main():compute-plp-feats.cc:173) Processed features for key f006_oldfemale-word-körero-R006M-10
VLOG[2] (compute-plp-feats[5.2.132~9-82686]:main():compute-plp-feats.cc:173) Processed features for key f006_oldfemale-word-körero-R006M-11
VLOG[2] (compute-plp-feats[5.2.132~9-82686]:main():compute-plp-feats.cc:173) Processed features for key f006_oldfemale-word-körero-R006M-12
VLOG[2] (compute-plp-feats[5.2.132~9-82686]:main():compute-plp-feats.cc:173) Processed features for key f006_oldfemale-word-mao-R006M
VLOG[2] (compute-plp-feats[5.2.132~9-82686]:main():compute-plp-feats.cc:173) Processed features for key f006_oldfemale-word-marae-R006M-03
VLOG[2] (compute-plp-feats[5.2.132~9-82686]:main():compute-plp-feats.cc:173) Processed features for key f006_oldfemale-word-marae-R006M-06
VLOG[2] (compute-plp-feats[5.2.132~9-82686]:main():compute-plp-feats.cc:173) Processed features for key f006_oldfemale-word-marae-R006M-09
VLOG[2] (compute-plp-feats[5.2.132~9-82686]:main():compute-plp-feats.cc:173) Processed features for key f006_oldfemale-word-matariki-R006M-01
LOG (compute-plp-feats[5.2.132~9-82686]:main():compute-plp-feats.cc:172) Processed 70 utterances
VLOG[2] (compute-plp-feats[5.2.132~9-82686]:main():compute-plp-feats.cc:173) Processed features for key f006_oldfemale-word-matiu-R006M
VLOG[2] (compute-plp-feats[5.2.132~9-82686]:main():compute-plp-feats.cc:173) Processed features for key f006_oldfemale-word-mau-R006M
VLOG[2] (compute-plp-feats[5.2.132~9-82686]:main():compute-plp-feats.cc:173) Processed features for key f006_oldfemale-word-moana-R006M-07
VLOG[2] (compute-plp-feats[5.2.132~9-82686]:main():compute-plp-feats.cc:173) Processed features for key f006_oldfemale-word-moana-R006M-08a
VLOG[2] (compute-plp-feats[5.2.132~9-82686]:main():compute-plp-feats.cc:173) Processed features for key f006_oldfemale-word-moana-R006M-08b
VLOG[2] (compute-plp-feats[5.2.132~9-82686]:main():compute-plp-feats.cc:173) Processed features for key f006_oldfemale-word-moana-R006M-09a
VLOG[2] (compute-plp-feats[5.2.132~9-82686]:main():compute-plp-feats.cc:173) Processed features for key f006_oldfemale-word-moana-R006M-09b
VLOG[2] (compute-plp-feats[5.2.132~9-82686]:main():compute-plp-feats.cc:173) Processed features for key f006_oldfemale-word-moana-R006M-09c
VLOG[2] (compute-plp-feats[5.2.132~9-82686]:main():compute-plp-feats.cc:173) Processed features for key f006_oldfemale-word-moana-R006M-09d
VLOG[2] (compute-plp-feats[5.2.132~9-82686]:main():compute-plp-feats.cc:173) Processed features for key f006_oldfemale-word-moana-R006M-09e
LOG (compute-plp-feats[5.2.132~9-82686]:main():compute-plp-feats.cc:172) Processed 80 utterances
VLOG[2] (compute-plp-feats[5.2.132~9-82686]:main():compute-plp-feats.cc:173) Processed features for key f006_oldfemale-word-moana-R006M-10
VLOG[2] (compute-plp-feats[5.2.132~9-82686]:main():compute-plp-feats.cc:173) Processed features for key f006_oldfemale-word-mokopuna-R006M-08
VLOG[2] (compute-plp-feats[5.2.132~9-82686]:main():compute-plp-feats.cc:173) Processed features for key f006_oldfemale-word-moutere-R006M
VLOG[2] (compute-plp-feats[5.2.132~9-82686]:main():compute-plp-feats.cc:173) Processed features for key f006_oldfemale-word-mäori-R006M-12
VLOG[2] (compute-plp-feats[5.2.132~9-82686]:main():compute-plp-feats.cc:173) Processed features for key f006_oldfemale-word-mätao-R006M
VLOG[2] (compute-plp-feats[5.2.132~9-82686]:main():compute-plp-feats.cc:173) Processed features for key f006_oldfemale-word-mätau-R006M
VLOG[2] (compute-plp-feats[5.2.132~9-82686]:main():compute-plp-feats.cc:173) Processed features for key f006_oldfemale-word-mätou-R006M
VLOG[2] (compute-plp-feats[5.2.132~9-82686]:main():compute-plp-feats.cc:173) Processed features for key f006_oldfemale-word-pae-R006M
VLOG[2] (compute-plp-feats[5.2.132~9-82686]:main():compute-plp-feats.cc:173) Processed features for key f006_oldfemale-word-pai-R006M
VLOG[2] (compute-plp-feats[5.2.132~9-82686]:main():compute-plp-feats.cc:173) Processed features for key f006_oldfemale-word-pao-R006M
LOG (compute-plp-feats[5.2.132~9-82686]:main():compute-plp-feats.cc:172) Processed 90 utterances
VLOG[2] (compute-plp-feats[5.2.132~9-82686]:main():compute-plp-feats.cc:173) Processed features for key f006_oldfemale-word-pau-R006M
VLOG[2] (compute-plp-feats[5.2.132~9-82686]:main():compute-plp-feats.cc:173) Processed features for key f006_oldfemale-word-pou-R006M
VLOG[2] (compute-plp-feats[5.2.132~9-82686]:main():compute-plp-feats.cc:173) Processed features for key f006_oldfemale-word-rua-R006M-02
VLOG[2] (compute-plp-feats[5.2.132~9-82686]:main():compute-plp-feats.cc:173) Processed features for key f006_oldfemale-word-rua-R006M-03
VLOG[2] (compute-plp-feats[5.2.132~9-82686]:main():compute-plp-feats.cc:173) Processed features for key f006_oldfemale-word-tae-R006M
VLOG[2] (compute-plp-feats[5.2.132~9-82686]:main():compute-plp-feats.cc:173) Processed features for key f006_oldfemale-word-tahi-R006M-03
VLOG[2] (compute-plp-feats[5.2.132~9-82686]:main():compute-plp-feats.cc:173) Processed features for key f006_oldfemale-word-tahi-R006M-04
VLOG[2] (compute-plp-feats[5.2.132~9-82686]:main():compute-plp-feats.cc:173) Processed features for key f006_oldfemale-word-tahi-R006M-10
VLOG[2] (compute-plp-feats[5.2.132~9-82686]:main():compute-plp-feats.cc:173) Processed features for key f006_oldfemale-word-tai-R006M
VLOG[2] (compute-plp-feats[5.2.132~9-82686]:main():compute-plp-feats.cc:173) Processed features for key f006_oldfemale-word-tamariki-R006M-01a
LOG (compute-plp-feats[5.2.132~9-82686]:main():compute-plp-feats.cc:172) Processed 100 utterances
VLOG[2] (compute-plp-feats[5.2.132~9-82686]:main():compute-plp-feats.cc:173) Processed features for key f006_oldfemale-word-tamariki-R006M-01b
VLOG[2] (compute-plp-feats[5.2.132~9-82686]:main():compute-plp-feats.cc:173) Processed features for key f006_oldfemale-word-tamariki-R006M-04a
VLOG[2] (compute-plp-feats[5.2.132~9-82686]:main():compute-plp-feats.cc:173) Processed features for key f006_oldfemale-word-tamariki-R006M-04b
VLOG[2] (compute-plp-feats[5.2.132~9-82686]:main():compute-plp-feats.cc:173) Processed features for key f006_oldfemale-word-tamariki-R006M-05
VLOG[2] (compute-plp-feats[5.2.132~9-82686]:main():compute-plp-feats.cc:173) Processed features for key f006_oldfemale-word-tangi-R006M-01
VLOG[2] (compute-plp-feats[5.2.132~9-82686]:main():compute-plp-feats.cc:173) Processed features for key f006_oldfemale-word-tangi-R006M-06
VLOG[2] (compute-plp-feats[5.2.132~9-82686]:main():compute-plp-feats.cc:173) Processed features for key f006_oldfemale-word-tauhou-R006M-01
VLOG[2] (compute-plp-feats[5.2.132~9-82686]:main():compute-plp-feats.cc:173) Processed features for key f006_oldfemale-word-tekau-R006M-03
VLOG[2] (compute-plp-feats[5.2.132~9-82686]:main():compute-plp-feats.cc:173) Processed features for key f006_oldfemale-word-toetoe-R006M
VLOG[2] (compute-plp-feats[5.2.132~9-82686]:main():compute-plp-feats.cc:173) Processed features for key f006_oldfemale-word-toi-R006M
LOG (compute-plp-feats[5.2.132~9-82686]:main():compute-plp-feats.cc:172) Processed 110 utterances
VLOG[2] (compute-plp-feats[5.2.132~9-82686]:main():compute-plp-feats.cc:173) Processed features for key f006_oldfemale-word-täne-R006M
VLOG[2] (compute-plp-feats[5.2.132~9-82686]:main():compute-plp-feats.cc:173) Processed features for key f006_oldfemale-word-tënei-R006M
VLOG[2] (compute-plp-feats[5.2.132~9-82686]:main():compute-plp-feats.cc:173) Processed features for key f006_oldfemale-word-tënä_koe-R006M-01
VLOG[2] (compute-plp-feats[5.2.132~9-82686]:main():compute-plp-feats.cc:173) Processed features for key f006_oldfemale-word-tïmata-R006M-01
VLOG[2] (compute-plp-feats[5.2.132~9-82686]:main():compute-plp-feats.cc:173) Processed features for key f006_oldfemale-word-tü-R006M
VLOG[2] (compute-plp-feats[5.2.132~9-82686]:main():compute-plp-feats.cc:173) Processed features for key f006_oldfemale-word-waewae-R006M-02
VLOG[2] (compute-plp-feats[5.2.132~9-82686]:main():compute-plp-feats.cc:173) Processed features for key f006_oldfemale-word-waewae-R006M-06a1
VLOG[2] (compute-plp-feats[5.2.132~9-82686]:main():compute-plp-feats.cc:173) Processed features for key f006_oldfemale-word-waewae-R006M-06a2
VLOG[2] (compute-plp-feats[5.2.132~9-82686]:main():compute-plp-feats.cc:173) Processed features for key f006_oldfemale-word-waiata-R006M-12
VLOG[2] (compute-plp-feats[5.2.132~9-82686]:main():compute-plp-feats.cc:173) Processed features for key f006_oldfemale-word-waru-R006M-05
LOG (compute-plp-feats[5.2.132~9-82686]:main():compute-plp-feats.cc:172) Processed 120 utterances
VLOG[2] (compute-plp-feats[5.2.132~9-82686]:main():compute-plp-feats.cc:173) Processed features for key f006_oldfemale-word-whare-R006M-01
VLOG[2] (compute-plp-feats[5.2.132~9-82686]:main():compute-plp-feats.cc:173) Processed features for key f006_oldfemale-word-whare-R006M-10
VLOG[2] (compute-plp-feats[5.2.132~9-82686]:main():compute-plp-feats.cc:173) Processed features for key f006_oldfemale-word-whare-R006M-11
VLOG[2] (compute-plp-feats[5.2.132~9-82686]:main():compute-plp-feats.cc:173) Processed features for key f006_oldfemale-word-wä-R006M-03
VLOG[2] (compute-plp-feats[5.2.132~9-82686]:main():compute-plp-feats.cc:173) Processed features for key f006_oldfemale-word-wä-R006M-04
VLOG[2] (compute-plp-feats[5.2.132~9-82686]:main():compute-plp-feats.cc:173) Processed features for key f006_oldfemale-word-wä-R006M-07a
VLOG[2] (compute-plp-feats[5.2.132~9-82686]:main():compute-plp-feats.cc:173) Processed features for key f006_oldfemale-word-wä-R006M-07b
VLOG[2] (compute-plp-feats[5.2.132~9-82686]:main():compute-plp-feats.cc:173) Processed features for key f006_oldfemale-word-wä-R006M-08
VLOG[2] (compute-plp-feats[5.2.132~9-82686]:main():compute-plp-feats.cc:173) Processed features for key f006_oldfemale-word-wähi-R006M-01
VLOG[2] (compute-plp-feats[5.2.132~9-82686]:main():compute-plp-feats.cc:173) Processed features for key f006_oldfemale-word-wähi-R006M-03a
LOG (compute-plp-feats[5.2.132~9-82686]:main():compute-plp-feats.cc:172) Processed 130 utterances
VLOG[2] (compute-plp-feats[5.2.132~9-82686]:main():compute-plp-feats.cc:173) Processed features for key f006_oldfemale-word-wähi-R006M-03b
VLOG[2] (compute-plp-feats[5.2.132~9-82686]:main():compute-plp-feats.cc:173) Processed features for key f006_oldfemale-word-wähi-R006M-03c
VLOG[2] (compute-plp-feats[5.2.132~9-82686]:main():compute-plp-feats.cc:173) Processed features for key f006_oldfemale-word-wähi-R006M-03d
VLOG[2] (compute-plp-feats[5.2.132~9-82686]:main():compute-plp-feats.cc:173) Processed features for key f007_oldfemale-word-aroha-R007M-03
VLOG[2] (compute-plp-feats[5.2.132~9-82686]:main():compute-plp-feats.cc:173) Processed features for key f007_oldfemale-word-aroha-R007M-08
VLOG[2] (compute-plp-feats[5.2.132~9-82686]:main():compute-plp-feats.cc:173) Processed features for key f007_oldfemale-word-awa-R007M-02
VLOG[2] (compute-plp-feats[5.2.132~9-82686]:main():compute-plp-feats.cc:173) Processed features for key f007_oldfemale-word-awa-R007M-05
VLOG[2] (compute-plp-feats[5.2.132~9-82686]:main():compute-plp-feats.cc:173) Processed features for key f007_oldfemale-word-awa-R007M-14
VLOG[2] (compute-plp-feats[5.2.132~9-82686]:main():compute-plp-feats.cc:173) Processed features for key f007_oldfemale-word-e_noho-R007M-14
VLOG[2] (compute-plp-feats[5.2.132~9-82686]:main():compute-plp-feats.cc:173) Processed features for key f007_oldfemale-word-haere_mai-R007M-02
LOG (compute-plp-feats[5.2.132~9-82686]:main():compute-plp-feats.cc:172) Processed 140 utterances
VLOG[2] (compute-plp-feats[5.2.132~9-82686]:main():compute-plp-feats.cc:173) Processed features for key f007_oldfemale-word-haere_mai-R007M-04a
VLOG[2] (compute-plp-feats[5.2.132~9-82686]:main():compute-plp-feats.cc:173) Processed features for key f007_oldfemale-word-haere_mai-R007M-04b
VLOG[2] (compute-plp-feats[5.2.132~9-82686]:main():compute-plp-feats.cc:173) Processed features for key f007_oldfemale-word-haere_mai-R007M-05
VLOG[2] (compute-plp-feats[5.2.132~9-82686]:main():compute-plp-feats.cc:173) Processed features for key f007_oldfemale-word-haere_mai-R007M-06
VLOG[2] (compute-plp-feats[5.2.132~9-82686]:main():compute-plp-feats.cc:173) Processed features for key f007_oldfemale-word-haere_mai-R007M-09
VLOG[2] (compute-plp-feats[5.2.132~9-82686]:main():compute-plp-feats.cc:173) Processed features for key f007_oldfemale-word-hau-R007M
VLOG[2] (compute-plp-feats[5.2.132~9-82686]:main():compute-plp-feats.cc:173) Processed features for key f007_oldfemale-word-hei-R007M
VLOG[2] (compute-plp-feats[5.2.132~9-82686]:main():compute-plp-feats.cc:173) Processed features for key f007_oldfemale-word-hoe-R007M
VLOG[2] (compute-plp-feats[5.2.132~9-82686]:main():compute-plp-feats.cc:173) Processed features for key f007_oldfemale-word-hoihoi-R007M
VLOG[2] (compute-plp-feats[5.2.132~9-82686]:main():compute-plp-feats.cc:173) Processed features for key f007_oldfemale-word-hou-R007M
LOG (compute-plp-feats[5.2.132~9-82686]:main():compute-plp-feats.cc:172) Processed 150 utterances
VLOG[2] (compute-plp-feats[5.2.132~9-82686]:main():compute-plp-feats.cc:173) Processed features for key f007_oldfemale-word-hë-R007M
VLOG[2] (compute-plp-feats[5.2.132~9-82686]:main():compute-plp-feats.cc:173) Processed features for key f007_oldfemale-word-hï-R007M
VLOG[2] (compute-plp-feats[5.2.132~9-82686]:main():compute-plp-feats.cc:173) Processed features for key f007_oldfemale-word-karakia-R007M-14
VLOG[2] (compute-plp-feats[5.2.132~9-82686]:main():compute-plp-feats.cc:173) Processed features for key f007_oldfemale-word-karanga-R007M-10a1
VLOG[2] (compute-plp-feats[5.2.132~9-82686]:main():compute-plp-feats.cc:173) Processed features for key f007_oldfemale-word-karanga-R007M-10a2
VLOG[2] (compute-plp-feats[5.2.132~9-82686]:main():compute-plp-feats.cc:173) Processed features for key f007_oldfemale-word-karanga-R007M-11a
VLOG[2] (compute-plp-feats[5.2.132~9-82686]:main():compute-plp-feats.cc:173) Processed features for key f007_oldfemale-word-karanga-R007M-11b
VLOG[2] (compute-plp-feats[5.2.132~9-82686]:main():compute-plp-feats.cc:173) Processed features for key f007_oldfemale-word-karanga-R007M-11c
VLOG[2] (compute-plp-feats[5.2.132~9-82686]:main():compute-plp-feats.cc:173) Processed features for key f007_oldfemale-word-karanga-R007M-11d
VLOG[2] (compute-plp-feats[5.2.132~9-82686]:main():compute-plp-feats.cc:173) Processed features for key f007_oldfemale-word-karanga-R007M-12a
LOG (compute-plp-feats[5.2.132~9-82686]:main():compute-plp-feats.cc:172) Processed 160 utterances
VLOG[2] (compute-plp-feats[5.2.132~9-82686]:main():compute-plp-feats.cc:173) Processed features for key f007_oldfemale-word-karanga-R007M-12b
VLOG[2] (compute-plp-feats[5.2.132~9-82686]:main():compute-plp-feats.cc:173) Processed features for key f007_oldfemale-word-kaumätua-R007M-02
VLOG[2] (compute-plp-feats[5.2.132~9-82686]:main():compute-plp-feats.cc:173) Processed features for key f007_oldfemale-word-kaumätua-R007M-03
VLOG[2] (compute-plp-feats[5.2.132~9-82686]:main():compute-plp-feats.cc:173) Processed features for key f007_oldfemale-word-kaumätua-R007M-04
VLOG[2] (compute-plp-feats[5.2.132~9-82686]:main():compute-plp-feats.cc:173) Processed features for key f007_oldfemale-word-kaumätua-R007M-05
VLOG[2] (compute-plp-feats[5.2.132~9-82686]:main():compute-plp-feats.cc:173) Processed features for key f007_oldfemale-word-kaumätua-R007M-14
VLOG[2] (compute-plp-feats[5.2.132~9-82686]:main():compute-plp-feats.cc:173) Processed features for key f007_oldfemale-word-kei-R007M
VLOG[2] (compute-plp-feats[5.2.132~9-82686]:main():compute-plp-feats.cc:173) Processed features for key f007_oldfemale-word-käinga-R007M-05
VLOG[2] (compute-plp-feats[5.2.132~9-82686]:main():compute-plp-feats.cc:173) Processed features for key f007_oldfemale-word-käinga-R007M-14a
VLOG[2] (compute-plp-feats[5.2.132~9-82686]:main():compute-plp-feats.cc:173) Processed features for key f007_oldfemale-word-käinga-R007M-14b
LOG (compute-plp-feats[5.2.132~9-82686]:main():compute-plp-feats.cc:172) Processed 170 utterances
VLOG[2] (compute-plp-feats[5.2.132~9-82686]:main():compute-plp-feats.cc:173) Processed features for key f007_oldfemale-word-kë-R007M
VLOG[2] (compute-plp-feats[5.2.132~9-82686]:main():compute-plp-feats.cc:173) Processed features for key f007_oldfemale-word-kï-R007M
VLOG[2] (compute-plp-feats[5.2.132~9-82686]:main():compute-plp-feats.cc:173) Processed features for key f007_oldfemale-word-mao-R007M
VLOG[2] (compute-plp-feats[5.2.132~9-82686]:main():compute-plp-feats.cc:173) Processed features for key f007_oldfemale-word-marae-R007M-02a
VLOG[2] (compute-plp-feats[5.2.132~9-82686]:main():compute-plp-feats.cc:173) Processed features for key f007_oldfemale-word-marae-R007M-02b
VLOG[2] (compute-plp-feats[5.2.132~9-82686]:main():compute-plp-feats.cc:173) Processed features for key f007_oldfemale-word-marae-R007M-03
VLOG[2] (compute-plp-feats[5.2.132~9-82686]:main():compute-plp-feats.cc:173) Processed features for key f007_oldfemale-word-marae-R007M-04
VLOG[2] (compute-plp-feats[5.2.132~9-82686]:main():compute-plp-feats.cc:173) Processed features for key f007_oldfemale-word-marae-R007M-06a
VLOG[2] (compute-plp-feats[5.2.132~9-82686]:main():compute-plp-feats.cc:173) Processed features for key f007_oldfemale-word-marae-R007M-06b
VLOG[2] (compute-plp-feats[5.2.132~9-82686]:main():compute-plp-feats.cc:173) Processed features for key f007_oldfemale-word-matariki-R007M-14
LOG (compute-plp-feats[5.2.132~9-82686]:main():compute-plp-feats.cc:172) Processed 180 utterances
VLOG[2] (compute-plp-feats[5.2.132~9-82686]:main():compute-plp-feats.cc:173) Processed features for key f007_oldfemale-word-matiu-R007M
VLOG[2] (compute-plp-feats[5.2.132~9-82686]:main():compute-plp-feats.cc:173) Processed features for key f007_oldfemale-word-mau-R007M
VLOG[2] (compute-plp-feats[5.2.132~9-82686]:main():compute-plp-feats.cc:173) Processed features for key f007_oldfemale-word-mokopuna-R007M-08
VLOG[2] (compute-plp-feats[5.2.132~9-82686]:main():compute-plp-feats.cc:173) Processed features for key f007_oldfemale-word-moutere-R007M
VLOG[2] (compute-plp-feats[5.2.132~9-82686]:main():compute-plp-feats.cc:173) Processed features for key f007_oldfemale-word-mäori-R007M-03
VLOG[2] (compute-plp-feats[5.2.132~9-82686]:main():compute-plp-feats.cc:173) Processed features for key f007_oldfemale-word-mätao-R007M
VLOG[2] (compute-plp-feats[5.2.132~9-82686]:main():compute-plp-feats.cc:173) Processed features for key f007_oldfemale-word-mätau-R007M
VLOG[2] (compute-plp-feats[5.2.132~9-82686]:main():compute-plp-feats.cc:173) Processed features for key f007_oldfemale-word-pae-R007M
VLOG[2] (compute-plp-feats[5.2.132~9-82686]:main():compute-plp-feats.cc:173) Processed features for key f007_oldfemale-word-pai-R007M
VLOG[2] (compute-plp-feats[5.2.132~9-82686]:main():compute-plp-feats.cc:173) Processed features for key f007_oldfemale-word-pao-R007M
LOG (compute-plp-feats[5.2.132~9-82686]:main():compute-plp-feats.cc:172) Processed 190 utterances
VLOG[2] (compute-plp-feats[5.2.132~9-82686]:main():compute-plp-feats.cc:173) Processed features for key f007_oldfemale-word-pau-R007M
VLOG[2] (compute-plp-feats[5.2.132~9-82686]:main():compute-plp-feats.cc:173) Processed features for key f007_oldfemale-word-pou-R007M
VLOG[2] (compute-plp-feats[5.2.132~9-82686]:main():compute-plp-feats.cc:173) Processed features for key f007_oldfemale-word-pö-R007M
VLOG[2] (compute-plp-feats[5.2.132~9-82686]:main():compute-plp-feats.cc:173) Processed features for key f007_oldfemale-word-pöwhiri-R007M-11
VLOG[2] (compute-plp-feats[5.2.132~9-82686]:main():compute-plp-feats.cc:173) Processed features for key f007_oldfemale-word-tae-R007M
VLOG[2] (compute-plp-feats[5.2.132~9-82686]:main():compute-plp-feats.cc:173) Processed features for key f007_oldfemale-word-tai-R007M
VLOG[2] (compute-plp-feats[5.2.132~9-82686]:main():compute-plp-feats.cc:173) Processed features for key f007_oldfemale-word-tangi-R007M-13
VLOG[2] (compute-plp-feats[5.2.132~9-82686]:main():compute-plp-feats.cc:173) Processed features for key f007_oldfemale-word-tauhou-R007M-14
VLOG[2] (compute-plp-feats[5.2.132~9-82686]:main():compute-plp-feats.cc:173) Processed features for key f007_oldfemale-word-tekau-R007M-04a1
VLOG[2] (compute-plp-feats[5.2.132~9-82686]:main():compute-plp-feats.cc:173) Processed features for key f007_oldfemale-word-tekau-R007M-04a2
LOG (compute-plp-feats[5.2.132~9-82686]:main():compute-plp-feats.cc:172) Processed 200 utterances
VLOG[2] (compute-plp-feats[5.2.132~9-82686]:main():compute-plp-feats.cc:173) Processed features for key f007_oldfemale-word-tekau-R007M-04b
VLOG[2] (compute-plp-feats[5.2.132~9-82686]:main():compute-plp-feats.cc:173) Processed features for key f007_oldfemale-word-toetoe-R007M
VLOG[2] (compute-plp-feats[5.2.132~9-82686]:main():compute-plp-feats.cc:173) Processed features for key f007_oldfemale-word-toi-R007M
VLOG[2] (compute-plp-feats[5.2.132~9-82686]:main():compute-plp-feats.cc:173) Processed features for key f007_oldfemale-word-toru-R007M-04
VLOG[2] (compute-plp-feats[5.2.132~9-82686]:main():compute-plp-feats.cc:173) Processed features for key f007_oldfemale-word-täne-R007M
VLOG[2] (compute-plp-feats[5.2.132~9-82686]:main():compute-plp-feats.cc:173) Processed features for key f007_oldfemale-word-tënei-R007M
VLOG[2] (compute-plp-feats[5.2.132~9-82686]:main():compute-plp-feats.cc:173) Processed features for key f007_oldfemale-word-tü-R007M
VLOG[2] (compute-plp-feats[5.2.132~9-82686]:main():compute-plp-feats.cc:173) Processed features for key f007_oldfemale-word-waiata-R007M-14
VLOG[2] (compute-plp-feats[5.2.132~9-82686]:main():compute-plp-feats.cc:173) Processed features for key f007_oldfemale-word-whare-R007M-06
VLOG[2] (compute-plp-feats[5.2.132~9-82686]:main():compute-plp-feats.cc:173) Processed features for key f007_oldfemale-word-whare-R007M-14
LOG (compute-plp-feats[5.2.132~9-82686]:main():compute-plp-feats.cc:172) Processed 210 utterances
VLOG[2] (compute-plp-feats[5.2.132~9-82686]:main():compute-plp-feats.cc:173) Processed features for key f007_oldfemale-word-wä-R007M-08
VLOG[2] (compute-plp-feats[5.2.132~9-82686]:main():compute-plp-feats.cc:173) Processed features for key f007_oldfemale-word-wähi-R007M-14
VLOG[2] (compute-plp-feats[5.2.132~9-82686]:main():compute-plp-feats.cc:173) Processed features for key f008_oldfemale-word-aroha-R008M-07a
VLOG[2] (compute-plp-feats[5.2.132~9-82686]:main():compute-plp-feats.cc:173) Processed features for key f008_oldfemale-word-aroha-R008M-07b
VLOG[2] (compute-plp-feats[5.2.132~9-82686]:main():compute-plp-feats.cc:173) Processed features for key f008_oldfemale-word-awa-R008M-08
VLOG[2] (compute-plp-feats[5.2.132~9-82686]:main():compute-plp-feats.cc:173) Processed features for key f008_oldfemale-word-e_noho-R008M-11
VLOG[2] (compute-plp-feats[5.2.132~9-82686]:main():compute-plp-feats.cc:173) Processed features for key f008_oldfemale-word-haere_mai-R008M-04
VLOG[2] (compute-plp-feats[5.2.132~9-82686]:main():compute-plp-feats.cc:173) Processed features for key f008_oldfemale-word-haere_mai-R008M-09
VLOG[2] (compute-plp-feats[5.2.132~9-82686]:main():compute-plp-feats.cc:173) Processed features for key f008_oldfemale-word-haere_mai-R008M-10
VLOG[2] (compute-plp-feats[5.2.132~9-82686]:main():compute-plp-feats.cc:173) Processed features for key f008_oldfemale-word-hau-R008M
LOG (compute-plp-feats[5.2.132~9-82686]:main():compute-plp-feats.cc:172) Processed 220 utterances
VLOG[2] (compute-plp-feats[5.2.132~9-82686]:main():compute-plp-feats.cc:173) Processed features for key f008_oldfemale-word-hei-R008M
VLOG[2] (compute-plp-feats[5.2.132~9-82686]:main():compute-plp-feats.cc:173) Processed features for key f008_oldfemale-word-hoe-R008M
VLOG[2] (compute-plp-feats[5.2.132~9-82686]:main():compute-plp-feats.cc:173) Processed features for key f008_oldfemale-word-hoihoi-R008M
VLOG[2] (compute-plp-feats[5.2.132~9-82686]:main():compute-plp-feats.cc:173) Processed features for key f008_oldfemale-word-hou-R008M
VLOG[2] (compute-plp-feats[5.2.132~9-82686]:main():compute-plp-feats.cc:173) Processed features for key f008_oldfemale-word-hë-R008M
VLOG[2] (compute-plp-feats[5.2.132~9-82686]:main():compute-plp-feats.cc:173) Processed features for key f008_oldfemale-word-hï-R008M
VLOG[2] (compute-plp-feats[5.2.132~9-82686]:main():compute-plp-feats.cc:173) Processed features for key f008_oldfemale-word-iwa-R008M-06
VLOG[2] (compute-plp-feats[5.2.132~9-82686]:main():compute-plp-feats.cc:173) Processed features for key f008_oldfemale-word-iwi-R008M-11
VLOG[2] (compute-plp-feats[5.2.132~9-82686]:main():compute-plp-feats.cc:173) Processed features for key f008_oldfemale-word-karakia-R008M-11a
VLOG[2] (compute-plp-feats[5.2.132~9-82686]:main():compute-plp-feats.cc:173) Processed features for key f008_oldfemale-word-karakia-R008M-11b
LOG (compute-plp-feats[5.2.132~9-82686]:main():compute-plp-feats.cc:172) Processed 230 utterances
VLOG[2] (compute-plp-feats[5.2.132~9-82686]:main():compute-plp-feats.cc:173) Processed features for key f008_oldfemale-word-karanga-R008M-04a
VLOG[2] (compute-plp-feats[5.2.132~9-82686]:main():compute-plp-feats.cc:173) Processed features for key f008_oldfemale-word-karanga-R008M-04b
VLOG[2] (compute-plp-feats[5.2.132~9-82686]:main():compute-plp-feats.cc:173) Processed features for key f008_oldfemale-word-karanga-R008M-09
VLOG[2] (compute-plp-feats[5.2.132~9-82686]:main():compute-plp-feats.cc:173) Processed features for key f008_oldfemale-word-kaumätua-R008M-05
VLOG[2] (compute-plp-feats[5.2.132~9-82686]:main():compute-plp-feats.cc:173) Processed features for key f008_oldfemale-word-kaumätua-R008M-07
VLOG[2] (compute-plp-feats[5.2.132~9-82686]:main():compute-plp-feats.cc:173) Processed features for key f008_oldfemale-word-kaumätua-R008M-08
VLOG[2] (compute-plp-feats[5.2.132~9-82686]:main():compute-plp-feats.cc:173) Processed features for key f008_oldfemale-word-kaumätua-R008M-10
VLOG[2] (compute-plp-feats[5.2.132~9-82686]:main():compute-plp-feats.cc:173) Processed features for key f008_oldfemale-word-kei-R008M
VLOG[2] (compute-plp-feats[5.2.132~9-82686]:main():compute-plp-feats.cc:173) Processed features for key f008_oldfemale-word-kia_ora-R008M-02a
VLOG[2] (compute-plp-feats[5.2.132~9-82686]:main():compute-plp-feats.cc:173) Processed features for key f008_oldfemale-word-kia_ora-R008M-02b
LOG (compute-plp-feats[5.2.132~9-82686]:main():compute-plp-feats.cc:172) Processed 240 utterances
VLOG[2] (compute-plp-feats[5.2.132~9-82686]:main():compute-plp-feats.cc:173) Processed features for key f008_oldfemale-word-kuia-R008M-10a1
VLOG[2] (compute-plp-feats[5.2.132~9-82686]:main():compute-plp-feats.cc:173) Processed features for key f008_oldfemale-word-kuia-R008M-10a2
VLOG[2] (compute-plp-feats[5.2.132~9-82686]:main():compute-plp-feats.cc:173) Processed features for key f008_oldfemale-word-kuia-R008M-10b
VLOG[2] (compute-plp-feats[5.2.132~9-82686]:main():compute-plp-feats.cc:173) Processed features for key f008_oldfemale-word-käinga-R008M-07a
VLOG[2] (compute-plp-feats[5.2.132~9-82686]:main():compute-plp-feats.cc:173) Processed features for key f008_oldfemale-word-käinga-R008M-07b
VLOG[2] (compute-plp-feats[5.2.132~9-82686]:main():compute-plp-feats.cc:173) Processed features for key f008_oldfemale-word-käinga-R008M-11
VLOG[2] (compute-plp-feats[5.2.132~9-82686]:main():compute-plp-feats.cc:173) Processed features for key f008_oldfemale-word-kë-R008M
VLOG[2] (compute-plp-feats[5.2.132~9-82686]:main():compute-plp-feats.cc:173) Processed features for key f008_oldfemale-word-kï-R008M
VLOG[2] (compute-plp-feats[5.2.132~9-82686]:main():compute-plp-feats.cc:173) Processed features for key f008_oldfemale-word-körero-R008M-03
VLOG[2] (compute-plp-feats[5.2.132~9-82686]:main():compute-plp-feats.cc:173) Processed features for key f008_oldfemale-word-körero-R008M-05a
LOG (compute-plp-feats[5.2.132~9-82686]:main():compute-plp-feats.cc:172) Processed 250 utterances
VLOG[2] (compute-plp-feats[5.2.132~9-82686]:main():compute-plp-feats.cc:173) Processed features for key f008_oldfemale-word-körero-R008M-05b
VLOG[2] (compute-plp-feats[5.2.132~9-82686]:main():compute-plp-feats.cc:173) Processed features for key f008_oldfemale-word-körero-R008M-05c
VLOG[2] (compute-plp-feats[5.2.132~9-82686]:main():compute-plp-feats.cc:173) Processed features for key f008_oldfemale-word-mao-R008M
VLOG[2] (compute-plp-feats[5.2.132~9-82686]:main():compute-plp-feats.cc:173) Processed features for key f008_oldfemale-word-marae-R008M-02
VLOG[2] (compute-plp-feats[5.2.132~9-82686]:main():compute-plp-feats.cc:173) Processed features for key f008_oldfemale-word-marae-R008M-06
VLOG[2] (compute-plp-feats[5.2.132~9-82686]:main():compute-plp-feats.cc:173) Processed features for key f008_oldfemale-word-matariki-R008M-11
VLOG[2] (compute-plp-feats[5.2.132~9-82686]:main():compute-plp-feats.cc:173) Processed features for key f008_oldfemale-word-matiu-R008M
VLOG[2] (compute-plp-feats[5.2.132~9-82686]:main():compute-plp-feats.cc:173) Processed features for key f008_oldfemale-word-mau-R008M
VLOG[2] (compute-plp-feats[5.2.132~9-82686]:main():compute-plp-feats.cc:173) Processed features for key f008_oldfemale-word-moana-R008M-04
VLOG[2] (compute-plp-feats[5.2.132~9-82686]:main():compute-plp-feats.cc:173) Processed features for key f008_oldfemale-word-moutere-R008M
LOG (compute-plp-feats[5.2.132~9-82686]:main():compute-plp-feats.cc:172) Processed 260 utterances
VLOG[2] (compute-plp-feats[5.2.132~9-82686]:main():compute-plp-feats.cc:173) Processed features for key f008_oldfemale-word-mäori-R008M-08
VLOG[2] (compute-plp-feats[5.2.132~9-82686]:main():compute-plp-feats.cc:173) Processed features for key f008_oldfemale-word-mätao-R008M
VLOG[2] (compute-plp-feats[5.2.132~9-82686]:main():compute-plp-feats.cc:173) Processed features for key f008_oldfemale-word-mätau-R008M
VLOG[2] (compute-plp-feats[5.2.132~9-82686]:main():compute-plp-feats.cc:173) Processed features for key f008_oldfemale-word-mätou-R008M
VLOG[2] (compute-plp-feats[5.2.132~9-82686]:main():compute-plp-feats.cc:173) Processed features for key f008_oldfemale-word-ono-R008M-02
VLOG[2] (compute-plp-feats[5.2.132~9-82686]:main():compute-plp-feats.cc:173) Processed features for key f008_oldfemale-word-ono-R008M-05
VLOG[2] (compute-plp-feats[5.2.132~9-82686]:main():compute-plp-feats.cc:173) Processed features for key f008_oldfemale-word-ono-R008M-10
VLOG[2] (compute-plp-feats[5.2.132~9-82686]:main():compute-plp-feats.cc:173) Processed features for key f008_oldfemale-word-pae-R008M
VLOG[2] (compute-plp-feats[5.2.132~9-82686]:main():compute-plp-feats.cc:173) Processed features for key f008_oldfemale-word-pai-R008M
VLOG[2] (compute-plp-feats[5.2.132~9-82686]:main():compute-plp-feats.cc:173) Processed features for key f008_oldfemale-word-pao-R008M
LOG (compute-plp-feats[5.2.132~9-82686]:main():compute-plp-feats.cc:172) Processed 270 utterances
VLOG[2] (compute-plp-feats[5.2.132~9-82686]:main():compute-plp-feats.cc:173) Processed features for key f008_oldfemale-word-pau-R008M
VLOG[2] (compute-plp-feats[5.2.132~9-82686]:main():compute-plp-feats.cc:173) Processed features for key f008_oldfemale-word-pou-R008M
VLOG[2] (compute-plp-feats[5.2.132~9-82686]:main():compute-plp-feats.cc:173) Processed features for key f008_oldfemale-word-pö-R008M
VLOG[2] (compute-plp-feats[5.2.132~9-82686]:main():compute-plp-feats.cc:173) Processed features for key f008_oldfemale-word-rua-R008M-04
VLOG[2] (compute-plp-feats[5.2.132~9-82686]:main():compute-plp-feats.cc:173) Processed features for key f008_oldfemale-word-rua-R008M-07
VLOG[2] (compute-plp-feats[5.2.132~9-82686]:main():compute-plp-feats.cc:173) Processed features for key f008_oldfemale-word-rua-R008M-08
VLOG[2] (compute-plp-feats[5.2.132~9-82686]:main():compute-plp-feats.cc:173) Processed features for key f008_oldfemale-word-rua-R008M-10
VLOG[2] (compute-plp-feats[5.2.132~9-82686]:main():compute-plp-feats.cc:173) Processed features for key f008_oldfemale-word-tae-R008M
VLOG[2] (compute-plp-feats[5.2.132~9-82686]:main():compute-plp-feats.cc:173) Processed features for key f008_oldfemale-word-tahi-R008M-09
VLOG[2] (compute-plp-feats[5.2.132~9-82686]:main():compute-plp-feats.cc:173) Processed features for key f008_oldfemale-word-tai-R008M
LOG (compute-plp-feats[5.2.132~9-82686]:main():compute-plp-feats.cc:172) Processed 280 utterances
VLOG[2] (compute-plp-feats[5.2.132~9-82686]:main():compute-plp-feats.cc:173) Processed features for key f008_oldfemale-word-tangi-R008M-05
VLOG[2] (compute-plp-feats[5.2.132~9-82686]:main():compute-plp-feats.cc:173) Processed features for key f008_oldfemale-word-tangi-R008M-07a
VLOG[2] (compute-plp-feats[5.2.132~9-82686]:main():compute-plp-feats.cc:173) Processed features for key f008_oldfemale-word-tangi-R008M-07b
VLOG[2] (compute-plp-feats[5.2.132~9-82686]:main():compute-plp-feats.cc:173) Processed features for key f008_oldfemale-word-tangi-R008M-07c
VLOG[2] (compute-plp-feats[5.2.132~9-82686]:main():compute-plp-feats.cc:173) Processed features for key f008_oldfemale-word-tangi-R008M-07d
VLOG[2] (compute-plp-feats[5.2.132~9-82686]:main():compute-plp-feats.cc:173) Processed features for key f008_oldfemale-word-tangi-R008M-12
VLOG[2] (compute-plp-feats[5.2.132~9-82686]:main():compute-plp-feats.cc:173) Processed features for key f008_oldfemale-word-tekau-R008M-02a
VLOG[2] (compute-plp-feats[5.2.132~9-82686]:main():compute-plp-feats.cc:173) Processed features for key f008_oldfemale-word-tekau-R008M-02b
VLOG[2] (compute-plp-feats[5.2.132~9-82686]:main():compute-plp-feats.cc:173) Processed features for key f008_oldfemale-word-tekau-R008M-06
VLOG[2] (compute-plp-feats[5.2.132~9-82686]:main():compute-plp-feats.cc:173) Processed features for key f008_oldfemale-word-toetoe-R008M
LOG (compute-plp-feats[5.2.132~9-82686]:main():compute-plp-feats.cc:172) Processed 290 utterances
VLOG[2] (compute-plp-feats[5.2.132~9-82686]:main():compute-plp-feats.cc:173) Processed features for key f008_oldfemale-word-toi-R008M
VLOG[2] (compute-plp-feats[5.2.132~9-82686]:main():compute-plp-feats.cc:173) Processed features for key f008_oldfemale-word-toru-R008M-04
VLOG[2] (compute-plp-feats[5.2.132~9-82686]:main():compute-plp-feats.cc:173) Processed features for key f008_oldfemale-word-toru-R008M-06a
VLOG[2] (compute-plp-feats[5.2.132~9-82686]:main():compute-plp-feats.cc:173) Processed features for key f008_oldfemale-word-toru-R008M-06b
VLOG[2] (compute-plp-feats[5.2.132~9-82686]:main():compute-plp-feats.cc:173) Processed features for key f008_oldfemale-word-toru-R008M-10
VLOG[2] (compute-plp-feats[5.2.132~9-82686]:main():compute-plp-feats.cc:173) Processed features for key f008_oldfemale-word-täne-R008M
VLOG[2] (compute-plp-feats[5.2.132~9-82686]:main():compute-plp-feats.cc:173) Processed features for key f008_oldfemale-word-tënei-R008M
VLOG[2] (compute-plp-feats[5.2.132~9-82686]:main():compute-plp-feats.cc:173) Processed features for key f008_oldfemale-word-tïmata-R008M-11
VLOG[2] (compute-plp-feats[5.2.132~9-82686]:main():compute-plp-feats.cc:173) Processed features for key f008_oldfemale-word-tü-R008M
VLOG[2] (compute-plp-feats[5.2.132~9-82686]:main():compute-plp-feats.cc:173) Processed features for key f008_oldfemale-word-waewae-R008M-10
LOG (compute-plp-feats[5.2.132~9-82686]:main():compute-plp-feats.cc:172) Processed 300 utterances
VLOG[2] (compute-plp-feats[5.2.132~9-82686]:main():compute-plp-feats.cc:173) Processed features for key f008_oldfemale-word-waiata-R008M-11
VLOG[2] (compute-plp-feats[5.2.132~9-82686]:main():compute-plp-feats.cc:173) Processed features for key f008_oldfemale-word-waru-R008M-02a
VLOG[2] (compute-plp-feats[5.2.132~9-82686]:main():compute-plp-feats.cc:173) Processed features for key f008_oldfemale-word-waru-R008M-02b
VLOG[2] (compute-plp-feats[5.2.132~9-82686]:main():compute-plp-feats.cc:173) Processed features for key f008_oldfemale-word-waru-R008M-06
VLOG[2] (compute-plp-feats[5.2.132~9-82686]:main():compute-plp-feats.cc:173) Processed features for key f008_oldfemale-word-whare-R008M-06
VLOG[2] (compute-plp-feats[5.2.132~9-82686]:main():compute-plp-feats.cc:173) Processed features for key f008_oldfemale-word-whare-R008M-11
VLOG[2] (compute-plp-feats[5.2.132~9-82686]:main():compute-plp-feats.cc:173) Processed features for key f008_oldfemale-word-whä-R008M-02
VLOG[2] (compute-plp-feats[5.2.132~9-82686]:main():compute-plp-feats.cc:173) Processed features for key f008_oldfemale-word-wä-R008M-02a
VLOG[2] (compute-plp-feats[5.2.132~9-82686]:main():compute-plp-feats.cc:173) Processed features for key f008_oldfemale-word-wä-R008M-02b
VLOG[2] (compute-plp-feats[5.2.132~9-82686]:main():compute-plp-feats.cc:173) Processed features for key f008_oldfemale-word-wä-R008M-04
LOG (compute-plp-feats[5.2.132~9-82686]:main():compute-plp-feats.cc:172) Processed 310 utterances
VLOG[2] (compute-plp-feats[5.2.132~9-82686]:main():compute-plp-feats.cc:173) Processed features for key f008_oldfemale-word-wä-R008M-10
VLOG[2] (compute-plp-feats[5.2.132~9-82686]:main():compute-plp-feats.cc:173) Processed features for key f008_oldfemale-word-wähi-R008M-02
VLOG[2] (compute-plp-feats[5.2.132~9-82686]:main():compute-plp-feats.cc:173) Processed features for key f008_oldfemale-word-wähi-R008M-08a
VLOG[2] (compute-plp-feats[5.2.132~9-82686]:main():compute-plp-feats.cc:173) Processed features for key f008_oldfemale-word-wähi-R008M-08b
VLOG[2] (compute-plp-feats[5.2.132~9-82686]:main():compute-plp-feats.cc:173) Processed features for key f008_oldfemale-word-wähi-R008M-08c
VLOG[2] (compute-plp-feats[5.2.132~9-82686]:main():compute-plp-feats.cc:173) Processed features for key f008_oldfemale-word-wähi-R008M-10
VLOG[2] (compute-plp-feats[5.2.132~9-82686]:main():compute-plp-feats.cc:173) Processed features for key f009_oldfemale-word-e_noho-R009M-06
VLOG[2] (compute-plp-feats[5.2.132~9-82686]:main():compute-plp-feats.cc:173) Processed features for key f009_oldfemale-word-e_noho-R009M-12
VLOG[2] (compute-plp-feats[5.2.132~9-82686]:main():compute-plp-feats.cc:173) Processed features for key f009_oldfemale-word-e_noho-R009M-14
VLOG[2] (compute-plp-feats[5.2.132~9-82686]:main():compute-plp-feats.cc:173) Processed features for key f009_oldfemale-word-haere_mai-R009M-02a1
LOG (compute-plp-feats[5.2.132~9-82686]:main():compute-plp-feats.cc:172) Processed 320 utterances
VLOG[2] (compute-plp-feats[5.2.132~9-82686]:main():compute-plp-feats.cc:173) Processed features for key f009_oldfemale-word-haere_mai-R009M-02a2
VLOG[2] (compute-plp-feats[5.2.132~9-82686]:main():compute-plp-feats.cc:173) Processed features for key f009_oldfemale-word-haere_mai-R009M-06
VLOG[2] (compute-plp-feats[5.2.132~9-82686]:main():compute-plp-feats.cc:173) Processed features for key f009_oldfemale-word-haere_mai-R009M-08
VLOG[2] (compute-plp-feats[5.2.132~9-82686]:main():compute-plp-feats.cc:173) Processed features for key f009_oldfemale-word-haere_mai-R009M-10a
VLOG[2] (compute-plp-feats[5.2.132~9-82686]:main():compute-plp-feats.cc:173) Processed features for key f009_oldfemale-word-haere_mai-R009M-10b
VLOG[2] (compute-plp-feats[5.2.132~9-82686]:main():compute-plp-feats.cc:173) Processed features for key f009_oldfemale-word-iwa-R009M-01a
VLOG[2] (compute-plp-feats[5.2.132~9-82686]:main():compute-plp-feats.cc:173) Processed features for key f009_oldfemale-word-iwa-R009M-01b
VLOG[2] (compute-plp-feats[5.2.132~9-82686]:main():compute-plp-feats.cc:173) Processed features for key f009_oldfemale-word-iwi-R009M-03a
VLOG[2] (compute-plp-feats[5.2.132~9-82686]:main():compute-plp-feats.cc:173) Processed features for key f009_oldfemale-word-iwi-R009M-03b
VLOG[2] (compute-plp-feats[5.2.132~9-82686]:main():compute-plp-feats.cc:173) Processed features for key f009_oldfemale-word-iwi-R009M-03c
LOG (compute-plp-feats[5.2.132~9-82686]:main():compute-plp-feats.cc:172) Processed 330 utterances
VLOG[2] (compute-plp-feats[5.2.132~9-82686]:main():compute-plp-feats.cc:173) Processed features for key f009_oldfemale-word-iwi-R009M-04a
VLOG[2] (compute-plp-feats[5.2.132~9-82686]:main():compute-plp-feats.cc:173) Processed features for key f009_oldfemale-word-iwi-R009M-04b
VLOG[2] (compute-plp-feats[5.2.132~9-82686]:main():compute-plp-feats.cc:173) Processed features for key f009_oldfemale-word-iwi-R009M-04c
VLOG[2] (compute-plp-feats[5.2.132~9-82686]:main():compute-plp-feats.cc:173) Processed features for key f009_oldfemale-word-iwi-R009M-07a
VLOG[2] (compute-plp-feats[5.2.132~9-82686]:main():compute-plp-feats.cc:173) Processed features for key f009_oldfemale-word-iwi-R009M-07b
VLOG[2] (compute-plp-feats[5.2.132~9-82686]:main():compute-plp-feats.cc:173) Processed features for key f009_oldfemale-word-iwi-R009M-08a
VLOG[2] (compute-plp-feats[5.2.132~9-82686]:main():compute-plp-feats.cc:173) Processed features for key f009_oldfemale-word-iwi-R009M-08b
VLOG[2] (compute-plp-feats[5.2.132~9-82686]:main():compute-plp-feats.cc:173) Processed features for key f009_oldfemale-word-iwi-R009M-09a
VLOG[2] (compute-plp-feats[5.2.132~9-82686]:main():compute-plp-feats.cc:173) Processed features for key f009_oldfemale-word-iwi-R009M-09b
VLOG[2] (compute-plp-feats[5.2.132~9-82686]:main():compute-plp-feats.cc:173) Processed features for key f009_oldfemale-word-iwi-R009M-10a
LOG (compute-plp-feats[5.2.132~9-82686]:main():compute-plp-feats.cc:172) Processed 340 utterances
VLOG[2] (compute-plp-feats[5.2.132~9-82686]:main():compute-plp-feats.cc:173) Processed features for key f009_oldfemale-word-iwi-R009M-10b
VLOG[2] (compute-plp-feats[5.2.132~9-82686]:main():compute-plp-feats.cc:173) Processed features for key f009_oldfemale-word-iwi-R009M-11a
VLOG[2] (compute-plp-feats[5.2.132~9-82686]:main():compute-plp-feats.cc:173) Processed features for key f009_oldfemale-word-iwi-R009M-11b
VLOG[2] (compute-plp-feats[5.2.132~9-82686]:main():compute-plp-feats.cc:173) Processed features for key f009_oldfemale-word-iwi-R009M-12
VLOG[2] (compute-plp-feats[5.2.132~9-82686]:main():compute-plp-feats.cc:173) Processed features for key f009_oldfemale-word-iwi-R009M-14a
VLOG[2] (compute-plp-feats[5.2.132~9-82686]:main():compute-plp-feats.cc:173) Processed features for key f009_oldfemale-word-iwi-R009M-14b
VLOG[2] (compute-plp-feats[5.2.132~9-82686]:main():compute-plp-feats.cc:173) Processed features for key f009_oldfemale-word-kaumätua-R009M-02
VLOG[2] (compute-plp-feats[5.2.132~9-82686]:main():compute-plp-feats.cc:173) Processed features for key f009_oldfemale-word-käinga-R009M-02a
VLOG[2] (compute-plp-feats[5.2.132~9-82686]:main():compute-plp-feats.cc:173) Processed features for key f009_oldfemale-word-käinga-R009M-02b
VLOG[2] (compute-plp-feats[5.2.132~9-82686]:main():compute-plp-feats.cc:173) Processed features for key f009_oldfemale-word-käinga-R009M-03
LOG (compute-plp-feats[5.2.132~9-82686]:main():compute-plp-feats.cc:172) Processed 350 utterances
VLOG[2] (compute-plp-feats[5.2.132~9-82686]:main():compute-plp-feats.cc:173) Processed features for key f009_oldfemale-word-käinga-R009M-08
VLOG[2] (compute-plp-feats[5.2.132~9-82686]:main():compute-plp-feats.cc:173) Processed features for key f009_oldfemale-word-käinga-R009M-11
VLOG[2] (compute-plp-feats[5.2.132~9-82686]:main():compute-plp-feats.cc:173) Processed features for key f009_oldfemale-word-käinga-R009M-13a
VLOG[2] (compute-plp-feats[5.2.132~9-82686]:main():compute-plp-feats.cc:173) Processed features for key f009_oldfemale-word-käinga-R009M-13b
VLOG[2] (compute-plp-feats[5.2.132~9-82686]:main():compute-plp-feats.cc:173) Processed features for key f009_oldfemale-word-körero-R009M-06
VLOG[2] (compute-plp-feats[5.2.132~9-82686]:main():compute-plp-feats.cc:173) Processed features for key f009_oldfemale-word-körero-R009M-07a
VLOG[2] (compute-plp-feats[5.2.132~9-82686]:main():compute-plp-feats.cc:173) Processed features for key f009_oldfemale-word-körero-R009M-07b1
VLOG[2] (compute-plp-feats[5.2.132~9-82686]:main():compute-plp-feats.cc:173) Processed features for key f009_oldfemale-word-körero-R009M-07b2
VLOG[2] (compute-plp-feats[5.2.132~9-82686]:main():compute-plp-feats.cc:173) Processed features for key f009_oldfemale-word-körero-R009M-07b3
VLOG[2] (compute-plp-feats[5.2.132~9-82686]:main():compute-plp-feats.cc:173) Processed features for key f009_oldfemale-word-körero-R009M-11a
LOG (compute-plp-feats[5.2.132~9-82686]:main():compute-plp-feats.cc:172) Processed 360 utterances
VLOG[2] (compute-plp-feats[5.2.132~9-82686]:main():compute-plp-feats.cc:173) Processed features for key f009_oldfemale-word-körero-R009M-11b
VLOG[2] (compute-plp-feats[5.2.132~9-82686]:main():compute-plp-feats.cc:173) Processed features for key f009_oldfemale-word-marae-R009M-12
VLOG[2] (compute-plp-feats[5.2.132~9-82686]:main():compute-plp-feats.cc:173) Processed features for key f009_oldfemale-word-maunga-R009M-12
VLOG[2] (compute-plp-feats[5.2.132~9-82686]:main():compute-plp-feats.cc:173) Processed features for key f009_oldfemale-word-moana-R009M-02
VLOG[2] (compute-plp-feats[5.2.132~9-82686]:main():compute-plp-feats.cc:173) Processed features for key f009_oldfemale-word-moana-R009M-03a
VLOG[2] (compute-plp-feats[5.2.132~9-82686]:main():compute-plp-feats.cc:173) Processed features for key f009_oldfemale-word-moana-R009M-03b
VLOG[2] (compute-plp-feats[5.2.132~9-82686]:main():compute-plp-feats.cc:173) Processed features for key f009_oldfemale-word-moana-R009M-04a
VLOG[2] (compute-plp-feats[5.2.132~9-82686]:main():compute-plp-feats.cc:173) Processed features for key f009_oldfemale-word-moana-R009M-04b
VLOG[2] (compute-plp-feats[5.2.132~9-82686]:main():compute-plp-feats.cc:173) Processed features for key f009_oldfemale-word-moana-R009M-04c
VLOG[2] (compute-plp-feats[5.2.132~9-82686]:main():compute-plp-feats.cc:173) Processed features for key f009_oldfemale-word-mokopuna-R009M-01a
LOG (compute-plp-feats[5.2.132~9-82686]:main():compute-plp-feats.cc:172) Processed 370 utterances
VLOG[2] (compute-plp-feats[5.2.132~9-82686]:main():compute-plp-feats.cc:173) Processed features for key f009_oldfemale-word-mokopuna-R009M-01b
VLOG[2] (compute-plp-feats[5.2.132~9-82686]:main():compute-plp-feats.cc:173) Processed features for key f009_oldfemale-word-mäori-R009M-06a
VLOG[2] (compute-plp-feats[5.2.132~9-82686]:main():compute-plp-feats.cc:173) Processed features for key f009_oldfemale-word-mäori-R009M-06b
VLOG[2] (compute-plp-feats[5.2.132~9-82686]:main():compute-plp-feats.cc:173) Processed features for key f009_oldfemale-word-mäori-R009M-07
VLOG[2] (compute-plp-feats[5.2.132~9-82686]:main():compute-plp-feats.cc:173) Processed features for key f009_oldfemale-word-mäori-R009M-09a
VLOG[2] (compute-plp-feats[5.2.132~9-82686]:main():compute-plp-feats.cc:173) Processed features for key f009_oldfemale-word-mäori-R009M-09b
VLOG[2] (compute-plp-feats[5.2.132~9-82686]:main():compute-plp-feats.cc:173) Processed features for key f009_oldfemale-word-mäori-R009M-09c
VLOG[2] (compute-plp-feats[5.2.132~9-82686]:main():compute-plp-feats.cc:173) Processed features for key f009_oldfemale-word-mäori-R009M-13
VLOG[2] (compute-plp-feats[5.2.132~9-82686]:main():compute-plp-feats.cc:173) Processed features for key f009_oldfemale-word-mäori-R009M-14
VLOG[2] (compute-plp-feats[5.2.132~9-82686]:main():compute-plp-feats.cc:173) Processed features for key f009_oldfemale-word-rima-R009M-02a
LOG (compute-plp-feats[5.2.132~9-82686]:main():compute-plp-feats.cc:172) Processed 380 utterances
VLOG[2] (compute-plp-feats[5.2.132~9-82686]:main():compute-plp-feats.cc:173) Processed features for key f009_oldfemale-word-rima-R009M-02b
VLOG[2] (compute-plp-feats[5.2.132~9-82686]:main():compute-plp-feats.cc:173) Processed features for key f009_oldfemale-word-rima-R009M-08a
VLOG[2] (compute-plp-feats[5.2.132~9-82686]:main():compute-plp-feats.cc:173) Processed features for key f009_oldfemale-word-rima-R009M-08b
VLOG[2] (compute-plp-feats[5.2.132~9-82686]:main():compute-plp-feats.cc:173) Processed features for key f009_oldfemale-word-rima-R009M-09
VLOG[2] (compute-plp-feats[5.2.132~9-82686]:main():compute-plp-feats.cc:173) Processed features for key f009_oldfemale-word-rua-R009M-01
VLOG[2] (compute-plp-feats[5.2.132~9-82686]:main():compute-plp-feats.cc:173) Processed features for key f009_oldfemale-word-rua-R009M-02
VLOG[2] (compute-plp-feats[5.2.132~9-82686]:main():compute-plp-feats.cc:173) Processed features for key f009_oldfemale-word-rua-R009M-07
VLOG[2] (compute-plp-feats[5.2.132~9-82686]:main():compute-plp-feats.cc:173) Processed features for key f009_oldfemale-word-rua-R009M-10a
VLOG[2] (compute-plp-feats[5.2.132~9-82686]:main():compute-plp-feats.cc:173) Processed features for key f009_oldfemale-word-rua-R009M-10b
VLOG[2] (compute-plp-feats[5.2.132~9-82686]:main():compute-plp-feats.cc:173) Processed features for key f009_oldfemale-word-tahi-R009M-02
LOG (compute-plp-feats[5.2.132~9-82686]:main():compute-plp-feats.cc:172) Processed 390 utterances
VLOG[2] (compute-plp-feats[5.2.132~9-82686]:main():compute-plp-feats.cc:173) Processed features for key f009_oldfemale-word-tahi-R009M-04
VLOG[2] (compute-plp-feats[5.2.132~9-82686]:main():compute-plp-feats.cc:173) Processed features for key f009_oldfemale-word-tahi-R009M-06
VLOG[2] (compute-plp-feats[5.2.132~9-82686]:main():compute-plp-feats.cc:173) Processed features for key f009_oldfemale-word-tahi-R009M-10
VLOG[2] (compute-plp-feats[5.2.132~9-82686]:main():compute-plp-feats.cc:173) Processed features for key f009_oldfemale-word-tekau-R009M-01
VLOG[2] (compute-plp-feats[5.2.132~9-82686]:main():compute-plp-feats.cc:173) Processed features for key f009_oldfemale-word-tikanga-R009M-11a
VLOG[2] (compute-plp-feats[5.2.132~9-82686]:main():compute-plp-feats.cc:173) Processed features for key f009_oldfemale-word-tikanga-R009M-11b
VLOG[2] (compute-plp-feats[5.2.132~9-82686]:main():compute-plp-feats.cc:173) Processed features for key f009_oldfemale-word-tïmata-R009M-09a
VLOG[2] (compute-plp-feats[5.2.132~9-82686]:main():compute-plp-feats.cc:173) Processed features for key f009_oldfemale-word-tïmata-R009M-09b
VLOG[2] (compute-plp-feats[5.2.132~9-82686]:main():compute-plp-feats.cc:173) Processed features for key f009_oldfemale-word-tïmata-R009M-10
VLOG[2] (compute-plp-feats[5.2.132~9-82686]:main():compute-plp-feats.cc:173) Processed features for key f009_oldfemale-word-tïmata-R009M-11
LOG (compute-plp-feats[5.2.132~9-82686]:main():compute-plp-feats.cc:172) Processed 400 utterances
VLOG[2] (compute-plp-feats[5.2.132~9-82686]:main():compute-plp-feats.cc:173) Processed features for key f009_oldfemale-word-tïmata-R009M-13
VLOG[2] (compute-plp-feats[5.2.132~9-82686]:main():compute-plp-feats.cc:173) Processed features for key f009_oldfemale-word-tïmata-R009M-14
VLOG[2] (compute-plp-feats[5.2.132~9-82686]:main():compute-plp-feats.cc:173) Processed features for key f009_oldfemale-word-wairua-R009M-14
VLOG[2] (compute-plp-feats[5.2.132~9-82686]:main():compute-plp-feats.cc:173) Processed features for key f009_oldfemale-word-waka-R009M-04a
VLOG[2] (compute-plp-feats[5.2.132~9-82686]:main():compute-plp-feats.cc:173) Processed features for key f009_oldfemale-word-waka-R009M-04b1
VLOG[2] (compute-plp-feats[5.2.132~9-82686]:main():compute-plp-feats.cc:173) Processed features for key f009_oldfemale-word-waka-R009M-04c
VLOG[2] (compute-plp-feats[5.2.132~9-82686]:main():compute-plp-feats.cc:173) Processed features for key f009_oldfemale-word-waru-R009M-13a
VLOG[2] (compute-plp-feats[5.2.132~9-82686]:main():compute-plp-feats.cc:173) Processed features for key f009_oldfemale-word-waru-R009M-13b
VLOG[2] (compute-plp-feats[5.2.132~9-82686]:main():compute-plp-feats.cc:173) Processed features for key f009_oldfemale-word-whare-R009M-05
VLOG[2] (compute-plp-feats[5.2.132~9-82686]:main():compute-plp-feats.cc:173) Processed features for key f009_oldfemale-word-whare-R009M-11
LOG (compute-plp-feats[5.2.132~9-82686]:main():compute-plp-feats.cc:172) Processed 410 utterances
VLOG[2] (compute-plp-feats[5.2.132~9-82686]:main():compute-plp-feats.cc:173) Processed features for key f009_oldfemale-word-whitu-R009M-02
VLOG[2] (compute-plp-feats[5.2.132~9-82686]:main():compute-plp-feats.cc:173) Processed features for key f009_oldfemale-word-whä-R009M-01
VLOG[2] (compute-plp-feats[5.2.132~9-82686]:main():compute-plp-feats.cc:173) Processed features for key f009_oldfemale-word-whä-R009M-06
VLOG[2] (compute-plp-feats[5.2.132~9-82686]:main():compute-plp-feats.cc:173) Processed features for key f009_oldfemale-word-whä-R009M-13
VLOG[2] (compute-plp-feats[5.2.132~9-82686]:main():compute-plp-feats.cc:173) Processed features for key f009_oldfemale-word-wähi-R009M-01
VLOG[2] (compute-plp-feats[5.2.132~9-82686]:main():compute-plp-feats.cc:173) Processed features for key f009_oldfemale-word-wähi-R009M-02a1
VLOG[2] (compute-plp-feats[5.2.132~9-82686]:main():compute-plp-feats.cc:173) Processed features for key f009_oldfemale-word-wähi-R009M-02a2
VLOG[2] (compute-plp-feats[5.2.132~9-82686]:main():compute-plp-feats.cc:173) Processed features for key f009_oldfemale-word-wähi-R009M-07
VLOG[2] (compute-plp-feats[5.2.132~9-82686]:main():compute-plp-feats.cc:173) Processed features for key f009_oldfemale-word-wähi-R009M-09
VLOG[2] (compute-plp-feats[5.2.132~9-82686]:main():compute-plp-feats.cc:173) Processed features for key f009_oldfemale-word-wähi-R009M-14a
LOG (compute-plp-feats[5.2.132~9-82686]:main():compute-plp-feats.cc:172) Processed 420 utterances
VLOG[2] (compute-plp-feats[5.2.132~9-82686]:main():compute-plp-feats.cc:173) Processed features for key f009_oldfemale-word-wähi-R009M-14b
VLOG[2] (compute-plp-feats[5.2.132~9-82686]:main():compute-plp-feats.cc:173) Processed features for key f009_oldfemale-word-wähi-R009M-14c
VLOG[2] (compute-plp-feats[5.2.132~9-82686]:main():compute-plp-feats.cc:173) Processed features for key f010_oldfemale-word-aroha-R010M-01
VLOG[2] (compute-plp-feats[5.2.132~9-82686]:main():compute-plp-feats.cc:173) Processed features for key f010_oldfemale-word-aroha-R010M-03
VLOG[2] (compute-plp-feats[5.2.132~9-82686]:main():compute-plp-feats.cc:173) Processed features for key f010_oldfemale-word-aroha-R010M-10a
VLOG[2] (compute-plp-feats[5.2.132~9-82686]:main():compute-plp-feats.cc:173) Processed features for key f010_oldfemale-word-aroha-R010M-10b
VLOG[2] (compute-plp-feats[5.2.132~9-82686]:main():compute-plp-feats.cc:173) Processed features for key f010_oldfemale-word-haere_mai-R010M-05
VLOG[2] (compute-plp-feats[5.2.132~9-82686]:main():compute-plp-feats.cc:173) Processed features for key f010_oldfemale-word-haere_mai-R010M-06
VLOG[2] (compute-plp-feats[5.2.132~9-82686]:main():compute-plp-feats.cc:173) Processed features for key f010_oldfemale-word-haere_mai-R010M-07a
VLOG[2] (compute-plp-feats[5.2.132~9-82686]:main():compute-plp-feats.cc:173) Processed features for key f010_oldfemale-word-haere_mai-R010M-07b
LOG (compute-plp-feats[5.2.132~9-82686]:main():compute-plp-feats.cc:172) Processed 430 utterances
VLOG[2] (compute-plp-feats[5.2.132~9-82686]:main():compute-plp-feats.cc:173) Processed features for key f010_oldfemale-word-ka_pai-R010M-05
VLOG[2] (compute-plp-feats[5.2.132~9-82686]:main():compute-plp-feats.cc:173) Processed features for key f010_oldfemale-word-ka_pai-R010M-07
VLOG[2] (compute-plp-feats[5.2.132~9-82686]:main():compute-plp-feats.cc:173) Processed features for key f010_oldfemale-word-ka_pai-R010M-13
VLOG[2] (compute-plp-feats[5.2.132~9-82686]:main():compute-plp-feats.cc:173) Processed features for key f010_oldfemale-word-karanga-R010M-01a
VLOG[2] (compute-plp-feats[5.2.132~9-82686]:main():compute-plp-feats.cc:173) Processed features for key f010_oldfemale-word-karanga-R010M-01b
VLOG[2] (compute-plp-feats[5.2.132~9-82686]:main():compute-plp-feats.cc:173) Processed features for key f010_oldfemale-word-karanga-R010M-06
VLOG[2] (compute-plp-feats[5.2.132~9-82686]:main():compute-plp-feats.cc:173) Processed features for key f010_oldfemale-word-karanga-R010M-09
VLOG[2] (compute-plp-feats[5.2.132~9-82686]:main():compute-plp-feats.cc:173) Processed features for key f010_oldfemale-word-kaumätua-R010M-01
VLOG[2] (compute-plp-feats[5.2.132~9-82686]:main():compute-plp-feats.cc:173) Processed features for key f010_oldfemale-word-kaumätua-R010M-06a
VLOG[2] (compute-plp-feats[5.2.132~9-82686]:main():compute-plp-feats.cc:173) Processed features for key f010_oldfemale-word-kaumätua-R010M-06b
LOG (compute-plp-feats[5.2.132~9-82686]:main():compute-plp-feats.cc:172) Processed 440 utterances
VLOG[2] (compute-plp-feats[5.2.132~9-82686]:main():compute-plp-feats.cc:173) Processed features for key f010_oldfemale-word-kia_ora-R010M-01
VLOG[2] (compute-plp-feats[5.2.132~9-82686]:main():compute-plp-feats.cc:173) Processed features for key f010_oldfemale-word-kuia-R010M-01a
VLOG[2] (compute-plp-feats[5.2.132~9-82686]:main():compute-plp-feats.cc:173) Processed features for key f010_oldfemale-word-kuia-R010M-01b
VLOG[2] (compute-plp-feats[5.2.132~9-82686]:main():compute-plp-feats.cc:173) Processed features for key f010_oldfemale-word-kuia-R010M-01c
VLOG[2] (compute-plp-feats[5.2.132~9-82686]:main():compute-plp-feats.cc:173) Processed features for key f010_oldfemale-word-kuia-R010M-01d
VLOG[2] (compute-plp-feats[5.2.132~9-82686]:main():compute-plp-feats.cc:173) Processed features for key f010_oldfemale-word-kuia-R010M-01e
VLOG[2] (compute-plp-feats[5.2.132~9-82686]:main():compute-plp-feats.cc:173) Processed features for key f010_oldfemale-word-kuia-R010M-01f
VLOG[2] (compute-plp-feats[5.2.132~9-82686]:main():compute-plp-feats.cc:173) Processed features for key f010_oldfemale-word-kuia-R010M-01g
VLOG[2] (compute-plp-feats[5.2.132~9-82686]:main():compute-plp-feats.cc:173) Processed features for key f010_oldfemale-word-kuia-R010M-01h
VLOG[2] (compute-plp-feats[5.2.132~9-82686]:main():compute-plp-feats.cc:173) Processed features for key f010_oldfemale-word-kuia-R010M-02
LOG (compute-plp-feats[5.2.132~9-82686]:main():compute-plp-feats.cc:172) Processed 450 utterances
VLOG[2] (compute-plp-feats[5.2.132~9-82686]:main():compute-plp-feats.cc:173) Processed features for key f010_oldfemale-word-kuia-R010M-05a
VLOG[2] (compute-plp-feats[5.2.132~9-82686]:main():compute-plp-feats.cc:173) Processed features for key f010_oldfemale-word-kuia-R010M-05b
VLOG[2] (compute-plp-feats[5.2.132~9-82686]:main():compute-plp-feats.cc:173) Processed features for key f010_oldfemale-word-körero-R010M-01
VLOG[2] (compute-plp-feats[5.2.132~9-82686]:main():compute-plp-feats.cc:173) Processed features for key f010_oldfemale-word-körero-R010M-02
VLOG[2] (compute-plp-feats[5.2.132~9-82686]:main():compute-plp-feats.cc:173) Processed features for key f010_oldfemale-word-körero-R010M-04a
VLOG[2] (compute-plp-feats[5.2.132~9-82686]:main():compute-plp-feats.cc:173) Processed features for key f010_oldfemale-word-körero-R010M-04b
VLOG[2] (compute-plp-feats[5.2.132~9-82686]:main():compute-plp-feats.cc:173) Processed features for key f010_oldfemale-word-marae-R010M-02
VLOG[2] (compute-plp-feats[5.2.132~9-82686]:main():compute-plp-feats.cc:173) Processed features for key f010_oldfemale-word-marae-R010M-05
VLOG[2] (compute-plp-feats[5.2.132~9-82686]:main():compute-plp-feats.cc:173) Processed features for key f010_oldfemale-word-marae-R010M-07
VLOG[2] (compute-plp-feats[5.2.132~9-82686]:main():compute-plp-feats.cc:173) Processed features for key f010_oldfemale-word-maunga-R010M-04
LOG (compute-plp-feats[5.2.132~9-82686]:main():compute-plp-feats.cc:172) Processed 460 utterances
VLOG[2] (compute-plp-feats[5.2.132~9-82686]:main():compute-plp-feats.cc:173) Processed features for key f010_oldfemale-word-mihi-R010M-02a
VLOG[2] (compute-plp-feats[5.2.132~9-82686]:main():compute-plp-feats.cc:173) Processed features for key f010_oldfemale-word-mihi-R010M-02b
VLOG[2] (compute-plp-feats[5.2.132~9-82686]:main():compute-plp-feats.cc:173) Processed features for key f010_oldfemale-word-moana-R010M-04
VLOG[2] (compute-plp-feats[5.2.132~9-82686]:main():compute-plp-feats.cc:173) Processed features for key f010_oldfemale-word-mokopuna-R010M-05
VLOG[2] (compute-plp-feats[5.2.132~9-82686]:main():compute-plp-feats.cc:173) Processed features for key f010_oldfemale-word-rua-R010M-04
VLOG[2] (compute-plp-feats[5.2.132~9-82686]:main():compute-plp-feats.cc:173) Processed features for key f010_oldfemale-word-rua-R010M-05
VLOG[2] (compute-plp-feats[5.2.132~9-82686]:main():compute-plp-feats.cc:173) Processed features for key f010_oldfemale-word-tahi-R010M-02
VLOG[2] (compute-plp-feats[5.2.132~9-82686]:main():compute-plp-feats.cc:173) Processed features for key f010_oldfemale-word-tahi-R010M-05
VLOG[2] (compute-plp-feats[5.2.132~9-82686]:main():compute-plp-feats.cc:173) Processed features for key f010_oldfemale-word-tangi-R010M-01
VLOG[2] (compute-plp-feats[5.2.132~9-82686]:main():compute-plp-feats.cc:173) Processed features for key f010_oldfemale-word-tangi-R010M-03
LOG (compute-plp-feats[5.2.132~9-82686]:main():compute-plp-feats.cc:172) Processed 470 utterances
VLOG[2] (compute-plp-feats[5.2.132~9-82686]:main():compute-plp-feats.cc:173) Processed features for key f010_oldfemale-word-tangi-R010M-05a
VLOG[2] (compute-plp-feats[5.2.132~9-82686]:main():compute-plp-feats.cc:173) Processed features for key f010_oldfemale-word-tangi-R010M-05b
VLOG[2] (compute-plp-feats[5.2.132~9-82686]:main():compute-plp-feats.cc:173) Processed features for key f010_oldfemale-word-tikanga-R010M-02
VLOG[2] (compute-plp-feats[5.2.132~9-82686]:main():compute-plp-feats.cc:173) Processed features for key f010_oldfemale-word-tikanga-R010M-04
VLOG[2] (compute-plp-feats[5.2.132~9-82686]:main():compute-plp-feats.cc:173) Processed features for key f010_oldfemale-word-toru-R010M-07
VLOG[2] (compute-plp-feats[5.2.132~9-82686]:main():compute-plp-feats.cc:173) Processed features for key f010_oldfemale-word-tënä_koe-R010M-07
VLOG[2] (compute-plp-feats[5.2.132~9-82686]:main():compute-plp-feats.cc:173) Processed features for key f010_oldfemale-word-tïmata-R010M-01
VLOG[2] (compute-plp-feats[5.2.132~9-82686]:main():compute-plp-feats.cc:173) Processed features for key f010_oldfemale-word-türanga-R010M-02
VLOG[2] (compute-plp-feats[5.2.132~9-82686]:main():compute-plp-feats.cc:173) Processed features for key f010_oldfemale-word-waewae-R010M-04a
VLOG[2] (compute-plp-feats[5.2.132~9-82686]:main():compute-plp-feats.cc:173) Processed features for key f010_oldfemale-word-waewae-R010M-04b
LOG (compute-plp-feats[5.2.132~9-82686]:main():compute-plp-feats.cc:172) Processed 480 utterances
VLOG[2] (compute-plp-feats[5.2.132~9-82686]:main():compute-plp-feats.cc:173) Processed features for key f010_oldfemale-word-waewae-R010M-06
VLOG[2] (compute-plp-feats[5.2.132~9-82686]:main():compute-plp-feats.cc:173) Processed features for key f010_oldfemale-word-wairua-R010M-01
VLOG[2] (compute-plp-feats[5.2.132~9-82686]:main():compute-plp-feats.cc:173) Processed features for key f010_oldfemale-word-wairua-R010M-04
VLOG[2] (compute-plp-feats[5.2.132~9-82686]:main():compute-plp-feats.cc:173) Processed features for key f010_oldfemale-word-wairua-R010M-06a
VLOG[2] (compute-plp-feats[5.2.132~9-82686]:main():compute-plp-feats.cc:173) Processed features for key f010_oldfemale-word-wairua-R010M-06b
VLOG[2] (compute-plp-feats[5.2.132~9-82686]:main():compute-plp-feats.cc:173) Processed features for key f010_oldfemale-word-waka-R010M-09
VLOG[2] (compute-plp-feats[5.2.132~9-82686]:main():compute-plp-feats.cc:173) Processed features for key f010_oldfemale-word-whare-R010M-03
VLOG[2] (compute-plp-feats[5.2.132~9-82686]:main():compute-plp-feats.cc:173) Processed features for key f011_oldfemale-word-hängi-R011M-04a1
VLOG[2] (compute-plp-feats[5.2.132~9-82686]:main():compute-plp-feats.cc:173) Processed features for key f011_oldfemale-word-hängi-R011M-04a2
VLOG[2] (compute-plp-feats[5.2.132~9-82686]:main():compute-plp-feats.cc:173) Processed features for key f011_oldfemale-word-hängi-R011M-04a3
LOG (compute-plp-feats[5.2.132~9-82686]:main():compute-plp-feats.cc:172) Processed 490 utterances
VLOG[2] (compute-plp-feats[5.2.132~9-82686]:main():compute-plp-feats.cc:173) Processed features for key f011_oldfemale-word-hängi-R011M-04b
VLOG[2] (compute-plp-feats[5.2.132~9-82686]:main():compute-plp-feats.cc:173) Processed features for key m001_oldmale-word-aroha-K001M-02
VLOG[2] (compute-plp-feats[5.2.132~9-82686]:main():compute-plp-feats.cc:173) Processed features for key m001_oldmale-word-aroha-K001M-03
VLOG[2] (compute-plp-feats[5.2.132~9-82686]:main():compute-plp-feats.cc:173) Processed features for key m001_oldmale-word-aroha-K001M-08
VLOG[2] (compute-plp-feats[5.2.132~9-82686]:main():compute-plp-feats.cc:173) Processed features for key m001_oldmale-word-iwa-K001M-07
VLOG[2] (compute-plp-feats[5.2.132~9-82686]:main():compute-plp-feats.cc:173) Processed features for key m001_oldmale-word-ka_pai-K001M-03
VLOG[2] (compute-plp-feats[5.2.132~9-82686]:main():compute-plp-feats.cc:173) Processed features for key m001_oldmale-word-ka_pai-K001M-04
VLOG[2] (compute-plp-feats[5.2.132~9-82686]:main():compute-plp-feats.cc:173) Processed features for key m001_oldmale-word-koha-K001M-02a
VLOG[2] (compute-plp-feats[5.2.132~9-82686]:main():compute-plp-feats.cc:173) Processed features for key m001_oldmale-word-koha-K001M-02b
VLOG[2] (compute-plp-feats[5.2.132~9-82686]:main():compute-plp-feats.cc:173) Processed features for key m001_oldmale-word-käinga-K001M-02
LOG (compute-plp-feats[5.2.132~9-82686]:main():compute-plp-feats.cc:172) Processed 500 utterances
VLOG[2] (compute-plp-feats[5.2.132~9-82686]:main():compute-plp-feats.cc:173) Processed features for key m001_oldmale-word-käinga-K001M-03a
VLOG[2] (compute-plp-feats[5.2.132~9-82686]:main():compute-plp-feats.cc:173) Processed features for key m001_oldmale-word-käinga-K001M-03b
VLOG[2] (compute-plp-feats[5.2.132~9-82686]:main():compute-plp-feats.cc:173) Processed features for key m001_oldmale-word-käinga-K001M-03c
VLOG[2] (compute-plp-feats[5.2.132~9-82686]:main():compute-plp-feats.cc:173) Processed features for key m001_oldmale-word-käinga-K001M-03d
VLOG[2] (compute-plp-feats[5.2.132~9-82686]:main():compute-plp-feats.cc:173) Processed features for key m001_oldmale-word-käinga-K001M-03e
VLOG[2] (compute-plp-feats[5.2.132~9-82686]:main():compute-plp-feats.cc:173) Processed features for key m001_oldmale-word-käinga-K001M-06a
VLOG[2] (compute-plp-feats[5.2.132~9-82686]:main():compute-plp-feats.cc:173) Processed features for key m001_oldmale-word-käinga-K001M-06b
VLOG[2] (compute-plp-feats[5.2.132~9-82686]:main():compute-plp-feats.cc:173) Processed features for key m001_oldmale-word-käinga-K001M-07a
VLOG[2] (compute-plp-feats[5.2.132~9-82686]:main():compute-plp-feats.cc:173) Processed features for key m001_oldmale-word-käinga-K001M-07b
VLOG[2] (compute-plp-feats[5.2.132~9-82686]:main():compute-plp-feats.cc:173) Processed features for key m001_oldmale-word-käinga-K001M-07e
LOG (compute-plp-feats[5.2.132~9-82686]:main():compute-plp-feats.cc:172) Processed 510 utterances
VLOG[2] (compute-plp-feats[5.2.132~9-82686]:main():compute-plp-feats.cc:173) Processed features for key m001_oldmale-word-käinga-K001M-07f
VLOG[2] (compute-plp-feats[5.2.132~9-82686]:main():compute-plp-feats.cc:173) Processed features for key m001_oldmale-word-körero-K001M-01
VLOG[2] (compute-plp-feats[5.2.132~9-82686]:main():compute-plp-feats.cc:173) Processed features for key m001_oldmale-word-körero-K001M-02a
VLOG[2] (compute-plp-feats[5.2.132~9-82686]:main():compute-plp-feats.cc:173) Processed features for key m001_oldmale-word-körero-K001M-02b
VLOG[2] (compute-plp-feats[5.2.132~9-82686]:main():compute-plp-feats.cc:173) Processed features for key m001_oldmale-word-körero-K001M-04
VLOG[2] (compute-plp-feats[5.2.132~9-82686]:main():compute-plp-feats.cc:173) Processed features for key m001_oldmale-word-mihi-K001M06a
VLOG[2] (compute-plp-feats[5.2.132~9-82686]:main():compute-plp-feats.cc:173) Processed features for key m001_oldmale-word-mihi-K001M06b
VLOG[2] (compute-plp-feats[5.2.132~9-82686]:main():compute-plp-feats.cc:173) Processed features for key m001_oldmale-word-mokopuna-K001M-06
VLOG[2] (compute-plp-feats[5.2.132~9-82686]:main():compute-plp-feats.cc:173) Processed features for key m001_oldmale-word-mäori-K001M-01a
VLOG[2] (compute-plp-feats[5.2.132~9-82686]:main():compute-plp-feats.cc:173) Processed features for key m001_oldmale-word-mäori-K001M-01b
LOG (compute-plp-feats[5.2.132~9-82686]:main():compute-plp-feats.cc:172) Processed 520 utterances
VLOG[2] (compute-plp-feats[5.2.132~9-82686]:main():compute-plp-feats.cc:173) Processed features for key m001_oldmale-word-mäori-K001M-04a
VLOG[2] (compute-plp-feats[5.2.132~9-82686]:main():compute-plp-feats.cc:173) Processed features for key m001_oldmale-word-mäori-K001M-04b
VLOG[2] (compute-plp-feats[5.2.132~9-82686]:main():compute-plp-feats.cc:173) Processed features for key m001_oldmale-word-mäori-K001M-06
VLOG[2] (compute-plp-feats[5.2.132~9-82686]:main():compute-plp-feats.cc:173) Processed features for key m001_oldmale-word-rima-K001M-02
VLOG[2] (compute-plp-feats[5.2.132~9-82686]:main():compute-plp-feats.cc:173) Processed features for key m001_oldmale-word-rima-K001M-03
VLOG[2] (compute-plp-feats[5.2.132~9-82686]:main():compute-plp-feats.cc:173) Processed features for key m001_oldmale-word-rima-K001M-04a
VLOG[2] (compute-plp-feats[5.2.132~9-82686]:main():compute-plp-feats.cc:173) Processed features for key m001_oldmale-word-rima-K001M-04b
VLOG[2] (compute-plp-feats[5.2.132~9-82686]:main():compute-plp-feats.cc:173) Processed features for key m001_oldmale-word-rima-K001M-07
VLOG[2] (compute-plp-feats[5.2.132~9-82686]:main():compute-plp-feats.cc:173) Processed features for key m001_oldmale-word-rua-K001M-04a
VLOG[2] (compute-plp-feats[5.2.132~9-82686]:main():compute-plp-feats.cc:173) Processed features for key m001_oldmale-word-rua-K001M-04b
LOG (compute-plp-feats[5.2.132~9-82686]:main():compute-plp-feats.cc:172) Processed 530 utterances
VLOG[2] (compute-plp-feats[5.2.132~9-82686]:main():compute-plp-feats.cc:173) Processed features for key m001_oldmale-word-rua-K001M-06a
VLOG[2] (compute-plp-feats[5.2.132~9-82686]:main():compute-plp-feats.cc:173) Processed features for key m001_oldmale-word-rua-K001M-06b
VLOG[2] (compute-plp-feats[5.2.132~9-82686]:main():compute-plp-feats.cc:173) Processed features for key m001_oldmale-word-rua-K001M-08a
VLOG[2] (compute-plp-feats[5.2.132~9-82686]:main():compute-plp-feats.cc:173) Processed features for key m001_oldmale-word-rua-K001M-08b
VLOG[2] (compute-plp-feats[5.2.132~9-82686]:main():compute-plp-feats.cc:173) Processed features for key m001_oldmale-word-tahi-K001M-03
VLOG[2] (compute-plp-feats[5.2.132~9-82686]:main():compute-plp-feats.cc:173) Processed features for key m001_oldmale-word-tahi-K001M-04
VLOG[2] (compute-plp-feats[5.2.132~9-82686]:main():compute-plp-feats.cc:173) Processed features for key m001_oldmale-word-tahi-K001M-05
VLOG[2] (compute-plp-feats[5.2.132~9-82686]:main():compute-plp-feats.cc:173) Processed features for key m001_oldmale-word-tamariki-K001M-01
VLOG[2] (compute-plp-feats[5.2.132~9-82686]:main():compute-plp-feats.cc:173) Processed features for key m001_oldmale-word-tamariki-K001M-02
VLOG[2] (compute-plp-feats[5.2.132~9-82686]:main():compute-plp-feats.cc:173) Processed features for key m001_oldmale-word-tamariki-K001M-04a
LOG (compute-plp-feats[5.2.132~9-82686]:main():compute-plp-feats.cc:172) Processed 540 utterances
VLOG[2] (compute-plp-feats[5.2.132~9-82686]:main():compute-plp-feats.cc:173) Processed features for key m001_oldmale-word-tamariki-K001M-04b
VLOG[2] (compute-plp-feats[5.2.132~9-82686]:main():compute-plp-feats.cc:173) Processed features for key m001_oldmale-word-tamariki-K001M-05a
VLOG[2] (compute-plp-feats[5.2.132~9-82686]:main():compute-plp-feats.cc:173) Processed features for key m001_oldmale-word-tamariki-K001M-05b
VLOG[2] (compute-plp-feats[5.2.132~9-82686]:main():compute-plp-feats.cc:173) Processed features for key m001_oldmale-word-tamariki-K001M-05c
VLOG[2] (compute-plp-feats[5.2.132~9-82686]:main():compute-plp-feats.cc:173) Processed features for key m001_oldmale-word-taringa-K001M-05
VLOG[2] (compute-plp-feats[5.2.132~9-82686]:main():compute-plp-feats.cc:173) Processed features for key m001_oldmale-word-tekau-K001M-04a
VLOG[2] (compute-plp-feats[5.2.132~9-82686]:main():compute-plp-feats.cc:173) Processed features for key m001_oldmale-word-tekau-K001M-04b
VLOG[2] (compute-plp-feats[5.2.132~9-82686]:main():compute-plp-feats.cc:173) Processed features for key m001_oldmale-word-tekau-K001M-04c
VLOG[2] (compute-plp-feats[5.2.132~9-82686]:main():compute-plp-feats.cc:173) Processed features for key m001_oldmale-word-tikanga-K001M-01a
VLOG[2] (compute-plp-feats[5.2.132~9-82686]:main():compute-plp-feats.cc:173) Processed features for key m001_oldmale-word-tikanga-K001M-01b
LOG (compute-plp-feats[5.2.132~9-82686]:main():compute-plp-feats.cc:172) Processed 550 utterances
VLOG[2] (compute-plp-feats[5.2.132~9-82686]:main():compute-plp-feats.cc:173) Processed features for key m001_oldmale-word-tikanga-K001M-02
VLOG[2] (compute-plp-feats[5.2.132~9-82686]:main():compute-plp-feats.cc:173) Processed features for key m001_oldmale-word-tikanga-K001M-07
VLOG[2] (compute-plp-feats[5.2.132~9-82686]:main():compute-plp-feats.cc:173) Processed features for key m001_oldmale-word-tikanga-K001M-08
VLOG[2] (compute-plp-feats[5.2.132~9-82686]:main():compute-plp-feats.cc:173) Processed features for key m001_oldmale-word-toru-K001M-05
VLOG[2] (compute-plp-feats[5.2.132~9-82686]:main():compute-plp-feats.cc:173) Processed features for key m001_oldmale-word-tïmata-K001M-03a
VLOG[2] (compute-plp-feats[5.2.132~9-82686]:main():compute-plp-feats.cc:173) Processed features for key m001_oldmale-word-tïmata-K001M-03b
VLOG[2] (compute-plp-feats[5.2.132~9-82686]:main():compute-plp-feats.cc:173) Processed features for key m001_oldmale-word-tïmata-K001M-03c
VLOG[2] (compute-plp-feats[5.2.132~9-82686]:main():compute-plp-feats.cc:173) Processed features for key m001_oldmale-word-tïmata-K001M-04
VLOG[2] (compute-plp-feats[5.2.132~9-82686]:main():compute-plp-feats.cc:173) Processed features for key m001_oldmale-word-tïmata-K001M-06
VLOG[2] (compute-plp-feats[5.2.132~9-82686]:main():compute-plp-feats.cc:173) Processed features for key m001_oldmale-word-tïmata-K001M-08
LOG (compute-plp-feats[5.2.132~9-82686]:main():compute-plp-feats.cc:172) Processed 560 utterances
VLOG[2] (compute-plp-feats[5.2.132~9-82686]:main():compute-plp-feats.cc:173) Processed features for key m001_oldmale-word-waewae-K001M-08
VLOG[2] (compute-plp-feats[5.2.132~9-82686]:main():compute-plp-feats.cc:173) Processed features for key m001_oldmale-word-waka-K001M-05a
VLOG[2] (compute-plp-feats[5.2.132~9-82686]:main():compute-plp-feats.cc:173) Processed features for key m001_oldmale-word-waka-K001M-05b
VLOG[2] (compute-plp-feats[5.2.132~9-82686]:main():compute-plp-feats.cc:173) Processed features for key m001_oldmale-word-waru-K001M-01
VLOG[2] (compute-plp-feats[5.2.132~9-82686]:main():compute-plp-feats.cc:173) Processed features for key m001_oldmale-word-waru-K001M-04
VLOG[2] (compute-plp-feats[5.2.132~9-82686]:main():compute-plp-feats.cc:173) Processed features for key m001_oldmale-word-waru-K001M-04b1
VLOG[2] (compute-plp-feats[5.2.132~9-82686]:main():compute-plp-feats.cc:173) Processed features for key m001_oldmale-word-waru-K001M-04b2
VLOG[2] (compute-plp-feats[5.2.132~9-82686]:main():compute-plp-feats.cc:173) Processed features for key m001_oldmale-word-whare-K001M-04
VLOG[2] (compute-plp-feats[5.2.132~9-82686]:main():compute-plp-feats.cc:173) Processed features for key m001_oldmale-word-whare-K001M-05
VLOG[2] (compute-plp-feats[5.2.132~9-82686]:main():compute-plp-feats.cc:173) Processed features for key m001_oldmale-word-whare-K001M-06
LOG (compute-plp-feats[5.2.132~9-82686]:main():compute-plp-feats.cc:172) Processed 570 utterances
VLOG[2] (compute-plp-feats[5.2.132~9-82686]:main():compute-plp-feats.cc:173) Processed features for key m001_oldmale-word-whitu-K001M-02
VLOG[2] (compute-plp-feats[5.2.132~9-82686]:main():compute-plp-feats.cc:173) Processed features for key m001_oldmale-word-whä-K001M-03
VLOG[2] (compute-plp-feats[5.2.132~9-82686]:main():compute-plp-feats.cc:173) Processed features for key m001_oldmale-word-whä-K001M-04
VLOG[2] (compute-plp-feats[5.2.132~9-82686]:main():compute-plp-feats.cc:173) Processed features for key m001_oldmale-word-whä-K001M-05a1
VLOG[2] (compute-plp-feats[5.2.132~9-82686]:main():compute-plp-feats.cc:173) Processed features for key m001_oldmale-word-whä-K001M-05a2
VLOG[2] (compute-plp-feats[5.2.132~9-82686]:main():compute-plp-feats.cc:173) Processed features for key m001_oldmale-word-whänau-K001M-01
VLOG[2] (compute-plp-feats[5.2.132~9-82686]:main():compute-plp-feats.cc:173) Processed features for key m001_oldmale-word-whänau-K001M-02
VLOG[2] (compute-plp-feats[5.2.132~9-82686]:main():compute-plp-feats.cc:173) Processed features for key m001_oldmale-word-whänau-K001M-04
VLOG[2] (compute-plp-feats[5.2.132~9-82686]:main():compute-plp-feats.cc:173) Processed features for key m001_oldmale-word-wä-K001M-01a
VLOG[2] (compute-plp-feats[5.2.132~9-82686]:main():compute-plp-feats.cc:173) Processed features for key m001_oldmale-word-wä-K001M-01b
LOG (compute-plp-feats[5.2.132~9-82686]:main():compute-plp-feats.cc:172) Processed 580 utterances
VLOG[2] (compute-plp-feats[5.2.132~9-82686]:main():compute-plp-feats.cc:173) Processed features for key m001_oldmale-word-wä-K001M-02a
VLOG[2] (compute-plp-feats[5.2.132~9-82686]:main():compute-plp-feats.cc:173) Processed features for key m001_oldmale-word-wä-K001M-02b
VLOG[2] (compute-plp-feats[5.2.132~9-82686]:main():compute-plp-feats.cc:173) Processed features for key m001_oldmale-word-wä-K001M-02c
VLOG[2] (compute-plp-feats[5.2.132~9-82686]:main():compute-plp-feats.cc:173) Processed features for key m001_oldmale-word-wähi-K001M-01
VLOG[2] (compute-plp-feats[5.2.132~9-82686]:main():compute-plp-feats.cc:173) Processed features for key m001_oldmale-word-wähi-K001M-02a
VLOG[2] (compute-plp-feats[5.2.132~9-82686]:main():compute-plp-feats.cc:173) Processed features for key m001_oldmale-word-wähi-K001M-02b
VLOG[2] (compute-plp-feats[5.2.132~9-82686]:main():compute-plp-feats.cc:173) Processed features for key m001_oldmale-word-wähi-K001M-02c
VLOG[2] (compute-plp-feats[5.2.132~9-82686]:main():compute-plp-feats.cc:173) Processed features for key m001_oldmale-word-wähi-K001M-02d
VLOG[2] (compute-plp-feats[5.2.132~9-82686]:main():compute-plp-feats.cc:173) Processed features for key m001_oldmale-word-wähi-K001M-03a
VLOG[2] (compute-plp-feats[5.2.132~9-82686]:main():compute-plp-feats.cc:173) Processed features for key m001_oldmale-word-wähi-K001M-03b
LOG (compute-plp-feats[5.2.132~9-82686]:main():compute-plp-feats.cc:172) Processed 590 utterances
VLOG[2] (compute-plp-feats[5.2.132~9-82686]:main():compute-plp-feats.cc:173) Processed features for key m001_oldmale-word-wähi-K001M-04a
VLOG[2] (compute-plp-feats[5.2.132~9-82686]:main():compute-plp-feats.cc:173) Processed features for key m001_oldmale-word-wähi-K001M-04b
VLOG[2] (compute-plp-feats[5.2.132~9-82686]:main():compute-plp-feats.cc:173) Processed features for key m001_oldmale-word-wähi-K001M-04c
VLOG[2] (compute-plp-feats[5.2.132~9-82686]:main():compute-plp-feats.cc:173) Processed features for key m001_oldmale-word-wähi-K001M-05a
VLOG[2] (compute-plp-feats[5.2.132~9-82686]:main():compute-plp-feats.cc:173) Processed features for key m001_oldmale-word-wähi-K001M-05b
VLOG[2] (compute-plp-feats[5.2.132~9-82686]:main():compute-plp-feats.cc:173) Processed features for key m001_oldmale-word-wähi-K001M-05c
VLOG[2] (compute-plp-feats[5.2.132~9-82686]:main():compute-plp-feats.cc:173) Processed features for key m001_oldmale-word-wähi-K001M-05d
VLOG[2] (compute-plp-feats[5.2.132~9-82686]:main():compute-plp-feats.cc:173) Processed features for key m001_oldmale-word-wähi-K001M-05e
VLOG[2] (compute-plp-feats[5.2.132~9-82686]:main():compute-plp-feats.cc:173) Processed features for key m001_oldmale-word-wähi-K001M-05f
VLOG[2] (compute-plp-feats[5.2.132~9-82686]:main():compute-plp-feats.cc:173) Processed features for key m001_oldmale-word-wähi-K001M-06a
LOG (compute-plp-feats[5.2.132~9-82686]:main():compute-plp-feats.cc:172) Processed 600 utterances
VLOG[2] (compute-plp-feats[5.2.132~9-82686]:main():compute-plp-feats.cc:173) Processed features for key m001_oldmale-word-wähi-K001M-07
VLOG[2] (compute-plp-feats[5.2.132~9-82686]:main():compute-plp-feats.cc:173) Processed features for key m001_oldmale-word-wähi-K001M-08
VLOG[2] (compute-plp-feats[5.2.132~9-82686]:main():compute-plp-feats.cc:173) Processed features for key m002_oldmale-word-aroha-K002M-06a
VLOG[2] (compute-plp-feats[5.2.132~9-82686]:main():compute-plp-feats.cc:173) Processed features for key m002_oldmale-word-aroha-K002M-06b
VLOG[2] (compute-plp-feats[5.2.132~9-82686]:main():compute-plp-feats.cc:173) Processed features for key m002_oldmale-word-aroha-K002M-13
VLOG[2] (compute-plp-feats[5.2.132~9-82686]:main():compute-plp-feats.cc:173) Processed features for key m002_oldmale-word-awa-K002M-02
VLOG[2] (compute-plp-feats[5.2.132~9-82686]:main():compute-plp-feats.cc:173) Processed features for key m002_oldmale-word-e_noho-K002M-03
VLOG[2] (compute-plp-feats[5.2.132~9-82686]:main():compute-plp-feats.cc:173) Processed features for key m002_oldmale-word-e_noho-K002M-04
VLOG[2] (compute-plp-feats[5.2.132~9-82686]:main():compute-plp-feats.cc:173) Processed features for key m002_oldmale-word-e_noho-K002M-13
VLOG[2] (compute-plp-feats[5.2.132~9-82686]:main():compute-plp-feats.cc:173) Processed features for key m002_oldmale-word-hongi-K002M-11
LOG (compute-plp-feats[5.2.132~9-82686]:main():compute-plp-feats.cc:172) Processed 610 utterances
VLOG[2] (compute-plp-feats[5.2.132~9-82686]:main():compute-plp-feats.cc:173) Processed features for key m002_oldmale-word-hongi-K002M-12
VLOG[2] (compute-plp-feats[5.2.132~9-82686]:main():compute-plp-feats.cc:173) Processed features for key m002_oldmale-word-hängi-K002M-08a
VLOG[2] (compute-plp-feats[5.2.132~9-82686]:main():compute-plp-feats.cc:173) Processed features for key m002_oldmale-word-hängi-K002M-08b
VLOG[2] (compute-plp-feats[5.2.132~9-82686]:main():compute-plp-feats.cc:173) Processed features for key m002_oldmale-word-hängi-K002M-09a
LOG (compute-plp-feats[5.2.132~9-82686]:main():compute-plp-feats.cc:176)  Done 613 out of 613 utterances.
LOG (copy-feats[5.2.132~9-82686]:main():copy-feats.cc:143) Copied 613 feature matrices.
# Accounting: time=4 threads=1
# Ended (code 0) at Thu Nov  9 17:22:23 NZDT 2017, elapsed time 4 seconds
