# compute-plp-feats --verbose=2 --config=conf/plp.conf scp,p:exp/make_plp/train/wav_train.1.scp ark:- | copy-feats --compress=true ark:- ark,scp:/home/lingfeng/kaldi/egs/digits24/plp/raw_plp_train.1.ark,/home/lingfeng/kaldi/egs/digits24/plp/raw_plp_train.1.scp 
# Started at Thu Nov  9 17:22:19 NZDT 2017
#
copy-feats --compress=true ark:- ark,scp:/home/lingfeng/kaldi/egs/digits24/plp/raw_plp_train.1.ark,/home/lingfeng/kaldi/egs/digits24/plp/raw_plp_train.1.scp 
compute-plp-feats --verbose=2 --config=conf/plp.conf scp,p:exp/make_plp/train/wav_train.1.scp ark:- 
VLOG[2] (compute-plp-feats[5.2.132~9-82686]:main():compute-plp-feats.cc:173) Processed features for key f001_oldfemale-word-awa-R001M-03
VLOG[2] (compute-plp-feats[5.2.132~9-82686]:main():compute-plp-feats.cc:173) Processed features for key f001_oldfemale-word-awa-R001M-19
VLOG[2] (compute-plp-feats[5.2.132~9-82686]:main():compute-plp-feats.cc:173) Processed features for key f001_oldfemale-word-e_noho-R001M-09
VLOG[2] (compute-plp-feats[5.2.132~9-82686]:main():compute-plp-feats.cc:173) Processed features for key f001_oldfemale-word-e_noho-R001M-19a
VLOG[2] (compute-plp-feats[5.2.132~9-82686]:main():compute-plp-feats.cc:173) Processed features for key f001_oldfemale-word-e_noho-R001M-19b
VLOG[2] (compute-plp-feats[5.2.132~9-82686]:main():compute-plp-feats.cc:173) Processed features for key f001_oldfemale-word-haere_mai-R001M-11
VLOG[2] (compute-plp-feats[5.2.132~9-82686]:main():compute-plp-feats.cc:173) Processed features for key f001_oldfemale-word-hapü-R001M-01
VLOG[2] (compute-plp-feats[5.2.132~9-82686]:main():compute-plp-feats.cc:173) Processed features for key f001_oldfemale-word-hapü-R001M-05
VLOG[2] (compute-plp-feats[5.2.132~9-82686]:main():compute-plp-feats.cc:173) Processed features for key f001_oldfemale-word-hapü-R001M-06
LOG (compute-plp-feats[5.2.132~9-82686]:main():compute-plp-feats.cc:172) Processed 10 utterances
VLOG[2] (compute-plp-feats[5.2.132~9-82686]:main():compute-plp-feats.cc:173) Processed features for key f001_oldfemale-word-hapü-R001M-10a
VLOG[2] (compute-plp-feats[5.2.132~9-82686]:main():compute-plp-feats.cc:173) Processed features for key f001_oldfemale-word-hapü-R001M-10b
VLOG[2] (compute-plp-feats[5.2.132~9-82686]:main():compute-plp-feats.cc:173) Processed features for key f001_oldfemale-word-hau-R001M
VLOG[2] (compute-plp-feats[5.2.132~9-82686]:main():compute-plp-feats.cc:173) Processed features for key f001_oldfemale-word-hei-R001M
VLOG[2] (compute-plp-feats[5.2.132~9-82686]:main():compute-plp-feats.cc:173) Processed features for key f001_oldfemale-word-hoe-R001M
VLOG[2] (compute-plp-feats[5.2.132~9-82686]:main():compute-plp-feats.cc:173) Processed features for key f001_oldfemale-word-hou-R001M
VLOG[2] (compute-plp-feats[5.2.132~9-82686]:main():compute-plp-feats.cc:173) Processed features for key f001_oldfemale-word-hë-R001M
VLOG[2] (compute-plp-feats[5.2.132~9-82686]:main():compute-plp-feats.cc:173) Processed features for key f001_oldfemale-word-hï-R001M
VLOG[2] (compute-plp-feats[5.2.132~9-82686]:main():compute-plp-feats.cc:173) Processed features for key f001_oldfemale-word-iwi-R001M-17
VLOG[2] (compute-plp-feats[5.2.132~9-82686]:main():compute-plp-feats.cc:173) Processed features for key f001_oldfemale-word-iwi-R001M-19
LOG (compute-plp-feats[5.2.132~9-82686]:main():compute-plp-feats.cc:172) Processed 20 utterances
VLOG[2] (compute-plp-feats[5.2.132~9-82686]:main():compute-plp-feats.cc:173) Processed features for key f001_oldfemale-word-ka_pai-R001M-11
VLOG[2] (compute-plp-feats[5.2.132~9-82686]:main():compute-plp-feats.cc:173) Processed features for key f001_oldfemale-word-ka_pai-R001M-14
VLOG[2] (compute-plp-feats[5.2.132~9-82686]:main():compute-plp-feats.cc:173) Processed features for key f001_oldfemale-word-karakia-R001M-02
VLOG[2] (compute-plp-feats[5.2.132~9-82686]:main():compute-plp-feats.cc:173) Processed features for key f001_oldfemale-word-karakia-R001M-04a
VLOG[2] (compute-plp-feats[5.2.132~9-82686]:main():compute-plp-feats.cc:173) Processed features for key f001_oldfemale-word-karakia-R001M-04b
VLOG[2] (compute-plp-feats[5.2.132~9-82686]:main():compute-plp-feats.cc:173) Processed features for key f001_oldfemale-word-karakia-R001M-06
VLOG[2] (compute-plp-feats[5.2.132~9-82686]:main():compute-plp-feats.cc:173) Processed features for key f001_oldfemale-word-karakia-R001M-12a
VLOG[2] (compute-plp-feats[5.2.132~9-82686]:main():compute-plp-feats.cc:173) Processed features for key f001_oldfemale-word-karakia-R001M-12b
VLOG[2] (compute-plp-feats[5.2.132~9-82686]:main():compute-plp-feats.cc:173) Processed features for key f001_oldfemale-word-karakia-R001M-17a
VLOG[2] (compute-plp-feats[5.2.132~9-82686]:main():compute-plp-feats.cc:173) Processed features for key f001_oldfemale-word-karakia-R001M-17b
LOG (compute-plp-feats[5.2.132~9-82686]:main():compute-plp-feats.cc:172) Processed 30 utterances
VLOG[2] (compute-plp-feats[5.2.132~9-82686]:main():compute-plp-feats.cc:173) Processed features for key f001_oldfemale-word-karakia-R001M-18a
VLOG[2] (compute-plp-feats[5.2.132~9-82686]:main():compute-plp-feats.cc:173) Processed features for key f001_oldfemale-word-karakia-R001M-18b
VLOG[2] (compute-plp-feats[5.2.132~9-82686]:main():compute-plp-feats.cc:173) Processed features for key f001_oldfemale-word-karakia-R001M-18c
VLOG[2] (compute-plp-feats[5.2.132~9-82686]:main():compute-plp-feats.cc:173) Processed features for key f001_oldfemale-word-karakia-R001M-19
VLOG[2] (compute-plp-feats[5.2.132~9-82686]:main():compute-plp-feats.cc:173) Processed features for key f001_oldfemale-word-karanga-R001M-13a
VLOG[2] (compute-plp-feats[5.2.132~9-82686]:main():compute-plp-feats.cc:173) Processed features for key f001_oldfemale-word-karanga-R001M-13b
VLOG[2] (compute-plp-feats[5.2.132~9-82686]:main():compute-plp-feats.cc:173) Processed features for key f001_oldfemale-word-kaumätua-R001M-12
VLOG[2] (compute-plp-feats[5.2.132~9-82686]:main():compute-plp-feats.cc:173) Processed features for key f001_oldfemale-word-kaumätua-R001M-17
VLOG[2] (compute-plp-feats[5.2.132~9-82686]:main():compute-plp-feats.cc:173) Processed features for key f001_oldfemale-word-kaumätua-R001M-18
VLOG[2] (compute-plp-feats[5.2.132~9-82686]:main():compute-plp-feats.cc:173) Processed features for key f001_oldfemale-word-kei-R001M
LOG (compute-plp-feats[5.2.132~9-82686]:main():compute-plp-feats.cc:172) Processed 40 utterances
VLOG[2] (compute-plp-feats[5.2.132~9-82686]:main():compute-plp-feats.cc:173) Processed features for key f001_oldfemale-word-kete-R001M-01
VLOG[2] (compute-plp-feats[5.2.132~9-82686]:main():compute-plp-feats.cc:173) Processed features for key f001_oldfemale-word-kete-R001M-14a
VLOG[2] (compute-plp-feats[5.2.132~9-82686]:main():compute-plp-feats.cc:173) Processed features for key f001_oldfemale-word-kete-R001M-14b
VLOG[2] (compute-plp-feats[5.2.132~9-82686]:main():compute-plp-feats.cc:173) Processed features for key f001_oldfemale-word-kete-R001M-14c
VLOG[2] (compute-plp-feats[5.2.132~9-82686]:main():compute-plp-feats.cc:173) Processed features for key f001_oldfemale-word-kia_ora-R001M-17
VLOG[2] (compute-plp-feats[5.2.132~9-82686]:main():compute-plp-feats.cc:173) Processed features for key f001_oldfemale-word-kia_ora-R001M-18
VLOG[2] (compute-plp-feats[5.2.132~9-82686]:main():compute-plp-feats.cc:173) Processed features for key f001_oldfemale-word-kia_ora-R001M-20
VLOG[2] (compute-plp-feats[5.2.132~9-82686]:main():compute-plp-feats.cc:173) Processed features for key f001_oldfemale-word-kuia-R001M-01a
VLOG[2] (compute-plp-feats[5.2.132~9-82686]:main():compute-plp-feats.cc:173) Processed features for key f001_oldfemale-word-kuia-R001M-01b
VLOG[2] (compute-plp-feats[5.2.132~9-82686]:main():compute-plp-feats.cc:173) Processed features for key f001_oldfemale-word-kuia-R001M-02a
LOG (compute-plp-feats[5.2.132~9-82686]:main():compute-plp-feats.cc:172) Processed 50 utterances
VLOG[2] (compute-plp-feats[5.2.132~9-82686]:main():compute-plp-feats.cc:173) Processed features for key f001_oldfemale-word-kuia-R001M-02b
VLOG[2] (compute-plp-feats[5.2.132~9-82686]:main():compute-plp-feats.cc:173) Processed features for key f001_oldfemale-word-kuia-R001M-02c
VLOG[2] (compute-plp-feats[5.2.132~9-82686]:main():compute-plp-feats.cc:173) Processed features for key f001_oldfemale-word-kuia-R001M-02d
VLOG[2] (compute-plp-feats[5.2.132~9-82686]:main():compute-plp-feats.cc:173) Processed features for key f001_oldfemale-word-kuia-R001M-11a
VLOG[2] (compute-plp-feats[5.2.132~9-82686]:main():compute-plp-feats.cc:173) Processed features for key f001_oldfemale-word-kuia-R001M-11b
VLOG[2] (compute-plp-feats[5.2.132~9-82686]:main():compute-plp-feats.cc:173) Processed features for key f001_oldfemale-word-kuia-R001M-11c
VLOG[2] (compute-plp-feats[5.2.132~9-82686]:main():compute-plp-feats.cc:173) Processed features for key f001_oldfemale-word-kuia-R001M-11d
VLOG[2] (compute-plp-feats[5.2.132~9-82686]:main():compute-plp-feats.cc:173) Processed features for key f001_oldfemale-word-kuia-R001M-13
VLOG[2] (compute-plp-feats[5.2.132~9-82686]:main():compute-plp-feats.cc:173) Processed features for key f001_oldfemale-word-kë-R001M
VLOG[2] (compute-plp-feats[5.2.132~9-82686]:main():compute-plp-feats.cc:173) Processed features for key f001_oldfemale-word-kï-R001M
LOG (compute-plp-feats[5.2.132~9-82686]:main():compute-plp-feats.cc:172) Processed 60 utterances
VLOG[2] (compute-plp-feats[5.2.132~9-82686]:main():compute-plp-feats.cc:173) Processed features for key f001_oldfemale-word-körero-R001M-02a
VLOG[2] (compute-plp-feats[5.2.132~9-82686]:main():compute-plp-feats.cc:173) Processed features for key f001_oldfemale-word-körero-R001M-02b
VLOG[2] (compute-plp-feats[5.2.132~9-82686]:main():compute-plp-feats.cc:173) Processed features for key f001_oldfemale-word-körero-R001M-02c
VLOG[2] (compute-plp-feats[5.2.132~9-82686]:main():compute-plp-feats.cc:173) Processed features for key f001_oldfemale-word-körero-R001M-12
VLOG[2] (compute-plp-feats[5.2.132~9-82686]:main():compute-plp-feats.cc:173) Processed features for key f001_oldfemale-word-mao-R001M
VLOG[2] (compute-plp-feats[5.2.132~9-82686]:main():compute-plp-feats.cc:173) Processed features for key f001_oldfemale-word-marae-R001M-01a
VLOG[2] (compute-plp-feats[5.2.132~9-82686]:main():compute-plp-feats.cc:173) Processed features for key f001_oldfemale-word-marae-R001M-01b
VLOG[2] (compute-plp-feats[5.2.132~9-82686]:main():compute-plp-feats.cc:173) Processed features for key f001_oldfemale-word-marae-R001M-04
VLOG[2] (compute-plp-feats[5.2.132~9-82686]:main():compute-plp-feats.cc:173) Processed features for key f001_oldfemale-word-marae-R001M-05
VLOG[2] (compute-plp-feats[5.2.132~9-82686]:main():compute-plp-feats.cc:173) Processed features for key f001_oldfemale-word-marae-R001M-11
LOG (compute-plp-feats[5.2.132~9-82686]:main():compute-plp-feats.cc:172) Processed 70 utterances
VLOG[2] (compute-plp-feats[5.2.132~9-82686]:main():compute-plp-feats.cc:173) Processed features for key f001_oldfemale-word-marae-R001M-12
VLOG[2] (compute-plp-feats[5.2.132~9-82686]:main():compute-plp-feats.cc:173) Processed features for key f001_oldfemale-word-marae-R001M-14a
VLOG[2] (compute-plp-feats[5.2.132~9-82686]:main():compute-plp-feats.cc:173) Processed features for key f001_oldfemale-word-marae-R001M-14b
VLOG[2] (compute-plp-feats[5.2.132~9-82686]:main():compute-plp-feats.cc:173) Processed features for key f001_oldfemale-word-matariki-R001M-19
VLOG[2] (compute-plp-feats[5.2.132~9-82686]:main():compute-plp-feats.cc:173) Processed features for key f001_oldfemale-word-matiu-R001M
VLOG[2] (compute-plp-feats[5.2.132~9-82686]:main():compute-plp-feats.cc:173) Processed features for key f001_oldfemale-word-mau-R001M
VLOG[2] (compute-plp-feats[5.2.132~9-82686]:main():compute-plp-feats.cc:173) Processed features for key f001_oldfemale-word-moutere-R001M
VLOG[2] (compute-plp-feats[5.2.132~9-82686]:main():compute-plp-feats.cc:173) Processed features for key f001_oldfemale-word-mäori-R001M-02a
VLOG[2] (compute-plp-feats[5.2.132~9-82686]:main():compute-plp-feats.cc:173) Processed features for key f001_oldfemale-word-mäori-R001M-02b
VLOG[2] (compute-plp-feats[5.2.132~9-82686]:main():compute-plp-feats.cc:173) Processed features for key f001_oldfemale-word-mäori-R001M-02c
LOG (compute-plp-feats[5.2.132~9-82686]:main():compute-plp-feats.cc:172) Processed 80 utterances
VLOG[2] (compute-plp-feats[5.2.132~9-82686]:main():compute-plp-feats.cc:173) Processed features for key f001_oldfemale-word-mäori-R001M-08
VLOG[2] (compute-plp-feats[5.2.132~9-82686]:main():compute-plp-feats.cc:173) Processed features for key f001_oldfemale-word-mäori-R001M-17
VLOG[2] (compute-plp-feats[5.2.132~9-82686]:main():compute-plp-feats.cc:173) Processed features for key f001_oldfemale-word-mäori-R001M-18
VLOG[2] (compute-plp-feats[5.2.132~9-82686]:main():compute-plp-feats.cc:173) Processed features for key f001_oldfemale-word-mätau-R001M
VLOG[2] (compute-plp-feats[5.2.132~9-82686]:main():compute-plp-feats.cc:173) Processed features for key f001_oldfemale-word-mätou-R001M
VLOG[2] (compute-plp-feats[5.2.132~9-82686]:main():compute-plp-feats.cc:173) Processed features for key f001_oldfemale-word-ono-R001M-04
VLOG[2] (compute-plp-feats[5.2.132~9-82686]:main():compute-plp-feats.cc:173) Processed features for key f001_oldfemale-word-ono-R001M-06a
VLOG[2] (compute-plp-feats[5.2.132~9-82686]:main():compute-plp-feats.cc:173) Processed features for key f001_oldfemale-word-ono-R001M-06b
VLOG[2] (compute-plp-feats[5.2.132~9-82686]:main():compute-plp-feats.cc:173) Processed features for key f001_oldfemale-word-ono-R001M-16
VLOG[2] (compute-plp-feats[5.2.132~9-82686]:main():compute-plp-feats.cc:173) Processed features for key f001_oldfemale-word-ono-R001M-20a
LOG (compute-plp-feats[5.2.132~9-82686]:main():compute-plp-feats.cc:172) Processed 90 utterances
VLOG[2] (compute-plp-feats[5.2.132~9-82686]:main():compute-plp-feats.cc:173) Processed features for key f001_oldfemale-word-ono-R001M-20b
VLOG[2] (compute-plp-feats[5.2.132~9-82686]:main():compute-plp-feats.cc:173) Processed features for key f001_oldfemale-word-pae-R001M
VLOG[2] (compute-plp-feats[5.2.132~9-82686]:main():compute-plp-feats.cc:173) Processed features for key f001_oldfemale-word-pai-R001M
VLOG[2] (compute-plp-feats[5.2.132~9-82686]:main():compute-plp-feats.cc:173) Processed features for key f001_oldfemale-word-pao-R001M
VLOG[2] (compute-plp-feats[5.2.132~9-82686]:main():compute-plp-feats.cc:173) Processed features for key f001_oldfemale-word-pau-R001M
VLOG[2] (compute-plp-feats[5.2.132~9-82686]:main():compute-plp-feats.cc:173) Processed features for key f001_oldfemale-word-pö-R001M
VLOG[2] (compute-plp-feats[5.2.132~9-82686]:main():compute-plp-feats.cc:173) Processed features for key f001_oldfemale-word-rima-R001M-02
VLOG[2] (compute-plp-feats[5.2.132~9-82686]:main():compute-plp-feats.cc:173) Processed features for key f001_oldfemale-word-rima-R001M-04a
VLOG[2] (compute-plp-feats[5.2.132~9-82686]:main():compute-plp-feats.cc:173) Processed features for key f001_oldfemale-word-rima-R001M-04b
VLOG[2] (compute-plp-feats[5.2.132~9-82686]:main():compute-plp-feats.cc:173) Processed features for key f001_oldfemale-word-rima-R001M-05
LOG (compute-plp-feats[5.2.132~9-82686]:main():compute-plp-feats.cc:172) Processed 100 utterances
VLOG[2] (compute-plp-feats[5.2.132~9-82686]:main():compute-plp-feats.cc:173) Processed features for key f001_oldfemale-word-rima-R001M-06a
VLOG[2] (compute-plp-feats[5.2.132~9-82686]:main():compute-plp-feats.cc:173) Processed features for key f001_oldfemale-word-rima-R001M-06b
VLOG[2] (compute-plp-feats[5.2.132~9-82686]:main():compute-plp-feats.cc:173) Processed features for key f001_oldfemale-word-rima-R001M-13
VLOG[2] (compute-plp-feats[5.2.132~9-82686]:main():compute-plp-feats.cc:173) Processed features for key f001_oldfemale-word-rua-R001M-06
VLOG[2] (compute-plp-feats[5.2.132~9-82686]:main():compute-plp-feats.cc:173) Processed features for key f001_oldfemale-word-rua-R001M-15
VLOG[2] (compute-plp-feats[5.2.132~9-82686]:main():compute-plp-feats.cc:173) Processed features for key f001_oldfemale-word-tae-R001M
VLOG[2] (compute-plp-feats[5.2.132~9-82686]:main():compute-plp-feats.cc:173) Processed features for key f001_oldfemale-word-tahi-R001M-10
VLOG[2] (compute-plp-feats[5.2.132~9-82686]:main():compute-plp-feats.cc:173) Processed features for key f001_oldfemale-word-tahi-R001M-11
VLOG[2] (compute-plp-feats[5.2.132~9-82686]:main():compute-plp-feats.cc:173) Processed features for key f001_oldfemale-word-tai-R001M
VLOG[2] (compute-plp-feats[5.2.132~9-82686]:main():compute-plp-feats.cc:173) Processed features for key f001_oldfemale-word-tamariki-R001M-01
LOG (compute-plp-feats[5.2.132~9-82686]:main():compute-plp-feats.cc:172) Processed 110 utterances
VLOG[2] (compute-plp-feats[5.2.132~9-82686]:main():compute-plp-feats.cc:173) Processed features for key f001_oldfemale-word-tamariki-R001M-09
VLOG[2] (compute-plp-feats[5.2.132~9-82686]:main():compute-plp-feats.cc:173) Processed features for key f001_oldfemale-word-tamariki-R001M-12
VLOG[2] (compute-plp-feats[5.2.132~9-82686]:main():compute-plp-feats.cc:173) Processed features for key f001_oldfemale-word-tamariki-R001M-13a
VLOG[2] (compute-plp-feats[5.2.132~9-82686]:main():compute-plp-feats.cc:173) Processed features for key f001_oldfemale-word-tamariki-R001M-13b
VLOG[2] (compute-plp-feats[5.2.132~9-82686]:main():compute-plp-feats.cc:173) Processed features for key f001_oldfemale-word-tamariki-R001M-14
VLOG[2] (compute-plp-feats[5.2.132~9-82686]:main():compute-plp-feats.cc:173) Processed features for key f001_oldfemale-word-tamariki-R001M-15
VLOG[2] (compute-plp-feats[5.2.132~9-82686]:main():compute-plp-feats.cc:173) Processed features for key f001_oldfemale-word-tamariki-R001M-16a
VLOG[2] (compute-plp-feats[5.2.132~9-82686]:main():compute-plp-feats.cc:173) Processed features for key f001_oldfemale-word-tamariki-R001M-16b
VLOG[2] (compute-plp-feats[5.2.132~9-82686]:main():compute-plp-feats.cc:173) Processed features for key f001_oldfemale-word-tamariki-R001M-18
VLOG[2] (compute-plp-feats[5.2.132~9-82686]:main():compute-plp-feats.cc:173) Processed features for key f001_oldfemale-word-tamariki-R001M-19
LOG (compute-plp-feats[5.2.132~9-82686]:main():compute-plp-feats.cc:172) Processed 120 utterances
VLOG[2] (compute-plp-feats[5.2.132~9-82686]:main():compute-plp-feats.cc:173) Processed features for key f001_oldfemale-word-tangi-R001M-02a
VLOG[2] (compute-plp-feats[5.2.132~9-82686]:main():compute-plp-feats.cc:173) Processed features for key f001_oldfemale-word-tangi-R001M-02b
VLOG[2] (compute-plp-feats[5.2.132~9-82686]:main():compute-plp-feats.cc:173) Processed features for key f001_oldfemale-word-tangi-R001M-02c
VLOG[2] (compute-plp-feats[5.2.132~9-82686]:main():compute-plp-feats.cc:173) Processed features for key f001_oldfemale-word-tauhou-R001M-19a
VLOG[2] (compute-plp-feats[5.2.132~9-82686]:main():compute-plp-feats.cc:173) Processed features for key f001_oldfemale-word-tauhou-R001M-19b
VLOG[2] (compute-plp-feats[5.2.132~9-82686]:main():compute-plp-feats.cc:173) Processed features for key f001_oldfemale-word-tekau-R001M-02
VLOG[2] (compute-plp-feats[5.2.132~9-82686]:main():compute-plp-feats.cc:173) Processed features for key f001_oldfemale-word-tekau-R001M-03
VLOG[2] (compute-plp-feats[5.2.132~9-82686]:main():compute-plp-feats.cc:173) Processed features for key f001_oldfemale-word-tekau-R001M-04a1
VLOG[2] (compute-plp-feats[5.2.132~9-82686]:main():compute-plp-feats.cc:173) Processed features for key f001_oldfemale-word-tekau-R001M-04a2
VLOG[2] (compute-plp-feats[5.2.132~9-82686]:main():compute-plp-feats.cc:173) Processed features for key f001_oldfemale-word-tekau-R001M-04b
LOG (compute-plp-feats[5.2.132~9-82686]:main():compute-plp-feats.cc:172) Processed 130 utterances
VLOG[2] (compute-plp-feats[5.2.132~9-82686]:main():compute-plp-feats.cc:173) Processed features for key f001_oldfemale-word-tekau-R001M-04c
VLOG[2] (compute-plp-feats[5.2.132~9-82686]:main():compute-plp-feats.cc:173) Processed features for key f001_oldfemale-word-tekau-R001M-05
VLOG[2] (compute-plp-feats[5.2.132~9-82686]:main():compute-plp-feats.cc:173) Processed features for key f001_oldfemale-word-tekau-R001M-06a
VLOG[2] (compute-plp-feats[5.2.132~9-82686]:main():compute-plp-feats.cc:173) Processed features for key f001_oldfemale-word-tekau-R001M-06b
VLOG[2] (compute-plp-feats[5.2.132~9-82686]:main():compute-plp-feats.cc:173) Processed features for key f001_oldfemale-word-tekau-R001M-09a
VLOG[2] (compute-plp-feats[5.2.132~9-82686]:main():compute-plp-feats.cc:173) Processed features for key f001_oldfemale-word-tekau-R001M-09b
VLOG[2] (compute-plp-feats[5.2.132~9-82686]:main():compute-plp-feats.cc:173) Processed features for key f001_oldfemale-word-tekau-R001M-16
VLOG[2] (compute-plp-feats[5.2.132~9-82686]:main():compute-plp-feats.cc:173) Processed features for key f001_oldfemale-word-tekau-R001M-17a
VLOG[2] (compute-plp-feats[5.2.132~9-82686]:main():compute-plp-feats.cc:173) Processed features for key f001_oldfemale-word-tekau-R001M-17b
VLOG[2] (compute-plp-feats[5.2.132~9-82686]:main():compute-plp-feats.cc:173) Processed features for key f001_oldfemale-word-tekau-R001M-20a
LOG (compute-plp-feats[5.2.132~9-82686]:main():compute-plp-feats.cc:172) Processed 140 utterances
VLOG[2] (compute-plp-feats[5.2.132~9-82686]:main():compute-plp-feats.cc:173) Processed features for key f001_oldfemale-word-tekau-R001M-20b
VLOG[2] (compute-plp-feats[5.2.132~9-82686]:main():compute-plp-feats.cc:173) Processed features for key f001_oldfemale-word-toetoe-R001M
VLOG[2] (compute-plp-feats[5.2.132~9-82686]:main():compute-plp-feats.cc:173) Processed features for key f001_oldfemale-word-toi-R001M
VLOG[2] (compute-plp-feats[5.2.132~9-82686]:main():compute-plp-feats.cc:173) Processed features for key f001_oldfemale-word-toru-R001M-04
VLOG[2] (compute-plp-feats[5.2.132~9-82686]:main():compute-plp-feats.cc:173) Processed features for key f001_oldfemale-word-toru-R001M-05
VLOG[2] (compute-plp-feats[5.2.132~9-82686]:main():compute-plp-feats.cc:173) Processed features for key f001_oldfemale-word-toru-R001M-07
VLOG[2] (compute-plp-feats[5.2.132~9-82686]:main():compute-plp-feats.cc:173) Processed features for key f001_oldfemale-word-toru-R001M-09
VLOG[2] (compute-plp-feats[5.2.132~9-82686]:main():compute-plp-feats.cc:173) Processed features for key f001_oldfemale-word-toru-R001M-14
VLOG[2] (compute-plp-feats[5.2.132~9-82686]:main():compute-plp-feats.cc:173) Processed features for key f001_oldfemale-word-toru-R001M-17
VLOG[2] (compute-plp-feats[5.2.132~9-82686]:main():compute-plp-feats.cc:173) Processed features for key f001_oldfemale-word-täne-R001M
LOG (compute-plp-feats[5.2.132~9-82686]:main():compute-plp-feats.cc:172) Processed 150 utterances
VLOG[2] (compute-plp-feats[5.2.132~9-82686]:main():compute-plp-feats.cc:173) Processed features for key f001_oldfemale-word-tïmata-R001M-16
VLOG[2] (compute-plp-feats[5.2.132~9-82686]:main():compute-plp-feats.cc:173) Processed features for key f001_oldfemale-word-tïmata-R001M-17
VLOG[2] (compute-plp-feats[5.2.132~9-82686]:main():compute-plp-feats.cc:173) Processed features for key f001_oldfemale-word-tïmata-R001M-19a
VLOG[2] (compute-plp-feats[5.2.132~9-82686]:main():compute-plp-feats.cc:173) Processed features for key f001_oldfemale-word-tïmata-R001M-19b
VLOG[2] (compute-plp-feats[5.2.132~9-82686]:main():compute-plp-feats.cc:173) Processed features for key f001_oldfemale-word-tü-R001M
VLOG[2] (compute-plp-feats[5.2.132~9-82686]:main():compute-plp-feats.cc:173) Processed features for key f001_oldfemale-word-waewae-R001M-14
VLOG[2] (compute-plp-feats[5.2.132~9-82686]:main():compute-plp-feats.cc:173) Processed features for key f001_oldfemale-word-waiata-R001M-12
VLOG[2] (compute-plp-feats[5.2.132~9-82686]:main():compute-plp-feats.cc:173) Processed features for key f001_oldfemale-word-waiata-R001M-19
VLOG[2] (compute-plp-feats[5.2.132~9-82686]:main():compute-plp-feats.cc:173) Processed features for key f001_oldfemale-word-wairua-R001M-17
VLOG[2] (compute-plp-feats[5.2.132~9-82686]:main():compute-plp-feats.cc:173) Processed features for key f001_oldfemale-word-waka-R001M-04
LOG (compute-plp-feats[5.2.132~9-82686]:main():compute-plp-feats.cc:172) Processed 160 utterances
VLOG[2] (compute-plp-feats[5.2.132~9-82686]:main():compute-plp-feats.cc:173) Processed features for key f001_oldfemale-word-whare-R001M-01
VLOG[2] (compute-plp-feats[5.2.132~9-82686]:main():compute-plp-feats.cc:173) Processed features for key f001_oldfemale-word-whare-R001M-04
VLOG[2] (compute-plp-feats[5.2.132~9-82686]:main():compute-plp-feats.cc:173) Processed features for key f001_oldfemale-word-whare-R001M-17
VLOG[2] (compute-plp-feats[5.2.132~9-82686]:main():compute-plp-feats.cc:173) Processed features for key f001_oldfemale-word-whare-R001M-19
VLOG[2] (compute-plp-feats[5.2.132~9-82686]:main():compute-plp-feats.cc:173) Processed features for key f001_oldfemale-word-whä-R001M-03
VLOG[2] (compute-plp-feats[5.2.132~9-82686]:main():compute-plp-feats.cc:173) Processed features for key f001_oldfemale-word-whä-R001M-04
VLOG[2] (compute-plp-feats[5.2.132~9-82686]:main():compute-plp-feats.cc:173) Processed features for key f001_oldfemale-word-whä-R001M-16
VLOG[2] (compute-plp-feats[5.2.132~9-82686]:main():compute-plp-feats.cc:173) Processed features for key f001_oldfemale-word-whänau-R001M-01a
VLOG[2] (compute-plp-feats[5.2.132~9-82686]:main():compute-plp-feats.cc:173) Processed features for key f001_oldfemale-word-whänau-R001M-01b
VLOG[2] (compute-plp-feats[5.2.132~9-82686]:main():compute-plp-feats.cc:173) Processed features for key f001_oldfemale-word-whänau-R001M-02a
LOG (compute-plp-feats[5.2.132~9-82686]:main():compute-plp-feats.cc:172) Processed 170 utterances
VLOG[2] (compute-plp-feats[5.2.132~9-82686]:main():compute-plp-feats.cc:173) Processed features for key f001_oldfemale-word-whänau-R001M-02b
VLOG[2] (compute-plp-feats[5.2.132~9-82686]:main():compute-plp-feats.cc:173) Processed features for key f001_oldfemale-word-whänau-R001M-05
VLOG[2] (compute-plp-feats[5.2.132~9-82686]:main():compute-plp-feats.cc:173) Processed features for key f001_oldfemale-word-whänau-R001M-07a
VLOG[2] (compute-plp-feats[5.2.132~9-82686]:main():compute-plp-feats.cc:173) Processed features for key f001_oldfemale-word-whänau-R001M-07b
VLOG[2] (compute-plp-feats[5.2.132~9-82686]:main():compute-plp-feats.cc:173) Processed features for key f001_oldfemale-word-whänau-R001M-09a
VLOG[2] (compute-plp-feats[5.2.132~9-82686]:main():compute-plp-feats.cc:173) Processed features for key f001_oldfemale-word-whänau-R001M-09b
VLOG[2] (compute-plp-feats[5.2.132~9-82686]:main():compute-plp-feats.cc:173) Processed features for key f001_oldfemale-word-whänau-R001M-11
VLOG[2] (compute-plp-feats[5.2.132~9-82686]:main():compute-plp-feats.cc:173) Processed features for key f001_oldfemale-word-whänau-R001M-12
VLOG[2] (compute-plp-feats[5.2.132~9-82686]:main():compute-plp-feats.cc:173) Processed features for key f001_oldfemale-word-whänau-R001M-15
VLOG[2] (compute-plp-feats[5.2.132~9-82686]:main():compute-plp-feats.cc:173) Processed features for key f001_oldfemale-word-whänau-R001M-19a
LOG (compute-plp-feats[5.2.132~9-82686]:main():compute-plp-feats.cc:172) Processed 180 utterances
VLOG[2] (compute-plp-feats[5.2.132~9-82686]:main():compute-plp-feats.cc:173) Processed features for key f001_oldfemale-word-whänau-R001M-19b
VLOG[2] (compute-plp-feats[5.2.132~9-82686]:main():compute-plp-feats.cc:173) Processed features for key f001_oldfemale-word-wä-R001M-02
VLOG[2] (compute-plp-feats[5.2.132~9-82686]:main():compute-plp-feats.cc:173) Processed features for key f001_oldfemale-word-wä-R001M-04
VLOG[2] (compute-plp-feats[5.2.132~9-82686]:main():compute-plp-feats.cc:173) Processed features for key f001_oldfemale-word-wä-R001M-08
VLOG[2] (compute-plp-feats[5.2.132~9-82686]:main():compute-plp-feats.cc:173) Processed features for key f001_oldfemale-word-wä-R001M-09
VLOG[2] (compute-plp-feats[5.2.132~9-82686]:main():compute-plp-feats.cc:173) Processed features for key f001_oldfemale-word-wä-R001M-12
VLOG[2] (compute-plp-feats[5.2.132~9-82686]:main():compute-plp-feats.cc:173) Processed features for key f001_oldfemale-word-wähi-R001M-19
VLOG[2] (compute-plp-feats[5.2.132~9-82686]:main():compute-plp-feats.cc:173) Processed features for key f002_oldfemale-word-awa-R002M-07
VLOG[2] (compute-plp-feats[5.2.132~9-82686]:main():compute-plp-feats.cc:173) Processed features for key f002_oldfemale-word-awa-R002M-13
VLOG[2] (compute-plp-feats[5.2.132~9-82686]:main():compute-plp-feats.cc:173) Processed features for key f002_oldfemale-word-e_noho-R002M-13
LOG (compute-plp-feats[5.2.132~9-82686]:main():compute-plp-feats.cc:172) Processed 190 utterances
VLOG[2] (compute-plp-feats[5.2.132~9-82686]:main():compute-plp-feats.cc:173) Processed features for key f002_oldfemale-word-haere_mai-R002M-07a
VLOG[2] (compute-plp-feats[5.2.132~9-82686]:main():compute-plp-feats.cc:173) Processed features for key f002_oldfemale-word-haere_mai-R002M-07b
VLOG[2] (compute-plp-feats[5.2.132~9-82686]:main():compute-plp-feats.cc:173) Processed features for key f002_oldfemale-word-haere_mai-R002M-08
VLOG[2] (compute-plp-feats[5.2.132~9-82686]:main():compute-plp-feats.cc:173) Processed features for key f002_oldfemale-word-haere_mai-R002M-09
VLOG[2] (compute-plp-feats[5.2.132~9-82686]:main():compute-plp-feats.cc:173) Processed features for key f002_oldfemale-word-haere_mai-R002M-11
VLOG[2] (compute-plp-feats[5.2.132~9-82686]:main():compute-plp-feats.cc:173) Processed features for key f002_oldfemale-word-hapü-R002M-03
VLOG[2] (compute-plp-feats[5.2.132~9-82686]:main():compute-plp-feats.cc:173) Processed features for key f002_oldfemale-word-hapü-R002M-08
VLOG[2] (compute-plp-feats[5.2.132~9-82686]:main():compute-plp-feats.cc:173) Processed features for key f002_oldfemale-word-hau-R002M
VLOG[2] (compute-plp-feats[5.2.132~9-82686]:main():compute-plp-feats.cc:173) Processed features for key f002_oldfemale-word-hei-R002M
VLOG[2] (compute-plp-feats[5.2.132~9-82686]:main():compute-plp-feats.cc:173) Processed features for key f002_oldfemale-word-hoe-R002M
LOG (compute-plp-feats[5.2.132~9-82686]:main():compute-plp-feats.cc:172) Processed 200 utterances
VLOG[2] (compute-plp-feats[5.2.132~9-82686]:main():compute-plp-feats.cc:173) Processed features for key f002_oldfemale-word-hoihoi-R002M
VLOG[2] (compute-plp-feats[5.2.132~9-82686]:main():compute-plp-feats.cc:173) Processed features for key f002_oldfemale-word-hou-R002M
VLOG[2] (compute-plp-feats[5.2.132~9-82686]:main():compute-plp-feats.cc:173) Processed features for key f002_oldfemale-word-hë-R002M
VLOG[2] (compute-plp-feats[5.2.132~9-82686]:main():compute-plp-feats.cc:173) Processed features for key f002_oldfemale-word-hï-R002M
VLOG[2] (compute-plp-feats[5.2.132~9-82686]:main():compute-plp-feats.cc:173) Processed features for key f002_oldfemale-word-iwa-R002M-12
VLOG[2] (compute-plp-feats[5.2.132~9-82686]:main():compute-plp-feats.cc:173) Processed features for key f002_oldfemale-word-iwi-R002M-13
VLOG[2] (compute-plp-feats[5.2.132~9-82686]:main():compute-plp-feats.cc:173) Processed features for key f002_oldfemale-word-karakia-R002M-08a
VLOG[2] (compute-plp-feats[5.2.132~9-82686]:main():compute-plp-feats.cc:173) Processed features for key f002_oldfemale-word-karakia-R002M-08b
VLOG[2] (compute-plp-feats[5.2.132~9-82686]:main():compute-plp-feats.cc:173) Processed features for key f002_oldfemale-word-karakia-R002M-12a1
VLOG[2] (compute-plp-feats[5.2.132~9-82686]:main():compute-plp-feats.cc:173) Processed features for key f002_oldfemale-word-karakia-R002M-12a2
LOG (compute-plp-feats[5.2.132~9-82686]:main():compute-plp-feats.cc:172) Processed 210 utterances
VLOG[2] (compute-plp-feats[5.2.132~9-82686]:main():compute-plp-feats.cc:173) Processed features for key f002_oldfemale-word-karakia-R002M-13a
VLOG[2] (compute-plp-feats[5.2.132~9-82686]:main():compute-plp-feats.cc:173) Processed features for key f002_oldfemale-word-karakia-R002M-13b
VLOG[2] (compute-plp-feats[5.2.132~9-82686]:main():compute-plp-feats.cc:173) Processed features for key f002_oldfemale-word-karanga-R002M-07
VLOG[2] (compute-plp-feats[5.2.132~9-82686]:main():compute-plp-feats.cc:173) Processed features for key f002_oldfemale-word-kei-R002M
VLOG[2] (compute-plp-feats[5.2.132~9-82686]:main():compute-plp-feats.cc:173) Processed features for key f002_oldfemale-word-kete-R002M-06a
VLOG[2] (compute-plp-feats[5.2.132~9-82686]:main():compute-plp-feats.cc:173) Processed features for key f002_oldfemale-word-kete-R002M-06b
VLOG[2] (compute-plp-feats[5.2.132~9-82686]:main():compute-plp-feats.cc:173) Processed features for key f002_oldfemale-word-kuia-R002M-02a
VLOG[2] (compute-plp-feats[5.2.132~9-82686]:main():compute-plp-feats.cc:173) Processed features for key f002_oldfemale-word-kuia-R002M-02b
VLOG[2] (compute-plp-feats[5.2.132~9-82686]:main():compute-plp-feats.cc:173) Processed features for key f002_oldfemale-word-kuia-R002M-02c
VLOG[2] (compute-plp-feats[5.2.132~9-82686]:main():compute-plp-feats.cc:173) Processed features for key f002_oldfemale-word-kuia-R002M-03a
LOG (compute-plp-feats[5.2.132~9-82686]:main():compute-plp-feats.cc:172) Processed 220 utterances
VLOG[2] (compute-plp-feats[5.2.132~9-82686]:main():compute-plp-feats.cc:173) Processed features for key f002_oldfemale-word-kuia-R002M-03b
VLOG[2] (compute-plp-feats[5.2.132~9-82686]:main():compute-plp-feats.cc:173) Processed features for key f002_oldfemale-word-kuia-R002M-03c
VLOG[2] (compute-plp-feats[5.2.132~9-82686]:main():compute-plp-feats.cc:173) Processed features for key f002_oldfemale-word-kuia-R002M-05
VLOG[2] (compute-plp-feats[5.2.132~9-82686]:main():compute-plp-feats.cc:173) Processed features for key f002_oldfemale-word-kuia-R002M-06a
VLOG[2] (compute-plp-feats[5.2.132~9-82686]:main():compute-plp-feats.cc:173) Processed features for key f002_oldfemale-word-kuia-R002M-06b
VLOG[2] (compute-plp-feats[5.2.132~9-82686]:main():compute-plp-feats.cc:173) Processed features for key f002_oldfemale-word-kuia-R002M-07
VLOG[2] (compute-plp-feats[5.2.132~9-82686]:main():compute-plp-feats.cc:173) Processed features for key f002_oldfemale-word-kuia-R002M-08a
VLOG[2] (compute-plp-feats[5.2.132~9-82686]:main():compute-plp-feats.cc:173) Processed features for key f002_oldfemale-word-kuia-R002M-08b
VLOG[2] (compute-plp-feats[5.2.132~9-82686]:main():compute-plp-feats.cc:173) Processed features for key f002_oldfemale-word-kuia-R002M-09a
VLOG[2] (compute-plp-feats[5.2.132~9-82686]:main():compute-plp-feats.cc:173) Processed features for key f002_oldfemale-word-kuia-R002M-09b
LOG (compute-plp-feats[5.2.132~9-82686]:main():compute-plp-feats.cc:172) Processed 230 utterances
VLOG[2] (compute-plp-feats[5.2.132~9-82686]:main():compute-plp-feats.cc:173) Processed features for key f002_oldfemale-word-kuia-R002M-10
VLOG[2] (compute-plp-feats[5.2.132~9-82686]:main():compute-plp-feats.cc:173) Processed features for key f002_oldfemale-word-kuia-R002M-12a
VLOG[2] (compute-plp-feats[5.2.132~9-82686]:main():compute-plp-feats.cc:173) Processed features for key f002_oldfemale-word-kuia-R002M-12b
VLOG[2] (compute-plp-feats[5.2.132~9-82686]:main():compute-plp-feats.cc:173) Processed features for key f002_oldfemale-word-käinga-R002M-02a
VLOG[2] (compute-plp-feats[5.2.132~9-82686]:main():compute-plp-feats.cc:173) Processed features for key f002_oldfemale-word-käinga-R002M-02b
VLOG[2] (compute-plp-feats[5.2.132~9-82686]:main():compute-plp-feats.cc:173) Processed features for key f002_oldfemale-word-käinga-R002M-02c
VLOG[2] (compute-plp-feats[5.2.132~9-82686]:main():compute-plp-feats.cc:173) Processed features for key f002_oldfemale-word-käinga-R002M-02d
VLOG[2] (compute-plp-feats[5.2.132~9-82686]:main():compute-plp-feats.cc:173) Processed features for key f002_oldfemale-word-käinga-R002M-04a
VLOG[2] (compute-plp-feats[5.2.132~9-82686]:main():compute-plp-feats.cc:173) Processed features for key f002_oldfemale-word-käinga-R002M-04b
VLOG[2] (compute-plp-feats[5.2.132~9-82686]:main():compute-plp-feats.cc:173) Processed features for key f002_oldfemale-word-käinga-R002M-05
LOG (compute-plp-feats[5.2.132~9-82686]:main():compute-plp-feats.cc:172) Processed 240 utterances
VLOG[2] (compute-plp-feats[5.2.132~9-82686]:main():compute-plp-feats.cc:173) Processed features for key f002_oldfemale-word-käinga-R002M-08
VLOG[2] (compute-plp-feats[5.2.132~9-82686]:main():compute-plp-feats.cc:173) Processed features for key f002_oldfemale-word-käinga-R002M-11
VLOG[2] (compute-plp-feats[5.2.132~9-82686]:main():compute-plp-feats.cc:173) Processed features for key f002_oldfemale-word-kë-R002M
VLOG[2] (compute-plp-feats[5.2.132~9-82686]:main():compute-plp-feats.cc:173) Processed features for key f002_oldfemale-word-kï-R002M
VLOG[2] (compute-plp-feats[5.2.132~9-82686]:main():compute-plp-feats.cc:173) Processed features for key f002_oldfemale-word-körero-R002M-07a
VLOG[2] (compute-plp-feats[5.2.132~9-82686]:main():compute-plp-feats.cc:173) Processed features for key f002_oldfemale-word-körero-R002M-07b
VLOG[2] (compute-plp-feats[5.2.132~9-82686]:main():compute-plp-feats.cc:173) Processed features for key f002_oldfemale-word-mao-R002M
VLOG[2] (compute-plp-feats[5.2.132~9-82686]:main():compute-plp-feats.cc:173) Processed features for key f002_oldfemale-word-marae-R002M-05
VLOG[2] (compute-plp-feats[5.2.132~9-82686]:main():compute-plp-feats.cc:173) Processed features for key f002_oldfemale-word-matariki-R002M-13
VLOG[2] (compute-plp-feats[5.2.132~9-82686]:main():compute-plp-feats.cc:173) Processed features for key f002_oldfemale-word-matiu-R002M
LOG (compute-plp-feats[5.2.132~9-82686]:main():compute-plp-feats.cc:172) Processed 250 utterances
VLOG[2] (compute-plp-feats[5.2.132~9-82686]:main():compute-plp-feats.cc:173) Processed features for key f002_oldfemale-word-mau-R002M
VLOG[2] (compute-plp-feats[5.2.132~9-82686]:main():compute-plp-feats.cc:173) Processed features for key f002_oldfemale-word-mokopuna-R002M-03
VLOG[2] (compute-plp-feats[5.2.132~9-82686]:main():compute-plp-feats.cc:173) Processed features for key f002_oldfemale-word-mokopuna-R002M-05
VLOG[2] (compute-plp-feats[5.2.132~9-82686]:main():compute-plp-feats.cc:173) Processed features for key f002_oldfemale-word-mokopuna-R002M-12
VLOG[2] (compute-plp-feats[5.2.132~9-82686]:main():compute-plp-feats.cc:173) Processed features for key f002_oldfemale-word-moutere-R002M
VLOG[2] (compute-plp-feats[5.2.132~9-82686]:main():compute-plp-feats.cc:173) Processed features for key f002_oldfemale-word-mäori-R002M-07a
VLOG[2] (compute-plp-feats[5.2.132~9-82686]:main():compute-plp-feats.cc:173) Processed features for key f002_oldfemale-word-mäori-R002M-07b
VLOG[2] (compute-plp-feats[5.2.132~9-82686]:main():compute-plp-feats.cc:173) Processed features for key f002_oldfemale-word-mätou-R002M
VLOG[2] (compute-plp-feats[5.2.132~9-82686]:main():compute-plp-feats.cc:173) Processed features for key f002_oldfemale-word-ono-R002M-11a
VLOG[2] (compute-plp-feats[5.2.132~9-82686]:main():compute-plp-feats.cc:173) Processed features for key f002_oldfemale-word-ono-R002M-11b
LOG (compute-plp-feats[5.2.132~9-82686]:main():compute-plp-feats.cc:172) Processed 260 utterances
VLOG[2] (compute-plp-feats[5.2.132~9-82686]:main():compute-plp-feats.cc:173) Processed features for key f002_oldfemale-word-ono-R002M-13a
VLOG[2] (compute-plp-feats[5.2.132~9-82686]:main():compute-plp-feats.cc:173) Processed features for key f002_oldfemale-word-ono-R002M-13b
VLOG[2] (compute-plp-feats[5.2.132~9-82686]:main():compute-plp-feats.cc:173) Processed features for key f002_oldfemale-word-pae-R002M
VLOG[2] (compute-plp-feats[5.2.132~9-82686]:main():compute-plp-feats.cc:173) Processed features for key f002_oldfemale-word-pai-R002M
VLOG[2] (compute-plp-feats[5.2.132~9-82686]:main():compute-plp-feats.cc:173) Processed features for key f002_oldfemale-word-pao-R002M
VLOG[2] (compute-plp-feats[5.2.132~9-82686]:main():compute-plp-feats.cc:173) Processed features for key f002_oldfemale-word-pau-R002M
VLOG[2] (compute-plp-feats[5.2.132~9-82686]:main():compute-plp-feats.cc:173) Processed features for key f002_oldfemale-word-pou-R002M
VLOG[2] (compute-plp-feats[5.2.132~9-82686]:main():compute-plp-feats.cc:173) Processed features for key f002_oldfemale-word-pö-R002M
VLOG[2] (compute-plp-feats[5.2.132~9-82686]:main():compute-plp-feats.cc:173) Processed features for key f002_oldfemale-word-rima-R002M-07
VLOG[2] (compute-plp-feats[5.2.132~9-82686]:main():compute-plp-feats.cc:173) Processed features for key f002_oldfemale-word-rima-R002M-11a
LOG (compute-plp-feats[5.2.132~9-82686]:main():compute-plp-feats.cc:172) Processed 270 utterances
VLOG[2] (compute-plp-feats[5.2.132~9-82686]:main():compute-plp-feats.cc:173) Processed features for key f002_oldfemale-word-rima-R002M-11b
VLOG[2] (compute-plp-feats[5.2.132~9-82686]:main():compute-plp-feats.cc:173) Processed features for key f002_oldfemale-word-tae-R002M
VLOG[2] (compute-plp-feats[5.2.132~9-82686]:main():compute-plp-feats.cc:173) Processed features for key f002_oldfemale-word-tahi-R002M-09
VLOG[2] (compute-plp-feats[5.2.132~9-82686]:main():compute-plp-feats.cc:173) Processed features for key f002_oldfemale-word-tahi-R002M-11a1
VLOG[2] (compute-plp-feats[5.2.132~9-82686]:main():compute-plp-feats.cc:173) Processed features for key f002_oldfemale-word-tahi-R002M-11a2
VLOG[2] (compute-plp-feats[5.2.132~9-82686]:main():compute-plp-feats.cc:173) Processed features for key f002_oldfemale-word-tai-R002M
VLOG[2] (compute-plp-feats[5.2.132~9-82686]:main():compute-plp-feats.cc:173) Processed features for key f002_oldfemale-word-tamariki-R002M-02
VLOG[2] (compute-plp-feats[5.2.132~9-82686]:main():compute-plp-feats.cc:173) Processed features for key f002_oldfemale-word-tamariki-R002M-03
VLOG[2] (compute-plp-feats[5.2.132~9-82686]:main():compute-plp-feats.cc:173) Processed features for key f002_oldfemale-word-tangi-R002M-05
VLOG[2] (compute-plp-feats[5.2.132~9-82686]:main():compute-plp-feats.cc:173) Processed features for key f002_oldfemale-word-tangi-R002M-11
LOG (compute-plp-feats[5.2.132~9-82686]:main():compute-plp-feats.cc:172) Processed 280 utterances
VLOG[2] (compute-plp-feats[5.2.132~9-82686]:main():compute-plp-feats.cc:173) Processed features for key f002_oldfemale-word-tauhou-R002M-13
VLOG[2] (compute-plp-feats[5.2.132~9-82686]:main():compute-plp-feats.cc:173) Processed features for key f002_oldfemale-word-tekau-R002M-07
VLOG[2] (compute-plp-feats[5.2.132~9-82686]:main():compute-plp-feats.cc:173) Processed features for key f002_oldfemale-word-tekau-R002M-12
VLOG[2] (compute-plp-feats[5.2.132~9-82686]:main():compute-plp-feats.cc:173) Processed features for key f002_oldfemale-word-tikanga-R002M-05a
VLOG[2] (compute-plp-feats[5.2.132~9-82686]:main():compute-plp-feats.cc:173) Processed features for key f002_oldfemale-word-tikanga-R002M-05b
VLOG[2] (compute-plp-feats[5.2.132~9-82686]:main():compute-plp-feats.cc:173) Processed features for key f002_oldfemale-word-tikanga-R002M-07
VLOG[2] (compute-plp-feats[5.2.132~9-82686]:main():compute-plp-feats.cc:173) Processed features for key f002_oldfemale-word-tikanga-R002M-08
VLOG[2] (compute-plp-feats[5.2.132~9-82686]:main():compute-plp-feats.cc:173) Processed features for key f002_oldfemale-word-toetoe-R002M
VLOG[2] (compute-plp-feats[5.2.132~9-82686]:main():compute-plp-feats.cc:173) Processed features for key f002_oldfemale-word-toi-R002M
VLOG[2] (compute-plp-feats[5.2.132~9-82686]:main():compute-plp-feats.cc:173) Processed features for key f002_oldfemale-word-toru-R002M-05
LOG (compute-plp-feats[5.2.132~9-82686]:main():compute-plp-feats.cc:172) Processed 290 utterances
VLOG[2] (compute-plp-feats[5.2.132~9-82686]:main():compute-plp-feats.cc:173) Processed features for key f002_oldfemale-word-toru-R002M-10a
VLOG[2] (compute-plp-feats[5.2.132~9-82686]:main():compute-plp-feats.cc:173) Processed features for key f002_oldfemale-word-toru-R002M-10b
VLOG[2] (compute-plp-feats[5.2.132~9-82686]:main():compute-plp-feats.cc:173) Processed features for key f002_oldfemale-word-täne-R002M
VLOG[2] (compute-plp-feats[5.2.132~9-82686]:main():compute-plp-feats.cc:173) Processed features for key f002_oldfemale-word-tënei-R002M
VLOG[2] (compute-plp-feats[5.2.132~9-82686]:main():compute-plp-feats.cc:173) Processed features for key f002_oldfemale-word-tënä_koe-R002M-01
VLOG[2] (compute-plp-feats[5.2.132~9-82686]:main():compute-plp-feats.cc:173) Processed features for key f002_oldfemale-word-tïmata-R002M-13
VLOG[2] (compute-plp-feats[5.2.132~9-82686]:main():compute-plp-feats.cc:173) Processed features for key f002_oldfemale-word-tü-R002M
VLOG[2] (compute-plp-feats[5.2.132~9-82686]:main():compute-plp-feats.cc:173) Processed features for key f002_oldfemale-word-türanga-R002M-10a1
VLOG[2] (compute-plp-feats[5.2.132~9-82686]:main():compute-plp-feats.cc:173) Processed features for key f002_oldfemale-word-türanga-R002M-10a2
VLOG[2] (compute-plp-feats[5.2.132~9-82686]:main():compute-plp-feats.cc:173) Processed features for key f002_oldfemale-word-türanga-R002M-11
LOG (compute-plp-feats[5.2.132~9-82686]:main():compute-plp-feats.cc:172) Processed 300 utterances
VLOG[2] (compute-plp-feats[5.2.132~9-82686]:main():compute-plp-feats.cc:173) Processed features for key f002_oldfemale-word-waewae-R002M-06
VLOG[2] (compute-plp-feats[5.2.132~9-82686]:main():compute-plp-feats.cc:173) Processed features for key f002_oldfemale-word-waiata-R002M-06
VLOG[2] (compute-plp-feats[5.2.132~9-82686]:main():compute-plp-feats.cc:173) Processed features for key f002_oldfemale-word-waiata-R002M-13
VLOG[2] (compute-plp-feats[5.2.132~9-82686]:main():compute-plp-feats.cc:173) Processed features for key f002_oldfemale-word-wairua-R002M-12
VLOG[2] (compute-plp-feats[5.2.132~9-82686]:main():compute-plp-feats.cc:173) Processed features for key f002_oldfemale-word-waka-R002M-05
VLOG[2] (compute-plp-feats[5.2.132~9-82686]:main():compute-plp-feats.cc:173) Processed features for key f002_oldfemale-word-whare-R002M-02a
VLOG[2] (compute-plp-feats[5.2.132~9-82686]:main():compute-plp-feats.cc:173) Processed features for key f002_oldfemale-word-whare-R002M-02b
VLOG[2] (compute-plp-feats[5.2.132~9-82686]:main():compute-plp-feats.cc:173) Processed features for key f002_oldfemale-word-whare-R002M-04
VLOG[2] (compute-plp-feats[5.2.132~9-82686]:main():compute-plp-feats.cc:173) Processed features for key f002_oldfemale-word-whare-R002M-13
VLOG[2] (compute-plp-feats[5.2.132~9-82686]:main():compute-plp-feats.cc:173) Processed features for key f002_oldfemale-word-whitu-R002M-12
LOG (compute-plp-feats[5.2.132~9-82686]:main():compute-plp-feats.cc:172) Processed 310 utterances
VLOG[2] (compute-plp-feats[5.2.132~9-82686]:main():compute-plp-feats.cc:173) Processed features for key f002_oldfemale-word-whä-R002M-05
VLOG[2] (compute-plp-feats[5.2.132~9-82686]:main():compute-plp-feats.cc:173) Processed features for key f002_oldfemale-word-whä-R002M-12
VLOG[2] (compute-plp-feats[5.2.132~9-82686]:main():compute-plp-feats.cc:173) Processed features for key f002_oldfemale-word-whänau-R002M-02a
VLOG[2] (compute-plp-feats[5.2.132~9-82686]:main():compute-plp-feats.cc:173) Processed features for key f002_oldfemale-word-whänau-R002M-02b
VLOG[2] (compute-plp-feats[5.2.132~9-82686]:main():compute-plp-feats.cc:173) Processed features for key f002_oldfemale-word-whänau-R002M-05a
VLOG[2] (compute-plp-feats[5.2.132~9-82686]:main():compute-plp-feats.cc:173) Processed features for key f002_oldfemale-word-whänau-R002M-05b
VLOG[2] (compute-plp-feats[5.2.132~9-82686]:main():compute-plp-feats.cc:173) Processed features for key f002_oldfemale-word-whänau-R002M-09
VLOG[2] (compute-plp-feats[5.2.132~9-82686]:main():compute-plp-feats.cc:173) Processed features for key f002_oldfemale-word-whänau-R002M-13a
VLOG[2] (compute-plp-feats[5.2.132~9-82686]:main():compute-plp-feats.cc:173) Processed features for key f002_oldfemale-word-whänau-R002M-13b
VLOG[2] (compute-plp-feats[5.2.132~9-82686]:main():compute-plp-feats.cc:173) Processed features for key f002_oldfemale-word-whänau-R002M-13c
LOG (compute-plp-feats[5.2.132~9-82686]:main():compute-plp-feats.cc:172) Processed 320 utterances
VLOG[2] (compute-plp-feats[5.2.132~9-82686]:main():compute-plp-feats.cc:173) Processed features for key f002_oldfemale-word-wä-R002M-02
VLOG[2] (compute-plp-feats[5.2.132~9-82686]:main():compute-plp-feats.cc:173) Processed features for key f002_oldfemale-word-wä-R002M-03
VLOG[2] (compute-plp-feats[5.2.132~9-82686]:main():compute-plp-feats.cc:173) Processed features for key f002_oldfemale-word-wä-R002M-04a1
VLOG[2] (compute-plp-feats[5.2.132~9-82686]:main():compute-plp-feats.cc:173) Processed features for key f002_oldfemale-word-wä-R002M-04a2
VLOG[2] (compute-plp-feats[5.2.132~9-82686]:main():compute-plp-feats.cc:173) Processed features for key f002_oldfemale-word-wähi-R002M-02a
VLOG[2] (compute-plp-feats[5.2.132~9-82686]:main():compute-plp-feats.cc:173) Processed features for key f002_oldfemale-word-wähi-R002M-02b
VLOG[2] (compute-plp-feats[5.2.132~9-82686]:main():compute-plp-feats.cc:173) Processed features for key f002_oldfemale-word-wähi-R002M-13
VLOG[2] (compute-plp-feats[5.2.132~9-82686]:main():compute-plp-feats.cc:173) Processed features for key f003_oldfemale-word-aroha-R003M-04
VLOG[2] (compute-plp-feats[5.2.132~9-82686]:main():compute-plp-feats.cc:173) Processed features for key f003_oldfemale-word-awa-R003M-11a
VLOG[2] (compute-plp-feats[5.2.132~9-82686]:main():compute-plp-feats.cc:173) Processed features for key f003_oldfemale-word-awa-R003M-11b
LOG (compute-plp-feats[5.2.132~9-82686]:main():compute-plp-feats.cc:172) Processed 330 utterances
VLOG[2] (compute-plp-feats[5.2.132~9-82686]:main():compute-plp-feats.cc:173) Processed features for key f003_oldfemale-word-awa-R003M-11c
VLOG[2] (compute-plp-feats[5.2.132~9-82686]:main():compute-plp-feats.cc:173) Processed features for key f003_oldfemale-word-e_noho-R003M-07
VLOG[2] (compute-plp-feats[5.2.132~9-82686]:main():compute-plp-feats.cc:173) Processed features for key f003_oldfemale-word-e_noho-R003M-10
VLOG[2] (compute-plp-feats[5.2.132~9-82686]:main():compute-plp-feats.cc:173) Processed features for key f003_oldfemale-word-e_noho-R003M-11
VLOG[2] (compute-plp-feats[5.2.132~9-82686]:main():compute-plp-feats.cc:173) Processed features for key f003_oldfemale-word-haere_mai-R003M-07
VLOG[2] (compute-plp-feats[5.2.132~9-82686]:main():compute-plp-feats.cc:173) Processed features for key f003_oldfemale-word-haere_mai-R003M-10
VLOG[2] (compute-plp-feats[5.2.132~9-82686]:main():compute-plp-feats.cc:173) Processed features for key f003_oldfemale-word-haere_mai-R003M-12a
VLOG[2] (compute-plp-feats[5.2.132~9-82686]:main():compute-plp-feats.cc:173) Processed features for key f003_oldfemale-word-haere_mai-R003M-12b
VLOG[2] (compute-plp-feats[5.2.132~9-82686]:main():compute-plp-feats.cc:173) Processed features for key f003_oldfemale-word-hau-R003M
VLOG[2] (compute-plp-feats[5.2.132~9-82686]:main():compute-plp-feats.cc:173) Processed features for key f003_oldfemale-word-hei-R003M
LOG (compute-plp-feats[5.2.132~9-82686]:main():compute-plp-feats.cc:172) Processed 340 utterances
VLOG[2] (compute-plp-feats[5.2.132~9-82686]:main():compute-plp-feats.cc:173) Processed features for key f003_oldfemale-word-hoe-R003M
VLOG[2] (compute-plp-feats[5.2.132~9-82686]:main():compute-plp-feats.cc:173) Processed features for key f003_oldfemale-word-hoihoi-R003M
VLOG[2] (compute-plp-feats[5.2.132~9-82686]:main():compute-plp-feats.cc:173) Processed features for key f003_oldfemale-word-hou-R003M
VLOG[2] (compute-plp-feats[5.2.132~9-82686]:main():compute-plp-feats.cc:173) Processed features for key f003_oldfemale-word-hë-R003M
VLOG[2] (compute-plp-feats[5.2.132~9-82686]:main():compute-plp-feats.cc:173) Processed features for key f003_oldfemale-word-hï-R003M
VLOG[2] (compute-plp-feats[5.2.132~9-82686]:main():compute-plp-feats.cc:173) Processed features for key f003_oldfemale-word-iwa-R003M-10
VLOG[2] (compute-plp-feats[5.2.132~9-82686]:main():compute-plp-feats.cc:173) Processed features for key f003_oldfemale-word-iwi-R003M-11
VLOG[2] (compute-plp-feats[5.2.132~9-82686]:main():compute-plp-feats.cc:173) Processed features for key f003_oldfemale-word-karakia-R003M-11a
VLOG[2] (compute-plp-feats[5.2.132~9-82686]:main():compute-plp-feats.cc:173) Processed features for key f003_oldfemale-word-karakia-R003M-11b
VLOG[2] (compute-plp-feats[5.2.132~9-82686]:main():compute-plp-feats.cc:173) Processed features for key f003_oldfemale-word-kei-R003M
LOG (compute-plp-feats[5.2.132~9-82686]:main():compute-plp-feats.cc:172) Processed 350 utterances
VLOG[2] (compute-plp-feats[5.2.132~9-82686]:main():compute-plp-feats.cc:173) Processed features for key f003_oldfemale-word-kuia-R003M-04
VLOG[2] (compute-plp-feats[5.2.132~9-82686]:main():compute-plp-feats.cc:173) Processed features for key f003_oldfemale-word-käinga-R003M-02
VLOG[2] (compute-plp-feats[5.2.132~9-82686]:main():compute-plp-feats.cc:173) Processed features for key f003_oldfemale-word-käinga-R003M-11
VLOG[2] (compute-plp-feats[5.2.132~9-82686]:main():compute-plp-feats.cc:173) Processed features for key f003_oldfemale-word-kë-R003M
VLOG[2] (compute-plp-feats[5.2.132~9-82686]:main():compute-plp-feats.cc:173) Processed features for key f003_oldfemale-word-kï-R003M
VLOG[2] (compute-plp-feats[5.2.132~9-82686]:main():compute-plp-feats.cc:173) Processed features for key f003_oldfemale-word-körero-R003M-04
VLOG[2] (compute-plp-feats[5.2.132~9-82686]:main():compute-plp-feats.cc:173) Processed features for key f003_oldfemale-word-körero-R003M-05
VLOG[2] (compute-plp-feats[5.2.132~9-82686]:main():compute-plp-feats.cc:173) Processed features for key f003_oldfemale-word-mao-R003M
VLOG[2] (compute-plp-feats[5.2.132~9-82686]:main():compute-plp-feats.cc:173) Processed features for key f003_oldfemale-word-marae-R003M-02
VLOG[2] (compute-plp-feats[5.2.132~9-82686]:main():compute-plp-feats.cc:173) Processed features for key f003_oldfemale-word-matariki-R003M-11
LOG (compute-plp-feats[5.2.132~9-82686]:main():compute-plp-feats.cc:172) Processed 360 utterances
VLOG[2] (compute-plp-feats[5.2.132~9-82686]:main():compute-plp-feats.cc:173) Processed features for key f003_oldfemale-word-matiu-R003M
VLOG[2] (compute-plp-feats[5.2.132~9-82686]:main():compute-plp-feats.cc:173) Processed features for key f003_oldfemale-word-mau-R003M
VLOG[2] (compute-plp-feats[5.2.132~9-82686]:main():compute-plp-feats.cc:173) Processed features for key f003_oldfemale-word-mihi-R003M-04
VLOG[2] (compute-plp-feats[5.2.132~9-82686]:main():compute-plp-feats.cc:173) Processed features for key f003_oldfemale-word-mokopuna-R003M-07a
VLOG[2] (compute-plp-feats[5.2.132~9-82686]:main():compute-plp-feats.cc:173) Processed features for key f003_oldfemale-word-mokopuna-R003M-07b
VLOG[2] (compute-plp-feats[5.2.132~9-82686]:main():compute-plp-feats.cc:173) Processed features for key f003_oldfemale-word-mokopuna-R003M-07c
VLOG[2] (compute-plp-feats[5.2.132~9-82686]:main():compute-plp-feats.cc:173) Processed features for key f003_oldfemale-word-moutere-R003M
VLOG[2] (compute-plp-feats[5.2.132~9-82686]:main():compute-plp-feats.cc:173) Processed features for key f003_oldfemale-word-mäori-R003M-02
VLOG[2] (compute-plp-feats[5.2.132~9-82686]:main():compute-plp-feats.cc:173) Processed features for key f003_oldfemale-word-mäori-R003M-05
VLOG[2] (compute-plp-feats[5.2.132~9-82686]:main():compute-plp-feats.cc:173) Processed features for key f003_oldfemale-word-mätao-R003M
LOG (compute-plp-feats[5.2.132~9-82686]:main():compute-plp-feats.cc:172) Processed 370 utterances
VLOG[2] (compute-plp-feats[5.2.132~9-82686]:main():compute-plp-feats.cc:173) Processed features for key f003_oldfemale-word-mätau-R003M
VLOG[2] (compute-plp-feats[5.2.132~9-82686]:main():compute-plp-feats.cc:173) Processed features for key f003_oldfemale-word-mätou-R003M
VLOG[2] (compute-plp-feats[5.2.132~9-82686]:main():compute-plp-feats.cc:173) Processed features for key f003_oldfemale-word-pae-R003M
VLOG[2] (compute-plp-feats[5.2.132~9-82686]:main():compute-plp-feats.cc:173) Processed features for key f003_oldfemale-word-pai-R003M
VLOG[2] (compute-plp-feats[5.2.132~9-82686]:main():compute-plp-feats.cc:173) Processed features for key f003_oldfemale-word-pao-R003M
VLOG[2] (compute-plp-feats[5.2.132~9-82686]:main():compute-plp-feats.cc:173) Processed features for key f003_oldfemale-word-pau-R003M
VLOG[2] (compute-plp-feats[5.2.132~9-82686]:main():compute-plp-feats.cc:173) Processed features for key f003_oldfemale-word-pou-R003M
VLOG[2] (compute-plp-feats[5.2.132~9-82686]:main():compute-plp-feats.cc:173) Processed features for key f003_oldfemale-word-pö-R003M
VLOG[2] (compute-plp-feats[5.2.132~9-82686]:main():compute-plp-feats.cc:173) Processed features for key f003_oldfemale-word-rua-R003M-05
VLOG[2] (compute-plp-feats[5.2.132~9-82686]:main():compute-plp-feats.cc:173) Processed features for key f003_oldfemale-word-tahi-R003M-07
LOG (compute-plp-feats[5.2.132~9-82686]:main():compute-plp-feats.cc:172) Processed 380 utterances
VLOG[2] (compute-plp-feats[5.2.132~9-82686]:main():compute-plp-feats.cc:173) Processed features for key f003_oldfemale-word-tai-R003M
VLOG[2] (compute-plp-feats[5.2.132~9-82686]:main():compute-plp-feats.cc:173) Processed features for key f003_oldfemale-word-tamariki-R003M-06
VLOG[2] (compute-plp-feats[5.2.132~9-82686]:main():compute-plp-feats.cc:173) Processed features for key f003_oldfemale-word-tamariki-R003M-08
VLOG[2] (compute-plp-feats[5.2.132~9-82686]:main():compute-plp-feats.cc:173) Processed features for key f003_oldfemale-word-tamariki-R003M-10
VLOG[2] (compute-plp-feats[5.2.132~9-82686]:main():compute-plp-feats.cc:173) Processed features for key f003_oldfemale-word-tamariki-R003M-11a
VLOG[2] (compute-plp-feats[5.2.132~9-82686]:main():compute-plp-feats.cc:173) Processed features for key f003_oldfemale-word-tamariki-R003M-11b
VLOG[2] (compute-plp-feats[5.2.132~9-82686]:main():compute-plp-feats.cc:173) Processed features for key f003_oldfemale-word-tamariki-R003M-12
VLOG[2] (compute-plp-feats[5.2.132~9-82686]:main():compute-plp-feats.cc:173) Processed features for key f003_oldfemale-word-tangi-R003M-03
VLOG[2] (compute-plp-feats[5.2.132~9-82686]:main():compute-plp-feats.cc:173) Processed features for key f003_oldfemale-word-tauhou-R003M-11
VLOG[2] (compute-plp-feats[5.2.132~9-82686]:main():compute-plp-feats.cc:173) Processed features for key f003_oldfemale-word-tekau-R003M-08
LOG (compute-plp-feats[5.2.132~9-82686]:main():compute-plp-feats.cc:172) Processed 390 utterances
VLOG[2] (compute-plp-feats[5.2.132~9-82686]:main():compute-plp-feats.cc:173) Processed features for key f003_oldfemale-word-toetoe-R003M
VLOG[2] (compute-plp-feats[5.2.132~9-82686]:main():compute-plp-feats.cc:173) Processed features for key f003_oldfemale-word-toi-R003M
VLOG[2] (compute-plp-feats[5.2.132~9-82686]:main():compute-plp-feats.cc:173) Processed features for key f003_oldfemale-word-toru-R003M-12
VLOG[2] (compute-plp-feats[5.2.132~9-82686]:main():compute-plp-feats.cc:173) Processed features for key f003_oldfemale-word-täne-R003M
VLOG[2] (compute-plp-feats[5.2.132~9-82686]:main():compute-plp-feats.cc:173) Processed features for key f003_oldfemale-word-tënei-R003M
VLOG[2] (compute-plp-feats[5.2.132~9-82686]:main():compute-plp-feats.cc:173) Processed features for key f003_oldfemale-word-tïmata-R003M-03
VLOG[2] (compute-plp-feats[5.2.132~9-82686]:main():compute-plp-feats.cc:173) Processed features for key f003_oldfemale-word-tïmata-R003M-04
VLOG[2] (compute-plp-feats[5.2.132~9-82686]:main():compute-plp-feats.cc:173) Processed features for key f003_oldfemale-word-tïmata-R003M-11
VLOG[2] (compute-plp-feats[5.2.132~9-82686]:main():compute-plp-feats.cc:173) Processed features for key f003_oldfemale-word-tü-R003M
VLOG[2] (compute-plp-feats[5.2.132~9-82686]:main():compute-plp-feats.cc:173) Processed features for key f003_oldfemale-word-türanga-R003M-03
LOG (compute-plp-feats[5.2.132~9-82686]:main():compute-plp-feats.cc:172) Processed 400 utterances
VLOG[2] (compute-plp-feats[5.2.132~9-82686]:main():compute-plp-feats.cc:173) Processed features for key f003_oldfemale-word-türanga-R003M-05
VLOG[2] (compute-plp-feats[5.2.132~9-82686]:main():compute-plp-feats.cc:173) Processed features for key f003_oldfemale-word-türanga-R003M-06
VLOG[2] (compute-plp-feats[5.2.132~9-82686]:main():compute-plp-feats.cc:173) Processed features for key f003_oldfemale-word-türanga-R003M-07
VLOG[2] (compute-plp-feats[5.2.132~9-82686]:main():compute-plp-feats.cc:173) Processed features for key f003_oldfemale-word-türanga-R003M-10a
VLOG[2] (compute-plp-feats[5.2.132~9-82686]:main():compute-plp-feats.cc:173) Processed features for key f003_oldfemale-word-türanga-R003M-10b
VLOG[2] (compute-plp-feats[5.2.132~9-82686]:main():compute-plp-feats.cc:173) Processed features for key f003_oldfemale-word-türanga-R003M-10c
VLOG[2] (compute-plp-feats[5.2.132~9-82686]:main():compute-plp-feats.cc:173) Processed features for key f003_oldfemale-word-türanga-R003M-12
VLOG[2] (compute-plp-feats[5.2.132~9-82686]:main():compute-plp-feats.cc:173) Processed features for key f003_oldfemale-word-waka-R003M-06
VLOG[2] (compute-plp-feats[5.2.132~9-82686]:main():compute-plp-feats.cc:173) Processed features for key f003_oldfemale-word-waru-R003M-06
VLOG[2] (compute-plp-feats[5.2.132~9-82686]:main():compute-plp-feats.cc:173) Processed features for key f003_oldfemale-word-waru-R003M-07
LOG (compute-plp-feats[5.2.132~9-82686]:main():compute-plp-feats.cc:172) Processed 410 utterances
VLOG[2] (compute-plp-feats[5.2.132~9-82686]:main():compute-plp-feats.cc:173) Processed features for key f003_oldfemale-word-waru-R003M-12a
VLOG[2] (compute-plp-feats[5.2.132~9-82686]:main():compute-plp-feats.cc:173) Processed features for key f003_oldfemale-word-waru-R003M-12b
VLOG[2] (compute-plp-feats[5.2.132~9-82686]:main():compute-plp-feats.cc:173) Processed features for key f003_oldfemale-word-whitu-R003M-04a
VLOG[2] (compute-plp-feats[5.2.132~9-82686]:main():compute-plp-feats.cc:173) Processed features for key f003_oldfemale-word-whitu-R003M-04b
VLOG[2] (compute-plp-feats[5.2.132~9-82686]:main():compute-plp-feats.cc:173) Processed features for key f003_oldfemale-word-whitu-R003M-10a
VLOG[2] (compute-plp-feats[5.2.132~9-82686]:main():compute-plp-feats.cc:173) Processed features for key f003_oldfemale-word-whitu-R003M-10b
VLOG[2] (compute-plp-feats[5.2.132~9-82686]:main():compute-plp-feats.cc:173) Processed features for key f003_oldfemale-word-whä-R003M-03
VLOG[2] (compute-plp-feats[5.2.132~9-82686]:main():compute-plp-feats.cc:173) Processed features for key f003_oldfemale-word-whä-R003M-04
VLOG[2] (compute-plp-feats[5.2.132~9-82686]:main():compute-plp-feats.cc:173) Processed features for key f003_oldfemale-word-whä-R003M-05a
VLOG[2] (compute-plp-feats[5.2.132~9-82686]:main():compute-plp-feats.cc:173) Processed features for key f003_oldfemale-word-whä-R003M-05b
LOG (compute-plp-feats[5.2.132~9-82686]:main():compute-plp-feats.cc:172) Processed 420 utterances
VLOG[2] (compute-plp-feats[5.2.132~9-82686]:main():compute-plp-feats.cc:173) Processed features for key f003_oldfemale-word-whä-R003M-09
VLOG[2] (compute-plp-feats[5.2.132~9-82686]:main():compute-plp-feats.cc:173) Processed features for key f003_oldfemale-word-whä-R003M-12
VLOG[2] (compute-plp-feats[5.2.132~9-82686]:main():compute-plp-feats.cc:173) Processed features for key f003_oldfemale-word-wä-R003M-02
VLOG[2] (compute-plp-feats[5.2.132~9-82686]:main():compute-plp-feats.cc:173) Processed features for key f003_oldfemale-word-wä-R003M-06a
VLOG[2] (compute-plp-feats[5.2.132~9-82686]:main():compute-plp-feats.cc:173) Processed features for key f003_oldfemale-word-wä-R003M-06b
VLOG[2] (compute-plp-feats[5.2.132~9-82686]:main():compute-plp-feats.cc:173) Processed features for key f003_oldfemale-word-wähi-R003M-09
VLOG[2] (compute-plp-feats[5.2.132~9-82686]:main():compute-plp-feats.cc:173) Processed features for key f003_oldfemale-word-wähi-R003M-11
VLOG[2] (compute-plp-feats[5.2.132~9-82686]:main():compute-plp-feats.cc:173) Processed features for key f004_oldfemale-word-aroha-R004M-14a
VLOG[2] (compute-plp-feats[5.2.132~9-82686]:main():compute-plp-feats.cc:173) Processed features for key f004_oldfemale-word-aroha-R004M-14b
VLOG[2] (compute-plp-feats[5.2.132~9-82686]:main():compute-plp-feats.cc:173) Processed features for key f004_oldfemale-word-awa-R004M-12
LOG (compute-plp-feats[5.2.132~9-82686]:main():compute-plp-feats.cc:172) Processed 430 utterances
VLOG[2] (compute-plp-feats[5.2.132~9-82686]:main():compute-plp-feats.cc:173) Processed features for key f004_oldfemale-word-e_noho-R004M-03
VLOG[2] (compute-plp-feats[5.2.132~9-82686]:main():compute-plp-feats.cc:173) Processed features for key f004_oldfemale-word-e_noho-R004M-12
VLOG[2] (compute-plp-feats[5.2.132~9-82686]:main():compute-plp-feats.cc:173) Processed features for key f004_oldfemale-word-haere_mai-R004M-06a
VLOG[2] (compute-plp-feats[5.2.132~9-82686]:main():compute-plp-feats.cc:173) Processed features for key f004_oldfemale-word-haere_mai-R004M-06b
VLOG[2] (compute-plp-feats[5.2.132~9-82686]:main():compute-plp-feats.cc:173) Processed features for key f004_oldfemale-word-hau-R004M
VLOG[2] (compute-plp-feats[5.2.132~9-82686]:main():compute-plp-feats.cc:173) Processed features for key f004_oldfemale-word-hei-R004M
VLOG[2] (compute-plp-feats[5.2.132~9-82686]:main():compute-plp-feats.cc:173) Processed features for key f004_oldfemale-word-hoe-R004M
VLOG[2] (compute-plp-feats[5.2.132~9-82686]:main():compute-plp-feats.cc:173) Processed features for key f004_oldfemale-word-hoihoi-R004M
VLOG[2] (compute-plp-feats[5.2.132~9-82686]:main():compute-plp-feats.cc:173) Processed features for key f004_oldfemale-word-hou-R004M
VLOG[2] (compute-plp-feats[5.2.132~9-82686]:main():compute-plp-feats.cc:173) Processed features for key f004_oldfemale-word-hë-R004M
LOG (compute-plp-feats[5.2.132~9-82686]:main():compute-plp-feats.cc:172) Processed 440 utterances
VLOG[2] (compute-plp-feats[5.2.132~9-82686]:main():compute-plp-feats.cc:173) Processed features for key f004_oldfemale-word-hï-R004M
VLOG[2] (compute-plp-feats[5.2.132~9-82686]:main():compute-plp-feats.cc:173) Processed features for key f004_oldfemale-word-iwi-R004M-05a1
VLOG[2] (compute-plp-feats[5.2.132~9-82686]:main():compute-plp-feats.cc:173) Processed features for key f004_oldfemale-word-iwi-R004M-05a2
VLOG[2] (compute-plp-feats[5.2.132~9-82686]:main():compute-plp-feats.cc:173) Processed features for key f004_oldfemale-word-iwi-R004M-05a3
VLOG[2] (compute-plp-feats[5.2.132~9-82686]:main():compute-plp-feats.cc:173) Processed features for key f004_oldfemale-word-iwi-R004M-12
VLOG[2] (compute-plp-feats[5.2.132~9-82686]:main():compute-plp-feats.cc:173) Processed features for key f004_oldfemale-word-karakia-R004M-02a
VLOG[2] (compute-plp-feats[5.2.132~9-82686]:main():compute-plp-feats.cc:173) Processed features for key f004_oldfemale-word-karakia-R004M-02b
VLOG[2] (compute-plp-feats[5.2.132~9-82686]:main():compute-plp-feats.cc:173) Processed features for key f004_oldfemale-word-karakia-R004M-02c
VLOG[2] (compute-plp-feats[5.2.132~9-82686]:main():compute-plp-feats.cc:173) Processed features for key f004_oldfemale-word-karakia-R004M-03a
VLOG[2] (compute-plp-feats[5.2.132~9-82686]:main():compute-plp-feats.cc:173) Processed features for key f004_oldfemale-word-karakia-R004M-03b
LOG (compute-plp-feats[5.2.132~9-82686]:main():compute-plp-feats.cc:172) Processed 450 utterances
VLOG[2] (compute-plp-feats[5.2.132~9-82686]:main():compute-plp-feats.cc:173) Processed features for key f004_oldfemale-word-karakia-R004M-03c
VLOG[2] (compute-plp-feats[5.2.132~9-82686]:main():compute-plp-feats.cc:173) Processed features for key f004_oldfemale-word-karakia-R004M-07
VLOG[2] (compute-plp-feats[5.2.132~9-82686]:main():compute-plp-feats.cc:173) Processed features for key f004_oldfemale-word-karakia-R004M-12
VLOG[2] (compute-plp-feats[5.2.132~9-82686]:main():compute-plp-feats.cc:173) Processed features for key f004_oldfemale-word-kaumätua-R004M-12
VLOG[2] (compute-plp-feats[5.2.132~9-82686]:main():compute-plp-feats.cc:173) Processed features for key f004_oldfemale-word-kei-R004M
VLOG[2] (compute-plp-feats[5.2.132~9-82686]:main():compute-plp-feats.cc:173) Processed features for key f004_oldfemale-word-käinga-R004M-02a1
VLOG[2] (compute-plp-feats[5.2.132~9-82686]:main():compute-plp-feats.cc:173) Processed features for key f004_oldfemale-word-käinga-R004M-02a2
VLOG[2] (compute-plp-feats[5.2.132~9-82686]:main():compute-plp-feats.cc:173) Processed features for key f004_oldfemale-word-kë-R004M
VLOG[2] (compute-plp-feats[5.2.132~9-82686]:main():compute-plp-feats.cc:173) Processed features for key f004_oldfemale-word-kï-R004M
VLOG[2] (compute-plp-feats[5.2.132~9-82686]:main():compute-plp-feats.cc:173) Processed features for key f004_oldfemale-word-körero-R004M-02
LOG (compute-plp-feats[5.2.132~9-82686]:main():compute-plp-feats.cc:172) Processed 460 utterances
VLOG[2] (compute-plp-feats[5.2.132~9-82686]:main():compute-plp-feats.cc:173) Processed features for key f004_oldfemale-word-körero-R004M-05
VLOG[2] (compute-plp-feats[5.2.132~9-82686]:main():compute-plp-feats.cc:173) Processed features for key f004_oldfemale-word-körero-R004M-09
VLOG[2] (compute-plp-feats[5.2.132~9-82686]:main():compute-plp-feats.cc:173) Processed features for key f004_oldfemale-word-körero-R004M-10
VLOG[2] (compute-plp-feats[5.2.132~9-82686]:main():compute-plp-feats.cc:173) Processed features for key f004_oldfemale-word-mao-R004M
VLOG[2] (compute-plp-feats[5.2.132~9-82686]:main():compute-plp-feats.cc:173) Processed features for key f004_oldfemale-word-matariki-R004M-12
VLOG[2] (compute-plp-feats[5.2.132~9-82686]:main():compute-plp-feats.cc:173) Processed features for key f004_oldfemale-word-matiu-R004M
VLOG[2] (compute-plp-feats[5.2.132~9-82686]:main():compute-plp-feats.cc:173) Processed features for key f004_oldfemale-word-mau-R004M
VLOG[2] (compute-plp-feats[5.2.132~9-82686]:main():compute-plp-feats.cc:173) Processed features for key f004_oldfemale-word-moutere-R004M
VLOG[2] (compute-plp-feats[5.2.132~9-82686]:main():compute-plp-feats.cc:173) Processed features for key f004_oldfemale-word-mäori-R004M-02a
VLOG[2] (compute-plp-feats[5.2.132~9-82686]:main():compute-plp-feats.cc:173) Processed features for key f004_oldfemale-word-mäori-R004M-02b
LOG (compute-plp-feats[5.2.132~9-82686]:main():compute-plp-feats.cc:172) Processed 470 utterances
VLOG[2] (compute-plp-feats[5.2.132~9-82686]:main():compute-plp-feats.cc:173) Processed features for key f004_oldfemale-word-mäori-R004M-06a
VLOG[2] (compute-plp-feats[5.2.132~9-82686]:main():compute-plp-feats.cc:173) Processed features for key f004_oldfemale-word-mäori-R004M-06b
VLOG[2] (compute-plp-feats[5.2.132~9-82686]:main():compute-plp-feats.cc:173) Processed features for key f004_oldfemale-word-mäori-R004M-07
VLOG[2] (compute-plp-feats[5.2.132~9-82686]:main():compute-plp-feats.cc:173) Processed features for key f004_oldfemale-word-mäori-R004M-11
VLOG[2] (compute-plp-feats[5.2.132~9-82686]:main():compute-plp-feats.cc:173) Processed features for key f004_oldfemale-word-mätao-R004M
VLOG[2] (compute-plp-feats[5.2.132~9-82686]:main():compute-plp-feats.cc:173) Processed features for key f004_oldfemale-word-mätau-R004M
VLOG[2] (compute-plp-feats[5.2.132~9-82686]:main():compute-plp-feats.cc:173) Processed features for key f004_oldfemale-word-mätou-R004M
VLOG[2] (compute-plp-feats[5.2.132~9-82686]:main():compute-plp-feats.cc:173) Processed features for key f004_oldfemale-word-pae-R004M
VLOG[2] (compute-plp-feats[5.2.132~9-82686]:main():compute-plp-feats.cc:173) Processed features for key f004_oldfemale-word-pai-R004M
VLOG[2] (compute-plp-feats[5.2.132~9-82686]:main():compute-plp-feats.cc:173) Processed features for key f004_oldfemale-word-pao-R004M
LOG (compute-plp-feats[5.2.132~9-82686]:main():compute-plp-feats.cc:172) Processed 480 utterances
VLOG[2] (compute-plp-feats[5.2.132~9-82686]:main():compute-plp-feats.cc:173) Processed features for key f004_oldfemale-word-pau-R004M
VLOG[2] (compute-plp-feats[5.2.132~9-82686]:main():compute-plp-feats.cc:173) Processed features for key f004_oldfemale-word-pou-R004M
VLOG[2] (compute-plp-feats[5.2.132~9-82686]:main():compute-plp-feats.cc:173) Processed features for key f004_oldfemale-word-pö-R004M
VLOG[2] (compute-plp-feats[5.2.132~9-82686]:main():compute-plp-feats.cc:173) Processed features for key f004_oldfemale-word-rima-R004M-13
VLOG[2] (compute-plp-feats[5.2.132~9-82686]:main():compute-plp-feats.cc:173) Processed features for key f004_oldfemale-word-rua-R004M-06
VLOG[2] (compute-plp-feats[5.2.132~9-82686]:main():compute-plp-feats.cc:173) Processed features for key f004_oldfemale-word-rua-R004M-10
VLOG[2] (compute-plp-feats[5.2.132~9-82686]:main():compute-plp-feats.cc:173) Processed features for key f004_oldfemale-word-tae-R004M
VLOG[2] (compute-plp-feats[5.2.132~9-82686]:main():compute-plp-feats.cc:173) Processed features for key f004_oldfemale-word-tai-R004M
VLOG[2] (compute-plp-feats[5.2.132~9-82686]:main():compute-plp-feats.cc:173) Processed features for key f004_oldfemale-word-tamariki-R004M-14a
VLOG[2] (compute-plp-feats[5.2.132~9-82686]:main():compute-plp-feats.cc:173) Processed features for key f004_oldfemale-word-tamariki-R004M-14b
LOG (compute-plp-feats[5.2.132~9-82686]:main():compute-plp-feats.cc:172) Processed 490 utterances
VLOG[2] (compute-plp-feats[5.2.132~9-82686]:main():compute-plp-feats.cc:173) Processed features for key f004_oldfemale-word-tangi-R004M-03a
VLOG[2] (compute-plp-feats[5.2.132~9-82686]:main():compute-plp-feats.cc:173) Processed features for key f004_oldfemale-word-tangi-R004M-03b
VLOG[2] (compute-plp-feats[5.2.132~9-82686]:main():compute-plp-feats.cc:173) Processed features for key f004_oldfemale-word-tangi-R004M-04a1
VLOG[2] (compute-plp-feats[5.2.132~9-82686]:main():compute-plp-feats.cc:173) Processed features for key f004_oldfemale-word-tangi-R004M-04a2
VLOG[2] (compute-plp-feats[5.2.132~9-82686]:main():compute-plp-feats.cc:173) Processed features for key f004_oldfemale-word-tangi-R004M-04b
VLOG[2] (compute-plp-feats[5.2.132~9-82686]:main():compute-plp-feats.cc:173) Processed features for key f004_oldfemale-word-tangi-R004M-11
VLOG[2] (compute-plp-feats[5.2.132~9-82686]:main():compute-plp-feats.cc:173) Processed features for key f004_oldfemale-word-tauhou-R004M-12
VLOG[2] (compute-plp-feats[5.2.132~9-82686]:main():compute-plp-feats.cc:173) Processed features for key f004_oldfemale-word-tekau-R004M-06
VLOG[2] (compute-plp-feats[5.2.132~9-82686]:main():compute-plp-feats.cc:173) Processed features for key f004_oldfemale-word-tekau-R004M-08a
VLOG[2] (compute-plp-feats[5.2.132~9-82686]:main():compute-plp-feats.cc:173) Processed features for key f004_oldfemale-word-tekau-R004M-08b
LOG (compute-plp-feats[5.2.132~9-82686]:main():compute-plp-feats.cc:172) Processed 500 utterances
VLOG[2] (compute-plp-feats[5.2.132~9-82686]:main():compute-plp-feats.cc:173) Processed features for key f004_oldfemale-word-tikanga-R004M-02
VLOG[2] (compute-plp-feats[5.2.132~9-82686]:main():compute-plp-feats.cc:173) Processed features for key f004_oldfemale-word-tikanga-R004M-07
VLOG[2] (compute-plp-feats[5.2.132~9-82686]:main():compute-plp-feats.cc:173) Processed features for key f004_oldfemale-word-tikanga-R004M-10
VLOG[2] (compute-plp-feats[5.2.132~9-82686]:main():compute-plp-feats.cc:173) Processed features for key f004_oldfemale-word-toetoe-R004M
VLOG[2] (compute-plp-feats[5.2.132~9-82686]:main():compute-plp-feats.cc:173) Processed features for key f004_oldfemale-word-toi-R004M
VLOG[2] (compute-plp-feats[5.2.132~9-82686]:main():compute-plp-feats.cc:173) Processed features for key f004_oldfemale-word-toru-R004M-10
VLOG[2] (compute-plp-feats[5.2.132~9-82686]:main():compute-plp-feats.cc:173) Processed features for key f004_oldfemale-word-toru-R004M-11a
VLOG[2] (compute-plp-feats[5.2.132~9-82686]:main():compute-plp-feats.cc:173) Processed features for key f004_oldfemale-word-toru-R004M-11b
VLOG[2] (compute-plp-feats[5.2.132~9-82686]:main():compute-plp-feats.cc:173) Processed features for key f004_oldfemale-word-toru-R004M-13a
VLOG[2] (compute-plp-feats[5.2.132~9-82686]:main():compute-plp-feats.cc:173) Processed features for key f004_oldfemale-word-toru-R004M-13b
LOG (compute-plp-feats[5.2.132~9-82686]:main():compute-plp-feats.cc:172) Processed 510 utterances
VLOG[2] (compute-plp-feats[5.2.132~9-82686]:main():compute-plp-feats.cc:173) Processed features for key f004_oldfemale-word-täne-R004M
VLOG[2] (compute-plp-feats[5.2.132~9-82686]:main():compute-plp-feats.cc:173) Processed features for key f004_oldfemale-word-tïmata-R004M-12
VLOG[2] (compute-plp-feats[5.2.132~9-82686]:main():compute-plp-feats.cc:173) Processed features for key f004_oldfemale-word-tïmata-R004M-14a1
VLOG[2] (compute-plp-feats[5.2.132~9-82686]:main():compute-plp-feats.cc:173) Processed features for key f004_oldfemale-word-tïmata-R004M-14a2
VLOG[2] (compute-plp-feats[5.2.132~9-82686]:main():compute-plp-feats.cc:173) Processed features for key f004_oldfemale-word-tïmata-R004M-14b
VLOG[2] (compute-plp-feats[5.2.132~9-82686]:main():compute-plp-feats.cc:173) Processed features for key f004_oldfemale-word-tü-R004M
VLOG[2] (compute-plp-feats[5.2.132~9-82686]:main():compute-plp-feats.cc:173) Processed features for key f004_oldfemale-word-waewae-R004M-02
VLOG[2] (compute-plp-feats[5.2.132~9-82686]:main():compute-plp-feats.cc:173) Processed features for key f004_oldfemale-word-waiata-R004M-02a
VLOG[2] (compute-plp-feats[5.2.132~9-82686]:main():compute-plp-feats.cc:173) Processed features for key f004_oldfemale-word-waiata-R004M-02b
VLOG[2] (compute-plp-feats[5.2.132~9-82686]:main():compute-plp-feats.cc:173) Processed features for key f004_oldfemale-word-waiata-R004M-02c
LOG (compute-plp-feats[5.2.132~9-82686]:main():compute-plp-feats.cc:172) Processed 520 utterances
VLOG[2] (compute-plp-feats[5.2.132~9-82686]:main():compute-plp-feats.cc:173) Processed features for key f004_oldfemale-word-waiata-R004M-02d
VLOG[2] (compute-plp-feats[5.2.132~9-82686]:main():compute-plp-feats.cc:173) Processed features for key f004_oldfemale-word-waiata-R004M-02e
VLOG[2] (compute-plp-feats[5.2.132~9-82686]:main():compute-plp-feats.cc:173) Processed features for key f004_oldfemale-word-waiata-R004M-02f
VLOG[2] (compute-plp-feats[5.2.132~9-82686]:main():compute-plp-feats.cc:173) Processed features for key f004_oldfemale-word-waiata-R004M-07
VLOG[2] (compute-plp-feats[5.2.132~9-82686]:main():compute-plp-feats.cc:173) Processed features for key f004_oldfemale-word-waiata-R004M-09
VLOG[2] (compute-plp-feats[5.2.132~9-82686]:main():compute-plp-feats.cc:173) Processed features for key f004_oldfemale-word-waiata-R004M-12
VLOG[2] (compute-plp-feats[5.2.132~9-82686]:main():compute-plp-feats.cc:173) Processed features for key f004_oldfemale-word-whitu-R004M-08
VLOG[2] (compute-plp-feats[5.2.132~9-82686]:main():compute-plp-feats.cc:173) Processed features for key f004_oldfemale-word-whä-R004M-11
VLOG[2] (compute-plp-feats[5.2.132~9-82686]:main():compute-plp-feats.cc:173) Processed features for key f004_oldfemale-word-wä-R004M-02a
VLOG[2] (compute-plp-feats[5.2.132~9-82686]:main():compute-plp-feats.cc:173) Processed features for key f004_oldfemale-word-wä-R004M-02b
LOG (compute-plp-feats[5.2.132~9-82686]:main():compute-plp-feats.cc:172) Processed 530 utterances
VLOG[2] (compute-plp-feats[5.2.132~9-82686]:main():compute-plp-feats.cc:173) Processed features for key f004_oldfemale-word-wä-R004M-06a
VLOG[2] (compute-plp-feats[5.2.132~9-82686]:main():compute-plp-feats.cc:173) Processed features for key f004_oldfemale-word-wä-R004M-06b
VLOG[2] (compute-plp-feats[5.2.132~9-82686]:main():compute-plp-feats.cc:173) Processed features for key f004_oldfemale-word-wähi-R004M-12
VLOG[2] (compute-plp-feats[5.2.132~9-82686]:main():compute-plp-feats.cc:173) Processed features for key f005_oldfemale-word-aroha-R005M-07
VLOG[2] (compute-plp-feats[5.2.132~9-82686]:main():compute-plp-feats.cc:173) Processed features for key f005_oldfemale-word-awa-R005M-12
VLOG[2] (compute-plp-feats[5.2.132~9-82686]:main():compute-plp-feats.cc:173) Processed features for key f005_oldfemale-word-e_noho-R005M-08
VLOG[2] (compute-plp-feats[5.2.132~9-82686]:main():compute-plp-feats.cc:173) Processed features for key f005_oldfemale-word-e_noho-R005M-12
VLOG[2] (compute-plp-feats[5.2.132~9-82686]:main():compute-plp-feats.cc:173) Processed features for key f005_oldfemale-word-haere_mai-R005M-03
VLOG[2] (compute-plp-feats[5.2.132~9-82686]:main():compute-plp-feats.cc:173) Processed features for key f005_oldfemale-word-haere_mai-R005M-05
VLOG[2] (compute-plp-feats[5.2.132~9-82686]:main():compute-plp-feats.cc:173) Processed features for key f005_oldfemale-word-hei-R005M
LOG (compute-plp-feats[5.2.132~9-82686]:main():compute-plp-feats.cc:172) Processed 540 utterances
VLOG[2] (compute-plp-feats[5.2.132~9-82686]:main():compute-plp-feats.cc:173) Processed features for key f005_oldfemale-word-hoe-R005M
VLOG[2] (compute-plp-feats[5.2.132~9-82686]:main():compute-plp-feats.cc:173) Processed features for key f005_oldfemale-word-hoihoi-R005M
VLOG[2] (compute-plp-feats[5.2.132~9-82686]:main():compute-plp-feats.cc:173) Processed features for key f005_oldfemale-word-hou-R005M
VLOG[2] (compute-plp-feats[5.2.132~9-82686]:main():compute-plp-feats.cc:173) Processed features for key f005_oldfemale-word-hë-R005M
VLOG[2] (compute-plp-feats[5.2.132~9-82686]:main():compute-plp-feats.cc:173) Processed features for key f005_oldfemale-word-hï-R005M
VLOG[2] (compute-plp-feats[5.2.132~9-82686]:main():compute-plp-feats.cc:173) Processed features for key f005_oldfemale-word-iwa-R005M-02a
VLOG[2] (compute-plp-feats[5.2.132~9-82686]:main():compute-plp-feats.cc:173) Processed features for key f005_oldfemale-word-iwa-R005M-02b
VLOG[2] (compute-plp-feats[5.2.132~9-82686]:main():compute-plp-feats.cc:173) Processed features for key f005_oldfemale-word-ka_pai-R005M-02
VLOG[2] (compute-plp-feats[5.2.132~9-82686]:main():compute-plp-feats.cc:173) Processed features for key f005_oldfemale-word-karakia-R005M-12
VLOG[2] (compute-plp-feats[5.2.132~9-82686]:main():compute-plp-feats.cc:173) Processed features for key f005_oldfemale-word-karanga-R005M-05
LOG (compute-plp-feats[5.2.132~9-82686]:main():compute-plp-feats.cc:172) Processed 550 utterances
VLOG[2] (compute-plp-feats[5.2.132~9-82686]:main():compute-plp-feats.cc:173) Processed features for key f005_oldfemale-word-karanga-R005M-09
VLOG[2] (compute-plp-feats[5.2.132~9-82686]:main():compute-plp-feats.cc:173) Processed features for key f005_oldfemale-word-kaumätua-R005M-08
VLOG[2] (compute-plp-feats[5.2.132~9-82686]:main():compute-plp-feats.cc:173) Processed features for key f005_oldfemale-word-kaumätua-R005M-12
VLOG[2] (compute-plp-feats[5.2.132~9-82686]:main():compute-plp-feats.cc:173) Processed features for key f005_oldfemale-word-kei-R005M
VLOG[2] (compute-plp-feats[5.2.132~9-82686]:main():compute-plp-feats.cc:173) Processed features for key f005_oldfemale-word-kia_ora-R005M-01
VLOG[2] (compute-plp-feats[5.2.132~9-82686]:main():compute-plp-feats.cc:173) Processed features for key f005_oldfemale-word-käinga-R005M-03
VLOG[2] (compute-plp-feats[5.2.132~9-82686]:main():compute-plp-feats.cc:173) Processed features for key f005_oldfemale-word-käinga-R005M-05a
VLOG[2] (compute-plp-feats[5.2.132~9-82686]:main():compute-plp-feats.cc:173) Processed features for key f005_oldfemale-word-käinga-R005M-05b
VLOG[2] (compute-plp-feats[5.2.132~9-82686]:main():compute-plp-feats.cc:173) Processed features for key f005_oldfemale-word-käinga-R005M-06
VLOG[2] (compute-plp-feats[5.2.132~9-82686]:main():compute-plp-feats.cc:173) Processed features for key f005_oldfemale-word-käinga-R005M-09
LOG (compute-plp-feats[5.2.132~9-82686]:main():compute-plp-feats.cc:172) Processed 560 utterances
VLOG[2] (compute-plp-feats[5.2.132~9-82686]:main():compute-plp-feats.cc:173) Processed features for key f005_oldfemale-word-kë-R005M
VLOG[2] (compute-plp-feats[5.2.132~9-82686]:main():compute-plp-feats.cc:173) Processed features for key f005_oldfemale-word-kï-R005M
VLOG[2] (compute-plp-feats[5.2.132~9-82686]:main():compute-plp-feats.cc:173) Processed features for key f005_oldfemale-word-körero-R005M-02
VLOG[2] (compute-plp-feats[5.2.132~9-82686]:main():compute-plp-feats.cc:173) Processed features for key f005_oldfemale-word-körero-R005M-07
VLOG[2] (compute-plp-feats[5.2.132~9-82686]:main():compute-plp-feats.cc:173) Processed features for key f005_oldfemale-word-körero-R005M-10a
VLOG[2] (compute-plp-feats[5.2.132~9-82686]:main():compute-plp-feats.cc:173) Processed features for key f005_oldfemale-word-körero-R005M-10b1
VLOG[2] (compute-plp-feats[5.2.132~9-82686]:main():compute-plp-feats.cc:173) Processed features for key f005_oldfemale-word-körero-R005M-10b2
VLOG[2] (compute-plp-feats[5.2.132~9-82686]:main():compute-plp-feats.cc:173) Processed features for key f005_oldfemale-word-mao-R005M
VLOG[2] (compute-plp-feats[5.2.132~9-82686]:main():compute-plp-feats.cc:173) Processed features for key f005_oldfemale-word-matariki-R005M-12
VLOG[2] (compute-plp-feats[5.2.132~9-82686]:main():compute-plp-feats.cc:173) Processed features for key f005_oldfemale-word-matiu-R005M
LOG (compute-plp-feats[5.2.132~9-82686]:main():compute-plp-feats.cc:172) Processed 570 utterances
VLOG[2] (compute-plp-feats[5.2.132~9-82686]:main():compute-plp-feats.cc:173) Processed features for key f005_oldfemale-word-mau-R005M
VLOG[2] (compute-plp-feats[5.2.132~9-82686]:main():compute-plp-feats.cc:173) Processed features for key f005_oldfemale-word-mokopuna-R005M-10
VLOG[2] (compute-plp-feats[5.2.132~9-82686]:main():compute-plp-feats.cc:173) Processed features for key f005_oldfemale-word-moutere-R005M
VLOG[2] (compute-plp-feats[5.2.132~9-82686]:main():compute-plp-feats.cc:173) Processed features for key f005_oldfemale-word-mäori-R005M-05
VLOG[2] (compute-plp-feats[5.2.132~9-82686]:main():compute-plp-feats.cc:173) Processed features for key f005_oldfemale-word-mäori-R005M-06
VLOG[2] (compute-plp-feats[5.2.132~9-82686]:main():compute-plp-feats.cc:173) Processed features for key f005_oldfemale-word-mäori-R005M-10a
VLOG[2] (compute-plp-feats[5.2.132~9-82686]:main():compute-plp-feats.cc:173) Processed features for key f005_oldfemale-word-mäori-R005M-10b
VLOG[2] (compute-plp-feats[5.2.132~9-82686]:main():compute-plp-feats.cc:173) Processed features for key f005_oldfemale-word-ono-R005M-02a
VLOG[2] (compute-plp-feats[5.2.132~9-82686]:main():compute-plp-feats.cc:173) Processed features for key f005_oldfemale-word-ono-R005M-02b
VLOG[2] (compute-plp-feats[5.2.132~9-82686]:main():compute-plp-feats.cc:173) Processed features for key f005_oldfemale-word-pae-R005M
LOG (compute-plp-feats[5.2.132~9-82686]:main():compute-plp-feats.cc:172) Processed 580 utterances
VLOG[2] (compute-plp-feats[5.2.132~9-82686]:main():compute-plp-feats.cc:173) Processed features for key f005_oldfemale-word-pai-R005M
VLOG[2] (compute-plp-feats[5.2.132~9-82686]:main():compute-plp-feats.cc:173) Processed features for key f005_oldfemale-word-pao-R005M
VLOG[2] (compute-plp-feats[5.2.132~9-82686]:main():compute-plp-feats.cc:173) Processed features for key f005_oldfemale-word-pau-R005M
VLOG[2] (compute-plp-feats[5.2.132~9-82686]:main():compute-plp-feats.cc:173) Processed features for key f005_oldfemale-word-pou-R005M
VLOG[2] (compute-plp-feats[5.2.132~9-82686]:main():compute-plp-feats.cc:173) Processed features for key f005_oldfemale-word-pö-R005M
VLOG[2] (compute-plp-feats[5.2.132~9-82686]:main():compute-plp-feats.cc:173) Processed features for key f005_oldfemale-word-rima-R005M-03
VLOG[2] (compute-plp-feats[5.2.132~9-82686]:main():compute-plp-feats.cc:173) Processed features for key f005_oldfemale-word-rima-R005M-04
VLOG[2] (compute-plp-feats[5.2.132~9-82686]:main():compute-plp-feats.cc:173) Processed features for key f005_oldfemale-word-rima-R005M-10a1
VLOG[2] (compute-plp-feats[5.2.132~9-82686]:main():compute-plp-feats.cc:173) Processed features for key f005_oldfemale-word-rima-R005M-10a2
VLOG[2] (compute-plp-feats[5.2.132~9-82686]:main():compute-plp-feats.cc:173) Processed features for key f005_oldfemale-word-tae-R005M
LOG (compute-plp-feats[5.2.132~9-82686]:main():compute-plp-feats.cc:172) Processed 590 utterances
VLOG[2] (compute-plp-feats[5.2.132~9-82686]:main():compute-plp-feats.cc:173) Processed features for key f005_oldfemale-word-tahi-R005M-09
VLOG[2] (compute-plp-feats[5.2.132~9-82686]:main():compute-plp-feats.cc:173) Processed features for key f005_oldfemale-word-tai-R005M
VLOG[2] (compute-plp-feats[5.2.132~9-82686]:main():compute-plp-feats.cc:173) Processed features for key f005_oldfemale-word-tamariki-R005M-02
VLOG[2] (compute-plp-feats[5.2.132~9-82686]:main():compute-plp-feats.cc:173) Processed features for key f005_oldfemale-word-tamariki-R005M-03
VLOG[2] (compute-plp-feats[5.2.132~9-82686]:main():compute-plp-feats.cc:173) Processed features for key f005_oldfemale-word-tamariki-R005M-12a
VLOG[2] (compute-plp-feats[5.2.132~9-82686]:main():compute-plp-feats.cc:173) Processed features for key f005_oldfemale-word-tamariki-R005M-12b
VLOG[2] (compute-plp-feats[5.2.132~9-82686]:main():compute-plp-feats.cc:173) Processed features for key f005_oldfemale-word-tangi-R005M-02
VLOG[2] (compute-plp-feats[5.2.132~9-82686]:main():compute-plp-feats.cc:173) Processed features for key f005_oldfemale-word-tangi-R005M-13
VLOG[2] (compute-plp-feats[5.2.132~9-82686]:main():compute-plp-feats.cc:173) Processed features for key f005_oldfemale-word-tauhou-R005M-12a
VLOG[2] (compute-plp-feats[5.2.132~9-82686]:main():compute-plp-feats.cc:173) Processed features for key f005_oldfemale-word-tauhou-R005M-12b
LOG (compute-plp-feats[5.2.132~9-82686]:main():compute-plp-feats.cc:172) Processed 600 utterances
VLOG[2] (compute-plp-feats[5.2.132~9-82686]:main():compute-plp-feats.cc:173) Processed features for key f005_oldfemale-word-tauhou-R005M-12c
VLOG[2] (compute-plp-feats[5.2.132~9-82686]:main():compute-plp-feats.cc:173) Processed features for key f005_oldfemale-word-tekau-R005M-02
VLOG[2] (compute-plp-feats[5.2.132~9-82686]:main():compute-plp-feats.cc:173) Processed features for key f005_oldfemale-word-tikanga-R005M-03
VLOG[2] (compute-plp-feats[5.2.132~9-82686]:main():compute-plp-feats.cc:173) Processed features for key f005_oldfemale-word-tikanga-R005M-05a
VLOG[2] (compute-plp-feats[5.2.132~9-82686]:main():compute-plp-feats.cc:173) Processed features for key f005_oldfemale-word-tikanga-R005M-05b
VLOG[2] (compute-plp-feats[5.2.132~9-82686]:main():compute-plp-feats.cc:173) Processed features for key f005_oldfemale-word-tikanga-R005M-06
VLOG[2] (compute-plp-feats[5.2.132~9-82686]:main():compute-plp-feats.cc:173) Processed features for key f005_oldfemale-word-tikanga-R005M-11
VLOG[2] (compute-plp-feats[5.2.132~9-82686]:main():compute-plp-feats.cc:173) Processed features for key f005_oldfemale-word-toetoe-R005M
VLOG[2] (compute-plp-feats[5.2.132~9-82686]:main():compute-plp-feats.cc:173) Processed features for key f005_oldfemale-word-toi-R005M
VLOG[2] (compute-plp-feats[5.2.132~9-82686]:main():compute-plp-feats.cc:173) Processed features for key f005_oldfemale-word-toru-R005M-09
LOG (compute-plp-feats[5.2.132~9-82686]:main():compute-plp-feats.cc:172) Processed 610 utterances
VLOG[2] (compute-plp-feats[5.2.132~9-82686]:main():compute-plp-feats.cc:173) Processed features for key f005_oldfemale-word-täne-R005M
VLOG[2] (compute-plp-feats[5.2.132~9-82686]:main():compute-plp-feats.cc:173) Processed features for key f005_oldfemale-word-tënei-R005M
VLOG[2] (compute-plp-feats[5.2.132~9-82686]:main():compute-plp-feats.cc:173) Processed features for key f005_oldfemale-word-tënä_koe-R005M-01
VLOG[2] (compute-plp-feats[5.2.132~9-82686]:main():compute-plp-feats.cc:173) Processed features for key f005_oldfemale-word-tïmata-R005M-12
LOG (compute-plp-feats[5.2.132~9-82686]:main():compute-plp-feats.cc:176)  Done 613 out of 613 utterances.
LOG (copy-feats[5.2.132~9-82686]:main():copy-feats.cc:143) Copied 613 feature matrices.
# Accounting: time=4 threads=1
# Ended (code 0) at Thu Nov  9 17:22:23 NZDT 2017, elapsed time 4 seconds
