# compute-plp-feats --verbose=2 --config=conf/plp.conf scp,p:exp/make_plp/train/wav_train.4.scp ark:- | copy-feats --compress=true ark:- ark,scp:/home/lingfeng/kaldi/egs/digits24/plp/raw_plp_train.4.ark,/home/lingfeng/kaldi/egs/digits24/plp/raw_plp_train.4.scp 
# Started at Thu Nov  9 17:22:19 NZDT 2017
#
copy-feats --compress=true ark:- ark,scp:/home/lingfeng/kaldi/egs/digits24/plp/raw_plp_train.4.ark,/home/lingfeng/kaldi/egs/digits24/plp/raw_plp_train.4.scp 
compute-plp-feats --verbose=2 --config=conf/plp.conf scp,p:exp/make_plp/train/wav_train.4.scp ark:- 
VLOG[2] (compute-plp-feats[5.2.132~9-82686]:main():compute-plp-feats.cc:173) Processed features for key m005_oldmale-word-maunga-K005M-05
VLOG[2] (compute-plp-feats[5.2.132~9-82686]:main():compute-plp-feats.cc:173) Processed features for key m005_oldmale-word-maunga-K005M-08
VLOG[2] (compute-plp-feats[5.2.132~9-82686]:main():compute-plp-feats.cc:173) Processed features for key m005_oldmale-word-mihi-K005M-07
VLOG[2] (compute-plp-feats[5.2.132~9-82686]:main():compute-plp-feats.cc:173) Processed features for key m005_oldmale-word-moana-K005M-03
VLOG[2] (compute-plp-feats[5.2.132~9-82686]:main():compute-plp-feats.cc:173) Processed features for key m005_oldmale-word-moana-K005M-04
VLOG[2] (compute-plp-feats[5.2.132~9-82686]:main():compute-plp-feats.cc:173) Processed features for key m005_oldmale-word-mokopuna-K005M-01
VLOG[2] (compute-plp-feats[5.2.132~9-82686]:main():compute-plp-feats.cc:173) Processed features for key m005_oldmale-word-mokopuna-K005M-10
VLOG[2] (compute-plp-feats[5.2.132~9-82686]:main():compute-plp-feats.cc:173) Processed features for key m005_oldmale-word-mokopuna-K005M-12
VLOG[2] (compute-plp-feats[5.2.132~9-82686]:main():compute-plp-feats.cc:173) Processed features for key m005_oldmale-word-moutere-K005M
LOG (compute-plp-feats[5.2.132~9-82686]:main():compute-plp-feats.cc:172) Processed 10 utterances
VLOG[2] (compute-plp-feats[5.2.132~9-82686]:main():compute-plp-feats.cc:173) Processed features for key m005_oldmale-word-mäori-K005M-03a
VLOG[2] (compute-plp-feats[5.2.132~9-82686]:main():compute-plp-feats.cc:173) Processed features for key m005_oldmale-word-mäori-K005M-03b
VLOG[2] (compute-plp-feats[5.2.132~9-82686]:main():compute-plp-feats.cc:173) Processed features for key m005_oldmale-word-mäori-K005M-05a
VLOG[2] (compute-plp-feats[5.2.132~9-82686]:main():compute-plp-feats.cc:173) Processed features for key m005_oldmale-word-mäori-K005M-05b
VLOG[2] (compute-plp-feats[5.2.132~9-82686]:main():compute-plp-feats.cc:173) Processed features for key m005_oldmale-word-mätao-K005M
VLOG[2] (compute-plp-feats[5.2.132~9-82686]:main():compute-plp-feats.cc:173) Processed features for key m005_oldmale-word-mätau-K005M
VLOG[2] (compute-plp-feats[5.2.132~9-82686]:main():compute-plp-feats.cc:173) Processed features for key m005_oldmale-word-mätou-K005M
VLOG[2] (compute-plp-feats[5.2.132~9-82686]:main():compute-plp-feats.cc:173) Processed features for key m005_oldmale-word-ono-K005M-01
VLOG[2] (compute-plp-feats[5.2.132~9-82686]:main():compute-plp-feats.cc:173) Processed features for key m005_oldmale-word-ono-K005M-02a
VLOG[2] (compute-plp-feats[5.2.132~9-82686]:main():compute-plp-feats.cc:173) Processed features for key m005_oldmale-word-ono-K005M-02b
LOG (compute-plp-feats[5.2.132~9-82686]:main():compute-plp-feats.cc:172) Processed 20 utterances
VLOG[2] (compute-plp-feats[5.2.132~9-82686]:main():compute-plp-feats.cc:173) Processed features for key m005_oldmale-word-ono-K005M-02c
VLOG[2] (compute-plp-feats[5.2.132~9-82686]:main():compute-plp-feats.cc:173) Processed features for key m005_oldmale-word-pae-K005M
VLOG[2] (compute-plp-feats[5.2.132~9-82686]:main():compute-plp-feats.cc:173) Processed features for key m005_oldmale-word-pai-K005M
VLOG[2] (compute-plp-feats[5.2.132~9-82686]:main():compute-plp-feats.cc:173) Processed features for key m005_oldmale-word-pao-K005M
VLOG[2] (compute-plp-feats[5.2.132~9-82686]:main():compute-plp-feats.cc:173) Processed features for key m005_oldmale-word-pau-K005M
VLOG[2] (compute-plp-feats[5.2.132~9-82686]:main():compute-plp-feats.cc:173) Processed features for key m005_oldmale-word-pou-K005M
VLOG[2] (compute-plp-feats[5.2.132~9-82686]:main():compute-plp-feats.cc:173) Processed features for key m005_oldmale-word-pö-K005M
VLOG[2] (compute-plp-feats[5.2.132~9-82686]:main():compute-plp-feats.cc:173) Processed features for key m005_oldmale-word-rima-K005M-02a
VLOG[2] (compute-plp-feats[5.2.132~9-82686]:main():compute-plp-feats.cc:173) Processed features for key m005_oldmale-word-rima-K005M-02b
VLOG[2] (compute-plp-feats[5.2.132~9-82686]:main():compute-plp-feats.cc:173) Processed features for key m005_oldmale-word-rima-K005M-05
LOG (compute-plp-feats[5.2.132~9-82686]:main():compute-plp-feats.cc:172) Processed 30 utterances
VLOG[2] (compute-plp-feats[5.2.132~9-82686]:main():compute-plp-feats.cc:173) Processed features for key m005_oldmale-word-rima-K005M-11
VLOG[2] (compute-plp-feats[5.2.132~9-82686]:main():compute-plp-feats.cc:173) Processed features for key m005_oldmale-word-rua-K005M-03
VLOG[2] (compute-plp-feats[5.2.132~9-82686]:main():compute-plp-feats.cc:173) Processed features for key m005_oldmale-word-rua-K005M-04
VLOG[2] (compute-plp-feats[5.2.132~9-82686]:main():compute-plp-feats.cc:173) Processed features for key m005_oldmale-word-rua-K005M-09a
VLOG[2] (compute-plp-feats[5.2.132~9-82686]:main():compute-plp-feats.cc:173) Processed features for key m005_oldmale-word-rua-K005M-09b
VLOG[2] (compute-plp-feats[5.2.132~9-82686]:main():compute-plp-feats.cc:173) Processed features for key m005_oldmale-word-rua-K005M-11a
VLOG[2] (compute-plp-feats[5.2.132~9-82686]:main():compute-plp-feats.cc:173) Processed features for key m005_oldmale-word-rua-K005M-11b
VLOG[2] (compute-plp-feats[5.2.132~9-82686]:main():compute-plp-feats.cc:173) Processed features for key m005_oldmale-word-tae-K005M
VLOG[2] (compute-plp-feats[5.2.132~9-82686]:main():compute-plp-feats.cc:173) Processed features for key m005_oldmale-word-tahi-K005M-02
VLOG[2] (compute-plp-feats[5.2.132~9-82686]:main():compute-plp-feats.cc:173) Processed features for key m005_oldmale-word-tahi-K005M-04
LOG (compute-plp-feats[5.2.132~9-82686]:main():compute-plp-feats.cc:172) Processed 40 utterances
VLOG[2] (compute-plp-feats[5.2.132~9-82686]:main():compute-plp-feats.cc:173) Processed features for key m005_oldmale-word-tahi-K005M-05
VLOG[2] (compute-plp-feats[5.2.132~9-82686]:main():compute-plp-feats.cc:173) Processed features for key m005_oldmale-word-tahi-K005M-12
VLOG[2] (compute-plp-feats[5.2.132~9-82686]:main():compute-plp-feats.cc:173) Processed features for key m005_oldmale-word-tai-K005M
VLOG[2] (compute-plp-feats[5.2.132~9-82686]:main():compute-plp-feats.cc:173) Processed features for key m005_oldmale-word-tamariki-K005M-02
VLOG[2] (compute-plp-feats[5.2.132~9-82686]:main():compute-plp-feats.cc:173) Processed features for key m005_oldmale-word-tamariki-K005M-04
VLOG[2] (compute-plp-feats[5.2.132~9-82686]:main():compute-plp-feats.cc:173) Processed features for key m005_oldmale-word-tamariki-K005M-06a
VLOG[2] (compute-plp-feats[5.2.132~9-82686]:main():compute-plp-feats.cc:173) Processed features for key m005_oldmale-word-tamariki-K005M-06b
VLOG[2] (compute-plp-feats[5.2.132~9-82686]:main():compute-plp-feats.cc:173) Processed features for key m005_oldmale-word-tamariki-K005M-07a
VLOG[2] (compute-plp-feats[5.2.132~9-82686]:main():compute-plp-feats.cc:173) Processed features for key m005_oldmale-word-tamariki-K005M-07b
VLOG[2] (compute-plp-feats[5.2.132~9-82686]:main():compute-plp-feats.cc:173) Processed features for key m005_oldmale-word-tangi-K005M-08
LOG (compute-plp-feats[5.2.132~9-82686]:main():compute-plp-feats.cc:172) Processed 50 utterances
VLOG[2] (compute-plp-feats[5.2.132~9-82686]:main():compute-plp-feats.cc:173) Processed features for key m005_oldmale-word-tangi-K005M-12
VLOG[2] (compute-plp-feats[5.2.132~9-82686]:main():compute-plp-feats.cc:173) Processed features for key m005_oldmale-word-taringa-K005M-08
VLOG[2] (compute-plp-feats[5.2.132~9-82686]:main():compute-plp-feats.cc:173) Processed features for key m005_oldmale-word-taringa-K005M-09
VLOG[2] (compute-plp-feats[5.2.132~9-82686]:main():compute-plp-feats.cc:173) Processed features for key m005_oldmale-word-tauhou-K005M-06a
VLOG[2] (compute-plp-feats[5.2.132~9-82686]:main():compute-plp-feats.cc:173) Processed features for key m005_oldmale-word-tauhou-K005M-06b
VLOG[2] (compute-plp-feats[5.2.132~9-82686]:main():compute-plp-feats.cc:173) Processed features for key m005_oldmale-word-tekau-K005M-02a
VLOG[2] (compute-plp-feats[5.2.132~9-82686]:main():compute-plp-feats.cc:173) Processed features for key m005_oldmale-word-tekau-K005M-02b1
VLOG[2] (compute-plp-feats[5.2.132~9-82686]:main():compute-plp-feats.cc:173) Processed features for key m005_oldmale-word-tekau-K005M-02b2
VLOG[2] (compute-plp-feats[5.2.132~9-82686]:main():compute-plp-feats.cc:173) Processed features for key m005_oldmale-word-tekau-K005M-03
VLOG[2] (compute-plp-feats[5.2.132~9-82686]:main():compute-plp-feats.cc:173) Processed features for key m005_oldmale-word-tikanga-K005M-04
LOG (compute-plp-feats[5.2.132~9-82686]:main():compute-plp-feats.cc:172) Processed 60 utterances
VLOG[2] (compute-plp-feats[5.2.132~9-82686]:main():compute-plp-feats.cc:173) Processed features for key m005_oldmale-word-tikanga-K005M-08
VLOG[2] (compute-plp-feats[5.2.132~9-82686]:main():compute-plp-feats.cc:173) Processed features for key m005_oldmale-word-toetoe-K005M
VLOG[2] (compute-plp-feats[5.2.132~9-82686]:main():compute-plp-feats.cc:173) Processed features for key m005_oldmale-word-toi-K005M
VLOG[2] (compute-plp-feats[5.2.132~9-82686]:main():compute-plp-feats.cc:173) Processed features for key m005_oldmale-word-toru-K005M-01
VLOG[2] (compute-plp-feats[5.2.132~9-82686]:main():compute-plp-feats.cc:173) Processed features for key m005_oldmale-word-toru-K005M-02a
VLOG[2] (compute-plp-feats[5.2.132~9-82686]:main():compute-plp-feats.cc:173) Processed features for key m005_oldmale-word-toru-K005M-02b1
VLOG[2] (compute-plp-feats[5.2.132~9-82686]:main():compute-plp-feats.cc:173) Processed features for key m005_oldmale-word-toru-K005M-02b2
VLOG[2] (compute-plp-feats[5.2.132~9-82686]:main():compute-plp-feats.cc:173) Processed features for key m005_oldmale-word-toru-K005M-02c
VLOG[2] (compute-plp-feats[5.2.132~9-82686]:main():compute-plp-feats.cc:173) Processed features for key m005_oldmale-word-toru-K005M-03a
VLOG[2] (compute-plp-feats[5.2.132~9-82686]:main():compute-plp-feats.cc:173) Processed features for key m005_oldmale-word-toru-K005M-03b
LOG (compute-plp-feats[5.2.132~9-82686]:main():compute-plp-feats.cc:172) Processed 70 utterances
VLOG[2] (compute-plp-feats[5.2.132~9-82686]:main():compute-plp-feats.cc:173) Processed features for key m005_oldmale-word-toru-K005M-09
VLOG[2] (compute-plp-feats[5.2.132~9-82686]:main():compute-plp-feats.cc:173) Processed features for key m005_oldmale-word-toru-K005M-11
VLOG[2] (compute-plp-feats[5.2.132~9-82686]:main():compute-plp-feats.cc:173) Processed features for key m005_oldmale-word-täne-K005M
VLOG[2] (compute-plp-feats[5.2.132~9-82686]:main():compute-plp-feats.cc:173) Processed features for key m005_oldmale-word-tënei-K005M
VLOG[2] (compute-plp-feats[5.2.132~9-82686]:main():compute-plp-feats.cc:173) Processed features for key m005_oldmale-word-tü-K005M
VLOG[2] (compute-plp-feats[5.2.132~9-82686]:main():compute-plp-feats.cc:173) Processed features for key m005_oldmale-word-türanga-K005M-03
VLOG[2] (compute-plp-feats[5.2.132~9-82686]:main():compute-plp-feats.cc:173) Processed features for key m005_oldmale-word-türanga-K005M-11a
VLOG[2] (compute-plp-feats[5.2.132~9-82686]:main():compute-plp-feats.cc:173) Processed features for key m005_oldmale-word-türanga-K005M-11b
VLOG[2] (compute-plp-feats[5.2.132~9-82686]:main():compute-plp-feats.cc:173) Processed features for key m005_oldmale-word-türanga-K005M-11c1
VLOG[2] (compute-plp-feats[5.2.132~9-82686]:main():compute-plp-feats.cc:173) Processed features for key m005_oldmale-word-türanga-K005M-11c2
LOG (compute-plp-feats[5.2.132~9-82686]:main():compute-plp-feats.cc:172) Processed 80 utterances
VLOG[2] (compute-plp-feats[5.2.132~9-82686]:main():compute-plp-feats.cc:173) Processed features for key m005_oldmale-word-türanga-K005M-11d
VLOG[2] (compute-plp-feats[5.2.132~9-82686]:main():compute-plp-feats.cc:173) Processed features for key m005_oldmale-word-türanga-K005M-11e
VLOG[2] (compute-plp-feats[5.2.132~9-82686]:main():compute-plp-feats.cc:173) Processed features for key m005_oldmale-word-türanga-K005M-11f
VLOG[2] (compute-plp-feats[5.2.132~9-82686]:main():compute-plp-feats.cc:173) Processed features for key m005_oldmale-word-türanga-K005M-12
VLOG[2] (compute-plp-feats[5.2.132~9-82686]:main():compute-plp-feats.cc:173) Processed features for key m005_oldmale-word-waka-K005M-06
VLOG[2] (compute-plp-feats[5.2.132~9-82686]:main():compute-plp-feats.cc:173) Processed features for key m005_oldmale-word-waka-K005M-10a
VLOG[2] (compute-plp-feats[5.2.132~9-82686]:main():compute-plp-feats.cc:173) Processed features for key m005_oldmale-word-waka-K005M-10b
VLOG[2] (compute-plp-feats[5.2.132~9-82686]:main():compute-plp-feats.cc:173) Processed features for key m005_oldmale-word-waka-K005M-10c
VLOG[2] (compute-plp-feats[5.2.132~9-82686]:main():compute-plp-feats.cc:173) Processed features for key m005_oldmale-word-waka-K005M-11a
VLOG[2] (compute-plp-feats[5.2.132~9-82686]:main():compute-plp-feats.cc:173) Processed features for key m005_oldmale-word-waka-K005M-11b1
LOG (compute-plp-feats[5.2.132~9-82686]:main():compute-plp-feats.cc:172) Processed 90 utterances
VLOG[2] (compute-plp-feats[5.2.132~9-82686]:main():compute-plp-feats.cc:173) Processed features for key m005_oldmale-word-waka-K005M-11b2
VLOG[2] (compute-plp-feats[5.2.132~9-82686]:main():compute-plp-feats.cc:173) Processed features for key m005_oldmale-word-waka-K005M-11c
VLOG[2] (compute-plp-feats[5.2.132~9-82686]:main():compute-plp-feats.cc:173) Processed features for key m005_oldmale-word-waka-K005M-11d
VLOG[2] (compute-plp-feats[5.2.132~9-82686]:main():compute-plp-feats.cc:173) Processed features for key m005_oldmale-word-waka-K005M-11e1
VLOG[2] (compute-plp-feats[5.2.132~9-82686]:main():compute-plp-feats.cc:173) Processed features for key m005_oldmale-word-waka-K005M-11e2
VLOG[2] (compute-plp-feats[5.2.132~9-82686]:main():compute-plp-feats.cc:173) Processed features for key m005_oldmale-word-waru-K005M-01
VLOG[2] (compute-plp-feats[5.2.132~9-82686]:main():compute-plp-feats.cc:173) Processed features for key m005_oldmale-word-waru-K005M-02a
VLOG[2] (compute-plp-feats[5.2.132~9-82686]:main():compute-plp-feats.cc:173) Processed features for key m005_oldmale-word-waru-K005M-02b
VLOG[2] (compute-plp-feats[5.2.132~9-82686]:main():compute-plp-feats.cc:173) Processed features for key m005_oldmale-word-waru-K005M-03a
VLOG[2] (compute-plp-feats[5.2.132~9-82686]:main():compute-plp-feats.cc:173) Processed features for key m005_oldmale-word-waru-K005M-03b
LOG (compute-plp-feats[5.2.132~9-82686]:main():compute-plp-feats.cc:172) Processed 100 utterances
VLOG[2] (compute-plp-feats[5.2.132~9-82686]:main():compute-plp-feats.cc:173) Processed features for key m005_oldmale-word-waru-K005M-04
VLOG[2] (compute-plp-feats[5.2.132~9-82686]:main():compute-plp-feats.cc:173) Processed features for key m005_oldmale-word-waru-K005M-11a
VLOG[2] (compute-plp-feats[5.2.132~9-82686]:main():compute-plp-feats.cc:173) Processed features for key m005_oldmale-word-waru-K005M-11b
VLOG[2] (compute-plp-feats[5.2.132~9-82686]:main():compute-plp-feats.cc:173) Processed features for key m005_oldmale-word-whare-K005M-08a1
VLOG[2] (compute-plp-feats[5.2.132~9-82686]:main():compute-plp-feats.cc:173) Processed features for key m005_oldmale-word-whare-K005M-08a2
VLOG[2] (compute-plp-feats[5.2.132~9-82686]:main():compute-plp-feats.cc:173) Processed features for key m005_oldmale-word-whare-K005M-08b
VLOG[2] (compute-plp-feats[5.2.132~9-82686]:main():compute-plp-feats.cc:173) Processed features for key m005_oldmale-word-whitu-K005M-01a
VLOG[2] (compute-plp-feats[5.2.132~9-82686]:main():compute-plp-feats.cc:173) Processed features for key m005_oldmale-word-whitu-K005M-01b
VLOG[2] (compute-plp-feats[5.2.132~9-82686]:main():compute-plp-feats.cc:173) Processed features for key m005_oldmale-word-whitu-K005M-02a1
VLOG[2] (compute-plp-feats[5.2.132~9-82686]:main():compute-plp-feats.cc:173) Processed features for key m005_oldmale-word-whitu-K005M-02a2
LOG (compute-plp-feats[5.2.132~9-82686]:main():compute-plp-feats.cc:172) Processed 110 utterances
VLOG[2] (compute-plp-feats[5.2.132~9-82686]:main():compute-plp-feats.cc:173) Processed features for key m005_oldmale-word-whitu-K005M-11
VLOG[2] (compute-plp-feats[5.2.132~9-82686]:main():compute-plp-feats.cc:173) Processed features for key m005_oldmale-word-whänau-K005M-01
VLOG[2] (compute-plp-feats[5.2.132~9-82686]:main():compute-plp-feats.cc:173) Processed features for key m005_oldmale-word-whänau-K005M-02
VLOG[2] (compute-plp-feats[5.2.132~9-82686]:main():compute-plp-feats.cc:173) Processed features for key m005_oldmale-word-whänau-K005M-06
VLOG[2] (compute-plp-feats[5.2.132~9-82686]:main():compute-plp-feats.cc:173) Processed features for key m005_oldmale-word-wä-K005M-01a
VLOG[2] (compute-plp-feats[5.2.132~9-82686]:main():compute-plp-feats.cc:173) Processed features for key m005_oldmale-word-wä-K005M-01b
VLOG[2] (compute-plp-feats[5.2.132~9-82686]:main():compute-plp-feats.cc:173) Processed features for key m005_oldmale-word-wä-K005M-02
VLOG[2] (compute-plp-feats[5.2.132~9-82686]:main():compute-plp-feats.cc:173) Processed features for key m005_oldmale-word-wä-K005M-07
VLOG[2] (compute-plp-feats[5.2.132~9-82686]:main():compute-plp-feats.cc:173) Processed features for key m005_oldmale-word-wähi-K005M-06
VLOG[2] (compute-plp-feats[5.2.132~9-82686]:main():compute-plp-feats.cc:173) Processed features for key m005_oldmale-word-wähi-K005M-11a
LOG (compute-plp-feats[5.2.132~9-82686]:main():compute-plp-feats.cc:172) Processed 120 utterances
VLOG[2] (compute-plp-feats[5.2.132~9-82686]:main():compute-plp-feats.cc:173) Processed features for key m005_oldmale-word-wähi-K005M-11b
VLOG[2] (compute-plp-feats[5.2.132~9-82686]:main():compute-plp-feats.cc:173) Processed features for key m005_oldmale-word-wähi-K005M-11c
VLOG[2] (compute-plp-feats[5.2.132~9-82686]:main():compute-plp-feats.cc:173) Processed features for key m006_oldmale-word-awa-K006M-06a
VLOG[2] (compute-plp-feats[5.2.132~9-82686]:main():compute-plp-feats.cc:173) Processed features for key m006_oldmale-word-awa-K006M-06b
VLOG[2] (compute-plp-feats[5.2.132~9-82686]:main():compute-plp-feats.cc:173) Processed features for key m006_oldmale-word-awa-K006M-07
VLOG[2] (compute-plp-feats[5.2.132~9-82686]:main():compute-plp-feats.cc:173) Processed features for key m006_oldmale-word-haere_mai-K006M-04
VLOG[2] (compute-plp-feats[5.2.132~9-82686]:main():compute-plp-feats.cc:173) Processed features for key m006_oldmale-word-haere_mai-K006M-09
VLOG[2] (compute-plp-feats[5.2.132~9-82686]:main():compute-plp-feats.cc:173) Processed features for key m006_oldmale-word-hau-K006M
VLOG[2] (compute-plp-feats[5.2.132~9-82686]:main():compute-plp-feats.cc:173) Processed features for key m006_oldmale-word-hei-K006M
VLOG[2] (compute-plp-feats[5.2.132~9-82686]:main():compute-plp-feats.cc:173) Processed features for key m006_oldmale-word-hoe-K006M
LOG (compute-plp-feats[5.2.132~9-82686]:main():compute-plp-feats.cc:172) Processed 130 utterances
VLOG[2] (compute-plp-feats[5.2.132~9-82686]:main():compute-plp-feats.cc:173) Processed features for key m006_oldmale-word-hoihoi-K006M
VLOG[2] (compute-plp-feats[5.2.132~9-82686]:main():compute-plp-feats.cc:173) Processed features for key m006_oldmale-word-hou-K006M
VLOG[2] (compute-plp-feats[5.2.132~9-82686]:main():compute-plp-feats.cc:173) Processed features for key m006_oldmale-word-hë-K006M
VLOG[2] (compute-plp-feats[5.2.132~9-82686]:main():compute-plp-feats.cc:173) Processed features for key m006_oldmale-word-iwi-K006M-03a
VLOG[2] (compute-plp-feats[5.2.132~9-82686]:main():compute-plp-feats.cc:173) Processed features for key m006_oldmale-word-iwi-K006M-03b
VLOG[2] (compute-plp-feats[5.2.132~9-82686]:main():compute-plp-feats.cc:173) Processed features for key m006_oldmale-word-iwi-K006M-08
VLOG[2] (compute-plp-feats[5.2.132~9-82686]:main():compute-plp-feats.cc:173) Processed features for key m006_oldmale-word-kaumätua-K006M-02
VLOG[2] (compute-plp-feats[5.2.132~9-82686]:main():compute-plp-feats.cc:173) Processed features for key m006_oldmale-word-kaumätua-K006M-07
VLOG[2] (compute-plp-feats[5.2.132~9-82686]:main():compute-plp-feats.cc:173) Processed features for key m006_oldmale-word-kë-K006M
VLOG[2] (compute-plp-feats[5.2.132~9-82686]:main():compute-plp-feats.cc:173) Processed features for key m006_oldmale-word-kï-K006M
LOG (compute-plp-feats[5.2.132~9-82686]:main():compute-plp-feats.cc:172) Processed 140 utterances
VLOG[2] (compute-plp-feats[5.2.132~9-82686]:main():compute-plp-feats.cc:173) Processed features for key m006_oldmale-word-körero-K006M-02
VLOG[2] (compute-plp-feats[5.2.132~9-82686]:main():compute-plp-feats.cc:173) Processed features for key m006_oldmale-word-körero-K006M-03
VLOG[2] (compute-plp-feats[5.2.132~9-82686]:main():compute-plp-feats.cc:173) Processed features for key m006_oldmale-word-körero-K006M-04a
VLOG[2] (compute-plp-feats[5.2.132~9-82686]:main():compute-plp-feats.cc:173) Processed features for key m006_oldmale-word-körero-K006M-04b
VLOG[2] (compute-plp-feats[5.2.132~9-82686]:main():compute-plp-feats.cc:173) Processed features for key m006_oldmale-word-mao-K006M
VLOG[2] (compute-plp-feats[5.2.132~9-82686]:main():compute-plp-feats.cc:173) Processed features for key m006_oldmale-word-marae-K006M-07
VLOG[2] (compute-plp-feats[5.2.132~9-82686]:main():compute-plp-feats.cc:173) Processed features for key m006_oldmale-word-matariki-K006M-06
VLOG[2] (compute-plp-feats[5.2.132~9-82686]:main():compute-plp-feats.cc:173) Processed features for key m006_oldmale-word-matiu-K006M
VLOG[2] (compute-plp-feats[5.2.132~9-82686]:main():compute-plp-feats.cc:173) Processed features for key m006_oldmale-word-mau-K006M
VLOG[2] (compute-plp-feats[5.2.132~9-82686]:main():compute-plp-feats.cc:173) Processed features for key m006_oldmale-word-mokopuna-K006M-05
LOG (compute-plp-feats[5.2.132~9-82686]:main():compute-plp-feats.cc:172) Processed 150 utterances
VLOG[2] (compute-plp-feats[5.2.132~9-82686]:main():compute-plp-feats.cc:173) Processed features for key m006_oldmale-word-moutere-K006M
VLOG[2] (compute-plp-feats[5.2.132~9-82686]:main():compute-plp-feats.cc:173) Processed features for key m006_oldmale-word-mäori-K006M-05a
VLOG[2] (compute-plp-feats[5.2.132~9-82686]:main():compute-plp-feats.cc:173) Processed features for key m006_oldmale-word-mäori-K006M-05b
VLOG[2] (compute-plp-feats[5.2.132~9-82686]:main():compute-plp-feats.cc:173) Processed features for key m006_oldmale-word-pae-K006M
VLOG[2] (compute-plp-feats[5.2.132~9-82686]:main():compute-plp-feats.cc:173) Processed features for key m006_oldmale-word-pai-K006M
VLOG[2] (compute-plp-feats[5.2.132~9-82686]:main():compute-plp-feats.cc:173) Processed features for key m006_oldmale-word-pao-K006M
VLOG[2] (compute-plp-feats[5.2.132~9-82686]:main():compute-plp-feats.cc:173) Processed features for key m006_oldmale-word-pau-K006M
VLOG[2] (compute-plp-feats[5.2.132~9-82686]:main():compute-plp-feats.cc:173) Processed features for key m006_oldmale-word-pou-K006M
VLOG[2] (compute-plp-feats[5.2.132~9-82686]:main():compute-plp-feats.cc:173) Processed features for key m006_oldmale-word-pö-K006M
VLOG[2] (compute-plp-feats[5.2.132~9-82686]:main():compute-plp-feats.cc:173) Processed features for key m006_oldmale-word-tae-K006M
LOG (compute-plp-feats[5.2.132~9-82686]:main():compute-plp-feats.cc:172) Processed 160 utterances
VLOG[2] (compute-plp-feats[5.2.132~9-82686]:main():compute-plp-feats.cc:173) Processed features for key m006_oldmale-word-tai-K006M
VLOG[2] (compute-plp-feats[5.2.132~9-82686]:main():compute-plp-feats.cc:173) Processed features for key m006_oldmale-word-tamariki-K006M-03a
VLOG[2] (compute-plp-feats[5.2.132~9-82686]:main():compute-plp-feats.cc:173) Processed features for key m006_oldmale-word-tamariki-K006M-03b
VLOG[2] (compute-plp-feats[5.2.132~9-82686]:main():compute-plp-feats.cc:173) Processed features for key m006_oldmale-word-tamariki-K006M-04
VLOG[2] (compute-plp-feats[5.2.132~9-82686]:main():compute-plp-feats.cc:173) Processed features for key m006_oldmale-word-tamariki-K006M-06
VLOG[2] (compute-plp-feats[5.2.132~9-82686]:main():compute-plp-feats.cc:173) Processed features for key m006_oldmale-word-taringa-K006M-07
VLOG[2] (compute-plp-feats[5.2.132~9-82686]:main():compute-plp-feats.cc:173) Processed features for key m006_oldmale-word-taringa-K006M-08
VLOG[2] (compute-plp-feats[5.2.132~9-82686]:main():compute-plp-feats.cc:173) Processed features for key m006_oldmale-word-tauhou-K006M-06a
VLOG[2] (compute-plp-feats[5.2.132~9-82686]:main():compute-plp-feats.cc:173) Processed features for key m006_oldmale-word-tauhou-K006M-06b
VLOG[2] (compute-plp-feats[5.2.132~9-82686]:main():compute-plp-feats.cc:173) Processed features for key m006_oldmale-word-toetoe-K006M
LOG (compute-plp-feats[5.2.132~9-82686]:main():compute-plp-feats.cc:172) Processed 170 utterances
VLOG[2] (compute-plp-feats[5.2.132~9-82686]:main():compute-plp-feats.cc:173) Processed features for key m006_oldmale-word-toi-K006M
VLOG[2] (compute-plp-feats[5.2.132~9-82686]:main():compute-plp-feats.cc:173) Processed features for key m006_oldmale-word-täne-K006M
VLOG[2] (compute-plp-feats[5.2.132~9-82686]:main():compute-plp-feats.cc:173) Processed features for key m006_oldmale-word-tënei-K006M
VLOG[2] (compute-plp-feats[5.2.132~9-82686]:main():compute-plp-feats.cc:173) Processed features for key m006_oldmale-word-tü-K006M
VLOG[2] (compute-plp-feats[5.2.132~9-82686]:main():compute-plp-feats.cc:173) Processed features for key m006_oldmale-word-waiata-K006M-03a
VLOG[2] (compute-plp-feats[5.2.132~9-82686]:main():compute-plp-feats.cc:173) Processed features for key m006_oldmale-word-waiata-K006M-03b
VLOG[2] (compute-plp-feats[5.2.132~9-82686]:main():compute-plp-feats.cc:173) Processed features for key m006_oldmale-word-wairua-K006M-02a
VLOG[2] (compute-plp-feats[5.2.132~9-82686]:main():compute-plp-feats.cc:173) Processed features for key m006_oldmale-word-wairua-K006M-02b
VLOG[2] (compute-plp-feats[5.2.132~9-82686]:main():compute-plp-feats.cc:173) Processed features for key m006_oldmale-word-wairua-K006M-03a
VLOG[2] (compute-plp-feats[5.2.132~9-82686]:main():compute-plp-feats.cc:173) Processed features for key m006_oldmale-word-wairua-K006M-03b
LOG (compute-plp-feats[5.2.132~9-82686]:main():compute-plp-feats.cc:172) Processed 180 utterances
VLOG[2] (compute-plp-feats[5.2.132~9-82686]:main():compute-plp-feats.cc:173) Processed features for key m006_oldmale-word-wairua-K006M-03c
VLOG[2] (compute-plp-feats[5.2.132~9-82686]:main():compute-plp-feats.cc:173) Processed features for key m006_oldmale-word-wairua-K006M-04
VLOG[2] (compute-plp-feats[5.2.132~9-82686]:main():compute-plp-feats.cc:173) Processed features for key m006_oldmale-word-wairua-K006M-09a
VLOG[2] (compute-plp-feats[5.2.132~9-82686]:main():compute-plp-feats.cc:173) Processed features for key m006_oldmale-word-wairua-K006M-09b
VLOG[2] (compute-plp-feats[5.2.132~9-82686]:main():compute-plp-feats.cc:173) Processed features for key m006_oldmale-word-wairua-K006M-09c
VLOG[2] (compute-plp-feats[5.2.132~9-82686]:main():compute-plp-feats.cc:173) Processed features for key m006_oldmale-word-waka-K006M-02a
VLOG[2] (compute-plp-feats[5.2.132~9-82686]:main():compute-plp-feats.cc:173) Processed features for key m006_oldmale-word-waka-K006M-02b
VLOG[2] (compute-plp-feats[5.2.132~9-82686]:main():compute-plp-feats.cc:173) Processed features for key m006_oldmale-word-waka-K006M-06a
VLOG[2] (compute-plp-feats[5.2.132~9-82686]:main():compute-plp-feats.cc:173) Processed features for key m006_oldmale-word-waka-K006M-09a
VLOG[2] (compute-plp-feats[5.2.132~9-82686]:main():compute-plp-feats.cc:173) Processed features for key m006_oldmale-word-waka-K006M-09b
LOG (compute-plp-feats[5.2.132~9-82686]:main():compute-plp-feats.cc:172) Processed 190 utterances
VLOG[2] (compute-plp-feats[5.2.132~9-82686]:main():compute-plp-feats.cc:173) Processed features for key m006_oldmale-word-wä-K006M-02
VLOG[2] (compute-plp-feats[5.2.132~9-82686]:main():compute-plp-feats.cc:173) Processed features for key m006_oldmale-word-wä-K006M-04
VLOG[2] (compute-plp-feats[5.2.132~9-82686]:main():compute-plp-feats.cc:173) Processed features for key m007_oldmale-word-awa-K007M-06a
VLOG[2] (compute-plp-feats[5.2.132~9-82686]:main():compute-plp-feats.cc:173) Processed features for key m007_oldmale-word-awa-K007M-06b
VLOG[2] (compute-plp-feats[5.2.132~9-82686]:main():compute-plp-feats.cc:173) Processed features for key m007_oldmale-word-awa-K007M-07a1
VLOG[2] (compute-plp-feats[5.2.132~9-82686]:main():compute-plp-feats.cc:173) Processed features for key m007_oldmale-word-awa-K007M-07a2
VLOG[2] (compute-plp-feats[5.2.132~9-82686]:main():compute-plp-feats.cc:173) Processed features for key m007_oldmale-word-awa-K007M-09
VLOG[2] (compute-plp-feats[5.2.132~9-82686]:main():compute-plp-feats.cc:173) Processed features for key m007_oldmale-word-awa-K007M-10a
VLOG[2] (compute-plp-feats[5.2.132~9-82686]:main():compute-plp-feats.cc:173) Processed features for key m007_oldmale-word-awa-K007M-10b
VLOG[2] (compute-plp-feats[5.2.132~9-82686]:main():compute-plp-feats.cc:173) Processed features for key m007_oldmale-word-e_noho-K007M-10
LOG (compute-plp-feats[5.2.132~9-82686]:main():compute-plp-feats.cc:172) Processed 200 utterances
VLOG[2] (compute-plp-feats[5.2.132~9-82686]:main():compute-plp-feats.cc:173) Processed features for key m007_oldmale-word-e_noho-K007M-11a
VLOG[2] (compute-plp-feats[5.2.132~9-82686]:main():compute-plp-feats.cc:173) Processed features for key m007_oldmale-word-e_noho-K007M-11b
VLOG[2] (compute-plp-feats[5.2.132~9-82686]:main():compute-plp-feats.cc:173) Processed features for key m007_oldmale-word-haere_mai-K007M-09
VLOG[2] (compute-plp-feats[5.2.132~9-82686]:main():compute-plp-feats.cc:173) Processed features for key m007_oldmale-word-hau-K007M
VLOG[2] (compute-plp-feats[5.2.132~9-82686]:main():compute-plp-feats.cc:173) Processed features for key m007_oldmale-word-hei-K007M
VLOG[2] (compute-plp-feats[5.2.132~9-82686]:main():compute-plp-feats.cc:173) Processed features for key m007_oldmale-word-hoe-K007M
VLOG[2] (compute-plp-feats[5.2.132~9-82686]:main():compute-plp-feats.cc:173) Processed features for key m007_oldmale-word-hoihoi-K007M
VLOG[2] (compute-plp-feats[5.2.132~9-82686]:main():compute-plp-feats.cc:173) Processed features for key m007_oldmale-word-hou-K007M
VLOG[2] (compute-plp-feats[5.2.132~9-82686]:main():compute-plp-feats.cc:173) Processed features for key m007_oldmale-word-hë-K007M
VLOG[2] (compute-plp-feats[5.2.132~9-82686]:main():compute-plp-feats.cc:173) Processed features for key m007_oldmale-word-hï-K007M
LOG (compute-plp-feats[5.2.132~9-82686]:main():compute-plp-feats.cc:172) Processed 210 utterances
VLOG[2] (compute-plp-feats[5.2.132~9-82686]:main():compute-plp-feats.cc:173) Processed features for key m007_oldmale-word-iwa-K007M-03
VLOG[2] (compute-plp-feats[5.2.132~9-82686]:main():compute-plp-feats.cc:173) Processed features for key m007_oldmale-word-iwi-K007M-05
VLOG[2] (compute-plp-feats[5.2.132~9-82686]:main():compute-plp-feats.cc:173) Processed features for key m007_oldmale-word-iwi-K007M-10
VLOG[2] (compute-plp-feats[5.2.132~9-82686]:main():compute-plp-feats.cc:173) Processed features for key m007_oldmale-word-ka_pai-K007M-04
VLOG[2] (compute-plp-feats[5.2.132~9-82686]:main():compute-plp-feats.cc:173) Processed features for key m007_oldmale-word-ka_pai-K007M-06
VLOG[2] (compute-plp-feats[5.2.132~9-82686]:main():compute-plp-feats.cc:173) Processed features for key m007_oldmale-word-ka_pai-K007M-08
VLOG[2] (compute-plp-feats[5.2.132~9-82686]:main():compute-plp-feats.cc:173) Processed features for key m007_oldmale-word-ka_pai-K007M-12
VLOG[2] (compute-plp-feats[5.2.132~9-82686]:main():compute-plp-feats.cc:173) Processed features for key m007_oldmale-word-ka_pai-K007M-14
VLOG[2] (compute-plp-feats[5.2.132~9-82686]:main():compute-plp-feats.cc:173) Processed features for key m007_oldmale-word-karanga-K007M-06
VLOG[2] (compute-plp-feats[5.2.132~9-82686]:main():compute-plp-feats.cc:173) Processed features for key m007_oldmale-word-karanga-K007M-07
LOG (compute-plp-feats[5.2.132~9-82686]:main():compute-plp-feats.cc:172) Processed 220 utterances
VLOG[2] (compute-plp-feats[5.2.132~9-82686]:main():compute-plp-feats.cc:173) Processed features for key m007_oldmale-word-karanga-K007M-08
VLOG[2] (compute-plp-feats[5.2.132~9-82686]:main():compute-plp-feats.cc:173) Processed features for key m007_oldmale-word-karanga-K007M-09a
VLOG[2] (compute-plp-feats[5.2.132~9-82686]:main():compute-plp-feats.cc:173) Processed features for key m007_oldmale-word-karanga-K007M-09b
VLOG[2] (compute-plp-feats[5.2.132~9-82686]:main():compute-plp-feats.cc:173) Processed features for key m007_oldmale-word-karanga-K007M-09c
VLOG[2] (compute-plp-feats[5.2.132~9-82686]:main():compute-plp-feats.cc:173) Processed features for key m007_oldmale-word-karanga-K007M-12
VLOG[2] (compute-plp-feats[5.2.132~9-82686]:main():compute-plp-feats.cc:173) Processed features for key m007_oldmale-word-kei-K007M
VLOG[2] (compute-plp-feats[5.2.132~9-82686]:main():compute-plp-feats.cc:173) Processed features for key m007_oldmale-word-kuia-K007M-05
VLOG[2] (compute-plp-feats[5.2.132~9-82686]:main():compute-plp-feats.cc:173) Processed features for key m007_oldmale-word-käinga-K007M-04
VLOG[2] (compute-plp-feats[5.2.132~9-82686]:main():compute-plp-feats.cc:173) Processed features for key m007_oldmale-word-käinga-K007M-05
VLOG[2] (compute-plp-feats[5.2.132~9-82686]:main():compute-plp-feats.cc:173) Processed features for key m007_oldmale-word-käinga-K007M-06a
LOG (compute-plp-feats[5.2.132~9-82686]:main():compute-plp-feats.cc:172) Processed 230 utterances
VLOG[2] (compute-plp-feats[5.2.132~9-82686]:main():compute-plp-feats.cc:173) Processed features for key m007_oldmale-word-käinga-K007M-06b
VLOG[2] (compute-plp-feats[5.2.132~9-82686]:main():compute-plp-feats.cc:173) Processed features for key m007_oldmale-word-käinga-K007M-12
VLOG[2] (compute-plp-feats[5.2.132~9-82686]:main():compute-plp-feats.cc:173) Processed features for key m007_oldmale-word-kë-K007M
VLOG[2] (compute-plp-feats[5.2.132~9-82686]:main():compute-plp-feats.cc:173) Processed features for key m007_oldmale-word-kï-K007M
VLOG[2] (compute-plp-feats[5.2.132~9-82686]:main():compute-plp-feats.cc:173) Processed features for key m007_oldmale-word-körero-K007M-05a
VLOG[2] (compute-plp-feats[5.2.132~9-82686]:main():compute-plp-feats.cc:173) Processed features for key m007_oldmale-word-körero-K007M-05b
VLOG[2] (compute-plp-feats[5.2.132~9-82686]:main():compute-plp-feats.cc:173) Processed features for key m007_oldmale-word-körero-K007M-07a1
VLOG[2] (compute-plp-feats[5.2.132~9-82686]:main():compute-plp-feats.cc:173) Processed features for key m007_oldmale-word-körero-K007M-07a2
VLOG[2] (compute-plp-feats[5.2.132~9-82686]:main():compute-plp-feats.cc:173) Processed features for key m007_oldmale-word-körero-K007M-08
VLOG[2] (compute-plp-feats[5.2.132~9-82686]:main():compute-plp-feats.cc:173) Processed features for key m007_oldmale-word-mao-K007M
LOG (compute-plp-feats[5.2.132~9-82686]:main():compute-plp-feats.cc:172) Processed 240 utterances
VLOG[2] (compute-plp-feats[5.2.132~9-82686]:main():compute-plp-feats.cc:173) Processed features for key m007_oldmale-word-marae-K007M-01
VLOG[2] (compute-plp-feats[5.2.132~9-82686]:main():compute-plp-feats.cc:173) Processed features for key m007_oldmale-word-matiu-K007M
VLOG[2] (compute-plp-feats[5.2.132~9-82686]:main():compute-plp-feats.cc:173) Processed features for key m007_oldmale-word-mau-K007M
VLOG[2] (compute-plp-feats[5.2.132~9-82686]:main():compute-plp-feats.cc:173) Processed features for key m007_oldmale-word-maunga-K007M-02
VLOG[2] (compute-plp-feats[5.2.132~9-82686]:main():compute-plp-feats.cc:173) Processed features for key m007_oldmale-word-moana-K007M-01
VLOG[2] (compute-plp-feats[5.2.132~9-82686]:main():compute-plp-feats.cc:173) Processed features for key m007_oldmale-word-moana-K007M-09
VLOG[2] (compute-plp-feats[5.2.132~9-82686]:main():compute-plp-feats.cc:173) Processed features for key m007_oldmale-word-moana-K007M-12
VLOG[2] (compute-plp-feats[5.2.132~9-82686]:main():compute-plp-feats.cc:173) Processed features for key m007_oldmale-word-moutere-K007M
VLOG[2] (compute-plp-feats[5.2.132~9-82686]:main():compute-plp-feats.cc:173) Processed features for key m007_oldmale-word-mäori-K007M-08
VLOG[2] (compute-plp-feats[5.2.132~9-82686]:main():compute-plp-feats.cc:173) Processed features for key m007_oldmale-word-mäori-K007M-11
LOG (compute-plp-feats[5.2.132~9-82686]:main():compute-plp-feats.cc:172) Processed 250 utterances
VLOG[2] (compute-plp-feats[5.2.132~9-82686]:main():compute-plp-feats.cc:173) Processed features for key m007_oldmale-word-mäori-K007M-13a
VLOG[2] (compute-plp-feats[5.2.132~9-82686]:main():compute-plp-feats.cc:173) Processed features for key m007_oldmale-word-mäori-K007M-13b
VLOG[2] (compute-plp-feats[5.2.132~9-82686]:main():compute-plp-feats.cc:173) Processed features for key m007_oldmale-word-mätao-K007M
VLOG[2] (compute-plp-feats[5.2.132~9-82686]:main():compute-plp-feats.cc:173) Processed features for key m007_oldmale-word-mätau-K007M
VLOG[2] (compute-plp-feats[5.2.132~9-82686]:main():compute-plp-feats.cc:173) Processed features for key m007_oldmale-word-pae-K007M
VLOG[2] (compute-plp-feats[5.2.132~9-82686]:main():compute-plp-feats.cc:173) Processed features for key m007_oldmale-word-pai-K007M
VLOG[2] (compute-plp-feats[5.2.132~9-82686]:main():compute-plp-feats.cc:173) Processed features for key m007_oldmale-word-pao-K007M
VLOG[2] (compute-plp-feats[5.2.132~9-82686]:main():compute-plp-feats.cc:173) Processed features for key m007_oldmale-word-pau-K007M
VLOG[2] (compute-plp-feats[5.2.132~9-82686]:main():compute-plp-feats.cc:173) Processed features for key m007_oldmale-word-pou-K007M
VLOG[2] (compute-plp-feats[5.2.132~9-82686]:main():compute-plp-feats.cc:173) Processed features for key m007_oldmale-word-pö-K007M
LOG (compute-plp-feats[5.2.132~9-82686]:main():compute-plp-feats.cc:172) Processed 260 utterances
VLOG[2] (compute-plp-feats[5.2.132~9-82686]:main():compute-plp-feats.cc:173) Processed features for key m007_oldmale-word-rima-K007M-04
VLOG[2] (compute-plp-feats[5.2.132~9-82686]:main():compute-plp-feats.cc:173) Processed features for key m007_oldmale-word-rua-K007M-02a
VLOG[2] (compute-plp-feats[5.2.132~9-82686]:main():compute-plp-feats.cc:173) Processed features for key m007_oldmale-word-rua-K007M-02b
VLOG[2] (compute-plp-feats[5.2.132~9-82686]:main():compute-plp-feats.cc:173) Processed features for key m007_oldmale-word-rua-K007M-04
VLOG[2] (compute-plp-feats[5.2.132~9-82686]:main():compute-plp-feats.cc:173) Processed features for key m007_oldmale-word-rua-K007M-07
VLOG[2] (compute-plp-feats[5.2.132~9-82686]:main():compute-plp-feats.cc:173) Processed features for key m007_oldmale-word-rua-K007M-12
VLOG[2] (compute-plp-feats[5.2.132~9-82686]:main():compute-plp-feats.cc:173) Processed features for key m007_oldmale-word-rua-K007M-13a
VLOG[2] (compute-plp-feats[5.2.132~9-82686]:main():compute-plp-feats.cc:173) Processed features for key m007_oldmale-word-rua-K007M-13b
VLOG[2] (compute-plp-feats[5.2.132~9-82686]:main():compute-plp-feats.cc:173) Processed features for key m007_oldmale-word-tae-K007M
VLOG[2] (compute-plp-feats[5.2.132~9-82686]:main():compute-plp-feats.cc:173) Processed features for key m007_oldmale-word-tahi-K007M-13
LOG (compute-plp-feats[5.2.132~9-82686]:main():compute-plp-feats.cc:172) Processed 270 utterances
VLOG[2] (compute-plp-feats[5.2.132~9-82686]:main():compute-plp-feats.cc:173) Processed features for key m007_oldmale-word-tai-K007M
VLOG[2] (compute-plp-feats[5.2.132~9-82686]:main():compute-plp-feats.cc:173) Processed features for key m007_oldmale-word-tangi-K007M-14
VLOG[2] (compute-plp-feats[5.2.132~9-82686]:main():compute-plp-feats.cc:173) Processed features for key m007_oldmale-word-taringa-K007M-08a
VLOG[2] (compute-plp-feats[5.2.132~9-82686]:main():compute-plp-feats.cc:173) Processed features for key m007_oldmale-word-taringa-K007M-08b
VLOG[2] (compute-plp-feats[5.2.132~9-82686]:main():compute-plp-feats.cc:173) Processed features for key m007_oldmale-word-tauhou-K007M-10
VLOG[2] (compute-plp-feats[5.2.132~9-82686]:main():compute-plp-feats.cc:173) Processed features for key m007_oldmale-word-toetoe-K007M
VLOG[2] (compute-plp-feats[5.2.132~9-82686]:main():compute-plp-feats.cc:173) Processed features for key m007_oldmale-word-toi-K007M
VLOG[2] (compute-plp-feats[5.2.132~9-82686]:main():compute-plp-feats.cc:173) Processed features for key m007_oldmale-word-toru-K007M-01
VLOG[2] (compute-plp-feats[5.2.132~9-82686]:main():compute-plp-feats.cc:173) Processed features for key m007_oldmale-word-täne-K007M
VLOG[2] (compute-plp-feats[5.2.132~9-82686]:main():compute-plp-feats.cc:173) Processed features for key m007_oldmale-word-tënei-K007M
LOG (compute-plp-feats[5.2.132~9-82686]:main():compute-plp-feats.cc:172) Processed 280 utterances
VLOG[2] (compute-plp-feats[5.2.132~9-82686]:main():compute-plp-feats.cc:173) Processed features for key m007_oldmale-word-tü-K007M
VLOG[2] (compute-plp-feats[5.2.132~9-82686]:main():compute-plp-feats.cc:173) Processed features for key m007_oldmale-word-waewae-K007M-06
VLOG[2] (compute-plp-feats[5.2.132~9-82686]:main():compute-plp-feats.cc:173) Processed features for key m007_oldmale-word-waewae-K007M-13
VLOG[2] (compute-plp-feats[5.2.132~9-82686]:main():compute-plp-feats.cc:173) Processed features for key m007_oldmale-word-waiata-K007M-10
VLOG[2] (compute-plp-feats[5.2.132~9-82686]:main():compute-plp-feats.cc:173) Processed features for key m007_oldmale-word-waru-K007M-03
VLOG[2] (compute-plp-feats[5.2.132~9-82686]:main():compute-plp-feats.cc:173) Processed features for key m007_oldmale-word-waru-K007M-06
VLOG[2] (compute-plp-feats[5.2.132~9-82686]:main():compute-plp-feats.cc:173) Processed features for key m007_oldmale-word-waru-K007M-12
VLOG[2] (compute-plp-feats[5.2.132~9-82686]:main():compute-plp-feats.cc:173) Processed features for key m007_oldmale-word-whare-K007M-01
VLOG[2] (compute-plp-feats[5.2.132~9-82686]:main():compute-plp-feats.cc:173) Processed features for key m007_oldmale-word-whare-K007M-05a1
VLOG[2] (compute-plp-feats[5.2.132~9-82686]:main():compute-plp-feats.cc:173) Processed features for key m007_oldmale-word-whare-K007M-05a2
LOG (compute-plp-feats[5.2.132~9-82686]:main():compute-plp-feats.cc:172) Processed 290 utterances
VLOG[2] (compute-plp-feats[5.2.132~9-82686]:main():compute-plp-feats.cc:173) Processed features for key m007_oldmale-word-whare-K007M-05b
VLOG[2] (compute-plp-feats[5.2.132~9-82686]:main():compute-plp-feats.cc:173) Processed features for key m007_oldmale-word-whare-K007M-06
VLOG[2] (compute-plp-feats[5.2.132~9-82686]:main():compute-plp-feats.cc:173) Processed features for key m007_oldmale-word-whitu-K007M-06
VLOG[2] (compute-plp-feats[5.2.132~9-82686]:main():compute-plp-feats.cc:173) Processed features for key m007_oldmale-word-whitu-K007M-12
VLOG[2] (compute-plp-feats[5.2.132~9-82686]:main():compute-plp-feats.cc:173) Processed features for key m007_oldmale-word-whänau-K007M-09
VLOG[2] (compute-plp-feats[5.2.132~9-82686]:main():compute-plp-feats.cc:173) Processed features for key m007_oldmale-word-wä-K007M-01a1
VLOG[2] (compute-plp-feats[5.2.132~9-82686]:main():compute-plp-feats.cc:173) Processed features for key m007_oldmale-word-wä-K007M-01a2
VLOG[2] (compute-plp-feats[5.2.132~9-82686]:main():compute-plp-feats.cc:173) Processed features for key m007_oldmale-word-wä-K007M-01b
VLOG[2] (compute-plp-feats[5.2.132~9-82686]:main():compute-plp-feats.cc:173) Processed features for key m007_oldmale-word-wä-K007M-02a
VLOG[2] (compute-plp-feats[5.2.132~9-82686]:main():compute-plp-feats.cc:173) Processed features for key m007_oldmale-word-wä-K007M-02b
LOG (compute-plp-feats[5.2.132~9-82686]:main():compute-plp-feats.cc:172) Processed 300 utterances
VLOG[2] (compute-plp-feats[5.2.132~9-82686]:main():compute-plp-feats.cc:173) Processed features for key m007_oldmale-word-wä-K007M-03
VLOG[2] (compute-plp-feats[5.2.132~9-82686]:main():compute-plp-feats.cc:173) Processed features for key m008_oldmale-word-awa-K008M-01
VLOG[2] (compute-plp-feats[5.2.132~9-82686]:main():compute-plp-feats.cc:173) Processed features for key m008_oldmale-word-awa-K008M-09a
VLOG[2] (compute-plp-feats[5.2.132~9-82686]:main():compute-plp-feats.cc:173) Processed features for key m008_oldmale-word-awa-K008M-09b
VLOG[2] (compute-plp-feats[5.2.132~9-82686]:main():compute-plp-feats.cc:173) Processed features for key m008_oldmale-word-awa-K008M-09c
VLOG[2] (compute-plp-feats[5.2.132~9-82686]:main():compute-plp-feats.cc:173) Processed features for key m008_oldmale-word-hei-K008M
VLOG[2] (compute-plp-feats[5.2.132~9-82686]:main():compute-plp-feats.cc:173) Processed features for key m008_oldmale-word-hoe-K008M
VLOG[2] (compute-plp-feats[5.2.132~9-82686]:main():compute-plp-feats.cc:173) Processed features for key m008_oldmale-word-hoihoi-K008M
VLOG[2] (compute-plp-feats[5.2.132~9-82686]:main():compute-plp-feats.cc:173) Processed features for key m008_oldmale-word-hë-K008M
VLOG[2] (compute-plp-feats[5.2.132~9-82686]:main():compute-plp-feats.cc:173) Processed features for key m008_oldmale-word-hï-K008M
LOG (compute-plp-feats[5.2.132~9-82686]:main():compute-plp-feats.cc:172) Processed 310 utterances
VLOG[2] (compute-plp-feats[5.2.132~9-82686]:main():compute-plp-feats.cc:173) Processed features for key m008_oldmale-word-iwa-K008M-06
VLOG[2] (compute-plp-feats[5.2.132~9-82686]:main():compute-plp-feats.cc:173) Processed features for key m008_oldmale-word-iwa-K008M-07
VLOG[2] (compute-plp-feats[5.2.132~9-82686]:main():compute-plp-feats.cc:173) Processed features for key m008_oldmale-word-karakia-K008M-06a
VLOG[2] (compute-plp-feats[5.2.132~9-82686]:main():compute-plp-feats.cc:173) Processed features for key m008_oldmale-word-karakia-K008M-06b
VLOG[2] (compute-plp-feats[5.2.132~9-82686]:main():compute-plp-feats.cc:173) Processed features for key m008_oldmale-word-kaumätua-K008M-01
VLOG[2] (compute-plp-feats[5.2.132~9-82686]:main():compute-plp-feats.cc:173) Processed features for key m008_oldmale-word-kaumätua-K008M-06
VLOG[2] (compute-plp-feats[5.2.132~9-82686]:main():compute-plp-feats.cc:173) Processed features for key m008_oldmale-word-kei-K008M
VLOG[2] (compute-plp-feats[5.2.132~9-82686]:main():compute-plp-feats.cc:173) Processed features for key m008_oldmale-word-kë-K008M
VLOG[2] (compute-plp-feats[5.2.132~9-82686]:main():compute-plp-feats.cc:173) Processed features for key m008_oldmale-word-kï-K008M
VLOG[2] (compute-plp-feats[5.2.132~9-82686]:main():compute-plp-feats.cc:173) Processed features for key m008_oldmale-word-mao-K008M
LOG (compute-plp-feats[5.2.132~9-82686]:main():compute-plp-feats.cc:172) Processed 320 utterances
VLOG[2] (compute-plp-feats[5.2.132~9-82686]:main():compute-plp-feats.cc:173) Processed features for key m008_oldmale-word-marae-K008M-04
VLOG[2] (compute-plp-feats[5.2.132~9-82686]:main():compute-plp-feats.cc:173) Processed features for key m008_oldmale-word-marae-K008M-06
VLOG[2] (compute-plp-feats[5.2.132~9-82686]:main():compute-plp-feats.cc:173) Processed features for key m008_oldmale-word-matariki-K008M-09
VLOG[2] (compute-plp-feats[5.2.132~9-82686]:main():compute-plp-feats.cc:173) Processed features for key m008_oldmale-word-matiu-K008M
VLOG[2] (compute-plp-feats[5.2.132~9-82686]:main():compute-plp-feats.cc:173) Processed features for key m008_oldmale-word-mau-K008M
VLOG[2] (compute-plp-feats[5.2.132~9-82686]:main():compute-plp-feats.cc:173) Processed features for key m008_oldmale-word-mihi-K008M-04a
VLOG[2] (compute-plp-feats[5.2.132~9-82686]:main():compute-plp-feats.cc:173) Processed features for key m008_oldmale-word-mihi-K008M-04b
VLOG[2] (compute-plp-feats[5.2.132~9-82686]:main():compute-plp-feats.cc:173) Processed features for key m008_oldmale-word-mihi-K008M-04c
VLOG[2] (compute-plp-feats[5.2.132~9-82686]:main():compute-plp-feats.cc:173) Processed features for key m008_oldmale-word-mihi-K008M-04d
VLOG[2] (compute-plp-feats[5.2.132~9-82686]:main():compute-plp-feats.cc:173) Processed features for key m008_oldmale-word-mihi-K008M-04e
LOG (compute-plp-feats[5.2.132~9-82686]:main():compute-plp-feats.cc:172) Processed 330 utterances
VLOG[2] (compute-plp-feats[5.2.132~9-82686]:main():compute-plp-feats.cc:173) Processed features for key m008_oldmale-word-moana-K008M-01
VLOG[2] (compute-plp-feats[5.2.132~9-82686]:main():compute-plp-feats.cc:173) Processed features for key m008_oldmale-word-moutere-K008M
VLOG[2] (compute-plp-feats[5.2.132~9-82686]:main():compute-plp-feats.cc:173) Processed features for key m008_oldmale-word-mäori-K008M-04
VLOG[2] (compute-plp-feats[5.2.132~9-82686]:main():compute-plp-feats.cc:173) Processed features for key m008_oldmale-word-mäori-K008M-08
VLOG[2] (compute-plp-feats[5.2.132~9-82686]:main():compute-plp-feats.cc:173) Processed features for key m008_oldmale-word-mätao-K008M
VLOG[2] (compute-plp-feats[5.2.132~9-82686]:main():compute-plp-feats.cc:173) Processed features for key m008_oldmale-word-mätau-K008M
VLOG[2] (compute-plp-feats[5.2.132~9-82686]:main():compute-plp-feats.cc:173) Processed features for key m008_oldmale-word-mätou-K008M
VLOG[2] (compute-plp-feats[5.2.132~9-82686]:main():compute-plp-feats.cc:173) Processed features for key m008_oldmale-word-pae-K008M
VLOG[2] (compute-plp-feats[5.2.132~9-82686]:main():compute-plp-feats.cc:173) Processed features for key m008_oldmale-word-pai-K008M
VLOG[2] (compute-plp-feats[5.2.132~9-82686]:main():compute-plp-feats.cc:173) Processed features for key m008_oldmale-word-pao-K008M
LOG (compute-plp-feats[5.2.132~9-82686]:main():compute-plp-feats.cc:172) Processed 340 utterances
VLOG[2] (compute-plp-feats[5.2.132~9-82686]:main():compute-plp-feats.cc:173) Processed features for key m008_oldmale-word-pau-K008M
VLOG[2] (compute-plp-feats[5.2.132~9-82686]:main():compute-plp-feats.cc:173) Processed features for key m008_oldmale-word-pou-K008M
VLOG[2] (compute-plp-feats[5.2.132~9-82686]:main():compute-plp-feats.cc:173) Processed features for key m008_oldmale-word-pö-K008M
VLOG[2] (compute-plp-feats[5.2.132~9-82686]:main():compute-plp-feats.cc:173) Processed features for key m008_oldmale-word-rima-K008M-03
VLOG[2] (compute-plp-feats[5.2.132~9-82686]:main():compute-plp-feats.cc:173) Processed features for key m008_oldmale-word-rima-K008M-05
VLOG[2] (compute-plp-feats[5.2.132~9-82686]:main():compute-plp-feats.cc:173) Processed features for key m008_oldmale-word-tae-K008M
VLOG[2] (compute-plp-feats[5.2.132~9-82686]:main():compute-plp-feats.cc:173) Processed features for key m008_oldmale-word-tai-K008M
VLOG[2] (compute-plp-feats[5.2.132~9-82686]:main():compute-plp-feats.cc:173) Processed features for key m008_oldmale-word-tangi-K008M-05
VLOG[2] (compute-plp-feats[5.2.132~9-82686]:main():compute-plp-feats.cc:173) Processed features for key m008_oldmale-word-tikanga-K008M-02
VLOG[2] (compute-plp-feats[5.2.132~9-82686]:main():compute-plp-feats.cc:173) Processed features for key m008_oldmale-word-tikanga-K008M-03
LOG (compute-plp-feats[5.2.132~9-82686]:main():compute-plp-feats.cc:172) Processed 350 utterances
VLOG[2] (compute-plp-feats[5.2.132~9-82686]:main():compute-plp-feats.cc:173) Processed features for key m008_oldmale-word-tikanga-K008M-04
VLOG[2] (compute-plp-feats[5.2.132~9-82686]:main():compute-plp-feats.cc:173) Processed features for key m008_oldmale-word-tikanga-K008M-08
VLOG[2] (compute-plp-feats[5.2.132~9-82686]:main():compute-plp-feats.cc:173) Processed features for key m008_oldmale-word-toetoe-K008M
VLOG[2] (compute-plp-feats[5.2.132~9-82686]:main():compute-plp-feats.cc:173) Processed features for key m008_oldmale-word-toi-K008M
VLOG[2] (compute-plp-feats[5.2.132~9-82686]:main():compute-plp-feats.cc:173) Processed features for key m008_oldmale-word-täne-K008M
VLOG[2] (compute-plp-feats[5.2.132~9-82686]:main():compute-plp-feats.cc:173) Processed features for key m008_oldmale-word-tënei-K008M
VLOG[2] (compute-plp-feats[5.2.132~9-82686]:main():compute-plp-feats.cc:173) Processed features for key m008_oldmale-word-tü-K008M
VLOG[2] (compute-plp-feats[5.2.132~9-82686]:main():compute-plp-feats.cc:173) Processed features for key m008_oldmale-word-waiata-K008M-10
VLOG[2] (compute-plp-feats[5.2.132~9-82686]:main():compute-plp-feats.cc:173) Processed features for key m008_oldmale-word-waka-K008M-06
VLOG[2] (compute-plp-feats[5.2.132~9-82686]:main():compute-plp-feats.cc:173) Processed features for key m008_oldmale-word-whitu-K008M-06a
LOG (compute-plp-feats[5.2.132~9-82686]:main():compute-plp-feats.cc:172) Processed 360 utterances
VLOG[2] (compute-plp-feats[5.2.132~9-82686]:main():compute-plp-feats.cc:173) Processed features for key m008_oldmale-word-whitu-K008M-06b
VLOG[2] (compute-plp-feats[5.2.132~9-82686]:main():compute-plp-feats.cc:173) Processed features for key m008_oldmale-word-whitu-K008M-07
VLOG[2] (compute-plp-feats[5.2.132~9-82686]:main():compute-plp-feats.cc:173) Processed features for key m009_oldmale-word-awa-K009M-06a
VLOG[2] (compute-plp-feats[5.2.132~9-82686]:main():compute-plp-feats.cc:173) Processed features for key m009_oldmale-word-awa-K009M-06b
VLOG[2] (compute-plp-feats[5.2.132~9-82686]:main():compute-plp-feats.cc:173) Processed features for key m009_oldmale-word-awa-K009M-07a
VLOG[2] (compute-plp-feats[5.2.132~9-82686]:main():compute-plp-feats.cc:173) Processed features for key m009_oldmale-word-awa-K009M-12
VLOG[2] (compute-plp-feats[5.2.132~9-82686]:main():compute-plp-feats.cc:173) Processed features for key m009_oldmale-word-e_noho-K009M-01
VLOG[2] (compute-plp-feats[5.2.132~9-82686]:main():compute-plp-feats.cc:173) Processed features for key m009_oldmale-word-e_noho-K009M-03a
VLOG[2] (compute-plp-feats[5.2.132~9-82686]:main():compute-plp-feats.cc:173) Processed features for key m009_oldmale-word-e_noho-K009M-03b
VLOG[2] (compute-plp-feats[5.2.132~9-82686]:main():compute-plp-feats.cc:173) Processed features for key m009_oldmale-word-e_noho-K009M-03c
LOG (compute-plp-feats[5.2.132~9-82686]:main():compute-plp-feats.cc:172) Processed 370 utterances
VLOG[2] (compute-plp-feats[5.2.132~9-82686]:main():compute-plp-feats.cc:173) Processed features for key m009_oldmale-word-e_noho-K009M-03d
VLOG[2] (compute-plp-feats[5.2.132~9-82686]:main():compute-plp-feats.cc:173) Processed features for key m009_oldmale-word-e_noho-K009M-05
VLOG[2] (compute-plp-feats[5.2.132~9-82686]:main():compute-plp-feats.cc:173) Processed features for key m009_oldmale-word-e_noho-K009M-06
VLOG[2] (compute-plp-feats[5.2.132~9-82686]:main():compute-plp-feats.cc:173) Processed features for key m009_oldmale-word-e_noho-K009M-12
VLOG[2] (compute-plp-feats[5.2.132~9-82686]:main():compute-plp-feats.cc:173) Processed features for key m009_oldmale-word-haere_mai-K009M-04
VLOG[2] (compute-plp-feats[5.2.132~9-82686]:main():compute-plp-feats.cc:173) Processed features for key m009_oldmale-word-haere_mai-K009M-05
VLOG[2] (compute-plp-feats[5.2.132~9-82686]:main():compute-plp-feats.cc:173) Processed features for key m009_oldmale-word-haere_mai-K009M-07a
VLOG[2] (compute-plp-feats[5.2.132~9-82686]:main():compute-plp-feats.cc:173) Processed features for key m009_oldmale-word-haere_mai-K009M-07b
VLOG[2] (compute-plp-feats[5.2.132~9-82686]:main():compute-plp-feats.cc:173) Processed features for key m009_oldmale-word-haere_mai-K009M-12a
VLOG[2] (compute-plp-feats[5.2.132~9-82686]:main():compute-plp-feats.cc:173) Processed features for key m009_oldmale-word-haere_mai-K009M-12b
LOG (compute-plp-feats[5.2.132~9-82686]:main():compute-plp-feats.cc:172) Processed 380 utterances
VLOG[2] (compute-plp-feats[5.2.132~9-82686]:main():compute-plp-feats.cc:173) Processed features for key m009_oldmale-word-hapü-K009M-01a
VLOG[2] (compute-plp-feats[5.2.132~9-82686]:main():compute-plp-feats.cc:173) Processed features for key m009_oldmale-word-hapü-K009M-01b
VLOG[2] (compute-plp-feats[5.2.132~9-82686]:main():compute-plp-feats.cc:173) Processed features for key m009_oldmale-word-hapü-K009M-01c
VLOG[2] (compute-plp-feats[5.2.132~9-82686]:main():compute-plp-feats.cc:173) Processed features for key m009_oldmale-word-hapü-K009M-01d
VLOG[2] (compute-plp-feats[5.2.132~9-82686]:main():compute-plp-feats.cc:173) Processed features for key m009_oldmale-word-hapü-K009M-01e
VLOG[2] (compute-plp-feats[5.2.132~9-82686]:main():compute-plp-feats.cc:173) Processed features for key m009_oldmale-word-hapü-K009M-02
VLOG[2] (compute-plp-feats[5.2.132~9-82686]:main():compute-plp-feats.cc:173) Processed features for key m009_oldmale-word-hapü-K009M-05a
VLOG[2] (compute-plp-feats[5.2.132~9-82686]:main():compute-plp-feats.cc:173) Processed features for key m009_oldmale-word-hapü-K009M-05b
VLOG[2] (compute-plp-feats[5.2.132~9-82686]:main():compute-plp-feats.cc:173) Processed features for key m009_oldmale-word-hapü-K009M-12
VLOG[2] (compute-plp-feats[5.2.132~9-82686]:main():compute-plp-feats.cc:173) Processed features for key m009_oldmale-word-hau-K009M
LOG (compute-plp-feats[5.2.132~9-82686]:main():compute-plp-feats.cc:172) Processed 390 utterances
VLOG[2] (compute-plp-feats[5.2.132~9-82686]:main():compute-plp-feats.cc:173) Processed features for key m009_oldmale-word-hei-K009M
VLOG[2] (compute-plp-feats[5.2.132~9-82686]:main():compute-plp-feats.cc:173) Processed features for key m009_oldmale-word-hoe-K009M
VLOG[2] (compute-plp-feats[5.2.132~9-82686]:main():compute-plp-feats.cc:173) Processed features for key m009_oldmale-word-hoihoi-K009M
VLOG[2] (compute-plp-feats[5.2.132~9-82686]:main():compute-plp-feats.cc:173) Processed features for key m009_oldmale-word-hou-K009M
VLOG[2] (compute-plp-feats[5.2.132~9-82686]:main():compute-plp-feats.cc:173) Processed features for key m009_oldmale-word-hë-K009M
VLOG[2] (compute-plp-feats[5.2.132~9-82686]:main():compute-plp-feats.cc:173) Processed features for key m009_oldmale-word-hï-K009M
VLOG[2] (compute-plp-feats[5.2.132~9-82686]:main():compute-plp-feats.cc:173) Processed features for key m009_oldmale-word-iwi-K009M-05a
VLOG[2] (compute-plp-feats[5.2.132~9-82686]:main():compute-plp-feats.cc:173) Processed features for key m009_oldmale-word-iwi-K009M-05b
VLOG[2] (compute-plp-feats[5.2.132~9-82686]:main():compute-plp-feats.cc:173) Processed features for key m009_oldmale-word-iwi-K009M-05c
VLOG[2] (compute-plp-feats[5.2.132~9-82686]:main():compute-plp-feats.cc:173) Processed features for key m009_oldmale-word-iwi-K009M-05d
LOG (compute-plp-feats[5.2.132~9-82686]:main():compute-plp-feats.cc:172) Processed 400 utterances
VLOG[2] (compute-plp-feats[5.2.132~9-82686]:main():compute-plp-feats.cc:173) Processed features for key m009_oldmale-word-iwi-K009M-09a
VLOG[2] (compute-plp-feats[5.2.132~9-82686]:main():compute-plp-feats.cc:173) Processed features for key m009_oldmale-word-iwi-K009M-09b
VLOG[2] (compute-plp-feats[5.2.132~9-82686]:main():compute-plp-feats.cc:173) Processed features for key m009_oldmale-word-iwi-K009M-11
VLOG[2] (compute-plp-feats[5.2.132~9-82686]:main():compute-plp-feats.cc:173) Processed features for key m009_oldmale-word-iwi-K009M-13
VLOG[2] (compute-plp-feats[5.2.132~9-82686]:main():compute-plp-feats.cc:173) Processed features for key m009_oldmale-word-karakia-K009M-06a
VLOG[2] (compute-plp-feats[5.2.132~9-82686]:main():compute-plp-feats.cc:173) Processed features for key m009_oldmale-word-karakia-K009M-06b
VLOG[2] (compute-plp-feats[5.2.132~9-82686]:main():compute-plp-feats.cc:173) Processed features for key m009_oldmale-word-karanga-K009M-11
VLOG[2] (compute-plp-feats[5.2.132~9-82686]:main():compute-plp-feats.cc:173) Processed features for key m009_oldmale-word-kaumätua-K009M-11a
VLOG[2] (compute-plp-feats[5.2.132~9-82686]:main():compute-plp-feats.cc:173) Processed features for key m009_oldmale-word-kaumätua-K009M-11b
VLOG[2] (compute-plp-feats[5.2.132~9-82686]:main():compute-plp-feats.cc:173) Processed features for key m009_oldmale-word-kei-K009M
LOG (compute-plp-feats[5.2.132~9-82686]:main():compute-plp-feats.cc:172) Processed 410 utterances
VLOG[2] (compute-plp-feats[5.2.132~9-82686]:main():compute-plp-feats.cc:173) Processed features for key m009_oldmale-word-kia_ora-K009M-01
VLOG[2] (compute-plp-feats[5.2.132~9-82686]:main():compute-plp-feats.cc:173) Processed features for key m009_oldmale-word-käinga-K009M-04
VLOG[2] (compute-plp-feats[5.2.132~9-82686]:main():compute-plp-feats.cc:173) Processed features for key m009_oldmale-word-käinga-K009M-08
VLOG[2] (compute-plp-feats[5.2.132~9-82686]:main():compute-plp-feats.cc:173) Processed features for key m009_oldmale-word-kë-K009M
VLOG[2] (compute-plp-feats[5.2.132~9-82686]:main():compute-plp-feats.cc:173) Processed features for key m009_oldmale-word-kï-K009M
VLOG[2] (compute-plp-feats[5.2.132~9-82686]:main():compute-plp-feats.cc:173) Processed features for key m009_oldmale-word-körero-K009M-01
VLOG[2] (compute-plp-feats[5.2.132~9-82686]:main():compute-plp-feats.cc:173) Processed features for key m009_oldmale-word-körero-K009M-02a1
VLOG[2] (compute-plp-feats[5.2.132~9-82686]:main():compute-plp-feats.cc:173) Processed features for key m009_oldmale-word-körero-K009M-02a2
VLOG[2] (compute-plp-feats[5.2.132~9-82686]:main():compute-plp-feats.cc:173) Processed features for key m009_oldmale-word-körero-K009M-06
VLOG[2] (compute-plp-feats[5.2.132~9-82686]:main():compute-plp-feats.cc:173) Processed features for key m009_oldmale-word-körero-K009M-07
LOG (compute-plp-feats[5.2.132~9-82686]:main():compute-plp-feats.cc:172) Processed 420 utterances
VLOG[2] (compute-plp-feats[5.2.132~9-82686]:main():compute-plp-feats.cc:173) Processed features for key m009_oldmale-word-mao-K009M
VLOG[2] (compute-plp-feats[5.2.132~9-82686]:main():compute-plp-feats.cc:173) Processed features for key m009_oldmale-word-marae-K009M-02a
VLOG[2] (compute-plp-feats[5.2.132~9-82686]:main():compute-plp-feats.cc:173) Processed features for key m009_oldmale-word-marae-K009M-02b
VLOG[2] (compute-plp-feats[5.2.132~9-82686]:main():compute-plp-feats.cc:173) Processed features for key m009_oldmale-word-marae-K009M-02c
VLOG[2] (compute-plp-feats[5.2.132~9-82686]:main():compute-plp-feats.cc:173) Processed features for key m009_oldmale-word-marae-K009M-02d
VLOG[2] (compute-plp-feats[5.2.132~9-82686]:main():compute-plp-feats.cc:173) Processed features for key m009_oldmale-word-marae-K009M-05a
VLOG[2] (compute-plp-feats[5.2.132~9-82686]:main():compute-plp-feats.cc:173) Processed features for key m009_oldmale-word-marae-K009M-05b
VLOG[2] (compute-plp-feats[5.2.132~9-82686]:main():compute-plp-feats.cc:173) Processed features for key m009_oldmale-word-marae-K009M-07
VLOG[2] (compute-plp-feats[5.2.132~9-82686]:main():compute-plp-feats.cc:173) Processed features for key m009_oldmale-word-marae-K009M-08
VLOG[2] (compute-plp-feats[5.2.132~9-82686]:main():compute-plp-feats.cc:173) Processed features for key m009_oldmale-word-marae-K009M-12
LOG (compute-plp-feats[5.2.132~9-82686]:main():compute-plp-feats.cc:172) Processed 430 utterances
VLOG[2] (compute-plp-feats[5.2.132~9-82686]:main():compute-plp-feats.cc:173) Processed features for key m009_oldmale-word-matariki-K009M-06
VLOG[2] (compute-plp-feats[5.2.132~9-82686]:main():compute-plp-feats.cc:173) Processed features for key m009_oldmale-word-matiu-K009M
VLOG[2] (compute-plp-feats[5.2.132~9-82686]:main():compute-plp-feats.cc:173) Processed features for key m009_oldmale-word-mau-K009M
VLOG[2] (compute-plp-feats[5.2.132~9-82686]:main():compute-plp-feats.cc:173) Processed features for key m009_oldmale-word-maunga-K009M-02
VLOG[2] (compute-plp-feats[5.2.132~9-82686]:main():compute-plp-feats.cc:173) Processed features for key m009_oldmale-word-maunga-K009M-06
VLOG[2] (compute-plp-feats[5.2.132~9-82686]:main():compute-plp-feats.cc:173) Processed features for key m009_oldmale-word-maunga-K009M-07a
VLOG[2] (compute-plp-feats[5.2.132~9-82686]:main():compute-plp-feats.cc:173) Processed features for key m009_oldmale-word-maunga-K009M-07b
VLOG[2] (compute-plp-feats[5.2.132~9-82686]:main():compute-plp-feats.cc:173) Processed features for key m009_oldmale-word-mokopuna-K009M-05a
VLOG[2] (compute-plp-feats[5.2.132~9-82686]:main():compute-plp-feats.cc:173) Processed features for key m009_oldmale-word-mokopuna-K009M-05b
VLOG[2] (compute-plp-feats[5.2.132~9-82686]:main():compute-plp-feats.cc:173) Processed features for key m009_oldmale-word-mokopuna-K009M-05c
LOG (compute-plp-feats[5.2.132~9-82686]:main():compute-plp-feats.cc:172) Processed 440 utterances
VLOG[2] (compute-plp-feats[5.2.132~9-82686]:main():compute-plp-feats.cc:173) Processed features for key m009_oldmale-word-mokopuna-K009M-13
VLOG[2] (compute-plp-feats[5.2.132~9-82686]:main():compute-plp-feats.cc:173) Processed features for key m009_oldmale-word-moutere-K009M
VLOG[2] (compute-plp-feats[5.2.132~9-82686]:main():compute-plp-feats.cc:173) Processed features for key m009_oldmale-word-mäori-K009M-03
VLOG[2] (compute-plp-feats[5.2.132~9-82686]:main():compute-plp-feats.cc:173) Processed features for key m009_oldmale-word-mäori-K009M-05
VLOG[2] (compute-plp-feats[5.2.132~9-82686]:main():compute-plp-feats.cc:173) Processed features for key m009_oldmale-word-mäori-K009M-09a
VLOG[2] (compute-plp-feats[5.2.132~9-82686]:main():compute-plp-feats.cc:173) Processed features for key m009_oldmale-word-mäori-K009M-09b
VLOG[2] (compute-plp-feats[5.2.132~9-82686]:main():compute-plp-feats.cc:173) Processed features for key m009_oldmale-word-mätao-K009M
VLOG[2] (compute-plp-feats[5.2.132~9-82686]:main():compute-plp-feats.cc:173) Processed features for key m009_oldmale-word-mätau-K009M
VLOG[2] (compute-plp-feats[5.2.132~9-82686]:main():compute-plp-feats.cc:173) Processed features for key m009_oldmale-word-mätou-K009M
VLOG[2] (compute-plp-feats[5.2.132~9-82686]:main():compute-plp-feats.cc:173) Processed features for key m009_oldmale-word-ono-K009M-03a
LOG (compute-plp-feats[5.2.132~9-82686]:main():compute-plp-feats.cc:172) Processed 450 utterances
VLOG[2] (compute-plp-feats[5.2.132~9-82686]:main():compute-plp-feats.cc:173) Processed features for key m009_oldmale-word-ono-K009M-03b
VLOG[2] (compute-plp-feats[5.2.132~9-82686]:main():compute-plp-feats.cc:173) Processed features for key m009_oldmale-word-ono-K009M-12
VLOG[2] (compute-plp-feats[5.2.132~9-82686]:main():compute-plp-feats.cc:173) Processed features for key m009_oldmale-word-pae-K009M
VLOG[2] (compute-plp-feats[5.2.132~9-82686]:main():compute-plp-feats.cc:173) Processed features for key m009_oldmale-word-pai-K009M
VLOG[2] (compute-plp-feats[5.2.132~9-82686]:main():compute-plp-feats.cc:173) Processed features for key m009_oldmale-word-pao-K009M
VLOG[2] (compute-plp-feats[5.2.132~9-82686]:main():compute-plp-feats.cc:173) Processed features for key m009_oldmale-word-pau-K009M
VLOG[2] (compute-plp-feats[5.2.132~9-82686]:main():compute-plp-feats.cc:173) Processed features for key m009_oldmale-word-pou-K009M
VLOG[2] (compute-plp-feats[5.2.132~9-82686]:main():compute-plp-feats.cc:173) Processed features for key m009_oldmale-word-puku-K009M-10a
VLOG[2] (compute-plp-feats[5.2.132~9-82686]:main():compute-plp-feats.cc:173) Processed features for key m009_oldmale-word-puku-K009M-10b
VLOG[2] (compute-plp-feats[5.2.132~9-82686]:main():compute-plp-feats.cc:173) Processed features for key m009_oldmale-word-puku-K009M-12
LOG (compute-plp-feats[5.2.132~9-82686]:main():compute-plp-feats.cc:172) Processed 460 utterances
VLOG[2] (compute-plp-feats[5.2.132~9-82686]:main():compute-plp-feats.cc:173) Processed features for key m009_oldmale-word-pö-K009M
VLOG[2] (compute-plp-feats[5.2.132~9-82686]:main():compute-plp-feats.cc:173) Processed features for key m009_oldmale-word-rima-K009M-03
VLOG[2] (compute-plp-feats[5.2.132~9-82686]:main():compute-plp-feats.cc:173) Processed features for key m009_oldmale-word-rua-K009M-01
VLOG[2] (compute-plp-feats[5.2.132~9-82686]:main():compute-plp-feats.cc:173) Processed features for key m009_oldmale-word-rua-K009M-02a
VLOG[2] (compute-plp-feats[5.2.132~9-82686]:main():compute-plp-feats.cc:173) Processed features for key m009_oldmale-word-rua-K009M-02b
VLOG[2] (compute-plp-feats[5.2.132~9-82686]:main():compute-plp-feats.cc:173) Processed features for key m009_oldmale-word-rua-K009M-02c
VLOG[2] (compute-plp-feats[5.2.132~9-82686]:main():compute-plp-feats.cc:173) Processed features for key m009_oldmale-word-rua-K009M-02d
VLOG[2] (compute-plp-feats[5.2.132~9-82686]:main():compute-plp-feats.cc:173) Processed features for key m009_oldmale-word-rua-K009M-03a
VLOG[2] (compute-plp-feats[5.2.132~9-82686]:main():compute-plp-feats.cc:173) Processed features for key m009_oldmale-word-rua-K009M-03b
VLOG[2] (compute-plp-feats[5.2.132~9-82686]:main():compute-plp-feats.cc:173) Processed features for key m009_oldmale-word-rua-K009M-03c
LOG (compute-plp-feats[5.2.132~9-82686]:main():compute-plp-feats.cc:172) Processed 470 utterances
VLOG[2] (compute-plp-feats[5.2.132~9-82686]:main():compute-plp-feats.cc:173) Processed features for key m009_oldmale-word-rua-K009M-03d
VLOG[2] (compute-plp-feats[5.2.132~9-82686]:main():compute-plp-feats.cc:173) Processed features for key m009_oldmale-word-rua-K009M-12
VLOG[2] (compute-plp-feats[5.2.132~9-82686]:main():compute-plp-feats.cc:173) Processed features for key m009_oldmale-word-tae-K009M
VLOG[2] (compute-plp-feats[5.2.132~9-82686]:main():compute-plp-feats.cc:173) Processed features for key m009_oldmale-word-tahi-K009M-01
VLOG[2] (compute-plp-feats[5.2.132~9-82686]:main():compute-plp-feats.cc:173) Processed features for key m009_oldmale-word-tahi-K009M-03a
VLOG[2] (compute-plp-feats[5.2.132~9-82686]:main():compute-plp-feats.cc:173) Processed features for key m009_oldmale-word-tahi-K009M-03b
VLOG[2] (compute-plp-feats[5.2.132~9-82686]:main():compute-plp-feats.cc:173) Processed features for key m009_oldmale-word-tahi-K009M-03c
VLOG[2] (compute-plp-feats[5.2.132~9-82686]:main():compute-plp-feats.cc:173) Processed features for key m009_oldmale-word-tahi-K009M-03d
VLOG[2] (compute-plp-feats[5.2.132~9-82686]:main():compute-plp-feats.cc:173) Processed features for key m009_oldmale-word-tahi-K009M-05a
VLOG[2] (compute-plp-feats[5.2.132~9-82686]:main():compute-plp-feats.cc:173) Processed features for key m009_oldmale-word-tahi-K009M-05b
LOG (compute-plp-feats[5.2.132~9-82686]:main():compute-plp-feats.cc:172) Processed 480 utterances
VLOG[2] (compute-plp-feats[5.2.132~9-82686]:main():compute-plp-feats.cc:173) Processed features for key m009_oldmale-word-tahi-K009M-08
VLOG[2] (compute-plp-feats[5.2.132~9-82686]:main():compute-plp-feats.cc:173) Processed features for key m009_oldmale-word-tahi-K009M-11
VLOG[2] (compute-plp-feats[5.2.132~9-82686]:main():compute-plp-feats.cc:173) Processed features for key m009_oldmale-word-tai-K009M
VLOG[2] (compute-plp-feats[5.2.132~9-82686]:main():compute-plp-feats.cc:173) Processed features for key m009_oldmale-word-tangi-K009M-04
VLOG[2] (compute-plp-feats[5.2.132~9-82686]:main():compute-plp-feats.cc:173) Processed features for key m009_oldmale-word-tauhou-K009M-06
VLOG[2] (compute-plp-feats[5.2.132~9-82686]:main():compute-plp-feats.cc:173) Processed features for key m009_oldmale-word-toetoe-K009M
VLOG[2] (compute-plp-feats[5.2.132~9-82686]:main():compute-plp-feats.cc:173) Processed features for key m009_oldmale-word-toi-K009M
VLOG[2] (compute-plp-feats[5.2.132~9-82686]:main():compute-plp-feats.cc:173) Processed features for key m009_oldmale-word-täne-K009M
VLOG[2] (compute-plp-feats[5.2.132~9-82686]:main():compute-plp-feats.cc:173) Processed features for key m009_oldmale-word-tënei-K009M
VLOG[2] (compute-plp-feats[5.2.132~9-82686]:main():compute-plp-feats.cc:173) Processed features for key m009_oldmale-word-tënä_koe-K009M-01
LOG (compute-plp-feats[5.2.132~9-82686]:main():compute-plp-feats.cc:172) Processed 490 utterances
VLOG[2] (compute-plp-feats[5.2.132~9-82686]:main():compute-plp-feats.cc:173) Processed features for key m009_oldmale-word-tü-K009M
VLOG[2] (compute-plp-feats[5.2.132~9-82686]:main():compute-plp-feats.cc:173) Processed features for key m009_oldmale-word-waiata-K009M-06
VLOG[2] (compute-plp-feats[5.2.132~9-82686]:main():compute-plp-feats.cc:173) Processed features for key m009_oldmale-word-wairua-K009M-04
VLOG[2] (compute-plp-feats[5.2.132~9-82686]:main():compute-plp-feats.cc:173) Processed features for key m009_oldmale-word-waru-K009M-02
VLOG[2] (compute-plp-feats[5.2.132~9-82686]:main():compute-plp-feats.cc:173) Processed features for key m009_oldmale-word-waru-K009M-03
VLOG[2] (compute-plp-feats[5.2.132~9-82686]:main():compute-plp-feats.cc:173) Processed features for key m009_oldmale-word-waru-K009M-05a
VLOG[2] (compute-plp-feats[5.2.132~9-82686]:main():compute-plp-feats.cc:173) Processed features for key m009_oldmale-word-waru-K009M-05b
VLOG[2] (compute-plp-feats[5.2.132~9-82686]:main():compute-plp-feats.cc:173) Processed features for key m009_oldmale-word-whitu-K009M-03
VLOG[2] (compute-plp-feats[5.2.132~9-82686]:main():compute-plp-feats.cc:173) Processed features for key m009_oldmale-word-wä-K009M-02
VLOG[2] (compute-plp-feats[5.2.132~9-82686]:main():compute-plp-feats.cc:173) Processed features for key m009_oldmale-word-wä-K009M-03
LOG (compute-plp-feats[5.2.132~9-82686]:main():compute-plp-feats.cc:172) Processed 500 utterances
VLOG[2] (compute-plp-feats[5.2.132~9-82686]:main():compute-plp-feats.cc:173) Processed features for key m009_oldmale-word-wä-K009M-04
VLOG[2] (compute-plp-feats[5.2.132~9-82686]:main():compute-plp-feats.cc:173) Processed features for key m009_oldmale-word-wä-K009M-05
VLOG[2] (compute-plp-feats[5.2.132~9-82686]:main():compute-plp-feats.cc:173) Processed features for key m010_oldmale-word-aroha-K010M-01
VLOG[2] (compute-plp-feats[5.2.132~9-82686]:main():compute-plp-feats.cc:173) Processed features for key m010_oldmale-word-awa-K010M-11a
VLOG[2] (compute-plp-feats[5.2.132~9-82686]:main():compute-plp-feats.cc:173) Processed features for key m010_oldmale-word-awa-K010M-11b
VLOG[2] (compute-plp-feats[5.2.132~9-82686]:main():compute-plp-feats.cc:173) Processed features for key m010_oldmale-word-awa-K010M-11c
VLOG[2] (compute-plp-feats[5.2.132~9-82686]:main():compute-plp-feats.cc:173) Processed features for key m010_oldmale-word-awa-K010M-11d
VLOG[2] (compute-plp-feats[5.2.132~9-82686]:main():compute-plp-feats.cc:173) Processed features for key m010_oldmale-word-e_noho-K010M-11
VLOG[2] (compute-plp-feats[5.2.132~9-82686]:main():compute-plp-feats.cc:173) Processed features for key m010_oldmale-word-haere_mai-K010M-05
VLOG[2] (compute-plp-feats[5.2.132~9-82686]:main():compute-plp-feats.cc:173) Processed features for key m010_oldmale-word-hapü-K010M-04
LOG (compute-plp-feats[5.2.132~9-82686]:main():compute-plp-feats.cc:172) Processed 510 utterances
VLOG[2] (compute-plp-feats[5.2.132~9-82686]:main():compute-plp-feats.cc:173) Processed features for key m010_oldmale-word-hapü-K010M-07
VLOG[2] (compute-plp-feats[5.2.132~9-82686]:main():compute-plp-feats.cc:173) Processed features for key m010_oldmale-word-hau-K010M
VLOG[2] (compute-plp-feats[5.2.132~9-82686]:main():compute-plp-feats.cc:173) Processed features for key m010_oldmale-word-hoe-K010M
VLOG[2] (compute-plp-feats[5.2.132~9-82686]:main():compute-plp-feats.cc:173) Processed features for key m010_oldmale-word-hoihoi-K010M
VLOG[2] (compute-plp-feats[5.2.132~9-82686]:main():compute-plp-feats.cc:173) Processed features for key m010_oldmale-word-hou-K010M
VLOG[2] (compute-plp-feats[5.2.132~9-82686]:main():compute-plp-feats.cc:173) Processed features for key m010_oldmale-word-iwi-K010M-05
VLOG[2] (compute-plp-feats[5.2.132~9-82686]:main():compute-plp-feats.cc:173) Processed features for key m010_oldmale-word-ka_pai-K010M-10
VLOG[2] (compute-plp-feats[5.2.132~9-82686]:main():compute-plp-feats.cc:173) Processed features for key m010_oldmale-word-karakia-K010M-11a
VLOG[2] (compute-plp-feats[5.2.132~9-82686]:main():compute-plp-feats.cc:173) Processed features for key m010_oldmale-word-karakia-K010M-11b
VLOG[2] (compute-plp-feats[5.2.132~9-82686]:main():compute-plp-feats.cc:173) Processed features for key m010_oldmale-word-karakia-K010M-11c
LOG (compute-plp-feats[5.2.132~9-82686]:main():compute-plp-feats.cc:172) Processed 520 utterances
VLOG[2] (compute-plp-feats[5.2.132~9-82686]:main():compute-plp-feats.cc:173) Processed features for key m010_oldmale-word-kei-K010M
VLOG[2] (compute-plp-feats[5.2.132~9-82686]:main():compute-plp-feats.cc:173) Processed features for key m010_oldmale-word-kuia-K010M-07a
VLOG[2] (compute-plp-feats[5.2.132~9-82686]:main():compute-plp-feats.cc:173) Processed features for key m010_oldmale-word-kuia-K010M-07b
VLOG[2] (compute-plp-feats[5.2.132~9-82686]:main():compute-plp-feats.cc:173) Processed features for key m010_oldmale-word-kuia-K010M-07c
VLOG[2] (compute-plp-feats[5.2.132~9-82686]:main():compute-plp-feats.cc:173) Processed features for key m010_oldmale-word-kuia-K010M-07d
VLOG[2] (compute-plp-feats[5.2.132~9-82686]:main():compute-plp-feats.cc:173) Processed features for key m010_oldmale-word-kuia-K010M-07e
VLOG[2] (compute-plp-feats[5.2.132~9-82686]:main():compute-plp-feats.cc:173) Processed features for key m010_oldmale-word-kuia-K010M-07f1
VLOG[2] (compute-plp-feats[5.2.132~9-82686]:main():compute-plp-feats.cc:173) Processed features for key m010_oldmale-word-kuia-K010M-07f2
VLOG[2] (compute-plp-feats[5.2.132~9-82686]:main():compute-plp-feats.cc:173) Processed features for key m010_oldmale-word-kuia-K010M-07g
VLOG[2] (compute-plp-feats[5.2.132~9-82686]:main():compute-plp-feats.cc:173) Processed features for key m010_oldmale-word-käinga-K010M-04
LOG (compute-plp-feats[5.2.132~9-82686]:main():compute-plp-feats.cc:172) Processed 530 utterances
VLOG[2] (compute-plp-feats[5.2.132~9-82686]:main():compute-plp-feats.cc:173) Processed features for key m010_oldmale-word-käinga-K010M-06a
VLOG[2] (compute-plp-feats[5.2.132~9-82686]:main():compute-plp-feats.cc:173) Processed features for key m010_oldmale-word-käinga-K010M-06b
VLOG[2] (compute-plp-feats[5.2.132~9-82686]:main():compute-plp-feats.cc:173) Processed features for key m010_oldmale-word-käinga-K010M-07
VLOG[2] (compute-plp-feats[5.2.132~9-82686]:main():compute-plp-feats.cc:173) Processed features for key m010_oldmale-word-käinga-K010M-11
VLOG[2] (compute-plp-feats[5.2.132~9-82686]:main():compute-plp-feats.cc:173) Processed features for key m010_oldmale-word-kë-K010M
VLOG[2] (compute-plp-feats[5.2.132~9-82686]:main():compute-plp-feats.cc:173) Processed features for key m010_oldmale-word-kï-K010M
VLOG[2] (compute-plp-feats[5.2.132~9-82686]:main():compute-plp-feats.cc:173) Processed features for key m010_oldmale-word-körero-K010M-01
VLOG[2] (compute-plp-feats[5.2.132~9-82686]:main():compute-plp-feats.cc:173) Processed features for key m010_oldmale-word-körero-K010M-09
VLOG[2] (compute-plp-feats[5.2.132~9-82686]:main():compute-plp-feats.cc:173) Processed features for key m010_oldmale-word-mao-K010M
VLOG[2] (compute-plp-feats[5.2.132~9-82686]:main():compute-plp-feats.cc:173) Processed features for key m010_oldmale-word-marae-K010M-11
LOG (compute-plp-feats[5.2.132~9-82686]:main():compute-plp-feats.cc:172) Processed 540 utterances
VLOG[2] (compute-plp-feats[5.2.132~9-82686]:main():compute-plp-feats.cc:173) Processed features for key m010_oldmale-word-matariki-K010M-11
VLOG[2] (compute-plp-feats[5.2.132~9-82686]:main():compute-plp-feats.cc:173) Processed features for key m010_oldmale-word-matiu-K010M
VLOG[2] (compute-plp-feats[5.2.132~9-82686]:main():compute-plp-feats.cc:173) Processed features for key m010_oldmale-word-mau-K010M
VLOG[2] (compute-plp-feats[5.2.132~9-82686]:main():compute-plp-feats.cc:173) Processed features for key m010_oldmale-word-maunga-K010M-03
VLOG[2] (compute-plp-feats[5.2.132~9-82686]:main():compute-plp-feats.cc:173) Processed features for key m010_oldmale-word-moana-K010M-03
VLOG[2] (compute-plp-feats[5.2.132~9-82686]:main():compute-plp-feats.cc:173) Processed features for key m010_oldmale-word-mokopuna-K010M-02
VLOG[2] (compute-plp-feats[5.2.132~9-82686]:main():compute-plp-feats.cc:173) Processed features for key m010_oldmale-word-mokopuna-K010M-06
VLOG[2] (compute-plp-feats[5.2.132~9-82686]:main():compute-plp-feats.cc:173) Processed features for key m010_oldmale-word-mokopuna-K010M-07
VLOG[2] (compute-plp-feats[5.2.132~9-82686]:main():compute-plp-feats.cc:173) Processed features for key m010_oldmale-word-mokopuna-K010M-08
VLOG[2] (compute-plp-feats[5.2.132~9-82686]:main():compute-plp-feats.cc:173) Processed features for key m010_oldmale-word-mokopuna-K010M-10
LOG (compute-plp-feats[5.2.132~9-82686]:main():compute-plp-feats.cc:172) Processed 550 utterances
VLOG[2] (compute-plp-feats[5.2.132~9-82686]:main():compute-plp-feats.cc:173) Processed features for key m010_oldmale-word-moutere-K010M
VLOG[2] (compute-plp-feats[5.2.132~9-82686]:main():compute-plp-feats.cc:173) Processed features for key m010_oldmale-word-mäori-K010M-03
VLOG[2] (compute-plp-feats[5.2.132~9-82686]:main():compute-plp-feats.cc:173) Processed features for key m010_oldmale-word-mäori-K010M-04
VLOG[2] (compute-plp-feats[5.2.132~9-82686]:main():compute-plp-feats.cc:173) Processed features for key m010_oldmale-word-mäori-K010M-05a
VLOG[2] (compute-plp-feats[5.2.132~9-82686]:main():compute-plp-feats.cc:173) Processed features for key m010_oldmale-word-mäori-K010M-05b
VLOG[2] (compute-plp-feats[5.2.132~9-82686]:main():compute-plp-feats.cc:173) Processed features for key m010_oldmale-word-mäori-K010M-05c
VLOG[2] (compute-plp-feats[5.2.132~9-82686]:main():compute-plp-feats.cc:173) Processed features for key m010_oldmale-word-mätao-K010M
VLOG[2] (compute-plp-feats[5.2.132~9-82686]:main():compute-plp-feats.cc:173) Processed features for key m010_oldmale-word-mätau-K010M
VLOG[2] (compute-plp-feats[5.2.132~9-82686]:main():compute-plp-feats.cc:173) Processed features for key m010_oldmale-word-mätou-K010M
VLOG[2] (compute-plp-feats[5.2.132~9-82686]:main():compute-plp-feats.cc:173) Processed features for key m010_oldmale-word-ono-K010M-01
LOG (compute-plp-feats[5.2.132~9-82686]:main():compute-plp-feats.cc:172) Processed 560 utterances
VLOG[2] (compute-plp-feats[5.2.132~9-82686]:main():compute-plp-feats.cc:173) Processed features for key m010_oldmale-word-ono-K010M-02
VLOG[2] (compute-plp-feats[5.2.132~9-82686]:main():compute-plp-feats.cc:173) Processed features for key m010_oldmale-word-pae-K010M
VLOG[2] (compute-plp-feats[5.2.132~9-82686]:main():compute-plp-feats.cc:173) Processed features for key m010_oldmale-word-pai-K010M
VLOG[2] (compute-plp-feats[5.2.132~9-82686]:main():compute-plp-feats.cc:173) Processed features for key m010_oldmale-word-pao-K010M
VLOG[2] (compute-plp-feats[5.2.132~9-82686]:main():compute-plp-feats.cc:173) Processed features for key m010_oldmale-word-pau-K010M
VLOG[2] (compute-plp-feats[5.2.132~9-82686]:main():compute-plp-feats.cc:173) Processed features for key m010_oldmale-word-pou-K010M
VLOG[2] (compute-plp-feats[5.2.132~9-82686]:main():compute-plp-feats.cc:173) Processed features for key m010_oldmale-word-pö-K010M
VLOG[2] (compute-plp-feats[5.2.132~9-82686]:main():compute-plp-feats.cc:173) Processed features for key m010_oldmale-word-rima-K010M-01a
VLOG[2] (compute-plp-feats[5.2.132~9-82686]:main():compute-plp-feats.cc:173) Processed features for key m010_oldmale-word-rima-K010M-01b
VLOG[2] (compute-plp-feats[5.2.132~9-82686]:main():compute-plp-feats.cc:173) Processed features for key m010_oldmale-word-rima-K010M-03a
LOG (compute-plp-feats[5.2.132~9-82686]:main():compute-plp-feats.cc:172) Processed 570 utterances
VLOG[2] (compute-plp-feats[5.2.132~9-82686]:main():compute-plp-feats.cc:173) Processed features for key m010_oldmale-word-rima-K010M-03b
VLOG[2] (compute-plp-feats[5.2.132~9-82686]:main():compute-plp-feats.cc:173) Processed features for key m010_oldmale-word-rima-K010M-06
VLOG[2] (compute-plp-feats[5.2.132~9-82686]:main():compute-plp-feats.cc:173) Processed features for key m010_oldmale-word-rua-K010M-01a
VLOG[2] (compute-plp-feats[5.2.132~9-82686]:main():compute-plp-feats.cc:173) Processed features for key m010_oldmale-word-rua-K010M-01b
VLOG[2] (compute-plp-feats[5.2.132~9-82686]:main():compute-plp-feats.cc:173) Processed features for key m010_oldmale-word-rua-K010M-01c
VLOG[2] (compute-plp-feats[5.2.132~9-82686]:main():compute-plp-feats.cc:173) Processed features for key m010_oldmale-word-rua-K010M-01d
VLOG[2] (compute-plp-feats[5.2.132~9-82686]:main():compute-plp-feats.cc:173) Processed features for key m010_oldmale-word-rua-K010M-01d1
VLOG[2] (compute-plp-feats[5.2.132~9-82686]:main():compute-plp-feats.cc:173) Processed features for key m010_oldmale-word-rua-K010M-01d2
VLOG[2] (compute-plp-feats[5.2.132~9-82686]:main():compute-plp-feats.cc:173) Processed features for key m010_oldmale-word-rua-K010M-01e
VLOG[2] (compute-plp-feats[5.2.132~9-82686]:main():compute-plp-feats.cc:173) Processed features for key m010_oldmale-word-rua-K010M-01f
LOG (compute-plp-feats[5.2.132~9-82686]:main():compute-plp-feats.cc:172) Processed 580 utterances
VLOG[2] (compute-plp-feats[5.2.132~9-82686]:main():compute-plp-feats.cc:173) Processed features for key m010_oldmale-word-rua-K010M-01g
VLOG[2] (compute-plp-feats[5.2.132~9-82686]:main():compute-plp-feats.cc:173) Processed features for key m010_oldmale-word-rua-K010M-01h
VLOG[2] (compute-plp-feats[5.2.132~9-82686]:main():compute-plp-feats.cc:173) Processed features for key m010_oldmale-word-rua-K010M-05
VLOG[2] (compute-plp-feats[5.2.132~9-82686]:main():compute-plp-feats.cc:173) Processed features for key m010_oldmale-word-rua-K010M-06
VLOG[2] (compute-plp-feats[5.2.132~9-82686]:main():compute-plp-feats.cc:173) Processed features for key m010_oldmale-word-rua-K010M-08
VLOG[2] (compute-plp-feats[5.2.132~9-82686]:main():compute-plp-feats.cc:173) Processed features for key m010_oldmale-word-rua-K010M-09
VLOG[2] (compute-plp-feats[5.2.132~9-82686]:main():compute-plp-feats.cc:173) Processed features for key m010_oldmale-word-tae-K010M
VLOG[2] (compute-plp-feats[5.2.132~9-82686]:main():compute-plp-feats.cc:173) Processed features for key m010_oldmale-word-tahi-K010M-01a
VLOG[2] (compute-plp-feats[5.2.132~9-82686]:main():compute-plp-feats.cc:173) Processed features for key m010_oldmale-word-tahi-K010M-01b
VLOG[2] (compute-plp-feats[5.2.132~9-82686]:main():compute-plp-feats.cc:173) Processed features for key m010_oldmale-word-tahi-K010M-04
LOG (compute-plp-feats[5.2.132~9-82686]:main():compute-plp-feats.cc:172) Processed 590 utterances
VLOG[2] (compute-plp-feats[5.2.132~9-82686]:main():compute-plp-feats.cc:173) Processed features for key m010_oldmale-word-tahi-K010M-06
VLOG[2] (compute-plp-feats[5.2.132~9-82686]:main():compute-plp-feats.cc:173) Processed features for key m010_oldmale-word-tai-K010M
VLOG[2] (compute-plp-feats[5.2.132~9-82686]:main():compute-plp-feats.cc:173) Processed features for key m010_oldmale-word-tauhou-K010M-11
VLOG[2] (compute-plp-feats[5.2.132~9-82686]:main():compute-plp-feats.cc:173) Processed features for key m010_oldmale-word-tikanga-K010M-04a
VLOG[2] (compute-plp-feats[5.2.132~9-82686]:main():compute-plp-feats.cc:173) Processed features for key m010_oldmale-word-tikanga-K010M-04b
VLOG[2] (compute-plp-feats[5.2.132~9-82686]:main():compute-plp-feats.cc:173) Processed features for key m010_oldmale-word-tikanga-K010M-09a
VLOG[2] (compute-plp-feats[5.2.132~9-82686]:main():compute-plp-feats.cc:173) Processed features for key m010_oldmale-word-tikanga-K010M-09b
VLOG[2] (compute-plp-feats[5.2.132~9-82686]:main():compute-plp-feats.cc:173) Processed features for key m010_oldmale-word-toetoe-K010M
VLOG[2] (compute-plp-feats[5.2.132~9-82686]:main():compute-plp-feats.cc:173) Processed features for key m010_oldmale-word-toi-K010M
VLOG[2] (compute-plp-feats[5.2.132~9-82686]:main():compute-plp-feats.cc:173) Processed features for key m010_oldmale-word-täne-K010M
LOG (compute-plp-feats[5.2.132~9-82686]:main():compute-plp-feats.cc:172) Processed 600 utterances
VLOG[2] (compute-plp-feats[5.2.132~9-82686]:main():compute-plp-feats.cc:173) Processed features for key m010_oldmale-word-tënei-K010M
VLOG[2] (compute-plp-feats[5.2.132~9-82686]:main():compute-plp-feats.cc:173) Processed features for key m010_oldmale-word-tü-K010M
VLOG[2] (compute-plp-feats[5.2.132~9-82686]:main():compute-plp-feats.cc:173) Processed features for key m010_oldmale-word-waiata-K010M-02a
VLOG[2] (compute-plp-feats[5.2.132~9-82686]:main():compute-plp-feats.cc:173) Processed features for key m010_oldmale-word-waiata-K010M-02b
VLOG[2] (compute-plp-feats[5.2.132~9-82686]:main():compute-plp-feats.cc:173) Processed features for key m010_oldmale-word-waiata-K010M-03a
VLOG[2] (compute-plp-feats[5.2.132~9-82686]:main():compute-plp-feats.cc:173) Processed features for key m010_oldmale-word-waiata-K010M-03b
VLOG[2] (compute-plp-feats[5.2.132~9-82686]:main():compute-plp-feats.cc:173) Processed features for key m010_oldmale-word-waiata-K010M-03c
VLOG[2] (compute-plp-feats[5.2.132~9-82686]:main():compute-plp-feats.cc:173) Processed features for key m010_oldmale-word-waiata-K010M-11
VLOG[2] (compute-plp-feats[5.2.132~9-82686]:main():compute-plp-feats.cc:173) Processed features for key m010_oldmale-word-waka-K010M-11
VLOG[2] (compute-plp-feats[5.2.132~9-82686]:main():compute-plp-feats.cc:173) Processed features for key m010_oldmale-word-whitu-K010M-01
LOG (compute-plp-feats[5.2.132~9-82686]:main():compute-plp-feats.cc:172) Processed 610 utterances
VLOG[2] (compute-plp-feats[5.2.132~9-82686]:main():compute-plp-feats.cc:173) Processed features for key m010_oldmale-word-whitu-K010M-02
VLOG[2] (compute-plp-feats[5.2.132~9-82686]:main():compute-plp-feats.cc:173) Processed features for key m010_oldmale-word-whänau-K010M-10
VLOG[2] (compute-plp-feats[5.2.132~9-82686]:main():compute-plp-feats.cc:173) Processed features for key m010_oldmale-word-wä-K010M-01
LOG (compute-plp-feats[5.2.132~9-82686]:main():compute-plp-feats.cc:176)  Done 612 out of 612 utterances.
LOG (copy-feats[5.2.132~9-82686]:main():copy-feats.cc:143) Copied 612 feature matrices.
# Accounting: time=4 threads=1
# Ended (code 0) at Thu Nov  9 17:22:23 NZDT 2017, elapsed time 4 seconds
