# gmm-align-compiled --transition-scale=1.0 --acoustic-scale=0.1 --self-loop-scale=0.1 --beam=10 --retry-beam=40 --careful=false "gmm-boost-silence --boost=1.0 1 exp/mono/7.mdl - |" "ark:gunzip -c exp/mono/fsts.2.gz|" "ark,s,cs:apply-cmvn  --utt2spk=ark:data/train/split4/2/utt2spk scp:data/train/split4/2/cmvn.scp scp:data/train/split4/2/feats.scp ark:- | add-deltas ark:- ark:- |" "ark,t:|gzip -c >exp/mono/ali.2.gz" 
# Started at Thu Nov  9 13:47:35 NZDT 2017
#
gmm-align-compiled --transition-scale=1.0 --acoustic-scale=0.1 --self-loop-scale=0.1 --beam=10 --retry-beam=40 --careful=false 'gmm-boost-silence --boost=1.0 1 exp/mono/7.mdl - |' 'ark:gunzip -c exp/mono/fsts.2.gz|' 'ark,s,cs:apply-cmvn  --utt2spk=ark:data/train/split4/2/utt2spk scp:data/train/split4/2/cmvn.scp scp:data/train/split4/2/feats.scp ark:- | add-deltas ark:- ark:- |' 'ark,t:|gzip -c >exp/mono/ali.2.gz' 
gmm-boost-silence --boost=1.0 1 exp/mono/7.mdl - 
WARNING (gmm-boost-silence[5.2.132~9-82686]:main():gmm-boost-silence.cc:82) The pdfs for the silence phones may be shared by other phones (note: this probably does not matter.)
LOG (gmm-boost-silence[5.2.132~9-82686]:main():gmm-boost-silence.cc:93) Boosted weights for 5 pdfs, by factor of 1
LOG (gmm-boost-silence[5.2.132~9-82686]:main():gmm-boost-silence.cc:103) Wrote model to -
apply-cmvn --utt2spk=ark:data/train/split4/2/utt2spk scp:data/train/split4/2/cmvn.scp scp:data/train/split4/2/feats.scp ark:- 
add-deltas ark:- ark:- 
LOG (gmm-align-compiled[5.2.132~9-82686]:main():gmm-align-compiled.cc:127) f006_oldfemale-word-aroha-R006M-03
LOG (gmm-align-compiled[5.2.132~9-82686]:main():gmm-align-compiled.cc:127) f006_oldfemale-word-aroha-R006M-04
LOG (gmm-align-compiled[5.2.132~9-82686]:main():gmm-align-compiled.cc:127) f006_oldfemale-word-awa-R006M-01a
LOG (gmm-align-compiled[5.2.132~9-82686]:main():gmm-align-compiled.cc:127) f006_oldfemale-word-awa-R006M-01b
LOG (gmm-align-compiled[5.2.132~9-82686]:main():gmm-align-compiled.cc:127) f006_oldfemale-word-e_noho-R006M-01
LOG (gmm-align-compiled[5.2.132~9-82686]:main():gmm-align-compiled.cc:127) f006_oldfemale-word-e_noho-R006M-03
LOG (gmm-align-compiled[5.2.132~9-82686]:main():gmm-align-compiled.cc:127) f006_oldfemale-word-haere_mai-R006M-02
LOG (gmm-align-compiled[5.2.132~9-82686]:main():gmm-align-compiled.cc:127) f006_oldfemale-word-haere_mai-R006M-04a
LOG (gmm-align-compiled[5.2.132~9-82686]:main():gmm-align-compiled.cc:127) f006_oldfemale-word-haere_mai-R006M-04b
LOG (gmm-align-compiled[5.2.132~9-82686]:main():gmm-align-compiled.cc:127) f006_oldfemale-word-haere_mai-R006M-04c
LOG (gmm-align-compiled[5.2.132~9-82686]:main():gmm-align-compiled.cc:127) f006_oldfemale-word-haere_mai-R006M-04d1
LOG (gmm-align-compiled[5.2.132~9-82686]:main():gmm-align-compiled.cc:127) f006_oldfemale-word-haere_mai-R006M-04d2
LOG (gmm-align-compiled[5.2.132~9-82686]:main():gmm-align-compiled.cc:127) f006_oldfemale-word-haere_mai-R006M-04e
LOG (gmm-align-compiled[5.2.132~9-82686]:main():gmm-align-compiled.cc:127) f006_oldfemale-word-haere_mai-R006M-10a
LOG (gmm-align-compiled[5.2.132~9-82686]:main():gmm-align-compiled.cc:127) f006_oldfemale-word-haere_mai-R006M-10b
LOG (gmm-align-compiled[5.2.132~9-82686]:main():gmm-align-compiled.cc:127) f006_oldfemale-word-haere_mai-R006M-11
LOG (gmm-align-compiled[5.2.132~9-82686]:main():gmm-align-compiled.cc:127) f006_oldfemale-word-haere_mai-R006M-12
LOG (gmm-align-compiled[5.2.132~9-82686]:main():gmm-align-compiled.cc:127) f006_oldfemale-word-hau-R006M
LOG (gmm-align-compiled[5.2.132~9-82686]:main():gmm-align-compiled.cc:127) f006_oldfemale-word-hei-R006M
LOG (gmm-align-compiled[5.2.132~9-82686]:main():gmm-align-compiled.cc:127) f006_oldfemale-word-hoe-R006M
LOG (gmm-align-compiled[5.2.132~9-82686]:main():gmm-align-compiled.cc:127) f006_oldfemale-word-hoihoi-R006M
LOG (gmm-align-compiled[5.2.132~9-82686]:main():gmm-align-compiled.cc:127) f006_oldfemale-word-hou-R006M
LOG (gmm-align-compiled[5.2.132~9-82686]:main():gmm-align-compiled.cc:127) f006_oldfemale-word-hë-R006M
LOG (gmm-align-compiled[5.2.132~9-82686]:main():gmm-align-compiled.cc:127) f006_oldfemale-word-hï-R006M
LOG (gmm-align-compiled[5.2.132~9-82686]:main():gmm-align-compiled.cc:127) f006_oldfemale-word-iwa-R006M-05
LOG (gmm-align-compiled[5.2.132~9-82686]:main():gmm-align-compiled.cc:127) f006_oldfemale-word-iwi-R006M-03
LOG (gmm-align-compiled[5.2.132~9-82686]:main():gmm-align-compiled.cc:127) f006_oldfemale-word-karakia-R006M-01
LOG (gmm-align-compiled[5.2.132~9-82686]:main():gmm-align-compiled.cc:127) f006_oldfemale-word-kaumätua-R006M-06
LOG (gmm-align-compiled[5.2.132~9-82686]:main():gmm-align-compiled.cc:127) f006_oldfemale-word-kaumätua-R006M-12
LOG (gmm-align-compiled[5.2.132~9-82686]:main():gmm-align-compiled.cc:127) f006_oldfemale-word-kei-R006M
LOG (gmm-align-compiled[5.2.132~9-82686]:main():gmm-align-compiled.cc:127) f006_oldfemale-word-kete-R006M-04
LOG (gmm-align-compiled[5.2.132~9-82686]:main():gmm-align-compiled.cc:127) f006_oldfemale-word-kia_ora-R006M-07
LOG (gmm-align-compiled[5.2.132~9-82686]:main():gmm-align-compiled.cc:127) f006_oldfemale-word-kia_ora-R006M-08a
LOG (gmm-align-compiled[5.2.132~9-82686]:main():gmm-align-compiled.cc:127) f006_oldfemale-word-kia_ora-R006M-08b
LOG (gmm-align-compiled[5.2.132~9-82686]:main():gmm-align-compiled.cc:127) f006_oldfemale-word-kia_ora-R006M-08c
LOG (gmm-align-compiled[5.2.132~9-82686]:main():gmm-align-compiled.cc:127) f006_oldfemale-word-käinga-R006M-04a
LOG (gmm-align-compiled[5.2.132~9-82686]:main():gmm-align-compiled.cc:127) f006_oldfemale-word-käinga-R006M-04b
LOG (gmm-align-compiled[5.2.132~9-82686]:main():gmm-align-compiled.cc:127) f006_oldfemale-word-käinga-R006M-04c
LOG (gmm-align-compiled[5.2.132~9-82686]:main():gmm-align-compiled.cc:127) f006_oldfemale-word-käinga-R006M-05
LOG (gmm-align-compiled[5.2.132~9-82686]:main():gmm-align-compiled.cc:127) f006_oldfemale-word-käinga-R006M-10
LOG (gmm-align-compiled[5.2.132~9-82686]:main():gmm-align-compiled.cc:127) f006_oldfemale-word-käinga-R006M-11a
LOG (gmm-align-compiled[5.2.132~9-82686]:main():gmm-align-compiled.cc:127) f006_oldfemale-word-käinga-R006M-11b
LOG (gmm-align-compiled[5.2.132~9-82686]:main():gmm-align-compiled.cc:127) f006_oldfemale-word-käinga-R006M-12a
LOG (gmm-align-compiled[5.2.132~9-82686]:main():gmm-align-compiled.cc:127) f006_oldfemale-word-käinga-R006M-12b1
LOG (gmm-align-compiled[5.2.132~9-82686]:main():gmm-align-compiled.cc:127) f006_oldfemale-word-käinga-R006M-12b2
LOG (gmm-align-compiled[5.2.132~9-82686]:main():gmm-align-compiled.cc:127) f006_oldfemale-word-kë-R006M
LOG (gmm-align-compiled[5.2.132~9-82686]:main():gmm-align-compiled.cc:127) f006_oldfemale-word-kï-R006M
LOG (gmm-align-compiled[5.2.132~9-82686]:main():gmm-align-compiled.cc:127) f006_oldfemale-word-körero-R006M-03
LOG (gmm-align-compiled[5.2.132~9-82686]:main():gmm-align-compiled.cc:127) f006_oldfemale-word-körero-R006M-04
LOG (gmm-align-compiled[5.2.132~9-82686]:main():gmm-align-compiled.cc:127) f006_oldfemale-word-körero-R006M-07
LOG (gmm-align-compiled[5.2.132~9-82686]:main():gmm-align-compiled.cc:127) f006_oldfemale-word-körero-R006M-10
LOG (gmm-align-compiled[5.2.132~9-82686]:main():gmm-align-compiled.cc:127) f006_oldfemale-word-körero-R006M-11
LOG (gmm-align-compiled[5.2.132~9-82686]:main():gmm-align-compiled.cc:127) f006_oldfemale-word-körero-R006M-12
LOG (gmm-align-compiled[5.2.132~9-82686]:main():gmm-align-compiled.cc:127) f006_oldfemale-word-mao-R006M
LOG (gmm-align-compiled[5.2.132~9-82686]:main():gmm-align-compiled.cc:127) f006_oldfemale-word-marae-R006M-03
LOG (gmm-align-compiled[5.2.132~9-82686]:main():gmm-align-compiled.cc:127) f006_oldfemale-word-marae-R006M-06
LOG (gmm-align-compiled[5.2.132~9-82686]:main():gmm-align-compiled.cc:127) f006_oldfemale-word-marae-R006M-09
LOG (gmm-align-compiled[5.2.132~9-82686]:main():gmm-align-compiled.cc:127) f006_oldfemale-word-matariki-R006M-01
LOG (gmm-align-compiled[5.2.132~9-82686]:main():gmm-align-compiled.cc:127) f006_oldfemale-word-matiu-R006M
LOG (gmm-align-compiled[5.2.132~9-82686]:main():gmm-align-compiled.cc:127) f006_oldfemale-word-mau-R006M
LOG (gmm-align-compiled[5.2.132~9-82686]:main():gmm-align-compiled.cc:127) f006_oldfemale-word-moana-R006M-07
LOG (gmm-align-compiled[5.2.132~9-82686]:main():gmm-align-compiled.cc:127) f006_oldfemale-word-moana-R006M-08a
LOG (gmm-align-compiled[5.2.132~9-82686]:main():gmm-align-compiled.cc:127) f006_oldfemale-word-moana-R006M-08b
LOG (gmm-align-compiled[5.2.132~9-82686]:main():gmm-align-compiled.cc:127) f006_oldfemale-word-moana-R006M-09a
LOG (gmm-align-compiled[5.2.132~9-82686]:main():gmm-align-compiled.cc:127) f006_oldfemale-word-moana-R006M-09b
LOG (gmm-align-compiled[5.2.132~9-82686]:main():gmm-align-compiled.cc:127) f006_oldfemale-word-moana-R006M-09c
LOG (gmm-align-compiled[5.2.132~9-82686]:main():gmm-align-compiled.cc:127) f006_oldfemale-word-moana-R006M-09d
LOG (gmm-align-compiled[5.2.132~9-82686]:main():gmm-align-compiled.cc:127) f006_oldfemale-word-moana-R006M-09e
LOG (gmm-align-compiled[5.2.132~9-82686]:main():gmm-align-compiled.cc:127) f006_oldfemale-word-moana-R006M-10
LOG (gmm-align-compiled[5.2.132~9-82686]:main():gmm-align-compiled.cc:127) f006_oldfemale-word-mokopuna-R006M-08
LOG (gmm-align-compiled[5.2.132~9-82686]:main():gmm-align-compiled.cc:127) f006_oldfemale-word-moutere-R006M
LOG (gmm-align-compiled[5.2.132~9-82686]:main():gmm-align-compiled.cc:127) f006_oldfemale-word-mäori-R006M-12
LOG (gmm-align-compiled[5.2.132~9-82686]:main():gmm-align-compiled.cc:127) f006_oldfemale-word-mätao-R006M
LOG (gmm-align-compiled[5.2.132~9-82686]:main():gmm-align-compiled.cc:127) f006_oldfemale-word-mätau-R006M
LOG (gmm-align-compiled[5.2.132~9-82686]:main():gmm-align-compiled.cc:127) f006_oldfemale-word-mätou-R006M
LOG (gmm-align-compiled[5.2.132~9-82686]:main():gmm-align-compiled.cc:127) f006_oldfemale-word-pae-R006M
LOG (gmm-align-compiled[5.2.132~9-82686]:main():gmm-align-compiled.cc:127) f006_oldfemale-word-pai-R006M
LOG (gmm-align-compiled[5.2.132~9-82686]:main():gmm-align-compiled.cc:127) f006_oldfemale-word-pao-R006M
LOG (gmm-align-compiled[5.2.132~9-82686]:main():gmm-align-compiled.cc:127) f006_oldfemale-word-pau-R006M
LOG (gmm-align-compiled[5.2.132~9-82686]:main():gmm-align-compiled.cc:127) f006_oldfemale-word-pou-R006M
LOG (gmm-align-compiled[5.2.132~9-82686]:main():gmm-align-compiled.cc:127) f006_oldfemale-word-rua-R006M-02
LOG (gmm-align-compiled[5.2.132~9-82686]:main():gmm-align-compiled.cc:127) f006_oldfemale-word-rua-R006M-03
LOG (gmm-align-compiled[5.2.132~9-82686]:main():gmm-align-compiled.cc:127) f006_oldfemale-word-tae-R006M
LOG (gmm-align-compiled[5.2.132~9-82686]:main():gmm-align-compiled.cc:127) f006_oldfemale-word-tahi-R006M-03
LOG (gmm-align-compiled[5.2.132~9-82686]:main():gmm-align-compiled.cc:127) f006_oldfemale-word-tahi-R006M-04
LOG (gmm-align-compiled[5.2.132~9-82686]:main():gmm-align-compiled.cc:127) f006_oldfemale-word-tahi-R006M-10
LOG (gmm-align-compiled[5.2.132~9-82686]:main():gmm-align-compiled.cc:127) f006_oldfemale-word-tai-R006M
LOG (gmm-align-compiled[5.2.132~9-82686]:main():gmm-align-compiled.cc:127) f006_oldfemale-word-tamariki-R006M-01a
LOG (gmm-align-compiled[5.2.132~9-82686]:main():gmm-align-compiled.cc:127) f006_oldfemale-word-tamariki-R006M-01b
LOG (gmm-align-compiled[5.2.132~9-82686]:main():gmm-align-compiled.cc:127) f006_oldfemale-word-tamariki-R006M-04a
LOG (gmm-align-compiled[5.2.132~9-82686]:main():gmm-align-compiled.cc:127) f006_oldfemale-word-tamariki-R006M-04b
LOG (gmm-align-compiled[5.2.132~9-82686]:main():gmm-align-compiled.cc:127) f006_oldfemale-word-tamariki-R006M-05
LOG (gmm-align-compiled[5.2.132~9-82686]:main():gmm-align-compiled.cc:127) f006_oldfemale-word-tangi-R006M-01
LOG (gmm-align-compiled[5.2.132~9-82686]:main():gmm-align-compiled.cc:127) f006_oldfemale-word-tangi-R006M-06
LOG (gmm-align-compiled[5.2.132~9-82686]:main():gmm-align-compiled.cc:127) f006_oldfemale-word-tauhou-R006M-01
LOG (gmm-align-compiled[5.2.132~9-82686]:main():gmm-align-compiled.cc:127) f006_oldfemale-word-tekau-R006M-03
LOG (gmm-align-compiled[5.2.132~9-82686]:main():gmm-align-compiled.cc:127) f006_oldfemale-word-toetoe-R006M
LOG (gmm-align-compiled[5.2.132~9-82686]:main():gmm-align-compiled.cc:127) f006_oldfemale-word-toi-R006M
LOG (gmm-align-compiled[5.2.132~9-82686]:main():gmm-align-compiled.cc:127) f006_oldfemale-word-täne-R006M
LOG (gmm-align-compiled[5.2.132~9-82686]:main():gmm-align-compiled.cc:127) f006_oldfemale-word-tënei-R006M
LOG (gmm-align-compiled[5.2.132~9-82686]:main():gmm-align-compiled.cc:127) f006_oldfemale-word-tënä_koe-R006M-01
LOG (gmm-align-compiled[5.2.132~9-82686]:main():gmm-align-compiled.cc:127) f006_oldfemale-word-tïmata-R006M-01
LOG (gmm-align-compiled[5.2.132~9-82686]:main():gmm-align-compiled.cc:127) f006_oldfemale-word-tü-R006M
LOG (gmm-align-compiled[5.2.132~9-82686]:main():gmm-align-compiled.cc:127) f006_oldfemale-word-waewae-R006M-02
LOG (gmm-align-compiled[5.2.132~9-82686]:main():gmm-align-compiled.cc:127) f006_oldfemale-word-waewae-R006M-06a1
LOG (gmm-align-compiled[5.2.132~9-82686]:main():gmm-align-compiled.cc:127) f006_oldfemale-word-waewae-R006M-06a2
LOG (gmm-align-compiled[5.2.132~9-82686]:main():gmm-align-compiled.cc:127) f006_oldfemale-word-waiata-R006M-12
LOG (gmm-align-compiled[5.2.132~9-82686]:main():gmm-align-compiled.cc:127) f006_oldfemale-word-waru-R006M-05
LOG (gmm-align-compiled[5.2.132~9-82686]:main():gmm-align-compiled.cc:127) f006_oldfemale-word-whare-R006M-01
LOG (gmm-align-compiled[5.2.132~9-82686]:main():gmm-align-compiled.cc:127) f006_oldfemale-word-whare-R006M-10
LOG (gmm-align-compiled[5.2.132~9-82686]:main():gmm-align-compiled.cc:127) f006_oldfemale-word-whare-R006M-11
LOG (gmm-align-compiled[5.2.132~9-82686]:main():gmm-align-compiled.cc:127) f006_oldfemale-word-wä-R006M-03
LOG (gmm-align-compiled[5.2.132~9-82686]:main():gmm-align-compiled.cc:127) f006_oldfemale-word-wä-R006M-04
LOG (gmm-align-compiled[5.2.132~9-82686]:main():gmm-align-compiled.cc:127) f006_oldfemale-word-wä-R006M-07a
LOG (gmm-align-compiled[5.2.132~9-82686]:main():gmm-align-compiled.cc:127) f006_oldfemale-word-wä-R006M-07b
LOG (gmm-align-compiled[5.2.132~9-82686]:main():gmm-align-compiled.cc:127) f006_oldfemale-word-wä-R006M-08
LOG (gmm-align-compiled[5.2.132~9-82686]:main():gmm-align-compiled.cc:127) f006_oldfemale-word-wähi-R006M-01
LOG (gmm-align-compiled[5.2.132~9-82686]:main():gmm-align-compiled.cc:127) f006_oldfemale-word-wähi-R006M-03a
LOG (gmm-align-compiled[5.2.132~9-82686]:main():gmm-align-compiled.cc:127) f006_oldfemale-word-wähi-R006M-03b
LOG (gmm-align-compiled[5.2.132~9-82686]:main():gmm-align-compiled.cc:127) f006_oldfemale-word-wähi-R006M-03c
LOG (gmm-align-compiled[5.2.132~9-82686]:main():gmm-align-compiled.cc:127) f006_oldfemale-word-wähi-R006M-03d
LOG (gmm-align-compiled[5.2.132~9-82686]:main():gmm-align-compiled.cc:127) f007_oldfemale-word-aroha-R007M-03
LOG (gmm-align-compiled[5.2.132~9-82686]:main():gmm-align-compiled.cc:127) f007_oldfemale-word-aroha-R007M-08
LOG (gmm-align-compiled[5.2.132~9-82686]:main():gmm-align-compiled.cc:127) f007_oldfemale-word-awa-R007M-02
LOG (gmm-align-compiled[5.2.132~9-82686]:main():gmm-align-compiled.cc:127) f007_oldfemale-word-awa-R007M-05
LOG (gmm-align-compiled[5.2.132~9-82686]:main():gmm-align-compiled.cc:127) f007_oldfemale-word-awa-R007M-14
LOG (gmm-align-compiled[5.2.132~9-82686]:main():gmm-align-compiled.cc:127) f007_oldfemale-word-e_noho-R007M-14
LOG (gmm-align-compiled[5.2.132~9-82686]:main():gmm-align-compiled.cc:127) f007_oldfemale-word-haere_mai-R007M-02
LOG (gmm-align-compiled[5.2.132~9-82686]:main():gmm-align-compiled.cc:127) f007_oldfemale-word-haere_mai-R007M-04a
LOG (gmm-align-compiled[5.2.132~9-82686]:main():gmm-align-compiled.cc:127) f007_oldfemale-word-haere_mai-R007M-04b
LOG (gmm-align-compiled[5.2.132~9-82686]:main():gmm-align-compiled.cc:127) f007_oldfemale-word-haere_mai-R007M-05
LOG (gmm-align-compiled[5.2.132~9-82686]:main():gmm-align-compiled.cc:127) f007_oldfemale-word-haere_mai-R007M-06
LOG (gmm-align-compiled[5.2.132~9-82686]:main():gmm-align-compiled.cc:127) f007_oldfemale-word-haere_mai-R007M-09
LOG (gmm-align-compiled[5.2.132~9-82686]:main():gmm-align-compiled.cc:127) f007_oldfemale-word-hau-R007M
LOG (gmm-align-compiled[5.2.132~9-82686]:main():gmm-align-compiled.cc:127) f007_oldfemale-word-hei-R007M
LOG (gmm-align-compiled[5.2.132~9-82686]:main():gmm-align-compiled.cc:127) f007_oldfemale-word-hoe-R007M
LOG (gmm-align-compiled[5.2.132~9-82686]:main():gmm-align-compiled.cc:127) f007_oldfemale-word-hoihoi-R007M
LOG (gmm-align-compiled[5.2.132~9-82686]:main():gmm-align-compiled.cc:127) f007_oldfemale-word-hou-R007M
LOG (gmm-align-compiled[5.2.132~9-82686]:main():gmm-align-compiled.cc:127) f007_oldfemale-word-hë-R007M
LOG (gmm-align-compiled[5.2.132~9-82686]:main():gmm-align-compiled.cc:127) f007_oldfemale-word-hï-R007M
LOG (gmm-align-compiled[5.2.132~9-82686]:main():gmm-align-compiled.cc:127) f007_oldfemale-word-karakia-R007M-14
LOG (gmm-align-compiled[5.2.132~9-82686]:main():gmm-align-compiled.cc:127) f007_oldfemale-word-karanga-R007M-10a1
LOG (gmm-align-compiled[5.2.132~9-82686]:main():gmm-align-compiled.cc:127) f007_oldfemale-word-karanga-R007M-10a2
LOG (gmm-align-compiled[5.2.132~9-82686]:main():gmm-align-compiled.cc:127) f007_oldfemale-word-karanga-R007M-11a
LOG (gmm-align-compiled[5.2.132~9-82686]:main():gmm-align-compiled.cc:127) f007_oldfemale-word-karanga-R007M-11b
LOG (gmm-align-compiled[5.2.132~9-82686]:main():gmm-align-compiled.cc:127) f007_oldfemale-word-karanga-R007M-11c
LOG (gmm-align-compiled[5.2.132~9-82686]:main():gmm-align-compiled.cc:127) f007_oldfemale-word-karanga-R007M-11d
LOG (gmm-align-compiled[5.2.132~9-82686]:main():gmm-align-compiled.cc:127) f007_oldfemale-word-karanga-R007M-12a
LOG (gmm-align-compiled[5.2.132~9-82686]:main():gmm-align-compiled.cc:127) f007_oldfemale-word-karanga-R007M-12b
LOG (gmm-align-compiled[5.2.132~9-82686]:main():gmm-align-compiled.cc:127) f007_oldfemale-word-kaumätua-R007M-02
LOG (gmm-align-compiled[5.2.132~9-82686]:main():gmm-align-compiled.cc:127) f007_oldfemale-word-kaumätua-R007M-03
LOG (gmm-align-compiled[5.2.132~9-82686]:main():gmm-align-compiled.cc:127) f007_oldfemale-word-kaumätua-R007M-04
LOG (gmm-align-compiled[5.2.132~9-82686]:main():gmm-align-compiled.cc:127) f007_oldfemale-word-kaumätua-R007M-05
LOG (gmm-align-compiled[5.2.132~9-82686]:main():gmm-align-compiled.cc:127) f007_oldfemale-word-kaumätua-R007M-14
LOG (gmm-align-compiled[5.2.132~9-82686]:main():gmm-align-compiled.cc:127) f007_oldfemale-word-kei-R007M
LOG (gmm-align-compiled[5.2.132~9-82686]:main():gmm-align-compiled.cc:127) f007_oldfemale-word-käinga-R007M-05
LOG (gmm-align-compiled[5.2.132~9-82686]:main():gmm-align-compiled.cc:127) f007_oldfemale-word-käinga-R007M-14a
LOG (gmm-align-compiled[5.2.132~9-82686]:main():gmm-align-compiled.cc:127) f007_oldfemale-word-käinga-R007M-14b
LOG (gmm-align-compiled[5.2.132~9-82686]:main():gmm-align-compiled.cc:127) f007_oldfemale-word-kë-R007M
LOG (gmm-align-compiled[5.2.132~9-82686]:main():gmm-align-compiled.cc:127) f007_oldfemale-word-kï-R007M
LOG (gmm-align-compiled[5.2.132~9-82686]:main():gmm-align-compiled.cc:127) f007_oldfemale-word-mao-R007M
LOG (gmm-align-compiled[5.2.132~9-82686]:main():gmm-align-compiled.cc:127) f007_oldfemale-word-marae-R007M-02a
LOG (gmm-align-compiled[5.2.132~9-82686]:main():gmm-align-compiled.cc:127) f007_oldfemale-word-marae-R007M-02b
LOG (gmm-align-compiled[5.2.132~9-82686]:main():gmm-align-compiled.cc:127) f007_oldfemale-word-marae-R007M-03
LOG (gmm-align-compiled[5.2.132~9-82686]:main():gmm-align-compiled.cc:127) f007_oldfemale-word-marae-R007M-04
LOG (gmm-align-compiled[5.2.132~9-82686]:main():gmm-align-compiled.cc:127) f007_oldfemale-word-marae-R007M-06a
LOG (gmm-align-compiled[5.2.132~9-82686]:main():gmm-align-compiled.cc:127) f007_oldfemale-word-marae-R007M-06b
LOG (gmm-align-compiled[5.2.132~9-82686]:main():gmm-align-compiled.cc:127) f007_oldfemale-word-matariki-R007M-14
LOG (gmm-align-compiled[5.2.132~9-82686]:main():gmm-align-compiled.cc:127) f007_oldfemale-word-matiu-R007M
LOG (gmm-align-compiled[5.2.132~9-82686]:main():gmm-align-compiled.cc:127) f007_oldfemale-word-mau-R007M
LOG (gmm-align-compiled[5.2.132~9-82686]:main():gmm-align-compiled.cc:127) f007_oldfemale-word-mokopuna-R007M-08
LOG (gmm-align-compiled[5.2.132~9-82686]:main():gmm-align-compiled.cc:127) f007_oldfemale-word-moutere-R007M
LOG (gmm-align-compiled[5.2.132~9-82686]:main():gmm-align-compiled.cc:127) f007_oldfemale-word-mäori-R007M-03
LOG (gmm-align-compiled[5.2.132~9-82686]:main():gmm-align-compiled.cc:127) f007_oldfemale-word-mätao-R007M
LOG (gmm-align-compiled[5.2.132~9-82686]:main():gmm-align-compiled.cc:127) f007_oldfemale-word-mätau-R007M
LOG (gmm-align-compiled[5.2.132~9-82686]:main():gmm-align-compiled.cc:127) f007_oldfemale-word-pae-R007M
LOG (gmm-align-compiled[5.2.132~9-82686]:main():gmm-align-compiled.cc:127) f007_oldfemale-word-pai-R007M
LOG (gmm-align-compiled[5.2.132~9-82686]:main():gmm-align-compiled.cc:127) f007_oldfemale-word-pao-R007M
LOG (gmm-align-compiled[5.2.132~9-82686]:main():gmm-align-compiled.cc:127) f007_oldfemale-word-pau-R007M
LOG (gmm-align-compiled[5.2.132~9-82686]:main():gmm-align-compiled.cc:127) f007_oldfemale-word-pou-R007M
LOG (gmm-align-compiled[5.2.132~9-82686]:main():gmm-align-compiled.cc:127) f007_oldfemale-word-pö-R007M
LOG (gmm-align-compiled[5.2.132~9-82686]:main():gmm-align-compiled.cc:127) f007_oldfemale-word-pöwhiri-R007M-11
LOG (gmm-align-compiled[5.2.132~9-82686]:main():gmm-align-compiled.cc:127) f007_oldfemale-word-tae-R007M
LOG (gmm-align-compiled[5.2.132~9-82686]:main():gmm-align-compiled.cc:127) f007_oldfemale-word-tai-R007M
LOG (gmm-align-compiled[5.2.132~9-82686]:main():gmm-align-compiled.cc:127) f007_oldfemale-word-tangi-R007M-13
LOG (gmm-align-compiled[5.2.132~9-82686]:main():gmm-align-compiled.cc:127) f007_oldfemale-word-tauhou-R007M-14
LOG (gmm-align-compiled[5.2.132~9-82686]:main():gmm-align-compiled.cc:127) f007_oldfemale-word-tekau-R007M-04a1
LOG (gmm-align-compiled[5.2.132~9-82686]:main():gmm-align-compiled.cc:127) f007_oldfemale-word-tekau-R007M-04a2
LOG (gmm-align-compiled[5.2.132~9-82686]:main():gmm-align-compiled.cc:127) f007_oldfemale-word-tekau-R007M-04b
LOG (gmm-align-compiled[5.2.132~9-82686]:main():gmm-align-compiled.cc:127) f007_oldfemale-word-toetoe-R007M
LOG (gmm-align-compiled[5.2.132~9-82686]:main():gmm-align-compiled.cc:127) f007_oldfemale-word-toi-R007M
LOG (gmm-align-compiled[5.2.132~9-82686]:main():gmm-align-compiled.cc:127) f007_oldfemale-word-toru-R007M-04
LOG (gmm-align-compiled[5.2.132~9-82686]:main():gmm-align-compiled.cc:127) f007_oldfemale-word-täne-R007M
LOG (gmm-align-compiled[5.2.132~9-82686]:main():gmm-align-compiled.cc:127) f007_oldfemale-word-tënei-R007M
LOG (gmm-align-compiled[5.2.132~9-82686]:main():gmm-align-compiled.cc:127) f007_oldfemale-word-tü-R007M
LOG (gmm-align-compiled[5.2.132~9-82686]:main():gmm-align-compiled.cc:127) f007_oldfemale-word-waiata-R007M-14
LOG (gmm-align-compiled[5.2.132~9-82686]:main():gmm-align-compiled.cc:127) f007_oldfemale-word-whare-R007M-06
LOG (gmm-align-compiled[5.2.132~9-82686]:main():gmm-align-compiled.cc:127) f007_oldfemale-word-whare-R007M-14
LOG (gmm-align-compiled[5.2.132~9-82686]:main():gmm-align-compiled.cc:127) f007_oldfemale-word-wä-R007M-08
LOG (gmm-align-compiled[5.2.132~9-82686]:main():gmm-align-compiled.cc:127) f007_oldfemale-word-wähi-R007M-14
LOG (gmm-align-compiled[5.2.132~9-82686]:main():gmm-align-compiled.cc:127) f008_oldfemale-word-aroha-R008M-07a
LOG (gmm-align-compiled[5.2.132~9-82686]:main():gmm-align-compiled.cc:127) f008_oldfemale-word-aroha-R008M-07b
LOG (gmm-align-compiled[5.2.132~9-82686]:main():gmm-align-compiled.cc:127) f008_oldfemale-word-awa-R008M-08
LOG (gmm-align-compiled[5.2.132~9-82686]:main():gmm-align-compiled.cc:127) f008_oldfemale-word-e_noho-R008M-11
LOG (gmm-align-compiled[5.2.132~9-82686]:main():gmm-align-compiled.cc:127) f008_oldfemale-word-haere_mai-R008M-04
LOG (gmm-align-compiled[5.2.132~9-82686]:main():gmm-align-compiled.cc:127) f008_oldfemale-word-haere_mai-R008M-09
LOG (gmm-align-compiled[5.2.132~9-82686]:main():gmm-align-compiled.cc:127) f008_oldfemale-word-haere_mai-R008M-10
LOG (gmm-align-compiled[5.2.132~9-82686]:main():gmm-align-compiled.cc:127) f008_oldfemale-word-hau-R008M
LOG (gmm-align-compiled[5.2.132~9-82686]:main():gmm-align-compiled.cc:127) f008_oldfemale-word-hei-R008M
LOG (gmm-align-compiled[5.2.132~9-82686]:main():gmm-align-compiled.cc:127) f008_oldfemale-word-hoe-R008M
LOG (gmm-align-compiled[5.2.132~9-82686]:main():gmm-align-compiled.cc:127) f008_oldfemale-word-hoihoi-R008M
LOG (gmm-align-compiled[5.2.132~9-82686]:main():gmm-align-compiled.cc:127) f008_oldfemale-word-hou-R008M
LOG (gmm-align-compiled[5.2.132~9-82686]:main():gmm-align-compiled.cc:127) f008_oldfemale-word-hë-R008M
LOG (gmm-align-compiled[5.2.132~9-82686]:main():gmm-align-compiled.cc:127) f008_oldfemale-word-hï-R008M
LOG (gmm-align-compiled[5.2.132~9-82686]:main():gmm-align-compiled.cc:127) f008_oldfemale-word-iwa-R008M-06
LOG (gmm-align-compiled[5.2.132~9-82686]:main():gmm-align-compiled.cc:127) f008_oldfemale-word-iwi-R008M-11
LOG (gmm-align-compiled[5.2.132~9-82686]:main():gmm-align-compiled.cc:127) f008_oldfemale-word-karakia-R008M-11a
LOG (gmm-align-compiled[5.2.132~9-82686]:main():gmm-align-compiled.cc:127) f008_oldfemale-word-karakia-R008M-11b
LOG (gmm-align-compiled[5.2.132~9-82686]:main():gmm-align-compiled.cc:127) f008_oldfemale-word-karanga-R008M-04a
LOG (gmm-align-compiled[5.2.132~9-82686]:main():gmm-align-compiled.cc:127) f008_oldfemale-word-karanga-R008M-04b
LOG (gmm-align-compiled[5.2.132~9-82686]:main():gmm-align-compiled.cc:127) f008_oldfemale-word-karanga-R008M-09
LOG (gmm-align-compiled[5.2.132~9-82686]:main():gmm-align-compiled.cc:127) f008_oldfemale-word-kaumätua-R008M-05
LOG (gmm-align-compiled[5.2.132~9-82686]:main():gmm-align-compiled.cc:127) f008_oldfemale-word-kaumätua-R008M-07
LOG (gmm-align-compiled[5.2.132~9-82686]:main():gmm-align-compiled.cc:127) f008_oldfemale-word-kaumätua-R008M-08
LOG (gmm-align-compiled[5.2.132~9-82686]:main():gmm-align-compiled.cc:127) f008_oldfemale-word-kaumätua-R008M-10
LOG (gmm-align-compiled[5.2.132~9-82686]:main():gmm-align-compiled.cc:127) f008_oldfemale-word-kei-R008M
LOG (gmm-align-compiled[5.2.132~9-82686]:main():gmm-align-compiled.cc:127) f008_oldfemale-word-kia_ora-R008M-02a
LOG (gmm-align-compiled[5.2.132~9-82686]:main():gmm-align-compiled.cc:127) f008_oldfemale-word-kia_ora-R008M-02b
LOG (gmm-align-compiled[5.2.132~9-82686]:main():gmm-align-compiled.cc:127) f008_oldfemale-word-kuia-R008M-10a1
LOG (gmm-align-compiled[5.2.132~9-82686]:main():gmm-align-compiled.cc:127) f008_oldfemale-word-kuia-R008M-10a2
LOG (gmm-align-compiled[5.2.132~9-82686]:main():gmm-align-compiled.cc:127) f008_oldfemale-word-kuia-R008M-10b
LOG (gmm-align-compiled[5.2.132~9-82686]:main():gmm-align-compiled.cc:127) f008_oldfemale-word-käinga-R008M-07a
LOG (gmm-align-compiled[5.2.132~9-82686]:main():gmm-align-compiled.cc:127) f008_oldfemale-word-käinga-R008M-07b
LOG (gmm-align-compiled[5.2.132~9-82686]:main():gmm-align-compiled.cc:127) f008_oldfemale-word-käinga-R008M-11
LOG (gmm-align-compiled[5.2.132~9-82686]:main():gmm-align-compiled.cc:127) f008_oldfemale-word-kë-R008M
LOG (gmm-align-compiled[5.2.132~9-82686]:main():gmm-align-compiled.cc:127) f008_oldfemale-word-kï-R008M
LOG (gmm-align-compiled[5.2.132~9-82686]:main():gmm-align-compiled.cc:127) f008_oldfemale-word-körero-R008M-03
LOG (gmm-align-compiled[5.2.132~9-82686]:main():gmm-align-compiled.cc:127) f008_oldfemale-word-körero-R008M-05a
LOG (gmm-align-compiled[5.2.132~9-82686]:main():gmm-align-compiled.cc:127) f008_oldfemale-word-körero-R008M-05b
LOG (gmm-align-compiled[5.2.132~9-82686]:main():gmm-align-compiled.cc:127) f008_oldfemale-word-körero-R008M-05c
LOG (gmm-align-compiled[5.2.132~9-82686]:main():gmm-align-compiled.cc:127) f008_oldfemale-word-mao-R008M
LOG (gmm-align-compiled[5.2.132~9-82686]:main():gmm-align-compiled.cc:127) f008_oldfemale-word-marae-R008M-02
LOG (gmm-align-compiled[5.2.132~9-82686]:main():gmm-align-compiled.cc:127) f008_oldfemale-word-marae-R008M-06
LOG (gmm-align-compiled[5.2.132~9-82686]:main():gmm-align-compiled.cc:127) f008_oldfemale-word-matariki-R008M-11
LOG (gmm-align-compiled[5.2.132~9-82686]:main():gmm-align-compiled.cc:127) f008_oldfemale-word-matiu-R008M
LOG (gmm-align-compiled[5.2.132~9-82686]:main():gmm-align-compiled.cc:127) f008_oldfemale-word-mau-R008M
LOG (gmm-align-compiled[5.2.132~9-82686]:main():gmm-align-compiled.cc:127) f008_oldfemale-word-moana-R008M-04
LOG (gmm-align-compiled[5.2.132~9-82686]:main():gmm-align-compiled.cc:127) f008_oldfemale-word-moutere-R008M
LOG (gmm-align-compiled[5.2.132~9-82686]:main():gmm-align-compiled.cc:127) f008_oldfemale-word-mäori-R008M-08
LOG (gmm-align-compiled[5.2.132~9-82686]:main():gmm-align-compiled.cc:127) f008_oldfemale-word-mätao-R008M
LOG (gmm-align-compiled[5.2.132~9-82686]:main():gmm-align-compiled.cc:127) f008_oldfemale-word-mätau-R008M
LOG (gmm-align-compiled[5.2.132~9-82686]:main():gmm-align-compiled.cc:127) f008_oldfemale-word-mätou-R008M
LOG (gmm-align-compiled[5.2.132~9-82686]:main():gmm-align-compiled.cc:127) f008_oldfemale-word-ono-R008M-02
LOG (gmm-align-compiled[5.2.132~9-82686]:main():gmm-align-compiled.cc:127) f008_oldfemale-word-ono-R008M-05
LOG (gmm-align-compiled[5.2.132~9-82686]:main():gmm-align-compiled.cc:127) f008_oldfemale-word-ono-R008M-10
LOG (gmm-align-compiled[5.2.132~9-82686]:main():gmm-align-compiled.cc:127) f008_oldfemale-word-pae-R008M
LOG (gmm-align-compiled[5.2.132~9-82686]:main():gmm-align-compiled.cc:127) f008_oldfemale-word-pai-R008M
LOG (gmm-align-compiled[5.2.132~9-82686]:main():gmm-align-compiled.cc:127) f008_oldfemale-word-pao-R008M
LOG (gmm-align-compiled[5.2.132~9-82686]:main():gmm-align-compiled.cc:127) f008_oldfemale-word-pau-R008M
LOG (gmm-align-compiled[5.2.132~9-82686]:main():gmm-align-compiled.cc:127) f008_oldfemale-word-pou-R008M
LOG (gmm-align-compiled[5.2.132~9-82686]:main():gmm-align-compiled.cc:127) f008_oldfemale-word-pö-R008M
LOG (gmm-align-compiled[5.2.132~9-82686]:main():gmm-align-compiled.cc:127) f008_oldfemale-word-rua-R008M-04
LOG (gmm-align-compiled[5.2.132~9-82686]:main():gmm-align-compiled.cc:127) f008_oldfemale-word-rua-R008M-07
LOG (gmm-align-compiled[5.2.132~9-82686]:main():gmm-align-compiled.cc:127) f008_oldfemale-word-rua-R008M-08
LOG (gmm-align-compiled[5.2.132~9-82686]:main():gmm-align-compiled.cc:127) f008_oldfemale-word-rua-R008M-10
LOG (gmm-align-compiled[5.2.132~9-82686]:main():gmm-align-compiled.cc:127) f008_oldfemale-word-tae-R008M
LOG (gmm-align-compiled[5.2.132~9-82686]:main():gmm-align-compiled.cc:127) f008_oldfemale-word-tahi-R008M-09
LOG (gmm-align-compiled[5.2.132~9-82686]:main():gmm-align-compiled.cc:127) f008_oldfemale-word-tai-R008M
LOG (gmm-align-compiled[5.2.132~9-82686]:main():gmm-align-compiled.cc:127) f008_oldfemale-word-tangi-R008M-05
LOG (gmm-align-compiled[5.2.132~9-82686]:main():gmm-align-compiled.cc:127) f008_oldfemale-word-tangi-R008M-07a
LOG (gmm-align-compiled[5.2.132~9-82686]:main():gmm-align-compiled.cc:127) f008_oldfemale-word-tangi-R008M-07b
LOG (gmm-align-compiled[5.2.132~9-82686]:main():gmm-align-compiled.cc:127) f008_oldfemale-word-tangi-R008M-07c
LOG (gmm-align-compiled[5.2.132~9-82686]:main():gmm-align-compiled.cc:127) f008_oldfemale-word-tangi-R008M-07d
LOG (gmm-align-compiled[5.2.132~9-82686]:main():gmm-align-compiled.cc:127) f008_oldfemale-word-tangi-R008M-12
LOG (gmm-align-compiled[5.2.132~9-82686]:main():gmm-align-compiled.cc:127) f008_oldfemale-word-tekau-R008M-02a
LOG (gmm-align-compiled[5.2.132~9-82686]:main():gmm-align-compiled.cc:127) f008_oldfemale-word-tekau-R008M-02b
LOG (gmm-align-compiled[5.2.132~9-82686]:main():gmm-align-compiled.cc:127) f008_oldfemale-word-tekau-R008M-06
LOG (gmm-align-compiled[5.2.132~9-82686]:main():gmm-align-compiled.cc:127) f008_oldfemale-word-toetoe-R008M
LOG (gmm-align-compiled[5.2.132~9-82686]:main():gmm-align-compiled.cc:127) f008_oldfemale-word-toi-R008M
LOG (gmm-align-compiled[5.2.132~9-82686]:main():gmm-align-compiled.cc:127) f008_oldfemale-word-toru-R008M-04
LOG (gmm-align-compiled[5.2.132~9-82686]:main():gmm-align-compiled.cc:127) f008_oldfemale-word-toru-R008M-06a
LOG (gmm-align-compiled[5.2.132~9-82686]:main():gmm-align-compiled.cc:127) f008_oldfemale-word-toru-R008M-06b
LOG (gmm-align-compiled[5.2.132~9-82686]:main():gmm-align-compiled.cc:127) f008_oldfemale-word-toru-R008M-10
LOG (gmm-align-compiled[5.2.132~9-82686]:main():gmm-align-compiled.cc:127) f008_oldfemale-word-täne-R008M
LOG (gmm-align-compiled[5.2.132~9-82686]:main():gmm-align-compiled.cc:127) f008_oldfemale-word-tënei-R008M
LOG (gmm-align-compiled[5.2.132~9-82686]:main():gmm-align-compiled.cc:127) f008_oldfemale-word-tïmata-R008M-11
LOG (gmm-align-compiled[5.2.132~9-82686]:main():gmm-align-compiled.cc:127) f008_oldfemale-word-tü-R008M
LOG (gmm-align-compiled[5.2.132~9-82686]:main():gmm-align-compiled.cc:127) f008_oldfemale-word-waewae-R008M-10
LOG (gmm-align-compiled[5.2.132~9-82686]:main():gmm-align-compiled.cc:127) f008_oldfemale-word-waiata-R008M-11
LOG (gmm-align-compiled[5.2.132~9-82686]:main():gmm-align-compiled.cc:127) f008_oldfemale-word-waru-R008M-02a
LOG (gmm-align-compiled[5.2.132~9-82686]:main():gmm-align-compiled.cc:127) f008_oldfemale-word-waru-R008M-02b
LOG (gmm-align-compiled[5.2.132~9-82686]:main():gmm-align-compiled.cc:127) f008_oldfemale-word-waru-R008M-06
LOG (gmm-align-compiled[5.2.132~9-82686]:main():gmm-align-compiled.cc:127) f008_oldfemale-word-whare-R008M-06
LOG (gmm-align-compiled[5.2.132~9-82686]:main():gmm-align-compiled.cc:127) f008_oldfemale-word-whare-R008M-11
LOG (gmm-align-compiled[5.2.132~9-82686]:main():gmm-align-compiled.cc:127) f008_oldfemale-word-whä-R008M-02
LOG (gmm-align-compiled[5.2.132~9-82686]:main():gmm-align-compiled.cc:127) f008_oldfemale-word-wä-R008M-02a
LOG (gmm-align-compiled[5.2.132~9-82686]:main():gmm-align-compiled.cc:127) f008_oldfemale-word-wä-R008M-02b
LOG (gmm-align-compiled[5.2.132~9-82686]:main():gmm-align-compiled.cc:127) f008_oldfemale-word-wä-R008M-04
LOG (gmm-align-compiled[5.2.132~9-82686]:main():gmm-align-compiled.cc:127) f008_oldfemale-word-wä-R008M-10
LOG (gmm-align-compiled[5.2.132~9-82686]:main():gmm-align-compiled.cc:127) f008_oldfemale-word-wähi-R008M-02
LOG (gmm-align-compiled[5.2.132~9-82686]:main():gmm-align-compiled.cc:127) f008_oldfemale-word-wähi-R008M-08a
LOG (gmm-align-compiled[5.2.132~9-82686]:main():gmm-align-compiled.cc:127) f008_oldfemale-word-wähi-R008M-08b
LOG (gmm-align-compiled[5.2.132~9-82686]:main():gmm-align-compiled.cc:127) f008_oldfemale-word-wähi-R008M-08c
LOG (gmm-align-compiled[5.2.132~9-82686]:main():gmm-align-compiled.cc:127) f008_oldfemale-word-wähi-R008M-10
LOG (gmm-align-compiled[5.2.132~9-82686]:main():gmm-align-compiled.cc:127) f009_oldfemale-word-e_noho-R009M-06
LOG (gmm-align-compiled[5.2.132~9-82686]:main():gmm-align-compiled.cc:127) f009_oldfemale-word-e_noho-R009M-12
LOG (gmm-align-compiled[5.2.132~9-82686]:main():gmm-align-compiled.cc:127) f009_oldfemale-word-e_noho-R009M-14
LOG (gmm-align-compiled[5.2.132~9-82686]:main():gmm-align-compiled.cc:127) f009_oldfemale-word-haere_mai-R009M-02a1
LOG (gmm-align-compiled[5.2.132~9-82686]:main():gmm-align-compiled.cc:127) f009_oldfemale-word-haere_mai-R009M-02a2
LOG (gmm-align-compiled[5.2.132~9-82686]:main():gmm-align-compiled.cc:127) f009_oldfemale-word-haere_mai-R009M-06
LOG (gmm-align-compiled[5.2.132~9-82686]:main():gmm-align-compiled.cc:127) f009_oldfemale-word-haere_mai-R009M-08
LOG (gmm-align-compiled[5.2.132~9-82686]:main():gmm-align-compiled.cc:127) f009_oldfemale-word-haere_mai-R009M-10a
LOG (gmm-align-compiled[5.2.132~9-82686]:main():gmm-align-compiled.cc:127) f009_oldfemale-word-haere_mai-R009M-10b
LOG (gmm-align-compiled[5.2.132~9-82686]:main():gmm-align-compiled.cc:127) f009_oldfemale-word-iwa-R009M-01a
LOG (gmm-align-compiled[5.2.132~9-82686]:main():gmm-align-compiled.cc:127) f009_oldfemale-word-iwa-R009M-01b
LOG (gmm-align-compiled[5.2.132~9-82686]:main():gmm-align-compiled.cc:127) f009_oldfemale-word-iwi-R009M-03a
LOG (gmm-align-compiled[5.2.132~9-82686]:main():gmm-align-compiled.cc:127) f009_oldfemale-word-iwi-R009M-03b
LOG (gmm-align-compiled[5.2.132~9-82686]:main():gmm-align-compiled.cc:127) f009_oldfemale-word-iwi-R009M-03c
LOG (gmm-align-compiled[5.2.132~9-82686]:main():gmm-align-compiled.cc:127) f009_oldfemale-word-iwi-R009M-04a
LOG (gmm-align-compiled[5.2.132~9-82686]:main():gmm-align-compiled.cc:127) f009_oldfemale-word-iwi-R009M-04b
LOG (gmm-align-compiled[5.2.132~9-82686]:main():gmm-align-compiled.cc:127) f009_oldfemale-word-iwi-R009M-04c
LOG (gmm-align-compiled[5.2.132~9-82686]:main():gmm-align-compiled.cc:127) f009_oldfemale-word-iwi-R009M-07a
LOG (gmm-align-compiled[5.2.132~9-82686]:main():gmm-align-compiled.cc:127) f009_oldfemale-word-iwi-R009M-07b
LOG (gmm-align-compiled[5.2.132~9-82686]:main():gmm-align-compiled.cc:127) f009_oldfemale-word-iwi-R009M-08a
LOG (gmm-align-compiled[5.2.132~9-82686]:main():gmm-align-compiled.cc:127) f009_oldfemale-word-iwi-R009M-08b
LOG (gmm-align-compiled[5.2.132~9-82686]:main():gmm-align-compiled.cc:127) f009_oldfemale-word-iwi-R009M-09a
LOG (gmm-align-compiled[5.2.132~9-82686]:main():gmm-align-compiled.cc:127) f009_oldfemale-word-iwi-R009M-09b
LOG (gmm-align-compiled[5.2.132~9-82686]:main():gmm-align-compiled.cc:127) f009_oldfemale-word-iwi-R009M-10a
LOG (gmm-align-compiled[5.2.132~9-82686]:main():gmm-align-compiled.cc:127) f009_oldfemale-word-iwi-R009M-10b
LOG (gmm-align-compiled[5.2.132~9-82686]:main():gmm-align-compiled.cc:127) f009_oldfemale-word-iwi-R009M-11a
LOG (gmm-align-compiled[5.2.132~9-82686]:main():gmm-align-compiled.cc:127) f009_oldfemale-word-iwi-R009M-11b
LOG (gmm-align-compiled[5.2.132~9-82686]:main():gmm-align-compiled.cc:127) f009_oldfemale-word-iwi-R009M-12
LOG (gmm-align-compiled[5.2.132~9-82686]:main():gmm-align-compiled.cc:127) f009_oldfemale-word-iwi-R009M-14a
LOG (gmm-align-compiled[5.2.132~9-82686]:main():gmm-align-compiled.cc:127) f009_oldfemale-word-iwi-R009M-14b
LOG (gmm-align-compiled[5.2.132~9-82686]:main():gmm-align-compiled.cc:127) f009_oldfemale-word-kaumätua-R009M-02
LOG (gmm-align-compiled[5.2.132~9-82686]:main():gmm-align-compiled.cc:127) f009_oldfemale-word-käinga-R009M-02a
LOG (gmm-align-compiled[5.2.132~9-82686]:main():gmm-align-compiled.cc:127) f009_oldfemale-word-käinga-R009M-02b
LOG (gmm-align-compiled[5.2.132~9-82686]:main():gmm-align-compiled.cc:127) f009_oldfemale-word-käinga-R009M-03
LOG (gmm-align-compiled[5.2.132~9-82686]:main():gmm-align-compiled.cc:127) f009_oldfemale-word-käinga-R009M-08
LOG (gmm-align-compiled[5.2.132~9-82686]:main():gmm-align-compiled.cc:127) f009_oldfemale-word-käinga-R009M-11
LOG (gmm-align-compiled[5.2.132~9-82686]:main():gmm-align-compiled.cc:127) f009_oldfemale-word-käinga-R009M-13a
LOG (gmm-align-compiled[5.2.132~9-82686]:main():gmm-align-compiled.cc:127) f009_oldfemale-word-käinga-R009M-13b
LOG (gmm-align-compiled[5.2.132~9-82686]:main():gmm-align-compiled.cc:127) f009_oldfemale-word-körero-R009M-06
LOG (gmm-align-compiled[5.2.132~9-82686]:main():gmm-align-compiled.cc:127) f009_oldfemale-word-körero-R009M-07a
LOG (gmm-align-compiled[5.2.132~9-82686]:main():gmm-align-compiled.cc:127) f009_oldfemale-word-körero-R009M-07b1
LOG (gmm-align-compiled[5.2.132~9-82686]:main():gmm-align-compiled.cc:127) f009_oldfemale-word-körero-R009M-07b2
LOG (gmm-align-compiled[5.2.132~9-82686]:main():gmm-align-compiled.cc:127) f009_oldfemale-word-körero-R009M-07b3
LOG (gmm-align-compiled[5.2.132~9-82686]:main():gmm-align-compiled.cc:127) f009_oldfemale-word-körero-R009M-11a
LOG (gmm-align-compiled[5.2.132~9-82686]:main():gmm-align-compiled.cc:127) f009_oldfemale-word-körero-R009M-11b
LOG (gmm-align-compiled[5.2.132~9-82686]:main():gmm-align-compiled.cc:127) f009_oldfemale-word-marae-R009M-12
LOG (gmm-align-compiled[5.2.132~9-82686]:main():gmm-align-compiled.cc:127) f009_oldfemale-word-maunga-R009M-12
LOG (gmm-align-compiled[5.2.132~9-82686]:main():gmm-align-compiled.cc:127) f009_oldfemale-word-moana-R009M-02
LOG (gmm-align-compiled[5.2.132~9-82686]:main():gmm-align-compiled.cc:127) f009_oldfemale-word-moana-R009M-03a
LOG (gmm-align-compiled[5.2.132~9-82686]:main():gmm-align-compiled.cc:127) f009_oldfemale-word-moana-R009M-03b
LOG (gmm-align-compiled[5.2.132~9-82686]:main():gmm-align-compiled.cc:127) f009_oldfemale-word-moana-R009M-04a
LOG (gmm-align-compiled[5.2.132~9-82686]:main():gmm-align-compiled.cc:127) f009_oldfemale-word-moana-R009M-04b
LOG (gmm-align-compiled[5.2.132~9-82686]:main():gmm-align-compiled.cc:127) f009_oldfemale-word-moana-R009M-04c
LOG (gmm-align-compiled[5.2.132~9-82686]:main():gmm-align-compiled.cc:127) f009_oldfemale-word-mokopuna-R009M-01a
LOG (gmm-align-compiled[5.2.132~9-82686]:main():gmm-align-compiled.cc:127) f009_oldfemale-word-mokopuna-R009M-01b
LOG (gmm-align-compiled[5.2.132~9-82686]:main():gmm-align-compiled.cc:127) f009_oldfemale-word-mäori-R009M-06a
LOG (gmm-align-compiled[5.2.132~9-82686]:main():gmm-align-compiled.cc:127) f009_oldfemale-word-mäori-R009M-06b
LOG (gmm-align-compiled[5.2.132~9-82686]:main():gmm-align-compiled.cc:127) f009_oldfemale-word-mäori-R009M-07
LOG (gmm-align-compiled[5.2.132~9-82686]:main():gmm-align-compiled.cc:127) f009_oldfemale-word-mäori-R009M-09a
LOG (gmm-align-compiled[5.2.132~9-82686]:main():gmm-align-compiled.cc:127) f009_oldfemale-word-mäori-R009M-09b
LOG (gmm-align-compiled[5.2.132~9-82686]:main():gmm-align-compiled.cc:127) f009_oldfemale-word-mäori-R009M-09c
LOG (gmm-align-compiled[5.2.132~9-82686]:main():gmm-align-compiled.cc:127) f009_oldfemale-word-mäori-R009M-13
LOG (gmm-align-compiled[5.2.132~9-82686]:main():gmm-align-compiled.cc:127) f009_oldfemale-word-mäori-R009M-14
LOG (gmm-align-compiled[5.2.132~9-82686]:main():gmm-align-compiled.cc:127) f009_oldfemale-word-rima-R009M-02a
LOG (gmm-align-compiled[5.2.132~9-82686]:main():gmm-align-compiled.cc:127) f009_oldfemale-word-rima-R009M-02b
LOG (gmm-align-compiled[5.2.132~9-82686]:main():gmm-align-compiled.cc:127) f009_oldfemale-word-rima-R009M-08a
LOG (gmm-align-compiled[5.2.132~9-82686]:main():gmm-align-compiled.cc:127) f009_oldfemale-word-rima-R009M-08b
LOG (gmm-align-compiled[5.2.132~9-82686]:main():gmm-align-compiled.cc:127) f009_oldfemale-word-rima-R009M-09
LOG (gmm-align-compiled[5.2.132~9-82686]:main():gmm-align-compiled.cc:127) f009_oldfemale-word-rua-R009M-01
LOG (gmm-align-compiled[5.2.132~9-82686]:main():gmm-align-compiled.cc:127) f009_oldfemale-word-rua-R009M-02
LOG (gmm-align-compiled[5.2.132~9-82686]:main():gmm-align-compiled.cc:127) f009_oldfemale-word-rua-R009M-07
LOG (gmm-align-compiled[5.2.132~9-82686]:main():gmm-align-compiled.cc:127) f009_oldfemale-word-rua-R009M-10a
LOG (gmm-align-compiled[5.2.132~9-82686]:main():gmm-align-compiled.cc:127) f009_oldfemale-word-rua-R009M-10b
LOG (gmm-align-compiled[5.2.132~9-82686]:main():gmm-align-compiled.cc:127) f009_oldfemale-word-tahi-R009M-02
LOG (gmm-align-compiled[5.2.132~9-82686]:main():gmm-align-compiled.cc:127) f009_oldfemale-word-tahi-R009M-04
LOG (gmm-align-compiled[5.2.132~9-82686]:main():gmm-align-compiled.cc:127) f009_oldfemale-word-tahi-R009M-06
LOG (gmm-align-compiled[5.2.132~9-82686]:main():gmm-align-compiled.cc:127) f009_oldfemale-word-tahi-R009M-10
LOG (gmm-align-compiled[5.2.132~9-82686]:main():gmm-align-compiled.cc:127) f009_oldfemale-word-tekau-R009M-01
LOG (gmm-align-compiled[5.2.132~9-82686]:main():gmm-align-compiled.cc:127) f009_oldfemale-word-tikanga-R009M-11a
LOG (gmm-align-compiled[5.2.132~9-82686]:main():gmm-align-compiled.cc:127) f009_oldfemale-word-tikanga-R009M-11b
LOG (gmm-align-compiled[5.2.132~9-82686]:main():gmm-align-compiled.cc:127) f009_oldfemale-word-tïmata-R009M-09a
LOG (gmm-align-compiled[5.2.132~9-82686]:main():gmm-align-compiled.cc:127) f009_oldfemale-word-tïmata-R009M-09b
LOG (gmm-align-compiled[5.2.132~9-82686]:main():gmm-align-compiled.cc:127) f009_oldfemale-word-tïmata-R009M-10
LOG (gmm-align-compiled[5.2.132~9-82686]:main():gmm-align-compiled.cc:127) f009_oldfemale-word-tïmata-R009M-11
LOG (gmm-align-compiled[5.2.132~9-82686]:main():gmm-align-compiled.cc:127) f009_oldfemale-word-tïmata-R009M-13
LOG (gmm-align-compiled[5.2.132~9-82686]:main():gmm-align-compiled.cc:127) f009_oldfemale-word-tïmata-R009M-14
LOG (gmm-align-compiled[5.2.132~9-82686]:main():gmm-align-compiled.cc:127) f009_oldfemale-word-wairua-R009M-14
LOG (gmm-align-compiled[5.2.132~9-82686]:main():gmm-align-compiled.cc:127) f009_oldfemale-word-waka-R009M-04a
LOG (gmm-align-compiled[5.2.132~9-82686]:main():gmm-align-compiled.cc:127) f009_oldfemale-word-waka-R009M-04b1
LOG (gmm-align-compiled[5.2.132~9-82686]:main():gmm-align-compiled.cc:127) f009_oldfemale-word-waka-R009M-04c
LOG (gmm-align-compiled[5.2.132~9-82686]:main():gmm-align-compiled.cc:127) f009_oldfemale-word-waru-R009M-13a
LOG (gmm-align-compiled[5.2.132~9-82686]:main():gmm-align-compiled.cc:127) f009_oldfemale-word-waru-R009M-13b
LOG (gmm-align-compiled[5.2.132~9-82686]:main():gmm-align-compiled.cc:127) f009_oldfemale-word-whare-R009M-05
LOG (gmm-align-compiled[5.2.132~9-82686]:main():gmm-align-compiled.cc:127) f009_oldfemale-word-whare-R009M-11
LOG (gmm-align-compiled[5.2.132~9-82686]:main():gmm-align-compiled.cc:127) f009_oldfemale-word-whitu-R009M-02
LOG (gmm-align-compiled[5.2.132~9-82686]:main():gmm-align-compiled.cc:127) f009_oldfemale-word-whä-R009M-01
LOG (gmm-align-compiled[5.2.132~9-82686]:main():gmm-align-compiled.cc:127) f009_oldfemale-word-whä-R009M-06
LOG (gmm-align-compiled[5.2.132~9-82686]:main():gmm-align-compiled.cc:127) f009_oldfemale-word-whä-R009M-13
LOG (gmm-align-compiled[5.2.132~9-82686]:main():gmm-align-compiled.cc:127) f009_oldfemale-word-wähi-R009M-01
LOG (gmm-align-compiled[5.2.132~9-82686]:main():gmm-align-compiled.cc:127) f009_oldfemale-word-wähi-R009M-02a1
LOG (gmm-align-compiled[5.2.132~9-82686]:main():gmm-align-compiled.cc:127) f009_oldfemale-word-wähi-R009M-02a2
LOG (gmm-align-compiled[5.2.132~9-82686]:main():gmm-align-compiled.cc:127) f009_oldfemale-word-wähi-R009M-07
LOG (gmm-align-compiled[5.2.132~9-82686]:main():gmm-align-compiled.cc:127) f009_oldfemale-word-wähi-R009M-09
LOG (gmm-align-compiled[5.2.132~9-82686]:main():gmm-align-compiled.cc:127) f009_oldfemale-word-wähi-R009M-14a
LOG (gmm-align-compiled[5.2.132~9-82686]:main():gmm-align-compiled.cc:127) f009_oldfemale-word-wähi-R009M-14b
LOG (gmm-align-compiled[5.2.132~9-82686]:main():gmm-align-compiled.cc:127) f009_oldfemale-word-wähi-R009M-14c
LOG (gmm-align-compiled[5.2.132~9-82686]:main():gmm-align-compiled.cc:127) f010_oldfemale-word-aroha-R010M-01
LOG (gmm-align-compiled[5.2.132~9-82686]:main():gmm-align-compiled.cc:127) f010_oldfemale-word-aroha-R010M-03
LOG (gmm-align-compiled[5.2.132~9-82686]:main():gmm-align-compiled.cc:127) f010_oldfemale-word-aroha-R010M-10a
LOG (gmm-align-compiled[5.2.132~9-82686]:main():gmm-align-compiled.cc:127) f010_oldfemale-word-aroha-R010M-10b
LOG (gmm-align-compiled[5.2.132~9-82686]:main():gmm-align-compiled.cc:127) f010_oldfemale-word-haere_mai-R010M-05
LOG (gmm-align-compiled[5.2.132~9-82686]:main():gmm-align-compiled.cc:127) f010_oldfemale-word-haere_mai-R010M-06
LOG (gmm-align-compiled[5.2.132~9-82686]:main():gmm-align-compiled.cc:127) f010_oldfemale-word-haere_mai-R010M-07a
LOG (gmm-align-compiled[5.2.132~9-82686]:main():gmm-align-compiled.cc:127) f010_oldfemale-word-haere_mai-R010M-07b
LOG (gmm-align-compiled[5.2.132~9-82686]:main():gmm-align-compiled.cc:127) f010_oldfemale-word-ka_pai-R010M-05
LOG (gmm-align-compiled[5.2.132~9-82686]:main():gmm-align-compiled.cc:127) f010_oldfemale-word-ka_pai-R010M-07
LOG (gmm-align-compiled[5.2.132~9-82686]:main():gmm-align-compiled.cc:127) f010_oldfemale-word-ka_pai-R010M-13
LOG (gmm-align-compiled[5.2.132~9-82686]:main():gmm-align-compiled.cc:127) f010_oldfemale-word-karanga-R010M-01a
LOG (gmm-align-compiled[5.2.132~9-82686]:main():gmm-align-compiled.cc:127) f010_oldfemale-word-karanga-R010M-01b
LOG (gmm-align-compiled[5.2.132~9-82686]:main():gmm-align-compiled.cc:127) f010_oldfemale-word-karanga-R010M-06
LOG (gmm-align-compiled[5.2.132~9-82686]:main():gmm-align-compiled.cc:127) f010_oldfemale-word-karanga-R010M-09
LOG (gmm-align-compiled[5.2.132~9-82686]:main():gmm-align-compiled.cc:127) f010_oldfemale-word-kaumätua-R010M-01
LOG (gmm-align-compiled[5.2.132~9-82686]:main():gmm-align-compiled.cc:127) f010_oldfemale-word-kaumätua-R010M-06a
LOG (gmm-align-compiled[5.2.132~9-82686]:main():gmm-align-compiled.cc:127) f010_oldfemale-word-kaumätua-R010M-06b
LOG (gmm-align-compiled[5.2.132~9-82686]:main():gmm-align-compiled.cc:127) f010_oldfemale-word-kia_ora-R010M-01
LOG (gmm-align-compiled[5.2.132~9-82686]:main():gmm-align-compiled.cc:127) f010_oldfemale-word-kuia-R010M-01a
LOG (gmm-align-compiled[5.2.132~9-82686]:main():gmm-align-compiled.cc:127) f010_oldfemale-word-kuia-R010M-01b
LOG (gmm-align-compiled[5.2.132~9-82686]:main():gmm-align-compiled.cc:127) f010_oldfemale-word-kuia-R010M-01c
LOG (gmm-align-compiled[5.2.132~9-82686]:main():gmm-align-compiled.cc:127) f010_oldfemale-word-kuia-R010M-01d
LOG (gmm-align-compiled[5.2.132~9-82686]:main():gmm-align-compiled.cc:127) f010_oldfemale-word-kuia-R010M-01e
LOG (gmm-align-compiled[5.2.132~9-82686]:main():gmm-align-compiled.cc:127) f010_oldfemale-word-kuia-R010M-01f
LOG (gmm-align-compiled[5.2.132~9-82686]:main():gmm-align-compiled.cc:127) f010_oldfemale-word-kuia-R010M-01g
LOG (gmm-align-compiled[5.2.132~9-82686]:main():gmm-align-compiled.cc:127) f010_oldfemale-word-kuia-R010M-01h
LOG (gmm-align-compiled[5.2.132~9-82686]:main():gmm-align-compiled.cc:127) f010_oldfemale-word-kuia-R010M-02
LOG (gmm-align-compiled[5.2.132~9-82686]:main():gmm-align-compiled.cc:127) f010_oldfemale-word-kuia-R010M-05a
LOG (gmm-align-compiled[5.2.132~9-82686]:main():gmm-align-compiled.cc:127) f010_oldfemale-word-kuia-R010M-05b
LOG (gmm-align-compiled[5.2.132~9-82686]:main():gmm-align-compiled.cc:127) f010_oldfemale-word-körero-R010M-01
LOG (gmm-align-compiled[5.2.132~9-82686]:main():gmm-align-compiled.cc:127) f010_oldfemale-word-körero-R010M-02
LOG (gmm-align-compiled[5.2.132~9-82686]:main():gmm-align-compiled.cc:127) f010_oldfemale-word-körero-R010M-04a
LOG (gmm-align-compiled[5.2.132~9-82686]:main():gmm-align-compiled.cc:127) f010_oldfemale-word-körero-R010M-04b
LOG (gmm-align-compiled[5.2.132~9-82686]:main():gmm-align-compiled.cc:127) f010_oldfemale-word-marae-R010M-02
LOG (gmm-align-compiled[5.2.132~9-82686]:main():gmm-align-compiled.cc:127) f010_oldfemale-word-marae-R010M-05
LOG (gmm-align-compiled[5.2.132~9-82686]:main():gmm-align-compiled.cc:127) f010_oldfemale-word-marae-R010M-07
LOG (gmm-align-compiled[5.2.132~9-82686]:main():gmm-align-compiled.cc:127) f010_oldfemale-word-maunga-R010M-04
LOG (gmm-align-compiled[5.2.132~9-82686]:main():gmm-align-compiled.cc:127) f010_oldfemale-word-mihi-R010M-02a
LOG (gmm-align-compiled[5.2.132~9-82686]:main():gmm-align-compiled.cc:127) f010_oldfemale-word-mihi-R010M-02b
LOG (gmm-align-compiled[5.2.132~9-82686]:main():gmm-align-compiled.cc:127) f010_oldfemale-word-moana-R010M-04
LOG (gmm-align-compiled[5.2.132~9-82686]:main():gmm-align-compiled.cc:127) f010_oldfemale-word-mokopuna-R010M-05
LOG (gmm-align-compiled[5.2.132~9-82686]:main():gmm-align-compiled.cc:127) f010_oldfemale-word-rua-R010M-04
LOG (gmm-align-compiled[5.2.132~9-82686]:main():gmm-align-compiled.cc:127) f010_oldfemale-word-rua-R010M-05
LOG (gmm-align-compiled[5.2.132~9-82686]:main():gmm-align-compiled.cc:127) f010_oldfemale-word-tahi-R010M-02
LOG (gmm-align-compiled[5.2.132~9-82686]:main():gmm-align-compiled.cc:127) f010_oldfemale-word-tahi-R010M-05
LOG (gmm-align-compiled[5.2.132~9-82686]:main():gmm-align-compiled.cc:127) f010_oldfemale-word-tangi-R010M-01
LOG (gmm-align-compiled[5.2.132~9-82686]:main():gmm-align-compiled.cc:127) f010_oldfemale-word-tangi-R010M-03
LOG (gmm-align-compiled[5.2.132~9-82686]:main():gmm-align-compiled.cc:127) f010_oldfemale-word-tangi-R010M-05a
LOG (gmm-align-compiled[5.2.132~9-82686]:main():gmm-align-compiled.cc:127) f010_oldfemale-word-tangi-R010M-05b
LOG (gmm-align-compiled[5.2.132~9-82686]:main():gmm-align-compiled.cc:127) f010_oldfemale-word-tikanga-R010M-02
LOG (gmm-align-compiled[5.2.132~9-82686]:main():gmm-align-compiled.cc:127) f010_oldfemale-word-tikanga-R010M-04
LOG (gmm-align-compiled[5.2.132~9-82686]:main():gmm-align-compiled.cc:127) f010_oldfemale-word-toru-R010M-07
LOG (gmm-align-compiled[5.2.132~9-82686]:main():gmm-align-compiled.cc:127) f010_oldfemale-word-tënä_koe-R010M-07
LOG (gmm-align-compiled[5.2.132~9-82686]:main():gmm-align-compiled.cc:127) f010_oldfemale-word-tïmata-R010M-01
LOG (gmm-align-compiled[5.2.132~9-82686]:main():gmm-align-compiled.cc:127) f010_oldfemale-word-türanga-R010M-02
LOG (gmm-align-compiled[5.2.132~9-82686]:main():gmm-align-compiled.cc:127) f010_oldfemale-word-waewae-R010M-04a
LOG (gmm-align-compiled[5.2.132~9-82686]:main():gmm-align-compiled.cc:127) f010_oldfemale-word-waewae-R010M-04b
LOG (gmm-align-compiled[5.2.132~9-82686]:main():gmm-align-compiled.cc:127) f010_oldfemale-word-waewae-R010M-06
LOG (gmm-align-compiled[5.2.132~9-82686]:main():gmm-align-compiled.cc:127) f010_oldfemale-word-wairua-R010M-01
LOG (gmm-align-compiled[5.2.132~9-82686]:main():gmm-align-compiled.cc:127) f010_oldfemale-word-wairua-R010M-04
LOG (gmm-align-compiled[5.2.132~9-82686]:main():gmm-align-compiled.cc:127) f010_oldfemale-word-wairua-R010M-06a
LOG (gmm-align-compiled[5.2.132~9-82686]:main():gmm-align-compiled.cc:127) f010_oldfemale-word-wairua-R010M-06b
LOG (gmm-align-compiled[5.2.132~9-82686]:main():gmm-align-compiled.cc:127) f010_oldfemale-word-waka-R010M-09
LOG (gmm-align-compiled[5.2.132~9-82686]:main():gmm-align-compiled.cc:127) f010_oldfemale-word-whare-R010M-03
LOG (gmm-align-compiled[5.2.132~9-82686]:main():gmm-align-compiled.cc:127) f011_oldfemale-word-hängi-R011M-04a1
LOG (gmm-align-compiled[5.2.132~9-82686]:main():gmm-align-compiled.cc:127) f011_oldfemale-word-hängi-R011M-04a2
LOG (gmm-align-compiled[5.2.132~9-82686]:main():gmm-align-compiled.cc:127) f011_oldfemale-word-hängi-R011M-04a3
LOG (gmm-align-compiled[5.2.132~9-82686]:main():gmm-align-compiled.cc:127) f011_oldfemale-word-hängi-R011M-04b
LOG (gmm-align-compiled[5.2.132~9-82686]:main():gmm-align-compiled.cc:127) m001_oldmale-word-aroha-K001M-02
LOG (gmm-align-compiled[5.2.132~9-82686]:main():gmm-align-compiled.cc:127) m001_oldmale-word-aroha-K001M-03
LOG (gmm-align-compiled[5.2.132~9-82686]:main():gmm-align-compiled.cc:127) m001_oldmale-word-aroha-K001M-08
LOG (gmm-align-compiled[5.2.132~9-82686]:main():gmm-align-compiled.cc:127) m001_oldmale-word-iwa-K001M-07
LOG (gmm-align-compiled[5.2.132~9-82686]:main():gmm-align-compiled.cc:127) m001_oldmale-word-ka_pai-K001M-03
LOG (gmm-align-compiled[5.2.132~9-82686]:main():gmm-align-compiled.cc:127) m001_oldmale-word-ka_pai-K001M-04
LOG (gmm-align-compiled[5.2.132~9-82686]:main():gmm-align-compiled.cc:127) m001_oldmale-word-koha-K001M-02a
LOG (gmm-align-compiled[5.2.132~9-82686]:main():gmm-align-compiled.cc:127) m001_oldmale-word-koha-K001M-02b
LOG (gmm-align-compiled[5.2.132~9-82686]:main():gmm-align-compiled.cc:127) m001_oldmale-word-käinga-K001M-02
LOG (gmm-align-compiled[5.2.132~9-82686]:main():gmm-align-compiled.cc:127) m001_oldmale-word-käinga-K001M-03a
LOG (gmm-align-compiled[5.2.132~9-82686]:main():gmm-align-compiled.cc:127) m001_oldmale-word-käinga-K001M-03b
LOG (gmm-align-compiled[5.2.132~9-82686]:main():gmm-align-compiled.cc:127) m001_oldmale-word-käinga-K001M-03c
LOG (gmm-align-compiled[5.2.132~9-82686]:main():gmm-align-compiled.cc:127) m001_oldmale-word-käinga-K001M-03d
LOG (gmm-align-compiled[5.2.132~9-82686]:main():gmm-align-compiled.cc:127) m001_oldmale-word-käinga-K001M-03e
LOG (gmm-align-compiled[5.2.132~9-82686]:main():gmm-align-compiled.cc:127) m001_oldmale-word-käinga-K001M-06a
LOG (gmm-align-compiled[5.2.132~9-82686]:main():gmm-align-compiled.cc:127) m001_oldmale-word-käinga-K001M-06b
LOG (gmm-align-compiled[5.2.132~9-82686]:main():gmm-align-compiled.cc:127) m001_oldmale-word-käinga-K001M-07a
LOG (gmm-align-compiled[5.2.132~9-82686]:main():gmm-align-compiled.cc:127) m001_oldmale-word-käinga-K001M-07b
LOG (gmm-align-compiled[5.2.132~9-82686]:main():gmm-align-compiled.cc:127) m001_oldmale-word-käinga-K001M-07e
LOG (gmm-align-compiled[5.2.132~9-82686]:main():gmm-align-compiled.cc:127) m001_oldmale-word-käinga-K001M-07f
LOG (gmm-align-compiled[5.2.132~9-82686]:main():gmm-align-compiled.cc:127) m001_oldmale-word-körero-K001M-01
LOG (gmm-align-compiled[5.2.132~9-82686]:main():gmm-align-compiled.cc:127) m001_oldmale-word-körero-K001M-02a
LOG (gmm-align-compiled[5.2.132~9-82686]:main():gmm-align-compiled.cc:127) m001_oldmale-word-körero-K001M-02b
LOG (gmm-align-compiled[5.2.132~9-82686]:main():gmm-align-compiled.cc:127) m001_oldmale-word-körero-K001M-04
LOG (gmm-align-compiled[5.2.132~9-82686]:main():gmm-align-compiled.cc:127) m001_oldmale-word-mihi-K001M06a
LOG (gmm-align-compiled[5.2.132~9-82686]:main():gmm-align-compiled.cc:127) m001_oldmale-word-mihi-K001M06b
LOG (gmm-align-compiled[5.2.132~9-82686]:main():gmm-align-compiled.cc:127) m001_oldmale-word-mokopuna-K001M-06
LOG (gmm-align-compiled[5.2.132~9-82686]:main():gmm-align-compiled.cc:127) m001_oldmale-word-mäori-K001M-01a
LOG (gmm-align-compiled[5.2.132~9-82686]:main():gmm-align-compiled.cc:127) m001_oldmale-word-mäori-K001M-01b
LOG (gmm-align-compiled[5.2.132~9-82686]:main():gmm-align-compiled.cc:127) m001_oldmale-word-mäori-K001M-04a
LOG (gmm-align-compiled[5.2.132~9-82686]:main():gmm-align-compiled.cc:127) m001_oldmale-word-mäori-K001M-04b
LOG (gmm-align-compiled[5.2.132~9-82686]:main():gmm-align-compiled.cc:127) m001_oldmale-word-mäori-K001M-06
LOG (gmm-align-compiled[5.2.132~9-82686]:main():gmm-align-compiled.cc:127) m001_oldmale-word-rima-K001M-02
LOG (gmm-align-compiled[5.2.132~9-82686]:main():gmm-align-compiled.cc:127) m001_oldmale-word-rima-K001M-03
LOG (gmm-align-compiled[5.2.132~9-82686]:main():gmm-align-compiled.cc:127) m001_oldmale-word-rima-K001M-04a
LOG (gmm-align-compiled[5.2.132~9-82686]:main():gmm-align-compiled.cc:127) m001_oldmale-word-rima-K001M-04b
LOG (gmm-align-compiled[5.2.132~9-82686]:main():gmm-align-compiled.cc:127) m001_oldmale-word-rima-K001M-07
LOG (gmm-align-compiled[5.2.132~9-82686]:main():gmm-align-compiled.cc:127) m001_oldmale-word-rua-K001M-04a
LOG (gmm-align-compiled[5.2.132~9-82686]:main():gmm-align-compiled.cc:127) m001_oldmale-word-rua-K001M-04b
LOG (gmm-align-compiled[5.2.132~9-82686]:main():gmm-align-compiled.cc:127) m001_oldmale-word-rua-K001M-06a
LOG (gmm-align-compiled[5.2.132~9-82686]:main():gmm-align-compiled.cc:127) m001_oldmale-word-rua-K001M-06b
LOG (gmm-align-compiled[5.2.132~9-82686]:main():gmm-align-compiled.cc:127) m001_oldmale-word-rua-K001M-08a
LOG (gmm-align-compiled[5.2.132~9-82686]:main():gmm-align-compiled.cc:127) m001_oldmale-word-rua-K001M-08b
LOG (gmm-align-compiled[5.2.132~9-82686]:main():gmm-align-compiled.cc:127) m001_oldmale-word-tahi-K001M-03
LOG (gmm-align-compiled[5.2.132~9-82686]:main():gmm-align-compiled.cc:127) m001_oldmale-word-tahi-K001M-04
LOG (gmm-align-compiled[5.2.132~9-82686]:main():gmm-align-compiled.cc:127) m001_oldmale-word-tahi-K001M-05
LOG (gmm-align-compiled[5.2.132~9-82686]:main():gmm-align-compiled.cc:127) m001_oldmale-word-tamariki-K001M-01
LOG (gmm-align-compiled[5.2.132~9-82686]:main():gmm-align-compiled.cc:127) m001_oldmale-word-tamariki-K001M-02
LOG (gmm-align-compiled[5.2.132~9-82686]:main():gmm-align-compiled.cc:127) m001_oldmale-word-tamariki-K001M-04a
LOG (gmm-align-compiled[5.2.132~9-82686]:main():gmm-align-compiled.cc:127) m001_oldmale-word-tamariki-K001M-04b
LOG (gmm-align-compiled[5.2.132~9-82686]:main():gmm-align-compiled.cc:127) m001_oldmale-word-tamariki-K001M-05a
LOG (gmm-align-compiled[5.2.132~9-82686]:main():gmm-align-compiled.cc:127) m001_oldmale-word-tamariki-K001M-05b
LOG (gmm-align-compiled[5.2.132~9-82686]:main():gmm-align-compiled.cc:127) m001_oldmale-word-tamariki-K001M-05c
LOG (gmm-align-compiled[5.2.132~9-82686]:main():gmm-align-compiled.cc:127) m001_oldmale-word-taringa-K001M-05
LOG (gmm-align-compiled[5.2.132~9-82686]:main():gmm-align-compiled.cc:127) m001_oldmale-word-tekau-K001M-04a
LOG (gmm-align-compiled[5.2.132~9-82686]:main():gmm-align-compiled.cc:127) m001_oldmale-word-tekau-K001M-04b
LOG (gmm-align-compiled[5.2.132~9-82686]:main():gmm-align-compiled.cc:127) m001_oldmale-word-tekau-K001M-04c
LOG (apply-cmvn[5.2.132~9-82686]:main():apply-cmvn.cc:162) Applied cepstral mean normalization to 590 utterances, errors on 0
LOG (gmm-align-compiled[5.2.132~9-82686]:main():gmm-align-compiled.cc:127) m001_oldmale-word-tikanga-K001M-01a
LOG (gmm-align-compiled[5.2.132~9-82686]:main():gmm-align-compiled.cc:127) m001_oldmale-word-tikanga-K001M-01b
LOG (gmm-align-compiled[5.2.132~9-82686]:main():gmm-align-compiled.cc:127) m001_oldmale-word-tikanga-K001M-02
LOG (gmm-align-compiled[5.2.132~9-82686]:main():gmm-align-compiled.cc:127) m001_oldmale-word-tikanga-K001M-07
LOG (gmm-align-compiled[5.2.132~9-82686]:main():gmm-align-compiled.cc:127) m001_oldmale-word-tikanga-K001M-08
LOG (gmm-align-compiled[5.2.132~9-82686]:main():gmm-align-compiled.cc:127) m001_oldmale-word-toru-K001M-05
LOG (gmm-align-compiled[5.2.132~9-82686]:main():gmm-align-compiled.cc:127) m001_oldmale-word-tïmata-K001M-03a
LOG (gmm-align-compiled[5.2.132~9-82686]:main():gmm-align-compiled.cc:127) m001_oldmale-word-tïmata-K001M-03b
LOG (gmm-align-compiled[5.2.132~9-82686]:main():gmm-align-compiled.cc:127) m001_oldmale-word-tïmata-K001M-03c
LOG (gmm-align-compiled[5.2.132~9-82686]:main():gmm-align-compiled.cc:127) m001_oldmale-word-tïmata-K001M-04
LOG (gmm-align-compiled[5.2.132~9-82686]:main():gmm-align-compiled.cc:127) m001_oldmale-word-tïmata-K001M-06
LOG (gmm-align-compiled[5.2.132~9-82686]:main():gmm-align-compiled.cc:127) m001_oldmale-word-tïmata-K001M-08
LOG (gmm-align-compiled[5.2.132~9-82686]:main():gmm-align-compiled.cc:127) m001_oldmale-word-waewae-K001M-08
LOG (gmm-align-compiled[5.2.132~9-82686]:main():gmm-align-compiled.cc:127) m001_oldmale-word-waka-K001M-05a
LOG (gmm-align-compiled[5.2.132~9-82686]:main():gmm-align-compiled.cc:127) m001_oldmale-word-waka-K001M-05b
LOG (gmm-align-compiled[5.2.132~9-82686]:main():gmm-align-compiled.cc:127) m001_oldmale-word-waru-K001M-01
LOG (gmm-align-compiled[5.2.132~9-82686]:main():gmm-align-compiled.cc:127) m001_oldmale-word-waru-K001M-04
LOG (gmm-align-compiled[5.2.132~9-82686]:main():gmm-align-compiled.cc:127) m001_oldmale-word-waru-K001M-04b1
LOG (gmm-align-compiled[5.2.132~9-82686]:main():gmm-align-compiled.cc:127) m001_oldmale-word-waru-K001M-04b2
LOG (gmm-align-compiled[5.2.132~9-82686]:main():gmm-align-compiled.cc:127) m001_oldmale-word-whare-K001M-04
LOG (gmm-align-compiled[5.2.132~9-82686]:main():gmm-align-compiled.cc:127) m001_oldmale-word-whare-K001M-05
LOG (gmm-align-compiled[5.2.132~9-82686]:main():gmm-align-compiled.cc:127) m001_oldmale-word-whare-K001M-06
LOG (gmm-align-compiled[5.2.132~9-82686]:main():gmm-align-compiled.cc:127) m001_oldmale-word-whitu-K001M-02
LOG (gmm-align-compiled[5.2.132~9-82686]:main():gmm-align-compiled.cc:127) m001_oldmale-word-whä-K001M-03
LOG (gmm-align-compiled[5.2.132~9-82686]:main():gmm-align-compiled.cc:127) m001_oldmale-word-whä-K001M-04
LOG (gmm-align-compiled[5.2.132~9-82686]:main():gmm-align-compiled.cc:127) m001_oldmale-word-whä-K001M-05a1
LOG (gmm-align-compiled[5.2.132~9-82686]:main():gmm-align-compiled.cc:127) m001_oldmale-word-whä-K001M-05a2
LOG (gmm-align-compiled[5.2.132~9-82686]:main():gmm-align-compiled.cc:127) m001_oldmale-word-whänau-K001M-01
LOG (gmm-align-compiled[5.2.132~9-82686]:main():gmm-align-compiled.cc:127) m001_oldmale-word-whänau-K001M-02
LOG (gmm-align-compiled[5.2.132~9-82686]:main():gmm-align-compiled.cc:127) m001_oldmale-word-whänau-K001M-04
LOG (gmm-align-compiled[5.2.132~9-82686]:main():gmm-align-compiled.cc:127) m001_oldmale-word-wä-K001M-01a
LOG (gmm-align-compiled[5.2.132~9-82686]:main():gmm-align-compiled.cc:127) m001_oldmale-word-wä-K001M-01b
LOG (gmm-align-compiled[5.2.132~9-82686]:main():gmm-align-compiled.cc:127) m001_oldmale-word-wä-K001M-02a
LOG (gmm-align-compiled[5.2.132~9-82686]:main():gmm-align-compiled.cc:127) m001_oldmale-word-wä-K001M-02b
LOG (gmm-align-compiled[5.2.132~9-82686]:main():gmm-align-compiled.cc:127) m001_oldmale-word-wä-K001M-02c
LOG (gmm-align-compiled[5.2.132~9-82686]:main():gmm-align-compiled.cc:127) m001_oldmale-word-wähi-K001M-01
LOG (gmm-align-compiled[5.2.132~9-82686]:main():gmm-align-compiled.cc:127) m001_oldmale-word-wähi-K001M-02a
LOG (gmm-align-compiled[5.2.132~9-82686]:main():gmm-align-compiled.cc:127) m001_oldmale-word-wähi-K001M-02b
LOG (gmm-align-compiled[5.2.132~9-82686]:main():gmm-align-compiled.cc:127) m001_oldmale-word-wähi-K001M-02c
LOG (gmm-align-compiled[5.2.132~9-82686]:main():gmm-align-compiled.cc:127) m001_oldmale-word-wähi-K001M-02d
LOG (gmm-align-compiled[5.2.132~9-82686]:main():gmm-align-compiled.cc:127) m001_oldmale-word-wähi-K001M-03a
LOG (gmm-align-compiled[5.2.132~9-82686]:main():gmm-align-compiled.cc:127) m001_oldmale-word-wähi-K001M-03b
LOG (gmm-align-compiled[5.2.132~9-82686]:main():gmm-align-compiled.cc:127) m001_oldmale-word-wähi-K001M-04a
LOG (gmm-align-compiled[5.2.132~9-82686]:main():gmm-align-compiled.cc:127) m001_oldmale-word-wähi-K001M-04b
LOG (gmm-align-compiled[5.2.132~9-82686]:main():gmm-align-compiled.cc:127) m001_oldmale-word-wähi-K001M-04c
LOG (gmm-align-compiled[5.2.132~9-82686]:main():gmm-align-compiled.cc:127) m001_oldmale-word-wähi-K001M-05a
LOG (gmm-align-compiled[5.2.132~9-82686]:main():gmm-align-compiled.cc:127) m001_oldmale-word-wähi-K001M-05b
LOG (gmm-align-compiled[5.2.132~9-82686]:main():gmm-align-compiled.cc:127) m001_oldmale-word-wähi-K001M-05c
LOG (gmm-align-compiled[5.2.132~9-82686]:main():gmm-align-compiled.cc:127) m001_oldmale-word-wähi-K001M-05d
LOG (gmm-align-compiled[5.2.132~9-82686]:main():gmm-align-compiled.cc:127) m001_oldmale-word-wähi-K001M-05e
LOG (gmm-align-compiled[5.2.132~9-82686]:main():gmm-align-compiled.cc:127) m001_oldmale-word-wähi-K001M-05f
LOG (gmm-align-compiled[5.2.132~9-82686]:main():gmm-align-compiled.cc:127) m001_oldmale-word-wähi-K001M-06a
LOG (gmm-align-compiled[5.2.132~9-82686]:main():gmm-align-compiled.cc:127) m001_oldmale-word-wähi-K001M-07
LOG (gmm-align-compiled[5.2.132~9-82686]:main():gmm-align-compiled.cc:127) m001_oldmale-word-wähi-K001M-08
LOG (gmm-align-compiled[5.2.132~9-82686]:main():gmm-align-compiled.cc:135) Overall log-likelihood per frame is -103.805 over 22731 frames.
LOG (gmm-align-compiled[5.2.132~9-82686]:main():gmm-align-compiled.cc:137) Retried 0 out of 590 utterances.
LOG (gmm-align-compiled[5.2.132~9-82686]:main():gmm-align-compiled.cc:139) Done 590, errors on 0
# Accounting: time=2 threads=1
# Ended (code 0) at Thu Nov  9 13:47:37 NZDT 2017, elapsed time 2 seconds
