# compute-mfcc-feats --verbose=2 --config=conf/mfcc.conf scp,p:exp/make_mfcc/train/wav_train.3.scp ark:- | copy-feats --compress=true ark:- ark,scp:/home/lingfeng/kaldi/egs/digits22/mfcc/raw_mfcc_train.3.ark,/home/lingfeng/kaldi/egs/digits22/mfcc/raw_mfcc_train.3.scp 
# Started at Thu Nov  9 13:47:11 NZDT 2017
#
copy-feats --compress=true ark:- ark,scp:/home/lingfeng/kaldi/egs/digits22/mfcc/raw_mfcc_train.3.ark,/home/lingfeng/kaldi/egs/digits22/mfcc/raw_mfcc_train.3.scp 
compute-mfcc-feats --verbose=2 --config=conf/mfcc.conf scp,p:exp/make_mfcc/train/wav_train.3.scp ark:- 
VLOG[2] (compute-mfcc-feats[5.2.132~9-82686]:main():compute-mfcc-feats.cc:173) Processed features for key m002_oldmale-word-hängi-K002M-09b
VLOG[2] (compute-mfcc-feats[5.2.132~9-82686]:main():compute-mfcc-feats.cc:173) Processed features for key m002_oldmale-word-iwa-K002M-01
VLOG[2] (compute-mfcc-feats[5.2.132~9-82686]:main():compute-mfcc-feats.cc:173) Processed features for key m002_oldmale-word-iwa-K002M-04a1
VLOG[2] (compute-mfcc-feats[5.2.132~9-82686]:main():compute-mfcc-feats.cc:173) Processed features for key m002_oldmale-word-iwa-K002M-04a2
VLOG[2] (compute-mfcc-feats[5.2.132~9-82686]:main():compute-mfcc-feats.cc:173) Processed features for key m002_oldmale-word-iwi-K002M-05
VLOG[2] (compute-mfcc-feats[5.2.132~9-82686]:main():compute-mfcc-feats.cc:173) Processed features for key m002_oldmale-word-iwi-K002M-12
VLOG[2] (compute-mfcc-feats[5.2.132~9-82686]:main():compute-mfcc-feats.cc:173) Processed features for key m002_oldmale-word-ka_pai-K002M-06
VLOG[2] (compute-mfcc-feats[5.2.132~9-82686]:main():compute-mfcc-feats.cc:173) Processed features for key m002_oldmale-word-ka_pai-K002M-08a
VLOG[2] (compute-mfcc-feats[5.2.132~9-82686]:main():compute-mfcc-feats.cc:173) Processed features for key m002_oldmale-word-ka_pai-K002M-08b
LOG (compute-mfcc-feats[5.2.132~9-82686]:main():compute-mfcc-feats.cc:172) Processed 10 utterances
VLOG[2] (compute-mfcc-feats[5.2.132~9-82686]:main():compute-mfcc-feats.cc:173) Processed features for key m002_oldmale-word-ka_pai-K002M-11a
VLOG[2] (compute-mfcc-feats[5.2.132~9-82686]:main():compute-mfcc-feats.cc:173) Processed features for key m002_oldmale-word-ka_pai-K002M-11b
VLOG[2] (compute-mfcc-feats[5.2.132~9-82686]:main():compute-mfcc-feats.cc:173) Processed features for key m002_oldmale-word-ka_pai-K002M-13
VLOG[2] (compute-mfcc-feats[5.2.132~9-82686]:main():compute-mfcc-feats.cc:173) Processed features for key m002_oldmale-word-ka_pai-K002M-15a1
VLOG[2] (compute-mfcc-feats[5.2.132~9-82686]:main():compute-mfcc-feats.cc:173) Processed features for key m002_oldmale-word-ka_pai-K002M-15a2
VLOG[2] (compute-mfcc-feats[5.2.132~9-82686]:main():compute-mfcc-feats.cc:173) Processed features for key m002_oldmale-word-karakia-K002M-02a
VLOG[2] (compute-mfcc-feats[5.2.132~9-82686]:main():compute-mfcc-feats.cc:173) Processed features for key m002_oldmale-word-karakia-K002M-02b
VLOG[2] (compute-mfcc-feats[5.2.132~9-82686]:main():compute-mfcc-feats.cc:173) Processed features for key m002_oldmale-word-karakia-K002M-02c
VLOG[2] (compute-mfcc-feats[5.2.132~9-82686]:main():compute-mfcc-feats.cc:173) Processed features for key m002_oldmale-word-karakia-K002M-02d
VLOG[2] (compute-mfcc-feats[5.2.132~9-82686]:main():compute-mfcc-feats.cc:173) Processed features for key m002_oldmale-word-karakia-K002M-02e
LOG (compute-mfcc-feats[5.2.132~9-82686]:main():compute-mfcc-feats.cc:172) Processed 20 utterances
VLOG[2] (compute-mfcc-feats[5.2.132~9-82686]:main():compute-mfcc-feats.cc:173) Processed features for key m002_oldmale-word-karakia-K002M-05
VLOG[2] (compute-mfcc-feats[5.2.132~9-82686]:main():compute-mfcc-feats.cc:173) Processed features for key m002_oldmale-word-karakia-K002M-06a
VLOG[2] (compute-mfcc-feats[5.2.132~9-82686]:main():compute-mfcc-feats.cc:173) Processed features for key m002_oldmale-word-karakia-K002M-06b
VLOG[2] (compute-mfcc-feats[5.2.132~9-82686]:main():compute-mfcc-feats.cc:173) Processed features for key m002_oldmale-word-karakia-K002M-10a
VLOG[2] (compute-mfcc-feats[5.2.132~9-82686]:main():compute-mfcc-feats.cc:173) Processed features for key m002_oldmale-word-karakia-K002M-10b
VLOG[2] (compute-mfcc-feats[5.2.132~9-82686]:main():compute-mfcc-feats.cc:173) Processed features for key m002_oldmale-word-karakia-K002M-10c
VLOG[2] (compute-mfcc-feats[5.2.132~9-82686]:main():compute-mfcc-feats.cc:173) Processed features for key m002_oldmale-word-karakia-K002M-10d
VLOG[2] (compute-mfcc-feats[5.2.132~9-82686]:main():compute-mfcc-feats.cc:173) Processed features for key m002_oldmale-word-karakia-K002M-10e
VLOG[2] (compute-mfcc-feats[5.2.132~9-82686]:main():compute-mfcc-feats.cc:173) Processed features for key m002_oldmale-word-karakia-K002M-10f
VLOG[2] (compute-mfcc-feats[5.2.132~9-82686]:main():compute-mfcc-feats.cc:173) Processed features for key m002_oldmale-word-karakia-K002M-10g
LOG (compute-mfcc-feats[5.2.132~9-82686]:main():compute-mfcc-feats.cc:172) Processed 30 utterances
VLOG[2] (compute-mfcc-feats[5.2.132~9-82686]:main():compute-mfcc-feats.cc:173) Processed features for key m002_oldmale-word-karakia-K002M-10h
VLOG[2] (compute-mfcc-feats[5.2.132~9-82686]:main():compute-mfcc-feats.cc:173) Processed features for key m002_oldmale-word-karakia-K002M-10i
VLOG[2] (compute-mfcc-feats[5.2.132~9-82686]:main():compute-mfcc-feats.cc:173) Processed features for key m002_oldmale-word-karakia-K002M-10j
VLOG[2] (compute-mfcc-feats[5.2.132~9-82686]:main():compute-mfcc-feats.cc:173) Processed features for key m002_oldmale-word-karakia-K002M-11a
VLOG[2] (compute-mfcc-feats[5.2.132~9-82686]:main():compute-mfcc-feats.cc:173) Processed features for key m002_oldmale-word-karakia-K002M-11b
VLOG[2] (compute-mfcc-feats[5.2.132~9-82686]:main():compute-mfcc-feats.cc:173) Processed features for key m002_oldmale-word-karanga-K002M-07a1
VLOG[2] (compute-mfcc-feats[5.2.132~9-82686]:main():compute-mfcc-feats.cc:173) Processed features for key m002_oldmale-word-karanga-K002M-07a2
VLOG[2] (compute-mfcc-feats[5.2.132~9-82686]:main():compute-mfcc-feats.cc:173) Processed features for key m002_oldmale-word-karanga-K002M-07b
VLOG[2] (compute-mfcc-feats[5.2.132~9-82686]:main():compute-mfcc-feats.cc:173) Processed features for key m002_oldmale-word-karanga-K002M-07c
VLOG[2] (compute-mfcc-feats[5.2.132~9-82686]:main():compute-mfcc-feats.cc:173) Processed features for key m002_oldmale-word-kia_ora-K002M-01a
LOG (compute-mfcc-feats[5.2.132~9-82686]:main():compute-mfcc-feats.cc:172) Processed 40 utterances
VLOG[2] (compute-mfcc-feats[5.2.132~9-82686]:main():compute-mfcc-feats.cc:173) Processed features for key m002_oldmale-word-kia_ora-K002M-01b
VLOG[2] (compute-mfcc-feats[5.2.132~9-82686]:main():compute-mfcc-feats.cc:173) Processed features for key m002_oldmale-word-kia_ora-K002M-06
VLOG[2] (compute-mfcc-feats[5.2.132~9-82686]:main():compute-mfcc-feats.cc:173) Processed features for key m002_oldmale-word-kia_ora-K002M-07
VLOG[2] (compute-mfcc-feats[5.2.132~9-82686]:main():compute-mfcc-feats.cc:173) Processed features for key m002_oldmale-word-kia_ora-K002M-08
VLOG[2] (compute-mfcc-feats[5.2.132~9-82686]:main():compute-mfcc-feats.cc:173) Processed features for key m002_oldmale-word-kia_ora-K002M-15
VLOG[2] (compute-mfcc-feats[5.2.132~9-82686]:main():compute-mfcc-feats.cc:173) Processed features for key m002_oldmale-word-kuia-K002M-01a
VLOG[2] (compute-mfcc-feats[5.2.132~9-82686]:main():compute-mfcc-feats.cc:173) Processed features for key m002_oldmale-word-kuia-K002M-01b
VLOG[2] (compute-mfcc-feats[5.2.132~9-82686]:main():compute-mfcc-feats.cc:173) Processed features for key m002_oldmale-word-kuia-K002M-02
VLOG[2] (compute-mfcc-feats[5.2.132~9-82686]:main():compute-mfcc-feats.cc:173) Processed features for key m002_oldmale-word-kuia-K002M-06
VLOG[2] (compute-mfcc-feats[5.2.132~9-82686]:main():compute-mfcc-feats.cc:173) Processed features for key m002_oldmale-word-kuia-K002M-07
LOG (compute-mfcc-feats[5.2.132~9-82686]:main():compute-mfcc-feats.cc:172) Processed 50 utterances
VLOG[2] (compute-mfcc-feats[5.2.132~9-82686]:main():compute-mfcc-feats.cc:173) Processed features for key m002_oldmale-word-käinga-K002M-01a
VLOG[2] (compute-mfcc-feats[5.2.132~9-82686]:main():compute-mfcc-feats.cc:173) Processed features for key m002_oldmale-word-käinga-K002M-01b
VLOG[2] (compute-mfcc-feats[5.2.132~9-82686]:main():compute-mfcc-feats.cc:173) Processed features for key m002_oldmale-word-käinga-K002M-02a1
VLOG[2] (compute-mfcc-feats[5.2.132~9-82686]:main():compute-mfcc-feats.cc:173) Processed features for key m002_oldmale-word-käinga-K002M-02a2
VLOG[2] (compute-mfcc-feats[5.2.132~9-82686]:main():compute-mfcc-feats.cc:173) Processed features for key m002_oldmale-word-käinga-K002M-02b1
VLOG[2] (compute-mfcc-feats[5.2.132~9-82686]:main():compute-mfcc-feats.cc:173) Processed features for key m002_oldmale-word-käinga-K002M-02b2
VLOG[2] (compute-mfcc-feats[5.2.132~9-82686]:main():compute-mfcc-feats.cc:173) Processed features for key m002_oldmale-word-käinga-K002M-05a
VLOG[2] (compute-mfcc-feats[5.2.132~9-82686]:main():compute-mfcc-feats.cc:173) Processed features for key m002_oldmale-word-käinga-K002M-05b
VLOG[2] (compute-mfcc-feats[5.2.132~9-82686]:main():compute-mfcc-feats.cc:173) Processed features for key m002_oldmale-word-käinga-K002M-10a
VLOG[2] (compute-mfcc-feats[5.2.132~9-82686]:main():compute-mfcc-feats.cc:173) Processed features for key m002_oldmale-word-käinga-K002M-10b
LOG (compute-mfcc-feats[5.2.132~9-82686]:main():compute-mfcc-feats.cc:172) Processed 60 utterances
VLOG[2] (compute-mfcc-feats[5.2.132~9-82686]:main():compute-mfcc-feats.cc:173) Processed features for key m002_oldmale-word-körero-K002M-11a1
VLOG[2] (compute-mfcc-feats[5.2.132~9-82686]:main():compute-mfcc-feats.cc:173) Processed features for key m002_oldmale-word-körero-K002M-11a2
VLOG[2] (compute-mfcc-feats[5.2.132~9-82686]:main():compute-mfcc-feats.cc:173) Processed features for key m002_oldmale-word-körero-K002M-11b
VLOG[2] (compute-mfcc-feats[5.2.132~9-82686]:main():compute-mfcc-feats.cc:173) Processed features for key m002_oldmale-word-körero-K002M-12
VLOG[2] (compute-mfcc-feats[5.2.132~9-82686]:main():compute-mfcc-feats.cc:173) Processed features for key m002_oldmale-word-marae-K002M-02
VLOG[2] (compute-mfcc-feats[5.2.132~9-82686]:main():compute-mfcc-feats.cc:173) Processed features for key m002_oldmale-word-marae-K002M-05
VLOG[2] (compute-mfcc-feats[5.2.132~9-82686]:main():compute-mfcc-feats.cc:173) Processed features for key m002_oldmale-word-marae-K002M-08a
VLOG[2] (compute-mfcc-feats[5.2.132~9-82686]:main():compute-mfcc-feats.cc:173) Processed features for key m002_oldmale-word-marae-K002M-08b
VLOG[2] (compute-mfcc-feats[5.2.132~9-82686]:main():compute-mfcc-feats.cc:173) Processed features for key m002_oldmale-word-marae-K002M-09a
VLOG[2] (compute-mfcc-feats[5.2.132~9-82686]:main():compute-mfcc-feats.cc:173) Processed features for key m002_oldmale-word-marae-K002M-09b
LOG (compute-mfcc-feats[5.2.132~9-82686]:main():compute-mfcc-feats.cc:172) Processed 70 utterances
VLOG[2] (compute-mfcc-feats[5.2.132~9-82686]:main():compute-mfcc-feats.cc:173) Processed features for key m002_oldmale-word-marae-K002M-09c
VLOG[2] (compute-mfcc-feats[5.2.132~9-82686]:main():compute-mfcc-feats.cc:173) Processed features for key m002_oldmale-word-marae-K002M-09d
VLOG[2] (compute-mfcc-feats[5.2.132~9-82686]:main():compute-mfcc-feats.cc:173) Processed features for key m002_oldmale-word-marae-K002M-09e
VLOG[2] (compute-mfcc-feats[5.2.132~9-82686]:main():compute-mfcc-feats.cc:173) Processed features for key m002_oldmale-word-marae-K002M-13
VLOG[2] (compute-mfcc-feats[5.2.132~9-82686]:main():compute-mfcc-feats.cc:173) Processed features for key m002_oldmale-word-marae-K002M-14
VLOG[2] (compute-mfcc-feats[5.2.132~9-82686]:main():compute-mfcc-feats.cc:173) Processed features for key m002_oldmale-word-marae-K002M-15a
VLOG[2] (compute-mfcc-feats[5.2.132~9-82686]:main():compute-mfcc-feats.cc:173) Processed features for key m002_oldmale-word-marae-K002M-15b
VLOG[2] (compute-mfcc-feats[5.2.132~9-82686]:main():compute-mfcc-feats.cc:173) Processed features for key m002_oldmale-word-maunga-K002M-02
VLOG[2] (compute-mfcc-feats[5.2.132~9-82686]:main():compute-mfcc-feats.cc:173) Processed features for key m002_oldmale-word-mihi-K002M-06
VLOG[2] (compute-mfcc-feats[5.2.132~9-82686]:main():compute-mfcc-feats.cc:173) Processed features for key m002_oldmale-word-mihi-K002M-11
LOG (compute-mfcc-feats[5.2.132~9-82686]:main():compute-mfcc-feats.cc:172) Processed 80 utterances
VLOG[2] (compute-mfcc-feats[5.2.132~9-82686]:main():compute-mfcc-feats.cc:173) Processed features for key m002_oldmale-word-mäori-K002M-04
VLOG[2] (compute-mfcc-feats[5.2.132~9-82686]:main():compute-mfcc-feats.cc:173) Processed features for key m002_oldmale-word-mäori-K002M-05a
VLOG[2] (compute-mfcc-feats[5.2.132~9-82686]:main():compute-mfcc-feats.cc:173) Processed features for key m002_oldmale-word-mäori-K002M-05b1
VLOG[2] (compute-mfcc-feats[5.2.132~9-82686]:main():compute-mfcc-feats.cc:173) Processed features for key m002_oldmale-word-mäori-K002M-05b2
VLOG[2] (compute-mfcc-feats[5.2.132~9-82686]:main():compute-mfcc-feats.cc:173) Processed features for key m002_oldmale-word-mäori-K002M-09a1
VLOG[2] (compute-mfcc-feats[5.2.132~9-82686]:main():compute-mfcc-feats.cc:173) Processed features for key m002_oldmale-word-mäori-K002M-09a2
VLOG[2] (compute-mfcc-feats[5.2.132~9-82686]:main():compute-mfcc-feats.cc:173) Processed features for key m002_oldmale-word-ono-K002M-07a
VLOG[2] (compute-mfcc-feats[5.2.132~9-82686]:main():compute-mfcc-feats.cc:173) Processed features for key m002_oldmale-word-ono-K002M-07b
VLOG[2] (compute-mfcc-feats[5.2.132~9-82686]:main():compute-mfcc-feats.cc:173) Processed features for key m002_oldmale-word-ono-K002M-07c1
VLOG[2] (compute-mfcc-feats[5.2.132~9-82686]:main():compute-mfcc-feats.cc:173) Processed features for key m002_oldmale-word-ono-K002M-07c2
LOG (compute-mfcc-feats[5.2.132~9-82686]:main():compute-mfcc-feats.cc:172) Processed 90 utterances
VLOG[2] (compute-mfcc-feats[5.2.132~9-82686]:main():compute-mfcc-feats.cc:173) Processed features for key m002_oldmale-word-ono-K002M-07d
VLOG[2] (compute-mfcc-feats[5.2.132~9-82686]:main():compute-mfcc-feats.cc:173) Processed features for key m002_oldmale-word-ono-K002M-07e
VLOG[2] (compute-mfcc-feats[5.2.132~9-82686]:main():compute-mfcc-feats.cc:173) Processed features for key m002_oldmale-word-ono-K002M-07f
VLOG[2] (compute-mfcc-feats[5.2.132~9-82686]:main():compute-mfcc-feats.cc:173) Processed features for key m002_oldmale-word-ono-K002M-09
VLOG[2] (compute-mfcc-feats[5.2.132~9-82686]:main():compute-mfcc-feats.cc:173) Processed features for key m002_oldmale-word-ono-K002M-11
VLOG[2] (compute-mfcc-feats[5.2.132~9-82686]:main():compute-mfcc-feats.cc:173) Processed features for key m002_oldmale-word-ono-K002M-12a
VLOG[2] (compute-mfcc-feats[5.2.132~9-82686]:main():compute-mfcc-feats.cc:173) Processed features for key m002_oldmale-word-ono-K002M-12b
VLOG[2] (compute-mfcc-feats[5.2.132~9-82686]:main():compute-mfcc-feats.cc:173) Processed features for key m002_oldmale-word-ono-K002M-12c
VLOG[2] (compute-mfcc-feats[5.2.132~9-82686]:main():compute-mfcc-feats.cc:173) Processed features for key m002_oldmale-word-ono-K002M-15
VLOG[2] (compute-mfcc-feats[5.2.132~9-82686]:main():compute-mfcc-feats.cc:173) Processed features for key m002_oldmale-word-rima-K002M-07
LOG (compute-mfcc-feats[5.2.132~9-82686]:main():compute-mfcc-feats.cc:172) Processed 100 utterances
VLOG[2] (compute-mfcc-feats[5.2.132~9-82686]:main():compute-mfcc-feats.cc:173) Processed features for key m002_oldmale-word-rima-K002M-12
VLOG[2] (compute-mfcc-feats[5.2.132~9-82686]:main():compute-mfcc-feats.cc:173) Processed features for key m002_oldmale-word-rua-K002M-01a
VLOG[2] (compute-mfcc-feats[5.2.132~9-82686]:main():compute-mfcc-feats.cc:173) Processed features for key m002_oldmale-word-rua-K002M-01b
VLOG[2] (compute-mfcc-feats[5.2.132~9-82686]:main():compute-mfcc-feats.cc:173) Processed features for key m002_oldmale-word-rua-K002M-03a1
VLOG[2] (compute-mfcc-feats[5.2.132~9-82686]:main():compute-mfcc-feats.cc:173) Processed features for key m002_oldmale-word-rua-K002M-03a2
VLOG[2] (compute-mfcc-feats[5.2.132~9-82686]:main():compute-mfcc-feats.cc:173) Processed features for key m002_oldmale-word-tahi-K002M-01
VLOG[2] (compute-mfcc-feats[5.2.132~9-82686]:main():compute-mfcc-feats.cc:173) Processed features for key m002_oldmale-word-tahi-K002M-02
VLOG[2] (compute-mfcc-feats[5.2.132~9-82686]:main():compute-mfcc-feats.cc:173) Processed features for key m002_oldmale-word-tahi-K002M-03
VLOG[2] (compute-mfcc-feats[5.2.132~9-82686]:main():compute-mfcc-feats.cc:173) Processed features for key m002_oldmale-word-tahi-K002M-06
VLOG[2] (compute-mfcc-feats[5.2.132~9-82686]:main():compute-mfcc-feats.cc:173) Processed features for key m002_oldmale-word-tahi-K002M-08
LOG (compute-mfcc-feats[5.2.132~9-82686]:main():compute-mfcc-feats.cc:172) Processed 110 utterances
VLOG[2] (compute-mfcc-feats[5.2.132~9-82686]:main():compute-mfcc-feats.cc:173) Processed features for key m002_oldmale-word-tahi-K002M-10
VLOG[2] (compute-mfcc-feats[5.2.132~9-82686]:main():compute-mfcc-feats.cc:173) Processed features for key m002_oldmale-word-tamariki-K002M-02
VLOG[2] (compute-mfcc-feats[5.2.132~9-82686]:main():compute-mfcc-feats.cc:173) Processed features for key m002_oldmale-word-tamariki-K002M-04
VLOG[2] (compute-mfcc-feats[5.2.132~9-82686]:main():compute-mfcc-feats.cc:173) Processed features for key m002_oldmale-word-tamariki-K002M-12
VLOG[2] (compute-mfcc-feats[5.2.132~9-82686]:main():compute-mfcc-feats.cc:173) Processed features for key m002_oldmale-word-tangi-K002M-02
VLOG[2] (compute-mfcc-feats[5.2.132~9-82686]:main():compute-mfcc-feats.cc:173) Processed features for key m002_oldmale-word-tangi-K002M-06
VLOG[2] (compute-mfcc-feats[5.2.132~9-82686]:main():compute-mfcc-feats.cc:173) Processed features for key m002_oldmale-word-tekau-K002M-01a
VLOG[2] (compute-mfcc-feats[5.2.132~9-82686]:main():compute-mfcc-feats.cc:173) Processed features for key m002_oldmale-word-tekau-K002M-01b
VLOG[2] (compute-mfcc-feats[5.2.132~9-82686]:main():compute-mfcc-feats.cc:173) Processed features for key m002_oldmale-word-tekau-K002M-02a
VLOG[2] (compute-mfcc-feats[5.2.132~9-82686]:main():compute-mfcc-feats.cc:173) Processed features for key m002_oldmale-word-tekau-K002M-02b
LOG (compute-mfcc-feats[5.2.132~9-82686]:main():compute-mfcc-feats.cc:172) Processed 120 utterances
VLOG[2] (compute-mfcc-feats[5.2.132~9-82686]:main():compute-mfcc-feats.cc:173) Processed features for key m002_oldmale-word-tekau-K002M-03a1
VLOG[2] (compute-mfcc-feats[5.2.132~9-82686]:main():compute-mfcc-feats.cc:173) Processed features for key m002_oldmale-word-tekau-K002M-03a2
VLOG[2] (compute-mfcc-feats[5.2.132~9-82686]:main():compute-mfcc-feats.cc:173) Processed features for key m002_oldmale-word-tekau-K002M-04a
VLOG[2] (compute-mfcc-feats[5.2.132~9-82686]:main():compute-mfcc-feats.cc:173) Processed features for key m002_oldmale-word-tekau-K002M-04b
VLOG[2] (compute-mfcc-feats[5.2.132~9-82686]:main():compute-mfcc-feats.cc:173) Processed features for key m002_oldmale-word-tekau-K002M-06
VLOG[2] (compute-mfcc-feats[5.2.132~9-82686]:main():compute-mfcc-feats.cc:173) Processed features for key m002_oldmale-word-tekau-K002M-07
VLOG[2] (compute-mfcc-feats[5.2.132~9-82686]:main():compute-mfcc-feats.cc:173) Processed features for key m002_oldmale-word-tekau-K002M-10
VLOG[2] (compute-mfcc-feats[5.2.132~9-82686]:main():compute-mfcc-feats.cc:173) Processed features for key m002_oldmale-word-tikanga-K002M-05
VLOG[2] (compute-mfcc-feats[5.2.132~9-82686]:main():compute-mfcc-feats.cc:173) Processed features for key m002_oldmale-word-tikanga-K002M-09
VLOG[2] (compute-mfcc-feats[5.2.132~9-82686]:main():compute-mfcc-feats.cc:173) Processed features for key m002_oldmale-word-toru-K002M-01a
LOG (compute-mfcc-feats[5.2.132~9-82686]:main():compute-mfcc-feats.cc:172) Processed 130 utterances
VLOG[2] (compute-mfcc-feats[5.2.132~9-82686]:main():compute-mfcc-feats.cc:173) Processed features for key m002_oldmale-word-toru-K002M-01b
VLOG[2] (compute-mfcc-feats[5.2.132~9-82686]:main():compute-mfcc-feats.cc:173) Processed features for key m002_oldmale-word-toru-K002M-02
VLOG[2] (compute-mfcc-feats[5.2.132~9-82686]:main():compute-mfcc-feats.cc:173) Processed features for key m002_oldmale-word-toru-K002M-04a
VLOG[2] (compute-mfcc-feats[5.2.132~9-82686]:main():compute-mfcc-feats.cc:173) Processed features for key m002_oldmale-word-toru-K002M-04b
VLOG[2] (compute-mfcc-feats[5.2.132~9-82686]:main():compute-mfcc-feats.cc:173) Processed features for key m002_oldmale-word-toru-K002M-10
VLOG[2] (compute-mfcc-feats[5.2.132~9-82686]:main():compute-mfcc-feats.cc:173) Processed features for key m002_oldmale-word-tïmata-K002M-01
VLOG[2] (compute-mfcc-feats[5.2.132~9-82686]:main():compute-mfcc-feats.cc:173) Processed features for key m002_oldmale-word-tïmata-K002M-02
VLOG[2] (compute-mfcc-feats[5.2.132~9-82686]:main():compute-mfcc-feats.cc:173) Processed features for key m002_oldmale-word-tïmata-K002M-03
VLOG[2] (compute-mfcc-feats[5.2.132~9-82686]:main():compute-mfcc-feats.cc:173) Processed features for key m002_oldmale-word-tïmata-K002M-06a
VLOG[2] (compute-mfcc-feats[5.2.132~9-82686]:main():compute-mfcc-feats.cc:173) Processed features for key m002_oldmale-word-tïmata-K002M-06b
LOG (compute-mfcc-feats[5.2.132~9-82686]:main():compute-mfcc-feats.cc:172) Processed 140 utterances
VLOG[2] (compute-mfcc-feats[5.2.132~9-82686]:main():compute-mfcc-feats.cc:173) Processed features for key m002_oldmale-word-tïmata-K002M-09
VLOG[2] (compute-mfcc-feats[5.2.132~9-82686]:main():compute-mfcc-feats.cc:173) Processed features for key m002_oldmale-word-tïmata-K002M-11a
VLOG[2] (compute-mfcc-feats[5.2.132~9-82686]:main():compute-mfcc-feats.cc:173) Processed features for key m002_oldmale-word-tïmata-K002M-11b
VLOG[2] (compute-mfcc-feats[5.2.132~9-82686]:main():compute-mfcc-feats.cc:173) Processed features for key m002_oldmale-word-tïmata-K002M-12a
VLOG[2] (compute-mfcc-feats[5.2.132~9-82686]:main():compute-mfcc-feats.cc:173) Processed features for key m002_oldmale-word-tïmata-K002M-12c
VLOG[2] (compute-mfcc-feats[5.2.132~9-82686]:main():compute-mfcc-feats.cc:173) Processed features for key m002_oldmale-word-tïmata-K002M-13a
VLOG[2] (compute-mfcc-feats[5.2.132~9-82686]:main():compute-mfcc-feats.cc:173) Processed features for key m002_oldmale-word-tïmata-K002M-13b
VLOG[2] (compute-mfcc-feats[5.2.132~9-82686]:main():compute-mfcc-feats.cc:173) Processed features for key m002_oldmale-word-tïmata-K002M-13c
VLOG[2] (compute-mfcc-feats[5.2.132~9-82686]:main():compute-mfcc-feats.cc:173) Processed features for key m002_oldmale-word-tïmata-K002M-14
VLOG[2] (compute-mfcc-feats[5.2.132~9-82686]:main():compute-mfcc-feats.cc:173) Processed features for key m002_oldmale-word-tïmata-K002M-15a
LOG (compute-mfcc-feats[5.2.132~9-82686]:main():compute-mfcc-feats.cc:172) Processed 150 utterances
VLOG[2] (compute-mfcc-feats[5.2.132~9-82686]:main():compute-mfcc-feats.cc:173) Processed features for key m002_oldmale-word-tïmata-K002M-15b
VLOG[2] (compute-mfcc-feats[5.2.132~9-82686]:main():compute-mfcc-feats.cc:173) Processed features for key m002_oldmale-word-türanga-K002M-03
VLOG[2] (compute-mfcc-feats[5.2.132~9-82686]:main():compute-mfcc-feats.cc:173) Processed features for key m002_oldmale-word-waewae-K002M-11a
VLOG[2] (compute-mfcc-feats[5.2.132~9-82686]:main():compute-mfcc-feats.cc:173) Processed features for key m002_oldmale-word-waewae-K002M-11b
VLOG[2] (compute-mfcc-feats[5.2.132~9-82686]:main():compute-mfcc-feats.cc:173) Processed features for key m002_oldmale-word-waiata-K002M-06
VLOG[2] (compute-mfcc-feats[5.2.132~9-82686]:main():compute-mfcc-feats.cc:173) Processed features for key m002_oldmale-word-waiata-K002M-12a1
VLOG[2] (compute-mfcc-feats[5.2.132~9-82686]:main():compute-mfcc-feats.cc:173) Processed features for key m002_oldmale-word-waiata-K002M-12a2
VLOG[2] (compute-mfcc-feats[5.2.132~9-82686]:main():compute-mfcc-feats.cc:173) Processed features for key m002_oldmale-word-waiata-K002M-12b
VLOG[2] (compute-mfcc-feats[5.2.132~9-82686]:main():compute-mfcc-feats.cc:173) Processed features for key m002_oldmale-word-wairua-K002M-06a
VLOG[2] (compute-mfcc-feats[5.2.132~9-82686]:main():compute-mfcc-feats.cc:173) Processed features for key m002_oldmale-word-wairua-K002M-06b
LOG (compute-mfcc-feats[5.2.132~9-82686]:main():compute-mfcc-feats.cc:172) Processed 160 utterances
VLOG[2] (compute-mfcc-feats[5.2.132~9-82686]:main():compute-mfcc-feats.cc:173) Processed features for key m002_oldmale-word-wairua-K002M-10a
VLOG[2] (compute-mfcc-feats[5.2.132~9-82686]:main():compute-mfcc-feats.cc:173) Processed features for key m002_oldmale-word-wairua-K002M-10b
VLOG[2] (compute-mfcc-feats[5.2.132~9-82686]:main():compute-mfcc-feats.cc:173) Processed features for key m002_oldmale-word-wairua-K002M-10c
VLOG[2] (compute-mfcc-feats[5.2.132~9-82686]:main():compute-mfcc-feats.cc:173) Processed features for key m002_oldmale-word-wairua-K002M-10d
VLOG[2] (compute-mfcc-feats[5.2.132~9-82686]:main():compute-mfcc-feats.cc:173) Processed features for key m002_oldmale-word-wairua-K002M-15
VLOG[2] (compute-mfcc-feats[5.2.132~9-82686]:main():compute-mfcc-feats.cc:173) Processed features for key m002_oldmale-word-waka-K002M-10a
VLOG[2] (compute-mfcc-feats[5.2.132~9-82686]:main():compute-mfcc-feats.cc:173) Processed features for key m002_oldmale-word-waka-K002M-10b
VLOG[2] (compute-mfcc-feats[5.2.132~9-82686]:main():compute-mfcc-feats.cc:173) Processed features for key m002_oldmale-word-waru-K002M-01
VLOG[2] (compute-mfcc-feats[5.2.132~9-82686]:main():compute-mfcc-feats.cc:173) Processed features for key m002_oldmale-word-waru-K002M-10a1
VLOG[2] (compute-mfcc-feats[5.2.132~9-82686]:main():compute-mfcc-feats.cc:173) Processed features for key m002_oldmale-word-waru-K002M-10a2
LOG (compute-mfcc-feats[5.2.132~9-82686]:main():compute-mfcc-feats.cc:172) Processed 170 utterances
VLOG[2] (compute-mfcc-feats[5.2.132~9-82686]:main():compute-mfcc-feats.cc:173) Processed features for key m002_oldmale-word-whare-K002M-01
VLOG[2] (compute-mfcc-feats[5.2.132~9-82686]:main():compute-mfcc-feats.cc:173) Processed features for key m002_oldmale-word-whare-K002M-02
VLOG[2] (compute-mfcc-feats[5.2.132~9-82686]:main():compute-mfcc-feats.cc:173) Processed features for key m002_oldmale-word-whare-K002M-03
VLOG[2] (compute-mfcc-feats[5.2.132~9-82686]:main():compute-mfcc-feats.cc:173) Processed features for key m002_oldmale-word-whitu-K002M-12a
VLOG[2] (compute-mfcc-feats[5.2.132~9-82686]:main():compute-mfcc-feats.cc:173) Processed features for key m002_oldmale-word-whitu-K002M-12b
VLOG[2] (compute-mfcc-feats[5.2.132~9-82686]:main():compute-mfcc-feats.cc:173) Processed features for key m002_oldmale-word-whitu-K002M-12c
VLOG[2] (compute-mfcc-feats[5.2.132~9-82686]:main():compute-mfcc-feats.cc:173) Processed features for key m002_oldmale-word-whitu-K002M-12d
VLOG[2] (compute-mfcc-feats[5.2.132~9-82686]:main():compute-mfcc-feats.cc:173) Processed features for key m002_oldmale-word-whitu-K002M-12e
VLOG[2] (compute-mfcc-feats[5.2.132~9-82686]:main():compute-mfcc-feats.cc:173) Processed features for key m002_oldmale-word-whitu-K002M-12f
VLOG[2] (compute-mfcc-feats[5.2.132~9-82686]:main():compute-mfcc-feats.cc:173) Processed features for key m002_oldmale-word-whä-K002M-01
LOG (compute-mfcc-feats[5.2.132~9-82686]:main():compute-mfcc-feats.cc:172) Processed 180 utterances
VLOG[2] (compute-mfcc-feats[5.2.132~9-82686]:main():compute-mfcc-feats.cc:173) Processed features for key m002_oldmale-word-whä-K002M-03
VLOG[2] (compute-mfcc-feats[5.2.132~9-82686]:main():compute-mfcc-feats.cc:173) Processed features for key m002_oldmale-word-whä-K002M-04a1
VLOG[2] (compute-mfcc-feats[5.2.132~9-82686]:main():compute-mfcc-feats.cc:173) Processed features for key m002_oldmale-word-whä-K002M-04a2
VLOG[2] (compute-mfcc-feats[5.2.132~9-82686]:main():compute-mfcc-feats.cc:173) Processed features for key m002_oldmale-word-whä-K002M-06
VLOG[2] (compute-mfcc-feats[5.2.132~9-82686]:main():compute-mfcc-feats.cc:173) Processed features for key m002_oldmale-word-whä-K002M-07a
VLOG[2] (compute-mfcc-feats[5.2.132~9-82686]:main():compute-mfcc-feats.cc:173) Processed features for key m002_oldmale-word-whä-K002M-07b1
VLOG[2] (compute-mfcc-feats[5.2.132~9-82686]:main():compute-mfcc-feats.cc:173) Processed features for key m002_oldmale-word-whä-K002M-07b2
VLOG[2] (compute-mfcc-feats[5.2.132~9-82686]:main():compute-mfcc-feats.cc:173) Processed features for key m002_oldmale-word-whä-K002M-09a
VLOG[2] (compute-mfcc-feats[5.2.132~9-82686]:main():compute-mfcc-feats.cc:173) Processed features for key m002_oldmale-word-whä-K002M-09b
VLOG[2] (compute-mfcc-feats[5.2.132~9-82686]:main():compute-mfcc-feats.cc:173) Processed features for key m002_oldmale-word-whä-K002M-10
LOG (compute-mfcc-feats[5.2.132~9-82686]:main():compute-mfcc-feats.cc:172) Processed 190 utterances
VLOG[2] (compute-mfcc-feats[5.2.132~9-82686]:main():compute-mfcc-feats.cc:173) Processed features for key m002_oldmale-word-whä-K002M-11a
VLOG[2] (compute-mfcc-feats[5.2.132~9-82686]:main():compute-mfcc-feats.cc:173) Processed features for key m002_oldmale-word-whä-K002M-11b
VLOG[2] (compute-mfcc-feats[5.2.132~9-82686]:main():compute-mfcc-feats.cc:173) Processed features for key m002_oldmale-word-whä-K002M-12
VLOG[2] (compute-mfcc-feats[5.2.132~9-82686]:main():compute-mfcc-feats.cc:173) Processed features for key m002_oldmale-word-whä-K002M-13a
VLOG[2] (compute-mfcc-feats[5.2.132~9-82686]:main():compute-mfcc-feats.cc:173) Processed features for key m002_oldmale-word-whä-K002M-13b
VLOG[2] (compute-mfcc-feats[5.2.132~9-82686]:main():compute-mfcc-feats.cc:173) Processed features for key m002_oldmale-word-whänau-K002M-01a
VLOG[2] (compute-mfcc-feats[5.2.132~9-82686]:main():compute-mfcc-feats.cc:173) Processed features for key m002_oldmale-word-whänau-K002M-01b1
VLOG[2] (compute-mfcc-feats[5.2.132~9-82686]:main():compute-mfcc-feats.cc:173) Processed features for key m002_oldmale-word-whänau-K002M-01b2
VLOG[2] (compute-mfcc-feats[5.2.132~9-82686]:main():compute-mfcc-feats.cc:173) Processed features for key m002_oldmale-word-whänau-K002M-01c
VLOG[2] (compute-mfcc-feats[5.2.132~9-82686]:main():compute-mfcc-feats.cc:173) Processed features for key m002_oldmale-word-whänau-K002M-02
LOG (compute-mfcc-feats[5.2.132~9-82686]:main():compute-mfcc-feats.cc:172) Processed 200 utterances
VLOG[2] (compute-mfcc-feats[5.2.132~9-82686]:main():compute-mfcc-feats.cc:173) Processed features for key m002_oldmale-word-whänau-K002M-04a
VLOG[2] (compute-mfcc-feats[5.2.132~9-82686]:main():compute-mfcc-feats.cc:173) Processed features for key m002_oldmale-word-whänau-K002M-04b
VLOG[2] (compute-mfcc-feats[5.2.132~9-82686]:main():compute-mfcc-feats.cc:173) Processed features for key m002_oldmale-word-wä-K002M-01
VLOG[2] (compute-mfcc-feats[5.2.132~9-82686]:main():compute-mfcc-feats.cc:173) Processed features for key m002_oldmale-word-wä-K002M-02a
VLOG[2] (compute-mfcc-feats[5.2.132~9-82686]:main():compute-mfcc-feats.cc:173) Processed features for key m002_oldmale-word-wä-K002M-02b
VLOG[2] (compute-mfcc-feats[5.2.132~9-82686]:main():compute-mfcc-feats.cc:173) Processed features for key m002_oldmale-word-wä-K002M-03
VLOG[2] (compute-mfcc-feats[5.2.132~9-82686]:main():compute-mfcc-feats.cc:173) Processed features for key m002_oldmale-word-wä-K002M-09
VLOG[2] (compute-mfcc-feats[5.2.132~9-82686]:main():compute-mfcc-feats.cc:173) Processed features for key m003_oldmale-word-aroha-K003M-01a
VLOG[2] (compute-mfcc-feats[5.2.132~9-82686]:main():compute-mfcc-feats.cc:173) Processed features for key m003_oldmale-word-aroha-K003M-01b
VLOG[2] (compute-mfcc-feats[5.2.132~9-82686]:main():compute-mfcc-feats.cc:173) Processed features for key m003_oldmale-word-aroha-K003M-05
LOG (compute-mfcc-feats[5.2.132~9-82686]:main():compute-mfcc-feats.cc:172) Processed 210 utterances
VLOG[2] (compute-mfcc-feats[5.2.132~9-82686]:main():compute-mfcc-feats.cc:173) Processed features for key m003_oldmale-word-aroha-K003M-07
VLOG[2] (compute-mfcc-feats[5.2.132~9-82686]:main():compute-mfcc-feats.cc:173) Processed features for key m003_oldmale-word-awa-K003M-02a
VLOG[2] (compute-mfcc-feats[5.2.132~9-82686]:main():compute-mfcc-feats.cc:173) Processed features for key m003_oldmale-word-awa-K003M-02b
VLOG[2] (compute-mfcc-feats[5.2.132~9-82686]:main():compute-mfcc-feats.cc:173) Processed features for key m003_oldmale-word-e_noho-K003M-01
VLOG[2] (compute-mfcc-feats[5.2.132~9-82686]:main():compute-mfcc-feats.cc:173) Processed features for key m003_oldmale-word-haere_mai-K003M-03
VLOG[2] (compute-mfcc-feats[5.2.132~9-82686]:main():compute-mfcc-feats.cc:173) Processed features for key m003_oldmale-word-iwa-K003M-03
VLOG[2] (compute-mfcc-feats[5.2.132~9-82686]:main():compute-mfcc-feats.cc:173) Processed features for key m003_oldmale-word-iwa-K003M-08a
VLOG[2] (compute-mfcc-feats[5.2.132~9-82686]:main():compute-mfcc-feats.cc:173) Processed features for key m003_oldmale-word-iwa-K003M-08b
VLOG[2] (compute-mfcc-feats[5.2.132~9-82686]:main():compute-mfcc-feats.cc:173) Processed features for key m003_oldmale-word-iwi-K003M-04
VLOG[2] (compute-mfcc-feats[5.2.132~9-82686]:main():compute-mfcc-feats.cc:173) Processed features for key m003_oldmale-word-karakia-K003M-02a
LOG (compute-mfcc-feats[5.2.132~9-82686]:main():compute-mfcc-feats.cc:172) Processed 220 utterances
VLOG[2] (compute-mfcc-feats[5.2.132~9-82686]:main():compute-mfcc-feats.cc:173) Processed features for key m003_oldmale-word-karakia-K003M-02b
VLOG[2] (compute-mfcc-feats[5.2.132~9-82686]:main():compute-mfcc-feats.cc:173) Processed features for key m003_oldmale-word-karakia-K003M-04a
VLOG[2] (compute-mfcc-feats[5.2.132~9-82686]:main():compute-mfcc-feats.cc:173) Processed features for key m003_oldmale-word-karakia-K003M-04b
VLOG[2] (compute-mfcc-feats[5.2.132~9-82686]:main():compute-mfcc-feats.cc:173) Processed features for key m003_oldmale-word-karakia-K003M-04c
VLOG[2] (compute-mfcc-feats[5.2.132~9-82686]:main():compute-mfcc-feats.cc:173) Processed features for key m003_oldmale-word-karakia-K003M-04d
VLOG[2] (compute-mfcc-feats[5.2.132~9-82686]:main():compute-mfcc-feats.cc:173) Processed features for key m003_oldmale-word-karakia-K003M-05
VLOG[2] (compute-mfcc-feats[5.2.132~9-82686]:main():compute-mfcc-feats.cc:173) Processed features for key m003_oldmale-word-kaumätua-K003M-02a
VLOG[2] (compute-mfcc-feats[5.2.132~9-82686]:main():compute-mfcc-feats.cc:173) Processed features for key m003_oldmale-word-kaumätua-K003M-02b
VLOG[2] (compute-mfcc-feats[5.2.132~9-82686]:main():compute-mfcc-feats.cc:173) Processed features for key m003_oldmale-word-kaumätua-K003M-03a
VLOG[2] (compute-mfcc-feats[5.2.132~9-82686]:main():compute-mfcc-feats.cc:173) Processed features for key m003_oldmale-word-kaumätua-K003M-03b
LOG (compute-mfcc-feats[5.2.132~9-82686]:main():compute-mfcc-feats.cc:172) Processed 230 utterances
VLOG[2] (compute-mfcc-feats[5.2.132~9-82686]:main():compute-mfcc-feats.cc:173) Processed features for key m003_oldmale-word-kaumätua-K003M-03c
VLOG[2] (compute-mfcc-feats[5.2.132~9-82686]:main():compute-mfcc-feats.cc:173) Processed features for key m003_oldmale-word-kaumätua-K003M-06a
VLOG[2] (compute-mfcc-feats[5.2.132~9-82686]:main():compute-mfcc-feats.cc:173) Processed features for key m003_oldmale-word-kaumätua-K003M-06b
VLOG[2] (compute-mfcc-feats[5.2.132~9-82686]:main():compute-mfcc-feats.cc:173) Processed features for key m003_oldmale-word-kaumätua-K003M-07a
VLOG[2] (compute-mfcc-feats[5.2.132~9-82686]:main():compute-mfcc-feats.cc:173) Processed features for key m003_oldmale-word-kaumätua-K003M-07b
VLOG[2] (compute-mfcc-feats[5.2.132~9-82686]:main():compute-mfcc-feats.cc:173) Processed features for key m003_oldmale-word-kaumätua-K003M-07c
VLOG[2] (compute-mfcc-feats[5.2.132~9-82686]:main():compute-mfcc-feats.cc:173) Processed features for key m003_oldmale-word-kaumätua-K003M-08a
VLOG[2] (compute-mfcc-feats[5.2.132~9-82686]:main():compute-mfcc-feats.cc:173) Processed features for key m003_oldmale-word-kaumätua-K003M-08b
VLOG[2] (compute-mfcc-feats[5.2.132~9-82686]:main():compute-mfcc-feats.cc:173) Processed features for key m003_oldmale-word-kia_ora-K003M-04
VLOG[2] (compute-mfcc-feats[5.2.132~9-82686]:main():compute-mfcc-feats.cc:173) Processed features for key m003_oldmale-word-kia_ora-K003M-05
LOG (compute-mfcc-feats[5.2.132~9-82686]:main():compute-mfcc-feats.cc:172) Processed 240 utterances
VLOG[2] (compute-mfcc-feats[5.2.132~9-82686]:main():compute-mfcc-feats.cc:173) Processed features for key m003_oldmale-word-koha-K003M-02a
VLOG[2] (compute-mfcc-feats[5.2.132~9-82686]:main():compute-mfcc-feats.cc:173) Processed features for key m003_oldmale-word-koha-K003M-02b
VLOG[2] (compute-mfcc-feats[5.2.132~9-82686]:main():compute-mfcc-feats.cc:173) Processed features for key m003_oldmale-word-koha-K003M-02c
VLOG[2] (compute-mfcc-feats[5.2.132~9-82686]:main():compute-mfcc-feats.cc:173) Processed features for key m003_oldmale-word-koha-K003M-02d
VLOG[2] (compute-mfcc-feats[5.2.132~9-82686]:main():compute-mfcc-feats.cc:173) Processed features for key m003_oldmale-word-koha-K003M-02e
VLOG[2] (compute-mfcc-feats[5.2.132~9-82686]:main():compute-mfcc-feats.cc:173) Processed features for key m003_oldmale-word-koha-K003M-02f
VLOG[2] (compute-mfcc-feats[5.2.132~9-82686]:main():compute-mfcc-feats.cc:173) Processed features for key m003_oldmale-word-koha-K003M-02g
VLOG[2] (compute-mfcc-feats[5.2.132~9-82686]:main():compute-mfcc-feats.cc:173) Processed features for key m003_oldmale-word-koha-K003M-04a
VLOG[2] (compute-mfcc-feats[5.2.132~9-82686]:main():compute-mfcc-feats.cc:173) Processed features for key m003_oldmale-word-koha-K003M-04b
VLOG[2] (compute-mfcc-feats[5.2.132~9-82686]:main():compute-mfcc-feats.cc:173) Processed features for key m003_oldmale-word-koha-K003M-04c
LOG (compute-mfcc-feats[5.2.132~9-82686]:main():compute-mfcc-feats.cc:172) Processed 250 utterances
VLOG[2] (compute-mfcc-feats[5.2.132~9-82686]:main():compute-mfcc-feats.cc:173) Processed features for key m003_oldmale-word-koha-K003M-07
VLOG[2] (compute-mfcc-feats[5.2.132~9-82686]:main():compute-mfcc-feats.cc:173) Processed features for key m003_oldmale-word-käinga-K003M-01
VLOG[2] (compute-mfcc-feats[5.2.132~9-82686]:main():compute-mfcc-feats.cc:173) Processed features for key m003_oldmale-word-käinga-K003M-08
VLOG[2] (compute-mfcc-feats[5.2.132~9-82686]:main():compute-mfcc-feats.cc:173) Processed features for key m003_oldmale-word-körero-K003M-01a
VLOG[2] (compute-mfcc-feats[5.2.132~9-82686]:main():compute-mfcc-feats.cc:173) Processed features for key m003_oldmale-word-körero-K003M-01b
VLOG[2] (compute-mfcc-feats[5.2.132~9-82686]:main():compute-mfcc-feats.cc:173) Processed features for key m003_oldmale-word-körero-K003M-01c
VLOG[2] (compute-mfcc-feats[5.2.132~9-82686]:main():compute-mfcc-feats.cc:173) Processed features for key m003_oldmale-word-körero-K003M-02
VLOG[2] (compute-mfcc-feats[5.2.132~9-82686]:main():compute-mfcc-feats.cc:173) Processed features for key m003_oldmale-word-marae-K003M-02a
VLOG[2] (compute-mfcc-feats[5.2.132~9-82686]:main():compute-mfcc-feats.cc:173) Processed features for key m003_oldmale-word-marae-K003M-02b
VLOG[2] (compute-mfcc-feats[5.2.132~9-82686]:main():compute-mfcc-feats.cc:173) Processed features for key m003_oldmale-word-marae-K003M-02c
LOG (compute-mfcc-feats[5.2.132~9-82686]:main():compute-mfcc-feats.cc:172) Processed 260 utterances
VLOG[2] (compute-mfcc-feats[5.2.132~9-82686]:main():compute-mfcc-feats.cc:173) Processed features for key m003_oldmale-word-marae-K003M-02d
VLOG[2] (compute-mfcc-feats[5.2.132~9-82686]:main():compute-mfcc-feats.cc:173) Processed features for key m003_oldmale-word-marae-K003M-02e
VLOG[2] (compute-mfcc-feats[5.2.132~9-82686]:main():compute-mfcc-feats.cc:173) Processed features for key m003_oldmale-word-marae-K003M-02f
VLOG[2] (compute-mfcc-feats[5.2.132~9-82686]:main():compute-mfcc-feats.cc:173) Processed features for key m003_oldmale-word-marae-K003M-02g
VLOG[2] (compute-mfcc-feats[5.2.132~9-82686]:main():compute-mfcc-feats.cc:173) Processed features for key m003_oldmale-word-marae-K003M-02h
VLOG[2] (compute-mfcc-feats[5.2.132~9-82686]:main():compute-mfcc-feats.cc:173) Processed features for key m003_oldmale-word-marae-K003M-02i
VLOG[2] (compute-mfcc-feats[5.2.132~9-82686]:main():compute-mfcc-feats.cc:173) Processed features for key m003_oldmale-word-marae-K003M-02j
VLOG[2] (compute-mfcc-feats[5.2.132~9-82686]:main():compute-mfcc-feats.cc:173) Processed features for key m003_oldmale-word-marae-K003M-03a
VLOG[2] (compute-mfcc-feats[5.2.132~9-82686]:main():compute-mfcc-feats.cc:173) Processed features for key m003_oldmale-word-marae-K003M-03b
VLOG[2] (compute-mfcc-feats[5.2.132~9-82686]:main():compute-mfcc-feats.cc:173) Processed features for key m003_oldmale-word-marae-K003M-03c
LOG (compute-mfcc-feats[5.2.132~9-82686]:main():compute-mfcc-feats.cc:172) Processed 270 utterances
VLOG[2] (compute-mfcc-feats[5.2.132~9-82686]:main():compute-mfcc-feats.cc:173) Processed features for key m003_oldmale-word-marae-K003M-03d
VLOG[2] (compute-mfcc-feats[5.2.132~9-82686]:main():compute-mfcc-feats.cc:173) Processed features for key m003_oldmale-word-marae-K003M-03e
VLOG[2] (compute-mfcc-feats[5.2.132~9-82686]:main():compute-mfcc-feats.cc:173) Processed features for key m003_oldmale-word-marae-K003M-03f
VLOG[2] (compute-mfcc-feats[5.2.132~9-82686]:main():compute-mfcc-feats.cc:173) Processed features for key m003_oldmale-word-marae-K003M-06a
VLOG[2] (compute-mfcc-feats[5.2.132~9-82686]:main():compute-mfcc-feats.cc:173) Processed features for key m003_oldmale-word-marae-K003M-06b
VLOG[2] (compute-mfcc-feats[5.2.132~9-82686]:main():compute-mfcc-feats.cc:173) Processed features for key m003_oldmale-word-marae-K003M-07a
VLOG[2] (compute-mfcc-feats[5.2.132~9-82686]:main():compute-mfcc-feats.cc:173) Processed features for key m003_oldmale-word-marae-K003M-07b
VLOG[2] (compute-mfcc-feats[5.2.132~9-82686]:main():compute-mfcc-feats.cc:173) Processed features for key m003_oldmale-word-mihi-K003M-02a
VLOG[2] (compute-mfcc-feats[5.2.132~9-82686]:main():compute-mfcc-feats.cc:173) Processed features for key m003_oldmale-word-mihi-K003M-02b
VLOG[2] (compute-mfcc-feats[5.2.132~9-82686]:main():compute-mfcc-feats.cc:173) Processed features for key m003_oldmale-word-mihi-K003M-03
LOG (compute-mfcc-feats[5.2.132~9-82686]:main():compute-mfcc-feats.cc:172) Processed 280 utterances
VLOG[2] (compute-mfcc-feats[5.2.132~9-82686]:main():compute-mfcc-feats.cc:173) Processed features for key m003_oldmale-word-mokopuna-K003M-03a
VLOG[2] (compute-mfcc-feats[5.2.132~9-82686]:main():compute-mfcc-feats.cc:173) Processed features for key m003_oldmale-word-mokopuna-K003M-03b
VLOG[2] (compute-mfcc-feats[5.2.132~9-82686]:main():compute-mfcc-feats.cc:173) Processed features for key m003_oldmale-word-mokopuna-K003M-03c
VLOG[2] (compute-mfcc-feats[5.2.132~9-82686]:main():compute-mfcc-feats.cc:173) Processed features for key m003_oldmale-word-mokopuna-K003M-03d
VLOG[2] (compute-mfcc-feats[5.2.132~9-82686]:main():compute-mfcc-feats.cc:173) Processed features for key m003_oldmale-word-mokopuna-K003M-03e
VLOG[2] (compute-mfcc-feats[5.2.132~9-82686]:main():compute-mfcc-feats.cc:173) Processed features for key m003_oldmale-word-mokopuna-K003M-03f
VLOG[2] (compute-mfcc-feats[5.2.132~9-82686]:main():compute-mfcc-feats.cc:173) Processed features for key m003_oldmale-word-mokopuna-K003M-04
VLOG[2] (compute-mfcc-feats[5.2.132~9-82686]:main():compute-mfcc-feats.cc:173) Processed features for key m003_oldmale-word-mokopuna-K003M-05a
VLOG[2] (compute-mfcc-feats[5.2.132~9-82686]:main():compute-mfcc-feats.cc:173) Processed features for key m003_oldmale-word-mokopuna-K003M-05b
VLOG[2] (compute-mfcc-feats[5.2.132~9-82686]:main():compute-mfcc-feats.cc:173) Processed features for key m003_oldmale-word-mokopuna-K003M-06a
LOG (compute-mfcc-feats[5.2.132~9-82686]:main():compute-mfcc-feats.cc:172) Processed 290 utterances
VLOG[2] (compute-mfcc-feats[5.2.132~9-82686]:main():compute-mfcc-feats.cc:173) Processed features for key m003_oldmale-word-mokopuna-K003M-06b
VLOG[2] (compute-mfcc-feats[5.2.132~9-82686]:main():compute-mfcc-feats.cc:173) Processed features for key m003_oldmale-word-mokopuna-K003M-06c
VLOG[2] (compute-mfcc-feats[5.2.132~9-82686]:main():compute-mfcc-feats.cc:173) Processed features for key m003_oldmale-word-mokopuna-K003M-06d
VLOG[2] (compute-mfcc-feats[5.2.132~9-82686]:main():compute-mfcc-feats.cc:173) Processed features for key m003_oldmale-word-mokopuna-K003M-07a
VLOG[2] (compute-mfcc-feats[5.2.132~9-82686]:main():compute-mfcc-feats.cc:173) Processed features for key m003_oldmale-word-mokopuna-K003M-07b
VLOG[2] (compute-mfcc-feats[5.2.132~9-82686]:main():compute-mfcc-feats.cc:173) Processed features for key m003_oldmale-word-mäori-K003M-01a
VLOG[2] (compute-mfcc-feats[5.2.132~9-82686]:main():compute-mfcc-feats.cc:173) Processed features for key m003_oldmale-word-mäori-K003M-01b
VLOG[2] (compute-mfcc-feats[5.2.132~9-82686]:main():compute-mfcc-feats.cc:173) Processed features for key m003_oldmale-word-mäori-K003M-08a
VLOG[2] (compute-mfcc-feats[5.2.132~9-82686]:main():compute-mfcc-feats.cc:173) Processed features for key m003_oldmale-word-mäori-K003M-08b
VLOG[2] (compute-mfcc-feats[5.2.132~9-82686]:main():compute-mfcc-feats.cc:173) Processed features for key m003_oldmale-word-ono-K003M-01a
LOG (compute-mfcc-feats[5.2.132~9-82686]:main():compute-mfcc-feats.cc:172) Processed 300 utterances
VLOG[2] (compute-mfcc-feats[5.2.132~9-82686]:main():compute-mfcc-feats.cc:173) Processed features for key m003_oldmale-word-ono-K003M-01b
VLOG[2] (compute-mfcc-feats[5.2.132~9-82686]:main():compute-mfcc-feats.cc:173) Processed features for key m003_oldmale-word-ono-K003M-04
VLOG[2] (compute-mfcc-feats[5.2.132~9-82686]:main():compute-mfcc-feats.cc:173) Processed features for key m003_oldmale-word-ono-K003M-07
VLOG[2] (compute-mfcc-feats[5.2.132~9-82686]:main():compute-mfcc-feats.cc:173) Processed features for key m003_oldmale-word-ono-K003M-08
VLOG[2] (compute-mfcc-feats[5.2.132~9-82686]:main():compute-mfcc-feats.cc:173) Processed features for key m003_oldmale-word-rua-K003M-04
VLOG[2] (compute-mfcc-feats[5.2.132~9-82686]:main():compute-mfcc-feats.cc:173) Processed features for key m003_oldmale-word-rua-K003M-05
VLOG[2] (compute-mfcc-feats[5.2.132~9-82686]:main():compute-mfcc-feats.cc:173) Processed features for key m003_oldmale-word-rua-K003M-07
VLOG[2] (compute-mfcc-feats[5.2.132~9-82686]:main():compute-mfcc-feats.cc:173) Processed features for key m003_oldmale-word-tahi-K003M-01
VLOG[2] (compute-mfcc-feats[5.2.132~9-82686]:main():compute-mfcc-feats.cc:173) Processed features for key m003_oldmale-word-tangi-K003M-03
VLOG[2] (compute-mfcc-feats[5.2.132~9-82686]:main():compute-mfcc-feats.cc:173) Processed features for key m003_oldmale-word-tangi-K003M-07a
LOG (compute-mfcc-feats[5.2.132~9-82686]:main():compute-mfcc-feats.cc:172) Processed 310 utterances
VLOG[2] (compute-mfcc-feats[5.2.132~9-82686]:main():compute-mfcc-feats.cc:173) Processed features for key m003_oldmale-word-tangi-K003M-07b
VLOG[2] (compute-mfcc-feats[5.2.132~9-82686]:main():compute-mfcc-feats.cc:173) Processed features for key m003_oldmale-word-taringa-K003M-01
VLOG[2] (compute-mfcc-feats[5.2.132~9-82686]:main():compute-mfcc-feats.cc:173) Processed features for key m003_oldmale-word-tauhou-K003M-08
VLOG[2] (compute-mfcc-feats[5.2.132~9-82686]:main():compute-mfcc-feats.cc:173) Processed features for key m003_oldmale-word-tekau-K003M-01a
VLOG[2] (compute-mfcc-feats[5.2.132~9-82686]:main():compute-mfcc-feats.cc:173) Processed features for key m003_oldmale-word-tekau-K003M-01b
VLOG[2] (compute-mfcc-feats[5.2.132~9-82686]:main():compute-mfcc-feats.cc:173) Processed features for key m003_oldmale-word-tekau-K003M-03a
VLOG[2] (compute-mfcc-feats[5.2.132~9-82686]:main():compute-mfcc-feats.cc:173) Processed features for key m003_oldmale-word-tekau-K003M-03b
VLOG[2] (compute-mfcc-feats[5.2.132~9-82686]:main():compute-mfcc-feats.cc:173) Processed features for key m003_oldmale-word-tikanga-K003M-04
VLOG[2] (compute-mfcc-feats[5.2.132~9-82686]:main():compute-mfcc-feats.cc:173) Processed features for key m003_oldmale-word-toru-K003M-04
VLOG[2] (compute-mfcc-feats[5.2.132~9-82686]:main():compute-mfcc-feats.cc:173) Processed features for key m003_oldmale-word-toru-K003M-05a
LOG (compute-mfcc-feats[5.2.132~9-82686]:main():compute-mfcc-feats.cc:172) Processed 320 utterances
VLOG[2] (compute-mfcc-feats[5.2.132~9-82686]:main():compute-mfcc-feats.cc:173) Processed features for key m003_oldmale-word-toru-K003M-05b
VLOG[2] (compute-mfcc-feats[5.2.132~9-82686]:main():compute-mfcc-feats.cc:173) Processed features for key m003_oldmale-word-toru-K003M-05c
VLOG[2] (compute-mfcc-feats[5.2.132~9-82686]:main():compute-mfcc-feats.cc:173) Processed features for key m003_oldmale-word-toru-K003M-06a
VLOG[2] (compute-mfcc-feats[5.2.132~9-82686]:main():compute-mfcc-feats.cc:173) Processed features for key m003_oldmale-word-toru-K003M-06b
VLOG[2] (compute-mfcc-feats[5.2.132~9-82686]:main():compute-mfcc-feats.cc:173) Processed features for key m003_oldmale-word-toru-K003M-07
VLOG[2] (compute-mfcc-feats[5.2.132~9-82686]:main():compute-mfcc-feats.cc:173) Processed features for key m003_oldmale-word-tïmata-K003M-02
VLOG[2] (compute-mfcc-feats[5.2.132~9-82686]:main():compute-mfcc-feats.cc:173) Processed features for key m003_oldmale-word-tïmata-K003M-07a
VLOG[2] (compute-mfcc-feats[5.2.132~9-82686]:main():compute-mfcc-feats.cc:173) Processed features for key m003_oldmale-word-waru-K003M-03
VLOG[2] (compute-mfcc-feats[5.2.132~9-82686]:main():compute-mfcc-feats.cc:173) Processed features for key m003_oldmale-word-waru-K003M-08
VLOG[2] (compute-mfcc-feats[5.2.132~9-82686]:main():compute-mfcc-feats.cc:173) Processed features for key m003_oldmale-word-whare-K003M-06
LOG (compute-mfcc-feats[5.2.132~9-82686]:main():compute-mfcc-feats.cc:172) Processed 330 utterances
VLOG[2] (compute-mfcc-feats[5.2.132~9-82686]:main():compute-mfcc-feats.cc:173) Processed features for key m003_oldmale-word-whare-K003M-09
VLOG[2] (compute-mfcc-feats[5.2.132~9-82686]:main():compute-mfcc-feats.cc:173) Processed features for key m003_oldmale-word-whänau-K003M-01
VLOG[2] (compute-mfcc-feats[5.2.132~9-82686]:main():compute-mfcc-feats.cc:173) Processed features for key m003_oldmale-word-whänau-K003M-04
VLOG[2] (compute-mfcc-feats[5.2.132~9-82686]:main():compute-mfcc-feats.cc:173) Processed features for key m003_oldmale-word-wä-K003M-02a
VLOG[2] (compute-mfcc-feats[5.2.132~9-82686]:main():compute-mfcc-feats.cc:173) Processed features for key m003_oldmale-word-wä-K003M-02b
VLOG[2] (compute-mfcc-feats[5.2.132~9-82686]:main():compute-mfcc-feats.cc:173) Processed features for key m003_oldmale-word-wä-K003M-03
VLOG[2] (compute-mfcc-feats[5.2.132~9-82686]:main():compute-mfcc-feats.cc:173) Processed features for key m004_oldmale-word-aroha-K004M-07
VLOG[2] (compute-mfcc-feats[5.2.132~9-82686]:main():compute-mfcc-feats.cc:173) Processed features for key m004_oldmale-word-aroha-K004M-09a
VLOG[2] (compute-mfcc-feats[5.2.132~9-82686]:main():compute-mfcc-feats.cc:173) Processed features for key m004_oldmale-word-aroha-K004M-09b
VLOG[2] (compute-mfcc-feats[5.2.132~9-82686]:main():compute-mfcc-feats.cc:173) Processed features for key m004_oldmale-word-aroha-K004M-10
LOG (compute-mfcc-feats[5.2.132~9-82686]:main():compute-mfcc-feats.cc:172) Processed 340 utterances
VLOG[2] (compute-mfcc-feats[5.2.132~9-82686]:main():compute-mfcc-feats.cc:173) Processed features for key m004_oldmale-word-awa-K004M-11a
VLOG[2] (compute-mfcc-feats[5.2.132~9-82686]:main():compute-mfcc-feats.cc:173) Processed features for key m004_oldmale-word-awa-K004M-11b
VLOG[2] (compute-mfcc-feats[5.2.132~9-82686]:main():compute-mfcc-feats.cc:173) Processed features for key m004_oldmale-word-awa-K004M-11c
VLOG[2] (compute-mfcc-feats[5.2.132~9-82686]:main():compute-mfcc-feats.cc:173) Processed features for key m004_oldmale-word-awa-K004M-11d
VLOG[2] (compute-mfcc-feats[5.2.132~9-82686]:main():compute-mfcc-feats.cc:173) Processed features for key m004_oldmale-word-awa-K004M-12a
VLOG[2] (compute-mfcc-feats[5.2.132~9-82686]:main():compute-mfcc-feats.cc:173) Processed features for key m004_oldmale-word-awa-K004M-12b
VLOG[2] (compute-mfcc-feats[5.2.132~9-82686]:main():compute-mfcc-feats.cc:173) Processed features for key m004_oldmale-word-awa-K004M-12c
VLOG[2] (compute-mfcc-feats[5.2.132~9-82686]:main():compute-mfcc-feats.cc:173) Processed features for key m004_oldmale-word-awa-K004M-12d
VLOG[2] (compute-mfcc-feats[5.2.132~9-82686]:main():compute-mfcc-feats.cc:173) Processed features for key m004_oldmale-word-haere_mai-K004M-01
VLOG[2] (compute-mfcc-feats[5.2.132~9-82686]:main():compute-mfcc-feats.cc:173) Processed features for key m004_oldmale-word-haere_mai-K004M-03
LOG (compute-mfcc-feats[5.2.132~9-82686]:main():compute-mfcc-feats.cc:172) Processed 350 utterances
VLOG[2] (compute-mfcc-feats[5.2.132~9-82686]:main():compute-mfcc-feats.cc:173) Processed features for key m004_oldmale-word-haere_mai-K004M-04a
VLOG[2] (compute-mfcc-feats[5.2.132~9-82686]:main():compute-mfcc-feats.cc:173) Processed features for key m004_oldmale-word-haere_mai-K004M-04b
VLOG[2] (compute-mfcc-feats[5.2.132~9-82686]:main():compute-mfcc-feats.cc:173) Processed features for key m004_oldmale-word-haere_mai-K004M-05
VLOG[2] (compute-mfcc-feats[5.2.132~9-82686]:main():compute-mfcc-feats.cc:173) Processed features for key m004_oldmale-word-haere_mai-K004M-06
VLOG[2] (compute-mfcc-feats[5.2.132~9-82686]:main():compute-mfcc-feats.cc:173) Processed features for key m004_oldmale-word-hau-K004M
VLOG[2] (compute-mfcc-feats[5.2.132~9-82686]:main():compute-mfcc-feats.cc:173) Processed features for key m004_oldmale-word-hei-K004M
VLOG[2] (compute-mfcc-feats[5.2.132~9-82686]:main():compute-mfcc-feats.cc:173) Processed features for key m004_oldmale-word-hoe-K004M
VLOG[2] (compute-mfcc-feats[5.2.132~9-82686]:main():compute-mfcc-feats.cc:173) Processed features for key m004_oldmale-word-hoihoi-K004M
VLOG[2] (compute-mfcc-feats[5.2.132~9-82686]:main():compute-mfcc-feats.cc:173) Processed features for key m004_oldmale-word-hou-K004M
VLOG[2] (compute-mfcc-feats[5.2.132~9-82686]:main():compute-mfcc-feats.cc:173) Processed features for key m004_oldmale-word-hängi-K004M-10
LOG (compute-mfcc-feats[5.2.132~9-82686]:main():compute-mfcc-feats.cc:172) Processed 360 utterances
VLOG[2] (compute-mfcc-feats[5.2.132~9-82686]:main():compute-mfcc-feats.cc:173) Processed features for key m004_oldmale-word-hë-K004M
VLOG[2] (compute-mfcc-feats[5.2.132~9-82686]:main():compute-mfcc-feats.cc:173) Processed features for key m004_oldmale-word-hï-K004M
VLOG[2] (compute-mfcc-feats[5.2.132~9-82686]:main():compute-mfcc-feats.cc:173) Processed features for key m004_oldmale-word-iwa-K004M-02a
VLOG[2] (compute-mfcc-feats[5.2.132~9-82686]:main():compute-mfcc-feats.cc:173) Processed features for key m004_oldmale-word-iwa-K004M-02b
VLOG[2] (compute-mfcc-feats[5.2.132~9-82686]:main():compute-mfcc-feats.cc:173) Processed features for key m004_oldmale-word-iwa-K004M-03
VLOG[2] (compute-mfcc-feats[5.2.132~9-82686]:main():compute-mfcc-feats.cc:173) Processed features for key m004_oldmale-word-iwa-K004M-06a
VLOG[2] (compute-mfcc-feats[5.2.132~9-82686]:main():compute-mfcc-feats.cc:173) Processed features for key m004_oldmale-word-iwa-K004M-06b
VLOG[2] (compute-mfcc-feats[5.2.132~9-82686]:main():compute-mfcc-feats.cc:173) Processed features for key m004_oldmale-word-iwa-K004M-08
VLOG[2] (compute-mfcc-feats[5.2.132~9-82686]:main():compute-mfcc-feats.cc:173) Processed features for key m004_oldmale-word-iwi-K004M-01
VLOG[2] (compute-mfcc-feats[5.2.132~9-82686]:main():compute-mfcc-feats.cc:173) Processed features for key m004_oldmale-word-iwi-K004M-02
LOG (compute-mfcc-feats[5.2.132~9-82686]:main():compute-mfcc-feats.cc:172) Processed 370 utterances
VLOG[2] (compute-mfcc-feats[5.2.132~9-82686]:main():compute-mfcc-feats.cc:173) Processed features for key m004_oldmale-word-iwi-K004M-04a
VLOG[2] (compute-mfcc-feats[5.2.132~9-82686]:main():compute-mfcc-feats.cc:173) Processed features for key m004_oldmale-word-iwi-K004M-04b
VLOG[2] (compute-mfcc-feats[5.2.132~9-82686]:main():compute-mfcc-feats.cc:173) Processed features for key m004_oldmale-word-iwi-K004M-09a
VLOG[2] (compute-mfcc-feats[5.2.132~9-82686]:main():compute-mfcc-feats.cc:173) Processed features for key m004_oldmale-word-iwi-K004M-09b
VLOG[2] (compute-mfcc-feats[5.2.132~9-82686]:main():compute-mfcc-feats.cc:173) Processed features for key m004_oldmale-word-ka_pai-K004M-03
VLOG[2] (compute-mfcc-feats[5.2.132~9-82686]:main():compute-mfcc-feats.cc:173) Processed features for key m004_oldmale-word-ka_pai-K004M-04
VLOG[2] (compute-mfcc-feats[5.2.132~9-82686]:main():compute-mfcc-feats.cc:173) Processed features for key m004_oldmale-word-karakia-K004M-11a
VLOG[2] (compute-mfcc-feats[5.2.132~9-82686]:main():compute-mfcc-feats.cc:173) Processed features for key m004_oldmale-word-karakia-K004M-11b
VLOG[2] (compute-mfcc-feats[5.2.132~9-82686]:main():compute-mfcc-feats.cc:173) Processed features for key m004_oldmale-word-karakia-K004M-11c
VLOG[2] (compute-mfcc-feats[5.2.132~9-82686]:main():compute-mfcc-feats.cc:173) Processed features for key m004_oldmale-word-karakia-K004M-12a
LOG (compute-mfcc-feats[5.2.132~9-82686]:main():compute-mfcc-feats.cc:172) Processed 380 utterances
VLOG[2] (compute-mfcc-feats[5.2.132~9-82686]:main():compute-mfcc-feats.cc:173) Processed features for key m004_oldmale-word-karakia-K004M-12b
VLOG[2] (compute-mfcc-feats[5.2.132~9-82686]:main():compute-mfcc-feats.cc:173) Processed features for key m004_oldmale-word-karakia-K004M-12c
VLOG[2] (compute-mfcc-feats[5.2.132~9-82686]:main():compute-mfcc-feats.cc:173) Processed features for key m004_oldmale-word-karanga-K004M-03
VLOG[2] (compute-mfcc-feats[5.2.132~9-82686]:main():compute-mfcc-feats.cc:173) Processed features for key m004_oldmale-word-karanga-K004M-04
VLOG[2] (compute-mfcc-feats[5.2.132~9-82686]:main():compute-mfcc-feats.cc:173) Processed features for key m004_oldmale-word-karanga-K004M-12
VLOG[2] (compute-mfcc-feats[5.2.132~9-82686]:main():compute-mfcc-feats.cc:173) Processed features for key m004_oldmale-word-kaumätua-K004M-09a
VLOG[2] (compute-mfcc-feats[5.2.132~9-82686]:main():compute-mfcc-feats.cc:173) Processed features for key m004_oldmale-word-kaumätua-K004M-09b
VLOG[2] (compute-mfcc-feats[5.2.132~9-82686]:main():compute-mfcc-feats.cc:173) Processed features for key m004_oldmale-word-kaumätua-K004M-10
VLOG[2] (compute-mfcc-feats[5.2.132~9-82686]:main():compute-mfcc-feats.cc:173) Processed features for key m004_oldmale-word-kaumätua-K004M-11
VLOG[2] (compute-mfcc-feats[5.2.132~9-82686]:main():compute-mfcc-feats.cc:173) Processed features for key m004_oldmale-word-kaumätua-K004M-12
LOG (compute-mfcc-feats[5.2.132~9-82686]:main():compute-mfcc-feats.cc:172) Processed 390 utterances
VLOG[2] (compute-mfcc-feats[5.2.132~9-82686]:main():compute-mfcc-feats.cc:173) Processed features for key m004_oldmale-word-kei-K004M
VLOG[2] (compute-mfcc-feats[5.2.132~9-82686]:main():compute-mfcc-feats.cc:173) Processed features for key m004_oldmale-word-kia_ora-K004M-01a1
VLOG[2] (compute-mfcc-feats[5.2.132~9-82686]:main():compute-mfcc-feats.cc:173) Processed features for key m004_oldmale-word-kia_ora-K004M-01a2
VLOG[2] (compute-mfcc-feats[5.2.132~9-82686]:main():compute-mfcc-feats.cc:173) Processed features for key m004_oldmale-word-kia_ora-K004M-02
VLOG[2] (compute-mfcc-feats[5.2.132~9-82686]:main():compute-mfcc-feats.cc:173) Processed features for key m004_oldmale-word-kia_ora-K004M-07a1
VLOG[2] (compute-mfcc-feats[5.2.132~9-82686]:main():compute-mfcc-feats.cc:173) Processed features for key m004_oldmale-word-kia_ora-K004M-07a2
VLOG[2] (compute-mfcc-feats[5.2.132~9-82686]:main():compute-mfcc-feats.cc:173) Processed features for key m004_oldmale-word-kia_ora-K004M-08a
VLOG[2] (compute-mfcc-feats[5.2.132~9-82686]:main():compute-mfcc-feats.cc:173) Processed features for key m004_oldmale-word-kia_ora-K004M-08b
VLOG[2] (compute-mfcc-feats[5.2.132~9-82686]:main():compute-mfcc-feats.cc:173) Processed features for key m004_oldmale-word-käinga-K004M-02a
VLOG[2] (compute-mfcc-feats[5.2.132~9-82686]:main():compute-mfcc-feats.cc:173) Processed features for key m004_oldmale-word-käinga-K004M-02b
LOG (compute-mfcc-feats[5.2.132~9-82686]:main():compute-mfcc-feats.cc:172) Processed 400 utterances
VLOG[2] (compute-mfcc-feats[5.2.132~9-82686]:main():compute-mfcc-feats.cc:173) Processed features for key m004_oldmale-word-käinga-K004M-02c
VLOG[2] (compute-mfcc-feats[5.2.132~9-82686]:main():compute-mfcc-feats.cc:173) Processed features for key m004_oldmale-word-käinga-K004M-03a
VLOG[2] (compute-mfcc-feats[5.2.132~9-82686]:main():compute-mfcc-feats.cc:173) Processed features for key m004_oldmale-word-käinga-K004M-03b
VLOG[2] (compute-mfcc-feats[5.2.132~9-82686]:main():compute-mfcc-feats.cc:173) Processed features for key m004_oldmale-word-käinga-K004M-11a
VLOG[2] (compute-mfcc-feats[5.2.132~9-82686]:main():compute-mfcc-feats.cc:173) Processed features for key m004_oldmale-word-käinga-K004M-11b
VLOG[2] (compute-mfcc-feats[5.2.132~9-82686]:main():compute-mfcc-feats.cc:173) Processed features for key m004_oldmale-word-käinga-K004M-12a
VLOG[2] (compute-mfcc-feats[5.2.132~9-82686]:main():compute-mfcc-feats.cc:173) Processed features for key m004_oldmale-word-käinga-K004M-12b
VLOG[2] (compute-mfcc-feats[5.2.132~9-82686]:main():compute-mfcc-feats.cc:173) Processed features for key m004_oldmale-word-kë-K004M
VLOG[2] (compute-mfcc-feats[5.2.132~9-82686]:main():compute-mfcc-feats.cc:173) Processed features for key m004_oldmale-word-kï-K004M
VLOG[2] (compute-mfcc-feats[5.2.132~9-82686]:main():compute-mfcc-feats.cc:173) Processed features for key m004_oldmale-word-körero-K004M-01
LOG (compute-mfcc-feats[5.2.132~9-82686]:main():compute-mfcc-feats.cc:172) Processed 410 utterances
VLOG[2] (compute-mfcc-feats[5.2.132~9-82686]:main():compute-mfcc-feats.cc:173) Processed features for key m004_oldmale-word-körero-K004M-03a
VLOG[2] (compute-mfcc-feats[5.2.132~9-82686]:main():compute-mfcc-feats.cc:173) Processed features for key m004_oldmale-word-körero-K004M-03b
VLOG[2] (compute-mfcc-feats[5.2.132~9-82686]:main():compute-mfcc-feats.cc:173) Processed features for key m004_oldmale-word-körero-K004M-05
VLOG[2] (compute-mfcc-feats[5.2.132~9-82686]:main():compute-mfcc-feats.cc:173) Processed features for key m004_oldmale-word-mao-K004M
VLOG[2] (compute-mfcc-feats[5.2.132~9-82686]:main():compute-mfcc-feats.cc:173) Processed features for key m004_oldmale-word-marae-K004M-01a
VLOG[2] (compute-mfcc-feats[5.2.132~9-82686]:main():compute-mfcc-feats.cc:173) Processed features for key m004_oldmale-word-marae-K004M-01b
VLOG[2] (compute-mfcc-feats[5.2.132~9-82686]:main():compute-mfcc-feats.cc:173) Processed features for key m004_oldmale-word-marae-K004M-01c
VLOG[2] (compute-mfcc-feats[5.2.132~9-82686]:main():compute-mfcc-feats.cc:173) Processed features for key m004_oldmale-word-marae-K004M-09
VLOG[2] (compute-mfcc-feats[5.2.132~9-82686]:main():compute-mfcc-feats.cc:173) Processed features for key m004_oldmale-word-marae-K004M-10a
VLOG[2] (compute-mfcc-feats[5.2.132~9-82686]:main():compute-mfcc-feats.cc:173) Processed features for key m004_oldmale-word-marae-K004M-10b
LOG (compute-mfcc-feats[5.2.132~9-82686]:main():compute-mfcc-feats.cc:172) Processed 420 utterances
VLOG[2] (compute-mfcc-feats[5.2.132~9-82686]:main():compute-mfcc-feats.cc:173) Processed features for key m004_oldmale-word-marae-K004M-11
VLOG[2] (compute-mfcc-feats[5.2.132~9-82686]:main():compute-mfcc-feats.cc:173) Processed features for key m004_oldmale-word-marae-K004M-12
VLOG[2] (compute-mfcc-feats[5.2.132~9-82686]:main():compute-mfcc-feats.cc:173) Processed features for key m004_oldmale-word-matiu-K004M
VLOG[2] (compute-mfcc-feats[5.2.132~9-82686]:main():compute-mfcc-feats.cc:173) Processed features for key m004_oldmale-word-mau-K004M
VLOG[2] (compute-mfcc-feats[5.2.132~9-82686]:main():compute-mfcc-feats.cc:173) Processed features for key m004_oldmale-word-maunga-K004M-02a
VLOG[2] (compute-mfcc-feats[5.2.132~9-82686]:main():compute-mfcc-feats.cc:173) Processed features for key m004_oldmale-word-maunga-K004M-02b1
VLOG[2] (compute-mfcc-feats[5.2.132~9-82686]:main():compute-mfcc-feats.cc:173) Processed features for key m004_oldmale-word-maunga-K004M-02b2
VLOG[2] (compute-mfcc-feats[5.2.132~9-82686]:main():compute-mfcc-feats.cc:173) Processed features for key m004_oldmale-word-mihi-K004M-01
VLOG[2] (compute-mfcc-feats[5.2.132~9-82686]:main():compute-mfcc-feats.cc:173) Processed features for key m004_oldmale-word-mihi-K004M-09
VLOG[2] (compute-mfcc-feats[5.2.132~9-82686]:main():compute-mfcc-feats.cc:173) Processed features for key m004_oldmale-word-mihi-K004M-10a1
LOG (compute-mfcc-feats[5.2.132~9-82686]:main():compute-mfcc-feats.cc:172) Processed 430 utterances
VLOG[2] (compute-mfcc-feats[5.2.132~9-82686]:main():compute-mfcc-feats.cc:173) Processed features for key m004_oldmale-word-mihi-K004M-10a2
VLOG[2] (compute-mfcc-feats[5.2.132~9-82686]:main():compute-mfcc-feats.cc:173) Processed features for key m004_oldmale-word-mihi-K004M-10b
VLOG[2] (compute-mfcc-feats[5.2.132~9-82686]:main():compute-mfcc-feats.cc:173) Processed features for key m004_oldmale-word-moana-K004M-01
VLOG[2] (compute-mfcc-feats[5.2.132~9-82686]:main():compute-mfcc-feats.cc:173) Processed features for key m004_oldmale-word-moana-K004M-02a
VLOG[2] (compute-mfcc-feats[5.2.132~9-82686]:main():compute-mfcc-feats.cc:173) Processed features for key m004_oldmale-word-moana-K004M-02b
VLOG[2] (compute-mfcc-feats[5.2.132~9-82686]:main():compute-mfcc-feats.cc:173) Processed features for key m004_oldmale-word-moana-K004M-02c
VLOG[2] (compute-mfcc-feats[5.2.132~9-82686]:main():compute-mfcc-feats.cc:173) Processed features for key m004_oldmale-word-moana-K004M-08
VLOG[2] (compute-mfcc-feats[5.2.132~9-82686]:main():compute-mfcc-feats.cc:173) Processed features for key m004_oldmale-word-moutere-K004M
VLOG[2] (compute-mfcc-feats[5.2.132~9-82686]:main():compute-mfcc-feats.cc:173) Processed features for key m004_oldmale-word-mäori-K004M-05
VLOG[2] (compute-mfcc-feats[5.2.132~9-82686]:main():compute-mfcc-feats.cc:173) Processed features for key m004_oldmale-word-mätao-K004M
LOG (compute-mfcc-feats[5.2.132~9-82686]:main():compute-mfcc-feats.cc:172) Processed 440 utterances
VLOG[2] (compute-mfcc-feats[5.2.132~9-82686]:main():compute-mfcc-feats.cc:173) Processed features for key m004_oldmale-word-mätau-K004M
VLOG[2] (compute-mfcc-feats[5.2.132~9-82686]:main():compute-mfcc-feats.cc:173) Processed features for key m004_oldmale-word-mätou-K004M
VLOG[2] (compute-mfcc-feats[5.2.132~9-82686]:main():compute-mfcc-feats.cc:173) Processed features for key m004_oldmale-word-ono-K004M-03
VLOG[2] (compute-mfcc-feats[5.2.132~9-82686]:main():compute-mfcc-feats.cc:173) Processed features for key m004_oldmale-word-ono-K004M-08
VLOG[2] (compute-mfcc-feats[5.2.132~9-82686]:main():compute-mfcc-feats.cc:173) Processed features for key m004_oldmale-word-pao-K004M
VLOG[2] (compute-mfcc-feats[5.2.132~9-82686]:main():compute-mfcc-feats.cc:173) Processed features for key m004_oldmale-word-pau-K004M
VLOG[2] (compute-mfcc-feats[5.2.132~9-82686]:main():compute-mfcc-feats.cc:173) Processed features for key m004_oldmale-word-pou-K004M
VLOG[2] (compute-mfcc-feats[5.2.132~9-82686]:main():compute-mfcc-feats.cc:173) Processed features for key m004_oldmale-word-pö-K004M
VLOG[2] (compute-mfcc-feats[5.2.132~9-82686]:main():compute-mfcc-feats.cc:173) Processed features for key m004_oldmale-word-rima-K004M-03a
VLOG[2] (compute-mfcc-feats[5.2.132~9-82686]:main():compute-mfcc-feats.cc:173) Processed features for key m004_oldmale-word-rima-K004M-03b
LOG (compute-mfcc-feats[5.2.132~9-82686]:main():compute-mfcc-feats.cc:172) Processed 450 utterances
VLOG[2] (compute-mfcc-feats[5.2.132~9-82686]:main():compute-mfcc-feats.cc:173) Processed features for key m004_oldmale-word-rima-K004M-03c
VLOG[2] (compute-mfcc-feats[5.2.132~9-82686]:main():compute-mfcc-feats.cc:173) Processed features for key m004_oldmale-word-rima-K004M-04a
VLOG[2] (compute-mfcc-feats[5.2.132~9-82686]:main():compute-mfcc-feats.cc:173) Processed features for key m004_oldmale-word-rima-K004M-04b
VLOG[2] (compute-mfcc-feats[5.2.132~9-82686]:main():compute-mfcc-feats.cc:173) Processed features for key m004_oldmale-word-rima-K004M-08a
VLOG[2] (compute-mfcc-feats[5.2.132~9-82686]:main():compute-mfcc-feats.cc:173) Processed features for key m004_oldmale-word-rima-K004M-08b1
VLOG[2] (compute-mfcc-feats[5.2.132~9-82686]:main():compute-mfcc-feats.cc:173) Processed features for key m004_oldmale-word-rima-K004M-08b2
VLOG[2] (compute-mfcc-feats[5.2.132~9-82686]:main():compute-mfcc-feats.cc:173) Processed features for key m004_oldmale-word-rima-K004M-08c
VLOG[2] (compute-mfcc-feats[5.2.132~9-82686]:main():compute-mfcc-feats.cc:173) Processed features for key m004_oldmale-word-rua-K004M-01
VLOG[2] (compute-mfcc-feats[5.2.132~9-82686]:main():compute-mfcc-feats.cc:173) Processed features for key m004_oldmale-word-rua-K004M-04
VLOG[2] (compute-mfcc-feats[5.2.132~9-82686]:main():compute-mfcc-feats.cc:173) Processed features for key m004_oldmale-word-tae-K004M
LOG (compute-mfcc-feats[5.2.132~9-82686]:main():compute-mfcc-feats.cc:172) Processed 460 utterances
VLOG[2] (compute-mfcc-feats[5.2.132~9-82686]:main():compute-mfcc-feats.cc:173) Processed features for key m004_oldmale-word-tahi-K004M-01
VLOG[2] (compute-mfcc-feats[5.2.132~9-82686]:main():compute-mfcc-feats.cc:173) Processed features for key m004_oldmale-word-tahi-K004M-05
VLOG[2] (compute-mfcc-feats[5.2.132~9-82686]:main():compute-mfcc-feats.cc:173) Processed features for key m004_oldmale-word-tahi-K004M-07
VLOG[2] (compute-mfcc-feats[5.2.132~9-82686]:main():compute-mfcc-feats.cc:173) Processed features for key m004_oldmale-word-tai-K004M
VLOG[2] (compute-mfcc-feats[5.2.132~9-82686]:main():compute-mfcc-feats.cc:173) Processed features for key m004_oldmale-word-tamariki-K004M-03a
VLOG[2] (compute-mfcc-feats[5.2.132~9-82686]:main():compute-mfcc-feats.cc:173) Processed features for key m004_oldmale-word-tamariki-K004M-03b
VLOG[2] (compute-mfcc-feats[5.2.132~9-82686]:main():compute-mfcc-feats.cc:173) Processed features for key m004_oldmale-word-tamariki-K004M-04a
VLOG[2] (compute-mfcc-feats[5.2.132~9-82686]:main():compute-mfcc-feats.cc:173) Processed features for key m004_oldmale-word-tamariki-K004M-04b
VLOG[2] (compute-mfcc-feats[5.2.132~9-82686]:main():compute-mfcc-feats.cc:173) Processed features for key m004_oldmale-word-tamariki-K004M-06a
VLOG[2] (compute-mfcc-feats[5.2.132~9-82686]:main():compute-mfcc-feats.cc:173) Processed features for key m004_oldmale-word-tamariki-K004M-06b
LOG (compute-mfcc-feats[5.2.132~9-82686]:main():compute-mfcc-feats.cc:172) Processed 470 utterances
VLOG[2] (compute-mfcc-feats[5.2.132~9-82686]:main():compute-mfcc-feats.cc:173) Processed features for key m004_oldmale-word-tamariki-K004M-07
VLOG[2] (compute-mfcc-feats[5.2.132~9-82686]:main():compute-mfcc-feats.cc:173) Processed features for key m004_oldmale-word-tamariki-K004M-08
VLOG[2] (compute-mfcc-feats[5.2.132~9-82686]:main():compute-mfcc-feats.cc:173) Processed features for key m004_oldmale-word-tamariki-K004M-11
VLOG[2] (compute-mfcc-feats[5.2.132~9-82686]:main():compute-mfcc-feats.cc:173) Processed features for key m004_oldmale-word-tamariki-K004M-12
VLOG[2] (compute-mfcc-feats[5.2.132~9-82686]:main():compute-mfcc-feats.cc:173) Processed features for key m004_oldmale-word-tauhou-K004M-11
VLOG[2] (compute-mfcc-feats[5.2.132~9-82686]:main():compute-mfcc-feats.cc:173) Processed features for key m004_oldmale-word-tauhou-K004M-12
VLOG[2] (compute-mfcc-feats[5.2.132~9-82686]:main():compute-mfcc-feats.cc:173) Processed features for key m004_oldmale-word-tekau-K004M-03a
VLOG[2] (compute-mfcc-feats[5.2.132~9-82686]:main():compute-mfcc-feats.cc:173) Processed features for key m004_oldmale-word-tekau-K004M-03b
VLOG[2] (compute-mfcc-feats[5.2.132~9-82686]:main():compute-mfcc-feats.cc:173) Processed features for key m004_oldmale-word-tekau-K004M-04a
VLOG[2] (compute-mfcc-feats[5.2.132~9-82686]:main():compute-mfcc-feats.cc:173) Processed features for key m004_oldmale-word-tekau-K004M-04b
LOG (compute-mfcc-feats[5.2.132~9-82686]:main():compute-mfcc-feats.cc:172) Processed 480 utterances
VLOG[2] (compute-mfcc-feats[5.2.132~9-82686]:main():compute-mfcc-feats.cc:173) Processed features for key m004_oldmale-word-tekau-K004M-06
VLOG[2] (compute-mfcc-feats[5.2.132~9-82686]:main():compute-mfcc-feats.cc:173) Processed features for key m004_oldmale-word-tekau-K004M-07
VLOG[2] (compute-mfcc-feats[5.2.132~9-82686]:main():compute-mfcc-feats.cc:173) Processed features for key m004_oldmale-word-tekau-K004M-08a
VLOG[2] (compute-mfcc-feats[5.2.132~9-82686]:main():compute-mfcc-feats.cc:173) Processed features for key m004_oldmale-word-tekau-K004M-08b
VLOG[2] (compute-mfcc-feats[5.2.132~9-82686]:main():compute-mfcc-feats.cc:173) Processed features for key m004_oldmale-word-tekau-K004M-08c
VLOG[2] (compute-mfcc-feats[5.2.132~9-82686]:main():compute-mfcc-feats.cc:173) Processed features for key m004_oldmale-word-tikanga-K004M-03a
VLOG[2] (compute-mfcc-feats[5.2.132~9-82686]:main():compute-mfcc-feats.cc:173) Processed features for key m004_oldmale-word-tikanga-K004M-03b
VLOG[2] (compute-mfcc-feats[5.2.132~9-82686]:main():compute-mfcc-feats.cc:173) Processed features for key m004_oldmale-word-tikanga-K004M-04
VLOG[2] (compute-mfcc-feats[5.2.132~9-82686]:main():compute-mfcc-feats.cc:173) Processed features for key m004_oldmale-word-tikanga-K004M-06
VLOG[2] (compute-mfcc-feats[5.2.132~9-82686]:main():compute-mfcc-feats.cc:173) Processed features for key m004_oldmale-word-tikanga-K004M-07a
LOG (compute-mfcc-feats[5.2.132~9-82686]:main():compute-mfcc-feats.cc:172) Processed 490 utterances
VLOG[2] (compute-mfcc-feats[5.2.132~9-82686]:main():compute-mfcc-feats.cc:173) Processed features for key m004_oldmale-word-tikanga-K004M-07b1
VLOG[2] (compute-mfcc-feats[5.2.132~9-82686]:main():compute-mfcc-feats.cc:173) Processed features for key m004_oldmale-word-tikanga-K004M-07b2
VLOG[2] (compute-mfcc-feats[5.2.132~9-82686]:main():compute-mfcc-feats.cc:173) Processed features for key m004_oldmale-word-tikanga-K004M-10
VLOG[2] (compute-mfcc-feats[5.2.132~9-82686]:main():compute-mfcc-feats.cc:173) Processed features for key m004_oldmale-word-toetoe-K004M
VLOG[2] (compute-mfcc-feats[5.2.132~9-82686]:main():compute-mfcc-feats.cc:173) Processed features for key m004_oldmale-word-toi-K004M
VLOG[2] (compute-mfcc-feats[5.2.132~9-82686]:main():compute-mfcc-feats.cc:173) Processed features for key m004_oldmale-word-toru-K004M-02
VLOG[2] (compute-mfcc-feats[5.2.132~9-82686]:main():compute-mfcc-feats.cc:173) Processed features for key m004_oldmale-word-toru-K004M-03
VLOG[2] (compute-mfcc-feats[5.2.132~9-82686]:main():compute-mfcc-feats.cc:173) Processed features for key m004_oldmale-word-toru-K004M-05a
VLOG[2] (compute-mfcc-feats[5.2.132~9-82686]:main():compute-mfcc-feats.cc:173) Processed features for key m004_oldmale-word-toru-K004M-05b
VLOG[2] (compute-mfcc-feats[5.2.132~9-82686]:main():compute-mfcc-feats.cc:173) Processed features for key m004_oldmale-word-toru-K004M-07
LOG (compute-mfcc-feats[5.2.132~9-82686]:main():compute-mfcc-feats.cc:172) Processed 500 utterances
VLOG[2] (compute-mfcc-feats[5.2.132~9-82686]:main():compute-mfcc-feats.cc:173) Processed features for key m004_oldmale-word-toru-K004M-08
VLOG[2] (compute-mfcc-feats[5.2.132~9-82686]:main():compute-mfcc-feats.cc:173) Processed features for key m004_oldmale-word-täne-K004M
VLOG[2] (compute-mfcc-feats[5.2.132~9-82686]:main():compute-mfcc-feats.cc:173) Processed features for key m004_oldmale-word-tënei-K004M
VLOG[2] (compute-mfcc-feats[5.2.132~9-82686]:main():compute-mfcc-feats.cc:173) Processed features for key m004_oldmale-word-tënä_koe-K004M-01
VLOG[2] (compute-mfcc-feats[5.2.132~9-82686]:main():compute-mfcc-feats.cc:173) Processed features for key m004_oldmale-word-tïmata-K004M-04
VLOG[2] (compute-mfcc-feats[5.2.132~9-82686]:main():compute-mfcc-feats.cc:173) Processed features for key m004_oldmale-word-tïmata-K004M-08
VLOG[2] (compute-mfcc-feats[5.2.132~9-82686]:main():compute-mfcc-feats.cc:173) Processed features for key m004_oldmale-word-tïmata-K004M-11
VLOG[2] (compute-mfcc-feats[5.2.132~9-82686]:main():compute-mfcc-feats.cc:173) Processed features for key m004_oldmale-word-tü-K004M
VLOG[2] (compute-mfcc-feats[5.2.132~9-82686]:main():compute-mfcc-feats.cc:173) Processed features for key m004_oldmale-word-türanga-K004M-06
VLOG[2] (compute-mfcc-feats[5.2.132~9-82686]:main():compute-mfcc-feats.cc:173) Processed features for key m004_oldmale-word-türanga-K004M-10
LOG (compute-mfcc-feats[5.2.132~9-82686]:main():compute-mfcc-feats.cc:172) Processed 510 utterances
VLOG[2] (compute-mfcc-feats[5.2.132~9-82686]:main():compute-mfcc-feats.cc:173) Processed features for key m004_oldmale-word-wairua-K004M-01
VLOG[2] (compute-mfcc-feats[5.2.132~9-82686]:main():compute-mfcc-feats.cc:173) Processed features for key m004_oldmale-word-wairua-K004M-02
VLOG[2] (compute-mfcc-feats[5.2.132~9-82686]:main():compute-mfcc-feats.cc:173) Processed features for key m004_oldmale-word-wairua-K004M-10
VLOG[2] (compute-mfcc-feats[5.2.132~9-82686]:main():compute-mfcc-feats.cc:173) Processed features for key m004_oldmale-word-waka-K004M-03
VLOG[2] (compute-mfcc-feats[5.2.132~9-82686]:main():compute-mfcc-feats.cc:173) Processed features for key m004_oldmale-word-waka-K004M-11
VLOG[2] (compute-mfcc-feats[5.2.132~9-82686]:main():compute-mfcc-feats.cc:173) Processed features for key m004_oldmale-word-waka-K004M-12
VLOG[2] (compute-mfcc-feats[5.2.132~9-82686]:main():compute-mfcc-feats.cc:173) Processed features for key m004_oldmale-word-waru-K004M-03a
VLOG[2] (compute-mfcc-feats[5.2.132~9-82686]:main():compute-mfcc-feats.cc:173) Processed features for key m004_oldmale-word-waru-K004M-03b
VLOG[2] (compute-mfcc-feats[5.2.132~9-82686]:main():compute-mfcc-feats.cc:173) Processed features for key m004_oldmale-word-whare-K004M-05
VLOG[2] (compute-mfcc-feats[5.2.132~9-82686]:main():compute-mfcc-feats.cc:173) Processed features for key m004_oldmale-word-whare-K004M-06
LOG (compute-mfcc-feats[5.2.132~9-82686]:main():compute-mfcc-feats.cc:172) Processed 520 utterances
VLOG[2] (compute-mfcc-feats[5.2.132~9-82686]:main():compute-mfcc-feats.cc:173) Processed features for key m004_oldmale-word-whare-K004M-12
VLOG[2] (compute-mfcc-feats[5.2.132~9-82686]:main():compute-mfcc-feats.cc:173) Processed features for key m004_oldmale-word-whänau-K004M-11a1
VLOG[2] (compute-mfcc-feats[5.2.132~9-82686]:main():compute-mfcc-feats.cc:173) Processed features for key m004_oldmale-word-whänau-K004M-11a2
VLOG[2] (compute-mfcc-feats[5.2.132~9-82686]:main():compute-mfcc-feats.cc:173) Processed features for key m004_oldmale-word-whänau-K004M-11b
VLOG[2] (compute-mfcc-feats[5.2.132~9-82686]:main():compute-mfcc-feats.cc:173) Processed features for key m004_oldmale-word-whänau-K004M-12a
VLOG[2] (compute-mfcc-feats[5.2.132~9-82686]:main():compute-mfcc-feats.cc:173) Processed features for key m004_oldmale-word-whänau-K004M-12b
VLOG[2] (compute-mfcc-feats[5.2.132~9-82686]:main():compute-mfcc-feats.cc:173) Processed features for key m004_oldmale-word-wä-K004M-02a
VLOG[2] (compute-mfcc-feats[5.2.132~9-82686]:main():compute-mfcc-feats.cc:173) Processed features for key m004_oldmale-word-wä-K004M-02b
VLOG[2] (compute-mfcc-feats[5.2.132~9-82686]:main():compute-mfcc-feats.cc:173) Processed features for key m004_oldmale-word-wä-K004M-04
VLOG[2] (compute-mfcc-feats[5.2.132~9-82686]:main():compute-mfcc-feats.cc:173) Processed features for key m004_oldmale-word-wä-K004M-10
LOG (compute-mfcc-feats[5.2.132~9-82686]:main():compute-mfcc-feats.cc:172) Processed 530 utterances
VLOG[2] (compute-mfcc-feats[5.2.132~9-82686]:main():compute-mfcc-feats.cc:173) Processed features for key m004_oldmale-word-wähi-K004M-01
VLOG[2] (compute-mfcc-feats[5.2.132~9-82686]:main():compute-mfcc-feats.cc:173) Processed features for key m004_oldmale-word-wähi-K004M-04a
VLOG[2] (compute-mfcc-feats[5.2.132~9-82686]:main():compute-mfcc-feats.cc:173) Processed features for key m004_oldmale-word-wähi-K004M-04b
VLOG[2] (compute-mfcc-feats[5.2.132~9-82686]:main():compute-mfcc-feats.cc:173) Processed features for key m004_oldmale-word-wähi-K004M-05
VLOG[2] (compute-mfcc-feats[5.2.132~9-82686]:main():compute-mfcc-feats.cc:173) Processed features for key m004_oldmale-word-wähi-K004M-08
VLOG[2] (compute-mfcc-feats[5.2.132~9-82686]:main():compute-mfcc-feats.cc:173) Processed features for key m004_oldmale-word-wähi-K004M-11
VLOG[2] (compute-mfcc-feats[5.2.132~9-82686]:main():compute-mfcc-feats.cc:173) Processed features for key m004_oldmale-word-wähi-K004M-12
VLOG[2] (compute-mfcc-feats[5.2.132~9-82686]:main():compute-mfcc-feats.cc:173) Processed features for key m005_oldmale-word-awa-K005M-01
VLOG[2] (compute-mfcc-feats[5.2.132~9-82686]:main():compute-mfcc-feats.cc:173) Processed features for key m005_oldmale-word-awa-K005M-06a
VLOG[2] (compute-mfcc-feats[5.2.132~9-82686]:main():compute-mfcc-feats.cc:173) Processed features for key m005_oldmale-word-awa-K005M-06b
LOG (compute-mfcc-feats[5.2.132~9-82686]:main():compute-mfcc-feats.cc:172) Processed 540 utterances
VLOG[2] (compute-mfcc-feats[5.2.132~9-82686]:main():compute-mfcc-feats.cc:173) Processed features for key m005_oldmale-word-awa-K005M-06c
VLOG[2] (compute-mfcc-feats[5.2.132~9-82686]:main():compute-mfcc-feats.cc:173) Processed features for key m005_oldmale-word-awa-K005M-06d
VLOG[2] (compute-mfcc-feats[5.2.132~9-82686]:main():compute-mfcc-feats.cc:173) Processed features for key m005_oldmale-word-e_noho-K005M-06
VLOG[2] (compute-mfcc-feats[5.2.132~9-82686]:main():compute-mfcc-feats.cc:173) Processed features for key m005_oldmale-word-e_noho-K005M-10
VLOG[2] (compute-mfcc-feats[5.2.132~9-82686]:main():compute-mfcc-feats.cc:173) Processed features for key m005_oldmale-word-hapü-K005M-02a
VLOG[2] (compute-mfcc-feats[5.2.132~9-82686]:main():compute-mfcc-feats.cc:173) Processed features for key m005_oldmale-word-hapü-K005M-02b
VLOG[2] (compute-mfcc-feats[5.2.132~9-82686]:main():compute-mfcc-feats.cc:173) Processed features for key m005_oldmale-word-hau-K005M
VLOG[2] (compute-mfcc-feats[5.2.132~9-82686]:main():compute-mfcc-feats.cc:173) Processed features for key m005_oldmale-word-hei-K005M
VLOG[2] (compute-mfcc-feats[5.2.132~9-82686]:main():compute-mfcc-feats.cc:173) Processed features for key m005_oldmale-word-hoe-K005M
VLOG[2] (compute-mfcc-feats[5.2.132~9-82686]:main():compute-mfcc-feats.cc:173) Processed features for key m005_oldmale-word-hoihoi-K005M
LOG (compute-mfcc-feats[5.2.132~9-82686]:main():compute-mfcc-feats.cc:172) Processed 550 utterances
VLOG[2] (compute-mfcc-feats[5.2.132~9-82686]:main():compute-mfcc-feats.cc:173) Processed features for key m005_oldmale-word-hou-K005M
VLOG[2] (compute-mfcc-feats[5.2.132~9-82686]:main():compute-mfcc-feats.cc:173) Processed features for key m005_oldmale-word-hë-K005M
VLOG[2] (compute-mfcc-feats[5.2.132~9-82686]:main():compute-mfcc-feats.cc:173) Processed features for key m005_oldmale-word-hï-K005M
VLOG[2] (compute-mfcc-feats[5.2.132~9-82686]:main():compute-mfcc-feats.cc:173) Processed features for key m005_oldmale-word-iwa-K005M-01
VLOG[2] (compute-mfcc-feats[5.2.132~9-82686]:main():compute-mfcc-feats.cc:173) Processed features for key m005_oldmale-word-iwa-K005M-02
VLOG[2] (compute-mfcc-feats[5.2.132~9-82686]:main():compute-mfcc-feats.cc:173) Processed features for key m005_oldmale-word-iwa-K005M-03
VLOG[2] (compute-mfcc-feats[5.2.132~9-82686]:main():compute-mfcc-feats.cc:173) Processed features for key m005_oldmale-word-iwa-K005M-04
VLOG[2] (compute-mfcc-feats[5.2.132~9-82686]:main():compute-mfcc-feats.cc:173) Processed features for key m005_oldmale-word-iwa-K005M-09
VLOG[2] (compute-mfcc-feats[5.2.132~9-82686]:main():compute-mfcc-feats.cc:173) Processed features for key m005_oldmale-word-iwa-K005M-11
VLOG[2] (compute-mfcc-feats[5.2.132~9-82686]:main():compute-mfcc-feats.cc:173) Processed features for key m005_oldmale-word-iwi-K005M-06
LOG (compute-mfcc-feats[5.2.132~9-82686]:main():compute-mfcc-feats.cc:172) Processed 560 utterances
VLOG[2] (compute-mfcc-feats[5.2.132~9-82686]:main():compute-mfcc-feats.cc:173) Processed features for key m005_oldmale-word-iwi-K005M-07
VLOG[2] (compute-mfcc-feats[5.2.132~9-82686]:main():compute-mfcc-feats.cc:173) Processed features for key m005_oldmale-word-iwi-K005M-09a1
VLOG[2] (compute-mfcc-feats[5.2.132~9-82686]:main():compute-mfcc-feats.cc:173) Processed features for key m005_oldmale-word-iwi-K005M-09a2
VLOG[2] (compute-mfcc-feats[5.2.132~9-82686]:main():compute-mfcc-feats.cc:173) Processed features for key m005_oldmale-word-iwi-K005M-09a3
VLOG[2] (compute-mfcc-feats[5.2.132~9-82686]:main():compute-mfcc-feats.cc:173) Processed features for key m005_oldmale-word-iwi-K005M-09b
VLOG[2] (compute-mfcc-feats[5.2.132~9-82686]:main():compute-mfcc-feats.cc:173) Processed features for key m005_oldmale-word-iwi-K005M-09c1
VLOG[2] (compute-mfcc-feats[5.2.132~9-82686]:main():compute-mfcc-feats.cc:173) Processed features for key m005_oldmale-word-iwi-K005M-09c2
VLOG[2] (compute-mfcc-feats[5.2.132~9-82686]:main():compute-mfcc-feats.cc:173) Processed features for key m005_oldmale-word-iwi-K005M-09d
VLOG[2] (compute-mfcc-feats[5.2.132~9-82686]:main():compute-mfcc-feats.cc:173) Processed features for key m005_oldmale-word-iwi-K005M-09e
VLOG[2] (compute-mfcc-feats[5.2.132~9-82686]:main():compute-mfcc-feats.cc:173) Processed features for key m005_oldmale-word-iwi-K005M-10a
LOG (compute-mfcc-feats[5.2.132~9-82686]:main():compute-mfcc-feats.cc:172) Processed 570 utterances
VLOG[2] (compute-mfcc-feats[5.2.132~9-82686]:main():compute-mfcc-feats.cc:173) Processed features for key m005_oldmale-word-iwi-K005M-10b
VLOG[2] (compute-mfcc-feats[5.2.132~9-82686]:main():compute-mfcc-feats.cc:173) Processed features for key m005_oldmale-word-iwi-K005M-10c
VLOG[2] (compute-mfcc-feats[5.2.132~9-82686]:main():compute-mfcc-feats.cc:173) Processed features for key m005_oldmale-word-iwi-K005M-11a
VLOG[2] (compute-mfcc-feats[5.2.132~9-82686]:main():compute-mfcc-feats.cc:173) Processed features for key m005_oldmale-word-iwi-K005M-11b1
VLOG[2] (compute-mfcc-feats[5.2.132~9-82686]:main():compute-mfcc-feats.cc:173) Processed features for key m005_oldmale-word-iwi-K005M-11b2
VLOG[2] (compute-mfcc-feats[5.2.132~9-82686]:main():compute-mfcc-feats.cc:173) Processed features for key m005_oldmale-word-iwi-K005M-12a
VLOG[2] (compute-mfcc-feats[5.2.132~9-82686]:main():compute-mfcc-feats.cc:173) Processed features for key m005_oldmale-word-iwi-K005M-12b
VLOG[2] (compute-mfcc-feats[5.2.132~9-82686]:main():compute-mfcc-feats.cc:173) Processed features for key m005_oldmale-word-ka_pai-K005M-08a
VLOG[2] (compute-mfcc-feats[5.2.132~9-82686]:main():compute-mfcc-feats.cc:173) Processed features for key m005_oldmale-word-ka_pai-K005M-08b
VLOG[2] (compute-mfcc-feats[5.2.132~9-82686]:main():compute-mfcc-feats.cc:173) Processed features for key m005_oldmale-word-karakia-K005M-06a
LOG (compute-mfcc-feats[5.2.132~9-82686]:main():compute-mfcc-feats.cc:172) Processed 580 utterances
VLOG[2] (compute-mfcc-feats[5.2.132~9-82686]:main():compute-mfcc-feats.cc:173) Processed features for key m005_oldmale-word-karakia-K005M-06b
VLOG[2] (compute-mfcc-feats[5.2.132~9-82686]:main():compute-mfcc-feats.cc:173) Processed features for key m005_oldmale-word-karakia-K005M-06c
VLOG[2] (compute-mfcc-feats[5.2.132~9-82686]:main():compute-mfcc-feats.cc:173) Processed features for key m005_oldmale-word-kaumätua-K005M-06
VLOG[2] (compute-mfcc-feats[5.2.132~9-82686]:main():compute-mfcc-feats.cc:173) Processed features for key m005_oldmale-word-kei-K005M
VLOG[2] (compute-mfcc-feats[5.2.132~9-82686]:main():compute-mfcc-feats.cc:173) Processed features for key m005_oldmale-word-kia_ora-K005M-01
VLOG[2] (compute-mfcc-feats[5.2.132~9-82686]:main():compute-mfcc-feats.cc:173) Processed features for key m005_oldmale-word-kia_ora-K005M-03
VLOG[2] (compute-mfcc-feats[5.2.132~9-82686]:main():compute-mfcc-feats.cc:173) Processed features for key m005_oldmale-word-käinga-K005M-01a
VLOG[2] (compute-mfcc-feats[5.2.132~9-82686]:main():compute-mfcc-feats.cc:173) Processed features for key m005_oldmale-word-käinga-K005M-01b
VLOG[2] (compute-mfcc-feats[5.2.132~9-82686]:main():compute-mfcc-feats.cc:173) Processed features for key m005_oldmale-word-käinga-K005M-01c
VLOG[2] (compute-mfcc-feats[5.2.132~9-82686]:main():compute-mfcc-feats.cc:173) Processed features for key m005_oldmale-word-käinga-K005M-01d
LOG (compute-mfcc-feats[5.2.132~9-82686]:main():compute-mfcc-feats.cc:172) Processed 590 utterances
VLOG[2] (compute-mfcc-feats[5.2.132~9-82686]:main():compute-mfcc-feats.cc:173) Processed features for key m005_oldmale-word-käinga-K005M-01e
VLOG[2] (compute-mfcc-feats[5.2.132~9-82686]:main():compute-mfcc-feats.cc:173) Processed features for key m005_oldmale-word-käinga-K005M-02
VLOG[2] (compute-mfcc-feats[5.2.132~9-82686]:main():compute-mfcc-feats.cc:173) Processed features for key m005_oldmale-word-käinga-K005M-03a1
VLOG[2] (compute-mfcc-feats[5.2.132~9-82686]:main():compute-mfcc-feats.cc:173) Processed features for key m005_oldmale-word-käinga-K005M-03a2
VLOG[2] (compute-mfcc-feats[5.2.132~9-82686]:main():compute-mfcc-feats.cc:173) Processed features for key m005_oldmale-word-käinga-K005M-03b
VLOG[2] (compute-mfcc-feats[5.2.132~9-82686]:main():compute-mfcc-feats.cc:173) Processed features for key m005_oldmale-word-käinga-K005M-03c
VLOG[2] (compute-mfcc-feats[5.2.132~9-82686]:main():compute-mfcc-feats.cc:173) Processed features for key m005_oldmale-word-käinga-K005M-03d
VLOG[2] (compute-mfcc-feats[5.2.132~9-82686]:main():compute-mfcc-feats.cc:173) Processed features for key m005_oldmale-word-käinga-K005M-03e
VLOG[2] (compute-mfcc-feats[5.2.132~9-82686]:main():compute-mfcc-feats.cc:173) Processed features for key m005_oldmale-word-käinga-K005M-05
VLOG[2] (compute-mfcc-feats[5.2.132~9-82686]:main():compute-mfcc-feats.cc:173) Processed features for key m005_oldmale-word-käinga-K005M-06
LOG (compute-mfcc-feats[5.2.132~9-82686]:main():compute-mfcc-feats.cc:172) Processed 600 utterances
VLOG[2] (compute-mfcc-feats[5.2.132~9-82686]:main():compute-mfcc-feats.cc:173) Processed features for key m005_oldmale-word-käinga-K005M-10
VLOG[2] (compute-mfcc-feats[5.2.132~9-82686]:main():compute-mfcc-feats.cc:173) Processed features for key m005_oldmale-word-kë-K005M
VLOG[2] (compute-mfcc-feats[5.2.132~9-82686]:main():compute-mfcc-feats.cc:173) Processed features for key m005_oldmale-word-kï-K005M
VLOG[2] (compute-mfcc-feats[5.2.132~9-82686]:main():compute-mfcc-feats.cc:173) Processed features for key m005_oldmale-word-körero-K005M-08a
VLOG[2] (compute-mfcc-feats[5.2.132~9-82686]:main():compute-mfcc-feats.cc:173) Processed features for key m005_oldmale-word-körero-K005M-08b
VLOG[2] (compute-mfcc-feats[5.2.132~9-82686]:main():compute-mfcc-feats.cc:173) Processed features for key m005_oldmale-word-körero-K005M-08c
VLOG[2] (compute-mfcc-feats[5.2.132~9-82686]:main():compute-mfcc-feats.cc:173) Processed features for key m005_oldmale-word-körero-K005M-09
VLOG[2] (compute-mfcc-feats[5.2.132~9-82686]:main():compute-mfcc-feats.cc:173) Processed features for key m005_oldmale-word-mao-K005M
VLOG[2] (compute-mfcc-feats[5.2.132~9-82686]:main():compute-mfcc-feats.cc:173) Processed features for key m005_oldmale-word-marae-K005M-06
VLOG[2] (compute-mfcc-feats[5.2.132~9-82686]:main():compute-mfcc-feats.cc:173) Processed features for key m005_oldmale-word-marae-K005M-08
LOG (compute-mfcc-feats[5.2.132~9-82686]:main():compute-mfcc-feats.cc:172) Processed 610 utterances
VLOG[2] (compute-mfcc-feats[5.2.132~9-82686]:main():compute-mfcc-feats.cc:173) Processed features for key m005_oldmale-word-matariki-K005M-06
VLOG[2] (compute-mfcc-feats[5.2.132~9-82686]:main():compute-mfcc-feats.cc:173) Processed features for key m005_oldmale-word-matiu-K005M
VLOG[2] (compute-mfcc-feats[5.2.132~9-82686]:main():compute-mfcc-feats.cc:173) Processed features for key m005_oldmale-word-mau-K005M
VLOG[2] (compute-mfcc-feats[5.2.132~9-82686]:main():compute-mfcc-feats.cc:173) Processed features for key m005_oldmale-word-maunga-K005M-02
LOG (compute-mfcc-feats[5.2.132~9-82686]:main():compute-mfcc-feats.cc:176)  Done 613 out of 613 utterances.
LOG (copy-feats[5.2.132~9-82686]:main():copy-feats.cc:143) Copied 613 feature matrices.
# Accounting: time=3 threads=1
# Ended (code 0) at Thu Nov  9 13:47:14 NZDT 2017, elapsed time 3 seconds
