# ali-to-post "ark:gunzip -c exp/tri3b/ali.1.gz|" ark:- | gmm-acc-stats-twofeats exp/tri3b/35.mdl "ark,s,cs:apply-cmvn  --utt2spk=ark:data/train/split4/1/utt2spk scp:data/train/split4/1/cmvn.scp scp:data/train/split4/1/feats.scp ark:- | splice-feats --left-context=3 --right-context=3 ark:- ark:- | transform-feats exp/tri2b_ali/final.mat ark:- ark:- | transform-feats --utt2spk=ark:data/train/split4/1/utt2spk ark:exp/tri3b/trans.1 ark:- ark:- |" "ark,s,cs:apply-cmvn  --utt2spk=ark:data/train/split4/1/utt2spk scp:data/train/split4/1/cmvn.scp scp:data/train/split4/1/feats.scp ark:- | splice-feats --left-context=3 --right-context=3 ark:- ark:- | transform-feats exp/tri2b_ali/final.mat ark:- ark:- |" ark,s,cs:- exp/tri3b/35.1.acc 
# Started at Thu Nov  9 17:27:53 NZDT 2017
#
gmm-acc-stats-twofeats exp/tri3b/35.mdl 'ark,s,cs:apply-cmvn  --utt2spk=ark:data/train/split4/1/utt2spk scp:data/train/split4/1/cmvn.scp scp:data/train/split4/1/feats.scp ark:- | splice-feats --left-context=3 --right-context=3 ark:- ark:- | transform-feats exp/tri2b_ali/final.mat ark:- ark:- | transform-feats --utt2spk=ark:data/train/split4/1/utt2spk ark:exp/tri3b/trans.1 ark:- ark:- |' 'ark,s,cs:apply-cmvn  --utt2spk=ark:data/train/split4/1/utt2spk scp:data/train/split4/1/cmvn.scp scp:data/train/split4/1/feats.scp ark:- | splice-feats --left-context=3 --right-context=3 ark:- ark:- | transform-feats exp/tri2b_ali/final.mat ark:- ark:- |' ark,s,cs:- exp/tri3b/35.1.acc 
ali-to-post 'ark:gunzip -c exp/tri3b/ali.1.gz|' ark:- 
splice-feats --left-context=3 --right-context=3 ark:- ark:- 
apply-cmvn --utt2spk=ark:data/train/split4/1/utt2spk scp:data/train/split4/1/cmvn.scp scp:data/train/split4/1/feats.scp ark:- 
transform-feats exp/tri2b_ali/final.mat ark:- ark:- 
transform-feats --utt2spk=ark:data/train/split4/1/utt2spk ark:exp/tri3b/trans.1 ark:- ark:- 
apply-cmvn --utt2spk=ark:data/train/split4/1/utt2spk scp:data/train/split4/1/cmvn.scp scp:data/train/split4/1/feats.scp ark:- 
transform-feats exp/tri2b_ali/final.mat ark:- ark:- 
splice-feats --left-context=3 --right-context=3 ark:- ark:- 
LOG (gmm-acc-stats-twofeats[5.2.132~9-82686]:main():gmm-acc-stats-twofeats.cc:140) Average like for this file is -50.7492 over 27 frames.
LOG (gmm-acc-stats-twofeats[5.2.132~9-82686]:main():gmm-acc-stats-twofeats.cc:140) Average like for this file is -50.6889 over 28 frames.
LOG (gmm-acc-stats-twofeats[5.2.132~9-82686]:main():gmm-acc-stats-twofeats.cc:140) Average like for this file is -50.4972 over 32 frames.
LOG (gmm-acc-stats-twofeats[5.2.132~9-82686]:main():gmm-acc-stats-twofeats.cc:140) Average like for this file is -49.315 over 41 frames.
LOG (gmm-acc-stats-twofeats[5.2.132~9-82686]:main():gmm-acc-stats-twofeats.cc:140) Average like for this file is -43.9732 over 34 frames.
LOG (gmm-acc-stats-twofeats[5.2.132~9-82686]:main():gmm-acc-stats-twofeats.cc:140) Average like for this file is -53.7982 over 38 frames.
LOG (gmm-acc-stats-twofeats[5.2.132~9-82686]:main():gmm-acc-stats-twofeats.cc:140) Average like for this file is -40.0866 over 47 frames.
LOG (gmm-acc-stats-twofeats[5.2.132~9-82686]:main():gmm-acc-stats-twofeats.cc:140) Average like for this file is -42.5564 over 36 frames.
LOG (gmm-acc-stats-twofeats[5.2.132~9-82686]:main():gmm-acc-stats-twofeats.cc:140) Average like for this file is -48.744 over 36 frames.
LOG (gmm-acc-stats-twofeats[5.2.132~9-82686]:main():gmm-acc-stats-twofeats.cc:140) Average like for this file is -45.9932 over 30 frames.
LOG (gmm-acc-stats-twofeats[5.2.132~9-82686]:main():gmm-acc-stats-twofeats.cc:146) Avg like per frame so far is -47.3279
LOG (gmm-acc-stats-twofeats[5.2.132~9-82686]:main():gmm-acc-stats-twofeats.cc:140) Average like for this file is -44.5878 over 32 frames.
LOG (gmm-acc-stats-twofeats[5.2.132~9-82686]:main():gmm-acc-stats-twofeats.cc:140) Average like for this file is -50.3867 over 43 frames.
LOG (gmm-acc-stats-twofeats[5.2.132~9-82686]:main():gmm-acc-stats-twofeats.cc:140) Average like for this file is -48.6888 over 40 frames.
LOG (gmm-acc-stats-twofeats[5.2.132~9-82686]:main():gmm-acc-stats-twofeats.cc:140) Average like for this file is -56.7331 over 35 frames.
LOG (gmm-acc-stats-twofeats[5.2.132~9-82686]:main():gmm-acc-stats-twofeats.cc:140) Average like for this file is -45.5229 over 36 frames.
LOG (gmm-acc-stats-twofeats[5.2.132~9-82686]:main():gmm-acc-stats-twofeats.cc:140) Average like for this file is -44.7036 over 49 frames.
LOG (gmm-acc-stats-twofeats[5.2.132~9-82686]:main():gmm-acc-stats-twofeats.cc:140) Average like for this file is -48.4449 over 41 frames.
LOG (gmm-acc-stats-twofeats[5.2.132~9-82686]:main():gmm-acc-stats-twofeats.cc:140) Average like for this file is -42.2588 over 29 frames.
LOG (gmm-acc-stats-twofeats[5.2.132~9-82686]:main():gmm-acc-stats-twofeats.cc:140) Average like for this file is -41.2243 over 21 frames.
LOG (gmm-acc-stats-twofeats[5.2.132~9-82686]:main():gmm-acc-stats-twofeats.cc:140) Average like for this file is -58.1921 over 24 frames.
LOG (gmm-acc-stats-twofeats[5.2.132~9-82686]:main():gmm-acc-stats-twofeats.cc:146) Avg like per frame so far is -47.7074
LOG (gmm-acc-stats-twofeats[5.2.132~9-82686]:main():gmm-acc-stats-twofeats.cc:140) Average like for this file is -57.6869 over 30 frames.
LOG (gmm-acc-stats-twofeats[5.2.132~9-82686]:main():gmm-acc-stats-twofeats.cc:140) Average like for this file is -50.2665 over 60 frames.
LOG (gmm-acc-stats-twofeats[5.2.132~9-82686]:main():gmm-acc-stats-twofeats.cc:140) Average like for this file is -53.6898 over 48 frames.
LOG (gmm-acc-stats-twofeats[5.2.132~9-82686]:main():gmm-acc-stats-twofeats.cc:140) Average like for this file is -55.9282 over 42 frames.
LOG (gmm-acc-stats-twofeats[5.2.132~9-82686]:main():gmm-acc-stats-twofeats.cc:140) Average like for this file is -49.1328 over 53 frames.
LOG (gmm-acc-stats-twofeats[5.2.132~9-82686]:main():gmm-acc-stats-twofeats.cc:140) Average like for this file is -50.7879 over 58 frames.
LOG (gmm-acc-stats-twofeats[5.2.132~9-82686]:main():gmm-acc-stats-twofeats.cc:140) Average like for this file is -60.8341 over 39 frames.
LOG (gmm-acc-stats-twofeats[5.2.132~9-82686]:main():gmm-acc-stats-twofeats.cc:140) Average like for this file is -55.1324 over 40 frames.
LOG (gmm-acc-stats-twofeats[5.2.132~9-82686]:main():gmm-acc-stats-twofeats.cc:140) Average like for this file is -50.4573 over 51 frames.
LOG (gmm-acc-stats-twofeats[5.2.132~9-82686]:main():gmm-acc-stats-twofeats.cc:140) Average like for this file is -51.7809 over 51 frames.
LOG (gmm-acc-stats-twofeats[5.2.132~9-82686]:main():gmm-acc-stats-twofeats.cc:146) Avg like per frame so far is -49.8393
LOG (gmm-acc-stats-twofeats[5.2.132~9-82686]:main():gmm-acc-stats-twofeats.cc:140) Average like for this file is -47.5025 over 61 frames.
LOG (gmm-acc-stats-twofeats[5.2.132~9-82686]:main():gmm-acc-stats-twofeats.cc:140) Average like for this file is -55.7984 over 49 frames.
LOG (gmm-acc-stats-twofeats[5.2.132~9-82686]:main():gmm-acc-stats-twofeats.cc:140) Average like for this file is -53.0993 over 51 frames.
LOG (gmm-acc-stats-twofeats[5.2.132~9-82686]:main():gmm-acc-stats-twofeats.cc:140) Average like for this file is -53.1204 over 35 frames.
LOG (gmm-acc-stats-twofeats[5.2.132~9-82686]:main():gmm-acc-stats-twofeats.cc:140) Average like for this file is -52.4839 over 36 frames.
LOG (gmm-acc-stats-twofeats[5.2.132~9-82686]:main():gmm-acc-stats-twofeats.cc:140) Average like for this file is -55.814 over 64 frames.
LOG (gmm-acc-stats-twofeats[5.2.132~9-82686]:main():gmm-acc-stats-twofeats.cc:140) Average like for this file is -46.2482 over 74 frames.
LOG (gmm-acc-stats-twofeats[5.2.132~9-82686]:main():gmm-acc-stats-twofeats.cc:140) Average like for this file is -49.2126 over 69 frames.
LOG (gmm-acc-stats-twofeats[5.2.132~9-82686]:main():gmm-acc-stats-twofeats.cc:140) Average like for this file is -50.2232 over 40 frames.
LOG (gmm-acc-stats-twofeats[5.2.132~9-82686]:main():gmm-acc-stats-twofeats.cc:140) Average like for this file is -52.1722 over 28 frames.
LOG (gmm-acc-stats-twofeats[5.2.132~9-82686]:main():gmm-acc-stats-twofeats.cc:146) Avg like per frame so far is -50.2445
LOG (gmm-acc-stats-twofeats[5.2.132~9-82686]:main():gmm-acc-stats-twofeats.cc:140) Average like for this file is -57.3268 over 22 frames.
LOG (gmm-acc-stats-twofeats[5.2.132~9-82686]:main():gmm-acc-stats-twofeats.cc:140) Average like for this file is -56.1228 over 26 frames.
LOG (gmm-acc-stats-twofeats[5.2.132~9-82686]:main():gmm-acc-stats-twofeats.cc:140) Average like for this file is -59.3451 over 32 frames.
LOG (gmm-acc-stats-twofeats[5.2.132~9-82686]:main():gmm-acc-stats-twofeats.cc:140) Average like for this file is -61.1513 over 29 frames.
LOG (gmm-acc-stats-twofeats[5.2.132~9-82686]:main():gmm-acc-stats-twofeats.cc:140) Average like for this file is -57.85 over 29 frames.
LOG (gmm-acc-stats-twofeats[5.2.132~9-82686]:main():gmm-acc-stats-twofeats.cc:140) Average like for this file is -55.6648 over 34 frames.
LOG (gmm-acc-stats-twofeats[5.2.132~9-82686]:main():gmm-acc-stats-twofeats.cc:140) Average like for this file is -45.2274 over 32 frames.
LOG (gmm-acc-stats-twofeats[5.2.132~9-82686]:main():gmm-acc-stats-twofeats.cc:140) Average like for this file is -41.9946 over 29 frames.
LOG (gmm-acc-stats-twofeats[5.2.132~9-82686]:main():gmm-acc-stats-twofeats.cc:140) Average like for this file is -43.7778 over 38 frames.
LOG (gmm-acc-stats-twofeats[5.2.132~9-82686]:main():gmm-acc-stats-twofeats.cc:140) Average like for this file is -55.9323 over 22 frames.
LOG (gmm-acc-stats-twofeats[5.2.132~9-82686]:main():gmm-acc-stats-twofeats.cc:146) Avg like per frame so far is -50.6507
LOG (gmm-acc-stats-twofeats[5.2.132~9-82686]:main():gmm-acc-stats-twofeats.cc:140) Average like for this file is -46.6569 over 28 frames.
LOG (gmm-acc-stats-twofeats[5.2.132~9-82686]:main():gmm-acc-stats-twofeats.cc:140) Average like for this file is -47.7541 over 28 frames.
LOG (gmm-acc-stats-twofeats[5.2.132~9-82686]:main():gmm-acc-stats-twofeats.cc:140) Average like for this file is -50.3229 over 31 frames.
LOG (gmm-acc-stats-twofeats[5.2.132~9-82686]:main():gmm-acc-stats-twofeats.cc:140) Average like for this file is -54.4264 over 21 frames.
LOG (gmm-acc-stats-twofeats[5.2.132~9-82686]:main():gmm-acc-stats-twofeats.cc:140) Average like for this file is -45.1198 over 23 frames.
LOG (gmm-acc-stats-twofeats[5.2.132~9-82686]:main():gmm-acc-stats-twofeats.cc:140) Average like for this file is -50.9513 over 22 frames.
LOG (gmm-acc-stats-twofeats[5.2.132~9-82686]:main():gmm-acc-stats-twofeats.cc:140) Average like for this file is -47.3414 over 24 frames.
LOG (gmm-acc-stats-twofeats[5.2.132~9-82686]:main():gmm-acc-stats-twofeats.cc:140) Average like for this file is -45.8868 over 48 frames.
LOG (gmm-acc-stats-twofeats[5.2.132~9-82686]:main():gmm-acc-stats-twofeats.cc:140) Average like for this file is -49.5185 over 35 frames.
LOG (gmm-acc-stats-twofeats[5.2.132~9-82686]:main():gmm-acc-stats-twofeats.cc:140) Average like for this file is -47.1576 over 35 frames.
LOG (gmm-acc-stats-twofeats[5.2.132~9-82686]:main():gmm-acc-stats-twofeats.cc:146) Avg like per frame so far is -50.3354
LOG (gmm-acc-stats-twofeats[5.2.132~9-82686]:main():gmm-acc-stats-twofeats.cc:140) Average like for this file is -44.9992 over 54 frames.
LOG (gmm-acc-stats-twofeats[5.2.132~9-82686]:main():gmm-acc-stats-twofeats.cc:140) Average like for this file is -50.4012 over 37 frames.
LOG (gmm-acc-stats-twofeats[5.2.132~9-82686]:main():gmm-acc-stats-twofeats.cc:140) Average like for this file is -49.8323 over 41 frames.
LOG (gmm-acc-stats-twofeats[5.2.132~9-82686]:main():gmm-acc-stats-twofeats.cc:140) Average like for this file is -56.4198 over 47 frames.
LOG (gmm-acc-stats-twofeats[5.2.132~9-82686]:main():gmm-acc-stats-twofeats.cc:140) Average like for this file is -40.2455 over 27 frames.
LOG (gmm-acc-stats-twofeats[5.2.132~9-82686]:main():gmm-acc-stats-twofeats.cc:140) Average like for this file is -43.5103 over 39 frames.
LOG (gmm-acc-stats-twofeats[5.2.132~9-82686]:main():gmm-acc-stats-twofeats.cc:140) Average like for this file is -54.0617 over 29 frames.
LOG (gmm-acc-stats-twofeats[5.2.132~9-82686]:main():gmm-acc-stats-twofeats.cc:140) Average like for this file is -37.8099 over 29 frames.
LOG (gmm-acc-stats-twofeats[5.2.132~9-82686]:main():gmm-acc-stats-twofeats.cc:140) Average like for this file is -55.3206 over 34 frames.
LOG (gmm-acc-stats-twofeats[5.2.132~9-82686]:main():gmm-acc-stats-twofeats.cc:140) Average like for this file is -52.2529 over 26 frames.
LOG (gmm-acc-stats-twofeats[5.2.132~9-82686]:main():gmm-acc-stats-twofeats.cc:146) Avg like per frame so far is -50.1092
LOG (gmm-acc-stats-twofeats[5.2.132~9-82686]:main():gmm-acc-stats-twofeats.cc:140) Average like for this file is -53.0388 over 28 frames.
LOG (gmm-acc-stats-twofeats[5.2.132~9-82686]:main():gmm-acc-stats-twofeats.cc:140) Average like for this file is -50.1539 over 33 frames.
LOG (gmm-acc-stats-twofeats[5.2.132~9-82686]:main():gmm-acc-stats-twofeats.cc:140) Average like for this file is -52.3639 over 54 frames.
LOG (gmm-acc-stats-twofeats[5.2.132~9-82686]:main():gmm-acc-stats-twofeats.cc:140) Average like for this file is -54.3058 over 49 frames.
LOG (gmm-acc-stats-twofeats[5.2.132~9-82686]:main():gmm-acc-stats-twofeats.cc:140) Average like for this file is -48.3817 over 50 frames.
LOG (gmm-acc-stats-twofeats[5.2.132~9-82686]:main():gmm-acc-stats-twofeats.cc:140) Average like for this file is -57.7436 over 80 frames.
LOG (gmm-acc-stats-twofeats[5.2.132~9-82686]:main():gmm-acc-stats-twofeats.cc:140) Average like for this file is -43.7807 over 34 frames.
LOG (gmm-acc-stats-twofeats[5.2.132~9-82686]:main():gmm-acc-stats-twofeats.cc:140) Average like for this file is -39.9391 over 35 frames.
LOG (gmm-acc-stats-twofeats[5.2.132~9-82686]:main():gmm-acc-stats-twofeats.cc:140) Average like for this file is -47.1146 over 42 frames.
LOG (gmm-acc-stats-twofeats[5.2.132~9-82686]:main():gmm-acc-stats-twofeats.cc:140) Average like for this file is -52.0189 over 32 frames.
LOG (gmm-acc-stats-twofeats[5.2.132~9-82686]:main():gmm-acc-stats-twofeats.cc:146) Avg like per frame so far is -50.2068
LOG (gmm-acc-stats-twofeats[5.2.132~9-82686]:main():gmm-acc-stats-twofeats.cc:140) Average like for this file is -42.2502 over 29 frames.
LOG (gmm-acc-stats-twofeats[5.2.132~9-82686]:main():gmm-acc-stats-twofeats.cc:140) Average like for this file is -47.9783 over 30 frames.
LOG (gmm-acc-stats-twofeats[5.2.132~9-82686]:main():gmm-acc-stats-twofeats.cc:140) Average like for this file is -48.6006 over 71 frames.
LOG (gmm-acc-stats-twofeats[5.2.132~9-82686]:main():gmm-acc-stats-twofeats.cc:140) Average like for this file is -43.7637 over 86 frames.
LOG (gmm-acc-stats-twofeats[5.2.132~9-82686]:main():gmm-acc-stats-twofeats.cc:140) Average like for this file is -46.8541 over 25 frames.
LOG (gmm-acc-stats-twofeats[5.2.132~9-82686]:main():gmm-acc-stats-twofeats.cc:140) Average like for this file is -46.037 over 26 frames.
LOG (gmm-acc-stats-twofeats[5.2.132~9-82686]:main():gmm-acc-stats-twofeats.cc:140) Average like for this file is -44.5053 over 28 frames.
LOG (gmm-acc-stats-twofeats[5.2.132~9-82686]:main():gmm-acc-stats-twofeats.cc:140) Average like for this file is -45.6728 over 24 frames.
LOG (gmm-acc-stats-twofeats[5.2.132~9-82686]:main():gmm-acc-stats-twofeats.cc:140) Average like for this file is -46.3074 over 41 frames.
LOG (gmm-acc-stats-twofeats[5.2.132~9-82686]:main():gmm-acc-stats-twofeats.cc:140) Average like for this file is -61.1679 over 32 frames.
LOG (gmm-acc-stats-twofeats[5.2.132~9-82686]:main():gmm-acc-stats-twofeats.cc:146) Avg like per frame so far is -49.8495
LOG (gmm-acc-stats-twofeats[5.2.132~9-82686]:main():gmm-acc-stats-twofeats.cc:140) Average like for this file is -49.9445 over 45 frames.
LOG (gmm-acc-stats-twofeats[5.2.132~9-82686]:main():gmm-acc-stats-twofeats.cc:140) Average like for this file is -53.1552 over 36 frames.
LOG (gmm-acc-stats-twofeats[5.2.132~9-82686]:main():gmm-acc-stats-twofeats.cc:140) Average like for this file is -49.9041 over 36 frames.
LOG (gmm-acc-stats-twofeats[5.2.132~9-82686]:main():gmm-acc-stats-twofeats.cc:140) Average like for this file is -54.851 over 37 frames.
LOG (gmm-acc-stats-twofeats[5.2.132~9-82686]:main():gmm-acc-stats-twofeats.cc:140) Average like for this file is -55.0425 over 38 frames.
LOG (gmm-acc-stats-twofeats[5.2.132~9-82686]:main():gmm-acc-stats-twofeats.cc:140) Average like for this file is -43.0791 over 32 frames.
LOG (gmm-acc-stats-twofeats[5.2.132~9-82686]:main():gmm-acc-stats-twofeats.cc:140) Average like for this file is -49.4661 over 26 frames.
LOG (gmm-acc-stats-twofeats[5.2.132~9-82686]:main():gmm-acc-stats-twofeats.cc:140) Average like for this file is -50.8998 over 28 frames.
LOG (gmm-acc-stats-twofeats[5.2.132~9-82686]:main():gmm-acc-stats-twofeats.cc:140) Average like for this file is -42.4811 over 22 frames.
LOG (gmm-acc-stats-twofeats[5.2.132~9-82686]:main():gmm-acc-stats-twofeats.cc:140) Average like for this file is -43.7197 over 29 frames.
LOG (gmm-acc-stats-twofeats[5.2.132~9-82686]:main():gmm-acc-stats-twofeats.cc:146) Avg like per frame so far is -49.8418
LOG (gmm-acc-stats-twofeats[5.2.132~9-82686]:main():gmm-acc-stats-twofeats.cc:140) Average like for this file is -40.9492 over 26 frames.
LOG (gmm-acc-stats-twofeats[5.2.132~9-82686]:main():gmm-acc-stats-twofeats.cc:140) Average like for this file is -51.755 over 24 frames.
LOG (gmm-acc-stats-twofeats[5.2.132~9-82686]:main():gmm-acc-stats-twofeats.cc:140) Average like for this file is -49.6534 over 21 frames.
LOG (gmm-acc-stats-twofeats[5.2.132~9-82686]:main():gmm-acc-stats-twofeats.cc:140) Average like for this file is -49.8306 over 26 frames.
LOG (gmm-acc-stats-twofeats[5.2.132~9-82686]:main():gmm-acc-stats-twofeats.cc:140) Average like for this file is -43.7603 over 39 frames.
LOG (gmm-acc-stats-twofeats[5.2.132~9-82686]:main():gmm-acc-stats-twofeats.cc:140) Average like for this file is -51.9683 over 28 frames.
LOG (gmm-acc-stats-twofeats[5.2.132~9-82686]:main():gmm-acc-stats-twofeats.cc:140) Average like for this file is -51.6973 over 22 frames.
LOG (gmm-acc-stats-twofeats[5.2.132~9-82686]:main():gmm-acc-stats-twofeats.cc:140) Average like for this file is -50.8979 over 38 frames.
LOG (gmm-acc-stats-twofeats[5.2.132~9-82686]:main():gmm-acc-stats-twofeats.cc:140) Average like for this file is -50.5629 over 45 frames.
LOG (gmm-acc-stats-twofeats[5.2.132~9-82686]:main():gmm-acc-stats-twofeats.cc:140) Average like for this file is -59.6176 over 37 frames.
LOG (gmm-acc-stats-twofeats[5.2.132~9-82686]:main():gmm-acc-stats-twofeats.cc:146) Avg like per frame so far is -49.8681
LOG (gmm-acc-stats-twofeats[5.2.132~9-82686]:main():gmm-acc-stats-twofeats.cc:140) Average like for this file is -52.131 over 46 frames.
LOG (gmm-acc-stats-twofeats[5.2.132~9-82686]:main():gmm-acc-stats-twofeats.cc:140) Average like for this file is -56.442 over 37 frames.
LOG (gmm-acc-stats-twofeats[5.2.132~9-82686]:main():gmm-acc-stats-twofeats.cc:140) Average like for this file is -53.1016 over 48 frames.
LOG (gmm-acc-stats-twofeats[5.2.132~9-82686]:main():gmm-acc-stats-twofeats.cc:140) Average like for this file is -54.3097 over 49 frames.
LOG (gmm-acc-stats-twofeats[5.2.132~9-82686]:main():gmm-acc-stats-twofeats.cc:140) Average like for this file is -49.6676 over 52 frames.
LOG (gmm-acc-stats-twofeats[5.2.132~9-82686]:main():gmm-acc-stats-twofeats.cc:140) Average like for this file is -51.3403 over 49 frames.
LOG (gmm-acc-stats-twofeats[5.2.132~9-82686]:main():gmm-acc-stats-twofeats.cc:140) Average like for this file is -53.7044 over 48 frames.
LOG (gmm-acc-stats-twofeats[5.2.132~9-82686]:main():gmm-acc-stats-twofeats.cc:140) Average like for this file is -49.4546 over 45 frames.
LOG (gmm-acc-stats-twofeats[5.2.132~9-82686]:main():gmm-acc-stats-twofeats.cc:140) Average like for this file is -49.5285 over 45 frames.
LOG (gmm-acc-stats-twofeats[5.2.132~9-82686]:main():gmm-acc-stats-twofeats.cc:140) Average like for this file is -47.022 over 29 frames.
LOG (gmm-acc-stats-twofeats[5.2.132~9-82686]:main():gmm-acc-stats-twofeats.cc:146) Avg like per frame so far is -50.0552
LOG (gmm-acc-stats-twofeats[5.2.132~9-82686]:main():gmm-acc-stats-twofeats.cc:140) Average like for this file is -46.6301 over 28 frames.
LOG (gmm-acc-stats-twofeats[5.2.132~9-82686]:main():gmm-acc-stats-twofeats.cc:140) Average like for this file is -51.9509 over 30 frames.
LOG (gmm-acc-stats-twofeats[5.2.132~9-82686]:main():gmm-acc-stats-twofeats.cc:140) Average like for this file is -38.3036 over 71 frames.
LOG (gmm-acc-stats-twofeats[5.2.132~9-82686]:main():gmm-acc-stats-twofeats.cc:140) Average like for this file is -45.5279 over 70 frames.
LOG (gmm-acc-stats-twofeats[5.2.132~9-82686]:main():gmm-acc-stats-twofeats.cc:140) Average like for this file is -48.3592 over 32 frames.
LOG (gmm-acc-stats-twofeats[5.2.132~9-82686]:main():gmm-acc-stats-twofeats.cc:140) Average like for this file is -51.6146 over 29 frames.
LOG (gmm-acc-stats-twofeats[5.2.132~9-82686]:main():gmm-acc-stats-twofeats.cc:140) Average like for this file is -44.1444 over 30 frames.
LOG (gmm-acc-stats-twofeats[5.2.132~9-82686]:main():gmm-acc-stats-twofeats.cc:140) Average like for this file is -47.2175 over 29 frames.
LOG (gmm-acc-stats-twofeats[5.2.132~9-82686]:main():gmm-acc-stats-twofeats.cc:140) Average like for this file is -49.3095 over 30 frames.
LOG (gmm-acc-stats-twofeats[5.2.132~9-82686]:main():gmm-acc-stats-twofeats.cc:140) Average like for this file is -49.0495 over 25 frames.
LOG (gmm-acc-stats-twofeats[5.2.132~9-82686]:main():gmm-acc-stats-twofeats.cc:146) Avg like per frame so far is -49.7487
LOG (gmm-acc-stats-twofeats[5.2.132~9-82686]:main():gmm-acc-stats-twofeats.cc:140) Average like for this file is -48.9497 over 33 frames.
LOG (gmm-acc-stats-twofeats[5.2.132~9-82686]:main():gmm-acc-stats-twofeats.cc:140) Average like for this file is -49.3916 over 25 frames.
LOG (gmm-acc-stats-twofeats[5.2.132~9-82686]:main():gmm-acc-stats-twofeats.cc:140) Average like for this file is -53.5146 over 27 frames.
LOG (gmm-acc-stats-twofeats[5.2.132~9-82686]:main():gmm-acc-stats-twofeats.cc:140) Average like for this file is -46.8522 over 34 frames.
LOG (gmm-acc-stats-twofeats[5.2.132~9-82686]:main():gmm-acc-stats-twofeats.cc:140) Average like for this file is -50.3873 over 26 frames.
LOG (gmm-acc-stats-twofeats[5.2.132~9-82686]:main():gmm-acc-stats-twofeats.cc:140) Average like for this file is -48.5508 over 23 frames.
LOG (gmm-acc-stats-twofeats[5.2.132~9-82686]:main():gmm-acc-stats-twofeats.cc:140) Average like for this file is -51.5924 over 28 frames.
LOG (gmm-acc-stats-twofeats[5.2.132~9-82686]:main():gmm-acc-stats-twofeats.cc:140) Average like for this file is -45.1912 over 38 frames.
LOG (gmm-acc-stats-twofeats[5.2.132~9-82686]:main():gmm-acc-stats-twofeats.cc:140) Average like for this file is -50.5377 over 33 frames.
LOG (gmm-acc-stats-twofeats[5.2.132~9-82686]:main():gmm-acc-stats-twofeats.cc:140) Average like for this file is -57.6054 over 26 frames.
LOG (gmm-acc-stats-twofeats[5.2.132~9-82686]:main():gmm-acc-stats-twofeats.cc:146) Avg like per frame so far is -49.7613
LOG (gmm-acc-stats-twofeats[5.2.132~9-82686]:main():gmm-acc-stats-twofeats.cc:140) Average like for this file is -55.4649 over 64 frames.
LOG (gmm-acc-stats-twofeats[5.2.132~9-82686]:main():gmm-acc-stats-twofeats.cc:140) Average like for this file is -55.8446 over 38 frames.
LOG (gmm-acc-stats-twofeats[5.2.132~9-82686]:main():gmm-acc-stats-twofeats.cc:140) Average like for this file is -51.6671 over 25 frames.
LOG (gmm-acc-stats-twofeats[5.2.132~9-82686]:main():gmm-acc-stats-twofeats.cc:140) Average like for this file is -48.6823 over 21 frames.
LOG (gmm-acc-stats-twofeats[5.2.132~9-82686]:main():gmm-acc-stats-twofeats.cc:140) Average like for this file is -50.0593 over 26 frames.
LOG (gmm-acc-stats-twofeats[5.2.132~9-82686]:main():gmm-acc-stats-twofeats.cc:140) Average like for this file is -52.5252 over 25 frames.
LOG (gmm-acc-stats-twofeats[5.2.132~9-82686]:main():gmm-acc-stats-twofeats.cc:140) Average like for this file is -51.7184 over 28 frames.
LOG (gmm-acc-stats-twofeats[5.2.132~9-82686]:main():gmm-acc-stats-twofeats.cc:140) Average like for this file is -51.8565 over 23 frames.
LOG (gmm-acc-stats-twofeats[5.2.132~9-82686]:main():gmm-acc-stats-twofeats.cc:140) Average like for this file is -49.6769 over 54 frames.
LOG (gmm-acc-stats-twofeats[5.2.132~9-82686]:main():gmm-acc-stats-twofeats.cc:140) Average like for this file is -52.6301 over 48 frames.
LOG (gmm-acc-stats-twofeats[5.2.132~9-82686]:main():gmm-acc-stats-twofeats.cc:146) Avg like per frame so far is -49.9293
LOG (gmm-acc-stats-twofeats[5.2.132~9-82686]:main():gmm-acc-stats-twofeats.cc:140) Average like for this file is -48.717 over 44 frames.
LOG (gmm-acc-stats-twofeats[5.2.132~9-82686]:main():gmm-acc-stats-twofeats.cc:140) Average like for this file is -52.2021 over 55 frames.
LOG (gmm-acc-stats-twofeats[5.2.132~9-82686]:main():gmm-acc-stats-twofeats.cc:140) Average like for this file is -53.8716 over 45 frames.
LOG (gmm-acc-stats-twofeats[5.2.132~9-82686]:main():gmm-acc-stats-twofeats.cc:140) Average like for this file is -54.0477 over 47 frames.
LOG (gmm-acc-stats-twofeats[5.2.132~9-82686]:main():gmm-acc-stats-twofeats.cc:140) Average like for this file is -58.9807 over 32 frames.
LOG (gmm-acc-stats-twofeats[5.2.132~9-82686]:main():gmm-acc-stats-twofeats.cc:140) Average like for this file is -52.0328 over 47 frames.
LOG (gmm-acc-stats-twofeats[5.2.132~9-82686]:main():gmm-acc-stats-twofeats.cc:140) Average like for this file is -46.6545 over 43 frames.
LOG (gmm-acc-stats-twofeats[5.2.132~9-82686]:main():gmm-acc-stats-twofeats.cc:140) Average like for this file is -44.7658 over 41 frames.
LOG (gmm-acc-stats-twofeats[5.2.132~9-82686]:main():gmm-acc-stats-twofeats.cc:140) Average like for this file is -60.5299 over 27 frames.
LOG (gmm-acc-stats-twofeats[5.2.132~9-82686]:main():gmm-acc-stats-twofeats.cc:140) Average like for this file is -47.9213 over 39 frames.
LOG (gmm-acc-stats-twofeats[5.2.132~9-82686]:main():gmm-acc-stats-twofeats.cc:146) Avg like per frame so far is -50.0441
LOG (gmm-acc-stats-twofeats[5.2.132~9-82686]:main():gmm-acc-stats-twofeats.cc:140) Average like for this file is -49.6929 over 33 frames.
LOG (gmm-acc-stats-twofeats[5.2.132~9-82686]:main():gmm-acc-stats-twofeats.cc:140) Average like for this file is -42.6244 over 33 frames.
LOG (gmm-acc-stats-twofeats[5.2.132~9-82686]:main():gmm-acc-stats-twofeats.cc:140) Average like for this file is -51.6479 over 27 frames.
LOG (gmm-acc-stats-twofeats[5.2.132~9-82686]:main():gmm-acc-stats-twofeats.cc:140) Average like for this file is -42.0722 over 23 frames.
LOG (gmm-acc-stats-twofeats[5.2.132~9-82686]:main():gmm-acc-stats-twofeats.cc:140) Average like for this file is -44.9583 over 37 frames.
LOG (gmm-acc-stats-twofeats[5.2.132~9-82686]:main():gmm-acc-stats-twofeats.cc:140) Average like for this file is -52.0054 over 27 frames.
LOG (gmm-acc-stats-twofeats[5.2.132~9-82686]:main():gmm-acc-stats-twofeats.cc:140) Average like for this file is -43.8698 over 37 frames.
LOG (gmm-acc-stats-twofeats[5.2.132~9-82686]:main():gmm-acc-stats-twofeats.cc:140) Average like for this file is -43.0449 over 52 frames.
LOG (gmm-acc-stats-twofeats[5.2.132~9-82686]:main():gmm-acc-stats-twofeats.cc:140) Average like for this file is -40.8747 over 41 frames.
LOG (gmm-acc-stats-twofeats[5.2.132~9-82686]:main():gmm-acc-stats-twofeats.cc:140) Average like for this file is -42.8589 over 41 frames.
LOG (gmm-acc-stats-twofeats[5.2.132~9-82686]:main():gmm-acc-stats-twofeats.cc:146) Avg like per frame so far is -49.7607
LOG (gmm-acc-stats-twofeats[5.2.132~9-82686]:main():gmm-acc-stats-twofeats.cc:140) Average like for this file is -43.4017 over 46 frames.
LOG (gmm-acc-stats-twofeats[5.2.132~9-82686]:main():gmm-acc-stats-twofeats.cc:140) Average like for this file is -43.4859 over 44 frames.
LOG (gmm-acc-stats-twofeats[5.2.132~9-82686]:main():gmm-acc-stats-twofeats.cc:140) Average like for this file is -43.2132 over 41 frames.
LOG (gmm-acc-stats-twofeats[5.2.132~9-82686]:main():gmm-acc-stats-twofeats.cc:140) Average like for this file is -45.4102 over 38 frames.
LOG (gmm-acc-stats-twofeats[5.2.132~9-82686]:main():gmm-acc-stats-twofeats.cc:140) Average like for this file is -42.369 over 50 frames.
LOG (gmm-acc-stats-twofeats[5.2.132~9-82686]:main():gmm-acc-stats-twofeats.cc:140) Average like for this file is -45.3961 over 34 frames.
LOG (gmm-acc-stats-twofeats[5.2.132~9-82686]:main():gmm-acc-stats-twofeats.cc:140) Average like for this file is -40.3327 over 51 frames.
LOG (gmm-acc-stats-twofeats[5.2.132~9-82686]:main():gmm-acc-stats-twofeats.cc:140) Average like for this file is -44.1777 over 42 frames.
LOG (gmm-acc-stats-twofeats[5.2.132~9-82686]:main():gmm-acc-stats-twofeats.cc:140) Average like for this file is -42.4382 over 61 frames.
LOG (gmm-acc-stats-twofeats[5.2.132~9-82686]:main():gmm-acc-stats-twofeats.cc:140) Average like for this file is -46.5538 over 47 frames.
LOG (gmm-acc-stats-twofeats[5.2.132~9-82686]:main():gmm-acc-stats-twofeats.cc:146) Avg like per frame so far is -49.3431
LOG (gmm-acc-stats-twofeats[5.2.132~9-82686]:main():gmm-acc-stats-twofeats.cc:140) Average like for this file is -32.8533 over 34 frames.
LOG (gmm-acc-stats-twofeats[5.2.132~9-82686]:main():gmm-acc-stats-twofeats.cc:140) Average like for this file is -51.7395 over 22 frames.
LOG (gmm-acc-stats-twofeats[5.2.132~9-82686]:main():gmm-acc-stats-twofeats.cc:140) Average like for this file is -43.4875 over 33 frames.
LOG (gmm-acc-stats-twofeats[5.2.132~9-82686]:main():gmm-acc-stats-twofeats.cc:140) Average like for this file is -42.1051 over 17 frames.
LOG (gmm-acc-stats-twofeats[5.2.132~9-82686]:main():gmm-acc-stats-twofeats.cc:140) Average like for this file is -35.6573 over 40 frames.
LOG (gmm-acc-stats-twofeats[5.2.132~9-82686]:main():gmm-acc-stats-twofeats.cc:140) Average like for this file is -48.2303 over 36 frames.
LOG (gmm-acc-stats-twofeats[5.2.132~9-82686]:main():gmm-acc-stats-twofeats.cc:140) Average like for this file is -56.3921 over 25 frames.
LOG (gmm-acc-stats-twofeats[5.2.132~9-82686]:main():gmm-acc-stats-twofeats.cc:140) Average like for this file is -39.3625 over 47 frames.
LOG (gmm-acc-stats-twofeats[5.2.132~9-82686]:main():gmm-acc-stats-twofeats.cc:140) Average like for this file is -49.3186 over 39 frames.
LOG (gmm-acc-stats-twofeats[5.2.132~9-82686]:main():gmm-acc-stats-twofeats.cc:140) Average like for this file is -49.6978 over 31 frames.
LOG (gmm-acc-stats-twofeats[5.2.132~9-82686]:main():gmm-acc-stats-twofeats.cc:146) Avg like per frame so far is -49.1048
LOG (gmm-acc-stats-twofeats[5.2.132~9-82686]:main():gmm-acc-stats-twofeats.cc:140) Average like for this file is -48.5248 over 36 frames.
LOG (gmm-acc-stats-twofeats[5.2.132~9-82686]:main():gmm-acc-stats-twofeats.cc:140) Average like for this file is -54.9431 over 40 frames.
LOG (gmm-acc-stats-twofeats[5.2.132~9-82686]:main():gmm-acc-stats-twofeats.cc:140) Average like for this file is -55.1144 over 39 frames.
LOG (gmm-acc-stats-twofeats[5.2.132~9-82686]:main():gmm-acc-stats-twofeats.cc:140) Average like for this file is -53.8574 over 34 frames.
LOG (gmm-acc-stats-twofeats[5.2.132~9-82686]:main():gmm-acc-stats-twofeats.cc:140) Average like for this file is -49.8124 over 51 frames.
LOG (gmm-acc-stats-twofeats[5.2.132~9-82686]:main():gmm-acc-stats-twofeats.cc:140) Average like for this file is -54.755 over 36 frames.
LOG (gmm-acc-stats-twofeats[5.2.132~9-82686]:main():gmm-acc-stats-twofeats.cc:140) Average like for this file is -48.2266 over 45 frames.
LOG (gmm-acc-stats-twofeats[5.2.132~9-82686]:main():gmm-acc-stats-twofeats.cc:140) Average like for this file is -35.5669 over 44 frames.
LOG (gmm-acc-stats-twofeats[5.2.132~9-82686]:main():gmm-acc-stats-twofeats.cc:140) Average like for this file is -40.0916 over 49 frames.
LOG (gmm-acc-stats-twofeats[5.2.132~9-82686]:main():gmm-acc-stats-twofeats.cc:140) Average like for this file is -44.8225 over 71 frames.
LOG (gmm-acc-stats-twofeats[5.2.132~9-82686]:main():gmm-acc-stats-twofeats.cc:146) Avg like per frame so far is -49.0342
LOG (gmm-acc-stats-twofeats[5.2.132~9-82686]:main():gmm-acc-stats-twofeats.cc:140) Average like for this file is -36.4123 over 38 frames.
LOG (gmm-acc-stats-twofeats[5.2.132~9-82686]:main():gmm-acc-stats-twofeats.cc:140) Average like for this file is -36.2586 over 40 frames.
LOG (gmm-acc-stats-twofeats[5.2.132~9-82686]:main():gmm-acc-stats-twofeats.cc:140) Average like for this file is -31.7819 over 36 frames.
LOG (gmm-acc-stats-twofeats[5.2.132~9-82686]:main():gmm-acc-stats-twofeats.cc:140) Average like for this file is -52.9676 over 31 frames.
LOG (gmm-acc-stats-twofeats[5.2.132~9-82686]:main():gmm-acc-stats-twofeats.cc:140) Average like for this file is -37.9807 over 29 frames.
LOG (gmm-acc-stats-twofeats[5.2.132~9-82686]:main():gmm-acc-stats-twofeats.cc:140) Average like for this file is -53.4959 over 61 frames.
LOG (gmm-acc-stats-twofeats[5.2.132~9-82686]:main():gmm-acc-stats-twofeats.cc:140) Average like for this file is -47.7957 over 57 frames.
LOG (gmm-acc-stats-twofeats[5.2.132~9-82686]:main():gmm-acc-stats-twofeats.cc:140) Average like for this file is -52.0841 over 40 frames.
LOG (gmm-acc-stats-twofeats[5.2.132~9-82686]:main():gmm-acc-stats-twofeats.cc:140) Average like for this file is -49.8465 over 48 frames.
LOG (gmm-acc-stats-twofeats[5.2.132~9-82686]:main():gmm-acc-stats-twofeats.cc:140) Average like for this file is -47.474 over 54 frames.
LOG (gmm-acc-stats-twofeats[5.2.132~9-82686]:main():gmm-acc-stats-twofeats.cc:146) Avg like per frame so far is -48.8424
LOG (gmm-acc-stats-twofeats[5.2.132~9-82686]:main():gmm-acc-stats-twofeats.cc:140) Average like for this file is -49.3053 over 47 frames.
LOG (gmm-acc-stats-twofeats[5.2.132~9-82686]:main():gmm-acc-stats-twofeats.cc:140) Average like for this file is -51.5087 over 38 frames.
LOG (gmm-acc-stats-twofeats[5.2.132~9-82686]:main():gmm-acc-stats-twofeats.cc:140) Average like for this file is -36.0467 over 41 frames.
LOG (gmm-acc-stats-twofeats[5.2.132~9-82686]:main():gmm-acc-stats-twofeats.cc:140) Average like for this file is -54.9701 over 35 frames.
LOG (gmm-acc-stats-twofeats[5.2.132~9-82686]:main():gmm-acc-stats-twofeats.cc:140) Average like for this file is -55.5384 over 39 frames.
LOG (gmm-acc-stats-twofeats[5.2.132~9-82686]:main():gmm-acc-stats-twofeats.cc:140) Average like for this file is -44.5363 over 49 frames.
LOG (gmm-acc-stats-twofeats[5.2.132~9-82686]:main():gmm-acc-stats-twofeats.cc:140) Average like for this file is -54.1971 over 45 frames.
LOG (gmm-acc-stats-twofeats[5.2.132~9-82686]:main():gmm-acc-stats-twofeats.cc:140) Average like for this file is -50.1837 over 31 frames.
LOG (gmm-acc-stats-twofeats[5.2.132~9-82686]:main():gmm-acc-stats-twofeats.cc:140) Average like for this file is -50.5194 over 29 frames.
LOG (gmm-acc-stats-twofeats[5.2.132~9-82686]:main():gmm-acc-stats-twofeats.cc:140) Average like for this file is -47.8865 over 25 frames.
LOG (gmm-acc-stats-twofeats[5.2.132~9-82686]:main():gmm-acc-stats-twofeats.cc:146) Avg like per frame so far is -48.8628
LOG (gmm-acc-stats-twofeats[5.2.132~9-82686]:main():gmm-acc-stats-twofeats.cc:140) Average like for this file is -47.9917 over 28 frames.
LOG (gmm-acc-stats-twofeats[5.2.132~9-82686]:main():gmm-acc-stats-twofeats.cc:140) Average like for this file is -52.4141 over 23 frames.
LOG (gmm-acc-stats-twofeats[5.2.132~9-82686]:main():gmm-acc-stats-twofeats.cc:140) Average like for this file is -56.7194 over 25 frames.
LOG (gmm-acc-stats-twofeats[5.2.132~9-82686]:main():gmm-acc-stats-twofeats.cc:140) Average like for this file is -49.6645 over 29 frames.
LOG (gmm-acc-stats-twofeats[5.2.132~9-82686]:main():gmm-acc-stats-twofeats.cc:140) Average like for this file is -47.0624 over 30 frames.
LOG (gmm-acc-stats-twofeats[5.2.132~9-82686]:main():gmm-acc-stats-twofeats.cc:140) Average like for this file is -47.7734 over 21 frames.
LOG (gmm-acc-stats-twofeats[5.2.132~9-82686]:main():gmm-acc-stats-twofeats.cc:140) Average like for this file is -50.8197 over 25 frames.
LOG (gmm-acc-stats-twofeats[5.2.132~9-82686]:main():gmm-acc-stats-twofeats.cc:140) Average like for this file is -49.8559 over 29 frames.
LOG (gmm-acc-stats-twofeats[5.2.132~9-82686]:main():gmm-acc-stats-twofeats.cc:140) Average like for this file is -51.8358 over 25 frames.
LOG (gmm-acc-stats-twofeats[5.2.132~9-82686]:main():gmm-acc-stats-twofeats.cc:140) Average like for this file is -51.3672 over 31 frames.
LOG (gmm-acc-stats-twofeats[5.2.132~9-82686]:main():gmm-acc-stats-twofeats.cc:146) Avg like per frame so far is -48.9126
LOG (gmm-acc-stats-twofeats[5.2.132~9-82686]:main():gmm-acc-stats-twofeats.cc:140) Average like for this file is -46.9525 over 24 frames.
LOG (gmm-acc-stats-twofeats[5.2.132~9-82686]:main():gmm-acc-stats-twofeats.cc:140) Average like for this file is -48.7293 over 27 frames.
LOG (gmm-acc-stats-twofeats[5.2.132~9-82686]:main():gmm-acc-stats-twofeats.cc:140) Average like for this file is -55.9994 over 29 frames.
LOG (gmm-acc-stats-twofeats[5.2.132~9-82686]:main():gmm-acc-stats-twofeats.cc:140) Average like for this file is -45.3499 over 47 frames.
LOG (gmm-acc-stats-twofeats[5.2.132~9-82686]:main():gmm-acc-stats-twofeats.cc:140) Average like for this file is -51.0622 over 32 frames.
LOG (gmm-acc-stats-twofeats[5.2.132~9-82686]:main():gmm-acc-stats-twofeats.cc:140) Average like for this file is -49.3306 over 29 frames.
LOG (gmm-acc-stats-twofeats[5.2.132~9-82686]:main():gmm-acc-stats-twofeats.cc:140) Average like for this file is -46.6598 over 58 frames.
LOG (gmm-acc-stats-twofeats[5.2.132~9-82686]:main():gmm-acc-stats-twofeats.cc:140) Average like for this file is -43.1133 over 39 frames.
LOG (gmm-acc-stats-twofeats[5.2.132~9-82686]:main():gmm-acc-stats-twofeats.cc:140) Average like for this file is -44.1015 over 38 frames.
LOG (gmm-acc-stats-twofeats[5.2.132~9-82686]:main():gmm-acc-stats-twofeats.cc:140) Average like for this file is -49.7705 over 31 frames.
LOG (gmm-acc-stats-twofeats[5.2.132~9-82686]:main():gmm-acc-stats-twofeats.cc:146) Avg like per frame so far is -48.8629
LOG (gmm-acc-stats-twofeats[5.2.132~9-82686]:main():gmm-acc-stats-twofeats.cc:140) Average like for this file is -50.6792 over 41 frames.
LOG (gmm-acc-stats-twofeats[5.2.132~9-82686]:main():gmm-acc-stats-twofeats.cc:140) Average like for this file is -30.8072 over 46 frames.
LOG (gmm-acc-stats-twofeats[5.2.132~9-82686]:main():gmm-acc-stats-twofeats.cc:140) Average like for this file is -35.565 over 38 frames.
LOG (gmm-acc-stats-twofeats[5.2.132~9-82686]:main():gmm-acc-stats-twofeats.cc:140) Average like for this file is -48.8001 over 37 frames.
LOG (gmm-acc-stats-twofeats[5.2.132~9-82686]:main():gmm-acc-stats-twofeats.cc:140) Average like for this file is -52.1336 over 32 frames.
LOG (gmm-acc-stats-twofeats[5.2.132~9-82686]:main():gmm-acc-stats-twofeats.cc:140) Average like for this file is -37.0684 over 52 frames.
LOG (gmm-acc-stats-twofeats[5.2.132~9-82686]:main():gmm-acc-stats-twofeats.cc:140) Average like for this file is -48.6197 over 48 frames.
LOG (gmm-acc-stats-twofeats[5.2.132~9-82686]:main():gmm-acc-stats-twofeats.cc:140) Average like for this file is -51.113 over 56 frames.
LOG (gmm-acc-stats-twofeats[5.2.132~9-82686]:main():gmm-acc-stats-twofeats.cc:140) Average like for this file is -50.0333 over 61 frames.
LOG (gmm-acc-stats-twofeats[5.2.132~9-82686]:main():gmm-acc-stats-twofeats.cc:140) Average like for this file is -40.077 over 59 frames.
LOG (gmm-acc-stats-twofeats[5.2.132~9-82686]:main():gmm-acc-stats-twofeats.cc:146) Avg like per frame so far is -48.6403
LOG (gmm-acc-stats-twofeats[5.2.132~9-82686]:main():gmm-acc-stats-twofeats.cc:140) Average like for this file is -56.7811 over 51 frames.
LOG (gmm-acc-stats-twofeats[5.2.132~9-82686]:main():gmm-acc-stats-twofeats.cc:140) Average like for this file is -65.3562 over 53 frames.
LOG (gmm-acc-stats-twofeats[5.2.132~9-82686]:main():gmm-acc-stats-twofeats.cc:140) Average like for this file is -52.7245 over 42 frames.
LOG (gmm-acc-stats-twofeats[5.2.132~9-82686]:main():gmm-acc-stats-twofeats.cc:140) Average like for this file is -43.2945 over 85 frames.
LOG (gmm-acc-stats-twofeats[5.2.132~9-82686]:main():gmm-acc-stats-twofeats.cc:140) Average like for this file is -43.3088 over 40 frames.
LOG (gmm-acc-stats-twofeats[5.2.132~9-82686]:main():gmm-acc-stats-twofeats.cc:140) Average like for this file is -44.7618 over 48 frames.
LOG (gmm-acc-stats-twofeats[5.2.132~9-82686]:main():gmm-acc-stats-twofeats.cc:140) Average like for this file is -39.4898 over 73 frames.
LOG (gmm-acc-stats-twofeats[5.2.132~9-82686]:main():gmm-acc-stats-twofeats.cc:140) Average like for this file is -59.7167 over 21 frames.
LOG (gmm-acc-stats-twofeats[5.2.132~9-82686]:main():gmm-acc-stats-twofeats.cc:140) Average like for this file is -57.5336 over 23 frames.
LOG (gmm-acc-stats-twofeats[5.2.132~9-82686]:main():gmm-acc-stats-twofeats.cc:140) Average like for this file is -58.9864 over 26 frames.
LOG (gmm-acc-stats-twofeats[5.2.132~9-82686]:main():gmm-acc-stats-twofeats.cc:146) Avg like per frame so far is -48.7066
LOG (gmm-acc-stats-twofeats[5.2.132~9-82686]:main():gmm-acc-stats-twofeats.cc:140) Average like for this file is -58.5275 over 35 frames.
LOG (gmm-acc-stats-twofeats[5.2.132~9-82686]:main():gmm-acc-stats-twofeats.cc:140) Average like for this file is -44.1902 over 42 frames.
LOG (gmm-acc-stats-twofeats[5.2.132~9-82686]:main():gmm-acc-stats-twofeats.cc:140) Average like for this file is -47.3587 over 38 frames.
LOG (gmm-acc-stats-twofeats[5.2.132~9-82686]:main():gmm-acc-stats-twofeats.cc:140) Average like for this file is -41.4785 over 41 frames.
LOG (gmm-acc-stats-twofeats[5.2.132~9-82686]:main():gmm-acc-stats-twofeats.cc:140) Average like for this file is -41.4873 over 43 frames.
LOG (gmm-acc-stats-twofeats[5.2.132~9-82686]:main():gmm-acc-stats-twofeats.cc:140) Average like for this file is -44.894 over 42 frames.
LOG (gmm-acc-stats-twofeats[5.2.132~9-82686]:main():gmm-acc-stats-twofeats.cc:140) Average like for this file is -40.4299 over 46 frames.
LOG (gmm-acc-stats-twofeats[5.2.132~9-82686]:main():gmm-acc-stats-twofeats.cc:140) Average like for this file is -54.4211 over 23 frames.
LOG (gmm-acc-stats-twofeats[5.2.132~9-82686]:main():gmm-acc-stats-twofeats.cc:140) Average like for this file is -46.637 over 37 frames.
LOG (gmm-acc-stats-twofeats[5.2.132~9-82686]:main():gmm-acc-stats-twofeats.cc:140) Average like for this file is -52.7487 over 23 frames.
LOG (gmm-acc-stats-twofeats[5.2.132~9-82686]:main():gmm-acc-stats-twofeats.cc:146) Avg like per frame so far is -48.6194
LOG (gmm-acc-stats-twofeats[5.2.132~9-82686]:main():gmm-acc-stats-twofeats.cc:140) Average like for this file is -42.1924 over 38 frames.
LOG (gmm-acc-stats-twofeats[5.2.132~9-82686]:main():gmm-acc-stats-twofeats.cc:140) Average like for this file is -46.6956 over 30 frames.
LOG (gmm-acc-stats-twofeats[5.2.132~9-82686]:main():gmm-acc-stats-twofeats.cc:140) Average like for this file is -51.1056 over 24 frames.
LOG (gmm-acc-stats-twofeats[5.2.132~9-82686]:main():gmm-acc-stats-twofeats.cc:140) Average like for this file is -46.9798 over 26 frames.
LOG (gmm-acc-stats-twofeats[5.2.132~9-82686]:main():gmm-acc-stats-twofeats.cc:140) Average like for this file is -45.2832 over 37 frames.
LOG (gmm-acc-stats-twofeats[5.2.132~9-82686]:main():gmm-acc-stats-twofeats.cc:140) Average like for this file is -55.1823 over 42 frames.
LOG (gmm-acc-stats-twofeats[5.2.132~9-82686]:main():gmm-acc-stats-twofeats.cc:140) Average like for this file is -54.6529 over 42 frames.
LOG (gmm-acc-stats-twofeats[5.2.132~9-82686]:main():gmm-acc-stats-twofeats.cc:140) Average like for this file is -57.4434 over 21 frames.
LOG (gmm-acc-stats-twofeats[5.2.132~9-82686]:main():gmm-acc-stats-twofeats.cc:140) Average like for this file is -52.866 over 39 frames.
LOG (gmm-acc-stats-twofeats[5.2.132~9-82686]:main():gmm-acc-stats-twofeats.cc:140) Average like for this file is -48.0032 over 47 frames.
LOG (gmm-acc-stats-twofeats[5.2.132~9-82686]:main():gmm-acc-stats-twofeats.cc:146) Avg like per frame so far is -48.661
LOG (gmm-acc-stats-twofeats[5.2.132~9-82686]:main():gmm-acc-stats-twofeats.cc:140) Average like for this file is -56.55 over 29 frames.
LOG (gmm-acc-stats-twofeats[5.2.132~9-82686]:main():gmm-acc-stats-twofeats.cc:140) Average like for this file is -53.6151 over 26 frames.
LOG (gmm-acc-stats-twofeats[5.2.132~9-82686]:main():gmm-acc-stats-twofeats.cc:140) Average like for this file is -55.9936 over 46 frames.
LOG (gmm-acc-stats-twofeats[5.2.132~9-82686]:main():gmm-acc-stats-twofeats.cc:140) Average like for this file is -55.1675 over 37 frames.
LOG (gmm-acc-stats-twofeats[5.2.132~9-82686]:main():gmm-acc-stats-twofeats.cc:140) Average like for this file is -57.3012 over 33 frames.
LOG (gmm-acc-stats-twofeats[5.2.132~9-82686]:main():gmm-acc-stats-twofeats.cc:140) Average like for this file is -52.3164 over 38 frames.
LOG (gmm-acc-stats-twofeats[5.2.132~9-82686]:main():gmm-acc-stats-twofeats.cc:140) Average like for this file is -43.9892 over 61 frames.
LOG (gmm-acc-stats-twofeats[5.2.132~9-82686]:main():gmm-acc-stats-twofeats.cc:140) Average like for this file is -39.3071 over 40 frames.
LOG (gmm-acc-stats-twofeats[5.2.132~9-82686]:main():gmm-acc-stats-twofeats.cc:140) Average like for this file is -50.7657 over 22 frames.
LOG (gmm-acc-stats-twofeats[5.2.132~9-82686]:main():gmm-acc-stats-twofeats.cc:140) Average like for this file is -52.8288 over 22 frames.
LOG (gmm-acc-stats-twofeats[5.2.132~9-82686]:main():gmm-acc-stats-twofeats.cc:146) Avg like per frame so far is -48.7373
LOG (gmm-acc-stats-twofeats[5.2.132~9-82686]:main():gmm-acc-stats-twofeats.cc:140) Average like for this file is -51.988 over 39 frames.
LOG (gmm-acc-stats-twofeats[5.2.132~9-82686]:main():gmm-acc-stats-twofeats.cc:140) Average like for this file is -37.8552 over 59 frames.
LOG (gmm-acc-stats-twofeats[5.2.132~9-82686]:main():gmm-acc-stats-twofeats.cc:140) Average like for this file is -40.8223 over 71 frames.
LOG (gmm-acc-stats-twofeats[5.2.132~9-82686]:main():gmm-acc-stats-twofeats.cc:140) Average like for this file is -54.8238 over 59 frames.
LOG (gmm-acc-stats-twofeats[5.2.132~9-82686]:main():gmm-acc-stats-twofeats.cc:140) Average like for this file is -55.0256 over 41 frames.
LOG (gmm-acc-stats-twofeats[5.2.132~9-82686]:main():gmm-acc-stats-twofeats.cc:140) Average like for this file is -34.2516 over 45 frames.
LOG (gmm-acc-stats-twofeats[5.2.132~9-82686]:main():gmm-acc-stats-twofeats.cc:140) Average like for this file is -47.7567 over 47 frames.
LOG (gmm-acc-stats-twofeats[5.2.132~9-82686]:main():gmm-acc-stats-twofeats.cc:140) Average like for this file is -47.8319 over 45 frames.
LOG (gmm-acc-stats-twofeats[5.2.132~9-82686]:main():gmm-acc-stats-twofeats.cc:140) Average like for this file is -54.5669 over 37 frames.
LOG (gmm-acc-stats-twofeats[5.2.132~9-82686]:main():gmm-acc-stats-twofeats.cc:140) Average like for this file is -45.6054 over 47 frames.
LOG (gmm-acc-stats-twofeats[5.2.132~9-82686]:main():gmm-acc-stats-twofeats.cc:146) Avg like per frame so far is -48.6388
LOG (gmm-acc-stats-twofeats[5.2.132~9-82686]:main():gmm-acc-stats-twofeats.cc:140) Average like for this file is -54.197 over 30 frames.
LOG (gmm-acc-stats-twofeats[5.2.132~9-82686]:main():gmm-acc-stats-twofeats.cc:140) Average like for this file is -48.5054 over 38 frames.
LOG (gmm-acc-stats-twofeats[5.2.132~9-82686]:main():gmm-acc-stats-twofeats.cc:140) Average like for this file is -53.6625 over 38 frames.
LOG (gmm-acc-stats-twofeats[5.2.132~9-82686]:main():gmm-acc-stats-twofeats.cc:140) Average like for this file is -52.2484 over 42 frames.
LOG (gmm-acc-stats-twofeats[5.2.132~9-82686]:main():gmm-acc-stats-twofeats.cc:140) Average like for this file is -57.3274 over 27 frames.
LOG (gmm-acc-stats-twofeats[5.2.132~9-82686]:main():gmm-acc-stats-twofeats.cc:140) Average like for this file is -49.6652 over 24 frames.
LOG (gmm-acc-stats-twofeats[5.2.132~9-82686]:main():gmm-acc-stats-twofeats.cc:140) Average like for this file is -50.3635 over 36 frames.
LOG (gmm-acc-stats-twofeats[5.2.132~9-82686]:main():gmm-acc-stats-twofeats.cc:140) Average like for this file is -45.9164 over 33 frames.
LOG (gmm-acc-stats-twofeats[5.2.132~9-82686]:main():gmm-acc-stats-twofeats.cc:140) Average like for this file is -64.4925 over 24 frames.
LOG (gmm-acc-stats-twofeats[5.2.132~9-82686]:main():gmm-acc-stats-twofeats.cc:140) Average like for this file is -48.9003 over 26 frames.
LOG (gmm-acc-stats-twofeats[5.2.132~9-82686]:main():gmm-acc-stats-twofeats.cc:146) Avg like per frame so far is -48.734
LOG (gmm-acc-stats-twofeats[5.2.132~9-82686]:main():gmm-acc-stats-twofeats.cc:140) Average like for this file is -43.2424 over 30 frames.
LOG (gmm-acc-stats-twofeats[5.2.132~9-82686]:main():gmm-acc-stats-twofeats.cc:140) Average like for this file is -43.7996 over 57 frames.
LOG (gmm-acc-stats-twofeats[5.2.132~9-82686]:main():gmm-acc-stats-twofeats.cc:140) Average like for this file is -47.7257 over 63 frames.
LOG (gmm-acc-stats-twofeats[5.2.132~9-82686]:main():gmm-acc-stats-twofeats.cc:140) Average like for this file is -49.4042 over 47 frames.
LOG (gmm-acc-stats-twofeats[5.2.132~9-82686]:main():gmm-acc-stats-twofeats.cc:140) Average like for this file is -45.7932 over 45 frames.
LOG (gmm-acc-stats-twofeats[5.2.132~9-82686]:main():gmm-acc-stats-twofeats.cc:140) Average like for this file is -53.2118 over 37 frames.
LOG (gmm-acc-stats-twofeats[5.2.132~9-82686]:main():gmm-acc-stats-twofeats.cc:140) Average like for this file is -42.1704 over 65 frames.
LOG (gmm-acc-stats-twofeats[5.2.132~9-82686]:main():gmm-acc-stats-twofeats.cc:140) Average like for this file is -42.4398 over 47 frames.
LOG (gmm-acc-stats-twofeats[5.2.132~9-82686]:main():gmm-acc-stats-twofeats.cc:140) Average like for this file is -44.4854 over 39 frames.
LOG (gmm-acc-stats-twofeats[5.2.132~9-82686]:main():gmm-acc-stats-twofeats.cc:140) Average like for this file is -38.6785 over 26 frames.
LOG (gmm-acc-stats-twofeats[5.2.132~9-82686]:main():gmm-acc-stats-twofeats.cc:146) Avg like per frame so far is -48.6039
LOG (gmm-acc-stats-twofeats[5.2.132~9-82686]:main():gmm-acc-stats-twofeats.cc:140) Average like for this file is -45.9523 over 40 frames.
LOG (gmm-acc-stats-twofeats[5.2.132~9-82686]:main():gmm-acc-stats-twofeats.cc:140) Average like for this file is -45.7248 over 26 frames.
LOG (gmm-acc-stats-twofeats[5.2.132~9-82686]:main():gmm-acc-stats-twofeats.cc:140) Average like for this file is -37.0435 over 23 frames.
LOG (gmm-acc-stats-twofeats[5.2.132~9-82686]:main():gmm-acc-stats-twofeats.cc:140) Average like for this file is -44.4909 over 36 frames.
LOG (gmm-acc-stats-twofeats[5.2.132~9-82686]:main():gmm-acc-stats-twofeats.cc:140) Average like for this file is -42.6669 over 41 frames.
LOG (gmm-acc-stats-twofeats[5.2.132~9-82686]:main():gmm-acc-stats-twofeats.cc:140) Average like for this file is -42.7245 over 32 frames.
LOG (gmm-acc-stats-twofeats[5.2.132~9-82686]:main():gmm-acc-stats-twofeats.cc:140) Average like for this file is -61.2626 over 36 frames.
LOG (gmm-acc-stats-twofeats[5.2.132~9-82686]:main():gmm-acc-stats-twofeats.cc:140) Average like for this file is -39.7118 over 29 frames.
LOG (gmm-acc-stats-twofeats[5.2.132~9-82686]:main():gmm-acc-stats-twofeats.cc:140) Average like for this file is -39.7255 over 34 frames.
LOG (gmm-acc-stats-twofeats[5.2.132~9-82686]:main():gmm-acc-stats-twofeats.cc:140) Average like for this file is -55.5978 over 34 frames.
LOG (gmm-acc-stats-twofeats[5.2.132~9-82686]:main():gmm-acc-stats-twofeats.cc:146) Avg like per frame so far is -48.533
LOG (gmm-acc-stats-twofeats[5.2.132~9-82686]:main():gmm-acc-stats-twofeats.cc:140) Average like for this file is -50.6819 over 31 frames.
LOG (gmm-acc-stats-twofeats[5.2.132~9-82686]:main():gmm-acc-stats-twofeats.cc:140) Average like for this file is -55.938 over 34 frames.
LOG (gmm-acc-stats-twofeats[5.2.132~9-82686]:main():gmm-acc-stats-twofeats.cc:140) Average like for this file is -54.2111 over 38 frames.
LOG (gmm-acc-stats-twofeats[5.2.132~9-82686]:main():gmm-acc-stats-twofeats.cc:140) Average like for this file is -52.4399 over 40 frames.
LOG (gmm-acc-stats-twofeats[5.2.132~9-82686]:main():gmm-acc-stats-twofeats.cc:140) Average like for this file is -52.535 over 33 frames.
LOG (gmm-acc-stats-twofeats[5.2.132~9-82686]:main():gmm-acc-stats-twofeats.cc:140) Average like for this file is -53.9058 over 64 frames.
LOG (gmm-acc-stats-twofeats[5.2.132~9-82686]:main():gmm-acc-stats-twofeats.cc:140) Average like for this file is -51.874 over 33 frames.
LOG (gmm-acc-stats-twofeats[5.2.132~9-82686]:main():gmm-acc-stats-twofeats.cc:140) Average like for this file is -47.5306 over 59 frames.
LOG (gmm-acc-stats-twofeats[5.2.132~9-82686]:main():gmm-acc-stats-twofeats.cc:140) Average like for this file is -40.8401 over 57 frames.
LOG (gmm-acc-stats-twofeats[5.2.132~9-82686]:main():gmm-acc-stats-twofeats.cc:140) Average like for this file is -51.4651 over 55 frames.
LOG (gmm-acc-stats-twofeats[5.2.132~9-82686]:main():gmm-acc-stats-twofeats.cc:146) Avg like per frame so far is -48.6052
LOG (gmm-acc-stats-twofeats[5.2.132~9-82686]:main():gmm-acc-stats-twofeats.cc:140) Average like for this file is -47.5949 over 80 frames.
LOG (gmm-acc-stats-twofeats[5.2.132~9-82686]:main():gmm-acc-stats-twofeats.cc:140) Average like for this file is -39.9709 over 58 frames.
LOG (gmm-acc-stats-twofeats[5.2.132~9-82686]:main():gmm-acc-stats-twofeats.cc:140) Average like for this file is -36.6634 over 44 frames.
LOG (gmm-acc-stats-twofeats[5.2.132~9-82686]:main():gmm-acc-stats-twofeats.cc:140) Average like for this file is -47.3509 over 47 frames.
LOG (gmm-acc-stats-twofeats[5.2.132~9-82686]:main():gmm-acc-stats-twofeats.cc:140) Average like for this file is -38.6977 over 23 frames.
LOG (gmm-acc-stats-twofeats[5.2.132~9-82686]:main():gmm-acc-stats-twofeats.cc:140) Average like for this file is -45.2594 over 23 frames.
LOG (gmm-acc-stats-twofeats[5.2.132~9-82686]:main():gmm-acc-stats-twofeats.cc:140) Average like for this file is -52.537 over 37 frames.
LOG (gmm-acc-stats-twofeats[5.2.132~9-82686]:main():gmm-acc-stats-twofeats.cc:140) Average like for this file is -56.4762 over 45 frames.
LOG (gmm-acc-stats-twofeats[5.2.132~9-82686]:main():gmm-acc-stats-twofeats.cc:140) Average like for this file is -40.2504 over 54 frames.
LOG (gmm-acc-stats-twofeats[5.2.132~9-82686]:main():gmm-acc-stats-twofeats.cc:140) Average like for this file is -55.0063 over 40 frames.
LOG (gmm-acc-stats-twofeats[5.2.132~9-82686]:main():gmm-acc-stats-twofeats.cc:146) Avg like per frame so far is -48.5186
LOG (gmm-acc-stats-twofeats[5.2.132~9-82686]:main():gmm-acc-stats-twofeats.cc:140) Average like for this file is -50.4759 over 48 frames.
LOG (gmm-acc-stats-twofeats[5.2.132~9-82686]:main():gmm-acc-stats-twofeats.cc:140) Average like for this file is -47.1064 over 50 frames.
LOG (gmm-acc-stats-twofeats[5.2.132~9-82686]:main():gmm-acc-stats-twofeats.cc:140) Average like for this file is -37.0808 over 56 frames.
LOG (gmm-acc-stats-twofeats[5.2.132~9-82686]:main():gmm-acc-stats-twofeats.cc:140) Average like for this file is -39.2709 over 54 frames.
LOG (gmm-acc-stats-twofeats[5.2.132~9-82686]:main():gmm-acc-stats-twofeats.cc:140) Average like for this file is -47.5205 over 79 frames.
LOG (gmm-acc-stats-twofeats[5.2.132~9-82686]:main():gmm-acc-stats-twofeats.cc:140) Average like for this file is -56.0332 over 52 frames.
LOG (gmm-acc-stats-twofeats[5.2.132~9-82686]:main():gmm-acc-stats-twofeats.cc:140) Average like for this file is -37.8295 over 58 frames.
LOG (gmm-acc-stats-twofeats[5.2.132~9-82686]:main():gmm-acc-stats-twofeats.cc:140) Average like for this file is -42.7403 over 34 frames.
LOG (gmm-acc-stats-twofeats[5.2.132~9-82686]:main():gmm-acc-stats-twofeats.cc:140) Average like for this file is -54.3495 over 54 frames.
LOG (gmm-acc-stats-twofeats[5.2.132~9-82686]:main():gmm-acc-stats-twofeats.cc:140) Average like for this file is -56.1155 over 61 frames.
LOG (gmm-acc-stats-twofeats[5.2.132~9-82686]:main():gmm-acc-stats-twofeats.cc:146) Avg like per frame so far is -48.4585
LOG (gmm-acc-stats-twofeats[5.2.132~9-82686]:main():gmm-acc-stats-twofeats.cc:140) Average like for this file is -45.4757 over 58 frames.
LOG (gmm-acc-stats-twofeats[5.2.132~9-82686]:main():gmm-acc-stats-twofeats.cc:140) Average like for this file is -54.7827 over 16 frames.
LOG (gmm-acc-stats-twofeats[5.2.132~9-82686]:main():gmm-acc-stats-twofeats.cc:140) Average like for this file is -55.841 over 44 frames.
LOG (gmm-acc-stats-twofeats[5.2.132~9-82686]:main():gmm-acc-stats-twofeats.cc:140) Average like for this file is -54.9292 over 60 frames.
LOG (gmm-acc-stats-twofeats[5.2.132~9-82686]:main():gmm-acc-stats-twofeats.cc:140) Average like for this file is -53.7172 over 59 frames.
LOG (gmm-acc-stats-twofeats[5.2.132~9-82686]:main():gmm-acc-stats-twofeats.cc:140) Average like for this file is -49.8763 over 91 frames.
LOG (gmm-acc-stats-twofeats[5.2.132~9-82686]:main():gmm-acc-stats-twofeats.cc:140) Average like for this file is -46.1467 over 31 frames.
LOG (gmm-acc-stats-twofeats[5.2.132~9-82686]:main():gmm-acc-stats-twofeats.cc:140) Average like for this file is -43.3025 over 36 frames.
LOG (gmm-acc-stats-twofeats[5.2.132~9-82686]:main():gmm-acc-stats-twofeats.cc:140) Average like for this file is -42.9725 over 77 frames.
LOG (gmm-acc-stats-twofeats[5.2.132~9-82686]:main():gmm-acc-stats-twofeats.cc:140) Average like for this file is -45.6783 over 81 frames.
LOG (gmm-acc-stats-twofeats[5.2.132~9-82686]:main():gmm-acc-stats-twofeats.cc:146) Avg like per frame so far is -48.4706
LOG (gmm-acc-stats-twofeats[5.2.132~9-82686]:main():gmm-acc-stats-twofeats.cc:140) Average like for this file is -46.226 over 101 frames.
LOG (gmm-acc-stats-twofeats[5.2.132~9-82686]:main():gmm-acc-stats-twofeats.cc:140) Average like for this file is -49.0569 over 43 frames.
LOG (gmm-acc-stats-twofeats[5.2.132~9-82686]:main():gmm-acc-stats-twofeats.cc:140) Average like for this file is -52.5114 over 41 frames.
LOG (gmm-acc-stats-twofeats[5.2.132~9-82686]:main():gmm-acc-stats-twofeats.cc:140) Average like for this file is -37.666 over 49 frames.
LOG (gmm-acc-stats-twofeats[5.2.132~9-82686]:main():gmm-acc-stats-twofeats.cc:140) Average like for this file is -52.3399 over 43 frames.
LOG (gmm-acc-stats-twofeats[5.2.132~9-82686]:main():gmm-acc-stats-twofeats.cc:140) Average like for this file is -37.8784 over 54 frames.
LOG (gmm-acc-stats-twofeats[5.2.132~9-82686]:main():gmm-acc-stats-twofeats.cc:140) Average like for this file is -39.275 over 50 frames.
LOG (gmm-acc-stats-twofeats[5.2.132~9-82686]:main():gmm-acc-stats-twofeats.cc:140) Average like for this file is -57.5763 over 18 frames.
LOG (gmm-acc-stats-twofeats[5.2.132~9-82686]:main():gmm-acc-stats-twofeats.cc:140) Average like for this file is -45.9499 over 28 frames.
LOG (gmm-acc-stats-twofeats[5.2.132~9-82686]:main():gmm-acc-stats-twofeats.cc:140) Average like for this file is -51.845 over 41 frames.
LOG (gmm-acc-stats-twofeats[5.2.132~9-82686]:main():gmm-acc-stats-twofeats.cc:146) Avg like per frame so far is -48.3909
LOG (gmm-acc-stats-twofeats[5.2.132~9-82686]:main():gmm-acc-stats-twofeats.cc:140) Average like for this file is -51.3101 over 51 frames.
LOG (gmm-acc-stats-twofeats[5.2.132~9-82686]:main():gmm-acc-stats-twofeats.cc:140) Average like for this file is -53.0558 over 58 frames.
LOG (gmm-acc-stats-twofeats[5.2.132~9-82686]:main():gmm-acc-stats-twofeats.cc:140) Average like for this file is -50.5416 over 59 frames.
LOG (gmm-acc-stats-twofeats[5.2.132~9-82686]:main():gmm-acc-stats-twofeats.cc:140) Average like for this file is -54.3157 over 44 frames.
LOG (gmm-acc-stats-twofeats[5.2.132~9-82686]:main():gmm-acc-stats-twofeats.cc:140) Average like for this file is -50.501 over 48 frames.
LOG (gmm-acc-stats-twofeats[5.2.132~9-82686]:main():gmm-acc-stats-twofeats.cc:140) Average like for this file is -59.4512 over 55 frames.
LOG (gmm-acc-stats-twofeats[5.2.132~9-82686]:main():gmm-acc-stats-twofeats.cc:140) Average like for this file is -58.5319 over 23 frames.
LOG (gmm-acc-stats-twofeats[5.2.132~9-82686]:main():gmm-acc-stats-twofeats.cc:140) Average like for this file is -54.4703 over 63 frames.
LOG (gmm-acc-stats-twofeats[5.2.132~9-82686]:main():gmm-acc-stats-twofeats.cc:140) Average like for this file is -60.8178 over 27 frames.
LOG (gmm-acc-stats-twofeats[5.2.132~9-82686]:main():gmm-acc-stats-twofeats.cc:140) Average like for this file is -48.1783 over 74 frames.
LOG (gmm-acc-stats-twofeats[5.2.132~9-82686]:main():gmm-acc-stats-twofeats.cc:146) Avg like per frame so far is -48.5486
LOG (gmm-acc-stats-twofeats[5.2.132~9-82686]:main():gmm-acc-stats-twofeats.cc:140) Average like for this file is -50.1085 over 41 frames.
LOG (gmm-acc-stats-twofeats[5.2.132~9-82686]:main():gmm-acc-stats-twofeats.cc:140) Average like for this file is -50.3536 over 26 frames.
LOG (gmm-acc-stats-twofeats[5.2.132~9-82686]:main():gmm-acc-stats-twofeats.cc:140) Average like for this file is -41.9342 over 61 frames.
LOG (gmm-acc-stats-twofeats[5.2.132~9-82686]:main():gmm-acc-stats-twofeats.cc:140) Average like for this file is -46.7254 over 71 frames.
LOG (gmm-acc-stats-twofeats[5.2.132~9-82686]:main():gmm-acc-stats-twofeats.cc:140) Average like for this file is -57.3478 over 40 frames.
LOG (gmm-acc-stats-twofeats[5.2.132~9-82686]:main():gmm-acc-stats-twofeats.cc:140) Average like for this file is -58.1564 over 36 frames.
LOG (gmm-acc-stats-twofeats[5.2.132~9-82686]:main():gmm-acc-stats-twofeats.cc:140) Average like for this file is -54.8736 over 43 frames.
LOG (gmm-acc-stats-twofeats[5.2.132~9-82686]:main():gmm-acc-stats-twofeats.cc:140) Average like for this file is -42.5687 over 47 frames.
LOG (gmm-acc-stats-twofeats[5.2.132~9-82686]:main():gmm-acc-stats-twofeats.cc:140) Average like for this file is -54.1504 over 55 frames.
LOG (gmm-acc-stats-twofeats[5.2.132~9-82686]:main():gmm-acc-stats-twofeats.cc:140) Average like for this file is -56.9335 over 40 frames.
LOG (gmm-acc-stats-twofeats[5.2.132~9-82686]:main():gmm-acc-stats-twofeats.cc:146) Avg like per frame so far is -48.6055
LOG (gmm-acc-stats-twofeats[5.2.132~9-82686]:main():gmm-acc-stats-twofeats.cc:140) Average like for this file is -50.1792 over 62 frames.
LOG (gmm-acc-stats-twofeats[5.2.132~9-82686]:main():gmm-acc-stats-twofeats.cc:140) Average like for this file is -51.5047 over 58 frames.
LOG (gmm-acc-stats-twofeats[5.2.132~9-82686]:main():gmm-acc-stats-twofeats.cc:140) Average like for this file is -53.3728 over 53 frames.
LOG (gmm-acc-stats-twofeats[5.2.132~9-82686]:main():gmm-acc-stats-twofeats.cc:140) Average like for this file is -55.316 over 42 frames.
LOG (gmm-acc-stats-twofeats[5.2.132~9-82686]:main():gmm-acc-stats-twofeats.cc:140) Average like for this file is -52.3391 over 53 frames.
LOG (gmm-acc-stats-twofeats[5.2.132~9-82686]:main():gmm-acc-stats-twofeats.cc:140) Average like for this file is -53.0595 over 46 frames.
LOG (gmm-acc-stats-twofeats[5.2.132~9-82686]:main():gmm-acc-stats-twofeats.cc:140) Average like for this file is -55.9128 over 36 frames.
LOG (gmm-acc-stats-twofeats[5.2.132~9-82686]:main():gmm-acc-stats-twofeats.cc:140) Average like for this file is -51.3983 over 28 frames.
LOG (gmm-acc-stats-twofeats[5.2.132~9-82686]:main():gmm-acc-stats-twofeats.cc:140) Average like for this file is -47.5491 over 29 frames.
LOG (gmm-acc-stats-twofeats[5.2.132~9-82686]:main():gmm-acc-stats-twofeats.cc:140) Average like for this file is -52.7074 over 28 frames.
LOG (gmm-acc-stats-twofeats[5.2.132~9-82686]:main():gmm-acc-stats-twofeats.cc:146) Avg like per frame so far is -48.7045
LOG (gmm-acc-stats-twofeats[5.2.132~9-82686]:main():gmm-acc-stats-twofeats.cc:140) Average like for this file is -53.7788 over 24 frames.
LOG (gmm-acc-stats-twofeats[5.2.132~9-82686]:main():gmm-acc-stats-twofeats.cc:140) Average like for this file is -62.3564 over 26 frames.
LOG (gmm-acc-stats-twofeats[5.2.132~9-82686]:main():gmm-acc-stats-twofeats.cc:140) Average like for this file is -58.9636 over 35 frames.
LOG (gmm-acc-stats-twofeats[5.2.132~9-82686]:main():gmm-acc-stats-twofeats.cc:140) Average like for this file is -59.7436 over 35 frames.
LOG (gmm-acc-stats-twofeats[5.2.132~9-82686]:main():gmm-acc-stats-twofeats.cc:140) Average like for this file is -58.743 over 36 frames.
LOG (gmm-acc-stats-twofeats[5.2.132~9-82686]:main():gmm-acc-stats-twofeats.cc:140) Average like for this file is -49.1643 over 27 frames.
LOG (gmm-acc-stats-twofeats[5.2.132~9-82686]:main():gmm-acc-stats-twofeats.cc:140) Average like for this file is -57.0719 over 26 frames.
LOG (gmm-acc-stats-twofeats[5.2.132~9-82686]:main():gmm-acc-stats-twofeats.cc:140) Average like for this file is -47.1864 over 24 frames.
LOG (gmm-acc-stats-twofeats[5.2.132~9-82686]:main():gmm-acc-stats-twofeats.cc:140) Average like for this file is -51.2946 over 25 frames.
LOG (gmm-acc-stats-twofeats[5.2.132~9-82686]:main():gmm-acc-stats-twofeats.cc:140) Average like for this file is -46.5697 over 24 frames.
LOG (gmm-acc-stats-twofeats[5.2.132~9-82686]:main():gmm-acc-stats-twofeats.cc:146) Avg like per frame so far is -48.8116
LOG (gmm-acc-stats-twofeats[5.2.132~9-82686]:main():gmm-acc-stats-twofeats.cc:140) Average like for this file is -47.1421 over 28 frames.
LOG (gmm-acc-stats-twofeats[5.2.132~9-82686]:main():gmm-acc-stats-twofeats.cc:140) Average like for this file is -41.0178 over 27 frames.
LOG (gmm-acc-stats-twofeats[5.2.132~9-82686]:main():gmm-acc-stats-twofeats.cc:140) Average like for this file is -48.4445 over 20 frames.
LOG (gmm-acc-stats-twofeats[5.2.132~9-82686]:main():gmm-acc-stats-twofeats.cc:140) Average like for this file is -46.8898 over 27 frames.
LOG (gmm-acc-stats-twofeats[5.2.132~9-82686]:main():gmm-acc-stats-twofeats.cc:140) Average like for this file is -51.7957 over 31 frames.
LOG (gmm-acc-stats-twofeats[5.2.132~9-82686]:main():gmm-acc-stats-twofeats.cc:140) Average like for this file is -41.9793 over 33 frames.
LOG (gmm-acc-stats-twofeats[5.2.132~9-82686]:main():gmm-acc-stats-twofeats.cc:140) Average like for this file is -45.5161 over 37 frames.
LOG (gmm-acc-stats-twofeats[5.2.132~9-82686]:main():gmm-acc-stats-twofeats.cc:140) Average like for this file is -53.3667 over 39 frames.
LOG (gmm-acc-stats-twofeats[5.2.132~9-82686]:main():gmm-acc-stats-twofeats.cc:140) Average like for this file is -42.0316 over 26 frames.
LOG (gmm-acc-stats-twofeats[5.2.132~9-82686]:main():gmm-acc-stats-twofeats.cc:140) Average like for this file is -54.5992 over 33 frames.
LOG (gmm-acc-stats-twofeats[5.2.132~9-82686]:main():gmm-acc-stats-twofeats.cc:146) Avg like per frame so far is -48.7893
LOG (gmm-acc-stats-twofeats[5.2.132~9-82686]:main():gmm-acc-stats-twofeats.cc:140) Average like for this file is -45.1238 over 40 frames.
LOG (gmm-acc-stats-twofeats[5.2.132~9-82686]:main():gmm-acc-stats-twofeats.cc:140) Average like for this file is -55.6199 over 27 frames.
LOG (gmm-acc-stats-twofeats[5.2.132~9-82686]:main():gmm-acc-stats-twofeats.cc:140) Average like for this file is -56.8186 over 29 frames.
LOG (gmm-acc-stats-twofeats[5.2.132~9-82686]:main():gmm-acc-stats-twofeats.cc:140) Average like for this file is -42.3094 over 45 frames.
LOG (gmm-acc-stats-twofeats[5.2.132~9-82686]:main():gmm-acc-stats-twofeats.cc:140) Average like for this file is -36.9872 over 71 frames.
LOG (gmm-acc-stats-twofeats[5.2.132~9-82686]:main():gmm-acc-stats-twofeats.cc:140) Average like for this file is -45.4065 over 48 frames.
LOG (gmm-acc-stats-twofeats[5.2.132~9-82686]:main():gmm-acc-stats-twofeats.cc:140) Average like for this file is -46.0348 over 68 frames.
LOG (gmm-acc-stats-twofeats[5.2.132~9-82686]:main():gmm-acc-stats-twofeats.cc:140) Average like for this file is -43.2684 over 64 frames.
LOG (gmm-acc-stats-twofeats[5.2.132~9-82686]:main():gmm-acc-stats-twofeats.cc:140) Average like for this file is -32.8275 over 51 frames.
LOG (gmm-acc-stats-twofeats[5.2.132~9-82686]:main():gmm-acc-stats-twofeats.cc:140) Average like for this file is -39.8359 over 51 frames.
LOG (gmm-acc-stats-twofeats[5.2.132~9-82686]:main():gmm-acc-stats-twofeats.cc:146) Avg like per frame so far is -48.6277
LOG (gmm-acc-stats-twofeats[5.2.132~9-82686]:main():gmm-acc-stats-twofeats.cc:140) Average like for this file is -53.0829 over 24 frames.
LOG (gmm-acc-stats-twofeats[5.2.132~9-82686]:main():gmm-acc-stats-twofeats.cc:140) Average like for this file is -50.1953 over 22 frames.
LOG (gmm-acc-stats-twofeats[5.2.132~9-82686]:main():gmm-acc-stats-twofeats.cc:140) Average like for this file is -47.2743 over 30 frames.
LOG (gmm-acc-stats-twofeats[5.2.132~9-82686]:main():gmm-acc-stats-twofeats.cc:140) Average like for this file is -42.1163 over 37 frames.
LOG (gmm-acc-stats-twofeats[5.2.132~9-82686]:main():gmm-acc-stats-twofeats.cc:140) Average like for this file is -47.5416 over 68 frames.
LOG (gmm-acc-stats-twofeats[5.2.132~9-82686]:main():gmm-acc-stats-twofeats.cc:140) Average like for this file is -56.9465 over 34 frames.
LOG (gmm-acc-stats-twofeats[5.2.132~9-82686]:main():gmm-acc-stats-twofeats.cc:140) Average like for this file is -60.4022 over 50 frames.
LOG (gmm-acc-stats-twofeats[5.2.132~9-82686]:main():gmm-acc-stats-twofeats.cc:140) Average like for this file is -56.3967 over 42 frames.
LOG (gmm-acc-stats-twofeats[5.2.132~9-82686]:main():gmm-acc-stats-twofeats.cc:140) Average like for this file is -53.1222 over 43 frames.
LOG (gmm-acc-stats-twofeats[5.2.132~9-82686]:main():gmm-acc-stats-twofeats.cc:140) Average like for this file is -56.2864 over 40 frames.
LOG (gmm-acc-stats-twofeats[5.2.132~9-82686]:main():gmm-acc-stats-twofeats.cc:146) Avg like per frame so far is -48.7105
LOG (gmm-acc-stats-twofeats[5.2.132~9-82686]:main():gmm-acc-stats-twofeats.cc:140) Average like for this file is -53.0187 over 44 frames.
LOG (gmm-acc-stats-twofeats[5.2.132~9-82686]:main():gmm-acc-stats-twofeats.cc:140) Average like for this file is -50.2406 over 57 frames.
LOG (gmm-acc-stats-twofeats[5.2.132~9-82686]:main():gmm-acc-stats-twofeats.cc:140) Average like for this file is -47.2546 over 75 frames.
LOG (gmm-acc-stats-twofeats[5.2.132~9-82686]:main():gmm-acc-stats-twofeats.cc:140) Average like for this file is -39.3187 over 58 frames.
LOG (gmm-acc-stats-twofeats[5.2.132~9-82686]:main():gmm-acc-stats-twofeats.cc:140) Average like for this file is -51.6427 over 34 frames.
LOG (gmm-acc-stats-twofeats[5.2.132~9-82686]:main():gmm-acc-stats-twofeats.cc:140) Average like for this file is -42.1631 over 41 frames.
LOG (gmm-acc-stats-twofeats[5.2.132~9-82686]:main():gmm-acc-stats-twofeats.cc:140) Average like for this file is -31.8404 over 60 frames.
LOG (gmm-acc-stats-twofeats[5.2.132~9-82686]:main():gmm-acc-stats-twofeats.cc:140) Average like for this file is -34.2438 over 62 frames.
LOG (gmm-acc-stats-twofeats[5.2.132~9-82686]:main():gmm-acc-stats-twofeats.cc:140) Average like for this file is -54.9025 over 43 frames.
LOG (gmm-acc-stats-twofeats[5.2.132~9-82686]:main():gmm-acc-stats-twofeats.cc:140) Average like for this file is -60.5074 over 35 frames.
LOG (gmm-acc-stats-twofeats[5.2.132~9-82686]:main():gmm-acc-stats-twofeats.cc:146) Avg like per frame so far is -48.6141
LOG (gmm-acc-stats-twofeats[5.2.132~9-82686]:main():gmm-acc-stats-twofeats.cc:140) Average like for this file is -49.5518 over 41 frames.
LOG (gmm-acc-stats-twofeats[5.2.132~9-82686]:main():gmm-acc-stats-twofeats.cc:140) Average like for this file is -53.0062 over 49 frames.
LOG (gmm-acc-stats-twofeats[5.2.132~9-82686]:main():gmm-acc-stats-twofeats.cc:140) Average like for this file is -42.0952 over 63 frames.
LOG (gmm-acc-stats-twofeats[5.2.132~9-82686]:main():gmm-acc-stats-twofeats.cc:140) Average like for this file is -51.5066 over 64 frames.
LOG (gmm-acc-stats-twofeats[5.2.132~9-82686]:main():gmm-acc-stats-twofeats.cc:140) Average like for this file is -47.4915 over 68 frames.
LOG (gmm-acc-stats-twofeats[5.2.132~9-82686]:main():gmm-acc-stats-twofeats.cc:140) Average like for this file is -41.2738 over 52 frames.
LOG (gmm-acc-stats-twofeats[5.2.132~9-82686]:main():gmm-acc-stats-twofeats.cc:140) Average like for this file is -48.6089 over 76 frames.
LOG (gmm-acc-stats-twofeats[5.2.132~9-82686]:main():gmm-acc-stats-twofeats.cc:140) Average like for this file is -49.6575 over 40 frames.
LOG (gmm-acc-stats-twofeats[5.2.132~9-82686]:main():gmm-acc-stats-twofeats.cc:140) Average like for this file is -40.3632 over 39 frames.
LOG (gmm-acc-stats-twofeats[5.2.132~9-82686]:main():gmm-acc-stats-twofeats.cc:140) Average like for this file is -49.3841 over 25 frames.
LOG (gmm-acc-stats-twofeats[5.2.132~9-82686]:main():gmm-acc-stats-twofeats.cc:146) Avg like per frame so far is -48.5776
LOG (gmm-acc-stats-twofeats[5.2.132~9-82686]:main():gmm-acc-stats-twofeats.cc:140) Average like for this file is -48.0709 over 31 frames.
LOG (gmm-acc-stats-twofeats[5.2.132~9-82686]:main():gmm-acc-stats-twofeats.cc:140) Average like for this file is -50.401 over 29 frames.
LOG (gmm-acc-stats-twofeats[5.2.132~9-82686]:main():gmm-acc-stats-twofeats.cc:140) Average like for this file is -51.223 over 35 frames.
LOG (gmm-acc-stats-twofeats[5.2.132~9-82686]:main():gmm-acc-stats-twofeats.cc:140) Average like for this file is -42.5106 over 81 frames.
LOG (gmm-acc-stats-twofeats[5.2.132~9-82686]:main():gmm-acc-stats-twofeats.cc:140) Average like for this file is -34.9843 over 102 frames.
LOG (gmm-acc-stats-twofeats[5.2.132~9-82686]:main():gmm-acc-stats-twofeats.cc:140) Average like for this file is -42.4556 over 79 frames.
LOG (gmm-acc-stats-twofeats[5.2.132~9-82686]:main():gmm-acc-stats-twofeats.cc:140) Average like for this file is -43.2546 over 51 frames.
LOG (gmm-acc-stats-twofeats[5.2.132~9-82686]:main():gmm-acc-stats-twofeats.cc:140) Average like for this file is -47.546 over 46 frames.
LOG (gmm-acc-stats-twofeats[5.2.132~9-82686]:main():gmm-acc-stats-twofeats.cc:140) Average like for this file is -40.2745 over 51 frames.
LOG (gmm-acc-stats-twofeats[5.2.132~9-82686]:main():gmm-acc-stats-twofeats.cc:140) Average like for this file is -43.4282 over 50 frames.
LOG (gmm-acc-stats-twofeats[5.2.132~9-82686]:main():gmm-acc-stats-twofeats.cc:146) Avg like per frame so far is -48.4118
LOG (gmm-acc-stats-twofeats[5.2.132~9-82686]:main():gmm-acc-stats-twofeats.cc:140) Average like for this file is -38.5463 over 55 frames.
LOG (gmm-acc-stats-twofeats[5.2.132~9-82686]:main():gmm-acc-stats-twofeats.cc:140) Average like for this file is -44.8296 over 52 frames.
LOG (gmm-acc-stats-twofeats[5.2.132~9-82686]:main():gmm-acc-stats-twofeats.cc:140) Average like for this file is -50.5258 over 22 frames.
LOG (gmm-acc-stats-twofeats[5.2.132~9-82686]:main():gmm-acc-stats-twofeats.cc:140) Average like for this file is -51.304 over 19 frames.
LOG (gmm-acc-stats-twofeats[5.2.132~9-82686]:main():gmm-acc-stats-twofeats.cc:140) Average like for this file is -50.1766 over 21 frames.
LOG (gmm-acc-stats-twofeats[5.2.132~9-82686]:main():gmm-acc-stats-twofeats.cc:140) Average like for this file is -44.8293 over 53 frames.
LOG (gmm-acc-stats-twofeats[5.2.132~9-82686]:main():gmm-acc-stats-twofeats.cc:140) Average like for this file is -46.1803 over 42 frames.
LOG (gmm-acc-stats-twofeats[5.2.132~9-82686]:main():gmm-acc-stats-twofeats.cc:140) Average like for this file is -53.57 over 51 frames.
LOG (gmm-acc-stats-twofeats[5.2.132~9-82686]:main():gmm-acc-stats-twofeats.cc:140) Average like for this file is -53.3002 over 40 frames.
LOG (gmm-acc-stats-twofeats[5.2.132~9-82686]:main():gmm-acc-stats-twofeats.cc:140) Average like for this file is -54.0641 over 38 frames.
LOG (gmm-acc-stats-twofeats[5.2.132~9-82686]:main():gmm-acc-stats-twofeats.cc:146) Avg like per frame so far is -48.4017
LOG (gmm-acc-stats-twofeats[5.2.132~9-82686]:main():gmm-acc-stats-twofeats.cc:140) Average like for this file is -51.1259 over 27 frames.
LOG (gmm-acc-stats-twofeats[5.2.132~9-82686]:main():gmm-acc-stats-twofeats.cc:140) Average like for this file is -56.1558 over 25 frames.
LOG (gmm-acc-stats-twofeats[5.2.132~9-82686]:main():gmm-acc-stats-twofeats.cc:140) Average like for this file is -50.8624 over 23 frames.
LOG (gmm-acc-stats-twofeats[5.2.132~9-82686]:main():gmm-acc-stats-twofeats.cc:140) Average like for this file is -50.0889 over 29 frames.
LOG (gmm-acc-stats-twofeats[5.2.132~9-82686]:main():gmm-acc-stats-twofeats.cc:140) Average like for this file is -50.7731 over 29 frames.
LOG (gmm-acc-stats-twofeats[5.2.132~9-82686]:main():gmm-acc-stats-twofeats.cc:140) Average like for this file is -48.2884 over 55 frames.
LOG (gmm-acc-stats-twofeats[5.2.132~9-82686]:main():gmm-acc-stats-twofeats.cc:140) Average like for this file is -53.6929 over 32 frames.
LOG (gmm-acc-stats-twofeats[5.2.132~9-82686]:main():gmm-acc-stats-twofeats.cc:140) Average like for this file is -51.6496 over 32 frames.
LOG (gmm-acc-stats-twofeats[5.2.132~9-82686]:main():gmm-acc-stats-twofeats.cc:140) Average like for this file is -56.3721 over 31 frames.
LOG (gmm-acc-stats-twofeats[5.2.132~9-82686]:main():gmm-acc-stats-twofeats.cc:140) Average like for this file is -54.813 over 31 frames.
LOG (gmm-acc-stats-twofeats[5.2.132~9-82686]:main():gmm-acc-stats-twofeats.cc:146) Avg like per frame so far is -48.4589
LOG (gmm-acc-stats-twofeats[5.2.132~9-82686]:main():gmm-acc-stats-twofeats.cc:140) Average like for this file is -59.1351 over 33 frames.
LOG (gmm-acc-stats-twofeats[5.2.132~9-82686]:main():gmm-acc-stats-twofeats.cc:140) Average like for this file is -61.3164 over 33 frames.
LOG (gmm-acc-stats-twofeats[5.2.132~9-82686]:main():gmm-acc-stats-twofeats.cc:140) Average like for this file is -46.1932 over 71 frames.
LOG (gmm-acc-stats-twofeats[5.2.132~9-82686]:main():gmm-acc-stats-twofeats.cc:140) Average like for this file is -45.1659 over 52 frames.
LOG (gmm-acc-stats-twofeats[5.2.132~9-82686]:main():gmm-acc-stats-twofeats.cc:140) Average like for this file is -58.0497 over 22 frames.
LOG (gmm-acc-stats-twofeats[5.2.132~9-82686]:main():gmm-acc-stats-twofeats.cc:140) Average like for this file is -58.4121 over 22 frames.
LOG (gmm-acc-stats-twofeats[5.2.132~9-82686]:main():gmm-acc-stats-twofeats.cc:140) Average like for this file is -50.8303 over 27 frames.
LOG (gmm-acc-stats-twofeats[5.2.132~9-82686]:main():gmm-acc-stats-twofeats.cc:140) Average like for this file is -56.6159 over 23 frames.
LOG (gmm-acc-stats-twofeats[5.2.132~9-82686]:main():gmm-acc-stats-twofeats.cc:140) Average like for this file is -50.3305 over 34 frames.
LOG (gmm-acc-stats-twofeats[5.2.132~9-82686]:main():gmm-acc-stats-twofeats.cc:140) Average like for this file is -45.1546 over 71 frames.
LOG (gmm-acc-stats-twofeats[5.2.132~9-82686]:main():gmm-acc-stats-twofeats.cc:146) Avg like per frame so far is -48.5053
LOG (gmm-acc-stats-twofeats[5.2.132~9-82686]:main():gmm-acc-stats-twofeats.cc:140) Average like for this file is -55.2896 over 70 frames.
LOG (ali-to-post[5.2.132~9-82686]:main():ali-to-post.cc:73) Converted 624 alignments.
LOG (gmm-acc-stats-twofeats[5.2.132~9-82686]:main():gmm-acc-stats-twofeats.cc:140) Average like for this file is -59.8166 over 49 frames.
LOG (gmm-acc-stats-twofeats[5.2.132~9-82686]:main():gmm-acc-stats-twofeats.cc:140) Average like for this file is -56.1762 over 49 frames.
LOG (gmm-acc-stats-twofeats[5.2.132~9-82686]:main():gmm-acc-stats-twofeats.cc:140) Average like for this file is -54.443 over 43 frames.
LOG (gmm-acc-stats-twofeats[5.2.132~9-82686]:main():gmm-acc-stats-twofeats.cc:140) Average like for this file is -40.2933 over 47 frames.
LOG (gmm-acc-stats-twofeats[5.2.132~9-82686]:main():gmm-acc-stats-twofeats.cc:140) Average like for this file is -49.5816 over 41 frames.
LOG (gmm-acc-stats-twofeats[5.2.132~9-82686]:main():gmm-acc-stats-twofeats.cc:140) Average like for this file is -51.9603 over 34 frames.
LOG (gmm-acc-stats-twofeats[5.2.132~9-82686]:main():gmm-acc-stats-twofeats.cc:140) Average like for this file is -48.7048 over 42 frames.
LOG (gmm-acc-stats-twofeats[5.2.132~9-82686]:main():gmm-acc-stats-twofeats.cc:140) Average like for this file is -47.0783 over 42 frames.
LOG (gmm-acc-stats-twofeats[5.2.132~9-82686]:main():gmm-acc-stats-twofeats.cc:140) Average like for this file is -50.2124 over 35 frames.
LOG (gmm-acc-stats-twofeats[5.2.132~9-82686]:main():gmm-acc-stats-twofeats.cc:146) Avg like per frame so far is -48.5739
LOG (gmm-acc-stats-twofeats[5.2.132~9-82686]:main():gmm-acc-stats-twofeats.cc:140) Average like for this file is -51.6839 over 31 frames.
LOG (gmm-acc-stats-twofeats[5.2.132~9-82686]:main():gmm-acc-stats-twofeats.cc:140) Average like for this file is -52.3201 over 32 frames.
LOG (gmm-acc-stats-twofeats[5.2.132~9-82686]:main():gmm-acc-stats-twofeats.cc:140) Average like for this file is -52.3572 over 35 frames.
LOG (gmm-acc-stats-twofeats[5.2.132~9-82686]:main():gmm-acc-stats-twofeats.cc:140) Average like for this file is -49.59 over 37 frames.
LOG (gmm-acc-stats-twofeats[5.2.132~9-82686]:main():gmm-acc-stats-twofeats.cc:140) Average like for this file is -41.1103 over 43 frames.
LOG (gmm-acc-stats-twofeats[5.2.132~9-82686]:main():gmm-acc-stats-twofeats.cc:140) Average like for this file is -59.1541 over 28 frames.
LOG (gmm-acc-stats-twofeats[5.2.132~9-82686]:main():gmm-acc-stats-twofeats.cc:140) Average like for this file is -52.0339 over 23 frames.
LOG (gmm-acc-stats-twofeats[5.2.132~9-82686]:main():gmm-acc-stats-twofeats.cc:140) Average like for this file is -47.1093 over 26 frames.
LOG (gmm-acc-stats-twofeats[5.2.132~9-82686]:main():gmm-acc-stats-twofeats.cc:140) Average like for this file is -48.4462 over 21 frames.
LOG (gmm-acc-stats-twofeats[5.2.132~9-82686]:main():gmm-acc-stats-twofeats.cc:140) Average like for this file is -47.775 over 26 frames.
LOG (gmm-acc-stats-twofeats[5.2.132~9-82686]:main():gmm-acc-stats-twofeats.cc:146) Avg like per frame so far is -48.5917
LOG (gmm-acc-stats-twofeats[5.2.132~9-82686]:main():gmm-acc-stats-twofeats.cc:140) Average like for this file is -44.8636 over 23 frames.
LOG (gmm-acc-stats-twofeats[5.2.132~9-82686]:main():gmm-acc-stats-twofeats.cc:140) Average like for this file is -43.4116 over 38 frames.
LOG (gmm-acc-stats-twofeats[5.2.132~9-82686]:main():gmm-acc-stats-twofeats.cc:140) Average like for this file is -59.2148 over 40 frames.
LOG (gmm-acc-stats-twofeats[5.2.132~9-82686]:main():gmm-acc-stats-twofeats.cc:140) Average like for this file is -39.4022 over 29 frames.
LOG (gmm-acc-stats-twofeats[5.2.132~9-82686]:main():gmm-acc-stats-twofeats.cc:140) Average like for this file is -51.4055 over 32 frames.
LOG (gmm-acc-stats-twofeats[5.2.132~9-82686]:main():gmm-acc-stats-twofeats.cc:140) Average like for this file is -50.2342 over 30 frames.
LOG (gmm-acc-stats-twofeats[5.2.132~9-82686]:main():gmm-acc-stats-twofeats.cc:140) Average like for this file is -51.1915 over 41 frames.
LOG (gmm-acc-stats-twofeats[5.2.132~9-82686]:main():gmm-acc-stats-twofeats.cc:140) Average like for this file is -51.2282 over 35 frames.
LOG (gmm-acc-stats-twofeats[5.2.132~9-82686]:main():gmm-acc-stats-twofeats.cc:140) Average like for this file is -45.9862 over 39 frames.
LOG (gmm-acc-stats-twofeats[5.2.132~9-82686]:main():gmm-acc-stats-twofeats.cc:140) Average like for this file is -53.3615 over 28 frames.
LOG (gmm-acc-stats-twofeats[5.2.132~9-82686]:main():gmm-acc-stats-twofeats.cc:146) Avg like per frame so far is -48.603
LOG (gmm-acc-stats-twofeats[5.2.132~9-82686]:main():gmm-acc-stats-twofeats.cc:140) Average like for this file is -56.1857 over 45 frames.
LOG (gmm-acc-stats-twofeats[5.2.132~9-82686]:main():gmm-acc-stats-twofeats.cc:140) Average like for this file is -35.9259 over 52 frames.
LOG (gmm-acc-stats-twofeats[5.2.132~9-82686]:main():gmm-acc-stats-twofeats.cc:140) Average like for this file is -38.2883 over 56 frames.
LOG (gmm-acc-stats-twofeats[5.2.132~9-82686]:main():gmm-acc-stats-twofeats.cc:140) Average like for this file is -47.6478 over 29 frames.
LOG (gmm-acc-stats-twofeats[5.2.132~9-82686]:main():gmm-acc-stats-twofeats.cc:140) Average like for this file is -46.4458 over 21 frames.
LOG (gmm-acc-stats-twofeats[5.2.132~9-82686]:main():gmm-acc-stats-twofeats.cc:140) Average like for this file is -47.2789 over 27 frames.
LOG (gmm-acc-stats-twofeats[5.2.132~9-82686]:main():gmm-acc-stats-twofeats.cc:140) Average like for this file is -56.6808 over 31 frames.
LOG (gmm-acc-stats-twofeats[5.2.132~9-82686]:main():gmm-acc-stats-twofeats.cc:140) Average like for this file is -50.4386 over 68 frames.
LOG (gmm-acc-stats-twofeats[5.2.132~9-82686]:main():gmm-acc-stats-twofeats.cc:140) Average like for this file is -55.7572 over 39 frames.
LOG (gmm-acc-stats-twofeats[5.2.132~9-82686]:main():gmm-acc-stats-twofeats.cc:140) Average like for this file is -53.202 over 37 frames.
LOG (gmm-acc-stats-twofeats[5.2.132~9-82686]:main():gmm-acc-stats-twofeats.cc:146) Avg like per frame so far is -48.5949
LOG (gmm-acc-stats-twofeats[5.2.132~9-82686]:main():gmm-acc-stats-twofeats.cc:140) Average like for this file is -51.4261 over 72 frames.
LOG (gmm-acc-stats-twofeats[5.2.132~9-82686]:main():gmm-acc-stats-twofeats.cc:140) Average like for this file is -52.23 over 70 frames.
LOG (gmm-acc-stats-twofeats[5.2.132~9-82686]:main():gmm-acc-stats-twofeats.cc:140) Average like for this file is -45.9669 over 38 frames.
LOG (gmm-acc-stats-twofeats[5.2.132~9-82686]:main():gmm-acc-stats-twofeats.cc:140) Average like for this file is -54.5314 over 27 frames.
LOG (gmm-acc-stats-twofeats[5.2.132~9-82686]:main():gmm-acc-stats-twofeats.cc:140) Average like for this file is -55.3852 over 36 frames.
LOG (gmm-acc-stats-twofeats[5.2.132~9-82686]:main():gmm-acc-stats-twofeats.cc:140) Average like for this file is -55.9539 over 34 frames.
LOG (gmm-acc-stats-twofeats[5.2.132~9-82686]:main():gmm-acc-stats-twofeats.cc:140) Average like for this file is -52.02 over 34 frames.
LOG (gmm-acc-stats-twofeats[5.2.132~9-82686]:main():gmm-acc-stats-twofeats.cc:140) Average like for this file is -55.1211 over 43 frames.
LOG (gmm-acc-stats-twofeats[5.2.132~9-82686]:main():gmm-acc-stats-twofeats.cc:140) Average like for this file is -53.5429 over 31 frames.
LOG (gmm-acc-stats-twofeats[5.2.132~9-82686]:main():gmm-acc-stats-twofeats.cc:140) Average like for this file is -38.4133 over 57 frames.
LOG (gmm-acc-stats-twofeats[5.2.132~9-82686]:main():gmm-acc-stats-twofeats.cc:146) Avg like per frame so far is -48.6386
LOG (gmm-acc-stats-twofeats[5.2.132~9-82686]:main():gmm-acc-stats-twofeats.cc:140) Average like for this file is -47.3301 over 29 frames.
LOG (gmm-acc-stats-twofeats[5.2.132~9-82686]:main():gmm-acc-stats-twofeats.cc:140) Average like for this file is -57.3428 over 43 frames.
LOG (gmm-acc-stats-twofeats[5.2.132~9-82686]:main():gmm-acc-stats-twofeats.cc:140) Average like for this file is -55.751 over 41 frames.
LOG (gmm-acc-stats-twofeats[5.2.132~9-82686]:main():gmm-acc-stats-twofeats.cc:140) Average like for this file is -52.3731 over 42 frames.
LOG (gmm-acc-stats-twofeats[5.2.132~9-82686]:main():gmm-acc-stats-twofeats.cc:140) Average like for this file is -56.563 over 41 frames.
LOG (gmm-acc-stats-twofeats[5.2.132~9-82686]:main():gmm-acc-stats-twofeats.cc:140) Average like for this file is -48.1389 over 41 frames.
LOG (gmm-acc-stats-twofeats[5.2.132~9-82686]:main():gmm-acc-stats-twofeats.cc:140) Average like for this file is -45.3922 over 39 frames.
LOG (gmm-acc-stats-twofeats[5.2.132~9-82686]:main():gmm-acc-stats-twofeats.cc:140) Average like for this file is -50.1005 over 63 frames.
LOG (gmm-acc-stats-twofeats[5.2.132~9-82686]:main():gmm-acc-stats-twofeats.cc:140) Average like for this file is -54.0524 over 50 frames.
LOG (apply-cmvn[5.2.132~9-82686]:main():apply-cmvn.cc:162) Applied cepstral mean normalization to 624 utterances, errors on 0
LOG (gmm-acc-stats-twofeats[5.2.132~9-82686]:main():gmm-acc-stats-twofeats.cc:140) Average like for this file is -44.9818 over 43 frames.
LOG (gmm-acc-stats-twofeats[5.2.132~9-82686]:main():gmm-acc-stats-twofeats.cc:146) Avg like per frame so far is -48.6895
LOG (gmm-acc-stats-twofeats[5.2.132~9-82686]:main():gmm-acc-stats-twofeats.cc:140) Average like for this file is -55.2204 over 52 frames.
LOG (gmm-acc-stats-twofeats[5.2.132~9-82686]:main():gmm-acc-stats-twofeats.cc:140) Average like for this file is -56.6127 over 57 frames.
LOG (gmm-acc-stats-twofeats[5.2.132~9-82686]:main():gmm-acc-stats-twofeats.cc:140) Average like for this file is -52.0776 over 32 frames.
LOG (gmm-acc-stats-twofeats[5.2.132~9-82686]:main():gmm-acc-stats-twofeats.cc:140) Average like for this file is -48.7499 over 45 frames.
LOG (gmm-acc-stats-twofeats[5.2.132~9-82686]:main():gmm-acc-stats-twofeats.cc:140) Average like for this file is -42.9592 over 54 frames.
LOG (gmm-acc-stats-twofeats[5.2.132~9-82686]:main():gmm-acc-stats-twofeats.cc:140) Average like for this file is -49.5284 over 41 frames.
LOG (gmm-acc-stats-twofeats[5.2.132~9-82686]:main():gmm-acc-stats-twofeats.cc:140) Average like for this file is -41.5435 over 31 frames.
LOG (gmm-acc-stats-twofeats[5.2.132~9-82686]:main():gmm-acc-stats-twofeats.cc:140) Average like for this file is -55.2867 over 31 frames.
LOG (gmm-acc-stats-twofeats[5.2.132~9-82686]:main():gmm-acc-stats-twofeats.cc:140) Average like for this file is -49.0039 over 35 frames.
LOG (gmm-acc-stats-twofeats[5.2.132~9-82686]:main():gmm-acc-stats-twofeats.cc:140) Average like for this file is -44.8011 over 32 frames.
LOG (gmm-acc-stats-twofeats[5.2.132~9-82686]:main():gmm-acc-stats-twofeats.cc:146) Avg like per frame so far is -48.7107
LOG (gmm-acc-stats-twofeats[5.2.132~9-82686]:main():gmm-acc-stats-twofeats.cc:140) Average like for this file is -36.7184 over 46 frames.
LOG (apply-cmvn[5.2.132~9-82686]:main():apply-cmvn.cc:162) Applied cepstral mean normalization to 624 utterances, errors on 0
LOG (gmm-acc-stats-twofeats[5.2.132~9-82686]:main():gmm-acc-stats-twofeats.cc:140) Average like for this file is -44.9366 over 43 frames.
LOG (gmm-acc-stats-twofeats[5.2.132~9-82686]:main():gmm-acc-stats-twofeats.cc:140) Average like for this file is -44.3843 over 44 frames.
LOG (gmm-acc-stats-twofeats[5.2.132~9-82686]:main():gmm-acc-stats-twofeats.cc:140) Average like for this file is -47.9891 over 42 frames.
LOG (gmm-acc-stats-twofeats[5.2.132~9-82686]:main():gmm-acc-stats-twofeats.cc:140) Average like for this file is -46.7234 over 24 frames.
LOG (gmm-acc-stats-twofeats[5.2.132~9-82686]:main():gmm-acc-stats-twofeats.cc:140) Average like for this file is -50.9416 over 35 frames.
LOG (gmm-acc-stats-twofeats[5.2.132~9-82686]:main():gmm-acc-stats-twofeats.cc:140) Average like for this file is -49.1365 over 25 frames.
LOG (gmm-acc-stats-twofeats[5.2.132~9-82686]:main():gmm-acc-stats-twofeats.cc:140) Average like for this file is -49.9211 over 25 frames.
LOG (gmm-acc-stats-twofeats[5.2.132~9-82686]:main():gmm-acc-stats-twofeats.cc:140) Average like for this file is -45.3281 over 34 frames.
LOG (gmm-acc-stats-twofeats[5.2.132~9-82686]:main():gmm-acc-stats-twofeats.cc:140) Average like for this file is -52.3224 over 23 frames.
LOG (gmm-acc-stats-twofeats[5.2.132~9-82686]:main():gmm-acc-stats-twofeats.cc:146) Avg like per frame so far is -48.673
LOG (gmm-acc-stats-twofeats[5.2.132~9-82686]:main():gmm-acc-stats-twofeats.cc:140) Average like for this file is -52.907 over 26 frames.
LOG (gmm-acc-stats-twofeats[5.2.132~9-82686]:main():gmm-acc-stats-twofeats.cc:140) Average like for this file is -48.8723 over 51 frames.
LOG (gmm-acc-stats-twofeats[5.2.132~9-82686]:main():gmm-acc-stats-twofeats.cc:140) Average like for this file is -55.2159 over 52 frames.
LOG (gmm-acc-stats-twofeats[5.2.132~9-82686]:main():gmm-acc-stats-twofeats.cc:140) Average like for this file is -51.6703 over 48 frames.
LOG (gmm-acc-stats-twofeats[5.2.132~9-82686]:main():gmm-acc-stats-twofeats.cc:140) Average like for this file is -52.8394 over 47 frames.
LOG (gmm-acc-stats-twofeats[5.2.132~9-82686]:main():gmm-acc-stats-twofeats.cc:140) Average like for this file is -52.3908 over 30 frames.
LOG (gmm-acc-stats-twofeats[5.2.132~9-82686]:main():gmm-acc-stats-twofeats.cc:140) Average like for this file is -48.2199 over 30 frames.
LOG (gmm-acc-stats-twofeats[5.2.132~9-82686]:main():gmm-acc-stats-twofeats.cc:140) Average like for this file is -43.9658 over 63 frames.
LOG (gmm-acc-stats-twofeats[5.2.132~9-82686]:main():gmm-acc-stats-twofeats.cc:140) Average like for this file is -46.3549 over 47 frames.
LOG (gmm-acc-stats-twofeats[5.2.132~9-82686]:main():gmm-acc-stats-twofeats.cc:140) Average like for this file is -42.6962 over 67 frames.
LOG (gmm-acc-stats-twofeats[5.2.132~9-82686]:main():gmm-acc-stats-twofeats.cc:146) Avg like per frame so far is -48.6768
LOG (gmm-acc-stats-twofeats[5.2.132~9-82686]:main():gmm-acc-stats-twofeats.cc:140) Average like for this file is -52.8037 over 29 frames.
LOG (gmm-acc-stats-twofeats[5.2.132~9-82686]:main():gmm-acc-stats-twofeats.cc:140) Average like for this file is -55.6111 over 34 frames.
LOG (gmm-acc-stats-twofeats[5.2.132~9-82686]:main():gmm-acc-stats-twofeats.cc:140) Average like for this file is -56.2512 over 45 frames.
LOG (gmm-acc-stats-twofeats[5.2.132~9-82686]:main():gmm-acc-stats-twofeats.cc:140) Average like for this file is -51.5683 over 38 frames.
LOG (gmm-acc-stats-twofeats[5.2.132~9-82686]:main():gmm-acc-stats-twofeats.cc:140) Average like for this file is -53.7307 over 37 frames.
LOG (gmm-acc-stats-twofeats[5.2.132~9-82686]:main():gmm-acc-stats-twofeats.cc:140) Average like for this file is -55.709 over 40 frames.
LOG (gmm-acc-stats-twofeats[5.2.132~9-82686]:main():gmm-acc-stats-twofeats.cc:140) Average like for this file is -50.9032 over 61 frames.
LOG (transform-feats[5.2.132~9-82686]:main():transform-feats.cc:158) Overall average [pseudo-]logdet is 37.9074 over 25080 frames.
LOG (transform-feats[5.2.132~9-82686]:main():transform-feats.cc:161) Applied transform to 624 utterances; 0 had errors.
LOG (gmm-acc-stats-twofeats[5.2.132~9-82686]:main():gmm-acc-stats-twofeats.cc:140) Average like for this file is -56.0635 over 29 frames.
LOG (gmm-acc-stats-twofeats[5.2.132~9-82686]:main():gmm-acc-stats-twofeats.cc:140) Average like for this file is -49.0346 over 29 frames.
LOG (gmm-acc-stats-twofeats[5.2.132~9-82686]:main():gmm-acc-stats-twofeats.cc:140) Average like for this file is -40.6824 over 58 frames.
LOG (gmm-acc-stats-twofeats[5.2.132~9-82686]:main():gmm-acc-stats-twofeats.cc:146) Avg like per frame so far is -48.7244
LOG (gmm-acc-stats-twofeats[5.2.132~9-82686]:main():gmm-acc-stats-twofeats.cc:140) Average like for this file is -42.9716 over 58 frames.
LOG (gmm-acc-stats-twofeats[5.2.132~9-82686]:main():gmm-acc-stats-twofeats.cc:140) Average like for this file is -55.1347 over 69 frames.
LOG (gmm-acc-stats-twofeats[5.2.132~9-82686]:main():gmm-acc-stats-twofeats.cc:140) Average like for this file is -55.066 over 47 frames.
LOG (gmm-acc-stats-twofeats[5.2.132~9-82686]:main():gmm-acc-stats-twofeats.cc:140) Average like for this file is -47.9669 over 34 frames.
LOG (transform-feats[5.2.132~9-82686]:main():transform-feats.cc:158) Overall average [pseudo-]logdet is 37.9074 over 25080 frames.
LOG (transform-feats[5.2.132~9-82686]:main():transform-feats.cc:158) Overall average logdet is 3.95252 over 25080 frames.
LOG (transform-feats[5.2.132~9-82686]:main():transform-feats.cc:161) Applied transform to 624 utterances; 0 had errors.
LOG (transform-feats[5.2.132~9-82686]:main():transform-feats.cc:161) Applied transform to 624 utterances; 0 had errors.
LOG (gmm-acc-stats-twofeats[5.2.132~9-82686]:main():gmm-acc-stats-twofeats.cc:140) Average like for this file is -52.529 over 46 frames.
LOG (gmm-acc-stats-twofeats[5.2.132~9-82686]:main():gmm-acc-stats-twofeats.cc:140) Average like for this file is -54.1798 over 42 frames.
LOG (gmm-acc-stats-twofeats[5.2.132~9-82686]:main():gmm-acc-stats-twofeats.cc:140) Average like for this file is -51.9695 over 29 frames.
LOG (gmm-acc-stats-twofeats[5.2.132~9-82686]:main():gmm-acc-stats-twofeats.cc:140) Average like for this file is -48.9081 over 30 frames.
LOG (gmm-acc-stats-twofeats[5.2.132~9-82686]:main():gmm-acc-stats-twofeats.cc:140) Average like for this file is -56.8022 over 21 frames.
LOG (gmm-acc-stats-twofeats[5.2.132~9-82686]:main():gmm-acc-stats-twofeats.cc:140) Average like for this file is -52.3902 over 31 frames.
LOG (gmm-acc-stats-twofeats[5.2.132~9-82686]:main():gmm-acc-stats-twofeats.cc:146) Avg like per frame so far is -48.7712
LOG (gmm-acc-stats-twofeats[5.2.132~9-82686]:main():gmm-acc-stats-twofeats.cc:140) Average like for this file is -47.5407 over 30 frames.
LOG (gmm-acc-stats-twofeats[5.2.132~9-82686]:main():gmm-acc-stats-twofeats.cc:140) Average like for this file is -47.4045 over 32 frames.
LOG (gmm-acc-stats-twofeats[5.2.132~9-82686]:main():gmm-acc-stats-twofeats.cc:140) Average like for this file is -41.3729 over 18 frames.
LOG (gmm-acc-stats-twofeats[5.2.132~9-82686]:main():gmm-acc-stats-twofeats.cc:140) Average like for this file is -42.4732 over 27 frames.
LOG (gmm-acc-stats-twofeats[5.2.132~9-82686]:main():gmm-acc-stats-twofeats.cc:150) Done 624 files, 0 with no posteriors, 0 with no second features, 0 with other errors.
LOG (gmm-acc-stats-twofeats[5.2.132~9-82686]:main():gmm-acc-stats-twofeats.cc:155) Overall avg like per frame (Gaussian only) = -48.7559 over 25080 frames.
LOG (gmm-acc-stats-twofeats[5.2.132~9-82686]:main():gmm-acc-stats-twofeats.cc:163) Written accs.
# Accounting: time=1 threads=1
# Ended (code 0) at Thu Nov  9 17:27:54 NZDT 2017, elapsed time 1 seconds
