# ali-to-post "ark:gunzip -c exp/tri3b/ali.2.gz|" ark:- | gmm-acc-stats-twofeats exp/tri3b/35.mdl "ark,s,cs:apply-cmvn  --utt2spk=ark:data/train/split4/2/utt2spk scp:data/train/split4/2/cmvn.scp scp:data/train/split4/2/feats.scp ark:- | splice-feats --left-context=3 --right-context=3 ark:- ark:- | transform-feats exp/tri2b_ali/final.mat ark:- ark:- | transform-feats --utt2spk=ark:data/train/split4/2/utt2spk ark:exp/tri3b/trans.2 ark:- ark:- |" "ark,s,cs:apply-cmvn  --utt2spk=ark:data/train/split4/2/utt2spk scp:data/train/split4/2/cmvn.scp scp:data/train/split4/2/feats.scp ark:- | splice-feats --left-context=3 --right-context=3 ark:- ark:- | transform-feats exp/tri2b_ali/final.mat ark:- ark:- |" ark,s,cs:- exp/tri3b/35.2.acc 
# Started at Thu Nov  9 17:27:53 NZDT 2017
#
ali-to-post 'ark:gunzip -c exp/tri3b/ali.2.gz|' ark:- 
gmm-acc-stats-twofeats exp/tri3b/35.mdl 'ark,s,cs:apply-cmvn  --utt2spk=ark:data/train/split4/2/utt2spk scp:data/train/split4/2/cmvn.scp scp:data/train/split4/2/feats.scp ark:- | splice-feats --left-context=3 --right-context=3 ark:- ark:- | transform-feats exp/tri2b_ali/final.mat ark:- ark:- | transform-feats --utt2spk=ark:data/train/split4/2/utt2spk ark:exp/tri3b/trans.2 ark:- ark:- |' 'ark,s,cs:apply-cmvn  --utt2spk=ark:data/train/split4/2/utt2spk scp:data/train/split4/2/cmvn.scp scp:data/train/split4/2/feats.scp ark:- | splice-feats --left-context=3 --right-context=3 ark:- ark:- | transform-feats exp/tri2b_ali/final.mat ark:- ark:- |' ark,s,cs:- exp/tri3b/35.2.acc 
transform-feats --utt2spk=ark:data/train/split4/2/utt2spk ark:exp/tri3b/trans.2 ark:- ark:- 
splice-feats --left-context=3 --right-context=3 ark:- ark:- 
transform-feats exp/tri2b_ali/final.mat ark:- ark:- 
apply-cmvn --utt2spk=ark:data/train/split4/2/utt2spk scp:data/train/split4/2/cmvn.scp scp:data/train/split4/2/feats.scp ark:- 
transform-feats exp/tri2b_ali/final.mat ark:- ark:- 
splice-feats --left-context=3 --right-context=3 ark:- ark:- 
apply-cmvn --utt2spk=ark:data/train/split4/2/utt2spk scp:data/train/split4/2/cmvn.scp scp:data/train/split4/2/feats.scp ark:- 
LOG (gmm-acc-stats-twofeats[5.2.132~9-82686]:main():gmm-acc-stats-twofeats.cc:140) Average like for this file is -49.7244 over 38 frames.
LOG (gmm-acc-stats-twofeats[5.2.132~9-82686]:main():gmm-acc-stats-twofeats.cc:140) Average like for this file is -49.0547 over 52 frames.
LOG (gmm-acc-stats-twofeats[5.2.132~9-82686]:main():gmm-acc-stats-twofeats.cc:140) Average like for this file is -50.2375 over 32 frames.
LOG (gmm-acc-stats-twofeats[5.2.132~9-82686]:main():gmm-acc-stats-twofeats.cc:140) Average like for this file is -49.8714 over 30 frames.
LOG (gmm-acc-stats-twofeats[5.2.132~9-82686]:main():gmm-acc-stats-twofeats.cc:140) Average like for this file is -43.1087 over 38 frames.
LOG (gmm-acc-stats-twofeats[5.2.132~9-82686]:main():gmm-acc-stats-twofeats.cc:140) Average like for this file is -46.5435 over 31 frames.
LOG (gmm-acc-stats-twofeats[5.2.132~9-82686]:main():gmm-acc-stats-twofeats.cc:140) Average like for this file is -40.8819 over 38 frames.
LOG (gmm-acc-stats-twofeats[5.2.132~9-82686]:main():gmm-acc-stats-twofeats.cc:140) Average like for this file is -45.6543 over 40 frames.
LOG (gmm-acc-stats-twofeats[5.2.132~9-82686]:main():gmm-acc-stats-twofeats.cc:140) Average like for this file is -49.3702 over 39 frames.
LOG (gmm-acc-stats-twofeats[5.2.132~9-82686]:main():gmm-acc-stats-twofeats.cc:140) Average like for this file is -42.2911 over 51 frames.
LOG (gmm-acc-stats-twofeats[5.2.132~9-82686]:main():gmm-acc-stats-twofeats.cc:146) Avg like per frame so far is -46.4963
LOG (gmm-acc-stats-twofeats[5.2.132~9-82686]:main():gmm-acc-stats-twofeats.cc:140) Average like for this file is -43.3185 over 43 frames.
LOG (gmm-acc-stats-twofeats[5.2.132~9-82686]:main():gmm-acc-stats-twofeats.cc:140) Average like for this file is -45.8613 over 42 frames.
LOG (gmm-acc-stats-twofeats[5.2.132~9-82686]:main():gmm-acc-stats-twofeats.cc:140) Average like for this file is -48.9151 over 42 frames.
LOG (gmm-acc-stats-twofeats[5.2.132~9-82686]:main():gmm-acc-stats-twofeats.cc:140) Average like for this file is -46.1729 over 41 frames.
LOG (gmm-acc-stats-twofeats[5.2.132~9-82686]:main():gmm-acc-stats-twofeats.cc:140) Average like for this file is -48.6961 over 37 frames.
LOG (gmm-acc-stats-twofeats[5.2.132~9-82686]:main():gmm-acc-stats-twofeats.cc:140) Average like for this file is -45.2846 over 46 frames.
LOG (gmm-acc-stats-twofeats[5.2.132~9-82686]:main():gmm-acc-stats-twofeats.cc:140) Average like for this file is -49.4232 over 35 frames.
LOG (gmm-acc-stats-twofeats[5.2.132~9-82686]:main():gmm-acc-stats-twofeats.cc:140) Average like for this file is -47.6566 over 63 frames.
LOG (gmm-acc-stats-twofeats[5.2.132~9-82686]:main():gmm-acc-stats-twofeats.cc:140) Average like for this file is -40.0929 over 64 frames.
LOG (gmm-acc-stats-twofeats[5.2.132~9-82686]:main():gmm-acc-stats-twofeats.cc:140) Average like for this file is -46.8474 over 71 frames.
LOG (gmm-acc-stats-twofeats[5.2.132~9-82686]:main():gmm-acc-stats-twofeats.cc:146) Avg like per frame so far is -46.2
LOG (gmm-acc-stats-twofeats[5.2.132~9-82686]:main():gmm-acc-stats-twofeats.cc:140) Average like for this file is -54.2991 over 75 frames.
LOG (gmm-acc-stats-twofeats[5.2.132~9-82686]:main():gmm-acc-stats-twofeats.cc:140) Average like for this file is -49.3591 over 67 frames.
LOG (gmm-acc-stats-twofeats[5.2.132~9-82686]:main():gmm-acc-stats-twofeats.cc:140) Average like for this file is -33.1635 over 66 frames.
LOG (gmm-acc-stats-twofeats[5.2.132~9-82686]:main():gmm-acc-stats-twofeats.cc:140) Average like for this file is -46.1621 over 56 frames.
LOG (gmm-acc-stats-twofeats[5.2.132~9-82686]:main():gmm-acc-stats-twofeats.cc:140) Average like for this file is -46.961 over 28 frames.
LOG (gmm-acc-stats-twofeats[5.2.132~9-82686]:main():gmm-acc-stats-twofeats.cc:140) Average like for this file is -41.0223 over 26 frames.
LOG (gmm-acc-stats-twofeats[5.2.132~9-82686]:main():gmm-acc-stats-twofeats.cc:140) Average like for this file is -54.1255 over 52 frames.
LOG (gmm-acc-stats-twofeats[5.2.132~9-82686]:main():gmm-acc-stats-twofeats.cc:140) Average like for this file is -48.1499 over 65 frames.
LOG (gmm-acc-stats-twofeats[5.2.132~9-82686]:main():gmm-acc-stats-twofeats.cc:140) Average like for this file is -52.2664 over 79 frames.
LOG (gmm-acc-stats-twofeats[5.2.132~9-82686]:main():gmm-acc-stats-twofeats.cc:140) Average like for this file is -39.4959 over 61 frames.
LOG (gmm-acc-stats-twofeats[5.2.132~9-82686]:main():gmm-acc-stats-twofeats.cc:146) Avg like per frame so far is -46.5124
LOG (gmm-acc-stats-twofeats[5.2.132~9-82686]:main():gmm-acc-stats-twofeats.cc:140) Average like for this file is -62.0453 over 29 frames.
LOG (gmm-acc-stats-twofeats[5.2.132~9-82686]:main():gmm-acc-stats-twofeats.cc:140) Average like for this file is -56.8633 over 32 frames.
LOG (gmm-acc-stats-twofeats[5.2.132~9-82686]:main():gmm-acc-stats-twofeats.cc:140) Average like for this file is -57.2421 over 54 frames.
LOG (gmm-acc-stats-twofeats[5.2.132~9-82686]:main():gmm-acc-stats-twofeats.cc:140) Average like for this file is -54.9728 over 59 frames.
LOG (gmm-acc-stats-twofeats[5.2.132~9-82686]:main():gmm-acc-stats-twofeats.cc:140) Average like for this file is -52.3735 over 33 frames.
LOG (gmm-acc-stats-twofeats[5.2.132~9-82686]:main():gmm-acc-stats-twofeats.cc:140) Average like for this file is -51.5018 over 34 frames.
LOG (gmm-acc-stats-twofeats[5.2.132~9-82686]:main():gmm-acc-stats-twofeats.cc:140) Average like for this file is -50.0504 over 36 frames.
LOG (gmm-acc-stats-twofeats[5.2.132~9-82686]:main():gmm-acc-stats-twofeats.cc:140) Average like for this file is -46.5093 over 39 frames.
LOG (gmm-acc-stats-twofeats[5.2.132~9-82686]:main():gmm-acc-stats-twofeats.cc:140) Average like for this file is -46.1877 over 46 frames.
LOG (gmm-acc-stats-twofeats[5.2.132~9-82686]:main():gmm-acc-stats-twofeats.cc:140) Average like for this file is -45.6754 over 40 frames.
LOG (gmm-acc-stats-twofeats[5.2.132~9-82686]:main():gmm-acc-stats-twofeats.cc:146) Avg like per frame so far is -47.7568
LOG (gmm-acc-stats-twofeats[5.2.132~9-82686]:main():gmm-acc-stats-twofeats.cc:140) Average like for this file is -39.6638 over 41 frames.
LOG (gmm-acc-stats-twofeats[5.2.132~9-82686]:main():gmm-acc-stats-twofeats.cc:140) Average like for this file is -47.7081 over 33 frames.
LOG (gmm-acc-stats-twofeats[5.2.132~9-82686]:main():gmm-acc-stats-twofeats.cc:140) Average like for this file is -47.4765 over 47 frames.
LOG (gmm-acc-stats-twofeats[5.2.132~9-82686]:main():gmm-acc-stats-twofeats.cc:140) Average like for this file is -48.0622 over 33 frames.
LOG (gmm-acc-stats-twofeats[5.2.132~9-82686]:main():gmm-acc-stats-twofeats.cc:140) Average like for this file is -48.9515 over 50 frames.
LOG (gmm-acc-stats-twofeats[5.2.132~9-82686]:main():gmm-acc-stats-twofeats.cc:140) Average like for this file is -36.6984 over 62 frames.
LOG (gmm-acc-stats-twofeats[5.2.132~9-82686]:main():gmm-acc-stats-twofeats.cc:140) Average like for this file is -41.8469 over 60 frames.
LOG (gmm-acc-stats-twofeats[5.2.132~9-82686]:main():gmm-acc-stats-twofeats.cc:140) Average like for this file is -53.4589 over 42 frames.
LOG (gmm-acc-stats-twofeats[5.2.132~9-82686]:main():gmm-acc-stats-twofeats.cc:140) Average like for this file is -51.8982 over 30 frames.
LOG (gmm-acc-stats-twofeats[5.2.132~9-82686]:main():gmm-acc-stats-twofeats.cc:140) Average like for this file is -52.0241 over 48 frames.
LOG (gmm-acc-stats-twofeats[5.2.132~9-82686]:main():gmm-acc-stats-twofeats.cc:146) Avg like per frame so far is -47.4308
LOG (gmm-acc-stats-twofeats[5.2.132~9-82686]:main():gmm-acc-stats-twofeats.cc:140) Average like for this file is -54.9509 over 35 frames.
LOG (gmm-acc-stats-twofeats[5.2.132~9-82686]:main():gmm-acc-stats-twofeats.cc:140) Average like for this file is -48.9628 over 53 frames.
LOG (gmm-acc-stats-twofeats[5.2.132~9-82686]:main():gmm-acc-stats-twofeats.cc:140) Average like for this file is -54.6911 over 36 frames.
LOG (gmm-acc-stats-twofeats[5.2.132~9-82686]:main():gmm-acc-stats-twofeats.cc:140) Average like for this file is -43.2019 over 72 frames.
LOG (gmm-acc-stats-twofeats[5.2.132~9-82686]:main():gmm-acc-stats-twofeats.cc:140) Average like for this file is -46.6495 over 28 frames.
LOG (gmm-acc-stats-twofeats[5.2.132~9-82686]:main():gmm-acc-stats-twofeats.cc:140) Average like for this file is -45.8309 over 35 frames.
LOG (gmm-acc-stats-twofeats[5.2.132~9-82686]:main():gmm-acc-stats-twofeats.cc:140) Average like for this file is -46.1122 over 30 frames.
LOG (gmm-acc-stats-twofeats[5.2.132~9-82686]:main():gmm-acc-stats-twofeats.cc:140) Average like for this file is -49.9636 over 54 frames.
LOG (gmm-acc-stats-twofeats[5.2.132~9-82686]:main():gmm-acc-stats-twofeats.cc:140) Average like for this file is -49.7061 over 76 frames.
LOG (gmm-acc-stats-twofeats[5.2.132~9-82686]:main():gmm-acc-stats-twofeats.cc:140) Average like for this file is -44.7654 over 62 frames.
LOG (gmm-acc-stats-twofeats[5.2.132~9-82686]:main():gmm-acc-stats-twofeats.cc:146) Avg like per frame so far is -47.5491
LOG (gmm-acc-stats-twofeats[5.2.132~9-82686]:main():gmm-acc-stats-twofeats.cc:140) Average like for this file is -48.0919 over 35 frames.
LOG (gmm-acc-stats-twofeats[5.2.132~9-82686]:main():gmm-acc-stats-twofeats.cc:140) Average like for this file is -43.8412 over 35 frames.
LOG (gmm-acc-stats-twofeats[5.2.132~9-82686]:main():gmm-acc-stats-twofeats.cc:140) Average like for this file is -44.1154 over 33 frames.
LOG (gmm-acc-stats-twofeats[5.2.132~9-82686]:main():gmm-acc-stats-twofeats.cc:140) Average like for this file is -50.8558 over 33 frames.
LOG (gmm-acc-stats-twofeats[5.2.132~9-82686]:main():gmm-acc-stats-twofeats.cc:140) Average like for this file is -44.6454 over 56 frames.
LOG (gmm-acc-stats-twofeats[5.2.132~9-82686]:main():gmm-acc-stats-twofeats.cc:140) Average like for this file is -52.7092 over 31 frames.
LOG (gmm-acc-stats-twofeats[5.2.132~9-82686]:main():gmm-acc-stats-twofeats.cc:140) Average like for this file is -51.2695 over 47 frames.
LOG (gmm-acc-stats-twofeats[5.2.132~9-82686]:main():gmm-acc-stats-twofeats.cc:140) Average like for this file is -46.594 over 36 frames.
LOG (gmm-acc-stats-twofeats[5.2.132~9-82686]:main():gmm-acc-stats-twofeats.cc:140) Average like for this file is -46.5456 over 29 frames.
LOG (gmm-acc-stats-twofeats[5.2.132~9-82686]:main():gmm-acc-stats-twofeats.cc:140) Average like for this file is -53.3689 over 52 frames.
LOG (gmm-acc-stats-twofeats[5.2.132~9-82686]:main():gmm-acc-stats-twofeats.cc:146) Avg like per frame so far is -47.6427
LOG (gmm-acc-stats-twofeats[5.2.132~9-82686]:main():gmm-acc-stats-twofeats.cc:140) Average like for this file is -51.4948 over 70 frames.
LOG (gmm-acc-stats-twofeats[5.2.132~9-82686]:main():gmm-acc-stats-twofeats.cc:140) Average like for this file is -51.732 over 47 frames.
LOG (gmm-acc-stats-twofeats[5.2.132~9-82686]:main():gmm-acc-stats-twofeats.cc:140) Average like for this file is -49.8613 over 85 frames.
LOG (gmm-acc-stats-twofeats[5.2.132~9-82686]:main():gmm-acc-stats-twofeats.cc:140) Average like for this file is -46.1104 over 94 frames.
LOG (gmm-acc-stats-twofeats[5.2.132~9-82686]:main():gmm-acc-stats-twofeats.cc:140) Average like for this file is -47.7624 over 84 frames.
LOG (gmm-acc-stats-twofeats[5.2.132~9-82686]:main():gmm-acc-stats-twofeats.cc:140) Average like for this file is -45.1031 over 42 frames.
LOG (gmm-acc-stats-twofeats[5.2.132~9-82686]:main():gmm-acc-stats-twofeats.cc:140) Average like for this file is -44.6314 over 46 frames.
LOG (gmm-acc-stats-twofeats[5.2.132~9-82686]:main():gmm-acc-stats-twofeats.cc:140) Average like for this file is -47.9399 over 50 frames.
LOG (gmm-acc-stats-twofeats[5.2.132~9-82686]:main():gmm-acc-stats-twofeats.cc:140) Average like for this file is -41.3822 over 47 frames.
LOG (gmm-acc-stats-twofeats[5.2.132~9-82686]:main():gmm-acc-stats-twofeats.cc:140) Average like for this file is -42.114 over 56 frames.
LOG (gmm-acc-stats-twofeats[5.2.132~9-82686]:main():gmm-acc-stats-twofeats.cc:146) Avg like per frame so far is -47.5588
LOG (gmm-acc-stats-twofeats[5.2.132~9-82686]:main():gmm-acc-stats-twofeats.cc:140) Average like for this file is -53.9848 over 29 frames.
LOG (gmm-acc-stats-twofeats[5.2.132~9-82686]:main():gmm-acc-stats-twofeats.cc:140) Average like for this file is -51.3131 over 18 frames.
LOG (gmm-acc-stats-twofeats[5.2.132~9-82686]:main():gmm-acc-stats-twofeats.cc:140) Average like for this file is -43.6903 over 50 frames.
LOG (gmm-acc-stats-twofeats[5.2.132~9-82686]:main():gmm-acc-stats-twofeats.cc:140) Average like for this file is -45.3858 over 23 frames.
LOG (gmm-acc-stats-twofeats[5.2.132~9-82686]:main():gmm-acc-stats-twofeats.cc:140) Average like for this file is -48.5894 over 24 frames.
LOG (gmm-acc-stats-twofeats[5.2.132~9-82686]:main():gmm-acc-stats-twofeats.cc:140) Average like for this file is -42.8219 over 27 frames.
LOG (gmm-acc-stats-twofeats[5.2.132~9-82686]:main():gmm-acc-stats-twofeats.cc:140) Average like for this file is -42.0266 over 48 frames.
LOG (gmm-acc-stats-twofeats[5.2.132~9-82686]:main():gmm-acc-stats-twofeats.cc:140) Average like for this file is -51.2051 over 41 frames.
LOG (gmm-acc-stats-twofeats[5.2.132~9-82686]:main():gmm-acc-stats-twofeats.cc:140) Average like for this file is -53.7479 over 48 frames.
LOG (gmm-acc-stats-twofeats[5.2.132~9-82686]:main():gmm-acc-stats-twofeats.cc:140) Average like for this file is -56.4979 over 55 frames.
LOG (gmm-acc-stats-twofeats[5.2.132~9-82686]:main():gmm-acc-stats-twofeats.cc:146) Avg like per frame so far is -47.6986
LOG (gmm-acc-stats-twofeats[5.2.132~9-82686]:main():gmm-acc-stats-twofeats.cc:140) Average like for this file is -50.4893 over 51 frames.
LOG (gmm-acc-stats-twofeats[5.2.132~9-82686]:main():gmm-acc-stats-twofeats.cc:140) Average like for this file is -53.9021 over 41 frames.
LOG (gmm-acc-stats-twofeats[5.2.132~9-82686]:main():gmm-acc-stats-twofeats.cc:140) Average like for this file is -48.0618 over 21 frames.
LOG (gmm-acc-stats-twofeats[5.2.132~9-82686]:main():gmm-acc-stats-twofeats.cc:140) Average like for this file is -57.3672 over 27 frames.
LOG (gmm-acc-stats-twofeats[5.2.132~9-82686]:main():gmm-acc-stats-twofeats.cc:140) Average like for this file is -47.4008 over 46 frames.
LOG (gmm-acc-stats-twofeats[5.2.132~9-82686]:main():gmm-acc-stats-twofeats.cc:140) Average like for this file is -50.2782 over 28 frames.
LOG (gmm-acc-stats-twofeats[5.2.132~9-82686]:main():gmm-acc-stats-twofeats.cc:140) Average like for this file is -53.2329 over 68 frames.
LOG (gmm-acc-stats-twofeats[5.2.132~9-82686]:main():gmm-acc-stats-twofeats.cc:140) Average like for this file is -45.1953 over 50 frames.
LOG (gmm-acc-stats-twofeats[5.2.132~9-82686]:main():gmm-acc-stats-twofeats.cc:140) Average like for this file is -45.7096 over 69 frames.
LOG (gmm-acc-stats-twofeats[5.2.132~9-82686]:main():gmm-acc-stats-twofeats.cc:140) Average like for this file is -43.6217 over 71 frames.
LOG (gmm-acc-stats-twofeats[5.2.132~9-82686]:main():gmm-acc-stats-twofeats.cc:146) Avg like per frame so far is -47.8173
LOG (gmm-acc-stats-twofeats[5.2.132~9-82686]:main():gmm-acc-stats-twofeats.cc:140) Average like for this file is -49.599 over 68 frames.
LOG (gmm-acc-stats-twofeats[5.2.132~9-82686]:main():gmm-acc-stats-twofeats.cc:140) Average like for this file is -54.0298 over 48 frames.
LOG (gmm-acc-stats-twofeats[5.2.132~9-82686]:main():gmm-acc-stats-twofeats.cc:140) Average like for this file is -48.632 over 62 frames.
LOG (gmm-acc-stats-twofeats[5.2.132~9-82686]:main():gmm-acc-stats-twofeats.cc:140) Average like for this file is -40.0686 over 34 frames.
LOG (gmm-acc-stats-twofeats[5.2.132~9-82686]:main():gmm-acc-stats-twofeats.cc:140) Average like for this file is -45.1977 over 68 frames.
LOG (gmm-acc-stats-twofeats[5.2.132~9-82686]:main():gmm-acc-stats-twofeats.cc:140) Average like for this file is -41.1486 over 52 frames.
LOG (gmm-acc-stats-twofeats[5.2.132~9-82686]:main():gmm-acc-stats-twofeats.cc:140) Average like for this file is -51.7866 over 67 frames.
LOG (gmm-acc-stats-twofeats[5.2.132~9-82686]:main():gmm-acc-stats-twofeats.cc:140) Average like for this file is -52.5889 over 27 frames.
LOG (gmm-acc-stats-twofeats[5.2.132~9-82686]:main():gmm-acc-stats-twofeats.cc:140) Average like for this file is -48.4257 over 26 frames.
LOG (gmm-acc-stats-twofeats[5.2.132~9-82686]:main():gmm-acc-stats-twofeats.cc:140) Average like for this file is -51.021 over 28 frames.
LOG (gmm-acc-stats-twofeats[5.2.132~9-82686]:main():gmm-acc-stats-twofeats.cc:146) Avg like per frame so far is -47.853
LOG (gmm-acc-stats-twofeats[5.2.132~9-82686]:main():gmm-acc-stats-twofeats.cc:140) Average like for this file is -45.3112 over 29 frames.
LOG (gmm-acc-stats-twofeats[5.2.132~9-82686]:main():gmm-acc-stats-twofeats.cc:140) Average like for this file is -45.8755 over 32 frames.
LOG (gmm-acc-stats-twofeats[5.2.132~9-82686]:main():gmm-acc-stats-twofeats.cc:140) Average like for this file is -44.9838 over 22 frames.
LOG (gmm-acc-stats-twofeats[5.2.132~9-82686]:main():gmm-acc-stats-twofeats.cc:140) Average like for this file is -35.5665 over 25 frames.
LOG (gmm-acc-stats-twofeats[5.2.132~9-82686]:main():gmm-acc-stats-twofeats.cc:140) Average like for this file is -46.4346 over 21 frames.
LOG (gmm-acc-stats-twofeats[5.2.132~9-82686]:main():gmm-acc-stats-twofeats.cc:140) Average like for this file is -43.4779 over 26 frames.
LOG (gmm-acc-stats-twofeats[5.2.132~9-82686]:main():gmm-acc-stats-twofeats.cc:140) Average like for this file is -41.9651 over 32 frames.
LOG (gmm-acc-stats-twofeats[5.2.132~9-82686]:main():gmm-acc-stats-twofeats.cc:140) Average like for this file is -44.4378 over 33 frames.
LOG (gmm-acc-stats-twofeats[5.2.132~9-82686]:main():gmm-acc-stats-twofeats.cc:140) Average like for this file is -43.519 over 22 frames.
LOG (gmm-acc-stats-twofeats[5.2.132~9-82686]:main():gmm-acc-stats-twofeats.cc:140) Average like for this file is -40.5997 over 30 frames.
LOG (gmm-acc-stats-twofeats[5.2.132~9-82686]:main():gmm-acc-stats-twofeats.cc:146) Avg like per frame so far is -47.6175
LOG (gmm-acc-stats-twofeats[5.2.132~9-82686]:main():gmm-acc-stats-twofeats.cc:140) Average like for this file is -33.9508 over 50 frames.
LOG (gmm-acc-stats-twofeats[5.2.132~9-82686]:main():gmm-acc-stats-twofeats.cc:140) Average like for this file is -49.6987 over 54 frames.
LOG (gmm-acc-stats-twofeats[5.2.132~9-82686]:main():gmm-acc-stats-twofeats.cc:140) Average like for this file is -49.3885 over 44 frames.
LOG (gmm-acc-stats-twofeats[5.2.132~9-82686]:main():gmm-acc-stats-twofeats.cc:140) Average like for this file is -48.0004 over 26 frames.
LOG (gmm-acc-stats-twofeats[5.2.132~9-82686]:main():gmm-acc-stats-twofeats.cc:140) Average like for this file is -43.56 over 23 frames.
LOG (gmm-acc-stats-twofeats[5.2.132~9-82686]:main():gmm-acc-stats-twofeats.cc:140) Average like for this file is -44.1039 over 30 frames.
LOG (gmm-acc-stats-twofeats[5.2.132~9-82686]:main():gmm-acc-stats-twofeats.cc:140) Average like for this file is -43.199 over 50 frames.
LOG (gmm-acc-stats-twofeats[5.2.132~9-82686]:main():gmm-acc-stats-twofeats.cc:140) Average like for this file is -48.5066 over 31 frames.
LOG (gmm-acc-stats-twofeats[5.2.132~9-82686]:main():gmm-acc-stats-twofeats.cc:140) Average like for this file is -51.2059 over 35 frames.
LOG (gmm-acc-stats-twofeats[5.2.132~9-82686]:main():gmm-acc-stats-twofeats.cc:140) Average like for this file is -43.6076 over 48 frames.
LOG (gmm-acc-stats-twofeats[5.2.132~9-82686]:main():gmm-acc-stats-twofeats.cc:146) Avg like per frame so far is -47.454
LOG (gmm-acc-stats-twofeats[5.2.132~9-82686]:main():gmm-acc-stats-twofeats.cc:140) Average like for this file is -41.5095 over 64 frames.
LOG (gmm-acc-stats-twofeats[5.2.132~9-82686]:main():gmm-acc-stats-twofeats.cc:140) Average like for this file is -43.4984 over 39 frames.
LOG (gmm-acc-stats-twofeats[5.2.132~9-82686]:main():gmm-acc-stats-twofeats.cc:140) Average like for this file is -48.0525 over 43 frames.
LOG (gmm-acc-stats-twofeats[5.2.132~9-82686]:main():gmm-acc-stats-twofeats.cc:140) Average like for this file is -44.3373 over 62 frames.
LOG (gmm-acc-stats-twofeats[5.2.132~9-82686]:main():gmm-acc-stats-twofeats.cc:140) Average like for this file is -36.0408 over 45 frames.
LOG (gmm-acc-stats-twofeats[5.2.132~9-82686]:main():gmm-acc-stats-twofeats.cc:140) Average like for this file is -52.6515 over 38 frames.
LOG (gmm-acc-stats-twofeats[5.2.132~9-82686]:main():gmm-acc-stats-twofeats.cc:140) Average like for this file is -51.5019 over 70 frames.
LOG (gmm-acc-stats-twofeats[5.2.132~9-82686]:main():gmm-acc-stats-twofeats.cc:140) Average like for this file is -42.1718 over 49 frames.
LOG (gmm-acc-stats-twofeats[5.2.132~9-82686]:main():gmm-acc-stats-twofeats.cc:140) Average like for this file is -33.3883 over 50 frames.
LOG (gmm-acc-stats-twofeats[5.2.132~9-82686]:main():gmm-acc-stats-twofeats.cc:140) Average like for this file is -45.1226 over 36 frames.
LOG (gmm-acc-stats-twofeats[5.2.132~9-82686]:main():gmm-acc-stats-twofeats.cc:146) Avg like per frame so far is -47.1695
LOG (gmm-acc-stats-twofeats[5.2.132~9-82686]:main():gmm-acc-stats-twofeats.cc:140) Average like for this file is -52.1682 over 63 frames.
LOG (gmm-acc-stats-twofeats[5.2.132~9-82686]:main():gmm-acc-stats-twofeats.cc:140) Average like for this file is -52.8645 over 33 frames.
LOG (gmm-acc-stats-twofeats[5.2.132~9-82686]:main():gmm-acc-stats-twofeats.cc:140) Average like for this file is -48.299 over 34 frames.
LOG (gmm-acc-stats-twofeats[5.2.132~9-82686]:main():gmm-acc-stats-twofeats.cc:140) Average like for this file is -47.7006 over 34 frames.
LOG (gmm-acc-stats-twofeats[5.2.132~9-82686]:main():gmm-acc-stats-twofeats.cc:140) Average like for this file is -52.8684 over 27 frames.
LOG (gmm-acc-stats-twofeats[5.2.132~9-82686]:main():gmm-acc-stats-twofeats.cc:140) Average like for this file is -48.4462 over 30 frames.
LOG (gmm-acc-stats-twofeats[5.2.132~9-82686]:main():gmm-acc-stats-twofeats.cc:140) Average like for this file is -54.5182 over 36 frames.
LOG (gmm-acc-stats-twofeats[5.2.132~9-82686]:main():gmm-acc-stats-twofeats.cc:140) Average like for this file is -49.9028 over 39 frames.
LOG (gmm-acc-stats-twofeats[5.2.132~9-82686]:main():gmm-acc-stats-twofeats.cc:140) Average like for this file is -47.6715 over 40 frames.
LOG (gmm-acc-stats-twofeats[5.2.132~9-82686]:main():gmm-acc-stats-twofeats.cc:140) Average like for this file is -54.6593 over 54 frames.
LOG (gmm-acc-stats-twofeats[5.2.132~9-82686]:main():gmm-acc-stats-twofeats.cc:146) Avg like per frame so far is -47.4022
LOG (gmm-acc-stats-twofeats[5.2.132~9-82686]:main():gmm-acc-stats-twofeats.cc:140) Average like for this file is -56.5565 over 52 frames.
LOG (gmm-acc-stats-twofeats[5.2.132~9-82686]:main():gmm-acc-stats-twofeats.cc:140) Average like for this file is -54.6039 over 59 frames.
LOG (gmm-acc-stats-twofeats[5.2.132~9-82686]:main():gmm-acc-stats-twofeats.cc:140) Average like for this file is -49.4374 over 66 frames.
LOG (gmm-acc-stats-twofeats[5.2.132~9-82686]:main():gmm-acc-stats-twofeats.cc:140) Average like for this file is -51.7457 over 75 frames.
LOG (gmm-acc-stats-twofeats[5.2.132~9-82686]:main():gmm-acc-stats-twofeats.cc:140) Average like for this file is -38.9185 over 44 frames.
LOG (gmm-acc-stats-twofeats[5.2.132~9-82686]:main():gmm-acc-stats-twofeats.cc:140) Average like for this file is -44.2205 over 61 frames.
LOG (gmm-acc-stats-twofeats[5.2.132~9-82686]:main():gmm-acc-stats-twofeats.cc:140) Average like for this file is -51.2724 over 51 frames.
LOG (gmm-acc-stats-twofeats[5.2.132~9-82686]:main():gmm-acc-stats-twofeats.cc:140) Average like for this file is -46.8848 over 50 frames.
LOG (gmm-acc-stats-twofeats[5.2.132~9-82686]:main():gmm-acc-stats-twofeats.cc:140) Average like for this file is -32.5843 over 45 frames.
LOG (gmm-acc-stats-twofeats[5.2.132~9-82686]:main():gmm-acc-stats-twofeats.cc:140) Average like for this file is -51.9667 over 34 frames.
LOG (gmm-acc-stats-twofeats[5.2.132~9-82686]:main():gmm-acc-stats-twofeats.cc:146) Avg like per frame so far is -47.4653
LOG (gmm-acc-stats-twofeats[5.2.132~9-82686]:main():gmm-acc-stats-twofeats.cc:140) Average like for this file is -33.261 over 58 frames.
LOG (gmm-acc-stats-twofeats[5.2.132~9-82686]:main():gmm-acc-stats-twofeats.cc:140) Average like for this file is -42.3073 over 34 frames.
LOG (gmm-acc-stats-twofeats[5.2.132~9-82686]:main():gmm-acc-stats-twofeats.cc:140) Average like for this file is -43.6058 over 34 frames.
LOG (gmm-acc-stats-twofeats[5.2.132~9-82686]:main():gmm-acc-stats-twofeats.cc:140) Average like for this file is -41.9303 over 30 frames.
LOG (gmm-acc-stats-twofeats[5.2.132~9-82686]:main():gmm-acc-stats-twofeats.cc:140) Average like for this file is -39.3288 over 28 frames.
LOG (gmm-acc-stats-twofeats[5.2.132~9-82686]:main():gmm-acc-stats-twofeats.cc:140) Average like for this file is -42.2422 over 33 frames.
LOG (gmm-acc-stats-twofeats[5.2.132~9-82686]:main():gmm-acc-stats-twofeats.cc:140) Average like for this file is -42.0178 over 33 frames.
LOG (gmm-acc-stats-twofeats[5.2.132~9-82686]:main():gmm-acc-stats-twofeats.cc:140) Average like for this file is -48.2128 over 76 frames.
LOG (gmm-acc-stats-twofeats[5.2.132~9-82686]:main():gmm-acc-stats-twofeats.cc:140) Average like for this file is -47.788 over 72 frames.
LOG (gmm-acc-stats-twofeats[5.2.132~9-82686]:main():gmm-acc-stats-twofeats.cc:140) Average like for this file is -39.3808 over 56 frames.
LOG (gmm-acc-stats-twofeats[5.2.132~9-82686]:main():gmm-acc-stats-twofeats.cc:146) Avg like per frame so far is -47.1709
LOG (gmm-acc-stats-twofeats[5.2.132~9-82686]:main():gmm-acc-stats-twofeats.cc:140) Average like for this file is -54.8697 over 47 frames.
LOG (gmm-acc-stats-twofeats[5.2.132~9-82686]:main():gmm-acc-stats-twofeats.cc:140) Average like for this file is -56.4153 over 69 frames.
LOG (gmm-acc-stats-twofeats[5.2.132~9-82686]:main():gmm-acc-stats-twofeats.cc:140) Average like for this file is -45.5147 over 42 frames.
LOG (gmm-acc-stats-twofeats[5.2.132~9-82686]:main():gmm-acc-stats-twofeats.cc:140) Average like for this file is -39.7409 over 87 frames.
LOG (gmm-acc-stats-twofeats[5.2.132~9-82686]:main():gmm-acc-stats-twofeats.cc:140) Average like for this file is -45.3781 over 68 frames.
LOG (gmm-acc-stats-twofeats[5.2.132~9-82686]:main():gmm-acc-stats-twofeats.cc:140) Average like for this file is -50.0563 over 36 frames.
LOG (gmm-acc-stats-twofeats[5.2.132~9-82686]:main():gmm-acc-stats-twofeats.cc:140) Average like for this file is -46.2486 over 47 frames.
LOG (gmm-acc-stats-twofeats[5.2.132~9-82686]:main():gmm-acc-stats-twofeats.cc:140) Average like for this file is -42.1594 over 45 frames.
LOG (gmm-acc-stats-twofeats[5.2.132~9-82686]:main():gmm-acc-stats-twofeats.cc:140) Average like for this file is -50.0055 over 33 frames.
LOG (gmm-acc-stats-twofeats[5.2.132~9-82686]:main():gmm-acc-stats-twofeats.cc:140) Average like for this file is -54.4991 over 31 frames.
LOG (gmm-acc-stats-twofeats[5.2.132~9-82686]:main():gmm-acc-stats-twofeats.cc:146) Avg like per frame so far is -47.2099
LOG (gmm-acc-stats-twofeats[5.2.132~9-82686]:main():gmm-acc-stats-twofeats.cc:140) Average like for this file is -56.9575 over 34 frames.
LOG (gmm-acc-stats-twofeats[5.2.132~9-82686]:main():gmm-acc-stats-twofeats.cc:140) Average like for this file is -48.9349 over 62 frames.
LOG (gmm-acc-stats-twofeats[5.2.132~9-82686]:main():gmm-acc-stats-twofeats.cc:140) Average like for this file is -41.1765 over 44 frames.
LOG (gmm-acc-stats-twofeats[5.2.132~9-82686]:main():gmm-acc-stats-twofeats.cc:140) Average like for this file is -48.4136 over 37 frames.
LOG (gmm-acc-stats-twofeats[5.2.132~9-82686]:main():gmm-acc-stats-twofeats.cc:140) Average like for this file is -46.4854 over 35 frames.
LOG (gmm-acc-stats-twofeats[5.2.132~9-82686]:main():gmm-acc-stats-twofeats.cc:140) Average like for this file is -47.4242 over 62 frames.
LOG (gmm-acc-stats-twofeats[5.2.132~9-82686]:main():gmm-acc-stats-twofeats.cc:140) Average like for this file is -54.4557 over 31 frames.
LOG (gmm-acc-stats-twofeats[5.2.132~9-82686]:main():gmm-acc-stats-twofeats.cc:140) Average like for this file is -49.2848 over 39 frames.
LOG (gmm-acc-stats-twofeats[5.2.132~9-82686]:main():gmm-acc-stats-twofeats.cc:140) Average like for this file is -61.6055 over 23 frames.
LOG (gmm-acc-stats-twofeats[5.2.132~9-82686]:main():gmm-acc-stats-twofeats.cc:140) Average like for this file is -42.2993 over 82 frames.
LOG (gmm-acc-stats-twofeats[5.2.132~9-82686]:main():gmm-acc-stats-twofeats.cc:146) Avg like per frame so far is -47.261
LOG (gmm-acc-stats-twofeats[5.2.132~9-82686]:main():gmm-acc-stats-twofeats.cc:140) Average like for this file is -51.8682 over 32 frames.
LOG (gmm-acc-stats-twofeats[5.2.132~9-82686]:main():gmm-acc-stats-twofeats.cc:140) Average like for this file is -55.537 over 21 frames.
LOG (gmm-acc-stats-twofeats[5.2.132~9-82686]:main():gmm-acc-stats-twofeats.cc:140) Average like for this file is -47.0371 over 58 frames.
LOG (gmm-acc-stats-twofeats[5.2.132~9-82686]:main():gmm-acc-stats-twofeats.cc:140) Average like for this file is -44.5116 over 63 frames.
LOG (gmm-acc-stats-twofeats[5.2.132~9-82686]:main():gmm-acc-stats-twofeats.cc:140) Average like for this file is -46.0274 over 51 frames.
LOG (gmm-acc-stats-twofeats[5.2.132~9-82686]:main():gmm-acc-stats-twofeats.cc:140) Average like for this file is -47.6683 over 51 frames.
LOG (gmm-acc-stats-twofeats[5.2.132~9-82686]:main():gmm-acc-stats-twofeats.cc:140) Average like for this file is -57.9985 over 48 frames.
LOG (gmm-acc-stats-twofeats[5.2.132~9-82686]:main():gmm-acc-stats-twofeats.cc:140) Average like for this file is -47.3786 over 33 frames.
LOG (gmm-acc-stats-twofeats[5.2.132~9-82686]:main():gmm-acc-stats-twofeats.cc:140) Average like for this file is -55.1407 over 21 frames.
LOG (gmm-acc-stats-twofeats[5.2.132~9-82686]:main():gmm-acc-stats-twofeats.cc:140) Average like for this file is -46.03 over 49 frames.
LOG (gmm-acc-stats-twofeats[5.2.132~9-82686]:main():gmm-acc-stats-twofeats.cc:146) Avg like per frame so far is -47.3405
LOG (gmm-acc-stats-twofeats[5.2.132~9-82686]:main():gmm-acc-stats-twofeats.cc:140) Average like for this file is -51.5101 over 48 frames.
LOG (gmm-acc-stats-twofeats[5.2.132~9-82686]:main():gmm-acc-stats-twofeats.cc:140) Average like for this file is -50.0497 over 41 frames.
LOG (gmm-acc-stats-twofeats[5.2.132~9-82686]:main():gmm-acc-stats-twofeats.cc:140) Average like for this file is -52.6186 over 26 frames.
LOG (gmm-acc-stats-twofeats[5.2.132~9-82686]:main():gmm-acc-stats-twofeats.cc:140) Average like for this file is -42.241 over 38 frames.
LOG (gmm-acc-stats-twofeats[5.2.132~9-82686]:main():gmm-acc-stats-twofeats.cc:140) Average like for this file is -50.7304 over 45 frames.
LOG (gmm-acc-stats-twofeats[5.2.132~9-82686]:main():gmm-acc-stats-twofeats.cc:140) Average like for this file is -51.6646 over 46 frames.
LOG (gmm-acc-stats-twofeats[5.2.132~9-82686]:main():gmm-acc-stats-twofeats.cc:140) Average like for this file is -47.1871 over 51 frames.
LOG (gmm-acc-stats-twofeats[5.2.132~9-82686]:main():gmm-acc-stats-twofeats.cc:140) Average like for this file is -44.3017 over 50 frames.
LOG (gmm-acc-stats-twofeats[5.2.132~9-82686]:main():gmm-acc-stats-twofeats.cc:140) Average like for this file is -41.6838 over 48 frames.
LOG (gmm-acc-stats-twofeats[5.2.132~9-82686]:main():gmm-acc-stats-twofeats.cc:140) Average like for this file is -44.4557 over 51 frames.
LOG (gmm-acc-stats-twofeats[5.2.132~9-82686]:main():gmm-acc-stats-twofeats.cc:146) Avg like per frame so far is -47.3435
LOG (gmm-acc-stats-twofeats[5.2.132~9-82686]:main():gmm-acc-stats-twofeats.cc:140) Average like for this file is -48.6693 over 78 frames.
LOG (gmm-acc-stats-twofeats[5.2.132~9-82686]:main():gmm-acc-stats-twofeats.cc:140) Average like for this file is -43.2059 over 48 frames.
LOG (gmm-acc-stats-twofeats[5.2.132~9-82686]:main():gmm-acc-stats-twofeats.cc:140) Average like for this file is -40.9678 over 58 frames.
LOG (gmm-acc-stats-twofeats[5.2.132~9-82686]:main():gmm-acc-stats-twofeats.cc:140) Average like for this file is -43.2803 over 51 frames.
LOG (gmm-acc-stats-twofeats[5.2.132~9-82686]:main():gmm-acc-stats-twofeats.cc:140) Average like for this file is -52.4164 over 32 frames.
LOG (gmm-acc-stats-twofeats[5.2.132~9-82686]:main():gmm-acc-stats-twofeats.cc:140) Average like for this file is -42.9827 over 31 frames.
LOG (gmm-acc-stats-twofeats[5.2.132~9-82686]:main():gmm-acc-stats-twofeats.cc:140) Average like for this file is -46.4101 over 60 frames.
LOG (gmm-acc-stats-twofeats[5.2.132~9-82686]:main():gmm-acc-stats-twofeats.cc:140) Average like for this file is -49.5158 over 57 frames.
LOG (gmm-acc-stats-twofeats[5.2.132~9-82686]:main():gmm-acc-stats-twofeats.cc:140) Average like for this file is -54.3956 over 36 frames.
LOG (gmm-acc-stats-twofeats[5.2.132~9-82686]:main():gmm-acc-stats-twofeats.cc:140) Average like for this file is -53.4316 over 38 frames.
LOG (gmm-acc-stats-twofeats[5.2.132~9-82686]:main():gmm-acc-stats-twofeats.cc:146) Avg like per frame so far is -47.3342
LOG (gmm-acc-stats-twofeats[5.2.132~9-82686]:main():gmm-acc-stats-twofeats.cc:140) Average like for this file is -55.1238 over 31 frames.
LOG (gmm-acc-stats-twofeats[5.2.132~9-82686]:main():gmm-acc-stats-twofeats.cc:140) Average like for this file is -50.2881 over 69 frames.
LOG (gmm-acc-stats-twofeats[5.2.132~9-82686]:main():gmm-acc-stats-twofeats.cc:140) Average like for this file is -51.8409 over 62 frames.
LOG (gmm-acc-stats-twofeats[5.2.132~9-82686]:main():gmm-acc-stats-twofeats.cc:140) Average like for this file is -47.1026 over 78 frames.
LOG (gmm-acc-stats-twofeats[5.2.132~9-82686]:main():gmm-acc-stats-twofeats.cc:140) Average like for this file is -52.8579 over 73 frames.
LOG (gmm-acc-stats-twofeats[5.2.132~9-82686]:main():gmm-acc-stats-twofeats.cc:140) Average like for this file is -44.4261 over 41 frames.
LOG (gmm-acc-stats-twofeats[5.2.132~9-82686]:main():gmm-acc-stats-twofeats.cc:140) Average like for this file is -55.9021 over 38 frames.
LOG (gmm-acc-stats-twofeats[5.2.132~9-82686]:main():gmm-acc-stats-twofeats.cc:140) Average like for this file is -54.8431 over 34 frames.
LOG (gmm-acc-stats-twofeats[5.2.132~9-82686]:main():gmm-acc-stats-twofeats.cc:140) Average like for this file is -52.868 over 31 frames.
LOG (gmm-acc-stats-twofeats[5.2.132~9-82686]:main():gmm-acc-stats-twofeats.cc:140) Average like for this file is -52.2004 over 33 frames.
LOG (gmm-acc-stats-twofeats[5.2.132~9-82686]:main():gmm-acc-stats-twofeats.cc:146) Avg like per frame so far is -47.5165
LOG (gmm-acc-stats-twofeats[5.2.132~9-82686]:main():gmm-acc-stats-twofeats.cc:140) Average like for this file is -45.9722 over 33 frames.
LOG (gmm-acc-stats-twofeats[5.2.132~9-82686]:main():gmm-acc-stats-twofeats.cc:140) Average like for this file is -51.7938 over 46 frames.
LOG (gmm-acc-stats-twofeats[5.2.132~9-82686]:main():gmm-acc-stats-twofeats.cc:140) Average like for this file is -50.0306 over 43 frames.
LOG (gmm-acc-stats-twofeats[5.2.132~9-82686]:main():gmm-acc-stats-twofeats.cc:140) Average like for this file is -45.5669 over 41 frames.
LOG (gmm-acc-stats-twofeats[5.2.132~9-82686]:main():gmm-acc-stats-twofeats.cc:140) Average like for this file is -41.9625 over 56 frames.
LOG (gmm-acc-stats-twofeats[5.2.132~9-82686]:main():gmm-acc-stats-twofeats.cc:140) Average like for this file is -49.4906 over 38 frames.
LOG (gmm-acc-stats-twofeats[5.2.132~9-82686]:main():gmm-acc-stats-twofeats.cc:140) Average like for this file is -55.6099 over 44 frames.
LOG (gmm-acc-stats-twofeats[5.2.132~9-82686]:main():gmm-acc-stats-twofeats.cc:140) Average like for this file is -51.9014 over 42 frames.
LOG (gmm-acc-stats-twofeats[5.2.132~9-82686]:main():gmm-acc-stats-twofeats.cc:140) Average like for this file is -47.7853 over 42 frames.
LOG (gmm-acc-stats-twofeats[5.2.132~9-82686]:main():gmm-acc-stats-twofeats.cc:140) Average like for this file is -47.5888 over 42 frames.
LOG (gmm-acc-stats-twofeats[5.2.132~9-82686]:main():gmm-acc-stats-twofeats.cc:146) Avg like per frame so far is -47.5618
LOG (gmm-acc-stats-twofeats[5.2.132~9-82686]:main():gmm-acc-stats-twofeats.cc:140) Average like for this file is -40.2581 over 69 frames.
LOG (gmm-acc-stats-twofeats[5.2.132~9-82686]:main():gmm-acc-stats-twofeats.cc:140) Average like for this file is -44.1434 over 40 frames.
LOG (gmm-acc-stats-twofeats[5.2.132~9-82686]:main():gmm-acc-stats-twofeats.cc:140) Average like for this file is -49.4932 over 43 frames.
LOG (gmm-acc-stats-twofeats[5.2.132~9-82686]:main():gmm-acc-stats-twofeats.cc:140) Average like for this file is -50.4556 over 64 frames.
LOG (gmm-acc-stats-twofeats[5.2.132~9-82686]:main():gmm-acc-stats-twofeats.cc:140) Average like for this file is -51.3867 over 61 frames.
LOG (gmm-acc-stats-twofeats[5.2.132~9-82686]:main():gmm-acc-stats-twofeats.cc:140) Average like for this file is -41.9168 over 60 frames.
LOG (gmm-acc-stats-twofeats[5.2.132~9-82686]:main():gmm-acc-stats-twofeats.cc:140) Average like for this file is -47.817 over 39 frames.
LOG (gmm-acc-stats-twofeats[5.2.132~9-82686]:main():gmm-acc-stats-twofeats.cc:140) Average like for this file is -46.2277 over 78 frames.
LOG (gmm-acc-stats-twofeats[5.2.132~9-82686]:main():gmm-acc-stats-twofeats.cc:140) Average like for this file is -48.4427 over 39 frames.
LOG (gmm-acc-stats-twofeats[5.2.132~9-82686]:main():gmm-acc-stats-twofeats.cc:140) Average like for this file is -44.8759 over 64 frames.
LOG (gmm-acc-stats-twofeats[5.2.132~9-82686]:main():gmm-acc-stats-twofeats.cc:146) Avg like per frame so far is -47.4997
LOG (gmm-acc-stats-twofeats[5.2.132~9-82686]:main():gmm-acc-stats-twofeats.cc:140) Average like for this file is -42.2339 over 75 frames.
LOG (gmm-acc-stats-twofeats[5.2.132~9-82686]:main():gmm-acc-stats-twofeats.cc:140) Average like for this file is -46.3353 over 65 frames.
LOG (gmm-acc-stats-twofeats[5.2.132~9-82686]:main():gmm-acc-stats-twofeats.cc:140) Average like for this file is -57.6238 over 23 frames.
LOG (gmm-acc-stats-twofeats[5.2.132~9-82686]:main():gmm-acc-stats-twofeats.cc:140) Average like for this file is -50.5216 over 24 frames.
LOG (gmm-acc-stats-twofeats[5.2.132~9-82686]:main():gmm-acc-stats-twofeats.cc:140) Average like for this file is -47.7898 over 30 frames.
LOG (gmm-acc-stats-twofeats[5.2.132~9-82686]:main():gmm-acc-stats-twofeats.cc:140) Average like for this file is -49.7608 over 39 frames.
LOG (gmm-acc-stats-twofeats[5.2.132~9-82686]:main():gmm-acc-stats-twofeats.cc:140) Average like for this file is -48.6484 over 44 frames.
LOG (gmm-acc-stats-twofeats[5.2.132~9-82686]:main():gmm-acc-stats-twofeats.cc:140) Average like for this file is -47.5295 over 54 frames.
LOG (gmm-acc-stats-twofeats[5.2.132~9-82686]:main():gmm-acc-stats-twofeats.cc:140) Average like for this file is -47.297 over 43 frames.
LOG (gmm-acc-stats-twofeats[5.2.132~9-82686]:main():gmm-acc-stats-twofeats.cc:140) Average like for this file is -43.1611 over 45 frames.
LOG (gmm-acc-stats-twofeats[5.2.132~9-82686]:main():gmm-acc-stats-twofeats.cc:146) Avg like per frame so far is -47.4812
LOG (gmm-acc-stats-twofeats[5.2.132~9-82686]:main():gmm-acc-stats-twofeats.cc:140) Average like for this file is -47.6572 over 37 frames.
LOG (gmm-acc-stats-twofeats[5.2.132~9-82686]:main():gmm-acc-stats-twofeats.cc:140) Average like for this file is -50.6308 over 29 frames.
LOG (gmm-acc-stats-twofeats[5.2.132~9-82686]:main():gmm-acc-stats-twofeats.cc:140) Average like for this file is -45.5261 over 22 frames.
LOG (gmm-acc-stats-twofeats[5.2.132~9-82686]:main():gmm-acc-stats-twofeats.cc:140) Average like for this file is -53.5692 over 20 frames.
LOG (gmm-acc-stats-twofeats[5.2.132~9-82686]:main():gmm-acc-stats-twofeats.cc:140) Average like for this file is -45.5551 over 19 frames.
LOG (gmm-acc-stats-twofeats[5.2.132~9-82686]:main():gmm-acc-stats-twofeats.cc:140) Average like for this file is -46.8222 over 49 frames.
LOG (gmm-acc-stats-twofeats[5.2.132~9-82686]:main():gmm-acc-stats-twofeats.cc:140) Average like for this file is -44.6244 over 21 frames.
LOG (gmm-acc-stats-twofeats[5.2.132~9-82686]:main():gmm-acc-stats-twofeats.cc:140) Average like for this file is -49.0132 over 35 frames.
LOG (gmm-acc-stats-twofeats[5.2.132~9-82686]:main():gmm-acc-stats-twofeats.cc:140) Average like for this file is -53.4564 over 24 frames.
LOG (gmm-acc-stats-twofeats[5.2.132~9-82686]:main():gmm-acc-stats-twofeats.cc:140) Average like for this file is -50.5402 over 19 frames.
LOG (gmm-acc-stats-twofeats[5.2.132~9-82686]:main():gmm-acc-stats-twofeats.cc:146) Avg like per frame so far is -47.5061
LOG (gmm-acc-stats-twofeats[5.2.132~9-82686]:main():gmm-acc-stats-twofeats.cc:140) Average like for this file is -51.5895 over 21 frames.
LOG (gmm-acc-stats-twofeats[5.2.132~9-82686]:main():gmm-acc-stats-twofeats.cc:140) Average like for this file is -48.0887 over 27 frames.
LOG (gmm-acc-stats-twofeats[5.2.132~9-82686]:main():gmm-acc-stats-twofeats.cc:140) Average like for this file is -42.8311 over 24 frames.
LOG (gmm-acc-stats-twofeats[5.2.132~9-82686]:main():gmm-acc-stats-twofeats.cc:140) Average like for this file is -43.1723 over 32 frames.
LOG (gmm-acc-stats-twofeats[5.2.132~9-82686]:main():gmm-acc-stats-twofeats.cc:140) Average like for this file is -54.4163 over 26 frames.
LOG (gmm-acc-stats-twofeats[5.2.132~9-82686]:main():gmm-acc-stats-twofeats.cc:140) Average like for this file is -53.1398 over 31 frames.
LOG (gmm-acc-stats-twofeats[5.2.132~9-82686]:main():gmm-acc-stats-twofeats.cc:140) Average like for this file is -52.8789 over 28 frames.
LOG (gmm-acc-stats-twofeats[5.2.132~9-82686]:main():gmm-acc-stats-twofeats.cc:140) Average like for this file is -49.2101 over 86 frames.
LOG (gmm-acc-stats-twofeats[5.2.132~9-82686]:main():gmm-acc-stats-twofeats.cc:140) Average like for this file is -50.5425 over 51 frames.
LOG (gmm-acc-stats-twofeats[5.2.132~9-82686]:main():gmm-acc-stats-twofeats.cc:140) Average like for this file is -53.0377 over 23 frames.
LOG (gmm-acc-stats-twofeats[5.2.132~9-82686]:main():gmm-acc-stats-twofeats.cc:146) Avg like per frame so far is -47.5689
LOG (gmm-acc-stats-twofeats[5.2.132~9-82686]:main():gmm-acc-stats-twofeats.cc:140) Average like for this file is -49.4683 over 26 frames.
LOG (gmm-acc-stats-twofeats[5.2.132~9-82686]:main():gmm-acc-stats-twofeats.cc:140) Average like for this file is -55.4332 over 27 frames.
LOG (gmm-acc-stats-twofeats[5.2.132~9-82686]:main():gmm-acc-stats-twofeats.cc:140) Average like for this file is -55.5936 over 34 frames.
LOG (gmm-acc-stats-twofeats[5.2.132~9-82686]:main():gmm-acc-stats-twofeats.cc:140) Average like for this file is -52.1148 over 56 frames.
LOG (gmm-acc-stats-twofeats[5.2.132~9-82686]:main():gmm-acc-stats-twofeats.cc:140) Average like for this file is -43.6388 over 79 frames.
LOG (gmm-acc-stats-twofeats[5.2.132~9-82686]:main():gmm-acc-stats-twofeats.cc:140) Average like for this file is -53.5243 over 50 frames.
LOG (gmm-acc-stats-twofeats[5.2.132~9-82686]:main():gmm-acc-stats-twofeats.cc:140) Average like for this file is -38.3581 over 56 frames.
LOG (gmm-acc-stats-twofeats[5.2.132~9-82686]:main():gmm-acc-stats-twofeats.cc:140) Average like for this file is -46.727 over 53 frames.
LOG (gmm-acc-stats-twofeats[5.2.132~9-82686]:main():gmm-acc-stats-twofeats.cc:140) Average like for this file is -49.0556 over 49 frames.
LOG (gmm-acc-stats-twofeats[5.2.132~9-82686]:main():gmm-acc-stats-twofeats.cc:140) Average like for this file is -50.7324 over 23 frames.
LOG (gmm-acc-stats-twofeats[5.2.132~9-82686]:main():gmm-acc-stats-twofeats.cc:146) Avg like per frame so far is -47.5968
LOG (gmm-acc-stats-twofeats[5.2.132~9-82686]:main():gmm-acc-stats-twofeats.cc:140) Average like for this file is -52.644 over 26 frames.
LOG (gmm-acc-stats-twofeats[5.2.132~9-82686]:main():gmm-acc-stats-twofeats.cc:140) Average like for this file is -57.9364 over 36 frames.
LOG (gmm-acc-stats-twofeats[5.2.132~9-82686]:main():gmm-acc-stats-twofeats.cc:140) Average like for this file is -50.8427 over 27 frames.
LOG (gmm-acc-stats-twofeats[5.2.132~9-82686]:main():gmm-acc-stats-twofeats.cc:140) Average like for this file is -48.5132 over 36 frames.
LOG (gmm-acc-stats-twofeats[5.2.132~9-82686]:main():gmm-acc-stats-twofeats.cc:140) Average like for this file is -45.6685 over 33 frames.
LOG (gmm-acc-stats-twofeats[5.2.132~9-82686]:main():gmm-acc-stats-twofeats.cc:140) Average like for this file is -46.2346 over 27 frames.
LOG (gmm-acc-stats-twofeats[5.2.132~9-82686]:main():gmm-acc-stats-twofeats.cc:140) Average like for this file is -45.1012 over 25 frames.
LOG (gmm-acc-stats-twofeats[5.2.132~9-82686]:main():gmm-acc-stats-twofeats.cc:140) Average like for this file is -48.2638 over 26 frames.
LOG (gmm-acc-stats-twofeats[5.2.132~9-82686]:main():gmm-acc-stats-twofeats.cc:140) Average like for this file is -46.7439 over 22 frames.
LOG (gmm-acc-stats-twofeats[5.2.132~9-82686]:main():gmm-acc-stats-twofeats.cc:140) Average like for this file is -47.4434 over 41 frames.
LOG (gmm-acc-stats-twofeats[5.2.132~9-82686]:main():gmm-acc-stats-twofeats.cc:146) Avg like per frame so far is -47.631
LOG (gmm-acc-stats-twofeats[5.2.132~9-82686]:main():gmm-acc-stats-twofeats.cc:140) Average like for this file is -46.8509 over 42 frames.
LOG (gmm-acc-stats-twofeats[5.2.132~9-82686]:main():gmm-acc-stats-twofeats.cc:140) Average like for this file is -49.901 over 35 frames.
LOG (gmm-acc-stats-twofeats[5.2.132~9-82686]:main():gmm-acc-stats-twofeats.cc:140) Average like for this file is -48.235 over 37 frames.
LOG (gmm-acc-stats-twofeats[5.2.132~9-82686]:main():gmm-acc-stats-twofeats.cc:140) Average like for this file is -49.602 over 29 frames.
LOG (gmm-acc-stats-twofeats[5.2.132~9-82686]:main():gmm-acc-stats-twofeats.cc:140) Average like for this file is -50.6893 over 32 frames.
LOG (gmm-acc-stats-twofeats[5.2.132~9-82686]:main():gmm-acc-stats-twofeats.cc:140) Average like for this file is -55.9745 over 32 frames.
LOG (gmm-acc-stats-twofeats[5.2.132~9-82686]:main():gmm-acc-stats-twofeats.cc:140) Average like for this file is -46.3824 over 45 frames.
LOG (gmm-acc-stats-twofeats[5.2.132~9-82686]:main():gmm-acc-stats-twofeats.cc:140) Average like for this file is -44.1277 over 42 frames.
LOG (gmm-acc-stats-twofeats[5.2.132~9-82686]:main():gmm-acc-stats-twofeats.cc:140) Average like for this file is -49.6265 over 34 frames.
LOG (gmm-acc-stats-twofeats[5.2.132~9-82686]:main():gmm-acc-stats-twofeats.cc:140) Average like for this file is -49.8392 over 41 frames.
LOG (gmm-acc-stats-twofeats[5.2.132~9-82686]:main():gmm-acc-stats-twofeats.cc:146) Avg like per frame so far is -47.6638
LOG (gmm-acc-stats-twofeats[5.2.132~9-82686]:main():gmm-acc-stats-twofeats.cc:140) Average like for this file is -49.2392 over 49 frames.
LOG (gmm-acc-stats-twofeats[5.2.132~9-82686]:main():gmm-acc-stats-twofeats.cc:140) Average like for this file is -49.3137 over 33 frames.
LOG (gmm-acc-stats-twofeats[5.2.132~9-82686]:main():gmm-acc-stats-twofeats.cc:140) Average like for this file is -45.9937 over 38 frames.
LOG (gmm-acc-stats-twofeats[5.2.132~9-82686]:main():gmm-acc-stats-twofeats.cc:140) Average like for this file is -40.6787 over 45 frames.
LOG (gmm-acc-stats-twofeats[5.2.132~9-82686]:main():gmm-acc-stats-twofeats.cc:140) Average like for this file is -48.687 over 20 frames.
LOG (gmm-acc-stats-twofeats[5.2.132~9-82686]:main():gmm-acc-stats-twofeats.cc:140) Average like for this file is -46.0185 over 25 frames.
LOG (gmm-acc-stats-twofeats[5.2.132~9-82686]:main():gmm-acc-stats-twofeats.cc:140) Average like for this file is -45.6118 over 28 frames.
LOG (gmm-acc-stats-twofeats[5.2.132~9-82686]:main():gmm-acc-stats-twofeats.cc:140) Average like for this file is -55.671 over 20 frames.
LOG (gmm-acc-stats-twofeats[5.2.132~9-82686]:main():gmm-acc-stats-twofeats.cc:140) Average like for this file is -46.5455 over 18 frames.
LOG (gmm-acc-stats-twofeats[5.2.132~9-82686]:main():gmm-acc-stats-twofeats.cc:140) Average like for this file is -45.8126 over 24 frames.
LOG (gmm-acc-stats-twofeats[5.2.132~9-82686]:main():gmm-acc-stats-twofeats.cc:146) Avg like per frame so far is -47.6474
LOG (gmm-acc-stats-twofeats[5.2.132~9-82686]:main():gmm-acc-stats-twofeats.cc:140) Average like for this file is -40.3783 over 24 frames.
LOG (gmm-acc-stats-twofeats[5.2.132~9-82686]:main():gmm-acc-stats-twofeats.cc:140) Average like for this file is -45.4033 over 37 frames.
LOG (gmm-acc-stats-twofeats[5.2.132~9-82686]:main():gmm-acc-stats-twofeats.cc:140) Average like for this file is -44.4446 over 24 frames.
LOG (gmm-acc-stats-twofeats[5.2.132~9-82686]:main():gmm-acc-stats-twofeats.cc:140) Average like for this file is -43.5635 over 21 frames.
LOG (gmm-acc-stats-twofeats[5.2.132~9-82686]:main():gmm-acc-stats-twofeats.cc:140) Average like for this file is -48.0465 over 23 frames.
LOG (gmm-acc-stats-twofeats[5.2.132~9-82686]:main():gmm-acc-stats-twofeats.cc:140) Average like for this file is -44.3601 over 24 frames.
LOG (gmm-acc-stats-twofeats[5.2.132~9-82686]:main():gmm-acc-stats-twofeats.cc:140) Average like for this file is -47.1577 over 20 frames.
LOG (gmm-acc-stats-twofeats[5.2.132~9-82686]:main():gmm-acc-stats-twofeats.cc:140) Average like for this file is -47.5151 over 19 frames.
LOG (gmm-acc-stats-twofeats[5.2.132~9-82686]:main():gmm-acc-stats-twofeats.cc:140) Average like for this file is -50.9913 over 22 frames.
LOG (gmm-acc-stats-twofeats[5.2.132~9-82686]:main():gmm-acc-stats-twofeats.cc:140) Average like for this file is -47.5942 over 20 frames.
LOG (gmm-acc-stats-twofeats[5.2.132~9-82686]:main():gmm-acc-stats-twofeats.cc:146) Avg like per frame so far is -47.617
LOG (gmm-acc-stats-twofeats[5.2.132~9-82686]:main():gmm-acc-stats-twofeats.cc:140) Average like for this file is -45.1802 over 33 frames.
LOG (gmm-acc-stats-twofeats[5.2.132~9-82686]:main():gmm-acc-stats-twofeats.cc:140) Average like for this file is -41.1723 over 24 frames.
LOG (gmm-acc-stats-twofeats[5.2.132~9-82686]:main():gmm-acc-stats-twofeats.cc:140) Average like for this file is -43.2456 over 23 frames.
LOG (gmm-acc-stats-twofeats[5.2.132~9-82686]:main():gmm-acc-stats-twofeats.cc:140) Average like for this file is -46.5801 over 28 frames.
LOG (gmm-acc-stats-twofeats[5.2.132~9-82686]:main():gmm-acc-stats-twofeats.cc:140) Average like for this file is -49.9454 over 61 frames.
LOG (gmm-acc-stats-twofeats[5.2.132~9-82686]:main():gmm-acc-stats-twofeats.cc:140) Average like for this file is -45.8696 over 43 frames.
LOG (gmm-acc-stats-twofeats[5.2.132~9-82686]:main():gmm-acc-stats-twofeats.cc:140) Average like for this file is -44.4771 over 37 frames.
LOG (gmm-acc-stats-twofeats[5.2.132~9-82686]:main():gmm-acc-stats-twofeats.cc:140) Average like for this file is -45.1675 over 39 frames.
LOG (gmm-acc-stats-twofeats[5.2.132~9-82686]:main():gmm-acc-stats-twofeats.cc:140) Average like for this file is -45.8328 over 36 frames.
LOG (gmm-acc-stats-twofeats[5.2.132~9-82686]:main():gmm-acc-stats-twofeats.cc:140) Average like for this file is -49.1307 over 47 frames.
LOG (gmm-acc-stats-twofeats[5.2.132~9-82686]:main():gmm-acc-stats-twofeats.cc:146) Avg like per frame so far is -47.5824
LOG (gmm-acc-stats-twofeats[5.2.132~9-82686]:main():gmm-acc-stats-twofeats.cc:140) Average like for this file is -45.3236 over 39 frames.
LOG (gmm-acc-stats-twofeats[5.2.132~9-82686]:main():gmm-acc-stats-twofeats.cc:140) Average like for this file is -49.2825 over 30 frames.
LOG (gmm-acc-stats-twofeats[5.2.132~9-82686]:main():gmm-acc-stats-twofeats.cc:140) Average like for this file is -47.3631 over 40 frames.
LOG (gmm-acc-stats-twofeats[5.2.132~9-82686]:main():gmm-acc-stats-twofeats.cc:140) Average like for this file is -51.9959 over 43 frames.
LOG (gmm-acc-stats-twofeats[5.2.132~9-82686]:main():gmm-acc-stats-twofeats.cc:140) Average like for this file is -53.9609 over 35 frames.
LOG (gmm-acc-stats-twofeats[5.2.132~9-82686]:main():gmm-acc-stats-twofeats.cc:140) Average like for this file is -53.3038 over 32 frames.
LOG (gmm-acc-stats-twofeats[5.2.132~9-82686]:main():gmm-acc-stats-twofeats.cc:140) Average like for this file is -54.8123 over 35 frames.
LOG (gmm-acc-stats-twofeats[5.2.132~9-82686]:main():gmm-acc-stats-twofeats.cc:140) Average like for this file is -56.8209 over 39 frames.
LOG (gmm-acc-stats-twofeats[5.2.132~9-82686]:main():gmm-acc-stats-twofeats.cc:140) Average like for this file is -59.7439 over 33 frames.
LOG (gmm-acc-stats-twofeats[5.2.132~9-82686]:main():gmm-acc-stats-twofeats.cc:140) Average like for this file is -45.6454 over 38 frames.
LOG (gmm-acc-stats-twofeats[5.2.132~9-82686]:main():gmm-acc-stats-twofeats.cc:146) Avg like per frame so far is -47.6826
LOG (gmm-acc-stats-twofeats[5.2.132~9-82686]:main():gmm-acc-stats-twofeats.cc:140) Average like for this file is -41.7028 over 40 frames.
LOG (gmm-acc-stats-twofeats[5.2.132~9-82686]:main():gmm-acc-stats-twofeats.cc:140) Average like for this file is -42.2514 over 38 frames.
LOG (gmm-acc-stats-twofeats[5.2.132~9-82686]:main():gmm-acc-stats-twofeats.cc:140) Average like for this file is -42.2522 over 38 frames.
LOG (gmm-acc-stats-twofeats[5.2.132~9-82686]:main():gmm-acc-stats-twofeats.cc:140) Average like for this file is -41.1247 over 37 frames.
LOG (gmm-acc-stats-twofeats[5.2.132~9-82686]:main():gmm-acc-stats-twofeats.cc:140) Average like for this file is -42.2689 over 40 frames.
LOG (gmm-acc-stats-twofeats[5.2.132~9-82686]:main():gmm-acc-stats-twofeats.cc:140) Average like for this file is -43.2065 over 33 frames.
LOG (gmm-acc-stats-twofeats[5.2.132~9-82686]:main():gmm-acc-stats-twofeats.cc:140) Average like for this file is -44.554 over 29 frames.
LOG (gmm-acc-stats-twofeats[5.2.132~9-82686]:main():gmm-acc-stats-twofeats.cc:140) Average like for this file is -47.4854 over 52 frames.
LOG (gmm-acc-stats-twofeats[5.2.132~9-82686]:main():gmm-acc-stats-twofeats.cc:140) Average like for this file is -47.5027 over 52 frames.
LOG (gmm-acc-stats-twofeats[5.2.132~9-82686]:main():gmm-acc-stats-twofeats.cc:140) Average like for this file is -44.4233 over 37 frames.
LOG (gmm-acc-stats-twofeats[5.2.132~9-82686]:main():gmm-acc-stats-twofeats.cc:146) Avg like per frame so far is -47.5851
LOG (gmm-acc-stats-twofeats[5.2.132~9-82686]:main():gmm-acc-stats-twofeats.cc:140) Average like for this file is -38.6741 over 43 frames.
LOG (gmm-acc-stats-twofeats[5.2.132~9-82686]:main():gmm-acc-stats-twofeats.cc:140) Average like for this file is -41.4922 over 50 frames.
LOG (gmm-acc-stats-twofeats[5.2.132~9-82686]:main():gmm-acc-stats-twofeats.cc:140) Average like for this file is -43.7726 over 34 frames.
LOG (gmm-acc-stats-twofeats[5.2.132~9-82686]:main():gmm-acc-stats-twofeats.cc:140) Average like for this file is -43.0262 over 38 frames.
LOG (gmm-acc-stats-twofeats[5.2.132~9-82686]:main():gmm-acc-stats-twofeats.cc:140) Average like for this file is -52.2677 over 36 frames.
LOG (gmm-acc-stats-twofeats[5.2.132~9-82686]:main():gmm-acc-stats-twofeats.cc:140) Average like for this file is -39.4263 over 42 frames.
LOG (gmm-acc-stats-twofeats[5.2.132~9-82686]:main():gmm-acc-stats-twofeats.cc:140) Average like for this file is -41.3049 over 35 frames.
LOG (gmm-acc-stats-twofeats[5.2.132~9-82686]:main():gmm-acc-stats-twofeats.cc:140) Average like for this file is -46.2161 over 23 frames.
LOG (gmm-acc-stats-twofeats[5.2.132~9-82686]:main():gmm-acc-stats-twofeats.cc:140) Average like for this file is -62.5144 over 24 frames.
LOG (gmm-acc-stats-twofeats[5.2.132~9-82686]:main():gmm-acc-stats-twofeats.cc:140) Average like for this file is -51.4406 over 19 frames.
LOG (gmm-acc-stats-twofeats[5.2.132~9-82686]:main():gmm-acc-stats-twofeats.cc:146) Avg like per frame so far is -47.5221
LOG (gmm-acc-stats-twofeats[5.2.132~9-82686]:main():gmm-acc-stats-twofeats.cc:140) Average like for this file is -53.6719 over 22 frames.
LOG (gmm-acc-stats-twofeats[5.2.132~9-82686]:main():gmm-acc-stats-twofeats.cc:140) Average like for this file is -49.8635 over 28 frames.
LOG (gmm-acc-stats-twofeats[5.2.132~9-82686]:main():gmm-acc-stats-twofeats.cc:140) Average like for this file is -47.3737 over 18 frames.
LOG (gmm-acc-stats-twofeats[5.2.132~9-82686]:main():gmm-acc-stats-twofeats.cc:140) Average like for this file is -46.4824 over 19 frames.
LOG (gmm-acc-stats-twofeats[5.2.132~9-82686]:main():gmm-acc-stats-twofeats.cc:140) Average like for this file is -45.7157 over 17 frames.
LOG (gmm-acc-stats-twofeats[5.2.132~9-82686]:main():gmm-acc-stats-twofeats.cc:140) Average like for this file is -46.4377 over 19 frames.
LOG (gmm-acc-stats-twofeats[5.2.132~9-82686]:main():gmm-acc-stats-twofeats.cc:140) Average like for this file is -50.7707 over 18 frames.
LOG (gmm-acc-stats-twofeats[5.2.132~9-82686]:main():gmm-acc-stats-twofeats.cc:140) Average like for this file is -50.908 over 21 frames.
LOG (gmm-acc-stats-twofeats[5.2.132~9-82686]:main():gmm-acc-stats-twofeats.cc:140) Average like for this file is -61.1336 over 17 frames.
LOG (gmm-acc-stats-twofeats[5.2.132~9-82686]:main():gmm-acc-stats-twofeats.cc:140) Average like for this file is -50.7418 over 18 frames.
LOG (gmm-acc-stats-twofeats[5.2.132~9-82686]:main():gmm-acc-stats-twofeats.cc:146) Avg like per frame so far is -47.5566
LOG (gmm-acc-stats-twofeats[5.2.132~9-82686]:main():gmm-acc-stats-twofeats.cc:140) Average like for this file is -58.8224 over 25 frames.
LOG (gmm-acc-stats-twofeats[5.2.132~9-82686]:main():gmm-acc-stats-twofeats.cc:140) Average like for this file is -54.9192 over 28 frames.
LOG (gmm-acc-stats-twofeats[5.2.132~9-82686]:main():gmm-acc-stats-twofeats.cc:140) Average like for this file is -56.9633 over 32 frames.
LOG (gmm-acc-stats-twofeats[5.2.132~9-82686]:main():gmm-acc-stats-twofeats.cc:140) Average like for this file is -55.4267 over 34 frames.
LOG (gmm-acc-stats-twofeats[5.2.132~9-82686]:main():gmm-acc-stats-twofeats.cc:140) Average like for this file is -50.6122 over 40 frames.
LOG (gmm-acc-stats-twofeats[5.2.132~9-82686]:main():gmm-acc-stats-twofeats.cc:140) Average like for this file is -61.5195 over 41 frames.
LOG (gmm-acc-stats-twofeats[5.2.132~9-82686]:main():gmm-acc-stats-twofeats.cc:140) Average like for this file is -49.9503 over 42 frames.
LOG (gmm-acc-stats-twofeats[5.2.132~9-82686]:main():gmm-acc-stats-twofeats.cc:140) Average like for this file is -50.245 over 48 frames.
LOG (gmm-acc-stats-twofeats[5.2.132~9-82686]:main():gmm-acc-stats-twofeats.cc:140) Average like for this file is -51.7756 over 37 frames.
LOG (gmm-acc-stats-twofeats[5.2.132~9-82686]:main():gmm-acc-stats-twofeats.cc:140) Average like for this file is -54.4082 over 40 frames.
LOG (gmm-acc-stats-twofeats[5.2.132~9-82686]:main():gmm-acc-stats-twofeats.cc:146) Avg like per frame so far is -47.7055
LOG (gmm-acc-stats-twofeats[5.2.132~9-82686]:main():gmm-acc-stats-twofeats.cc:140) Average like for this file is -49.6738 over 28 frames.
LOG (gmm-acc-stats-twofeats[5.2.132~9-82686]:main():gmm-acc-stats-twofeats.cc:140) Average like for this file is -57.0662 over 24 frames.
LOG (gmm-acc-stats-twofeats[5.2.132~9-82686]:main():gmm-acc-stats-twofeats.cc:140) Average like for this file is -51.001 over 30 frames.
LOG (gmm-acc-stats-twofeats[5.2.132~9-82686]:main():gmm-acc-stats-twofeats.cc:140) Average like for this file is -56.8825 over 24 frames.
LOG (gmm-acc-stats-twofeats[5.2.132~9-82686]:main():gmm-acc-stats-twofeats.cc:140) Average like for this file is -54.793 over 24 frames.
LOG (gmm-acc-stats-twofeats[5.2.132~9-82686]:main():gmm-acc-stats-twofeats.cc:140) Average like for this file is -53.7676 over 23 frames.
LOG (gmm-acc-stats-twofeats[5.2.132~9-82686]:main():gmm-acc-stats-twofeats.cc:140) Average like for this file is -56.0353 over 32 frames.
LOG (gmm-acc-stats-twofeats[5.2.132~9-82686]:main():gmm-acc-stats-twofeats.cc:140) Average like for this file is -48.5609 over 28 frames.
LOG (gmm-acc-stats-twofeats[5.2.132~9-82686]:main():gmm-acc-stats-twofeats.cc:140) Average like for this file is -57.1549 over 30 frames.
LOG (gmm-acc-stats-twofeats[5.2.132~9-82686]:main():gmm-acc-stats-twofeats.cc:140) Average like for this file is -45.9065 over 24 frames.
LOG (gmm-acc-stats-twofeats[5.2.132~9-82686]:main():gmm-acc-stats-twofeats.cc:146) Avg like per frame so far is -47.793
LOG (gmm-acc-stats-twofeats[5.2.132~9-82686]:main():gmm-acc-stats-twofeats.cc:140) Average like for this file is -51.4037 over 25 frames.
LOG (gmm-acc-stats-twofeats[5.2.132~9-82686]:main():gmm-acc-stats-twofeats.cc:140) Average like for this file is -44.8833 over 28 frames.
LOG (gmm-acc-stats-twofeats[5.2.132~9-82686]:main():gmm-acc-stats-twofeats.cc:140) Average like for this file is -43.442 over 24 frames.
LOG (gmm-acc-stats-twofeats[5.2.132~9-82686]:main():gmm-acc-stats-twofeats.cc:140) Average like for this file is -47.1723 over 31 frames.
LOG (gmm-acc-stats-twofeats[5.2.132~9-82686]:main():gmm-acc-stats-twofeats.cc:140) Average like for this file is -45.7723 over 27 frames.
LOG (gmm-acc-stats-twofeats[5.2.132~9-82686]:main():gmm-acc-stats-twofeats.cc:140) Average like for this file is -53.3241 over 26 frames.
LOG (gmm-acc-stats-twofeats[5.2.132~9-82686]:main():gmm-acc-stats-twofeats.cc:140) Average like for this file is -43.2896 over 39 frames.
LOG (gmm-acc-stats-twofeats[5.2.132~9-82686]:main():gmm-acc-stats-twofeats.cc:140) Average like for this file is -45.5825 over 28 frames.
LOG (gmm-acc-stats-twofeats[5.2.132~9-82686]:main():gmm-acc-stats-twofeats.cc:140) Average like for this file is -41.2485 over 31 frames.
LOG (gmm-acc-stats-twofeats[5.2.132~9-82686]:main():gmm-acc-stats-twofeats.cc:140) Average like for this file is -43.9709 over 30 frames.
LOG (gmm-acc-stats-twofeats[5.2.132~9-82686]:main():gmm-acc-stats-twofeats.cc:146) Avg like per frame so far is -47.7583
LOG (gmm-acc-stats-twofeats[5.2.132~9-82686]:main():gmm-acc-stats-twofeats.cc:140) Average like for this file is -56.0812 over 27 frames.
LOG (gmm-acc-stats-twofeats[5.2.132~9-82686]:main():gmm-acc-stats-twofeats.cc:140) Average like for this file is -48.635 over 34 frames.
LOG (gmm-acc-stats-twofeats[5.2.132~9-82686]:main():gmm-acc-stats-twofeats.cc:140) Average like for this file is -51.9261 over 33 frames.
LOG (gmm-acc-stats-twofeats[5.2.132~9-82686]:main():gmm-acc-stats-twofeats.cc:140) Average like for this file is -51.9771 over 24 frames.
LOG (gmm-acc-stats-twofeats[5.2.132~9-82686]:main():gmm-acc-stats-twofeats.cc:140) Average like for this file is -53.4901 over 36 frames.
LOG (gmm-acc-stats-twofeats[5.2.132~9-82686]:main():gmm-acc-stats-twofeats.cc:140) Average like for this file is -52.8214 over 41 frames.
LOG (gmm-acc-stats-twofeats[5.2.132~9-82686]:main():gmm-acc-stats-twofeats.cc:140) Average like for this file is -48.6302 over 38 frames.
LOG (gmm-acc-stats-twofeats[5.2.132~9-82686]:main():gmm-acc-stats-twofeats.cc:140) Average like for this file is -52.2472 over 37 frames.
LOG (gmm-acc-stats-twofeats[5.2.132~9-82686]:main():gmm-acc-stats-twofeats.cc:140) Average like for this file is -57.2977 over 36 frames.
LOG (gmm-acc-stats-twofeats[5.2.132~9-82686]:main():gmm-acc-stats-twofeats.cc:140) Average like for this file is -54.8221 over 28 frames.
LOG (gmm-acc-stats-twofeats[5.2.132~9-82686]:main():gmm-acc-stats-twofeats.cc:146) Avg like per frame so far is -47.8548
LOG (gmm-acc-stats-twofeats[5.2.132~9-82686]:main():gmm-acc-stats-twofeats.cc:140) Average like for this file is -55.0739 over 36 frames.
LOG (gmm-acc-stats-twofeats[5.2.132~9-82686]:main():gmm-acc-stats-twofeats.cc:140) Average like for this file is -55.0539 over 26 frames.
LOG (gmm-acc-stats-twofeats[5.2.132~9-82686]:main():gmm-acc-stats-twofeats.cc:140) Average like for this file is -57.2331 over 31 frames.
LOG (gmm-acc-stats-twofeats[5.2.132~9-82686]:main():gmm-acc-stats-twofeats.cc:140) Average like for this file is -50.8987 over 30 frames.
LOG (gmm-acc-stats-twofeats[5.2.132~9-82686]:main():gmm-acc-stats-twofeats.cc:140) Average like for this file is -57.3415 over 31 frames.
LOG (gmm-acc-stats-twofeats[5.2.132~9-82686]:main():gmm-acc-stats-twofeats.cc:140) Average like for this file is -46.5341 over 78 frames.
LOG (gmm-acc-stats-twofeats[5.2.132~9-82686]:main():gmm-acc-stats-twofeats.cc:140) Average like for this file is -51.2054 over 65 frames.
LOG (gmm-acc-stats-twofeats[5.2.132~9-82686]:main():gmm-acc-stats-twofeats.cc:140) Average like for this file is -48.1783 over 63 frames.
LOG (gmm-acc-stats-twofeats[5.2.132~9-82686]:main():gmm-acc-stats-twofeats.cc:140) Average like for this file is -47.3924 over 30 frames.
LOG (gmm-acc-stats-twofeats[5.2.132~9-82686]:main():gmm-acc-stats-twofeats.cc:140) Average like for this file is -49.8094 over 29 frames.
LOG (gmm-acc-stats-twofeats[5.2.132~9-82686]:main():gmm-acc-stats-twofeats.cc:146) Avg like per frame so far is -47.9291
LOG (gmm-acc-stats-twofeats[5.2.132~9-82686]:main():gmm-acc-stats-twofeats.cc:140) Average like for this file is -47.891 over 29 frames.
LOG (gmm-acc-stats-twofeats[5.2.132~9-82686]:main():gmm-acc-stats-twofeats.cc:140) Average like for this file is -47.5803 over 34 frames.
LOG (gmm-acc-stats-twofeats[5.2.132~9-82686]:main():gmm-acc-stats-twofeats.cc:140) Average like for this file is -48.167 over 21 frames.
LOG (gmm-acc-stats-twofeats[5.2.132~9-82686]:main():gmm-acc-stats-twofeats.cc:140) Average like for this file is -49.4709 over 31 frames.
LOG (gmm-acc-stats-twofeats[5.2.132~9-82686]:main():gmm-acc-stats-twofeats.cc:140) Average like for this file is -50.14 over 27 frames.
LOG (gmm-acc-stats-twofeats[5.2.132~9-82686]:main():gmm-acc-stats-twofeats.cc:140) Average like for this file is -47.1339 over 26 frames.
LOG (gmm-acc-stats-twofeats[5.2.132~9-82686]:main():gmm-acc-stats-twofeats.cc:140) Average like for this file is -48.3334 over 30 frames.
LOG (gmm-acc-stats-twofeats[5.2.132~9-82686]:main():gmm-acc-stats-twofeats.cc:140) Average like for this file is -44.0051 over 29 frames.
LOG (gmm-acc-stats-twofeats[5.2.132~9-82686]:main():gmm-acc-stats-twofeats.cc:140) Average like for this file is -47.6103 over 31 frames.
LOG (gmm-acc-stats-twofeats[5.2.132~9-82686]:main():gmm-acc-stats-twofeats.cc:140) Average like for this file is -46.5283 over 23 frames.
LOG (gmm-acc-stats-twofeats[5.2.132~9-82686]:main():gmm-acc-stats-twofeats.cc:146) Avg like per frame so far is -47.9255
LOG (gmm-acc-stats-twofeats[5.2.132~9-82686]:main():gmm-acc-stats-twofeats.cc:140) Average like for this file is -47.1819 over 46 frames.
LOG (gmm-acc-stats-twofeats[5.2.132~9-82686]:main():gmm-acc-stats-twofeats.cc:140) Average like for this file is -53.1399 over 39 frames.
LOG (gmm-acc-stats-twofeats[5.2.132~9-82686]:main():gmm-acc-stats-twofeats.cc:140) Average like for this file is -46.003 over 34 frames.
LOG (gmm-acc-stats-twofeats[5.2.132~9-82686]:main():gmm-acc-stats-twofeats.cc:140) Average like for this file is -50.0131 over 37 frames.
LOG (gmm-acc-stats-twofeats[5.2.132~9-82686]:main():gmm-acc-stats-twofeats.cc:140) Average like for this file is -44.2445 over 29 frames.
LOG (gmm-acc-stats-twofeats[5.2.132~9-82686]:main():gmm-acc-stats-twofeats.cc:140) Average like for this file is -46.2842 over 35 frames.
LOG (gmm-acc-stats-twofeats[5.2.132~9-82686]:main():gmm-acc-stats-twofeats.cc:140) Average like for this file is -50.0434 over 27 frames.
LOG (gmm-acc-stats-twofeats[5.2.132~9-82686]:main():gmm-acc-stats-twofeats.cc:140) Average like for this file is -48.2242 over 31 frames.
LOG (gmm-acc-stats-twofeats[5.2.132~9-82686]:main():gmm-acc-stats-twofeats.cc:140) Average like for this file is -52.6048 over 25 frames.
LOG (gmm-acc-stats-twofeats[5.2.132~9-82686]:main():gmm-acc-stats-twofeats.cc:140) Average like for this file is -50.9838 over 34 frames.
LOG (gmm-acc-stats-twofeats[5.2.132~9-82686]:main():gmm-acc-stats-twofeats.cc:146) Avg like per frame so far is -47.9423
LOG (gmm-acc-stats-twofeats[5.2.132~9-82686]:main():gmm-acc-stats-twofeats.cc:140) Average like for this file is -42.2727 over 57 frames.
LOG (gmm-acc-stats-twofeats[5.2.132~9-82686]:main():gmm-acc-stats-twofeats.cc:140) Average like for this file is -52.5531 over 46 frames.
LOG (gmm-acc-stats-twofeats[5.2.132~9-82686]:main():gmm-acc-stats-twofeats.cc:140) Average like for this file is -48.0539 over 18 frames.
LOG (gmm-acc-stats-twofeats[5.2.132~9-82686]:main():gmm-acc-stats-twofeats.cc:140) Average like for this file is -45.9953 over 12 frames.
LOG (gmm-acc-stats-twofeats[5.2.132~9-82686]:main():gmm-acc-stats-twofeats.cc:140) Average like for this file is -51.3495 over 22 frames.
LOG (gmm-acc-stats-twofeats[5.2.132~9-82686]:main():gmm-acc-stats-twofeats.cc:140) Average like for this file is -53.406 over 21 frames.
LOG (gmm-acc-stats-twofeats[5.2.132~9-82686]:main():gmm-acc-stats-twofeats.cc:140) Average like for this file is -53.0332 over 26 frames.
LOG (gmm-acc-stats-twofeats[5.2.132~9-82686]:main():gmm-acc-stats-twofeats.cc:140) Average like for this file is -47.1896 over 28 frames.
LOG (ali-to-post[5.2.132~9-82686]:main():ali-to-post.cc:73) Converted 590 alignments.
LOG (gmm-acc-stats-twofeats[5.2.132~9-82686]:main():gmm-acc-stats-twofeats.cc:140) Average like for this file is -53.7186 over 25 frames.
LOG (gmm-acc-stats-twofeats[5.2.132~9-82686]:main():gmm-acc-stats-twofeats.cc:140) Average like for this file is -52.6742 over 20 frames.
LOG (gmm-acc-stats-twofeats[5.2.132~9-82686]:main():gmm-acc-stats-twofeats.cc:146) Avg like per frame so far is -47.9644
LOG (gmm-acc-stats-twofeats[5.2.132~9-82686]:main():gmm-acc-stats-twofeats.cc:140) Average like for this file is -54.8688 over 30 frames.
LOG (gmm-acc-stats-twofeats[5.2.132~9-82686]:main():gmm-acc-stats-twofeats.cc:140) Average like for this file is -50.4522 over 33 frames.
LOG (gmm-acc-stats-twofeats[5.2.132~9-82686]:main():gmm-acc-stats-twofeats.cc:140) Average like for this file is -52.8999 over 19 frames.
LOG (gmm-acc-stats-twofeats[5.2.132~9-82686]:main():gmm-acc-stats-twofeats.cc:140) Average like for this file is -55.3467 over 45 frames.
LOG (gmm-acc-stats-twofeats[5.2.132~9-82686]:main():gmm-acc-stats-twofeats.cc:140) Average like for this file is -50.6701 over 44 frames.
LOG (gmm-acc-stats-twofeats[5.2.132~9-82686]:main():gmm-acc-stats-twofeats.cc:140) Average like for this file is -50.0718 over 31 frames.
LOG (gmm-acc-stats-twofeats[5.2.132~9-82686]:main():gmm-acc-stats-twofeats.cc:140) Average like for this file is -44.6138 over 29 frames.
LOG (gmm-acc-stats-twofeats[5.2.132~9-82686]:main():gmm-acc-stats-twofeats.cc:140) Average like for this file is -45.5493 over 33 frames.
LOG (gmm-acc-stats-twofeats[5.2.132~9-82686]:main():gmm-acc-stats-twofeats.cc:140) Average like for this file is -44.5808 over 31 frames.
LOG (gmm-acc-stats-twofeats[5.2.132~9-82686]:main():gmm-acc-stats-twofeats.cc:140) Average like for this file is -47.2832 over 44 frames.
LOG (gmm-acc-stats-twofeats[5.2.132~9-82686]:main():gmm-acc-stats-twofeats.cc:146) Avg like per frame so far is -47.9958
LOG (gmm-acc-stats-twofeats[5.2.132~9-82686]:main():gmm-acc-stats-twofeats.cc:140) Average like for this file is -55.1139 over 36 frames.
LOG (gmm-acc-stats-twofeats[5.2.132~9-82686]:main():gmm-acc-stats-twofeats.cc:140) Average like for this file is -45.8661 over 46 frames.
LOG (gmm-acc-stats-twofeats[5.2.132~9-82686]:main():gmm-acc-stats-twofeats.cc:140) Average like for this file is -48.5227 over 44 frames.
LOG (gmm-acc-stats-twofeats[5.2.132~9-82686]:main():gmm-acc-stats-twofeats.cc:140) Average like for this file is -58.3443 over 26 frames.
LOG (gmm-acc-stats-twofeats[5.2.132~9-82686]:main():gmm-acc-stats-twofeats.cc:140) Average like for this file is -55.7382 over 26 frames.
LOG (gmm-acc-stats-twofeats[5.2.132~9-82686]:main():gmm-acc-stats-twofeats.cc:140) Average like for this file is -44.9178 over 65 frames.
LOG (gmm-acc-stats-twofeats[5.2.132~9-82686]:main():gmm-acc-stats-twofeats.cc:140) Average like for this file is -40.0575 over 53 frames.
LOG (gmm-acc-stats-twofeats[5.2.132~9-82686]:main():gmm-acc-stats-twofeats.cc:140) Average like for this file is -39.2538 over 47 frames.
LOG (gmm-acc-stats-twofeats[5.2.132~9-82686]:main():gmm-acc-stats-twofeats.cc:140) Average like for this file is -44.4254 over 41 frames.
LOG (gmm-acc-stats-twofeats[5.2.132~9-82686]:main():gmm-acc-stats-twofeats.cc:140) Average like for this file is -45.7215 over 37 frames.
LOG (gmm-acc-stats-twofeats[5.2.132~9-82686]:main():gmm-acc-stats-twofeats.cc:146) Avg like per frame so far is -47.964
LOG (gmm-acc-stats-twofeats[5.2.132~9-82686]:main():gmm-acc-stats-twofeats.cc:140) Average like for this file is -54.1364 over 33 frames.
LOG (gmm-acc-stats-twofeats[5.2.132~9-82686]:main():gmm-acc-stats-twofeats.cc:140) Average like for this file is -48.1608 over 29 frames.
LOG (gmm-acc-stats-twofeats[5.2.132~9-82686]:main():gmm-acc-stats-twofeats.cc:140) Average like for this file is -48.1448 over 23 frames.
LOG (gmm-acc-stats-twofeats[5.2.132~9-82686]:main():gmm-acc-stats-twofeats.cc:140) Average like for this file is -52.1579 over 28 frames.
LOG (gmm-acc-stats-twofeats[5.2.132~9-82686]:main():gmm-acc-stats-twofeats.cc:140) Average like for this file is -56.1574 over 32 frames.
LOG (gmm-acc-stats-twofeats[5.2.132~9-82686]:main():gmm-acc-stats-twofeats.cc:140) Average like for this file is -52.0695 over 29 frames.
LOG (gmm-acc-stats-twofeats[5.2.132~9-82686]:main():gmm-acc-stats-twofeats.cc:140) Average like for this file is -50.2156 over 28 frames.
LOG (gmm-acc-stats-twofeats[5.2.132~9-82686]:main():gmm-acc-stats-twofeats.cc:140) Average like for this file is -46.992 over 43 frames.
LOG (gmm-acc-stats-twofeats[5.2.132~9-82686]:main():gmm-acc-stats-twofeats.cc:140) Average like for this file is -43.1687 over 28 frames.
LOG (gmm-acc-stats-twofeats[5.2.132~9-82686]:main():gmm-acc-stats-twofeats.cc:140) Average like for this file is -49.1842 over 32 frames.
LOG (gmm-acc-stats-twofeats[5.2.132~9-82686]:main():gmm-acc-stats-twofeats.cc:146) Avg like per frame so far is -47.9968
LOG (gmm-acc-stats-twofeats[5.2.132~9-82686]:main():gmm-acc-stats-twofeats.cc:140) Average like for this file is -48.8132 over 26 frames.
LOG (gmm-acc-stats-twofeats[5.2.132~9-82686]:main():gmm-acc-stats-twofeats.cc:140) Average like for this file is -45.4547 over 40 frames.
LOG (gmm-acc-stats-twofeats[5.2.132~9-82686]:main():gmm-acc-stats-twofeats.cc:140) Average like for this file is -47.7329 over 50 frames.
LOG (gmm-acc-stats-twofeats[5.2.132~9-82686]:main():gmm-acc-stats-twofeats.cc:140) Average like for this file is -41.7942 over 50 frames.
LOG (gmm-acc-stats-twofeats[5.2.132~9-82686]:main():gmm-acc-stats-twofeats.cc:140) Average like for this file is -45.2782 over 33 frames.
LOG (gmm-acc-stats-twofeats[5.2.132~9-82686]:main():gmm-acc-stats-twofeats.cc:140) Average like for this file is -52.5193 over 23 frames.
LOG (gmm-acc-stats-twofeats[5.2.132~9-82686]:main():gmm-acc-stats-twofeats.cc:140) Average like for this file is -48.2867 over 32 frames.
LOG (gmm-acc-stats-twofeats[5.2.132~9-82686]:main():gmm-acc-stats-twofeats.cc:140) Average like for this file is -47.6091 over 37 frames.
LOG (gmm-acc-stats-twofeats[5.2.132~9-82686]:main():gmm-acc-stats-twofeats.cc:140) Average like for this file is -43.5522 over 40 frames.
LOG (gmm-acc-stats-twofeats[5.2.132~9-82686]:main():gmm-acc-stats-twofeats.cc:140) Average like for this file is -50.028 over 36 frames.
LOG (gmm-acc-stats-twofeats[5.2.132~9-82686]:main():gmm-acc-stats-twofeats.cc:146) Avg like per frame so far is -47.9716
LOG (gmm-acc-stats-twofeats[5.2.132~9-82686]:main():gmm-acc-stats-twofeats.cc:140) Average like for this file is -46.6724 over 47 frames.
LOG (gmm-acc-stats-twofeats[5.2.132~9-82686]:main():gmm-acc-stats-twofeats.cc:140) Average like for this file is -46.2078 over 42 frames.
LOG (gmm-acc-stats-twofeats[5.2.132~9-82686]:main():gmm-acc-stats-twofeats.cc:140) Average like for this file is -46.1805 over 44 frames.
LOG (gmm-acc-stats-twofeats[5.2.132~9-82686]:main():gmm-acc-stats-twofeats.cc:140) Average like for this file is -50.7375 over 22 frames.
LOG (gmm-acc-stats-twofeats[5.2.132~9-82686]:main():gmm-acc-stats-twofeats.cc:140) Average like for this file is -52.7841 over 21 frames.
LOG (gmm-acc-stats-twofeats[5.2.132~9-82686]:main():gmm-acc-stats-twofeats.cc:140) Average like for this file is -50.8233 over 44 frames.
LOG (gmm-acc-stats-twofeats[5.2.132~9-82686]:main():gmm-acc-stats-twofeats.cc:140) Average like for this file is -49.9424 over 36 frames.
LOG (gmm-acc-stats-twofeats[5.2.132~9-82686]:main():gmm-acc-stats-twofeats.cc:140) Average like for this file is -45.8137 over 39 frames.
LOG (gmm-acc-stats-twofeats[5.2.132~9-82686]:main():gmm-acc-stats-twofeats.cc:140) Average like for this file is -51.639 over 35 frames.
LOG (gmm-acc-stats-twofeats[5.2.132~9-82686]:main():gmm-acc-stats-twofeats.cc:140) Average like for this file is -44.7291 over 30 frames.
LOG (gmm-acc-stats-twofeats[5.2.132~9-82686]:main():gmm-acc-stats-twofeats.cc:146) Avg like per frame so far is -47.9761
LOG (gmm-acc-stats-twofeats[5.2.132~9-82686]:main():gmm-acc-stats-twofeats.cc:140) Average like for this file is -44.2835 over 38 frames.
LOG (gmm-acc-stats-twofeats[5.2.132~9-82686]:main():gmm-acc-stats-twofeats.cc:140) Average like for this file is -49.3361 over 18 frames.
LOG (gmm-acc-stats-twofeats[5.2.132~9-82686]:main():gmm-acc-stats-twofeats.cc:140) Average like for this file is -50.5419 over 23 frames.
LOG (gmm-acc-stats-twofeats[5.2.132~9-82686]:main():gmm-acc-stats-twofeats.cc:140) Average like for this file is -36.0544 over 52 frames.
LOG (gmm-acc-stats-twofeats[5.2.132~9-82686]:main():gmm-acc-stats-twofeats.cc:140) Average like for this file is -60.2005 over 28 frames.
LOG (gmm-acc-stats-twofeats[5.2.132~9-82686]:main():gmm-acc-stats-twofeats.cc:140) Average like for this file is -50.2437 over 20 frames.
LOG (gmm-acc-stats-twofeats[5.2.132~9-82686]:main():gmm-acc-stats-twofeats.cc:140) Average like for this file is -47.2956 over 38 frames.
LOG (gmm-acc-stats-twofeats[5.2.132~9-82686]:main():gmm-acc-stats-twofeats.cc:140) Average like for this file is -46.9536 over 24 frames.
LOG (gmm-acc-stats-twofeats[5.2.132~9-82686]:main():gmm-acc-stats-twofeats.cc:140) Average like for this file is -55.2335 over 23 frames.
LOG (gmm-acc-stats-twofeats[5.2.132~9-82686]:main():gmm-acc-stats-twofeats.cc:140) Average like for this file is -44.0161 over 29 frames.
LOG (gmm-acc-stats-twofeats[5.2.132~9-82686]:main():gmm-acc-stats-twofeats.cc:146) Avg like per frame so far is -47.9621
LOG (gmm-acc-stats-twofeats[5.2.132~9-82686]:main():gmm-acc-stats-twofeats.cc:140) Average like for this file is -52.9178 over 21 frames.
LOG (gmm-acc-stats-twofeats[5.2.132~9-82686]:main():gmm-acc-stats-twofeats.cc:140) Average like for this file is -44.9424 over 21 frames.
LOG (gmm-acc-stats-twofeats[5.2.132~9-82686]:main():gmm-acc-stats-twofeats.cc:140) Average like for this file is -45.8586 over 25 frames.
LOG (gmm-acc-stats-twofeats[5.2.132~9-82686]:main():gmm-acc-stats-twofeats.cc:140) Average like for this file is -51.346 over 19 frames.
LOG (gmm-acc-stats-twofeats[5.2.132~9-82686]:main():gmm-acc-stats-twofeats.cc:140) Average like for this file is -55.6073 over 19 frames.
LOG (gmm-acc-stats-twofeats[5.2.132~9-82686]:main():gmm-acc-stats-twofeats.cc:140) Average like for this file is -48.8435 over 44 frames.
LOG (gmm-acc-stats-twofeats[5.2.132~9-82686]:main():gmm-acc-stats-twofeats.cc:140) Average like for this file is -51.311 over 43 frames.
LOG (gmm-acc-stats-twofeats[5.2.132~9-82686]:main():gmm-acc-stats-twofeats.cc:140) Average like for this file is -48.0318 over 48 frames.
LOG (gmm-acc-stats-twofeats[5.2.132~9-82686]:main():gmm-acc-stats-twofeats.cc:140) Average like for this file is -51.5673 over 37 frames.
LOG (gmm-acc-stats-twofeats[5.2.132~9-82686]:main():gmm-acc-stats-twofeats.cc:140) Average like for this file is -48.6958 over 46 frames.
LOG (gmm-acc-stats-twofeats[5.2.132~9-82686]:main():gmm-acc-stats-twofeats.cc:146) Avg like per frame so far is -47.9886
LOG (gmm-acc-stats-twofeats[5.2.132~9-82686]:main():gmm-acc-stats-twofeats.cc:140) Average like for this file is -50.8578 over 46 frames.
LOG (apply-cmvn[5.2.132~9-82686]:main():apply-cmvn.cc:162) Applied cepstral mean normalization to 590 utterances, errors on 0
LOG (gmm-acc-stats-twofeats[5.2.132~9-82686]:main():gmm-acc-stats-twofeats.cc:140) Average like for this file is -53.082 over 44 frames.
LOG (gmm-acc-stats-twofeats[5.2.132~9-82686]:main():gmm-acc-stats-twofeats.cc:140) Average like for this file is -56.8194 over 36 frames.
LOG (gmm-acc-stats-twofeats[5.2.132~9-82686]:main():gmm-acc-stats-twofeats.cc:140) Average like for this file is -53.6615 over 32 frames.
LOG (apply-cmvn[5.2.132~9-82686]:main():apply-cmvn.cc:162) Applied cepstral mean normalization to 590 utterances, errors on 0
LOG (gmm-acc-stats-twofeats[5.2.132~9-82686]:main():gmm-acc-stats-twofeats.cc:140) Average like for this file is -45.3133 over 63 frames.
LOG (gmm-acc-stats-twofeats[5.2.132~9-82686]:main():gmm-acc-stats-twofeats.cc:140) Average like for this file is -60.5916 over 24 frames.
LOG (gmm-acc-stats-twofeats[5.2.132~9-82686]:main():gmm-acc-stats-twofeats.cc:140) Average like for this file is -53.4483 over 28 frames.
LOG (gmm-acc-stats-twofeats[5.2.132~9-82686]:main():gmm-acc-stats-twofeats.cc:140) Average like for this file is -52.7186 over 32 frames.
LOG (gmm-acc-stats-twofeats[5.2.132~9-82686]:main():gmm-acc-stats-twofeats.cc:140) Average like for this file is -50.5535 over 39 frames.
LOG (gmm-acc-stats-twofeats[5.2.132~9-82686]:main():gmm-acc-stats-twofeats.cc:140) Average like for this file is -49.4252 over 36 frames.
LOG (gmm-acc-stats-twofeats[5.2.132~9-82686]:main():gmm-acc-stats-twofeats.cc:146) Avg like per frame so far is -48.0568
LOG (gmm-acc-stats-twofeats[5.2.132~9-82686]:main():gmm-acc-stats-twofeats.cc:140) Average like for this file is -52.0767 over 39 frames.
LOG (gmm-acc-stats-twofeats[5.2.132~9-82686]:main():gmm-acc-stats-twofeats.cc:140) Average like for this file is -57.4518 over 22 frames.
LOG (gmm-acc-stats-twofeats[5.2.132~9-82686]:main():gmm-acc-stats-twofeats.cc:140) Average like for this file is -50.1834 over 37 frames.
LOG (gmm-acc-stats-twofeats[5.2.132~9-82686]:main():gmm-acc-stats-twofeats.cc:140) Average like for this file is -53.6675 over 32 frames.
LOG (gmm-acc-stats-twofeats[5.2.132~9-82686]:main():gmm-acc-stats-twofeats.cc:140) Average like for this file is -51.3728 over 39 frames.
LOG (gmm-acc-stats-twofeats[5.2.132~9-82686]:main():gmm-acc-stats-twofeats.cc:140) Average like for this file is -50.1844 over 35 frames.
LOG (gmm-acc-stats-twofeats[5.2.132~9-82686]:main():gmm-acc-stats-twofeats.cc:140) Average like for this file is -52.6198 over 36 frames.
LOG (gmm-acc-stats-twofeats[5.2.132~9-82686]:main():gmm-acc-stats-twofeats.cc:140) Average like for this file is -55.7906 over 34 frames.
LOG (gmm-acc-stats-twofeats[5.2.132~9-82686]:main():gmm-acc-stats-twofeats.cc:140) Average like for this file is -52.1557 over 35 frames.
LOG (gmm-acc-stats-twofeats[5.2.132~9-82686]:main():gmm-acc-stats-twofeats.cc:140) Average like for this file is -52.91 over 26 frames.
LOG (gmm-acc-stats-twofeats[5.2.132~9-82686]:main():gmm-acc-stats-twofeats.cc:146) Avg like per frame so far is -48.1276
LOG (gmm-acc-stats-twofeats[5.2.132~9-82686]:main():gmm-acc-stats-twofeats.cc:140) Average like for this file is -52.1525 over 22 frames.
LOG (gmm-acc-stats-twofeats[5.2.132~9-82686]:main():gmm-acc-stats-twofeats.cc:140) Average like for this file is -46.2 over 31 frames.
LOG (gmm-acc-stats-twofeats[5.2.132~9-82686]:main():gmm-acc-stats-twofeats.cc:140) Average like for this file is -51.9274 over 30 frames.
LOG (gmm-acc-stats-twofeats[5.2.132~9-82686]:main():gmm-acc-stats-twofeats.cc:140) Average like for this file is -57.4308 over 20 frames.
LOG (gmm-acc-stats-twofeats[5.2.132~9-82686]:main():gmm-acc-stats-twofeats.cc:140) Average like for this file is -45.3349 over 25 frames.
LOG (gmm-acc-stats-twofeats[5.2.132~9-82686]:main():gmm-acc-stats-twofeats.cc:140) Average like for this file is -49.8441 over 23 frames.
LOG (gmm-acc-stats-twofeats[5.2.132~9-82686]:main():gmm-acc-stats-twofeats.cc:140) Average like for this file is -49.442 over 26 frames.
LOG (gmm-acc-stats-twofeats[5.2.132~9-82686]:main():gmm-acc-stats-twofeats.cc:140) Average like for this file is -48.7139 over 24 frames.
LOG (gmm-acc-stats-twofeats[5.2.132~9-82686]:main():gmm-acc-stats-twofeats.cc:140) Average like for this file is -56.4108 over 26 frames.
LOG (gmm-acc-stats-twofeats[5.2.132~9-82686]:main():gmm-acc-stats-twofeats.cc:140) Average like for this file is -48.7601 over 24 frames.
LOG (gmm-acc-stats-twofeats[5.2.132~9-82686]:main():gmm-acc-stats-twofeats.cc:146) Avg like per frame so far is -48.1541
LOG (gmm-acc-stats-twofeats[5.2.132~9-82686]:main():gmm-acc-stats-twofeats.cc:140) Average like for this file is -46.3827 over 22 frames.
LOG (gmm-acc-stats-twofeats[5.2.132~9-82686]:main():gmm-acc-stats-twofeats.cc:140) Average like for this file is -41.7242 over 27 frames.
LOG (gmm-acc-stats-twofeats[5.2.132~9-82686]:main():gmm-acc-stats-twofeats.cc:140) Average like for this file is -35.2907 over 40 frames.
LOG (gmm-acc-stats-twofeats[5.2.132~9-82686]:main():gmm-acc-stats-twofeats.cc:140) Average like for this file is -52.3343 over 37 frames.
LOG (gmm-acc-stats-twofeats[5.2.132~9-82686]:main():gmm-acc-stats-twofeats.cc:140) Average like for this file is -42.9779 over 42 frames.
LOG (gmm-acc-stats-twofeats[5.2.132~9-82686]:main():gmm-acc-stats-twofeats.cc:140) Average like for this file is -41.4957 over 45 frames.
LOG (gmm-acc-stats-twofeats[5.2.132~9-82686]:main():gmm-acc-stats-twofeats.cc:140) Average like for this file is -37.3243 over 33 frames.
LOG (gmm-acc-stats-twofeats[5.2.132~9-82686]:main():gmm-acc-stats-twofeats.cc:140) Average like for this file is -36.3005 over 26 frames.
LOG (gmm-acc-stats-twofeats[5.2.132~9-82686]:main():gmm-acc-stats-twofeats.cc:140) Average like for this file is -41.0905 over 30 frames.
LOG (gmm-acc-stats-twofeats[5.2.132~9-82686]:main():gmm-acc-stats-twofeats.cc:140) Average like for this file is -51.2393 over 22 frames.
LOG (gmm-acc-stats-twofeats[5.2.132~9-82686]:main():gmm-acc-stats-twofeats.cc:146) Avg like per frame so far is -48.0681
LOG (gmm-acc-stats-twofeats[5.2.132~9-82686]:main():gmm-acc-stats-twofeats.cc:140) Average like for this file is -42.6743 over 32 frames.
LOG (gmm-acc-stats-twofeats[5.2.132~9-82686]:main():gmm-acc-stats-twofeats.cc:140) Average like for this file is -50.8231 over 30 frames.
LOG (gmm-acc-stats-twofeats[5.2.132~9-82686]:main():gmm-acc-stats-twofeats.cc:140) Average like for this file is -45.9957 over 33 frames.
LOG (gmm-acc-stats-twofeats[5.2.132~9-82686]:main():gmm-acc-stats-twofeats.cc:140) Average like for this file is -44.7389 over 50 frames.
LOG (transform-feats[5.2.132~9-82686]:main():transform-feats.cc:158) Overall average [pseudo-]logdet is 37.9074 over 22731 frames.
LOG (transform-feats[5.2.132~9-82686]:main():transform-feats.cc:161) Applied transform to 590 utterances; 0 had errors.
LOG (gmm-acc-stats-twofeats[5.2.132~9-82686]:main():gmm-acc-stats-twofeats.cc:140) Average like for this file is -47.6926 over 35 frames.
LOG (gmm-acc-stats-twofeats[5.2.132~9-82686]:main():gmm-acc-stats-twofeats.cc:140) Average like for this file is -43.5079 over 29 frames.
LOG (gmm-acc-stats-twofeats[5.2.132~9-82686]:main():gmm-acc-stats-twofeats.cc:140) Average like for this file is -55.2064 over 30 frames.
LOG (gmm-acc-stats-twofeats[5.2.132~9-82686]:main():gmm-acc-stats-twofeats.cc:140) Average like for this file is -48.3739 over 37 frames.
LOG (gmm-acc-stats-twofeats[5.2.132~9-82686]:main():gmm-acc-stats-twofeats.cc:140) Average like for this file is -39.8432 over 37 frames.
LOG (gmm-acc-stats-twofeats[5.2.132~9-82686]:main():gmm-acc-stats-twofeats.cc:140) Average like for this file is -42.1485 over 28 frames.
LOG (gmm-acc-stats-twofeats[5.2.132~9-82686]:main():gmm-acc-stats-twofeats.cc:146) Avg like per frame so far is -48.0363
LOG (transform-feats[5.2.132~9-82686]:main():transform-feats.cc:158) Overall average logdet is 3.82192 over 22731 frames.
LOG (transform-feats[5.2.132~9-82686]:main():transform-feats.cc:161) Applied transform to 590 utterances; 0 had errors.
LOG (transform-feats[5.2.132~9-82686]:main():transform-feats.cc:158) Overall average [pseudo-]logdet is 37.9074 over 22731 frames.
LOG (transform-feats[5.2.132~9-82686]:main():transform-feats.cc:161) Applied transform to 590 utterances; 0 had errors.
LOG (gmm-acc-stats-twofeats[5.2.132~9-82686]:main():gmm-acc-stats-twofeats.cc:140) Average like for this file is -43.4605 over 25 frames.
LOG (gmm-acc-stats-twofeats[5.2.132~9-82686]:main():gmm-acc-stats-twofeats.cc:140) Average like for this file is -45.4981 over 29 frames.
LOG (gmm-acc-stats-twofeats[5.2.132~9-82686]:main():gmm-acc-stats-twofeats.cc:140) Average like for this file is -50.5104 over 29 frames.
LOG (gmm-acc-stats-twofeats[5.2.132~9-82686]:main():gmm-acc-stats-twofeats.cc:140) Average like for this file is -46.54 over 38 frames.
LOG (gmm-acc-stats-twofeats[5.2.132~9-82686]:main():gmm-acc-stats-twofeats.cc:140) Average like for this file is -48.9433 over 29 frames.
LOG (gmm-acc-stats-twofeats[5.2.132~9-82686]:main():gmm-acc-stats-twofeats.cc:140) Average like for this file is -47.9743 over 33 frames.
LOG (gmm-acc-stats-twofeats[5.2.132~9-82686]:main():gmm-acc-stats-twofeats.cc:140) Average like for this file is -40.6538 over 26 frames.
LOG (gmm-acc-stats-twofeats[5.2.132~9-82686]:main():gmm-acc-stats-twofeats.cc:140) Average like for this file is -48.6613 over 27 frames.
LOG (gmm-acc-stats-twofeats[5.2.132~9-82686]:main():gmm-acc-stats-twofeats.cc:140) Average like for this file is -54.9218 over 29 frames.
LOG (gmm-acc-stats-twofeats[5.2.132~9-82686]:main():gmm-acc-stats-twofeats.cc:140) Average like for this file is -43.9359 over 37 frames.
LOG (gmm-acc-stats-twofeats[5.2.132~9-82686]:main():gmm-acc-stats-twofeats.cc:146) Avg like per frame so far is -48.0241
LOG (gmm-acc-stats-twofeats[5.2.132~9-82686]:main():gmm-acc-stats-twofeats.cc:150) Done 590 files, 0 with no posteriors, 0 with no second features, 0 with other errors.
LOG (gmm-acc-stats-twofeats[5.2.132~9-82686]:main():gmm-acc-stats-twofeats.cc:155) Overall avg like per frame (Gaussian only) = -48.0241 over 22731 frames.
LOG (gmm-acc-stats-twofeats[5.2.132~9-82686]:main():gmm-acc-stats-twofeats.cc:163) Written accs.
# Accounting: time=1 threads=1
# Ended (code 0) at Thu Nov  9 17:27:54 NZDT 2017, elapsed time 1 seconds
