# ali-to-post "ark:gunzip -c exp/tri3b/ali.4.gz|" ark:- | weight-silence-post 0.0 1:2:3:4:5:6:7:8:9:10 exp/tri3b/6.mdl ark:- ark:- | gmm-est-fmllr --fmllr-update-type=full --spk2utt=ark:data/train/split4/4/spk2utt exp/tri3b/6.mdl "ark,s,cs:apply-cmvn  --utt2spk=ark:data/train/split4/4/utt2spk scp:data/train/split4/4/cmvn.scp scp:data/train/split4/4/feats.scp ark:- | splice-feats --left-context=3 --right-context=3 ark:- ark:- | transform-feats exp/tri2b_ali/final.mat ark:- ark:- | transform-feats --utt2spk=ark:data/train/split4/4/utt2spk ark:exp/tri3b/trans.4 ark:- ark:- |" ark:- ark:exp/tri3b/tmp_trans.4 
# Started at Thu Nov  9 17:27:11 NZDT 2017
#
ali-to-post 'ark:gunzip -c exp/tri3b/ali.4.gz|' ark:- 
weight-silence-post 0.0 1:2:3:4:5:6:7:8:9:10 exp/tri3b/6.mdl ark:- ark:- 
gmm-est-fmllr --fmllr-update-type=full --spk2utt=ark:data/train/split4/4/spk2utt exp/tri3b/6.mdl 'ark,s,cs:apply-cmvn  --utt2spk=ark:data/train/split4/4/utt2spk scp:data/train/split4/4/cmvn.scp scp:data/train/split4/4/feats.scp ark:- | splice-feats --left-context=3 --right-context=3 ark:- ark:- | transform-feats exp/tri2b_ali/final.mat ark:- ark:- | transform-feats --utt2spk=ark:data/train/split4/4/utt2spk ark:exp/tri3b/trans.4 ark:- ark:- |' ark:- ark:exp/tri3b/tmp_trans.4 
transform-feats exp/tri2b_ali/final.mat ark:- ark:- 
apply-cmvn --utt2spk=ark:data/train/split4/4/utt2spk scp:data/train/split4/4/cmvn.scp scp:data/train/split4/4/feats.scp ark:- 
transform-feats --utt2spk=ark:data/train/split4/4/utt2spk ark:exp/tri3b/trans.4 ark:- ark:- 
splice-feats --left-context=3 --right-context=3 ark:- ark:- 
LOG (gmm-est-fmllr[5.2.132~9-82686]:ComputeFmllrMatrixDiagGmmFull():fmllr-diag-gmm.cc:262) fMLLR objf improvement is 0.0978695 per frame over 6566 frames.
LOG (gmm-est-fmllr[5.2.132~9-82686]:main():gmm-est-fmllr.cc:143) For speaker m005, auxf-impr from fMLLR is 0.0978695, over 6566 frames.
LOG (gmm-est-fmllr[5.2.132~9-82686]:ComputeFmllrMatrixDiagGmmFull():fmllr-diag-gmm.cc:262) fMLLR objf improvement is 0.161602 per frame over 3033 frames.
LOG (gmm-est-fmllr[5.2.132~9-82686]:main():gmm-est-fmllr.cc:143) For speaker m006, auxf-impr from fMLLR is 0.161602, over 3033 frames.
LOG (gmm-est-fmllr[5.2.132~9-82686]:ComputeFmllrMatrixDiagGmmFull():fmllr-diag-gmm.cc:262) fMLLR objf improvement is 0.138082 per frame over 3690 frames.
LOG (gmm-est-fmllr[5.2.132~9-82686]:main():gmm-est-fmllr.cc:143) For speaker m007, auxf-impr from fMLLR is 0.138082, over 3690 frames.
LOG (gmm-est-fmllr[5.2.132~9-82686]:ComputeFmllrMatrixDiagGmmFull():fmllr-diag-gmm.cc:262) fMLLR objf improvement is 0.194184 per frame over 2383 frames.
LOG (gmm-est-fmllr[5.2.132~9-82686]:main():gmm-est-fmllr.cc:143) For speaker m008, auxf-impr from fMLLR is 0.194184, over 2383 frames.
LOG (ali-to-post[5.2.132~9-82686]:main():ali-to-post.cc:73) Converted 689 alignments.
LOG (gmm-est-fmllr[5.2.132~9-82686]:ComputeFmllrMatrixDiagGmmFull():fmllr-diag-gmm.cc:262) fMLLR objf improvement is 0.119886 per frame over 4785 frames.
LOG (gmm-est-fmllr[5.2.132~9-82686]:main():gmm-est-fmllr.cc:143) For speaker m009, auxf-impr from fMLLR is 0.119886, over 4785 frames.
LOG (weight-silence-post[5.2.132~9-82686]:main():weight-silence-post.cc:95) Done 689 posteriors.
LOG (apply-cmvn[5.2.132~9-82686]:main():apply-cmvn.cc:162) Applied cepstral mean normalization to 689 utterances, errors on 0
LOG (transform-feats[5.2.132~9-82686]:main():transform-feats.cc:158) Overall average [pseudo-]logdet is 37.9074 over 26003 frames.
LOG (transform-feats[5.2.132~9-82686]:main():transform-feats.cc:161) Applied transform to 689 utterances; 0 had errors.
LOG (transform-feats[5.2.132~9-82686]:main():transform-feats.cc:158) Overall average logdet is 1.08652 over 26003 frames.
LOG (transform-feats[5.2.132~9-82686]:main():transform-feats.cc:161) Applied transform to 689 utterances; 0 had errors.
LOG (gmm-est-fmllr[5.2.132~9-82686]:ComputeFmllrMatrixDiagGmmFull():fmllr-diag-gmm.cc:262) fMLLR objf improvement is 0.138969 per frame over 3878 frames.
LOG (gmm-est-fmllr[5.2.132~9-82686]:main():gmm-est-fmllr.cc:143) For speaker m010, auxf-impr from fMLLR is 0.138969, over 3878 frames.
LOG (gmm-est-fmllr[5.2.132~9-82686]:main():gmm-est-fmllr.cc:188) Done 689 files, 0 with no posts, 0 with other errors.
LOG (gmm-est-fmllr[5.2.132~9-82686]:main():gmm-est-fmllr.cc:190) Overall fMLLR auxf impr per frame is 0.132221 over 24335 frames.
# Accounting: time=3 threads=1
# Ended (code 0) at Thu Nov  9 17:27:14 NZDT 2017, elapsed time 3 seconds
